1511890429323,INFO,TREATMENT_2,000000000000000000000000000000000000000000000000000000000000,N/A,N/A
1511890503474,INFO,AGENT_EVENT,000000000000000010000000000010000000000000000010000000000000,0.007380882300000002,1465.5626786260173
1511890504320,INFO,AGENT_EVENT,001000000000000000000000010000000100000000000000000000000001,0.05987208187500004,1818.0410598373546
1511890506071,INFO,AGENT_EVENT,000000100010100000000000010001000100110000000011100000010100,0.14841167746356276,4713.841306817422
1511890507523,INFO,AGENT_EVENT,000000001000000000000001000100001000001000100000000001000011,0.11273358743813366,5009.7788685324385
1511890508628,INFO,AGENT_EVENT,000010000000000000000000000000010010000000110000011000000100,0.06595280656776148,3184.345927509911
1511890509496,INFO,AGENT_EVENT,000000000000000000010000000000000000000000000000001000000000,0.014720736874999973,836.4313746887732
1511890510830,INFO,AGENT_EVENT,000000000001000000100001000000100100000000000000010001000000,0.11368584983115415,3413.255689770591
1511890512135,INFO,AGENT_EVENT,000000000001001010000000101000000000000000000000001000100000,0.088793805,4399.5337202574565
1511890514473,INFO,AGENT_EVENT,000000100010100000000000010001000000100100000100100000111110,0.1373470559088028,5446.554143954945
1511890515541,INFO,AGENT_EVENT,000000000000010000000000000000000000000000000000000001000011,0.07508880067134949,1951.1028124305126
1511890516494,INFO,AGENT_EVENT,010000000000000000000000000000010000010000000001100000000000,0.09438202812500007,1207.6180684685478
1511890517270,INFO,CLICK_EVENT,000000001000000000000001000100001000001000100000000001000011,0.11273358743813366,5009.7788685324385
1511890517270,INFO,AGENT_EVENT,000000000000000100000000000000000000001000000000000000000000,0.004326852583087959,1534.8352520891692
1511890518522,INFO,AGENT_EVENT,000000000010001000100001000000000000000000000000011010000000,0.11036353674964317,3881.2809604495624
1511890519809,INFO,AGENT_EVENT,010000100010100000000000000000000000000000000000011010000000,0.08683366976706475,3481.743506578533
1511890520862,INFO,CLICK_EVENT,000000000000000000000000000000000000000000000000000000000000,0,0
1511890521242,INFO,AGENT_EVENT,000001000010001000100001000000000000000000000000010001000000,0.12506720977879748,3858.6600628914994
1511890521366,INFO,CLICK_EVENT,000000001000000000000001000100001000001000100000000001000011,0.11273358743813366,5009.7788685324385
1511890522062,INFO,CLICK_EVENT,000000001000000000000001000100001000001000100000000001000011,0.11273358743813366,5009.7788685324385
1511890522129,INFO,AGENT_EVENT,000000000000000000000000100000000000000000000000010001000000,0.038685540139908436,1558.1750404874697
1511890522758,INFO,CLICK_EVENT,000000001000000000000001000100001000001000100000000001000011,0.11273358743813366,5009.7788685324385
1511890523230,INFO,AGENT_EVENT,000000100000000000000010000001000000000000000001000000000000,0.1090211603896073,2058.8180424645957
1511890525193,INFO,AGENT_EVENT,000000010001001000000010010001000100110000000011100000010100,0.14447375686807407,5096.425756982236
1511890526371,INFO,AGENT_EVENT,000000100010100000000000010101000000000000000000001000000000,0.05535868976765734,3544.126393876068
1511890527378,INFO,AGENT_EVENT,000000000000000000000000100000000000000000010000010001000000,0.038685540139908436,1722.4633870558027
1511890528197,INFO,AGENT_EVENT,000000000000000000000000000000000100000010010000000000000000,0.014985427699999998,1119.302622288262
1511890530026,INFO,AGENT_EVENT,000000001000000000000001000100001001101000000010011001101000,0.11206313254120026,7883.873739905583
1511890531316,INFO,AGENT_EVENT,000000000010001000100001000000000000000000001000010001000000,0.1114792320027993,3524.7999243923605
1511890531751,INFO,CLICK_EVENT,010000000000000000000000000000010000010000000001100000000000,0.09438202812500007,1207.6180684685478
1511890532217,INFO,AGENT_EVENT,000000000000000000000000100100000100000000000000010001000000,0.038685540139908436,2715.3312461425476
1511890533149,INFO,AGENT_EVENT,001000000000000000000000000001010100000000000010000000000000,0.018636709581778765,2276.8653716763383
1511890534418,INFO,AGENT_EVENT,000000010000000000000001000001000000010000000001100000000000,0.10978515783947407,2278.340722860108
1511890535709,INFO,AGENT_EVENT,000000000000000000000010000001000000000000000000000000000011,0.1316401465894741,1733.7151626495936
1511890536911,INFO,AGENT_EVENT,100000000010001000100001000000000000000000000000000001000000,0.11594175759496983,2782.900927741278
1511890537695,INFO,CLICK_EVENT,000000100010100000000000010001000100110000000011100000010100,0.14841167746356276,4713.841306817422
1511890539193,INFO,AGENT_EVENT,000000011001001000000010010001000100110000000011100000010100,0.1212397422543392,5938.484827743665
1511890540023,INFO,CLICK_EVENT,000000001000000000000001000100001001101000000010011001101000,0.11206313254120026,7883.873739905583
1511890540199,INFO,AGENT_EVENT,000000100010000000000000000000000010000000000000010000000000,0.06067877081250006,1117.7992202515984
1511890541421,INFO,AGENT_EVENT,000000000000010000010001000000010001101000000010000000000000,0.09955481787507103,2750.1619928591153
1511890542698,INFO,AGENT_EVENT,000000000000010000010001000000010011000000000000010000000000,0.10479667999999998,1486.0430218430774
1511890544519,INFO,CLICK_EVENT,000000001000000000000001000100001000001000100000000001000011,0.11273358743813366,5009.7788685324385
1511890546063,INFO,AGENT_EVENT,000000100110001010100001000001000000000001100000001100000000,0.12960360565640527,8972.406370984861
1511890547804,INFO,AGENT_EVENT,000000010001001000010000101000010010000000000001110000000000,0.13794586129999997,3910.648528967935
1511890549522,INFO,AGENT_EVENT,100000100000010110010000000001000001000000001000100000001000,0.14174446285047848,5940.685557652283
1511890551353,INFO,AGENT_EVENT,000000000000000000110001000100001000001000100000000001010011,0.12682139498593192,4820.876977204042
1511890552714,INFO,AGENT_EVENT,100000000110001000100001000000000000000000000000000001000000,0.1361216981152924,3383.1398160813233
1511890553225,INFO,CLICK_EVENT,000000001000000000000001000100001001101000000010011001101000,0.11206313254120026,7883.873739905583
1511890553664,INFO,AGENT_EVENT,000001000000000000000000000000000000000000000000010000000000,0.07238527434334685,1267.9988236549316
1511890555611,INFO,AGENT_EVENT,100000100000010110010000000001000001000000001000100001001000,0.12995906835735604,6654.7825349473005
1511890556714,INFO,AGENT_EVENT,000000000001000000100000000100100100000000010000000000000000,0.08374681241250004,2684.998832800369
1511890557440,INFO,CLICK_EVENT,000000100010100000000000010001000100110000000011100000010100,0.14841167746356276,4713.841306817422
1511890557887,INFO,AGENT_EVENT,000000000000000000000010000001000000000000000000010000000100,0.07081852773842912,1990.5606571079516
1511890559586,INFO,AGENT_EVENT,000000000000000010110001000100001000110000000011100000010100,0.14062119912978144,5967.544015736363
1511890560572,INFO,AGENT_EVENT,000000000000000000000010000001000100000000000000010000000000,0.04702297230770247,1775.4352954744463
1511890562564,INFO,AGENT_EVENT,000000000000010000010001000010010011000000000000010000001110,0.13602625690473702,4048.4062653218516
1511890563553,INFO,AGENT_EVENT,000001000000000000000000000000000000000000000000011000000000,0.07314992559334688,1843.3487946882058
1511890564016,INFO,CLICK_EVENT,000000100010100000000000010001000100110000000011100000010100,0.14841167746356276,4713.841306817422
1511890564988,INFO,AGENT_EVENT,100000010000000000100001000000000000000000000000000001000100,0.1398640155332822,2293.1615160674455
1511890566592,INFO,CLICK_EVENT,000000000000000000010000000000000000000000000000001000000000,0.014720736874999973,836.4313746887732
1511890567006,INFO,AGENT_EVENT,000000010001001000010001101000010010000000000001110000000000,0.13794586129999997,4198.25389489461
1511890568161,INFO,AGENT_EVENT,010000100000000000000001000000010011000000000000010000000000,0.1242115332125,1842.750998658879
1511890569068,INFO,AGENT_EVENT,000000000000000000000000100000001000000000000000010001000000,0.038685540139908436,2262.6866325634164
1511890570171,INFO,AGENT_EVENT,000001000000000000000000000000000000001000000000000000000011,0.11046283594180628,2155.9571473437536
1511890570848,INFO,CLICK_EVENT,000000100010100000000000010001000100110000000011100000010100,0.14841167746356276,4713.841306817422
1511890571061,INFO,AGENT_EVENT,000000000000100000000000000000000000001000000000000000000000,0.016756051250000015,928.2096038293795
1511890572517,INFO,AGENT_EVENT,000000000000000000000000011001000100110000000011100000010100,0.10111257294243181,4891.032843742589
1511890574114,INFO,AGENT_EVENT,001000000000000000000010010001000100110000000011100000010100,0.10681560794654588,4782.885617579238
1511890575530,INFO,CLICK_EVENT,000000000000000000010000000000000000000000000000001000000000,0.014720736874999973,836.4313746887732
1511890575552,INFO,AGENT_EVENT,000000000000010000010001000000100000000000000000010001000000,0.1356986901836681,2345.156023674092
1511890576403,INFO,AGENT_EVENT,000000000000000000100000000000000010000000000000010000000000,0.0497041989375,940.5339152817583
1511890577897,INFO,CLICK_EVENT,000000100110001010100001000001000000000001100000001100000000,0.12960360565640527,8972.406370984861
1511890578048,INFO,AGENT_EVENT,100000000110001000100001000000000000000000000001010000000000,0.143250514476573,2965.4569703529246
1511890579021,INFO,AGENT_EVENT,000000000000000000000000000000000000001000000000100000000011,0.09147056369667061,1817.387110641249
1511890579918,INFO,AGENT_EVENT,100000000000000000000000000000000000000000000000010000000010,0.05913403205937495,628.8332775500844
1511890580970,INFO,AGENT_EVENT,000000000000000000000010000001000000001000000000000000000000,0.037687737516046815,1925.033716424225
1511890583017,INFO,CLICK_EVENT,100000000000000000000000000000000000000000000000010000000010,0.05913403205937495,628.8332775500844
1511890583121,INFO,AGENT_EVENT,100000100000010110010000000001000001000000001000101000001000,0.13750973186069637,6957.547686138167
1511890584745,INFO,AGENT_EVENT,000001000010001000100001000000010000000000000000010001000010,0.1358630452436247,4228.712116188028
1511890585949,INFO,AGENT_EVENT,000000000000000000000010000001000100000000000000000000000011,0.1155140293752972,1994.4080419450843
1511890586681,INFO,CLICK_EVENT,000000000000000000000000000000000000000000000000000000000000,0,0
1511890587233,INFO,CLICK_EVENT,000000000000000000000000000000000000000000000000000000000000,0,0
1511890588001,INFO,CLICK_EVENT,000000000000000000010000000000000000000000000000001000000000,0.014720736874999973,836.4313746887732
1511890588031,INFO,AGENT_EVENT,000000100010100001000000010001000100110000000011100000010100,0.1383484609444976,5771.035520659873
1511890588641,INFO,CLICK_EVENT,000000000000000000010000000000000000000000000000001000000000,0.014720736874999973,836.4313746887732
1511890588932,INFO,AGENT_EVENT,000100000000000000100000000000000010000000000000010000000000,0.05339014846262047,1806.3835901527432
1511890590078,INFO,AGENT_EVENT,000000000000000000000001000010010011000000000000010000000000,0.09056178312499996,2696.4666179884366
1511890590901,INFO,AGENT_EVENT,000010000000000000000000000000000000001000000000000000000000,0.0022939537499999663,1298.9905655874627
1511890591902,INFO,AGENT_EVENT,000000000000001000000000100000000000000000000000000000010100,0.06298315401400245,1493.4495893387332
1511890592432,INFO,CLICK_EVENT,100000000000000000000000000000000000000000000000010000000010,0.05913403205937495,628.8332775500844
1511890594274,INFO,AGENT_EVENT,000000000000100000000010010001000100110000000011100000010100,0.1187907743039327,4280.165389486934
1511890595739,INFO,AGENT_EVENT,000000000000000000000010000001000000100000000011100000010100,0.1353560711284706,3232.0188160398993
1511890597120,INFO,AGENT_EVENT,100000000000100000000000000000000000110000000011100000010100,0.10798540549510494,2772.7767307209597
1511890598349,INFO,AGENT_EVENT,010000000000010000000000000000000000000000000000000011000011,0.07353667876001624,3132.7931023110896
1511890599623,INFO,AGENT_EVENT,000000100010110000000000010001000100000000000000010000000000,0.09724739144627792,2902.7075293353264
1511890601170,INFO,AGENT_EVENT,100000000110011000100001000000000000000000000001010000000000,0.14057389081320903,4347.719211761572
1511890603367,INFO,AGENT_EVENT,100000000000100000010001000001000100110000010011100000010100,0.1485597368558358,4423.319056622315
1511890604378,INFO,CLICK_EVENT,000000100110001010100001000001000000000001100000001100000000,0.12960360565640527,8972.406370984861
1511890604551,INFO,AGENT_EVENT,010000000000000000000000000000010000010000000001100000000010,0.11271600883437505,1317.7615856804628
1511890605592,INFO,AGENT_EVENT,010000000000100000000000000000010000010000000000000001000000,0.07129423044518612,1971.8540089248854
1511890606638,INFO,AGENT_EVENT,100000010000000000000000000000000000000000001000010000000000,0.06635363755000001,1232.4053763133948
1511890608058,INFO,AGENT_EVENT,000000100010100000000000010001000100000000000001110000000000,0.14601334851142456,3242.2643643554857
1511890608315,INFO,CLICK_EVENT,000000000000000000000010000001000000000000000000000000000011,0.1316401465894741,1733.7151626495936
1511890609390,INFO,AGENT_EVENT,000000000000000000000000000100000100000000000100100000101110,0.05154547560955813,3456.5632860190735
1511890610524,INFO,AGENT_EVENT,100000000000000000000010000000000000000000000000000000000011,0.12080412124999995,990.6112969030105
1511890612804,INFO,AGENT_EVENT,000000000000010001010001000001000100110000010011100000010100,0.11111815582428997,5528.458130534885
1511890614750,INFO,AGENT_EVENT,000000000000010000010001000010010011001000110000011000000100,0.1524851513026929,5519.777954714591
1511890615814,INFO,AGENT_EVENT,010000000000000000000000000000010000010000000000100000000010,0.055137880709374976,1055.3774992665076
1511890617321,INFO,AGENT_EVENT,000000000000000000000000100000010000010000000001100000000000,0.07204022562500001,1103.3913955678045
1511890617467,INFO,CLICK_EVENT,000000000000010000010001000010010011001000110000011000000100,0.1524851513026929,5519.777954714591
1511890619153,INFO,CLICK_EVENT,000000000000010000010001000010010011001000110000011000000100,0.1524851513026929,5519.777954714591
1511890619213,INFO,AGENT_EVENT,100000000000100000010001000000000110000100000010010000000000,0.12100136567499997,2813.768173313196
1511890620923,INFO,CLICK_EVENT,000000100010100000000000010001000100110000000011100000010100,0.14841167746356276,4713.841306817422
1511890621712,INFO,AGENT_EVENT,000000000000010000010001000010010011001000000000010000000000,0.10556133125,3617.2650920882684
1511890623555,INFO,AGENT_EVENT,000000000000100000000010000000000000000000000000010000000010,0.08956394697500003,803.9790253233679
1511890625438,INFO,CLICK_EVENT,000000100110001010100001000001000000000001100000001100000000,0.12960360565640527,8972.406370984861
1511890625648,INFO,AGENT_EVENT,000000000000100000000110000000000000000000000000010000000010,0.09197748785690618,1404.2179136634131
1511890626965,INFO,AGENT_EVENT,010000000000000000000000000000000000000000000000010000000010,0.049745135709375,638.314261999111
1511890629070,INFO,AGENT_EVENT,100000000000100000010001000000000100000100000010010000000001,0.126526853175,2780.929104021861
1511890631405,INFO,CLICK_EVENT,100000100000010110010000000001000001000000001000100001001000,0.12995906835735604,6654.7825349473005
1511890633639,INFO,AGENT_EVENT,000000010001001001010000101000010010000000010011100000010100,0.14873594563767678,5953.891871912207
1511890634168,INFO,CLICK_EVENT,000000000000000000110001000100001000001000100000000001010011,0.12682139498593192,4820.876977204042
1511890634947,INFO,AGENT_EVENT,100000000000000100000000000000000000000000000000010000000000,0.04283295018308797,1384.1226023235315
1511890636669,INFO,AGENT_EVENT,000000000000000000000010000001000100000000000000000000000100,0.05870194770707704,1956.7346597738122
1511890639273,INFO,AGENT_EVENT,100000000110001000100001000000100000000000000000010001000000,0.1388688292301965,4092.332195450179
1511890640997,INFO,CLICK_EVENT,100000000000100000010001000000000100000100000010010000000001,0.126526853175,2780.929104021861
1511890642643,INFO,AGENT_EVENT,000000010001001100010000101000010010000000000001110000000000,0.1397788189523409,5218.432663101496
1511890643172,INFO,CLICK_EVENT,010000100000000000000001000000010011000000000000010000000000,0.1242115332125,1842.7509986588789
1511890645023,INFO,AGENT_EVENT,010000000010000000000010000000000000000000000000010000000010,0.08017505062499997,1068.9171128362877
1511890645465,INFO,CLICK_EVENT,100000000000000000000010000000000000000000000000000000000011,0.12080412124999995,990.6112969030105
1511890648442,INFO,AGENT_EVENT,100000000000000000010001000001000100100000010011100000010100,0.1485597368558358,3983.6043617196037
1511890650364,INFO,CLICK_EVENT,000000000000010000010001000010010011001000110000011000000100,0.1524851513026929,5519.777954714591
1511890650556,INFO,AGENT_EVENT,100000000000000000000001000000010000010000000001100000000010,0.09194670633437507,1645.1127955524232
1511890654406,INFO,AGENT_EVENT,000000000000010010010001000010010011001000110000011000000100,0.13362016007322275,6994.4842077694575
1511890655039,INFO,CLICK_EVENT,000000000000010000010001000010010011001000110000011000000100,0.1524851513026929,5519.777954714591
1511890657975,INFO,CLICK_EVENT,000000000000000000000000000000000000000000000000000000000000,0,0
1511890658534,INFO,AGENT_EVENT,000000100010100000000000010001000100110000000011100001010100,0.12872057872209575,5419.248445837324
1511890660400,INFO,CLICK_EVENT,000000100110001010100001000001000000000001100000001100000000,0.12960360565640527,8972.406370984861
1511890662054,INFO,AGENT_EVENT,010000000000010000010001000010010011001000110000011000000100,0.1524851513026929,5788.482965774813
1511890664927,INFO,AGENT_EVENT,010000000000000000010001000000100000000000000000010001001000,0.140835162163212,2869.116843386892
1511890665558,INFO,CLICK_EVENT,100000000000000000000010000000000000000000000000000000000011,0.12080412124999995,990.6112969030105
1511890666364,INFO,AGENT_EVENT,010000000000000000000000010000000000000000000000010000000010,0.049745135709375,906.1655319901179
1511890668309,INFO,AGENT_EVENT,000000000000000000010001000000010011000000000000011000000000,0.10223920442500001,1873.9455282162326
1511890671494,INFO,AGENT_EVENT,100000000110001000100010000000000000000000000001000000000011,0.172601289647625,3124.6842830517735
1511890671517,INFO,CLICK_EVENT,100000000000000000000010000000000000000000000000000000000011,0.12080412124999995,990.6112969030105
1511890672222,INFO,CLICK_EVENT,100000000000000000000010000000000000000000000000000000000011,0.12080412124999995,990.6112969030105
1511890674512,INFO,AGENT_EVENT,010000000010000000000011000000000100100000010011100000010100,0.15307561607614018,3474.1678970114863
1511890676659,INFO,AGENT_EVENT,000000100010100000000000010001001100000000000001110000000000,0.1448959746446269,3707.7006998410648
1511890679299,INFO,AGENT_EVENT,100000000110001000010001000000010011000010000000010000000000,0.14767329692657294,3537.8746859069574
1511890681643,INFO,AGENT_EVENT,000000000000010000010001000000010011000000000000010000100010,0.14637416079687504,1915.9198143501244
1511890683489,INFO,AGENT_EVENT,000001000000001000000000000000000000000000000000010000000010,0.09148390630272185,2062.2835532494264
1511890685183,INFO,AGENT_EVENT,000000000100000000000000000000010000010000000001100000000010,0.1325620619827763,1497.464937985831
1511890688588,INFO,AGENT_EVENT,000000000100000000000011000000000100100100010011100000010100,0.1334122376052278,4061.827557968083
1511890690823,INFO,AGENT_EVENT,000000000000011000010001000000100000000000000001100000000000,0.12418667847821174,3213.4628800423734
1511890691647,INFO,CLICK_EVENT,100000000110001000100010000000000000000000000001000000000011,0.172601289647625,3124.6842830517735
1511890692046,INFO,AGENT_EVENT,000000000000000000000000000000000000000000000100010000000000,0.02944290135000005,698.7923057633068
1511890693324,INFO,AGENT_EVENT,000000000000000000000000000000000000000010010000001000000000,0.017279381449999964,1340.752152473226
1511890694809,INFO,AGENT_EVENT,000000000000010000000000000000000000000000100000010000000000,0.05167245258749997,940.2185146724603
1511890695374,INFO,CLICK_EVENT,100000000000000000000010000000000000000000000000000000000011,0.12080412124999995,990.6112969030105
1511890696090,INFO,AGENT_EVENT,100000000000000000000000000000000000001000000000100000000000,0.016756051250000015,1179.028913072151
1511890698313,INFO,AGENT_EVENT,000000000110001000100001000000000000000000000001010100000000,0.1390654285164311,3478.0843159543824
1511890700873,INFO,AGENT_EVENT,000000000000000000010001100010010011001000110000011000000100,0.13590442520581147,5666.0809632077
1511890702729,INFO,AGENT_EVENT,010000000000000000000100000000010000010000000001100000000010,0.14639700460248328,1766.169949046053
1511890703755,INFO,CLICK_EVENT,100000000110001000100010000000000000000000000001000000000011,0.172601289647625,3124.6842830517735
1511890705691,INFO,AGENT_EVENT,000000000000011000010001000000010011000000000000010000100011,0.1337286920116758,4486.577568975337
1511890707149,INFO,AGENT_EVENT,100000100000000000000000000000000000000000000000010000000010,0.10414093214687503,961.950067213478
1511890708020,INFO,CLICK_EVENT,010000000000000000000100000000010000010000000001100000000010,0.14639700460248328,1766.1699490460528
1511890709153,INFO,AGENT_EVENT,010000000000100000000000000000010011000000000000010000100010,0.13848985142187498,1826.1005172181735
1511890710160,INFO,CLICK_EVENT,100000000000000000000010000000000000000000000000000000000011,0.12080412124999995,990.6112969030105
1511890711219,INFO,AGENT_EVENT,000000000000000010000010000001000000000000000000000000000011,0.1316401465894741,2302.5306954913312
1511890712891,INFO,AGENT_EVENT,100000000000010000000000000100000000000000100000010000000000,0.06302960258750001,2060.5157416732345
1511890713512,INFO,CLICK_EVENT,100000000110001000100010000000000000000000000001000000000011,0.172601289647625,3124.6842830517735
1511890714308,INFO,AGENT_EVENT,000000000000100000000000000000010000000000000000010000000010,0.05913403205937495,795.8721250713232
1511890716599,INFO,AGENT_EVENT,100000000000000000000010000001000000000000000000000000000111,0.14185944458408783,2630.3660530691714
1511890717718,INFO,AGENT_EVENT,000000000000000000000000000000000000000000000100010000100000,0.05268640143750003,1015.0126318092568
1511890720115,INFO,AGENT_EVENT,000010000000010000010001000000010011000000000001100000000000,0.11418557635000004,2450.011229282768
1511890721419,INFO,AGENT_EVENT,000000000000101000000000000000000000001000000000000000000000,0.028901023750000032,1464.5293613300187
1511890723993,INFO,CLICK_EVENT,100000000000000000000010000000000000000000000000000000000011,0.12080412124999995,990.6112969030105
1511890726249,INFO,AGENT_EVENT,100000000110001000010001000010010011011000110000011000000100,0.15599802821092745,7191.6400884065915
1511890726882,INFO,CLICK_EVENT,000000000000000000000000000000000000000000000000000000000000,0,0
1511890727672,INFO,AGENT_EVENT,010000000100000000000000000000000000000000000000010000000000,0.0671106277753919,1024.7380928191424
1511890729760,INFO,AGENT_EVENT,010000000000100000000000000000010011000000000100010000010000,0.12788773937499998,1895.0709590303268
1511890730760,INFO,CLICK_EVENT,000000000000000000000000000000000000000000000000000000000000,0,0
1511890731120,INFO,CLICK_EVENT,010000000000000000000100000000010000010000000001100000000010,0.14639700460248328,1766.1699490460528
1511890732011,INFO,AGENT_EVENT,010000000000000000100001000000000000000000010000000001000100,0.12228895609642476,2393.5379400533
1511890734257,INFO,CLICK_EVENT,000000000100000000000000000000010000010000000001100000000010,0.13256206198277629,1497.464937985831
1511890734803,INFO,AGENT_EVENT,010000000000000000000100000000000100100000010010100000010100,0.09663854929120164,2412.5882963166746
1511890736459,INFO,CLICK_EVENT,100000000000000000000010000000000000000000000000000000000011,0.12080412124999995,990.6112969030105
1511890736557,INFO,AGENT_EVENT,000001000000000000000000000000010011000000000000110000000000,0.14199210283243135,2030.4431486608205
1511890738438,INFO,AGENT_EVENT,000000000000000000000010000001000010000000000000000000000010,0.07921468675037491,1776.5934709374733
1511890739169,INFO,CLICK_EVENT,100000000110001000100010000000000000000000000001000000000011,0.172601289647625,3124.6842830517735
1511890740348,INFO,AGENT_EVENT,000000000000000000000000000000010011000000000100010001010000,0.0978611910204279,2470.9834679688865
1511890741894,INFO,AGENT_EVENT,000000000000000000000000000000000000000010010000000010000011,0.0793587537448932,2439.1842903651677
1511890743677,INFO,AGENT_EVENT,000001000000000000000100000000000000000000000000010000000010,0.11967182038493851,1827.3221609864959
1511890745452,INFO,AGENT_EVENT,010000000000000000000100000000010000010000000001101000000000,0.14018482514310837,2230.545214108141
1511890746466,INFO,CLICK_EVENT,100000000000000000000010000000000000000000000000000000000011,0.12080412124999995,990.6112969030105
1511890747432,INFO,AGENT_EVENT,000000100010000000000000000000000000010100000001100000000010,0.0822334635358628,2518.504620271021
1511890748926,INFO,AGENT_EVENT,000000000000100000000010000000000000000000000000010000000000,0.04193669509999998,693.0640513573935
1511890750271,INFO,AGENT_EVENT,000000000000010000000000000000000000010000000101100000000000,0.05520020532958614,1714.7500792550563
1511890753483,INFO,AGENT_EVENT,010000000010000000000011000000000100100000010111100000010100,0.15307561607614018,3702.4313903894954
1511890754827,INFO,AGENT_EVENT,000000000000000000000000000000000000000010010100000000000100,0.051769719760964894,1890.7782732217686
1511890755471,INFO,CLICK_EVENT,010000000000000000000100000000010000010000000001100000000010,0.14639700460248328,1766.1699490460528
1511890756268,INFO,AGENT_EVENT,010000000000000000000000000000000000010000000000010000000010,0.049745135709375,896.9850762294711
1511890758557,INFO,CLICK_EVENT,000000000000010000010001000000010011000000000000010000100010,0.14637416079687504,1915.9198143501244
1511890758671,INFO,AGENT_EVENT,100000100000010000010001000010010011000000000000010000000000,0.16116073008749998,3540.6203311446725
1511890760273,INFO,AGENT_EVENT,010000000000000000000000000000010100010000000001100000000010,0.11271600883437505,1717.020139640761
1511890761082,INFO,CLICK_EVENT,010000000000000000000100000000010000010000000001100000000010,0.14639700460248328,1766.1699490460528
1511890761617,INFO,AGENT_EVENT,100000000000000000000000100000000000000000000100010000100000,0.06404355143749996,1532.7420309165336
1511890762087,INFO,CLICK_EVENT,000000000000010000010001000000010011000000000000010000100010,0.14637416079687504,1915.9198143501244
1511890762879,INFO,CLICK_EVENT,010000000000000000000100000000010000010000000001100000000010,0.14639700460248328,1766.1699490460528
1511890763638,INFO,CLICK_EVENT,000000000000010000010001000000010011000000000000010000100010,0.14637416079687504,1915.9198143501244
1511890764544,INFO,AGENT_EVENT,000000100010100000000000010001000100000001000001110000000010,0.14826925200599483,4800.394447934243
1511890766422,INFO,AGENT_EVENT,010000000100000000000010000010000000000000000000010000000000,0.06923139835039194,1902.6384151853163
1511890767089,INFO,CLICK_EVENT,000000000000010000010001000000010011000000000000010000100010,0.14637416079687504,1915.9198143501244
1511890767678,INFO,CLICK_EVENT,010000000000000000000100000000010000010000000001100000000010,0.14639700460248328,1766.1699490460528
1511890767719,INFO,AGENT_EVENT,010000000000000000000000000000000000000000000010010000000000,0.031411155000000024,738.7769027719638
1511890768634,INFO,CLICK_EVENT,000000000000010000010001000000010011000000000000010000100010,0.14637416079687504,1915.9198143501244
1511890769888,INFO,AGENT_EVENT,010000000000100000000100000000010000010000000001100000000010,0.14043087896329765,2065.3660891072454
1511890770373,INFO,CLICK_EVENT,010000000000000000000100000000010000010000000001100000000010,0.14639700460248328,1766.1699490460528
1511890771471,INFO,CLICK_EVENT,100000000000000000000010000000000000000000000000000000000011,0.12080412124999995,990.6112969030105
1511890773188,INFO,AGENT_EVENT,000000010000000000000001000001000000100100001100100000101110,0.13675361165018418,5188.521173403293
1511890773631,INFO,CLICK_EVENT,100000000110001000100010000000000000000000000001000000000011,0.172601289647625,3124.6842830517735
1511890775792,INFO,AGENT_EVENT,100000100000010000000001000000010011000010000000010000000000,0.15893769706250005,2596.5917162052547
1511890778188,INFO,AGENT_EVENT,000000001000100000000010000000000000000000000000010000000010,0.09564756710517774,1473.190389821999
1511890779859,INFO,AGENT_EVENT,000000000000100000000010000000010000010000000101100000000000,0.033995046579586075,2047.4536901005522
1511890782328,INFO,AGENT_EVENT,000001000000100000000110000000010000010000000001100000000010,0.15964036421435013,3092.9697840267822
1511890783355,INFO,AGENT_EVENT,000000000000000100000000000000000000001000000000000000000000,0.004326852583087959,1534.8352520891692
1511890784823,INFO,AGENT_EVENT,000000000100000000000000000000000000000000000000010010000000,0.07957361616890524,1841.263471644539
1511890786323,INFO,CLEAR_SCREEN,000000000000000000000000000000000000000000000000000000000000,N/A,N/A
1511890787134,INFO,AGENT_EVENT,100001000000000000100000000000010011000000000000110000000000,0.14893476423810137,2769.113202566382
1511890789491,INFO,CLEAR_SCREEN,000000000000000000000000000000000000000000000000000000000000,N/A,N/A
1511890790085,INFO,CLICK_EVENT,000000000000000000000000000000000000000000000000000000000000,0,0
1511890813849,INFO,EXPLORE_EVENT,100000000000000000000000000000000000000000000000000000000000,0.0144620975,259.2800180585232
1511890815802,INFO,EXPLORE_EVENT,100000000000000000000010000000000000000000000000000000000000,0.01559874125,512.9442734594577
1511890819912,INFO,EXPLORE_EVENT,100000000000000000000010000000000000000000000000000000000011,0.12080412125000001,990.6112969030105
1511890830055,INFO,EXPLORE_EVENT,100000000000000000000110000000000000000000000000000000000011,0.13492728171287438,1458.5294492962435
1511890832376,INFO,EXPLORE_EVENT,100000000000000000000010000000000000000000000000000000000011,0.12080412125000001,990.6112969030105
1511890835198,INFO,EXPLORE_EVENT,100000000000000000000110000000000000000000000000000000000011,0.13492728171287438,1458.5294492962435
1511890850016,INFO,CLICK_EVENT,100000000000000000000010000000000000000000000000000000000011,0.12080412125000001,990.6112969030105
1511890870934,INFO,CLEAR_SCREEN,100000000000000000000110000000000000000000000000000000000011,N/A,N/A
