1511886619320,INFO,DEMO_TREATMENT,000000000000000000000000000000000000000000000000000000000000,N/A,N/A
1511886876431,INFO,EXPLORE_EVENT,000000000000000010000000000000000000000000000000000000000000,0.0,258.7277567620171
1511886908880,INFO,EXPLORE_EVENT,000000000000000010000000000000000000000000000000000000000100,0.021025948837500003,690.361395693307
1511886917998,INFO,EXPLORE_EVENT,000000000000000010000000000000000000000000000001000000000100,0.027109568967677765,1359.438538862922
1511886924483,INFO,EXPLORE_EVENT,000000000000000010000000000000100000000000000001000000000100,0.03088517691806859,2153.6745527390453
1511886944390,INFO,CLICK_EVENT,000000000000000010000000000000000000000000000001000000000100,0.027109568967677765,1359.438538862922
1511886971535,INFO,CLICK_EVENT,000000000000000010000000000000100000000000000001000000000100,0.03088517691806859,2153.6745527390453
1511886974530,INFO,CLICK_EVENT,000000000000000010000000000000000000000000000001000000000100,0.027109568967677765,1359.438538862922
1511886981119,INFO,CLICK_EVENT,000000000000000010000000000000100000000000000001000000000100,0.03088517691806859,2153.6745527390453
1511886982471,INFO,CLICK_EVENT,000000000000000010000000000000000000000000000001000000000100,0.027109568967677765,1359.438538862922
1511886983674,INFO,CLICK_EVENT,000000000000000010000000000000100000000000000001000000000100,0.03088517691806859,2153.6745527390453
1511886984615,INFO,CLICK_EVENT,000000000000000010000000000000000000000000000001000000000100,0.027109568967677765,1359.438538862922
1511887116604,INFO,EXPLORE_EVENT,000000000000000010000000000000100000000000000001000000000000,0.009859228080568588,1722.1181926051145
1511887118136,INFO,EXPLORE_EVENT,000000000000000010000000000000100000000000000000000000000000,0.0037756079503908245,1052.9068281064833
1511887121660,INFO,EXPLORE_EVENT,000000000000000010000000000000000000000000000000000000000000,0.0,258.7277567620171
1511887124160,INFO,EXPLORE_EVENT,000000000000000000000000000000000000000000000000000000000000,0.0,0.0
1511887132566,INFO,EXPLORE_EVENT,100000000000000000000000000000000000000000000000000000000000,0.0,447.73705817532016
1511887138305,INFO,EXPLORE_EVENT,000000000000000000000000000000000000000000000000000000000000,0.0,0.0
1511887141166,INFO,EXPLORE_EVENT,000000000001000000000000000000000000000000000000000000000000,0.0,666.8703762450554
1511887146059,INFO,EXPLORE_EVENT,000000000001000000000010000000000000000000000000000000000000,0.0,831.4670839740386
1511887151656,INFO,EXPLORE_EVENT,000000000001000000000010000000000100000000000000000000000000,0.021025948837500003,1244.2799928442005
1511887157000,INFO,CLICK_EVENT,000000000001000000000010000000000100000000000000000000000000,0.021025948837500003,1244.2799928442005
1511887161544,INFO,EXPLORE_EVENT,000000000001000000000010000000000100000000001000000000000000,0.05581780620913722,2253.1802447366335
1511887170201,INFO,EXPLORE_EVENT,000000000000000000000010000000000100000000001000000000000000,0.05581780620913722,1586.309868491578
1511887180968,INFO,EXPLORE_EVENT,000000000000000000000000000000000100000000001000000000000000,0.05581780620913722,1422.0215219232448
1511887186578,INFO,EXPLORE_EVENT,000000000000000000000000000000000000000000001000000000000000,0.04294237299334684,1009.3045466820167
1511887191140,INFO,EXPLORE_EVENT,000000000000000000000000000000000100000000000000000000000000,0.021025948837500003,412.71697524122806
1511887194771,INFO,EXPLORE_EVENT,000000000000000000000000000000000100000000001000000000000000,0.05581780620913722,1422.0215219232448
1511887198962,INFO,EXPLORE_EVENT,000000000000000000000000000000000000000000000000000000000000,0.0,0.0
1511887216747,INFO,EXPLORE_EVENT,000000000000000000000000000000001000000000001000000000000000,0.04966267374418941,1927.2630876870212
1511887221121,INFO,EXPLORE_EVENT,000000000000000000000000000000000000000000000000000000000000,0.0,0.0
1511887234126,INFO,CLEAR_SCREEN,000000000000000000000000000000000000000000000000000000000000,N/A,N/A
1511887236339,INFO,CLICK_EVENT,000000000000000000000000000000000000000000000000000000000000,0,0
1511887264149,INFO,TREATMENT_1,000000000000000000000000000000000000000000000000000000000000,N/A,N/A
1511887284355,INFO,EXPLORE_EVENT,000000000000000000000000000000001000000000000000000000000000,0.0,666.8703762450554
1511887287112,INFO,EXPLORE_EVENT,000000000000000000000000000000001000000000000100000000000000,0.0,1106.8434217120828
1511887294209,INFO,EXPLORE_EVENT,000000000000000000000000000000001000000000000100000000000010,0.018333980709375003,1318.3120727226121
1511887301265,INFO,EXPLORE_EVENT,000000000000000000000001000000001000000000000100000000000010,0.07247804633437499,1684.2475106443326
1511887305571,INFO,EXPLORE_EVENT,000000000000000000000001000000000000000000000100000000000010,0.07247804633437499,1017.3771343992771
1511887316168,INFO,EXPLORE_EVENT,000000000000000000000001000000000000000000000000000000000010,0.07247804633437499,577.4040889322498
1511887324515,INFO,EXPLORE_EVENT,000000000000000000000001000000000000000000000000000000000000,0.054144065624999994,365.9354379217204
1511887327238,INFO,EXPLORE_EVENT,000000000000000000000001000000000000000000000000000000000010,0.07247804633437499,577.4040889322498
1511887335952,INFO,EXPLORE_EVENT,000000000000000000000001000000010000000000000000000000000010,0.07247804633437499,744.4429364534886
1511887338991,INFO,EXPLORE_EVENT,000000000000000000000001000000000000000000000000000000000010,0.07247804633437499,577.4040889322498
1511887341271,INFO,EXPLORE_EVENT,000000000000000000000001000000000000000000010000000000000010,0.07247804633437499,741.6924355005831
1511887343504,INFO,EXPLORE_EVENT,000000000000000000000001000000000000000000000000000000000010,0.07247804633437499,577.4040889322498
1511887345515,INFO,EXPLORE_EVENT,000000000000000000000001000000100000000000000000000000000010,0.09350399517187502,1005.1421098115861
1511887352022,INFO,EXPLORE_EVENT,000000000000000000000001000000100000000001000000000000000010,0.11474246776684485,2023.17453559991
1511887354857,INFO,EXPLORE_EVENT,000000000000000000000001000000100000000000000000000000000010,0.09350399517187502,1005.1421098115861
1511887359439,INFO,EXPLORE_EVENT,000000000000000000000001000000100000000010000000000000000010,0.107475474021875,1603.2075647334052
1511887362316,INFO,EXPLORE_EVENT,000000000000000000000001000000100000000000000000000000000010,0.09350399517187502,1005.1421098115861
1511887364250,INFO,EXPLORE_EVENT,000000000000000000000001000000100000000100000000000000000010,0.09350399517187502,1799.2428510274476
1511887366482,INFO,EXPLORE_EVENT,000000000000000000000001000000100000000000000000000000000010,0.09350399517187502,1005.1421098115861
1511887368684,INFO,EXPLORE_EVENT,000000000000000000000001000000100000001000000000000000000010,0.09609662633437502,1674.1276870297704
1511887371812,INFO,EXPLORE_EVENT,000000000000000000000001000000100000000000000000000000000010,0.09350399517187502,1005.1421098115861
1511887374317,INFO,EXPLORE_EVENT,000000000000000000000001000000100000010000000000000000000010,0.09350399517187502,1263.8129240419464
1511887377639,INFO,EXPLORE_EVENT,000000000000000000000001000000100000000000000000000000000010,0.09350399517187502,1005.1421098115861
1511887380708,INFO,EXPLORE_EVENT,000000000000000000000001000000100000100000000000000000000010,0.09350399517187502,1255.9416013203643
1511887385287,INFO,EXPLORE_EVENT,000000000000000000000001000000100000000000000000000000000010,0.09350399517187502,1005.1421098115861
1511887402308,INFO,EXPLORE_EVENT,000000000000000000000001000000100000000000100000000000000010,0.09481965874687501,1380.233348251696
1511887407457,INFO,EXPLORE_EVENT,000000000000000000000001000000100000000000000000000000000010,0.09350399517187502,1005.1421098115861
1511887425197,INFO,EXPLORE_EVENT,000000000000000000000001000000100001000000000000000000000010,0.099533145171875,1279.1690988214812
1511887428802,INFO,EXPLORE_EVENT,000000000000000000000001000000100000000000000000000000000010,0.09350399517187502,1005.1421098115861
1511887431260,INFO,EXPLORE_EVENT,000000000000000000000001000000100000000000000000000000000010,0.09350399517187502,1005.1421098115861
1511887438847,INFO,EXPLORE_EVENT,000000000000000000000001000000100000000000000000000000000010,0.09350399517187502,1005.1421098115861
1511887445940,INFO,EXPLORE_EVENT,000000000000000000000001000010100000000000000000000000000010,0.09448812199687501,1557.6873819466389
1511887449185,INFO,EXPLORE_EVENT,000000000000000000000001000000100000000000000000000000000010,0.09350399517187502,1005.1421098115861
1511887451593,INFO,EXPLORE_EVENT,000000000000000000000001000100100000000000000000000000000010,0.07641771870869302,2053.5940460374363
1511887454637,INFO,EXPLORE_EVENT,000000000000000000000001000000100000000000000000000000000010,0.09350399517187502,1005.1421098115861
1511887467386,INFO,EXPLORE_EVENT,000000000000000000000001000000100000100000000000000000000010,0.09350399517187502,1255.9416013203643
1511887470106,INFO,EXPLORE_EVENT,000000000000000000000001000000100000000000000000000000000010,0.09350399517187502,1005.1421098115861
1511887486698,INFO,EXPLORE_EVENT,000000000000000000000000000000000000000000000000000000000000,0.0,0.0
1511887489575,INFO,EXPLORE_EVENT,000000000000000000000000000000100000000000000000000000000000,0.021025948837500003,427.82138109008554
1511887493680,INFO,EXPLORE_EVENT,000000000000000000000000000000000000000000000000000000000000,0.0,0.0
1511887499194,INFO,EXPLORE_EVENT,000000000000100000000000000000000000000000000000000000000000,0.0144620975,259.2800180585232
1511887501544,INFO,EXPLORE_EVENT,000000000000000000000000100000000000000000000000000000000000,0.0,258.5627292295798
1511887503626,INFO,EXPLORE_EVENT,000000000000000000000000000000000000100000000000000000000000,0.0,250.8605824203334
1511887505665,INFO,EXPLORE_EVENT,000000000000000000000000000000000000000000000000100000000000,0.0144620975,250.88035225693346
1511887513468,INFO,EXPLORE_EVENT,000000000000000000000000100000000000000000000000100000000000,0.0144620975,509.4430814865133
1511887516010,INFO,EXPLORE_EVENT,000000000000100000000000000000000000000000000000100000000000,0.0144620975,510.1603703154566
1511887521872,INFO,EXPLORE_EVENT,000000000000000000000000000000000000000000000000100000000000,0.0144620975,250.88035225693346
1511887529014,INFO,EXPLORE_EVENT,000000000000000000000000000000000000010000000000100000000000,0.0144620975,509.6081090189506
1511887531452,INFO,EXPLORE_EVENT,000000000000000000000000010000000000000000000000100000000000,0.0144620975,518.78314588167
1511887533871,INFO,EXPLORE_EVENT,000000000000010000000000000000000000000000000000100000000000,0.0368039,519.6353743942128
1511887539625,INFO,EXPLORE_EVENT,000000000000010000000000000000000000001000000000100000000000,0.03756855125,1188.5098975211774
1511887542179,INFO,EXPLORE_EVENT,000000000000010000000000001000000000000000000000100000000000,0.03756855125,1197.544611497693
1511887544446,INFO,EXPLORE_EVENT,000000000000010000000000000000000000000000000000100000000000,0.0368039,519.6353743942128
1511887546528,INFO,EXPLORE_EVENT,000000000000010000000000000000000000000100000000100000000000,0.0368039,1313.9781134385128
1511887548466,INFO,EXPLORE_EVENT,000000000000010000000000000100000000000000000000100000000000,0.0368039,1380.652583336464
1511887550114,INFO,EXPLORE_EVENT,000000000000010000000000000000000000000000000000100000000000,0.0368039,519.6353743942128
1511887552244,INFO,EXPLORE_EVENT,000000000000010000000000000000000000000010000000100000000000,0.05375758135,1117.5897752248122
1511887556304,INFO,EXPLORE_EVENT,000000000000010000000000000010000000000000000000100000000000,0.03877215365,1143.7043958209051
1511887558342,INFO,EXPLORE_EVENT,000000000000010000000000000000000000000000000000100000000000,0.0368039,519.6353743942128
1511887564486,INFO,EXPLORE_EVENT,000000000000010000000000000001000000000010000000100000000000,0.08801472136604682,2119.9176675825906
1511887567308,INFO,EXPLORE_EVENT,000000000000010000000000000000000000000010000000100000000000,0.05375758135,1117.5897752248122
1511887580488,INFO,EXPLORE_EVENT,000000000000010000000000000000000000000010000000100000000000,0.05375758135,1117.5897752248122
1511887589978,INFO,EXPLORE_EVENT,000000000000010000000000000000010000000010000000100000000000,0.05375758135,1284.6286227460512
1511887592097,INFO,EXPLORE_EVENT,000000000000010000000000000000000000000010000000100000000000,0.05375758135,1117.5897752248122
1511887594646,INFO,CLICK_EVENT,000000000000000000000000000000000000000000000000000000000000,0,0
1511887595173,INFO,CLICK_EVENT,000000000000000000000001000000100000000000000000000000000010,0.09350399517187502,1005.1421098115861
1511887602299,INFO,CLICK_EVENT,000000000000000000000001000000100000100000000000000000000010,0.09350399517187502,1255.9416013203643
1511887605285,INFO,CLICK_EVENT,000000000000000000000001000000100000000000000000000000000010,0.09350399517187502,1005.1421098115861
1511887608427,INFO,CLICK_EVENT,000000000000000000000001000000100001000000000000000000000010,0.099533145171875,1279.1690988214812
1511887612193,INFO,CLICK_EVENT,000000000000000000000001000000100001000000000000000000000010,0.099533145171875,1279.1690988214812
1511887613137,INFO,CLICK_EVENT,000000000000000000000001000000100000000000000000000000000010,0.09350399517187502,1005.1421098115861
1511887621197,INFO,CLICK_EVENT,000000000000000000000001000000100000000001000000000000000010,0.11474246776684485,2023.17453559991
1511887625344,INFO,CLICK_EVENT,000000000000000000000001000000100000000001000000000000000010,0.11474246776684485,2023.17453559991
1511887631351,INFO,EXPLORE_EVENT,000000000000010000000000010000000000000010000000100000000000,0.05375758135,1385.441045215819
1511887633362,INFO,EXPLORE_EVENT,000000000000010000000000000000000000000010000000100000000000,0.05375758135,1117.5897752248122
1511887638215,INFO,CLICK_EVENT,000000000000000000000000000000000000000000000000000000000000,0,0
1511887639217,INFO,EXPLORE_EVENT,000000000000000000000000000000000000000000000000000000000000,0.0,0.0
1511887647455,INFO,CLICK_EVENT,000000000000000000000001000000100000000001000000000000000010,0.11474246776684485,2023.17453559991
1511887653151,INFO,EXPLORE_EVENT,000000000000000000000001000000000000000000000000000000000000,0.054144065624999994,365.9354379217204
1511887655564,INFO,EXPLORE_EVENT,000000000000000000000001000000100000000000000000000000000000,0.0751700144625,793.6734588010568
1511887658381,INFO,EXPLORE_EVENT,000000000000000000000001000000100000000001000000000000000000,0.09640848705746985,1811.7058845893807
1511887660219,INFO,EXPLORE_EVENT,000000000000000000000001000000100000000001000000000000000010,0.11474246776684485,2023.17453559991
1511887662059,INFO,CLICK_EVENT,000000000000000000000001000000100000000001000000000000000010,0.11474246776684485,2023.17453559991
1511887670225,INFO,EXPLORE_EVENT,000000000000000000000001100000100000000001000000000000000010,0.11474246776684485,2182.661831918011
1511887672900,INFO,EXPLORE_EVENT,000000000000100000000001000000100000000001000000000000000010,0.12970822776684485,2184.427746792188
1511887676816,INFO,EXPLORE_EVENT,000000000000000000000001000000100000100001000000000000000010,0.11062465514684991,2288.818963446936
1511887679311,INFO,EXPLORE_EVENT,000000000000000000000001000000100000000001000000100000000010,0.12920456526684485,2172.668711044067
1511887683851,INFO,EXPLORE_EVENT,000000000000000000000001000000100000000001000000100000000010,0.12920456526684485,2172.668711044067
1511887705629,INFO,EXPLORE_EVENT,000000000000000000000001000000100000000001000000100100000010,0.10603744391916586,3086.506850593344
1511887709178,INFO,EXPLORE_EVENT,000000000000000000000001000000100000000001000100100000000010,0.11704501111153179,2406.2728038765645
1511887712527,INFO,EXPLORE_EVENT,000000000000000000000001000000100100000001000000100000000010,0.11767161020634198,2783.889946738005
1511887715542,INFO,EXPLORE_EVENT,000000000000000000000101000000100000000001000000100000000010,0.13050296010698417,2727.2327808841437
1511887730582,INFO,EXPLORE_EVENT,000000000000000000000001000000100000000001000000100000000010,0.12920456526684485,2172.668711044067
1511887745252,INFO,EXPLORE_EVENT,000000000000000000000001000000100000000001000000100000000010,0.12920456526684485,2172.668711044067
1511887753190,INFO,EXPLORE_EVENT,000000000000000000000001000000100000000001000000100000000010,0.12920456526684485,2172.668711044067
1511887756469,INFO,EXPLORE_EVENT,000000000000000000000001000000100000000001000000100000000010,0.12920456526684485,2172.668711044067
1511887758890,INFO,EXPLORE_EVENT,000000000000000000000001000000100000000001000000100000000010,0.12920456526684485,2172.668711044067
1511887762880,INFO,EXPLORE_EVENT,000000000000000000000101000000100000000001000000100000000010,0.13050296010698417,2727.2327808841437
1511887766254,INFO,EXPLORE_EVENT,000000000000000000000001000000100000000001000000100000000010,0.12920456526684485,2172.668711044067
1511887769164,INFO,EXPLORE_EVENT,000000000000000000000001000010100000000001000000100000000010,0.13018869209184486,2725.21398317912
1511887771804,INFO,EXPLORE_EVENT,000000000000000000000001000000100000000011000000100000000010,0.13125787000650235,3069.6970098101688
1511887775982,INFO,EXPLORE_EVENT,000000000000000010000001000000100000000001000000100000000010,0.13018869209184486,2715.46406065878
1511887778585,INFO,EXPLORE_EVENT,000000000000000000000001000000100000000001000000100000000010,0.12920456526684485,2172.668711044067
1511887781797,INFO,CLICK_EVENT,000000000000000000000001000000100000000001000000100000000010,0.12920456526684485,2172.668711044067
1511887782837,INFO,CLICK_EVENT,000000000000100000000001000000100000000001000000000000000010,0.12970822776684485,2184.427746792188
1511887789691,INFO,EXPLORE_EVENT,000000000000000000000000000000000000000000000000000000000000,0.0,0.0
1511887793771,INFO,EXPLORE_EVENT,000000000000000000000100000000000000000000000000000000000000,0.046922313256621,448.4685696012415
1511887795972,INFO,EXPLORE_EVENT,000000000000000000000110000000000000000000000000000000000000,0.04254123249703581,721.6383992414953
1511887797689,INFO,EXPLORE_EVENT,000000000000000000000110100000000000000000000000000000000000,0.04254123249703581,980.1437717375769
1511887799813,INFO,EXPLORE_EVENT,000000000000000000000110100010000000000000000000000000000000,0.04346898358292917,2170.386577383615
1511887803706,INFO,EXPLORE_EVENT,000000000000000000000110100010000000000000010000000000000000,0.04346898358292917,2334.6749239519486
1511887805644,INFO,EXPLORE_EVENT,000000000000000000000000100010000000000000010000000000000000,0.0,1613.0365247104528
1511887807980,INFO,EXPLORE_EVENT,000000000000000000000000100010000000000000010010000000000000,0.0,1719.8267690720627
1511887809768,INFO,EXPLORE_EVENT,000000000000000000000000100010000000000000010011000000000000,0.057578128125,1985.1165686107174
1511887826442,INFO,EXPLORE_EVENT,000000000000000000000000100010000000000000000000000000000000,0.0,1448.7481781421195
1511887828398,INFO,EXPLORE_EVENT,000000000000000000000000100010000000000000010011000000000000,0.057578128125,1985.1165686107174
1511887835706,INFO,EXPLORE_EVENT,000000000000000000000000100010000000000000010011000000000000,0.057578128125,1985.1165686107174
1511887837625,INFO,EXPLORE_EVENT,000000000000000000000000100010000000000000000000000000000000,0.0,1448.7481781421195
1511887840214,INFO,EXPLORE_EVENT,000000000000000000000000000000000000000000000000000000000000,0.0,0.0
1511887873890,INFO,EXPLORE_EVENT,000000000000000100000000000000000000000000000000000000000000,0.0020328988330879263,865.8496748709849
1511887876258,INFO,EXPLORE_EVENT,000000000000000000000000000100000000000000000000000000000000,0.0,860.7660066785807
1511887877806,INFO,EXPLORE_EVENT,000000000000000000000000000000000000000100000000000000000000,0.0,794.100741215861
1511887879478,INFO,EXPLORE_EVENT,000000000000000000000000000000000000000000000000000100000000,0.0037756079503908245,794.2360138761233
1511887881674,INFO,EXPLORE_EVENT,000000000000000000000000000000000000000000000000000000000000,0.0,0.0
1511887883724,INFO,EXPLORE_EVENT,000000000000000010000000000000000000000000000000000000000000,0.0,630.0049883692784
1511887885873,INFO,EXPLORE_EVENT,000000000000000000000000000010000000000000000000000000000000,0.0,624.1800755179117
1511887887468,INFO,EXPLORE_EVENT,000000000000000000000000000000000000000010000000000000000000,0.014985427700000003,598.065454921819
1511887889503,INFO,EXPLORE_EVENT,000000000000000000000000000000000000000000000000000010000000,0.014985427700000003,598.2172932223544
1511887894925,INFO,EXPLORE_EVENT,000000000000000000000000000000000000000001000000000010000000,0.04947575814518608,1616.2497190106783
1511887897377,INFO,EXPLORE_EVENT,000000000000000000000000000000000000000000000000000011000000,0.03128402402588742,1915.6084096235304
1511887899856,INFO,EXPLORE_EVENT,000000000000000000000000000001000000000000000000000010000000,0.049242567716046834,1600.545185580133
1511887902011,INFO,EXPLORE_EVENT,000000000000000001000000000000000000000000000000000010000000,0.045737082116775137,1607.521839904371
1511887904476,INFO,EXPLORE_EVENT,000000000000000000000000000000000000000000000000000010000000,0.014985427700000003,598.2172932223544
1511887907106,INFO,EXPLORE_EVENT,000000000000000000100000000000000000000000000000000010000000,0.0360113765375,1029.7736533562854
1511887908795,INFO,EXPLORE_EVENT,000000000000000000000000000000100000000000000000000010000000,0.0360113765375,1025.9553141016909
1511887911094,INFO,EXPLORE_EVENT,000000000000000000000000000000000000000000000000000010000000,0.014985427700000003,598.2172932223544
1511887912830,INFO,EXPLORE_EVENT,000000000000000000000000000000000000000000000000000000000000,0.0,0.0
1511887915767,INFO,EXPLORE_EVENT,000000000000010000000000000000000000000000000000000000000000,0.02544675,268.75502213727935
1511887917499,INFO,EXPLORE_EVENT,000000000000000000000000010000000000000000000000000000000000,0.0,267.90279362473655
1511887921077,INFO,EXPLORE_EVENT,000000000000000000000000000000000000010000000000000000000000,0.0,258.7277567620171
1511887923495,INFO,EXPLORE_EVENT,000000000000000000000000000000000000000000000000010000000000,0.02944290135,258.7511670871233
1511887934448,INFO,CLICK_EVENT,000000000000000000000001000000000000000000000000000000000000,0.054144065624999994,365.9354379217204
1511887936826,INFO,CLICK_EVENT,000000000000000000000001000000000000000000000000000000000000,0.054144065624999994,365.9354379217204
1511887947280,INFO,EXPLORE_EVENT,000000000000000000000001000000000000000000000000010000000000,0.083586966975,624.6297148946351
1511887950132,INFO,CLICK_EVENT,000000000000000000000001000000000000000000000000010000000000,0.083586966975,624.6297148946351
1511887955261,INFO,CLICK_EVENT,000000000000000000000001000000100000000000000000000000000010,0.09350399517187502,1005.1421098115861
1511887956915,INFO,CLICK_EVENT,000000000000000000000001000000000000000000000000010000000000,0.083586966975,624.6297148946351
1511887958209,INFO,CLICK_EVENT,000000000000000000000001000000100000000000000000000000000010,0.09350399517187502,1005.1421098115861
1511887961862,INFO,CLICK_EVENT,000000000000000000000001000000000000000000000000000000000010,0.07247804633437499,577.4040889322498
1511887962870,INFO,CLICK_EVENT,000000000000000000000001000000000000000000000000010000000000,0.083586966975,624.6297148946351
1511887967954,INFO,CLICK_EVENT,000000000000000000000001000000000000000000000000000000000010,0.07247804633437499,577.4040889322498
1511887971270,INFO,CLICK_EVENT,000000000000000000000001000000000000000000000000010000000000,0.083586966975,624.6297148946351
1511887972761,INFO,CLICK_EVENT,000000000000000000000001000000100000000000000000000000000010,0.09350399517187502,1005.1421098115861
1511887974289,INFO,CLICK_EVENT,000000000000000000000001000000000000000000000000010000000000,0.083586966975,624.6297148946351
1511887979863,INFO,CLICK_EVENT,000000000000000000000001000000100000000001000000100000000010,0.12920456526684485,2172.668711044067
1511887983599,INFO,CLICK_EVENT,000000000000000000000001000000100000000001000000100000000010,0.12920456526684485,2172.668711044067
1511887989978,INFO,EXPLORE_EVENT,000000000000000000000001000000000000000000000000010000000010,0.101920947684375,735.5446888606095
1511887997825,INFO,EXPLORE_EVENT,000000000000000000000001000000000000000000000000110000000010,0.11237964431459087,1322.6902943789692
1511888001740,INFO,EXPLORE_EVENT,000000000000000000000001000000000000000000000000010000000010,0.101920947684375,735.5446888606095
1511888005238,INFO,EXPLORE_EVENT,000000000000000000000001000000000000000001000000010000000010,0.12931674815667485,1753.5771146489333
1511888008022,INFO,EXPLORE_EVENT,000000000000000000000001000000000000000000000000010000000010,0.101920947684375,735.5446888606095
1511888011130,INFO,EXPLORE_EVENT,000000000000000000000001000000100000000000000000010000000010,0.122182245271875,1163.2827097399459
1511888024973,INFO,CLICK_EVENT,000000000000000000000001000000000000000001000000010000000010,0.12931674815667485,1753.5771146489333
1511888027157,INFO,CLICK_EVENT,000000000000000000000001000000100000000000000000010000000010,0.122182245271875,1163.2827097399459
1511888029888,INFO,CLICK_EVENT,000000000000000000000001000000000000000001000000010000000010,0.12931674815667485,1753.5771146489333
1511888034049,INFO,CLICK_EVENT,000000000000000000000001000000100000000000000000010000000010,0.122182245271875,1163.2827097399459
1511888035886,INFO,CLICK_EVENT,000000000000000000000001000000000000000001000000010000000010,0.12931674815667485,1753.5771146489333
1511888041066,INFO,EXPLORE_EVENT,000000000000000000000001000000100000000000000000000000000000,0.0751700144625,793.6734588010568
1511888050467,INFO,EXPLORE_EVENT,000000000000000000000001000000100000000000000000000000000010,0.09350399517187502,1005.1421098115861
1511888058718,INFO,EXPLORE_EVENT,000000000000000000000001000000100000000000000000010000000010,0.122182245271875,1163.2827097399459
1511888061693,INFO,EXPLORE_EVENT,000000000000000000000001000000100000000001000000010000000010,0.14342071786684485,2181.31513552827
1511888065167,INFO,EXPLORE_EVENT,000000000000000000000001000000100000000000000000010000000010,0.122182245271875,1163.2827097399459
1511888067093,INFO,CLICK_EVENT,000000000000000000000001000000100000000000000000010000000010,0.122182245271875,1163.2827097399459
1511888069883,INFO,CLICK_EVENT,000000000000000000000001000000000000000001000000010000000010,0.12931674815667485,1753.5771146489333
1511888073301,INFO,CLICK_EVENT,000000000000000000000001000000000000000000000000110000000010,0.11237964431459087,1322.6902943789692
1511888075297,INFO,CLICK_EVENT,000000000000000000000001000000100000000000000000010000000010,0.122182245271875,1163.2827097399459
1511888083847,INFO,CLICK_EVENT,000000000000000000000001000000100000000001000000010000000010,0.14342071786684485,2181.31513552827
1511888086051,INFO,CLICK_EVENT,000000000000000000000001000000100000000001000000010000000010,0.14342071786684485,2181.31513552827
1511888089633,INFO,EXPLORE_EVENT,000000000000000000000001000000100000100000000000010000000010,0.122182245271875,1414.082201248724
1511888093680,INFO,EXPLORE_EVENT,000000000000000000000001000000100000000000000000010000000010,0.122182245271875,1163.2827097399459
1511888095893,INFO,EXPLORE_EVENT,000000000000000000000001000000100000010000000000000000000010,0.09350399517187502,1263.8129240419464
1511888098843,INFO,EXPLORE_EVENT,000000000000000000000001000000100000000000000000000000000010,0.09350399517187502,1005.1421098115861
1511888101888,INFO,EXPLORE_EVENT,000000000000000000000001000000100000001000000000010000000010,0.12322240268437501,1832.2682869581304
1511888104103,INFO,EXPLORE_EVENT,000000000000000000000001000000100000000000000000010000000010,0.122182245271875,1163.2827097399459
1511888106750,INFO,EXPLORE_EVENT,000000000000000000000001000000100000000100000000010000000010,0.122182245271875,1957.383450955807
1511888109017,INFO,EXPLORE_EVENT,000000000000000000000001000000100000000000000000010000000010,0.122182245271875,1163.2827097399459
1511888110931,INFO,EXPLORE_EVENT,000000000000000000000001000000100000000010000000010000000010,0.134125826421875,1761.3481646617652
1511888114284,INFO,EXPLORE_EVENT,000000000000000000000001000000100000000000000000010000000010,0.122182245271875,1163.2827097399459
1511888116842,INFO,EXPLORE_EVENT,000000000000000000000001000000100000000001000000010000000010,0.14342071786684485,2181.31513552827
1511888118968,INFO,EXPLORE_EVENT,000000000000000000000001000000100000000000000000010000000010,0.122182245271875,1163.2827097399459
1511888120651,INFO,EXPLORE_EVENT,000000000000000000000001000000100000000000010000010000000010,0.122182245271875,1327.5710563082791
1511888123979,INFO,EXPLORE_EVENT,000000000000000000000001000000100000000000000000010000000010,0.122182245271875,1163.2827097399459
1511888125520,INFO,EXPLORE_EVENT,000000000000000000000001000000100000000000001000010000000010,0.122182245271875,1804.3768754377256
1511888131641,INFO,EXPLORE_EVENT,000000000000000000000001000000100000000000000000010000000010,0.122182245271875,1163.2827097399459
1511888134156,INFO,EXPLORE_EVENT,000000000000000000000001000000100000000000000100010000000010,0.122182245271875,1603.2557552069734
1511888136288,INFO,EXPLORE_EVENT,000000000000000000000001000000100000000000000000010000000010,0.122182245271875,1163.2827097399459
1511888137791,INFO,EXPLORE_EVENT,000000000000000000000001000000100000000000000010010000000000,0.1038482645625,1263.7453505127987
1511888139704,INFO,EXPLORE_EVENT,000000000000000000000001000000100000000000000010010000000010,0.122182245271875,1374.6603244787732
1511888147140,INFO,EXPLORE_EVENT,000000000000000000000001000000100000000000000011010000000010,0.12718880777187502,1611.595738051059
1511888149961,INFO,EXPLORE_EVENT,000000000000000000000001000000100000000000000010010000000010,0.122182245271875,1374.6603244787732
1511888154391,INFO,EXPLORE_EVENT,000000000000000000000001000000100000000000000000010000000010,0.122182245271875,1163.2827097399459
1511888158563,INFO,CLICK_EVENT,000000000000000000000001000000100000000000000000010000000010,0.122182245271875,1163.2827097399459
1511888158975,INFO,CLICK_EVENT,000000000000000000000001000000100000000000000000010000000010,0.122182245271875,1163.2827097399459
1511888163570,INFO,CLICK_EVENT,000000000000000000000001000000100000000000000000010000000010,0.122182245271875,1163.2827097399459
1511888164818,INFO,CLICK_EVENT,000000000000000000000001000000100000000000000000010000000010,0.122182245271875,1163.2827097399459
1511888185376,INFO,CLICK_EVENT,000000000000000000000000000000000000000000000000100000000000,0.0144620975,250.88035225693346
1511888187480,INFO,CLICK_EVENT,000000000000000000000001000000000000000000000000000000000000,0.054144065624999994,365.9354379217204
1511888189209,INFO,CLICK_EVENT,000000000000000000000001000000000000000000000000000000000010,0.07247804633437499,577.4040889322498
1511888197348,INFO,CLICK_EVENT,000000000000000000000001000000000000000000000000010000000000,0.083586966975,624.6297148946351
1511888201921,INFO,CLICK_EVENT,000000000000000000000001000000000000000000000000010000000010,0.101920947684375,735.5446888606095
1511888208654,INFO,CLICK_EVENT,000000000000000000000001000000100000000000000000010000000010,0.122182245271875,1163.2827097399459
1511888209791,INFO,CLICK_EVENT,000000000000000000000001000000100000000000000000010000000010,0.122182245271875,1163.2827097399459
1511888212178,INFO,CLICK_EVENT,000000000000000000000001000000100000000000010000010000000010,0.122182245271875,1327.5710563082791
1511888215885,INFO,CLICK_EVENT,000000000000000000000001000000100000000000000000010000000010,0.122182245271875,1163.2827097399459
1511888240317,INFO,EXPLORE_EVENT,000000000000000000000000000000100000000000000000010000000010,0.068038179646875,797.3472718182254
1511888243023,INFO,EXPLORE_EVENT,000000000000000000000001000000100000000000000000010000000010,0.122182245271875,1163.2827097399459
1511888252424,INFO,EXPLORE_EVENT,000000000000100000000001000000100000000000000000010000000010,0.134043057771875,1324.535920932224
1511888257229,INFO,EXPLORE_EVENT,000000000000000000000001100000100000000000000000010000000010,0.122182245271875,1322.770006058047
1511888259400,INFO,EXPLORE_EVENT,000000000000000000000001000000100000100000000000010000000010,0.122182245271875,1414.082201248724
1511888262047,INFO,EXPLORE_EVENT,000000000000000000000001000000100000000000000000110000000010,0.13339118308671563,1750.4283152583055
1511888265568,INFO,EXPLORE_EVENT,000000000000100000000001000000100000000000000000010000000010,0.134043057771875,1324.535920932224
1511888281103,INFO,CLICK_EVENT,000000000000000000000000000000000000000000000000000000000000,0,0
1511888288225,INFO,EXPLORE_EVENT,000000000000100000000001000000100000000000000000010000000010,0.134043057771875,1324.535920932224
1511888291672,INFO,EXPLORE_EVENT,000000000001100000000000000000100000000000000000010000000010,0.140800529646875,1422.5067363511414
1511888293734,INFO,EXPLORE_EVENT,000000000000100000000001000000100000000000000000010000000010,0.134043057771875,1324.535920932224
1511888298672,INFO,EXPLORE_EVENT,000000000001100000000000000000100000000000000000010000000010,0.140800529646875,1422.5067363511414
1511888302764,INFO,EXPLORE_EVENT,100000000001000000000000000000100000000000000000010000000010,0.141807854646875,1324.535920932224
1511888305149,INFO,EXPLORE_EVENT,000000000001100000000000000000100000000000000000010000000010,0.140800529646875,1422.5067363511414
1511888308504,INFO,EXPLORE_EVENT,100000000001000000000000000000100000000000000000010000000010,0.141807854646875,1324.535920932224
1511888313298,INFO,EXPLORE_EVENT,100000000001001000000000000000100000000000000000010000000010,0.142848012059375,2007.9056765607443
1511888316479,INFO,EXPLORE_EVENT,101000000001000000000000000000100000000000000000010000000010,0.14652416869385135,2836.350311973596
1511888319989,INFO,EXPLORE_EVENT,100000000001000000000000001000100000000000000000010000000010,0.145042392059375,1928.0650232180333
1511888322430,INFO,EXPLORE_EVENT,100000000001000000000000000000100000001000000000010000000010,0.142848012059375,1993.5214981504082
1511888325500,INFO,EXPLORE_EVENT,100000000001000000000000000000100000000000000000011000000010,0.13600334812678005,2676.6651982307653
1511888328078,INFO,EXPLORE_EVENT,100000000001000000000000000000100000000000000000010000000010,0.141807854646875,1324.535920932224
1511888331497,INFO,EXPLORE_EVENT,000000000000000000000000000000000000000000000000000000000000,0.0,0.0
1511888338842,INFO,CLICK_EVENT,000000000000000000000001000000000000000000000000010000000000,0.083586966975,624.6297148946351
1511888346009,INFO,EXPLORE_EVENT,000000000000000000000000000000000000000000000000010000000000,0.02944290135,258.7511670871233
1511888350478,INFO,EXPLORE_EVENT,000000000001000000000000000000000000000000000000010000000000,0.09084810135000002,624.6297148946351
1511888362162,INFO,EXPLORE_EVENT,000000000001000000000100000000000000000000000000010000000000,0.1245290971181083,1073.0380782602251
1511888372246,INFO,EXPLORE_EVENT,000000000001000000000100000000010000000000000000010000000000,0.1245290971181083,1240.3889365380146
1511888374763,INFO,EXPLORE_EVENT,000000000001000000000100000000000000000000000000010000000000,0.1245290971181083,1073.0380782602251
1511888376364,INFO,EXPLORE_EVENT,000000000001000000000100000000001000000000000000010000000000,0.1245290971181083,1739.9084545052806
1511888378907,INFO,EXPLORE_EVENT,000000000001000000000100000000000000000000000000010000000000,0.1245290971181083,1073.0380782602251
1511888381046,INFO,EXPLORE_EVENT,000000000001000000000100000000000000000000000100010000000000,0.1245290971181083,1513.3943133805772
1511888383218,INFO,EXPLORE_EVENT,000000000001000000000100000000000000000000000000010000000000,0.1245290971181083,1073.0380782602251
1511888385562,INFO,EXPLORE_EVENT,000000000001000000000100000000000000000000000010010000000000,0.1245290971181083,1284.4156929990525
1511888387967,INFO,EXPLORE_EVENT,000000000001000000000100000000000010000000000000010000000000,0.1245290971181083,1323.3213564351377
1511888390050,INFO,EXPLORE_EVENT,000000000001000000000100000000000000000000000000010000000000,0.1245290971181083,1073.0380782602251
1511888395308,INFO,EXPLORE_EVENT,000000000000000000000000000000000000000000000000000000000000,0.0,0.0
1511888398120,INFO,CLICK_EVENT,000000000001000000000100000000000000000000000000010000000000,0.1245290971181083,1073.0380782602251
1511888401350,INFO,CLICK_EVENT,100000000001000000000000000000100000000000000000010000000010,0.141807854646875,1324.535920932224
1511888403875,INFO,CLICK_EVENT,100000000001000000000000000000100000000000000000010000000010,0.141807854646875,1324.535920932224
1511888405338,INFO,CLICK_EVENT,100000000001000000000000000000100000000000000000010000000010,0.141807854646875,1324.535920932224
1511888409365,INFO,CLICK_EVENT,100000000001000000000000000000100000000000000000010000000010,0.141807854646875,1324.535920932224
1511888417980,INFO,EXPLORE_EVENT,000111000000000000000000000000000000000000000000000000000001,0.06583130964867166,3067.4796904106206
1511888421168,INFO,EXPLORE_EVENT,000000000000000000000000000000000000000000000000000000000001,0.057578128125,371.2660324671776
1511888432566,INFO,CLEAR_SCREEN,000000000000000000000000000000000000000000000000000000000001,N/A,N/A
1511888434990,INFO,CLICK_EVENT,000000000000000000000000000000000000000000000000000000000000,0,0
1511888438602,INFO,EXPLORE_EVENT,000000000000000000000000000000000000000000000000000000000000,0.0,0.0
1511888448554,INFO,EXPLORE_EVENT,000000000000000000000000000000000000000000000000000000000001,0.057578128125,371.2660324671776
1511888451765,INFO,EXPLORE_EVENT,000000000000000000000000000000000000000000000000000000000000,0.0,0.0
1511888457110,INFO,EXPLORE_EVENT,000000000000000000000000000000000000000000000000000000000001,0.057578128125,371.2660324671776
1511888464989,INFO,EXPLORE_EVENT,000000000000000000000000000000000000000000000000010000000001,0.087524691975,521.1415378661596
1511888471136,INFO,EXPLORE_EVENT,100000000000000000000000000000000000000000000000010000000001,0.098881841975,780.3655644773548
1511888476321,INFO,EXPLORE_EVENT,100000000000000000000000000000000010000000000000010000000001,0.098881841975,1030.6488426522674
1511888478254,INFO,EXPLORE_EVENT,100000000000000000000000000000000000000000000000010000000001,0.098881841975,780.3655644773548
1511888481595,INFO,EXPLORE_EVENT,100000000000000000000000000010000000000000000000010000000001,0.100850095625,1404.5456399952668
1511888483650,INFO,EXPLORE_EVENT,100000000000000000000000000000000000000000000000010000000001,0.098881841975,780.3655644773548
1511888486301,INFO,EXPLORE_EVENT,100000000000000000000000000000001000000000000000010000000001,0.098881841975,1447.2359407224103
1511888488431,INFO,EXPLORE_EVENT,100000000000000000000000000000000000000000000000010000000001,0.098881841975,780.3655644773548
1511888492732,INFO,CLICK_EVENT,100000000000000000000000000000000000000000000000010000000001,0.098881841975,780.3655644773548
1511888493202,INFO,CLICK_EVENT,100000000000000000000000000000000000000000000000010000000001,0.098881841975,780.3655644773548
1511888535890,INFO,EXPLORE_EVENT,000000000000000000000000000000000000000000000000000000000000,0.0,0.0
1511888536908,INFO,CLICK_EVENT,000000000000000000000000000000000000000000000000000000000000,0,0
1511888538202,INFO,CLEAR_SCREEN,000000000000000000000000000000000000000000000000000000000000,N/A,N/A
1511888564338,INFO,CLEAR_SCREEN,000000000000000000000000000000000000000000000000000000000000,N/A,N/A
1511888565138,INFO,CLICK_EVENT,000000000000000000000000000000000000000000000000000000000000,0,0
1511889084266,INFO,TREATMENT_3,000000000000000000000000000000000000000000000000000000000000,N/A,N/A
1511889100657,INFO,EXPLORE_EVENT,000000000000000000000000100000000000000000000000000000000000,0.021025948837500003,412.61622373455975
1511889100944,INFO,AGENT_EVENT,000000000000000000000000100000000001000000000000000000000000,0.03783513597875632,1588.1020098005288
1511889101874,INFO,AGENT_EVENT,000000000000000000000000101000000000000000000000000000000000,0.014828369283726101,1204.4114478547067
1511889103032,INFO,AGENT_EVENT,000100000000000000000000100000000000000000000000000000000000,0.067948262094121,861.1808950492991
1511889104461,INFO,AGENT_EVENT,000010000000000000000000100000000000000000000000000000000000,0.022162592587500002,666.3364705828221
1511889104830,INFO,CLICK_EVENT,000100000000000000000000100000000000000000000000000000000000,0.067948262094121,861.1808950492991
1511889105728,INFO,AGENT_EVENT,000000000000000000000000100000000000000000000000000100000000,0.07171003853491004,861.1808950492991
1511889106485,INFO,AGENT_EVENT,000000000000000000000000000000000000000000000000000000000000,0.0,0.0
1511889107729,INFO,AGENT_EVENT,000000000000000000000000100000000000000001000000000000000000,0.07860407696249999,783.8822562017373
1511889108817,INFO,CLICK_EVENT,000000000000000000000000100000000000000001000000000000000000,0.07860407696249999,783.8822562017373
1511889108950,INFO,AGENT_EVENT,000000000000000000000000100000000000000000000000000100000000,0.07171003853491004,861.1808950492991
1511889110198,INFO,AGENT_EVENT,000000000000000000000000100000000000000000000000100000000000,0.0327478624125,806.8212411837891
1511889111463,INFO,AGENT_EVENT,000000000000100000000000100000000000000000000000000000000000,0.022341612412500003,803.0089833425848
1511889112369,INFO,AGENT_EVENT,000000000000000000000000100000010000000000000000000000000000,0.021025948837500003,574.9000530747271
1511889113391,INFO,AGENT_EVENT,000000100000000000000000100000000000000000000000000000000000,0.0354880463375,671.9923435065807
1511889114411,INFO,AGENT_EVENT,000000000000000000000000100000000000000000000000000000010000,0.0457080475875,681.4673475853369
1511889115491,INFO,AGENT_EVENT,000001000000000000000000100000000000000000000000000000000000,0.0751700144625,778.5516616562801
1511889116714,INFO,AGENT_EVENT,000100000000000000000000100000000000000000000000000000000000,0.067948262094121,861.1808950492991
1511889117726,INFO,AGENT_EVENT,000000000100000000000000100000000000000000000000000000000000,0.023058847670587926,1278.4658986055447
1511889118882,INFO,AGENT_EVENT,000000000000000000000000100000000000001000000000000000000000,0.05904076913885316,1053.773389555001
1511889120619,INFO,EXPLORE_EVENT,000000000000000000000000100000000000000001000000000000000000,0.07860407696249999,783.8822562017373
1511889120918,INFO,AGENT_EVENT,000000000000000000000000100000000000000001000000010000000000,0.0910308600875,951.1886824959934
1511889122141,INFO,AGENT_EVENT,000000000000000000000000100000000000000001000000000000000010,0.07860407696249999,1413.8872445710158
1511889123347,INFO,AGENT_EVENT,000000000000000000000000100000000000000001000100000000000000,0.03437278945155926,1686.593098058832
1511889124597,INFO,AGENT_EVENT,000000001000000000000000100000000000000001000000000000000000,0.08119670812499999,1467.2520118302577
1511889126213,INFO,CLICK_EVENT,000000000000000000000000100000000000000001000000010000000000,0.0910308600875,951.1886824959934
1511889126259,INFO,AGENT_EVENT,000000000000000001000000100000000000000001000000000000000000,0.0801765769625,1118.4663033652523
1511889127751,INFO,AGENT_EVENT,000100000000000000000000100000000000000001000000000000000000,0.11875673845234067,1232.2906195673274
1511889128969,INFO,AGENT_EVENT,000000010000000000000000100000000000000001000000000000000000,0.10328617571250001,1052.5872672619591
1511889131192,INFO,EXPLORE_EVENT,000000000000000000000000100000000000000001000000010000000000,0.0910308600875,951.1886824959934
1511889131665,INFO,AGENT_EVENT,000000000000000000000000100000000000010001000000010000000000,0.1161030407125,1009.5079819493628
1511889131989,INFO,CLICK_EVENT,000100000000000000000000100000000000000001000000000000000000,0.11875673845234067,1232.2906195673274
1511889132869,INFO,CLICK_EVENT,000000000000000000000000100000000000010001000000010000000000,0.1161030407125,1009.5079819493628
1511889132869,INFO,AGENT_EVENT,000000000000000000000000100000000000000000000000010000000000,0.0334527319625,580.0152672734271
1511889134388,INFO,AGENT_EVENT,000000000000000000000000100000000000000001001000010000000000,0.094323458075,1525.9342496946301
1511889135535,INFO,CLICK_EVENT,000000000000000000000000100000000000010001000000010000000000,0.1161030407125,1009.5079819493628
1511889135827,INFO,AGENT_EVENT,000000000000000000000000100000000000000001100000010000000000,0.10444414633749999,1092.6801609861466
1511889137271,INFO,AGENT_EVENT,000000000000000000000000100000000000000001100000010000000000,0.10444414633749999,1092.6801609861466
1511889138733,INFO,AGENT_EVENT,000000000000000000000000100000000000000001010000010000000000,0.1196444257625,1101.0641878949755
1511889140215,INFO,AGENT_EVENT,000000000000000000000000100000000010000001000000010000000000,0.10700041461249998,1474.5099774979894
1511889141543,INFO,AGENT_EVENT,000000000000000000000000101000000000000001000000010000000000,0.08437567552169399,1742.9839066161405
1511889145652,INFO,CLICK_EVENT,000000000000000000000000100000000000000001010000010000000000,0.1196444257625,1101.0641878949755
1511889146155,INFO,EXPLORE_EVENT,000000000000000000000000100000000000010001000000010000000000,0.1161030407125,1009.5079819493628
1511889146534,INFO,AGENT_EVENT,000000000000000000000000100000000000010001000001010000000000,0.08364846822987776,2188.9396923788768
1511889148491,INFO,AGENT_EVENT,000000000000000000000000100000000100010001000000010000000000,0.09659547738005872,1959.1492403096945
1511889150566,INFO,AGENT_EVENT,000000000000000000001000100000000000010001000000010000000000,0.117907849375,1687.5282731440625
1511889151544,INFO,CLICK_EVENT,000000000000000000000000100000000000000001010000010000000000,0.1196444257625,1101.0641878949755
1511889152695,INFO,AGENT_EVENT,000000000000000010000000100000000000010001000000010000000000,0.1161030407125,1259.7912601242754
1511889154218,INFO,AGENT_EVENT,000000000000000000000000100000000000010001000000000000000000,0.1112956576375,842.2015556551066
1511889156439,INFO,AGENT_EVENT,000000000000000000000100100000000000010001000000010000000000,0.1161030407125,1870.2739886279437
1511889158497,INFO,AGENT_EVENT,000010000000000000000000100000000000010001000000010000000000,0.1172396844625,1263.2282287976252
1511889162653,INFO,EXPLORE_EVENT,000000000000000000000000100000000000000001010000010000000000,0.1196444257625,1101.0641878949755
1511889162921,INFO,EXPLORE_EVENT,000000000000000000000000100000000000010001010000010000000000,0.1435687413875,1164.1518460776283
1511889163855,INFO,AGENT_EVENT,000000000000000000000000110000000000000001010000010000000000,0.1196444257625,1160.329650033577
1511889165754,INFO,AGENT_EVENT,000000000000000000000000100000000000000001010000010010000000,0.1202127476375,1253.84527687528
1511889166303,INFO,CLICK_EVENT,000000000000000000000000100000000000010001010000010000000000,0.1435687413875,1164.1518460776283
1511889167287,INFO,AGENT_EVENT,000000000000000000000100100000000000000001010000010000000000,0.1196444257625,1961.8301945735561
1511889168952,INFO,AGENT_EVENT,000000000000000000000000100000000000000001010010010000000000,0.09892100069357104,2437.393672368508
1511889170569,INFO,AGENT_EVENT,000000000000000000000000100000000000000001010000010000000010,0.12062855258750001,1630.1612450157663
1511889172612,INFO,AGENT_EVENT,000000000000000000000000100000000000010001010000010000000000,0.1435687413875,1164.1518460776283
1511889174422,INFO,AGENT_EVENT,001000000000000000000000100000000000000001010000010000000000,0.12280096541728591,1770.2755523936066
1511889175989,INFO,AGENT_EVENT,000000000000000000000100100000000000000001010000010000000000,0.1196444257625,1961.8301945735561
1511889177322,INFO,AGENT_EVENT,000000000000000000000000100000000000000001010000000000000000,0.1077859895625,933.7577616007193
1511889179071,INFO,AGENT_EVENT,000000000000100000000000100000000000000001010000010000000000,0.12017226683750001,1491.2772234798622
1511889180338,INFO,AGENT_EVENT,000000000000000000000000100000000000000000010000010000000000,0.0615626351375,838.7664343605504
1511889182122,INFO,AGENT_EVENT,000000000000000000000000100000000000001001010000010000000000,0.09589986949891971,1972.4544511115414
1511889183694,INFO,AGENT_EVENT,000000000000000000000000100000000000000001011000010000000000,0.10288664740039713,2562.5156252891716
1511889184943,INFO,AGENT_EVENT,000000000000000000000000100000000000000001010000000000000000,0.1077859895625,933.7577616007193
1511889186542,INFO,AGENT_EVENT,000000000000000000000010100000000000000001010000010000000000,0.12062855258750001,1725.2442634128874
1511889188159,INFO,AGENT_EVENT,000000000100000000000000100000000000000001010000010000000000,0.12167732459558793,1966.9138627659604
1511889189687,INFO,AGENT_EVENT,000000000000000000000100100000000000000001010000010000000000,0.1196444257625,1961.8301945735561
1511889191359,INFO,AGENT_EVENT,000000000000000000000000100000000000100001010000010000000000,0.12315446933750002,1419.239250328906
1511889193104,INFO,AGENT_EVENT,000100000000000000000000100000000000000001010000010000000000,0.15332542153060832,1549.4725512605655
1511889194770,INFO,AGENT_EVENT,000000000000000000000000100000000100000001010000010000000000,0.10302196872565589,2050.7054462553074
1511889196465,INFO,AGENT_EVENT,000000000000000000000000100000000000000001010010010000000000,0.09892100069357104,2437.393672368508
1511889198115,INFO,AGENT_EVENT,000000100000000000000000100000000000000001010000010000000000,0.13100157576250002,1360.2882145061708
1511889199953,INFO,AGENT_EVENT,000000000000000000000000100000000000010001010000010000000000,0.1435687413875,1164.1518460776283
1511889201481,INFO,AGENT_EVENT,000000000000000000000000100000010000000001010000010000000000,0.1196444257625,1263.3480172351428
1511889203057,INFO,AGENT_EVENT,000000000100000000000000100000000000000001010000010000000000,0.12167732459558793,1966.9138627659604
1511889204822,INFO,AGENT_EVENT,000000000000000000000001100000000000000001010000010000000000,0.13851861543960728,2103.3920802527537
1511889206887,INFO,EXPLORE_EVENT,000000000001000000000000100000000000000001010000010000000000,0.1350131298403356,2110.368734576992
1511889207384,INFO,AGENT_EVENT,000000000001000000000001100000000000000001010000010000000000,0.14168110991059202,3112.6966269347704
1511889209174,INFO,AGENT_EVENT,000000000001000010000000100000000000000001010000010000000000,0.1350131298403356,2360.6520127519047
1511889210970,INFO,AGENT_EVENT,000000000001000000000000100000000000000001010000010000001000,0.1383912872528356,2692.3628235769647
1511889213976,INFO,EXPLORE_EVENT,000000000000000000000000100000000000000001010000010000000000,0.1196444257625,1101.0641878949755
1511889215477,INFO,EXPLORE_EVENT,000000000010000000000000100000000000000001010000010000000000,0.12062855258750001,1731.069176264254
1511889215567,INFO,AGENT_EVENT,000000000010000000000000100000000000000001010000010000000100,0.11546299421093342,2550.4964185346544
1511889217369,INFO,AGENT_EVENT,000000000010000000000000100000000000000001010000010001000000,0.12914213696250001,1964.9605151652813
1511889219173,INFO,AGENT_EVENT,000000000010000000000000100000000000000001010000010000000001,0.138865721567131,2693.8478404147695
1511889220899,INFO,AGENT_EVENT,000000000010000000010000100000000000000001010000010000000000,0.12062855258750001,1998.9204462552611
1511889221611,INFO,CLICK_EVENT,000100000000000000000000100000000000000001010000010000000000,0.15332542153060832,1549.4725512605655
1511889222894,INFO,AGENT_EVENT,000100000010000000000000100000000000000001010000010000000000,0.1453018684689946,2496.022548452743
1511889227713,INFO,EXPLORE_EVENT,000000000000000000000000100000000000000001010000010000000000,0.1196444257625,1101.0641878949755
1511889228356,INFO,EXPLORE_EVENT,000000000000000000000010100000000000000001010000010000000000,0.12062855258750001,1725.2442634128874
1511889229415,INFO,EXPLORE_EVENT,000100000000000000000000100000000000000001010000010000000000,0.15332542153060832,1549.4725512605655
1511889229813,INFO,AGENT_EVENT,000100000000000000000000100000000000000011010000010000000000,0.1598108829697189,2193.1576169958175
1511889231505,INFO,CLICK_EVENT,000100000000000000000000100000000000000011010000010000000000,0.1598108829697189,2193.1576169958175
1511889231998,INFO,AGENT_EVENT,000100000000000000000000100000000001000001010000010000000000,0.1567860798941818,2724.9583373265345
1511889234065,INFO,AGENT_EVENT,000100000000000000000000100000000001000001010000010000000000,0.1567860798941818,2724.9583373265345
1511889235850,INFO,AGENT_EVENT,000100000000000000000000100000100000000001010000010000000000,0.15332542153060832,1703.2183402168534
1511889237999,INFO,AGENT_EVENT,001100000000000000000000100000000000000001010000010000000000,0.13994405015410455,2026.560414044659
1511889240271,INFO,AGENT_EVENT,000100000010000000000000100000000000000001010000010000000000,0.1453018684689946,2496.022548452743
1511889242212,INFO,AGENT_EVENT,000100010000000000000000100000000000000001010000010000000000,0.1469383568955999,1867.108003741203
1511889244040,INFO,AGENT_EVENT,000100000000000000000000100000001000000001010000010000000000,0.1565599589431083,2141.9523325069367
1511889245818,INFO,AGENT_EVENT,000100000000000000000000100010000000000001010000010000000000,0.15332542153060832,1672.2409398303796
1511889247860,INFO,AGENT_EVENT,000100000000000000000000100000000000001001010000010000000000,0.13385278675323756,2420.8628144771315
1511889249858,INFO,AGENT_EVENT,000100000000000000000000100000000000000011010000010000000000,0.1598108829697189,2193.1576169958175
1511889251604,INFO,AGENT_EVENT,000100000000000000100000100000000000000001010000010000000000,0.15332542153060832,1807.9779237566472
1511889252537,INFO,CLICK_EVENT,000100000000000000000000100000001000000001010000010000000000,0.1565599589431083,2141.9523325069367
1511889253566,INFO,AGENT_EVENT,000100100000000000000000100000000000000001010000010000000000,0.1518087734064819,1848.6686913217582
1511889255421,INFO,AGENT_EVENT,000100000000000000000000100000000000000001010100010000000000,0.10264528963033714,2577.397476280745
1511889257354,INFO,AGENT_EVENT,000100000000000000000000100000000000000001010100010000000000,0.10264528963033714,2577.397476280745
1511889257514,INFO,CLICK_EVENT,000100000000000000000000100000000000000011010000010000000000,0.1598108829697189,2193.1576169958175
1511889258910,INFO,AGENT_EVENT,000100000000000000000000100000000000000001010000000000000000,0.1414669853306083,1382.1661249663093
1511889259619,INFO,CLICK_EVENT,000100000000000000000000100000001000000001010000010000000000,0.1565599589431083,2141.9523325069367
1511889261037,INFO,AGENT_EVENT,000100000000000000000001100000000000000001010000010000000000,0.16747118077182396,2551.800443618344
1511889261091,INFO,CLICK_EVENT,000000000000000000000000000000000000000000000000000000000000,0,0
1511889262725,INFO,CLICK_EVENT,000100000000000000000000100000000000000011010000010000000000,0.1598108829697189,2193.1576169958175
1511889263125,INFO,AGENT_EVENT,000100000000000000000000100001000000000001010000010000000000,0.15655008715560834,1809.946157014745
1511889264562,INFO,AGENT_EVENT,000000000000000000000000100000000000000001010000010000000000,0.1196444257625,1101.0641878949755
1511889265748,INFO,CLICK_EVENT,000100000000000000000000100000001000000001010000010000000000,0.1565599589431083,2141.9523325069367
1511889266736,INFO,AGENT_EVENT,000100000000000000000000100000000000000001010000010001000000,0.16183900590560832,1783.3638901615932
1511889268675,INFO,AGENT_EVENT,000100000000010000000000100000000000000001010000010000000000,0.15332542153060832,1716.9399678900118
1511889269013,INFO,CLICK_EVENT,000100000000000000000000100000000000000001010000010001000000,0.16183900590560832,1783.3638901615932
1511889270676,INFO,AGENT_EVENT,000110000000000000000000100000000000000001010000010000000000,0.14983810012328308,1822.7025871364708
1511889272518,INFO,AGENT_EVENT,000100100000000000000000100000000000000001010000010000000000,0.1518087734064819,1848.6686913217582
1511889274345,INFO,AGENT_EVENT,000100000100000000000000100000000000000001010000010000000000,0.12990744935375217,2215.155760946142
1511889276095,INFO,AGENT_EVENT,000100000000000000000000101000000000000001010000010000000000,0.14735322952007412,2341.2677753807125
1511889278150,INFO,AGENT_EVENT,000100000000000000000000100000000000000001010000011000000000,0.15359424583699924,2180.253002826596
1511889284085,INFO,EXPLORE_EVENT,000100000000000000000000100000000000000001010000010000000000,0.15332542153060832,1549.4725512605655
1511889284124,INFO,EXPLORE_EVENT,000100000000000000000000100000000000000001010000010000000000,0.15332542153060832,1549.4725512605655
1511889284687,INFO,AGENT_EVENT,000000000000000000000000100000000000000001010000010001000000,0.1281580101375,1334.9555267960031
1511889284702,INFO,EXPLORE_EVENT,000100000000000000000000100000000000000001010000010001000000,0.16183900590560832,1783.3638901615932
1511889286765,INFO,AGENT_EVENT,000100000000000000000000100010000000000001010000010001000000,0.16183900590560832,1906.1322787314075
1511889288980,INFO,AGENT_EVENT,000100000000000000000000100000000000000001010100010001000000,0.15343492995118607,2787.757421840569
1511889291047,INFO,AGENT_EVENT,000100000000000000000000100000000000000000010000010001000000,0.1576561559056083,1550.0197342163133
1511889293372,INFO,AGENT_EVENT,000100000000000000000000100000000000000001110000010001000000,0.17360054554893678,2480.242808326887
1511889295587,INFO,AGENT_EVENT,000100000000000000000000100000000000000001010000110001000000,0.1727730969806083,2091.0482692541946
1511889297394,INFO,AGENT_EVENT,000000000000000000000000100000000000000001010000010001000000,0.1281580101375,1334.9555267960031
1511889299450,INFO,AGENT_EVENT,000100000000000000000000101000000000000001010000010001000000,0.15586681389507412,2575.15911428174
1511889301553,INFO,AGENT_EVENT,000100000000000000000000100000000000000001011000010001000000,0.15727698042167307,3221.9797691214735
1511889303688,INFO,AGENT_EVENT,000100000000000000000000100000000000000001010000010001100000,0.1868913059056083,1944.9612102824435
1511889306025,INFO,AGENT_EVENT,000100000000000000000000100000000000000001010000010001001000,0.16521716331810832,2389.968901239249
1511889307133,INFO,CLICK_EVENT,000100000000000000000000100000000000000001010000010001100000,0.1868913059056083,1944.9612102824435
1511889308393,INFO,AGENT_EVENT,000100000000000000000000100000000000000001010001010001000000,0.15662621661111117,3015.3752771315453
1511889310624,INFO,AGENT_EVENT,000100000000000100000000100000000000000001010000010001000000,0.16183900590560832,2231.039308371146
1511889311544,INFO,CLICK_EVENT,000100000000000000000000100000000000000001010000010001100000,0.1868913059056083,1944.9612102824435
1511889313206,INFO,AGENT_EVENT,000100000000000000000000100001000000000001010000010001000000,0.17017996215560832,2014.9242501356898
1511889315456,INFO,AGENT_EVENT,000100000000000000000000100000000000000001010000011001000000,0.1547006135188357,2625.4229609230224
1511889317678,INFO,AGENT_EVENT,000100000000000000000010100000000000000001010000010001000000,0.1628231327306083,2407.5439656795047
1511889319542,INFO,AGENT_EVENT,000100000000000000000000000000000000000001010000010001000000,0.14157770831810831,1370.7476664270334
1511889323306,INFO,EXPLORE_EVENT,000100000000000000000000100000000000000001010000010001100000,0.1868913059056083,1944.9612102824435
1511889323399,INFO,AGENT_EVENT,000100000000000000100000100000000000000001010000010001100000,0.1868913059056083,2203.466582778525
1511889325746,INFO,AGENT_EVENT,000100000000000000000000100000000000000001010000010001100010,0.17659156395527373,3423.237874156093
1511889328076,INFO,AGENT_EVENT,000100000000000000000000100000000010000001010000010001100000,0.1988647090806083,2468.2825052844396
1511889330023,INFO,AGENT_EVENT,000100000000000000000000100000000000000000010000010001100000,0.1827084559056083,1711.6170543371636
1511889331246,INFO,CLICK_EVENT,000100000000000000000000100000000000000000010000010001100000,0.1827084559056083,1711.6170543371636
1511889332822,INFO,AGENT_EVENT,000100000000000000000000100000000000000001010000011001100000,0.16382014206829737,2934.7605754344313
1511889335435,INFO,AGENT_EVENT,000100000000000001000000100000000000000001010000010001100000,0.1891577871556083,2308.9204897095015
1511889340101,INFO,EXPLORE_EVENT,000100000000000000000000100000000000000000010000010001100000,0.1827084559056083,1711.6170543371636
1511889340200,INFO,AGENT_EVENT,000100000000000010000000100000000000000000010000010001100000,0.1827084559056083,1961.9003325120761
1511889342308,INFO,AGENT_EVENT,000100000000000000000000100000000000000001010000010001100000,0.1868913059056083,1944.9612102824435
1511889344480,INFO,AGENT_EVENT,000100000000000000000000100000000000000000010000010001100010,0.15915832740407218,3189.893718210813
1511889346732,INFO,AGENT_EVENT,000100000000000000000001100000000000000000010000010001100000,0.19564955142255225,2713.9449466949422
1511889349003,INFO,AGENT_EVENT,000100000000000000000000100000001000000000010000010001100000,0.18594299331810832,2304.096835583535
1511889350115,INFO,CLICK_EVENT,000100000000000000000000100000000000000001010000010001100010,0.17659156395527373,3423.237874156093
1511889351282,INFO,AGENT_EVENT,010100000000000000000000100000000000000000010000010001100000,0.1857046382276557,1830.8804236374035
1511889353518,INFO,AGENT_EVENT,000100000000000000000000100000000000000000010001010001100000,0.17913245031102418,2752.5924453556368
1511889355581,INFO,AGENT_EVENT,000100000000000000000000100000000000100000010000010001100000,0.1862184994806083,2027.9623637064783
1511889357570,INFO,AGENT_EVENT,000100000000000000000000100000000000000000010100010001100000,0.17566333771670808,2537.21466342165
1511889357843,INFO,CLICK_EVENT,000100000000000000000000100000000000000001010000010001100010,0.17659156395527373,3423.237874156093
1511889359424,INFO,CLICK_EVENT,000100000000000000000000100000000000000000010100010001100000,0.17566333771670808,2537.21466342165
1511889359795,INFO,AGENT_EVENT,000100000000000000000000100000000000000000010000010011100000,0.1829555052517028,2522.726166125377
1511889361946,INFO,CLICK_EVENT,000100000000000000000000100000000000000001010000010001100010,0.17659156395527373,3423.237874156093
1511889362027,INFO,AGENT_EVENT,000100000100000000000000100000000000000000010000010001100000,0.15929048372875218,2377.3002640227396
1511889364415,INFO,AGENT_EVENT,000100000000000000000000100000000000000000010000010001110000,0.16384501966629983,2533.6364954126284
1511889364514,INFO,CLICK_EVENT,010100000000000000000000100000000000000000010000010001100000,0.1857046382276557,1830.8804236374035
1511889366441,INFO,AGENT_EVENT,000100001000000000000000100000000000000000010000010001100000,0.17765236401541773,2774.601123875073
1511889368131,INFO,CLICK_EVENT,000100001000000000000000100000000000000000010000010001100000,0.17765236401541773,2774.601123875073
1511889368745,INFO,AGENT_EVENT,000100000000000000000000100001000000000000010000010001100000,0.1868913059056083,1943.1774143112605
1511889369448,INFO,CLICK_EVENT,000100000000000000000000100000000000000000010001010001100000,0.17913245031102418,2752.5924453556368
1511889370964,INFO,AGENT_EVENT,000100000000000000000001100000000000000000010000010001100000,0.19564955142255225,2713.9449466949422
1511889373456,INFO,AGENT_EVENT,000100000000000000000100100000000000000000010000010001100000,0.1827084559056083,2572.3830610157443
1511889373660,INFO,CLICK_EVENT,000100000000000000000000100000000000000001011000010001000000,0.15727698042167307,3221.9797691214735
1511889375829,INFO,AGENT_EVENT,000100000000000000000000100000000000000000011000010001100000,0.18374861331810832,2286.967025370438
1511889375842,INFO,CLICK_EVENT,000100000000000000000000100000000000000001010000010001100010,0.17659156395527373,3423.237874156093
1511889377579,INFO,AGENT_EVENT,000100000000000000000000100000000000000000000000010001100000,0.16262269220234069,1452.9227773642488
1511889378348,INFO,CLICK_EVENT,000100000000000000000000100000000000000001010000010001100010,0.17659156395527373,3423.237874156093
1511889379491,INFO,AGENT_EVENT,000100000000000000000000100000010000000000010000010001100000,0.1827084559056083,1873.900883677331
1511889381240,INFO,CLICK_EVENT,010100000000000000000000100000000000000000010000010001100000,0.1857046382276557,1830.8804236374035
1511889381643,INFO,AGENT_EVENT,000100000000000000000000110000000000000000010000010001100000,0.1827084559056083,1770.882516475765
1511889383597,INFO,AGENT_EVENT,000100000000000100000000100000000000000000010000010001100000,0.1827084559056083,2159.2924725467165
1511889388316,INFO,AGENT_EVENT,010100000000000000000000100000000000000000000000010001100000,0.16754118339680735,1572.1861466644887
1511889388632,INFO,EXPLORE_EVENT,010100000000000000000000100000000000000000010000010001100000,0.1857046382276557,1830.8804236374035
1511889390796,INFO,AGENT_EVENT,010100001000000000000000100000000000000000010000010001100000,0.18076919896018492,2895.3551934338298
1511889393283,INFO,AGENT_EVENT,010100000000000000000000110000000000000000010000010001100000,0.1857046382276557,1890.145885776005
1511889394770,INFO,CLICK_EVENT,010100000000000000000000100000000000000000010000010001100000,0.1857046382276557,1830.8804236374035
1511889396768,INFO,AGENT_EVENT,010100000000000000000000100000000000000000010000010101100000,0.1319946080547349,2587.796057624315
1511889398049,INFO,CLICK_EVENT,000100000000000000000000100000000000000000010000010001100000,0.1827084559056083,1711.6170543371636
1511889399333,INFO,AGENT_EVENT,010100001000000000000000100000000000000000010000010001100000,0.18076919896018492,2895.3551934338298
1511889401814,INFO,AGENT_EVENT,010100000100000000000000100000000000000000010000010001100000,0.1626998561678926,2502.1703527188174
1511889404112,INFO,CLICK_EVENT,010100000000000000000000100000000000000000010000010001100000,0.1857046382276557,1830.8804236374035
1511889404147,INFO,AGENT_EVENT,010100000000000000000000100000010000000000010000010001100000,0.1857046382276557,1993.1642529775706
1511889406641,INFO,AGENT_EVENT,010100000000000000000000100000000000000000010010010001100000,0.19279401572813928,2965.0412549434377
1511889409134,INFO,AGENT_EVENT,010100000000000000000000110000000000000000010000010001100000,0.1857046382276557,1890.145885776005
1511889410407,INFO,CLICK_EVENT,010100000000000000000000100000000000000000010000010001100000,0.1857046382276557,1830.8804236374035
1511889411607,INFO,AGENT_EVENT,010100000000000000001000100000000000000000010000010001100000,0.1867447956401557,2508.9007148321034
1511889413993,INFO,AGENT_EVENT,010100000000000010000000100000000000000000010000010001100000,0.1857046382276557,2081.1637018123156
1511889416469,INFO,AGENT_EVENT,010100000000100000000000100000000000000000010000010001100000,0.18623247930265568,2221.09345922229
1511889419220,INFO,AGENT_EVENT,010100000000000000000000100000000000000000010001010001100000,0.18198137111959792,2871.855814655876
1511889421674,INFO,AGENT_EVENT,010100000000001000000000100000000000000000010000010001100000,0.1857046382276557,2497.7507998824585
1511889424391,INFO,AGENT_EVENT,010101000000000000000000100000000000000000010000010001100000,0.18489416015055982,2308.135105363564
1511889425131,INFO,CLICK_EVENT,010101000000000000000000100000000000000000010000010001100000,0.18489416015055982,2308.135105363564
1511889426883,INFO,AGENT_EVENT,010100000000000000001000100000000000000000010000010001100000,0.1867447956401557,2508.9007148321034
1511889429362,INFO,AGENT_EVENT,010100000000000000000000100000000000000000011000010001100000,0.1867447956401557,2406.230394670678
1511889429453,INFO,CLICK_EVENT,000100000000000000000000110000000000000000010000010001100000,0.1827084559056083,1770.882516475765
1511889431788,INFO,AGENT_EVENT,010100000100000000000000100000000000000000010000010001100000,0.1626998561678926,2502.1703527188174
1511889439541,INFO,EXPLORE_EVENT,000100000000000000000000100000000000000000010000010001100000,0.1827084559056083,1711.6170543371636
1511889440541,INFO,EXPLORE_EVENT,010100000000000000000000100000000000000000010000010001100000,0.1857046382276557,1830.8804236374035
1511889442506,INFO,EXPLORE_EVENT,000100000000000000000000110000000000000000010000000001100000,0.1571548697056083,1706.1729753256645
1511889443784,INFO,EXPLORE_EVENT,000100000000000000000000100000000000000000010000010001100000,0.1827084559056083,1711.6170543371636
1511889444162,INFO,EXPLORE_EVENT,000100000000000000000000110000000000000000010000000001100000,0.1571548697056083,1706.1729753256645
1511889444821,INFO,EXPLORE_EVENT,000100000000000000000000100000000000000000010000010001100000,0.1827084559056083,1711.6170543371636
1511889446538,INFO,EXPLORE_EVENT,000100000000000000000000110000000000000000010000000001100000,0.1571548697056083,1706.1729753256645
1511889447864,INFO,EXPLORE_EVENT,000100000000000000000000110000000000000000010000010001100000,0.1827084559056083,1770.882516475765
1511889448165,INFO,AGENT_EVENT,000100000000000000000000110000000000000000010000010001100100,0.1126057290368784,2962.969474137922
1511889450557,INFO,AGENT_EVENT,001100000000000000000000110000000000000000010000010001100000,0.16932708452910455,2247.9703792598584
1511889453167,INFO,AGENT_EVENT,000100000001000000000000110000000000000000010000010001100000,0.16684418160505127,2593.793002892929
1511889455441,INFO,AGENT_EVENT,000100000000000000000000110000000010000000010000010001100000,0.1946818590806083,2293.92350843079
1511889457875,INFO,AGENT_EVENT,000100000000000000010000110000000000000000010000010001100000,0.1827084559056083,2038.733786466772
1511889460288,INFO,AGENT_EVENT,000100000000000000000000110000000000001000010000010001100000,0.19652605025236364,2442.490657413408
1511889460544,INFO,CLICK_EVENT,000100000000000000000000100000000000000000010000010001100000,0.1827084559056083,1711.6170543371636
1511889462527,INFO,AGENT_EVENT,100100000000000000000000110000000000000000010000010001100000,0.1826562569879097,2332.4865129177274
1511889464702,INFO,AGENT_EVENT,000100000000000000000000110000000100000000010000010001100000,0.16606867855458973,2769.1304057860903
1511889467126,INFO,AGENT_EVENT,001100000000000000000000110000000000000000010000010001100000,0.16932708452910455,2247.9703792598584
1511889469471,INFO,AGENT_EVENT,000100000000000000000000110000000000000000010000010011100000,0.1829555052517028,2581.9916282639783
1511889469847,INFO,CLICK_EVENT,000100000000000000000000110000000000000000010000010001100000,0.1827084559056083,1770.882516475765
1511889471669,INFO,AGENT_EVENT,000100000000100000000000110000000000000000010000010001100000,0.1832362969806083,2161.2307024342335
1511889474201,INFO,AGENT_EVENT,010100000000000000000000110000000000000000010000010001100000,0.1857046382276557,1890.145885776005
1511889474901,INFO,CLICK_EVENT,000100000000000000000000100000000000000000010000010001100000,0.1827084559056083,1711.6170543371636
1511889476507,INFO,AGENT_EVENT,000100000000000000000000110000000000000000010000110001100000,0.19662474948060832,2099.115598275118
1511889479061,INFO,CLICK_EVENT,000100000000000000000000100000000010000001010000010001100000,0.1988647090806083,2468.2825052844396
1511889479833,INFO,AGENT_EVENT,000100000000000000000000110000000000000000010000010101100000,0.1294352455030267,2527.798150462677
1511889482341,INFO,AGENT_EVENT,000101000000000000000000110000000000000000010000010001100000,0.18178695396986053,2242.973660871972
1511889484436,INFO,CLICK_EVENT,000100000000000000000000100000000010000001010000010001100000,0.1988647090806083,2468.2825052844396
1511889484516,INFO,AGENT_EVENT,000100000000010000000000110000000000000000010000010001100000,0.1827084559056083,1937.921363997004
1511889486431,INFO,AGENT_EVENT,000100000000000000000000010000000000000000010000010001100000,0.16244715831810833,1463.2891771709371
1511889491020,INFO,EXPLORE_EVENT,000100000000000000000000100000000000000000010000010001100000,0.1827084559056083,1711.6170543371636
1511889493816,INFO,EXPLORE_EVENT,000100000000000000000000100000000010000000010000010001100000,0.1946818590806083,2234.9383493391592
1511889495678,INFO,EXPLORE_EVENT,000100000000000000000000100000000010000001010000010001100000,0.1988647090806083,2468.2825052844396
1511889496102,INFO,AGENT_EVENT,000100000000000100000000100000000010000001010000010001100000,0.1988647090806083,2915.9579234939924
1511889498332,INFO,AGENT_EVENT,000100000000000000000000100000000000000001010000010001100000,0.1868913059056083,1944.9612102824435
1511889501206,INFO,AGENT_EVENT,000100000000000000000010100000000010000001010000010001100000,0.2042773377306083,3037.253604795853
1511889501568,INFO,CLICK_EVENT,000100000000000000000000100000000010000000010000010001100000,0.1946818590806083,2234.9383493391592
1511889504061,INFO,AGENT_EVENT,000100000000000000000000100000000010001001010000010001100000,0.20864685754475823,3315.8149909733893
1511889506875,INFO,AGENT_EVENT,000100000001000000000000100000000010000001010000010001100000,0.18300043478005126,3291.192991701604
1511889509483,INFO,AGENT_EVENT,000100000000000000000000100000000010000001010000010001110000,0.18853816774467425,3290.301946359905
1511889512113,INFO,AGENT_EVENT,000100000000000001000000100000000010000001010000010001100000,0.2011311903306083,2832.2417847114975
1511889514698,INFO,AGENT_EVENT,000100001000000000000000100000000010000001010000010001100000,0.19380861719041775,3531.266574822349
1511889517372,INFO,AGENT_EVENT,000100000000000000000000100000000010000001010001010001100000,0.1957431290688523,3700.2938922543917
1511889518271,INFO,CLICK_EVENT,000100000000000000000000100000000010001001010000010001100000,0.20864685754475823,3315.8149909733893
1511889519957,INFO,AGENT_EVENT,000100000000000000000000100000000010000001010010010001100000,0.1989085711679853,3781.591526390046
1511889522693,INFO,AGENT_EVENT,000100000000000000000000100000000010000001010100010001100000,0.19333854868507758,3472.676036963415
1511889525449,INFO,AGENT_EVENT,000100000000000000000000100000000010000001010010010001100000,0.1989085711679853,3781.591526390046
1511889527737,INFO,CLICK_EVENT,000100000000000000000000100000000000000000010000010001100000,0.1827084559056083,1711.6170543371636
1511889528157,INFO,AGENT_EVENT,000100000100000000000000100000000010000001010000010001100000,0.17544673690375218,3133.965714970016
1511889530589,INFO,AGENT_EVENT,000100000000000010000000100000000010000001010000010001100000,0.1988647090806083,2718.565783459352
1511889534222,INFO,AGENT_EVENT,000100000000000001000000100000000010000001010000010001100000,0.2011311903306083,2832.2417847114975
1511889536856,INFO,CLICK_EVENT,000100000000000000000000100000000000000000010000010001100000,0.1827084559056083,1711.6170543371636
1511889537171,INFO,AGENT_EVENT,000100000000000000000000100000000010000001010000010001110000,0.18853816774467425,3290.301946359905
1511889539634,INFO,AGENT_EVENT,000100000000000000000000100000000010000001010000010001100100,0.16817334699128889,3660.3694629465963
1511889542607,INFO,AGENT_EVENT,000100000000000000000000100000000010000001010001010001100000,0.1957431290688523,3700.2938922543917
1511889543111,INFO,CLICK_EVENT,000000000000000000000000100000000000010001000000010000000000,0.1161030407125,1009.5079819493628
1511889544971,INFO,AGENT_EVENT,000100000000000000000000100000000010000001010000010001000000,0.1738124090806083,2306.685185163589
1511889546128,INFO,CLICK_EVENT,000100000000000000000000100000000000000000010000010001100000,0.1827084559056083,1711.6170543371636
1511889547915,INFO,AGENT_EVENT,000100000000000000000000100000000010000001010001010001100000,0.1957431290688523,3700.2938922543917
1511889551097,INFO,CLICK_EVENT,000100000000000000000000100000000000000000010000010001100000,0.1827084559056083,1711.6170543371636
1511889551238,INFO,AGENT_EVENT,000100000001000000000000100000000010000001010000010001100000,0.18300043478005126,3291.192991701604
1511889552716,INFO,CLICK_EVENT,000100000000000000000000100000000000000000010000010001100000,0.1827084559056083,1711.6170543371636
1511889554040,INFO,AGENT_EVENT,000101000000000000000000100000000010000001010000010001100000,0.19376035714486053,2940.3736496806464
1511889557228,INFO,CLICK_EVENT,000100000000000000000000100000000000000000010000010001100000,0.1827084559056083,1711.6170543371636
1511889557273,INFO,AGENT_EVENT,000100000000000000000010100000000010000001010000010001100000,0.2042773377306083,3037.253604795853
1511889559720,INFO,AGENT_EVENT,000100000000000000000000100000000010000001011000010001100000,0.19472223053043597,3906.8983842443204
1511889565720,INFO,EXPLORE_EVENT,000100000000000000000000100000000000000000010000010001100000,0.1827084559056083,1711.6170543371636
1511889565832,INFO,EXPLORE_EVENT,000100000000000000000000100000000000000001010000010001100000,0.1868913059056083,1944.9612102824435
1511889566840,INFO,AGENT_EVENT,000100000000000000000000100000000000000000010000010011100000,0.1829555052517028,2522.726166125377
1511889568971,INFO,AGENT_EVENT,000100010000000000000000100000000000000000010000010001100000,0.17632139127059993,2029.252506817801
1511889571209,INFO,AGENT_EVENT,000100000000000000000000100000000000000000010000011001100000,0.13603212688550076,2701.4164194891514
1511889577040,INFO,EXPLORE_EVENT,000100000000000000000000100000000000000000000000010001100000,0.16262269220234069,1452.9227773642488
1511889577283,INFO,EXPLORE_EVENT,000100000000000000000000000000000000000000000000010001100000,0.14159674336484068,1040.306553629689
1511889577699,INFO,EXPLORE_EVENT,000000000000000100000000000000000000000000000000010001100000,0.10144408187500002,1039.5736084736518
1511889578007,INFO,EXPLORE_EVENT,000000000000000000000000000000000000000000000000010001100000,0.10144408187500002,591.8981902640991
1511889578878,INFO,AGENT_EVENT,000000000000000000000000000000000000000000100000010001100000,0.10144408187500002,842.7174995068706
1511889580548,INFO,AGENT_EVENT,000000000000000000000000000000000000000000000000010101100000,0.06805842265010972,1348.8138242510108
1511889582219,INFO,AGENT_EVENT,001000000000000000000000000000000000000000000000010001100000,0.10460062152978591,1261.10955476273
1511889583723,INFO,AGENT_EVENT,000000000000000000000000000000000010000000000000010001100000,0.11741363640000002,1189.963645185918
1511889585237,INFO,AGENT_EVENT,000000000000000000000000000000000000000000100000010001100000,0.10144408187500002,842.7174995068706
1511889586822,INFO,AGENT_EVENT,001000000000000000000000000000000000000000000000010001100000,0.10460062152978591,1261.10955476273
1511889588426,INFO,AGENT_EVENT,000000000000000000000000000000000000000000000001010001100000,0.12434664035578162,1610.1134997659683
1511889589825,INFO,AGENT_EVENT,000000001000000000000000000000000000000000000000010001100000,0.10373803562500003,1275.2679458926195
1511889590914,INFO,AGENT_EVENT,000000000000000000000000000000000000000000000000000001100000,0.0768746225,527.1886491139984
1511889592259,INFO,AGENT_EVENT,000000000000000000000000000000000100000000000000010001100000,0.10144408187500002,1385.99893147996
1511889593505,INFO,AGENT_EVENT,000000000000000000000000000000000000000000000000010001000000,0.07328683437500001,430.3008701432485
1511889598322,INFO,EXPLORE_EVENT,000100000000000000000000000000000000000000000000010001100000,0.14159674336484068,1040.306553629689
1511889600608,INFO,EXPLORE_EVENT,000100000000000000000000100000000000000000000000010001100000,0.16262269220234069,1452.9227773642488
1511889601750,INFO,EXPLORE_EVENT,000100000000000000000000100000000000000000010000010001100000,0.1827084559056083,1711.6170543371636
1511889602472,INFO,AGENT_EVENT,000100000000000000000000100000000000000000010000010001101000,0.17333024077522916,3290.683164339289
1511889602805,INFO,CLICK_EVENT,000100000000000000000000000000000000000000000000010001100000,0.14159674336484068,1040.306553629689
1511889604671,INFO,AGENT_EVENT,000100000000100000000000100000000000000000010000010001100000,0.1832362969806083,2101.8300899220503
1511889606227,INFO,AGENT_EVENT,000000000000000000000000100000000000000000010000010001100000,0.1490274601375,1263.2086909715736
1511889609396,INFO,CLICK_EVENT,000100000000000000000000000000000000000000000000010001100000,0.14159674336484068,1040.306553629689
1511889610305,INFO,CLICK_EVENT,000100000000000000000000000000000000000000000000010001100000,0.14159674336484068,1040.306553629689
1511889611176,INFO,EXPLORE_EVENT,000100000000000000000000000000000000000000000000010001100000,0.14159674336484068,1040.306553629689
1511889611417,INFO,EXPLORE_EVENT,000100000000000000000000100000000000000000000000010001100000,0.16262269220234069,1452.9227773642488
1511889611641,INFO,AGENT_EVENT,000100000000000000000000000000000000000001000000010001100000,0.1457795933648407,1382.1973538333234
1511889613509,INFO,CLICK_EVENT,000100000000000000000000000000000000000000000000010001100000,0.14159674336484068,1040.306553629689
1511889613678,INFO,AGENT_EVENT,000100000100000000000000000000000000000000000000010001100000,0.11357669778586374,1705.9897633152655
1511889615992,INFO,AGENT_EVENT,000101000000000000000000000000000000000000000000010001100000,0.13981235266619524,1512.3976980258958
1511889618205,INFO,AGENT_EVENT,000100000000000000000000000000000000000001000000010001100000,0.1457795933648407,1382.1973538333234
1511889620168,INFO,AGENT_EVENT,000100000000000000000000000000000000000000000000010001100001,0.10021038621976147,2382.988856414265
1511889621981,INFO,AGENT_EVENT,000100000000000000000000000000000000000000000000010001100100,0.06890155230963343,2232.393511291846
1511889624192,INFO,AGENT_EVENT,000110000000000000000000000000000000000000000000010001100000,0.13743993929664655,1313.5365895055943
1511889626257,INFO,AGENT_EVENT,000100000000000000000000000000000000100000000000010001100000,0.16262269220234069,1453.023528870917
1511889628193,INFO,AGENT_EVENT,000100000000000000001000000000000000000000000000010001100000,0.14389069711484065,1718.326844824389
1511889629999,INFO,CLICK_EVENT,000100000000000000000000000000000000000000000000010001100000,0.14159674336484068,1040.306553629689
1511889630471,INFO,AGENT_EVENT,000100000000000000000001000000000000000000000000010001100000,0.1609617720441514,2042.6344459874674
1511889632810,INFO,AGENT_EVENT,000100000000000000000000000000000000000000000000010001100001,0.10021038621976147,2382.988856414265
1511889633307,INFO,CLICK_EVENT,000100000000000000000000100000000000000000010000010001100000,0.1827084559056083,1711.6170543371636
1511889634891,INFO,AGENT_EVENT,001100000000000000000000000000000000000000000000010001100000,0.12574997552291506,1517.3944164137824
1511889635187,INFO,CLICK_EVENT,000100000000000000000000110000000000000000010000110001100000,0.19662474948060832,2099.115598275118
1511889636973,INFO,AGENT_EVENT,000100000000000000000000000000000000001000000000010001100000,0.17849410578834038,1681.4637194501306
1511889638349,INFO,CLICK_EVENT,000100000000000000000000110000000000000000010000110001100000,0.19662474948060832,2099.115598275118
1511889638941,INFO,AGENT_EVENT,000100000000000000000000000000000000000000000000010001110000,0.13223133440464027,1862.325994705154
1511889639680,INFO,CLICK_EVENT,000100000000000000000000110000000000000000010000110001100000,0.19662474948060832,2099.115598275118
1511889640926,INFO,AGENT_EVENT,000100000000000000000000000000000000100000000000010001100000,0.16262269220234069,1453.023528870917
1511889641117,INFO,CLICK_EVENT,000100000000000000000000110000000000000000010000110001100000,0.19662474948060832,2099.115598275118
1511889642644,INFO,CLICK_EVENT,000100000000000000000000110000000000000000010000110001100000,0.19662474948060832,2099.115598275118
1511889642855,INFO,AGENT_EVENT,000100000000000000000000000000000000000010000000010001100000,0.15993072407421566,1251.7752046402184
1511889644771,INFO,AGENT_EVENT,000100000000000000000000000001000000000000000000010001100000,0.1457795933648407,1382.1447404302444
1511889646575,INFO,AGENT_EVENT,000100000000010000000000000000000000000000000000010001100000,0.14159674336484068,1207.345401150928
1511889648424,INFO,AGENT_EVENT,000100000000000000000010000000000000000000000000010001100000,0.14359481903984067,1664.486629147601
1511889650247,INFO,AGENT_EVENT,000100000000000000000000000000001000000000000000010001100000,0.14389069711484065,1709.292130847873
1511889651964,INFO,AGENT_EVENT,000100000000000000100000000000000000000000000000010001100000,0.14159674336484068,1298.8119261257707
1511889654346,INFO,AGENT_EVENT,010100000000000000000000000000000000000000000000010001100000,0.14585586958655733,1159.569922929929
1511889656230,INFO,AGENT_EVENT,000100010000000000000000000000000000000000000000010001100000,0.13689195299757023,1357.9420061103265
1511889657961,INFO,AGENT_EVENT,000100000000000100000000000000000000000000000000010001100000,0.14159674336484068,1487.9819718392419
1511889659710,INFO,AGENT_EVENT,000100000000100000000000000000000000000000000000010001100000,0.16262269220234069,1468.0445745090256
1511889661458,INFO,AGENT_EVENT,000100000000000000000000000000010000000000000000010001100000,0.14159674336484068,1298.977367860049
1511889663363,INFO,AGENT_EVENT,000100000000000000000000000000000001000000000000010001100000,0.15963962195265285,2058.338979418013
1511889665044,INFO,AGENT_EVENT,000100000000001000000000000000000000000000000000010001100000,0.14159674336484068,1707.1769298747445
1511889667008,INFO,AGENT_EVENT,000100000000000000000000000000000000000000000000010011100000,0.14183321505608013,1851.4156654179023
1511889668969,INFO,AGENT_EVENT,010100000000000000000000000000000000000000000000010001100000,0.14585586958655733,1159.569922929929
1511889670792,INFO,AGENT_EVENT,000110000000000000000000000000000000000000000000010001100000,0.13743993929664655,1313.5365895055943
1511889672608,INFO,AGENT_EVENT,000100000000000000000000000000000000000000000000010001101000,0.13305178170664494,2619.3726636318142
1511889675094,INFO,AGENT_EVENT,000100000000000000000000000000000000000000000000010101100000,0.08628576758841307,1797.2221876166009
1511889676843,INFO,AGENT_EVENT,000100000000000000000000000000000000000000000000110001100000,0.17601114470234067,1405.92947034991
1511889678796,INFO,AGENT_EVENT,000100000001000000000000000000000000000000000000010001100000,0.12570955743578818,1863.217040046853
1511889680812,INFO,AGENT_EVENT,001100000000000000000000000000000000000000000000010001100000,0.12574997552291506,1517.3944164137824
1511889681995,INFO,CLICK_EVENT,000100000000000000000000000000000000000000000000010001100000,0.14159674336484068,1040.306553629689
1511889682617,INFO,AGENT_EVENT,000100000000010000000000000000000000000000000000010001100000,0.14159674336484068,1207.345401150928
1511889685052,INFO,AGENT_EVENT,000100000000000000000000000000000000001000000000010001100000,0.17849410578834038,1681.4637194501306
1511889686791,INFO,AGENT_EVENT,000100000000000000000000000000100000000000000000010001100000,0.14159674336484068,1291.1060451384672
1511889688114,INFO,CLICK_EVENT,000000000000000000000000000000000000000000000000010001100000,0.10144408187500002,591.8981902640991
1511889689006,INFO,AGENT_EVENT,000100000000000000000000000000000000000000001000010001100000,0.14389069711484065,1709.431502024206
1511889690378,INFO,CLICK_EVENT,000100000000000000000000000000000000000000000000010001100000,0.14159674336484068,1040.306553629689
1511889691116,INFO,AGENT_EVENT,000100000100000000000000000000000000000000000000010001100000,0.11357669778586374,1705.9897633152655
1511889692695,INFO,CLICK_EVENT,000100000000000000000000000000000000000000000000010001100000,0.14159674336484068,1040.306553629689
1511889692835,INFO,AGENT_EVENT,000100000000000000000000000010000000000000000000010001100000,0.14159674336484068,1251.684168368516
1511889693134,INFO,CLICK_EVENT,000100000000000000000000000000000000000000000000010001100000,0.14159674336484068,1040.306553629689
1511889694271,INFO,CLICK_EVENT,000100000000000000000000000000000000000000000000010001100000,0.14159674336484068,1040.306553629689
1511889694850,INFO,AGENT_EVENT,010100000000000000000000000000000000000000000000010001100000,0.14585586958655733,1159.569922929929
1511889696580,INFO,AGENT_EVENT,000100000000000000000000000010000000000000000000010001100000,0.14159674336484068,1251.684168368516
1511889698474,INFO,AGENT_EVENT,001100000000000000000000000000000000000000000000010001100000,0.12574997552291506,1517.3944164137824
1511889699154,INFO,CLICK_EVENT,000000000000000000000000000000000000000000000000010001100000,0.10144408187500002,591.8981902640991
1511889700111,INFO,AGENT_EVENT,000100000000000000010000000000000000000000000000010001100000,0.14159674336484068,1308.157823620696
1511889701487,INFO,CLICK_EVENT,000100000000000000000000000000000000000000000000010001100000,0.14159674336484068,1040.306553629689
1511889702153,INFO,AGENT_EVENT,000100001000000000000000000000000000000000000000010001100000,0.13537196482994693,2103.2906231675984
1511889704172,INFO,AGENT_EVENT,000100000000000000000000000000001000000000000000010001100000,0.14389069711484065,1709.292130847873
1511889706112,INFO,AGENT_EVENT,000100000000000000000000000000000000000000000001010001100000,0.15963962195265285,2058.5218631315583
1511889707751,INFO,AGENT_EVENT,000100000000001000000000000000000000000000000000010001100000,0.14159674336484068,1707.1769298747445
1511889709540,INFO,AGENT_EVENT,000100001000000000000000000000000000000000000000010001100000,0.13537196482994693,2103.2906231675984
1511889711135,INFO,AGENT_EVENT,000100000000000000000100000000000000000000000000010001100000,0.14159674336484068,1901.0725603082697
1511889712981,INFO,AGENT_EVENT,000100000000000000000000000000000000000000100000010001100000,0.14159674336484068,1291.1258628724604
1511889713138,INFO,CLICK_EVENT,000100000000000000000000000000000000000000000000110001100000,0.17601114470234067,1405.92947034991
1511889714879,INFO,AGENT_EVENT,000100000000000000000000000000000000000000100000010001100000,0.14159674336484068,1291.1258628724604
1511889715642,INFO,CLICK_EVENT,010100000000000000000000100000000000000000010000010001100000,0.1857046382276557,1830.8804236374035
1511889716845,INFO,AGENT_EVENT,000100000000000000000000000000000000000000000000010011100000,0.14183321505608013,1851.4156654179023
1511889719116,INFO,AGENT_EVENT,000100000000000000000000000000000000000100000000010001100000,0.14780009790407994,1480.3001949019697
1511889720796,INFO,AGENT_EVENT,000100000100000000000000000000000000000000000000010001100000,0.11357669778586374,1705.9897633152655
1511889722988,INFO,AGENT_EVENT,000100000000000000000000000000000000000100000000010001100000,0.14780009790407994,1480.3001949019697
1511889724469,INFO,AGENT_EVENT,000100000000000000000000000000000000000000000000010001000000,0.11343949586484067,878.7092335088386
1511889726244,INFO,AGENT_EVENT,000100000000000000000000000010000000000000000000010001100000,0.14159674336484068,1251.684168368516
1511889728467,INFO,AGENT_EVENT,000101000000000000000000000000000000000000000000010001100000,0.13981235266619524,1512.3976980258958
1511889730336,INFO,AGENT_EVENT,000100000000000000000000000000000000001000000000010001100000,0.17849410578834038,1681.4637194501306
1511889732232,INFO,AGENT_EVENT,000100000000000000000000000000000000000001000000010001100000,0.1457795933648407,1382.1973538333234
1511889734018,INFO,AGENT_EVENT,000100000000100000000000000000000000000000000000010001100000,0.16262269220234069,1468.0445745090256
1511889735979,INFO,AGENT_EVENT,000100000000000100000000000000000000000000000000010001100000,0.14159674336484068,1487.9819718392419
1511889736091,INFO,CLICK_EVENT,000000000000000000000000000000000000000000000000000000000000,0,0
1511889738443,INFO,AGENT_EVENT,000100000000000000000000000000000000000000000000010101100000,0.08628576758841307,1797.2221876166009
1511889740640,INFO,AGENT_EVENT,000100000000000000000000000000000000000100000000010001100000,0.14780009790407994,1480.3001949019697
1511889742407,INFO,AGENT_EVENT,000100000000010000000000000000000000000000000000010001100000,0.14159674336484068,1207.345401150928
1511889744145,INFO,AGENT_EVENT,000100100000000000000000000000000000000000000000010001100000,0.13462204644434603,1339.5026936908816
1511889745677,INFO,CLICK_EVENT,000100000000000000000000000000000000000000000000110001100000,0.17601114470234067,1405.92947034991
1511889746199,INFO,AGENT_EVENT,000100001000000000000000000000000000000000000000010001100000,0.13537196482994693,2103.2906231675984
1511889747961,INFO,AGENT_EVENT,000100000000000000000000000000000000000000000000010001100010,0.11516342014801437,2518.5832175033383
1511889749758,INFO,AGENT_EVENT,000100000000000000000000000000000000000000000000010001100010,0.11516342014801437,2518.5832175033383
1511889751725,INFO,EXPLORE_EVENT,000100000000000000000000000000000000000000000000000000000000,0.046922313256621,448.4685696012415
1511889751770,INFO,EXPLORE_EVENT,000000000000000000000000000000000000000000000000000000000000,0.0,0.0
1511889754881,INFO,CLEAR_SCREEN,000000000000000000000000000000000000000000000000000000000000,N/A,N/A
1511889760538,INFO,CLICK_EVENT,000000000000000000000000000000000000000000000000000000000000,0,0
1511889763195,INFO,CLICK_EVENT,000000000000000000000000000000000000000000000000000000000000,0,0
1511889776998,INFO,EXPLORE_EVENT,000000000000000000000000000000000000000000000000010001100000,0.10144408187500002,591.8981902640991
1511889782376,INFO,EXPLORE_EVENT,010100000000000000000000000000000000000000000000010001100000,0.14585586958655733,1159.569922929929
1511889790576,INFO,EXPLORE_EVENT,010100000000000000000000100000000000000000000000010001100000,0.16754118339680735,1572.1861466644887
1511889799132,INFO,EXPLORE_EVENT,010100000000000000000000100000010000000000000000010001100000,0.16754118339680735,1734.469976004656
1511889803530,INFO,EXPLORE_EVENT,010100000000000000000000100000000000000000000000010001100000,0.16754118339680735,1572.1861466644887
1511889817152,INFO,CLICK_EVENT,010100000000000000000000100000000000000000000000010001100000,0.16754118339680735,1572.1861466644887
1511889819824,INFO,CLICK_EVENT,010100000000000000000000100000000000000000000000010001100000,0.16754118339680735,1572.1861466644887
1511889832400,INFO,CLEAR_SCREEN,000000000000000000000000000000000000000000000000000000000000,N/A,N/A
1511889832720,INFO,EXPLORE_EVENT,000000000000000000000000000000000000000000000000000000000000,0.0,0.0
1511889834790,INFO,CLICK_EVENT,000000000000000000000000000000000000000000000000000000000000,0,0
1511890097915,INFO,CLEAR_SCREEN,000000000000000000000000000000000000000000000000000000000000,N/A,N/A
1511890100162,INFO,TREATMENT_2,000000000000000000000000000000000000000000000000000000000000,N/A,N/A
