1510156894985,INFO,DEMO_TREATMENT,000000000000000000000000000000000000000000000000000000000000,N/A,N/A
1510157852589,INFO,EXPLORE_EVENT,000000000000000000000000000000000000100000000000000000000000,0.05068408969741005,448.4685696012415
1510157890158,INFO,EXPLORE_EVENT,000000000000000000000100000000000000100000000000000000000000,0.07171003853491004,861.1808950492991
1510157895820,INFO,EXPLORE_EVENT,000000000000000000000100000000001000100000000000000000000000,0.08562794766926983,1879.2398966020191
1510157904732,INFO,EXPLORE_EVENT,000000100000000000000100000000001000100000000000000100000000,0.10009004516926984,2999.2299298917947
1510157915638,INFO,CLICK_EVENT,000000100000000000000100000000001000100000000000000100000000,0.10009004516926984,2999.2299298917947
1510157925499,INFO,CLICK_EVENT,000000000000000000000100000000000000100000000000000000000000,0.07171003853491004,861.1808950492991
1510157929990,INFO,CLICK_EVENT,000000000000000000000100000000001000100000000000000000000000,0.08562794766926983,1879.2398966020191
1510157930221,INFO,CLICK_EVENT,000000000000000000000100000000001000100000000000000000000000,0.08562794766926983,1879.2398966020191
1510158230804,INFO,EXPLORE_EVENT,000000100000000000000100000000001000100000000000000000000000,0.08562794766926983,2740.0059032805993
1510158232552,INFO,EXPLORE_EVENT,000000100000000000000100000000000000000000000000000000000000,0.021025948837500003,1273.3822304131404
1510158233627,INFO,EXPLORE_EVENT,000000100000000000000000000000000000000000000000000000000000,0.0,860.7660066785807
1510158236420,INFO,EXPLORE_EVENT,000000000000000000000000000000000000000000000000000000000000,0.0,0.0
1510158245798,INFO,CLICK_EVENT,000000000000000000000000000000000000000000000000000000000000,0,0
1510158261704,INFO,CLEAR_SCREEN,000000000000000000000000000000000000000000000000000000000000,N/A,N/A
1510158273036,INFO,TREATMENT_2,000000000000000000000000000000000000000000000000000000000000,N/A,N/A
1510158341195,INFO,AGENT_EVENT,000001100001000000000100000001100000000100000000000000000101,0.1163057708412395,5887.917259205375
1510158342253,INFO,AGENT_EVENT,000010010000010010000000000000000000000000000100000000000000,0.049415287266355246,2619.77518331777
1510158343320,INFO,AGENT_EVENT,000000111000000000000000100000000000000000010000000000000000,0.03469835249170805,1831.0552072714627
1510158345461,INFO,AGENT_EVENT,100001100001000000100010010001000000000000100000001100010010,0.1428090774104288,6902.197527820831
1510158346629,INFO,AGENT_EVENT,000100110000000000000000000000000000000000011000000000010000,0.04481142546371231,2538.049726475025
1510158349257,INFO,AGENT_EVENT,100001100001000000100010010001000000000000100000001010100010,0.14460027853838708,7626.834492323916
1510158350425,INFO,AGENT_EVENT,000000000000000100000000000000000000001001000010001000000100,0.06123996751318139,4574.668924076594
1510158351626,INFO,AGENT_EVENT,000001000001000000000000000000000010010000000000101000001000,0.09411383723732891,3950.969508818481
1510158352377,INFO,AGENT_EVENT,000000100000000000000000000000000000000000000010000000000000,0.031432198837500036,642.9339748727582
1510158354677,INFO,AGENT_EVENT,100001110001000000000100000001100000000000000000000000000100,0.123320061316602,5105.5757321504225
1510158355734,INFO,AGENT_EVENT,000000000000000000000000100010000000000000001000001000000000,0.0022939537499999663,2758.967292234416
1510158357343,INFO,AGENT_EVENT,000100110000000001100000000010000001000010000000000000000000,0.11352326667608326,4710.659413428872
1510158358729,INFO,AGENT_EVENT,001000010000001000010010000010000000000000000000000000000000,0.028195678799999957,2314.6403493413272
1510158359203,INFO,CLICK_EVENT,100001110001000000000100000001100000000000000000000000000100,0.123320061316602,5105.5757321504225
1510158359419,INFO,CLICK_EVENT,100001110001000000000100000001100000000000000000000000000100,0.123320061316602,5105.5757321504225
1510158359558,INFO,AGENT_EVENT,000000100000000000000000000000000000100000000000001000000000,0.034024830000000006,1351.4808000372261
1510158360714,INFO,AGENT_EVENT,000100110001010000000000000000000000001000000100000000000000,0.05015870502579145,3865.686561459592
1510158361823,INFO,AGENT_EVENT,000100010000000000000000000000000010000000000000000000000101,0.06619977135450605,2151.515879541094
1510158362958,INFO,AGENT_EVENT,000001100011000000000000000000000010000000000000000000000000,0.056446316668040564,2771.994314033003
1510158365398,INFO,AGENT_EVENT,100001110001000000000100000001100000000000000010000000000100,0.123320061316602,5316.95334688925
1510158365691,INFO,CLICK_EVENT,100001100001000000100010010001000000000000100000001100010010,0.1428090774104288,6902.197527820832
1510158365907,INFO,CLICK_EVENT,100001100001000000100010010001000000000000100000001100010010,0.1428090774104288,6902.197527820832
1510158366263,INFO,AGENT_EVENT,000000010000000000000000000000000000001000000000000000000000,0.014720736874999973,836.2920035124404
1510158368443,INFO,AGENT_EVENT,000010010000010010000001000001100000001011000010001000000100,0.1502022647105299,8749.514049950874
1510158369764,INFO,AGENT_EVENT,000000100010000000100010010001000000000000000010000000000000,0.07320094790625642,2756.3328459122313
1510158371044,INFO,AGENT_EVENT,000000100001000000100001000010000000000000000000000000000001,0.09934323741250006,2383.4535302899635
1510158371789,INFO,AGENT_EVENT,000000100000000000000000010000000000000000000000000000000000,0.031432198837500036,699.5364325560265
1510158372716,INFO,AGENT_EVENT,001000010000000000000000000000000000000010000000000000000000,0.033028291399999965,1347.3659702160478
1510158373761,INFO,AGENT_EVENT,000000000000000000000000100000000100101001000000001000000000,0.029560186914394326,3720.385298949312
1510158374092,INFO,CLICK_EVENT,100001110001000000000100000001100000000000000000000000000100,0.123320061316602,5105.5757321504225
1510158374315,INFO,CLICK_EVENT,100001110001000000000100000001100000000000000000000000000100,0.123320061316602,5105.5757321504225
1510158374707,INFO,AGENT_EVENT,001000010000000000000000000000000000001000000000000000000000,0.018634381874999995,1350.7778745862172
1510158377298,INFO,AGENT_EVENT,010000000100010010000001000001100000001011000010001000000100,0.13707102688168782,8819.154382382054
1510158378353,INFO,AGENT_EVENT,001001010000000000000000000000000000000010000000000000000000,0.05897986799427046,2808.761190177622
1510158379252,INFO,AGENT_EVENT,000000000000000000000001000000000000010000000000000100100000,0.06220798171320929,1987.2424154086154
1510158381627,INFO,AGENT_EVENT,000000011000000000100001001010100010000001000000010001110000,0.1423042399423159,7710.026903070152
1510158383855,INFO,AGENT_EVENT,100001100001000000100010010001010000000000100000001100010010,0.14258852113179976,7021.799097435205
1510158384908,INFO,CLICK_EVENT,100001110001000000000100000001100000000000000010000000000100,0.123320061316602,5316.95334688925
1510158385119,INFO,AGENT_EVENT,100000000000000000001000000000000001000011000100000010000000,0.10772092019877255,4039.642464783867
1510158385124,INFO,CLICK_EVENT,100001110001000000000100000001100000000000000010000000000100,0.123320061316602,5316.95334688925
1510158387138,INFO,AGENT_EVENT,001000010000001000010000000010100000001001000010001000000101,0.1102550154086841,6782.499566424953
1510158388180,INFO,AGENT_EVENT,010000000000000000100000010100001000000000000000000010000010,0.07899763397187498,3094.2014499835154
1510158389385,INFO,AGENT_EVENT,000000010000001000010000000010000000000000000000000000000001,0.08106344249999997,1912.0530495735745
1510158390825,INFO,AGENT_EVENT,000000100001000000100001000010000000001000000000010000000100,0.14238845120558785,3445.060825206424
1510158392044,INFO,AGENT_EVENT,100001110001000000000000000000000100000000000010000000000000,0.06782040530400868,3237.889964665451
1510158393042,INFO,AGENT_EVENT,000000100010000000000000000000000000100000000000001000000000,0.034593151875000006,1528.7461050070665
1510158393061,INFO,CLICK_EVENT,000000100001000000100001000010000000001000000000010000000100,0.14238845120558785,3445.060825206424
1510158393828,INFO,CLICK_EVENT,000000100001000000100001000010000000001000000000010000000100,0.14238845120558785,3445.060825206424
1510158394021,INFO,CLICK_EVENT,000000100001000000100001000010000000001000000000010000000100,0.14238845120558785,3445.060825206424
1510158394977,INFO,AGENT_EVENT,100001100001000000100010010001110000000000100100000000000000,0.08464422183275666,6083.369563419881
1510158396089,INFO,AGENT_EVENT,100000000000000000001001000000010000010000000000000100100000,0.059922731081136105,3200.299576272258
1510158396894,INFO,AGENT_EVENT,000000010000000000000000000100000000000000000000000000000000,0.010874309375000002,1028.3201507676206
1510158397910,INFO,AGENT_EVENT,000000100010000000000000000000000000100000000000011000000000,0.061718928225000025,1693.6654046187384
1510158399821,INFO,AGENT_EVENT,100001100001000000100000010001010000000000100000001110000010,0.09494703886514244,7642.211676990146
1510158401154,INFO,AGENT_EVENT,000000100001000000100001000010000000000000001000000000000001,0.09934323741250006,3024.5476959877433
1510158403085,INFO,AGENT_EVENT,001000010000001000010000000000000000001000000000000000101001,0.09641094637587644,3785.7401826551963
1510158403883,INFO,AGENT_EVENT,000000100000100000000000000000000000000000000000000000000000,0.045894296337499974,690.9136569898131
1510158405354,INFO,AGENT_EVENT,000001000000000100100010010100000001000010010000100000000010,0.10794421750521022,5544.758027777369
1510158407791,INFO,AGENT_EVENT,100101110001000000000100000001100000000000000000000000000100,0.10432721291738256,5835.943981025519
1510158409089,INFO,AGENT_EVENT,001000010000001000010000000010000010000000000000000000000001,0.08263908750000004,2671.1580481293468
1510158410663,INFO,AGENT_EVENT,100000010000010000001000000000000001000010010000100000000010,0.14754676934836208,2715.6868319930495
1510158411738,INFO,AGENT_EVENT,001000010000000000000000000001000000000010000000000000000000,0.06728543141604681,2349.693862573826
1510158412310,INFO,CLICK_EVENT,100000010000010000001000000000000001000010010000100000000010,0.14754676934836208,2715.6868319930495
1510158414458,INFO,AGENT_EVENT,000010010000010010010000000001000000000000100000001010100010,0.13112864728594897,6544.802229543077
1510158416656,INFO,AGENT_EVENT,100001100001000000000100000001100000000000000000000010000100,0.12469598031053253,5885.874594287205
1510158417980,INFO,AGENT_EVENT,000000100001000000100001000010000000000000001001000000000000,0.09934323741250006,3090.97583758549
1510158418853,INFO,AGENT_EVENT,000000100000100010000000000000000000000000000000000000000000,0.04796613502275693,1893.604946846121
1510158420164,INFO,AGENT_EVENT,000000000001010000000000100000000000001001000010001000000100,0.13189983591664145,4601.965070683633
1510158421134,INFO,AGENT_EVENT,000000100000000000000000010000000000000000000001000000000010,0.10734430767187497,1282.0898242600915
1510158422275,INFO,AGENT_EVENT,010000000000001000000000000000000000000000010000000000010010,0.076164953209375,1387.5461544290488
1510158423346,INFO,AGENT_EVENT,000000000000000000000000000000000000001000000000000000001011,0.06594462571400361,1969.8401566765597
1510158424089,INFO,CLICK_EVENT,000000100001000000100001000010000000001000000000010000000100,0.14238845120558785,3445.060825206424
1510158425002,INFO,AGENT_EVENT,010000000000000011000000000010000001000010000000000010100010,0.15178930239900168,4698.455827265145
1510158427197,INFO,AGENT_EVENT,000100110000000001000100000010000001000010000000000010100010,0.15130604379989465,5280.744763819577
1510158428400,INFO,AGENT_EVENT,000000000000100010000000000000100000000000100000010000000100,0.08488105445800576,2999.390363933547
1510158429669,INFO,AGENT_EVENT,011000010000001000010000000010000010000000000000000000000000,0.048636186299999995,2491.5826530737586
1510158430632,INFO,CLICK_EVENT,100000010000010000001000000000000001000010010000100000000010,0.14754676934836208,2715.6868319930495
1510158431563,INFO,AGENT_EVENT,000000100001001000100001000010000001000010000000000010100010,0.14230462253437504,4434.784551584136
1510158433051,INFO,AGENT_EVENT,000000100001000000100001000010000000000000000000000000100001,0.10131149106250004,2648.809988480635
1510158434429,INFO,AGENT_EVENT,101000010000001000010000000010000010000000000000000000000001,0.10611803875000003,2851.191705873713
1510158435266,INFO,AGENT_EVENT,000000000000000000000000000000000000001000000000000000000010,0.020627934459375052,880.4542282287135
1510158436519,INFO,AGENT_EVENT,000010010000010010000000000000000000000000000000001000001000,0.07921032035948816,3854.9926766728004
1510158437752,INFO,AGENT_EVENT,000000100001010000100001000010000000000000000000000000000000,0.12920191866249997,2235.1366498009747
1510158438565,INFO,AGENT_EVENT,000000100000000000000000000000000000000010000000000000000000,0.046417626537500034,1029.62181505575
1510158439362,INFO,AGENT_EVENT,000000000000000000000000000000000000000000000100010000000000,0.02944290135000005,698.7923057633068
1510158440698,INFO,AGENT_EVENT,101000010000001000010000010000000000000010000000000000000000,0.06152726264999997,2544.5514132456497
1510158441863,INFO,CLICK_EVENT,000000100001010000100001000010000000000000000000000000000000,0.12920191866249997,2235.1366498009747
1510158443554,INFO,AGENT_EVENT,001000000001001000100001000010000001000010000000010010100010,0.14229191744617287,5736.946408345213
1510158444852,INFO,AGENT_EVENT,000000100000000000000000010000000000000000000101000000000000,0.053630407268533964,1613.777964619034
1510158446291,INFO,AGENT_EVENT,001000010000001000010000000010000000000000000000100000000100,0.06934584542108946,2842.256094259421
1510158447667,INFO,AGENT_EVENT,000100110000000000000000010000000000000000000001000000010010,0.1217076611230874,2523.896387879431
1510158449258,INFO,AGENT_EVENT,101000010000001000110000000010000010000000000000000000000001,0.12884922249999997,3212.312654259488
1510158450587,INFO,AGENT_EVENT,100000000000000000001000100000000001000010010000100000000100,0.12471931336061748,2843.6169176578724
1510158451535,INFO,AGENT_EVENT,010000000000000000000000000000000000100000000000001001000000,0.05486348190841539,2559.95384304548
1510158453091,INFO,AGENT_EVENT,101000010000001000110000000010000010000000000000001000000000,0.07323934802499998,3442.6637653363273
1510158455138,INFO,AGENT_EVENT,100000010000010000001000000000000001000000100000011100010010,0.1536317691888095,4506.650988805571
1510158456529,INFO,AGENT_EVENT,000000100000000000100011000010000000000000000000000000100001,0.09701010226250006,2568.2372444148805
1510158458683,INFO,AGENT_EVENT,000000000000000011100001000001100000001001000010001000000100,0.09315459276855886,8439.96759447608
1510158459816,INFO,AGENT_EVENT,000000100001000000000000000000000010010000000000101000001000,0.13256492632083516,3149.4642919695584
1510158461513,INFO,AGENT_EVENT,100000000000000000001000000010000001000010000000000011100010,0.13548818607028856,4971.340974310975
1510158462808,INFO,AGENT_EVENT,101000010000001000100000000010000010000000000000000000000001,0.12442072067499999,3144.353972012097
1510158464119,INFO,AGENT_EVENT,000000100010100000000000000000000000000000000000000010100010,0.08677363975000008,1877.1296290081925
1510158464966,INFO,AGENT_EVENT,000000100000000000000000000000000000000000100000000000000000,0.03274786241250005,806.8212411837891
1510158466234,INFO,AGENT_EVENT,000000000001010000000000000000000000000000000000000010110010,0.16811545613158596,2625.3869925643216
1510158467043,INFO,AGENT_EVENT,000000010000000000000000000000000000000000000100000000000000,0.010874309375000002,607.344080501553
1510158468250,INFO,AGENT_EVENT,001000000001000000000000000001000010010000000000101000000000,0.11221866310240214,3288.197982105821
1510158468904,INFO,CLICK_EVENT,000000000001010000000000000000000000000000000000000010110010,0.16811545613158596,2625.3869925643216
1510158469233,INFO,AGENT_EVENT,000100110000000000000000000000000000000100000000000000000000,0.012380566625881606,2407.7492748076875
1510158470014,INFO,AGENT_EVENT,000100100000000000000000000000000000000000000000000000000000,0.01011134783517842,1490.7036366637658
1510158471366,INFO,AGENT_EVENT,000000100000000000000010000000000000000000100000000010100010,0.09577607765000007,2069.451782715529
1510158472331,INFO,AGENT_EVENT,000000000001010000000000000010000000000000000000001000000000,0.09161275260000001,1927.945472894371
1510158473950,INFO,AGENT_EVENT,100000010000011000001000000000000001000010010000100000000001,0.12782777659597588,3903.670981437256
1510158474909,INFO,AGENT_EVENT,000000000001010000000000000000000000000000000000010000000000,0.09281635500000007,893.3347259548569
1510158475210,INFO,CLICK_EVENT,000000000001010000000000000000000000000000000000000010110010,0.16811545613158596,2625.3869925643216
1510158475993,INFO,AGENT_EVENT,000000100001000000000000000000000010010000000000001000001000,0.12667321819010724,2892.835958511539
1510158477371,INFO,AGENT_EVENT,000000100000000000000000000000100001000010000000000010100010,0.126097805571875,2740.470762238207
1510158478526,INFO,AGENT_EVENT,000000010000000000000001000000000000000000000000000010100010,0.11990225714687497,1579.024910957074
1510158479835,INFO,AGENT_EVENT,000000110010100000000000000000000000000000000001000000000010,0.14171088415,1538.6736098851638
1510158480866,INFO,AGENT_EVENT,000000010000000000000000000000000010000000000000000000000100,0.057376882593071166,857.853570274937
1510158481785,INFO,AGENT_EVENT,000000000001000000000000000000000000000000000100010000000000,0.09084810134999999,1064.6027603616626
1510158482753,INFO,AGENT_EVENT,000000000001010000000000001000000000000000000000000000000000,0.08761660125000004,1312.6607401766419
1510158483731,INFO,AGENT_EVENT,000000010000000000000100000000000010000000000000000000000000,0.057796622631621,866.2604553944926
1510158484505,INFO,CLICK_EVENT,000000110010100000000000000000000000000000000001000000000010,0.14171088415,1538.6736098851638
1510158484913,INFO,AGENT_EVENT,000000000100000000000000010000000000000000000001000000010010,0.14807604393502638,1358.6562176531947
1510158485948,INFO,AGENT_EVENT,000000010000000000000100000000000010000000100000000000000000,0.08037504521912098,1278.97278084255
1510158488246,INFO,AGENT_EVENT,000000100001000000100001000001100000001001000010001000100100,0.15971955836685447,7171.54940810315
1510158489073,INFO,AGENT_EVENT,000000001000000000000000000000000000000000000100000000000000,0.006083620130177714,1109.1844099656585
1510158489891,INFO,AGENT_EVENT,000000001000000000000000000000000000000000000100000000000000,0.006083620130177714,1109.1844099656585
1510158491168,INFO,AGENT_EVENT,000000000001010000000000001010000000000000000000000010100010,0.14979124227653806,3839.2965911586275
1510158492203,INFO,AGENT_EVENT,000000000001010000000000000000000010000000000001000000000000,0.08999694999999996,1226.7619139574101
1510158493027,INFO,AGENT_EVENT,000000000000000000000001000000000000000000000000000000000000,0.05414406562499996,365.9354379217204
1510158493209,INFO,CLICK_EVENT,000000000100000000000000010000000000000000000001000000010010,0.14807604393502638,1358.6562176531947
1510158494726,INFO,AGENT_EVENT,100000010000011000001000010000000000000000000001000000010010,0.15497217347071568,3294.6906421683875
1510158496427,INFO,CLICK_EVENT,000000110010100000000000000000000000000000000001000000000010,0.14171088415,1538.6736098851638
1510158496439,INFO,AGENT_EVENT,101000010000001000110000000010000010000000000000000000010000,0.08941303499999997,3005.342607196805
1510158498110,INFO,AGENT_EVENT,100000010000010000001000001000000001000010000000000010100010,0.17530969117336215,3914.2690928015736
1510158498889,INFO,CLICK_EVENT,000000000000000000000000000000000000000000000000000000000000,0,0
1510158499744,INFO,AGENT_EVENT,000000000001010000000000000001000000000001000010001000100100,0.14564428242607452,4803.13538758134
1510158500772,INFO,AGENT_EVENT,100000000000000000001000000000000000000001000000000000000000,0.055036048075363775,1946.4678168981502
1510158501769,INFO,AGENT_EVENT,000000001001010000000000000000000000000000000100000000000000,0.06736171074446884,1861.407781180178
1510158502765,INFO,AGENT_EVENT,000000100000000000000000000000000000000000001001000000000010,0.0830634921934259,1746.086442759161
1510158503865,INFO,CLICK_EVENT,000000000100000000000000010000000000000000000001000000010010,0.14807604393502638,1358.6562176531947
1510158504167,INFO,AGENT_EVENT,000000000001010000000000000000000001000010000000000010100010,0.148960462621875,2642.448230071917
1510158505104,INFO,AGENT_EVENT,000000000001100000000000000000000000000000000100001000000000,0.07816125125000006,1734.25745839446
1510158506294,INFO,AGENT_EVENT,000000101000000000000000000000000000000000000000000010100010,0.06649273071253037,2295.4992168950193
1510158508380,INFO,AGENT_EVENT,001000100001000000100001000001100000001001000010000000000000,0.13236547965286816,5696.463926202665
1510158510082,INFO,CLICK_EVENT,000000000001010000000000000000000000000000000000000010110010,0.16811545613158596,2625.3869925643216
1510158510091,INFO,AGENT_EVENT,100000010000010000001000001000000101000010000000000010100010,0.13853193386175167,4936.256934588894
1510158511648,INFO,AGENT_EVENT,000000100000000000000000000000100001000010000000000010110010,0.15495421048120173,3655.570313793834
1510158514195,INFO,AGENT_EVENT,000000100000000000000000000000100001000010000000010010110010,0.15900331132186651,3943.54378356571
1510158515682,INFO,AGENT_EVENT,000000100001010000100000000010000000000000000000000010100010,0.16073908119687497,2895.3792256393203
1510158518619,INFO,AGENT_EVENT,000000100101000000100001000001100000001001000010001000000100,0.14521552335832189,7519.877408394319
1510158519489,INFO,AGENT_EVENT,000000000001000000000000000000000000000000000110010000000000,0.09084810134999999,1244.3793149620806
1510158522277,INFO,AGENT_EVENT,000000100000000000000010000000100001000010000000010010110010,0.1942343900151946,4197.264030413972
1510158523432,INFO,AGENT_EVENT,000000000011000000000000000000000000000000000110010000010000,0.12239179197500005,1487.164236333438
1510158525293,INFO,AGENT_EVENT,000000000001000000000000000000000000000000000110010000000000,0.09084810134999999,1244.3793149620806
1510158526188,INFO,AGENT_EVENT,000000100000100000000000000000000000100000000000000000000000,0.045894296337499974,941.7742394101465
1510158527534,INFO,AGENT_EVENT,000000100001000000100001000001000000000000000000010000000000,0.14490319096533555,2678.4048238991104
1510158528486,INFO,AGENT_EVENT,000010100000000000000000010000000000000000000001000000000000,0.0890103269625,1631.1003956348407
1510158529272,INFO,AGENT_EVENT,000000000000000000000001100000000000000000000000000000000000,0.05414406562499996,624.4408104178019
1510158530148,INFO,AGENT_EVENT,000000100000000000000000000000000000000000000011000000000000,0.0890103269625,909.0548885940789
1510158531699,INFO,AGENT_EVENT,100000000000000000001100000000000001000000000001000000000010,0.11971650673548428,2101.986369999022
1510158532721,INFO,AGENT_EVENT,100000010000000000000000000000000010000000000000000000000100,0.08553413009307109,1022.8938530898934
1510158533762,INFO,AGENT_EVENT,000000010000010000000001000010000000000000000000000000000000,0.094935116825,1329.3772597813045
1510158535074,INFO,AGENT_EVENT,000000000001010000000100000000000010000000000000000000000100,0.11043828220512308,1822.2561732151412
1510158537131,INFO,CLICK_EVENT,000000100000000000000010000000100001000010000000010010110010,0.1942343900151946,4197.264030413972
1510158538282,INFO,AGENT_EVENT,000000100000000001000010000000100001000010000000010010110010,0.18583476550605327,5271.0452997129
1510158539113,INFO,AGENT_EVENT,001000000000000000000000000000000000001000000000000000000000,0.004657421250000016,1284.8471149205088
1510158540639,INFO,AGENT_EVENT,000000000001010000001000000000000001000010000000000010100010,0.15056815974984983,3360.2638074015904
1510158541739,INFO,AGENT_EVENT,000000000000000000000000010000100000000000000001000000010010,0.12912597584687502,1240.5898526187098
1510158542661,INFO,AGENT_EVENT,000000100000010000000010000000000000000000000000000000000000,0.05725094133749997,877.1439751830674
1510158543758,INFO,AGENT_EVENT,000000000100000000000000010000000000000000000001000010100000,0.13577736031090137,2023.714878322021
1510158545518,INFO,AGENT_EVENT,100000010000110000001000001000000001000010000000000010100010,0.1710433758069866,4221.808278716381
1510158546888,INFO,AGENT_EVENT,010000100000000000000000000000100001000010000000000000010010,0.177183151246875,2179.5343796804723
1510158547886,INFO,AGENT_EVENT,000000100000000000000100000000000000000000100000000000000000,0.07967017566912094,1255.2898107850306
1510158549444,INFO,CLICK_EVENT,010000100000000000000000000000100001000010000000000000010010,0.177183151246875,2179.5343796804723
1510158549504,INFO,AGENT_EVENT,000000000100000000000100010000000000000000000001000010100000,0.14198071485014063,2472.123241687611
1510158549780,INFO,CLICK_EVENT,010000100000000000000000000000100001000010000000000000010010,0.177183151246875,2179.5343796804723
1510158550862,INFO,AGENT_EVENT,010000100001010000100000000010000000000000000011000000000000,0.1321841211625,2583.2792245253286
1510158551758,INFO,AGENT_EVENT,000000000011000000000000000100000000000000000000000000000000,0.06197352187500005,1410.6121771194867
1510158554944,INFO,AGENT_EVENT,000000100000000001000010000000100011000010000000010010110010,0.18583476550605327,5462.01376837392
1510158556044,INFO,AGENT_EVENT,000000100000100001000010000000000000000000000000000000000000,0.0566751798313373,2067.814703358842
1510158580114,INFO,AGENT_EVENT,000000100000000001000010000000100011000010000000110010110010,0.1896103777923397,5721.783234220502
1510158581797,INFO,AGENT_EVENT,000000000001010000000000000000000000000000000000000010111010,0.14171723914930434,3046.260197155762
1510158582944,INFO,AGENT_EVENT,000000100000000000000000000000000000000000000110010000110000,0.09459586126249997,1648.0337030300593
1510158584213,INFO,AGENT_EVENT,000000100000000000000000000000100001000000000000000000010010,0.137129666921875,1404.5044111951358
1510158585266,INFO,AGENT_EVENT,000000100000010100000010000000000000000000000100000000000000,0.038762275887749276,2375.3292973566136
1510158586422,INFO,AGENT_EVENT,000000100000010000000000010000000000000000000001000000000010,0.13202640642187502,1550.7948353203133
1510158588424,INFO,AGENT_EVENT,000000000100000000000100010000000000000000000000010010110010,0.12209717789361385,3442.908953842163
1510158589513,INFO,AGENT_EVENT,000000010000000000000100000010000010000000000000000000000000,0.059794698306620986,1417.005774733558
1510158590692,INFO,AGENT_EVENT,000000000000000000000000000000000000000000000100000010110010,0.08153578490652313,2430.719589049407
1510158591994,INFO,AGENT_EVENT,000000100000000000000000010100100000000000000001000000010010,0.140060066921875,2885.847278540548
1510158593213,INFO,AGENT_EVENT,010000010000010000000001000010000000000000000000000000000000,0.09927119250000005,1504.4523891514086
1510158594509,INFO,AGENT_EVENT,000000000001010000000000000000000000000010000000000010100010,0.14581546262187506,2278.4889506448585
1510158595612,INFO,AGENT_EVENT,000000101000000000000000000000000010000000000000000000000100,0.07556491812024624,1976.6921990489866
1510158596938,INFO,AGENT_EVENT,000000100000010000000010000000000000000000000110010000100000,0.06672538991249999,2034.717980283419
1510158598117,INFO,AGENT_EVENT,000000010000010000000001000010000000000000000000000000100000,0.11519641441249995,1742.0942350225325
1510158599295,INFO,AGENT_EVENT,000000000000000000000000010000100000000000000001000000010010,0.12912597584687502,1240.5898526187098
1510158600314,INFO,AGENT_EVENT,000000000000000000000000010000000000000000000001100000000010,0.09037420633437498,1000.0276395703178
1510158601617,INFO,AGENT_EVENT,000000010100000000000000010000000000000000000001000010100000,0.1427269824248758,2142.978247622261
1510158602818,INFO,AGENT_EVENT,010000000001000000000000010000000000000000000001000000000010,0.11037610570937506,1359.0488657712283
1510158604362,INFO,AGENT_EVENT,000000010000000000000100000001000000000000000001100000000010,0.16197086960279816,2350.2190515969355
1510158606106,INFO,AGENT_EVENT,000000100010000001000010000000100011000000000000000000000100,0.1486227688841152,3269.0503010734938
1510158607420,INFO,AGENT_EVENT,010000000000000000000001000000000000000010000000000010100010,0.13855432824687497,2278.4889506448585
1510158608708,INFO,AGENT_EVENT,000000100000000000000000000000101001000000000000000000010010,0.1148064759795534,2465.5370986964595
1510158609994,INFO,AGENT_EVENT,000000000000000000000000000000000000000000000001000010110010,0.1391139130315231,2361.960086707004
1510158611376,INFO,AGENT_EVENT,000000000100000000000100000000000000000000000100010000000000,0.07985867986491701,1595.7294449657898
1510158612431,INFO,AGENT_EVENT,000000001001010000000000000000000000000000000000000000000000,0.06736171074446884,1421.4347357131505
1510158613325,INFO,AGENT_EVENT,000000100000000000000000000000000000000000000000000010000000,0.046417626537500034,1029.7736533562854
1510158614636,INFO,AGENT_EVENT,010000000000000000000000010000000000000000000001000010100001,0.12073298740425398,3056.4167022490915
1510158615700,INFO,AGENT_EVENT,001000100000000000000000000000000000000000000011000000000000,0.09300951562500004,1519.9613098927607
1510158616949,INFO,CLICK_EVENT,000000000100000000000000010000000000000000000001000000010010,0.14807604393502638,1358.6562176531947
1510158620212,INFO,AGENT_EVENT,000000110010100000000010000000100011000010000000010011110010,0.20756972243476546,5653.941860336197
1510158621623,INFO,AGENT_EVENT,000000010000000000000100000000000010000000000000000000000100,0.06559374559486897,1306.3221398761787
1510158622570,INFO,AGENT_EVENT,000000000000000000000000000000000000000000000000000000010010,0.04831006016162498,271.1830411719735
1510158623789,INFO,AGENT_EVENT,000000000001010000000000000000001000000000000000000000010010,0.13680550195937502,1572.693866398971
1510158625235,INFO,AGENT_EVENT,010000000000000000000001000000100000000010000000000010100010,0.139082169321875,2669.5278620763233
1510158626277,INFO,AGENT_EVENT,000000010000000000000000000000000000000000010000000000000010,0.029208290084374977,543.2535058666009
1510158627948,INFO,AGENT_EVENT,000000010000110000001000001000000001000000000000000010100010,0.15177473901149308,3458.4323164461184
1510158629595,INFO,AGENT_EVENT,000000100001010000000010000000000000000010000000000010100010,0.18720266678749997,2761.42833454839
1510158631062,INFO,AGENT_EVENT,000000100001010000000000000000000000000000000000000010110010,0.18032692259293714,2901.579827193283
1510158632506,INFO,AGENT_EVENT,000000010000000000000000000000000000000010000000010010100010,0.07699542384670255,2936.0953203028557
1510158634011,INFO,AGENT_EVENT,000000100000000001010010000000100001000010000000000000000000,0.1265261872239214,3182.701770493859
1510158635198,INFO,AGENT_EVENT,000001000000000000000000010000100010000000000000000000000100,0.0899031146342093,2243.9584203016707
1510158636053,INFO,AGENT_EVENT,000000000000000010000001000000000000000000000000000000000000,0.05414406562499996,908.7307875364329
1510158640352,INFO,CLICK_EVENT,000000100001010000000010000000000000000010000000000010100010,0.18720266678749997,2761.42833454839
1510158659445,INFO,AGENT_EVENT,000000110010110000000010000000100011000010000000010010110010,0.21619651041377352,5502.234398962108
1510158661150,INFO,AGENT_EVENT,000000110010100000000000010000100000000000000001000000010000,0.14001141491250002,2089.694212601241
1510158662389,INFO,AGENT_EVENT,000000110000000010000011000000000000000000000000000000000000,0.09032763003827637,2473.2757735826813
1510158676723,INFO,AGENT_EVENT,000000000001010000000000000000100011100010000000010011110010,0.15756651697746005,5935.822704263219
1510158680589,INFO,AGENT_EVENT,000000010000000000000001000000000000000000000000000000000000,0.06501837499999996,533.2418642159765
1510158681550,INFO,AGENT_EVENT,000000000000000000000000000100000000000000000000000000000000,0.0,860.7660066785808
1510158707363,INFO,CLICK_EVENT,000000100000000000000010000000100001000010000000010010110010,0.1942343900151946,4197.264030413972
1510158762997,INFO,CLICK_EVENT,000000100001010000000010000000000000000010000000000010100010,0.18720266678749997,2761.42833454839
1510158807088,INFO,CLICK_EVENT,000000000000000000000000000000000000000000000000000000010010,0.04831006016162498,271.1830411719735
1510158826193,INFO,CLICK_EVENT,000000010000000000000001000000000000000000000000000000000000,0.06501837499999996,533.2418642159765
1510158826992,INFO,CLICK_EVENT,000000010000000000000001000000000000000000000000000000000000,0.06501837499999996,533.2418642159765
1510158834202,INFO,CLICK_EVENT,000000000001010000000000000000000000000000000000010000000000,0.09281635500000007,893.334725954857
1510158853818,INFO,CLICK_EVENT,000000000100000000000000010000000000000000000001000000010010,0.14807604393502638,1358.6562176531947
1510158880507,INFO,CLICK_EVENT,010000100000000000000000000000100001000010000000000000010010,0.177183151246875,2179.5343796804723
1510158965959,INFO,CLEAR_SCREEN,000000000000000000000000000000000000000000000000000000000000,N/A,N/A
1510158969287,INFO,CLICK_EVENT,000000000000000000000000000000000000000000000000000000000000,0,0
1510158988674,INFO,EXPLORE_EVENT,000000000000000000000000000000000000000000000000000000010000,0.02997607945225,164.2924476480789
1510158990905,INFO,EXPLORE_EVENT,000000000000000000000000000000000000000000000000000000010010,0.048310060161625,271.1830411719735
1510158993218,INFO,EXPLORE_EVENT,000000000100000000000000000000000000000000000000000000010010,0.09899414985903504,719.5914045375636
1510158998353,INFO,EXPLORE_EVENT,000000000100010000000000000000000000000000000000000000010010,0.1196127259350527,988.2964155977854
1510159001018,INFO,EXPLORE_EVENT,000000000100010000000000000000000000000000000001000000010010,0.168694620011044,1359.5099587224095
1510159008825,INFO,CLICK_EVENT,000000000100010000000000000000000000000000000001000000010010,0.168694620011044,1359.5099587224095
1510159023698,INFO,CLEAR_SCREEN,000000000100010000000000000000000000000000000001000000010010,N/A,N/A
1510159037448,INFO,EXPLORE_EVENT,000000000000000000000000000000000000000000000000000000000000,0.0,0.0
1510159047088,INFO,CLICK_EVENT,000000000000000000000000000000000000000000000000000000000000,0,0
1510159047095,INFO,CLICK_EVENT,000000000000000000000000000000000000000000000000000000000000,0,0
1510159047110,INFO,CLICK_EVENT,000000000000000000000000000000000000000000000000000000000000,0,0
1510159047116,INFO,CLICK_EVENT,000000000000000000000000000000000000000000000000000000000000,0,0
1510159047127,INFO,CLICK_EVENT,000000000000000000000000000000000000000000000000000000000000,0,0
