1511295193124,INFO,DEMO_TREATMENT,000000000000000000000000000000000000000000000000000000000000,N/A,N/A
1511295320101,INFO,EXPLORE_EVENT,100000000000000000000000000000000000000000000000000000000000,0.0,447.73705817532016
1511295329393,INFO,EXPLORE_EVENT,100000000000010000000000000000000000000000000000000000000000,0.0,659.0530329483801
1511295346907,INFO,EXPLORE_EVENT,000000000000000000000000110000000000000000000000000000000000,0.049004033368411776,619.9552037112885
1511295355215,INFO,EXPLORE_EVENT,000000000000000000000000111000000000000000000000000000000000,0.059621556455690686,1115.0938872519353
1511295362984,INFO,CLICK_EVENT,000000000000000000000000111000000000000000000000000000000000,0.059621556455690686,1115.0938872519353
1511295371692,INFO,CLICK_EVENT,000000000000000000000000110000000000000000000000000000000000,0.049004033368411776,619.9552037112885
1511295375749,INFO,CLICK_EVENT,000000000000000000000000111000000000000000000000000000000000,0.059621556455690686,1115.0938872519353
1511295389565,INFO,EXPLORE_EVENT,000000000000000000000000111000000000000100000000000000000000,0.07408365395569069,1374.3179138631306
1511295393509,INFO,EXPLORE_EVENT,000000000000000000000000111000000000000110000000000000000000,0.10289533174075509,1558.8185369066891
1511295398919,INFO,EXPLORE_EVENT,000000000000000000000000111000000000000111000000000000000000,0.09383221208464801,2986.912707555716
1511295402339,INFO,EXPLORE_EVENT,000000000000000000000000111000000000000110000000000000000000,0.10289533174075509,1558.8185369066891
1511295412083,INFO,EXPLORE_EVENT,000000000000000000001000111000000000000110000000000000000000,0.12670834477244952,2576.8509626950126
1511295423800,INFO,EXPLORE_EVENT,000000000100000000001000111000000000000110000000000000000000,0.14081231448261958,3004.588983574349
1511295430514,INFO,EXPLORE_EVENT,000000000100000000001000000000000000000110000000000000000000,0.0967553501553561,1889.4950963224142
1511295433701,INFO,EXPLORE_EVENT,000000000100000000001000000000000000000000000000000000000000,0.0493589514053561,1445.7704466676603
1511295435294,INFO,EXPLORE_EVENT,000000000000000000000000000000000000000000000000000000000000,0.0,0.0
1511295442703,INFO,CLICK_EVENT,000000000100000000001000111000000000000110000000000000000000,0.14081231448261958,3004.588983574349
1511295478802,INFO,CLEAR_SCREEN,000000000000000000000000000000000000000000000000000000000000,N/A,N/A
1511295480329,INFO,CLICK_EVENT,000000000000000000000000000000000000000000000000000000000000,0,0
1511295480505,INFO,CLICK_EVENT,000000000000000000000000000000000000000000000000000000000000,0,0
1511295482809,INFO,TREATMENT_1,000000000000000000000000000000000000000000000000000000000000,N/A,N/A
1511295493521,INFO,EXPLORE_EVENT,000000000000000000000000000000000000000000000000100000000000,0.0144620975,250.88035225693346
1511295495807,INFO,EXPLORE_EVENT,000000000000000000000000000000000000100000000000000000000000,0.0,250.8605824203334
1511295497915,INFO,EXPLORE_EVENT,000000000000000000000000100000000000000000000000000000000000,0.0,258.5627292295798
1511295500087,INFO,EXPLORE_EVENT,000000000000100000000000000000000000000000000000000000000000,0.0144620975,259.2800180585232
1511295501861,INFO,EXPLORE_EVENT,100000000000000000000000000000000000000000000000000000000000,0.0144620975,259.2800180585232
1511295504149,INFO,EXPLORE_EVENT,000000000000100000000000000000000000000000000000000000000000,0.0144620975,259.2800180585232
1511295505890,INFO,EXPLORE_EVENT,010000000000100000000000000000000000000000000000000000000000,0.0368039,528.0350401958026
1511295508422,INFO,EXPLORE_EVENT,000000000000110000000000000000000000000000000000000000000000,0.048161050000000004,443.7246496547539
1511295511500,INFO,EXPLORE_EVENT,000000000000100000000000010000000000000000000000000000000000,0.0144620975,527.1828116832597
1511295514206,INFO,EXPLORE_EVENT,000000000000100000000000000000000000010000000000000000000000,0.0144620975,518.0077748205404
1511295517045,INFO,EXPLORE_EVENT,000000000000100000000000000000000000000000000000010000000000,0.040800051350000005,518.0311851456465
1511295519841,INFO,EXPLORE_EVENT,000000000000110000000000000000000000000000000000000000000000,0.048161050000000004,443.7246496547539
1511295523488,INFO,EXPLORE_EVENT,001000000000110000000000000000000000000000000000000000000000,0.04892570125000001,1127.0944052832742
1511295525940,INFO,EXPLORE_EVENT,000000000000111000000000000000000000000000000000000000000000,0.038236676283312516,1871.8188203037812
1511295528826,INFO,EXPLORE_EVENT,000000000000110000000000001000000000000000000000000000000000,0.04892570125000001,1121.7449408494535
1511295531044,INFO,EXPLORE_EVENT,000000000000110000000000000000000000001000000000000000000000,0.04892570125000001,1112.7102268729382
1511295533338,INFO,EXPLORE_EVENT,000000000000110000000000000000000000000000000000001000000000,0.04892570125000001,1112.8495980492708
1511295535127,INFO,EXPLORE_EVENT,000000000000110000000000000000000000000000000000000000000000,0.048161050000000004,443.7246496547539
1511295536754,INFO,EXPLORE_EVENT,000100000000110000000000000000000000000000000000000000000000,0.051846999525120445,1309.574324525739
1511295539333,INFO,EXPLORE_EVENT,000000000000110100000000000000000000000000000000000000000000,0.009483372672923264,1489.904820472551
1511295541585,INFO,EXPLORE_EVENT,000000000000110000000000000100000000000000000000000000000000,0.048161050000000004,1304.4906563333348
1511295544151,INFO,EXPLORE_EVENT,000000000000110000000000000000000000000100000000000000000000,0.048161050000000004,1237.825390870615
1511295546193,INFO,EXPLORE_EVENT,000000000000110000000000000000000000000000000000000100000000,0.05193665795039083,1237.9606635308771
1511295548993,INFO,EXPLORE_EVENT,000000000000110000000000000000000000000000000000000000000000,0.048161050000000004,443.7246496547539
1511295553258,INFO,EXPLORE_EVENT,000000000000110000000000000000000000000000000000000100000000,0.05193665795039083,1237.9606635308771
1511295554526,INFO,EXPLORE_EVENT,000000000000110000000000000000000000000000000000000110000000,0.059725905783723277,2151.137733292586
1511295557569,INFO,EXPLORE_EVENT,000000000000110000000000000000000000000010000000000100000000,0.06889033930039083,1836.0261184526962
1511295560444,INFO,EXPLORE_EVENT,000000000000110000000000000010000000000000000000000100000000,0.05390491160039083,1862.1407390487889
1511295563109,INFO,EXPLORE_EVENT,000000000000110010000000000000000000000000000000000100000000,0.03625628804599989,2572.7842122909924
1511295565946,INFO,EXPLORE_EVENT,000010000000110000000000000000000000000000000000000100000000,0.05593280930039083,1867.9656519001555
1511295568711,INFO,EXPLORE_EVENT,000000000000110000000000000010000000000000000000000100000000,0.05390491160039083,1862.1407390487889
1511295572408,INFO,EXPLORE_EVENT,000000000000110000000000000000000000000010000000000100000000,0.06889033930039083,1836.0261184526962
1511295574962,INFO,EXPLORE_EVENT,000000000000110000000000000000000000000010000000000000000000,0.06511473135000001,1041.790104576573
1511295579192,INFO,EXPLORE_EVENT,000000000000110000000000000000000000000010000000000100000000,0.06889033930039083,1836.0261184526962
1511295584783,INFO,EXPLORE_EVENT,000000000000110000000000000001000000000010000000000100000000,0.10314747931643764,2838.3540108104744
1511295588394,INFO,EXPLORE_EVENT,000000000000110001000000000000000000000010000000000100000000,0.05842035019051142,3040.990245608505
1511295591825,INFO,EXPLORE_EVENT,000001000000110000000000000000000000000010000000000100000000,0.11183271229373766,2845.330665134713
1511295599645,INFO,EXPLORE_EVENT,000001000000110000000000000000100000000010000000000100000000,0.12394349425952805,3273.0686860140495
1511295603181,INFO,EXPLORE_EVENT,000001000000110000100000000000000000000010000000000100000000,0.12692569675952806,3186.0646192099566
1511295606308,INFO,EXPLORE_EVENT,000001100000110000000000000000000000000010000000000100000000,0.11827813661880858,3491.246566984495
1511295610220,INFO,EXPLORE_EVENT,000001000000110000000000000000000000000010100000000100000000,0.12394349425952805,3183.2027289494495
1511295613928,INFO,EXPLORE_EVENT,000001000000110000000000000000000000000010000000000100100000,0.11305360425865961,3413.7308145151246
1511295616416,INFO,EXPLORE_EVENT,000001000000110000000000000000000000000010000000000100000000,0.11183271229373766,2845.330665134713
1511295619261,INFO,EXPLORE_EVENT,001001000000110000000000000000000000000010000000000100000000,0.10545306111836031,3924.2458294445923
1511295623294,INFO,EXPLORE_EVENT,000001000000111000000000000000000000000010000000000100000000,0.10190833857705017,4273.4248357837405
1511295627028,INFO,EXPLORE_EVENT,000001000000110000000000001000000000000010000000000100000000,0.11259736354373767,3523.350956329413
1511295630194,INFO,EXPLORE_EVENT,000001000000110000000000000000000000001010000000000100000000,0.11454419739019525,4380.20109831999
1511295633536,INFO,EXPLORE_EVENT,000001000000110000000000000000000000000010000000001100000000,0.11171699378834804,3884.6780900782733
1511295635838,INFO,EXPLORE_EVENT,000001000000110000000000000000000000000010000000000100000000,0.11183271229373766,2845.330665134713
1511295642556,INFO,EXPLORE_EVENT,000001000000110000000000000000000000000010000000000100010000,0.11696513341544505,2964.614813499231
1511295645783,INFO,EXPLORE_EVENT,000001000000110000000000000000000000000010010000000100000000,0.11183271229373766,2918.892414291603
1511295648811,INFO,EXPLORE_EVENT,000001000000110000000000000000010000000010000000000100000000,0.11183271229373766,3012.3695126559514
1511295658681,INFO,EXPLORE_EVENT,000001000000110000000000000000000000000010010000000100000000,0.11183271229373766,2918.892414291603
1511295662028,INFO,EXPLORE_EVENT,000001000000110000000000000000000000000010000000000100010000,0.11696513341544505,2964.614813499231
1511295664338,INFO,CLICK_EVENT,000001000000110000100000000000000000000010000000000100000000,0.12692569675952806,3186.0646192099566
1511295667033,INFO,EXPLORE_EVENT,000001000000110000000000000000000000000010000000000100000000,0.11183271229373766,2845.330665134713
1511295676301,INFO,CLICK_EVENT,000001000000110000100000000000000000000010000000000100000000,0.12692569675952806,3186.0646192099566
1511295677484,INFO,CLICK_EVENT,000001000000110000100000000000000000000010000000000100000000,0.12692569675952806,3186.0646192099566
1511295683703,INFO,EXPLORE_EVENT,000001000000110000100000000000000000000010000000000100000000,0.12692569675952806,3186.0646192099566
1511295692666,INFO,EXPLORE_EVENT,000001000000110000100000000000010000000010000000000100000000,0.12692569675952806,3353.103466731195
1511295696065,INFO,EXPLORE_EVENT,000001000000110000100000000000000000000010010000000100000000,0.12692569675952806,3259.6263683668467
1511295698681,INFO,EXPLORE_EVENT,000001000000110000100000000000000000000010000000000100000000,0.12692569675952806,3186.0646192099566
1511295700770,INFO,EXPLORE_EVENT,000001000000110000100000000000000000000010000000000100001000,0.13377353922972052,3617.8861133193095
1511295703397,INFO,EXPLORE_EVENT,000001000000110000100000000000000000000010001000000100000000,0.12226749007739465,4135.474009833856
1511295706178,INFO,EXPLORE_EVENT,000001000000110000100000000000001000000010000000000100000000,0.12692569675952806,3852.9349954550116
1511295710436,INFO,EXPLORE_EVENT,000001000000110000101000000000000000000010000000000100000000,0.09251483317080672,4318.016049723568
1511295713996,INFO,EXPLORE_EVENT,000001001000110000100000000000000000000010000000000100000000,0.11544240186294429,3682.6749571158834
1511295717563,INFO,EXPLORE_EVENT,000001000000110000100000000000000000000010001000000100000000,0.12226749007739465,4135.474009833856
1511295720668,INFO,CLICK_EVENT,000001000000110000100000000000000000000010000000000100001000,0.13377353922972052,3617.8861133193095
1511295725010,INFO,EXPLORE_EVENT,000001000000110000100000000000000000000010000000000100000000,0.12692569675952806,3186.0646192099566
1511295727231,INFO,EXPLORE_EVENT,000001000000110000100000000000000000000010000000000100001000,0.13377353922972052,3617.8861133193095
1511295729232,INFO,CLICK_EVENT,000001000000110000100000000000000000000010000000000100001000,0.13377353922972052,3617.8861133193095
1511295736173,INFO,EXPLORE_EVENT,000001000000110000100000000000000000000010000000000100000000,0.12692569675952806,3186.0646192099566
1511295742070,INFO,EXPLORE_EVENT,000001000000110000100000000000000000000010000000000100001000,0.13377353922972052,3617.8861133193095
1511295749993,INFO,EXPLORE_EVENT,000001000000110000100000000000000000000010000000000100001100,0.14083992243201476,3859.54148264426
1511295755162,INFO,EXPLORE_EVENT,000001000000110000100000000000000000000010000100000100001000,0.12784092254968518,4363.520502062083
1511295758771,INFO,EXPLORE_EVENT,000001000000110000100000000000000100000010000000000100001000,0.13377353922972052,4065.5615315288624
1511295762970,INFO,EXPLORE_EVENT,000001000000110000100100000000000000000010000000000100001000,0.11141930903733238,4511.19464018968
1511295766258,INFO,EXPLORE_EVENT,000001000100110000100000000000000000000010000000000100001000,0.1304680285211492,3879.900416420048
1511295770237,INFO,EXPLORE_EVENT,000001000000110000100000000000000000000010000000000100001100,0.14083992243201476,3859.54148264426
1511295775583,INFO,EXPLORE_EVENT,000001000000110000100000000000000000000010000000000100001110,0.1425317066759783,4045.9216971333262
1511295779804,INFO,EXPLORE_EVENT,000001000000110000100000000000000000000010000010000100001100,0.14083992243201476,3987.383512160325
1511295782899,INFO,EXPLORE_EVENT,000001000000110000100000000000000010000010000000000100001100,0.14083992243201476,4109.824760819173
1511295787075,INFO,EXPLORE_EVENT,000001000000110000100010000000000000000010000000000100001100,0.14254458380792195,4838.349390492633
1511295791151,INFO,EXPLORE_EVENT,000001000010110000100000000000000000000010000000000100001100,0.1396383473855375,4177.738452109432
1511295795353,INFO,EXPLORE_EVENT,000001000000110000100000000000000000000010000000000100001100,0.14083992243201476,3859.54148264426
1511295795961,INFO,CLICK_EVENT,000001000000110000100000000000000000000010000000000100001110,0.1425317066759783,4045.9216971333262
1511295801526,INFO,EXPLORE_EVENT,000001000000110000100000000000000000000010000000000100001110,0.1425317066759783,4045.9216971333262
1511295809634,INFO,EXPLORE_EVENT,000001000000110000100000000000000000000010000000000100001110,0.1425317066759783,4045.9216971333262
1511295814538,INFO,EXPLORE_EVENT,000001000000110000100000000000000000000010000001000100001110,0.1906836472939305,5029.884991204188
1511295821689,INFO,EXPLORE_EVENT,000001000000110000100000000000000001000010000000000100001110,0.1894242351650628,4409.880976560385
1511295827304,INFO,EXPLORE_EVENT,000001000000110000100001000000000000000010000000000100001110,0.16339526710821833,5186.932786500145
1511295832434,INFO,EXPLORE_EVENT,000001000000110000100001000000000001000010000000000100001110,0.18001735087676296,5550.8920659272035
1511295837269,INFO,EXPLORE_EVENT,000001000000110000100000000000000001000010000000000100001110,0.1894242351650628,4409.880976560385
1511295843266,INFO,EXPLORE_EVENT,000001000000110000100001000000000000000010000000000100001110,0.16339526710821833,5186.932786500145
1511295845907,INFO,CLICK_EVENT,000001000000110000100000000000000000000010000001000100001110,0.1906836472939305,5029.884991204188
1511295855228,INFO,EXPLORE_EVENT,000001000000110000100001000000000000000010000001000100001110,0.17744172971781214,6118.2950129634555
1511295865096,INFO,EXPLORE_EVENT,000001000000110000100000000000000000000010000001000100001110,0.1906836472939305,5029.884991204188
1511295882326,INFO,EXPLORE_EVENT,000001000000110000100000000000000000000010000001000100011110,0.1928495181294255,5136.913755192934
1511295887537,INFO,EXPLORE_EVENT,000001000000110000100000000000000000000010010001000100001110,0.18922079150414045,5136.809961426283
1511295892157,INFO,EXPLORE_EVENT,000001000000110000100000000000010000000010000001000100001110,0.1906836472939305,5196.923838725426
1511295897996,INFO,EXPLORE_EVENT,000001000000110000110000000000000000000010000001000100001110,0.20498392207362437,5096.502245804021
1511295907705,INFO,EXPLORE_EVENT,001001000000110000110000000000000000000010000001000100001110,0.1996379143648079,6175.4174101139015
1511295914312,INFO,EXPLORE_EVENT,000001000000111000110000000000000000000010000001000100001110,0.183015252430707,6892.809399560119
1511295920621,INFO,EXPLORE_EVENT,000001000000110000110000001000000000000010000001000100001110,0.2061319460692449,5774.522536998721
1511295927327,INFO,EXPLORE_EVENT,000001000000110000110000000000000000000010000001000100001110,0.20498392207362437,5096.502245804021
1511295933367,INFO,EXPLORE_EVENT,000001000000110000110000000000000000001010000001000100001110,0.19013042895826993,6099.677245864596
1511295941408,INFO,EXPLORE_EVENT,000001000000110000110000000000000000000010000001100100001110,0.2043760626493481,5365.222848287885
1511295945795,INFO,EXPLORE_EVENT,000001000000110000110000000000000000100010000001000100001110,0.18828185429928662,5355.068899889129
1511295950831,INFO,EXPLORE_EVENT,000001000000110000110000100000000000000010000001000100001110,0.20498392207362437,5355.007618300103
1511295956498,INFO,EXPLORE_EVENT,000001000000110000110000000000000000000010000001000100001110,0.20498392207362437,5096.502245804021
1511295972495,INFO,EXPLORE_EVENT,000000000000110000110000000001000000000010000001000100001110,0.19802527155566713,5089.525591479783
1511295978873,INFO,EXPLORE_EVENT,000000000000110000110000000000000000000011000001000100001110,0.14688012833902886,4882.688297245532
1511295984722,INFO,EXPLORE_EVENT,000001000000110000110000000000000000000010000001000100001110,0.20498392207362437,5096.502245804021
1511296008730,INFO,EXPLORE_EVENT,000001000000110000110000000000000000000010000001000000000000,0.18109676985583364,3442.4091540045283
1511296011323,INFO,EXPLORE_EVENT,000001000000110000110000000000000000000000000000000000000000,0.11940871683413723,1860.3804050118474
1511296014974,INFO,EXPLORE_EVENT,000001000000000000000000000000000000000000000000000000000000,0.04294237299334684,1009.3045466820167
1511296016907,INFO,EXPLORE_EVENT,000000000000000000000000000000000000000000000000000000000000,0.0,0.0
1511296043239,INFO,CLEAR_SCREEN,000000000000000000000000000000000000000000000000000000000000,N/A,N/A
1511296045576,INFO,CLICK_EVENT,000000000000000000000000000000000000000000000000000000000000,0,0
1511296062723,INFO,EXPLORE_EVENT,000000000000000000000000000000000000000000000000000100000110,0.01813930145137441,1221.215946708848
1511296065841,INFO,EXPLORE_EVENT,000000000000110000110000000000000000000000000000000100000110,0.10102196666018758,2072.291805038679
1511296068473,INFO,EXPLORE_EVENT,000001000000110000110000000000000000000000000000000100000110,0.13462068688062054,3081.5963517206956
1511296071615,INFO,EXPLORE_EVENT,000001000000110000110000000000000000000010000001000100000110,0.20046194469753287,4663.625100713376
1511296074999,INFO,EXPLORE_EVENT,000001000000110000110000000000000000000010000001000100001110,0.20498392207362437,5096.502245804021
1511296121859,INFO,CLEAR_SCREEN,000000000000000000000000000000000000000000000000100011110010,N/A,N/A
1511296125546,INFO,EXPLORE_EVENT,000000000000000000000000000000000000000000000000100011110010,0.04880060178731439,3079.754821535007
