1511116907858,INFO,DEMO_TREATMENT,000000000000000000000000000000000000000000000000000000000000,N/A,N/A
1511117703746,INFO,EXPLORE_EVENT,100000000000000000000000000000000000000000000000000000000000,0.0,447.73705817532016
1511117727317,INFO,EXPLORE_EVENT,100000000000000000000000000001000000000000000000000000000000,0.0022939537500000005,1116.80036660407
1511117742689,INFO,CLICK_EVENT,100000000000000000000000000000000000000000000000000000000000,0.0,447.73705817532016
1511117754794,INFO,CLICK_EVENT,100000000000000000000000000001000000000000000000000000000000,0.0022939537500000005,1116.80036660407
1511117761870,INFO,EXPLORE_EVENT,100000000000000000000000000001000000000000001000000000010000,0.04523632674334684,2756.109901655365
1511117764065,INFO,CLICK_EVENT,100000000000000000000000000001000000000000001000000000010000,0.04523632674334684,2756.109901655365
1511117768604,INFO,EXPLORE_EVENT,100000000000000000000000000001000000000000001010000000010100,0.06613044986225697,3238.921039568051
1511117777115,INFO,CLICK_EVENT,100000000000000000000000000001000000000000001010000000010100,0.06613044986225697,3238.921039568051
1511117793786,INFO,CLICK_EVENT,100000000000000000000000000001000000000000001010000000010100,0.06613044986225697,3238.921039568051
1511117795813,INFO,CLICK_EVENT,100000000000000000000000000001000000000000001000000000010000,0.04523632674334684,2756.109901655365
1511117842950,INFO,CLICK_EVENT,100000000000000000000000000001000000000000000000000000000000,0.0022939537500000005,1116.80036660407
1511117846346,INFO,CLICK_EVENT,100000000000000000000000000001000000000000001000000000010000,0.04523632674334684,2756.109901655365
1511117850340,INFO,CLICK_EVENT,100000000000000000000000000001000000000000001010000000010100,0.06613044986225697,3238.921039568051
1511117882955,INFO,EXPLORE_EVENT,100000000000000000000000000000000000000000001010000000010100,0.06432564119975696,2569.796091173534
1511117885681,INFO,EXPLORE_EVENT,100000000000000000000000000000000000000000000010000000010100,0.0354508076375,1607.0174270230186
1511117887234,INFO,EXPLORE_EVENT,100000000000000000000000000000000000000000000010000000010000,0.01287238505,1244.9868328730875
1511117889512,INFO,EXPLORE_EVENT,000000000000000000000000000000000000000000000010000000000000,0.010874309375,167.30294182536957
1511117891235,INFO,EXPLORE_EVENT,000000000000000000000000000000000000000000000000000000000000,0.0,0.0
1511117894208,INFO,CLICK_EVENT,000000000000000000000000000000000000000000000000000000000000,0,0
1511117897564,INFO,CLEAR_SCREEN,000000000000000000000000000000000000000000000000000000000000,N/A,N/A
1511117929330,INFO,TREATMENT_3,000000000000000000000000000000000000000000000000000000000000,N/A,N/A
1511117933797,INFO,EXPLORE_EVENT,100000000000000000000000000000000000000000000000000000000000,0.021025948837500003,431.63363893128997
1511117934432,INFO,AGENT_EVENT,100000000000000000000000000000000000000000001000000000000000,0.023618580000000004,1100.681308528448
1511117935637,INFO,AGENT_EVENT,100000000000000000000000000000000010000000000000000000000000,0.0360113765375,1029.62181505575
1511117937388,INFO,EXPLORE_EVENT,100000000000000100000000000000000000000000000000000000000000,0.021025948837500003,879.3706971066101
1511117938585,INFO,EXPLORE_EVENT,100000000000000100000000000000000000000000000000000000000000,0.021025948837500003,879.3706971066101
1511117938855,INFO,AGENT_EVENT,100000000000000100000000000000000000000000000000010000000000,0.0334527319625,1046.6736389319797
1511117942123,INFO,EXPLORE_EVENT,100000000000000100000000000000000000000000000000000010000000,0.021594270712500002,1132.952025191746
1511117943177,INFO,EXPLORE_EVENT,100000000000000100000000000000000000001000000000000010000000,0.061893522600458536,1774.1091910121875
1511117945880,INFO,EXPLORE_EVENT,100000000000000100000000000000100000001000000000000010000000,0.061893522600458536,2024.9086825209656
1511117947433,INFO,EXPLORE_EVENT,100000000000000100000000000001100000001000000000000010000000,0.11947165072545854,2286.784951261085
1511117947597,INFO,AGENT_EVENT,100000000000000110000000000001100000001000000000000010000000,0.11947165072545854,2552.9681764977004
1511117951549,INFO,EXPLORE_EVENT,110000000000000100000000000001100000001000000000000010000000,0.1307809759726051,2353.106486737892
1511117952100,INFO,AGENT_EVENT,110000000000000100000000000001100000001000000000000010100000,0.1436905997226051,2533.7560142741086
1511117952795,INFO,CLICK_EVENT,100000000000000000000000000000000000000000000000000000000000,0.021025948837500003,431.63363893128997
1511117954167,INFO,AGENT_EVENT,110000000000000100000000000000100000001000000000000010000000,0.0732028478476051,2091.2302179977723
1511117955246,INFO,CLICK_EVENT,100000000000000100000000000000000000000000000000000000000000,0.021025948837500003,879.3706971066101
1511117956381,INFO,AGENT_EVENT,110000000000000000000000000001100000001000000000000010000000,0.1307809759726051,1905.431068528339
1511117957700,INFO,CLICK_EVENT,100000000000000100000000000000000000000000000000000010000000,0.021594270712500002,1132.952025191746
1511117959014,INFO,AGENT_EVENT,110000000000000100000000000001100000001000000000000110000000,0.1675586764718941,2821.024639131125
1511117964115,INFO,EXPLORE_EVENT,110000000000000100000000000001100000001000000000000010001000,0.1325857846351051,2972.6239527651146
1511117968436,INFO,EXPLORE_EVENT,110000000000000100000000000001100000001000000100000010001000,0.10949343106120885,3557.5242949301496
1511117970695,INFO,EXPLORE_EVENT,110000000000000100000010000001100000001000000100000010001000,0.11348958241120885,4492.6083545718275
1511117975215,INFO,EXPLORE_EVENT,110000000000000100000010000001100000001000000100000010001001,0.12432898787529095,6058.1375032267015
1511117977000,INFO,CLICK_EVENT,100000000000000000000000000000000000000000000000000000000000,0.021025948837500003,431.63363893128997
1511117979075,INFO,EXPLORE_EVENT,110000000000000100000010000001100000001000010100000010001001,0.12946430671879466,6347.708624601604
1511117979480,INFO,AGENT_EVENT,110000000000000100000010000001100000001000010100000010001011,0.1296005757322126,7424.567791346389
1511117982970,INFO,EXPLORE_EVENT,100000000000000100000010000001100000001000010100000010001001,0.11771989168414695,6281.387089124797
1511117983472,INFO,AGENT_EVENT,100000000000000100000010000001100000011000010100000010001001,0.12046412297068722,6387.564605047143
1511117986181,INFO,AGENT_EVENT,100000000000000100000010000001100100001000010100000010001001,0.0767876888425548,7301.470993136834
1511117989404,INFO,AGENT_EVENT,100000000000000100000010000001100001001000010100000010001001,0.09027814197725006,7431.291441305206
1511117990201,INFO,CLICK_EVENT,110000000000000100000000000001100000001000000000000110000000,0.1675586764718941,2821.024639131125
1511117992714,INFO,AGENT_EVENT,100000000000000100000010000001100000001000010100000010101001,0.12170561736701757,6597.7458533363915
1511117995094,INFO,AGENT_EVENT,100000000000000100000010000000100000001000010100000010001001,0.0699321177420977,6019.510820384677
1511117997561,INFO,AGENT_EVENT,100000000000000100000010000001100000000000010100000010001001,0.11114033434635197,5850.050345821819
1511118000664,INFO,AGENT_EVENT,100000000000000100001010000001100000001000010100000010001001,0.11865603883984296,7358.278937331459
1511118003770,INFO,AGENT_EVENT,100000000000000100000010000001100000001000010100000010011001,0.11718561233549832,6621.385472320362
1511118006776,INFO,AGENT_EVENT,100000000000000100001010000001100000001000010100000010001001,0.11865603883984296,7358.278937331459
1511118012637,INFO,EXPLORE_EVENT,100000000000000100000010000001100001001000010100000010001001,0.09027814197725006,7431.291441305206
1511118017063,INFO,EXPLORE_EVENT,100000000010000100000010000001100001001000010100000010001001,0.09875960543614083,7991.770663690484
1511118020654,INFO,EXPLORE_EVENT,110000000010000100000010000001100001001000010100000010001001,0.11050402047078856,8060.095807938795
1511118020859,INFO,AGENT_EVENT,110000000010000100000010000001100001001000010100000010101001,0.11464624401484991,8376.45457215039
1511118024757,INFO,AGENT_EVENT,110000000010000100000010010001100001001000010100000010001001,0.11036246751416498,8166.362960316497
1511118025243,INFO,CLICK_EVENT,110000000000000100000000000001100000001000000000000110000000,0.1675586764718941,2821.024639131125
1511118028897,INFO,CLICK_EVENT,100000000000000000000000000000000000000000000000000000000000,0.021025948837500003,431.63363893128997
1511118029145,INFO,AGENT_EVENT,110000000010000100000010000001100001001000010100000010001011,0.11814456691869271,9136.95497468358
1511118031295,INFO,CLICK_EVENT,100000000000000000000000000000000010000000000000000000000000,0.0360113765375,1029.62181505575
1511118032207,INFO,CLICK_EVENT,110000000000000100000000000001100000001000000000000110000000,0.1675586764718941,2821.024639131125
1511118033614,INFO,AGENT_EVENT,110000000010000100000010000001100001001000010100000010000001,0.11495453628393867,6948.830462555628
1511118044980,INFO,EXPLORE_EVENT,110000000010000100000010000001100001001000010100000010001001,0.11050402047078856,8060.095807938795
1511118047469,INFO,EXPLORE_EVENT,110000000010000100000010000001100001001000010100000010001001,0.11050402047078856,8060.095807938795
1511118051360,INFO,EXPLORE_EVENT,110000000010000100000010000001110001001000010100000010001001,0.108085062862985,8333.334750720329
1511118054231,INFO,CLICK_EVENT,000000000000000000000000000000000000000000000000000000000000,0,0
1511118055486,INFO,EXPLORE_EVENT,110000000010000100100010000001110001001000010100000010001001,0.108085062862985,8644.899385710383
1511118057630,INFO,EXPLORE_EVENT,110001000010000100100010000001110001001000010100000010001001,0.14049676543756956,9959.094339795585
1511118058563,INFO,EXPLORE_EVENT,110001000010000100100010001001110001000000010100000010001001,0.13314356361070293,9952.090096750415
1511118063181,INFO,EXPLORE_EVENT,110001000010000100100010001001110001001000010100000010001001,0.14049676543756956,10383.426840053393
1511118067957,INFO,EXPLORE_EVENT,110001000010000100100010001001110001001010010100000000001001,0.1430622937377976,10221.374933049558
1511118071257,INFO,EXPLORE_EVENT,110001000010000100100010001001110001001010010100000010001001,0.14286179604009108,10571.922083588019
1511118074027,INFO,CLICK_EVENT,110000000000000100000000000001100000001000000000000110000000,0.1675586764718941,2821.024639131125
1511118074263,INFO,EXPLORE_EVENT,110001000010000100100010001001110001001010010100010010001001,0.14772109738542719,10711.966523941228
1511118077888,INFO,EXPLORE_EVENT,010001000010100100100010001001110001001010010100010010001001,0.13709968081867824,10690.442781841099
1511118083133,INFO,EXPLORE_EVENT,110001000010100100100010001001110001001010010100010010001001,0.14772109738542719,11343.038130029418
1511118085632,INFO,EXPLORE_EVENT,110001000010000100100010001001110001001010010100010010001001,0.14772109738542719,10711.966523941228
1511118087256,INFO,EXPLORE_EVENT,100001000010000100100010001001110001001010010100010010001001,0.13795487326617545,10587.22359550598
1511118089603,INFO,EXPLORE_EVENT,100001000010000100100010001000110001001010010100010010001001,0.13591965505017076,10180.470237533033
1511118094182,INFO,EXPLORE_EVENT,100001000010000100100010001000110001001010010100010010001001,0.13591965505017076,10180.470237533033
1511118096737,INFO,EXPLORE_EVENT,100001000010000100100010000000110001001010010100010010001001,0.13591965505017076,9753.97278249195
1511118097204,INFO,EXPLORE_EVENT,100001000010000100100010001000110001000010010100010010001001,0.13120273540455585,9767.57697444348
1511118100173,INFO,EXPLORE_EVENT,100001000010000100100010000000010001001010010100010010001001,0.13605637928121533,9479.66876948061
1511118103896,INFO,EXPLORE_EVENT,100001000000000100100010000000010001001010010100010010001001,0.13028628843545673,7886.539529688047
1511118106309,INFO,EXPLORE_EVENT,110001000000000100100010000000010001001010010100000010001001,0.1378407107602366,7813.313996580928
1511118108577,INFO,EXPLORE_EVENT,110001000000000100100010000000010001001010010100010010001001,0.14310630824299136,7953.358436934139
1511118111756,INFO,EXPLORE_EVENT,110001000000000100100010000000010001001010010100010010001001,0.14310630824299136,7953.358436934139
1511118114334,INFO,EXPLORE_EVENT,110001000000000100100000000000010001001010010100010010001001,0.1427322621960141,7004.282729510749
1511118116823,INFO,EXPLORE_EVENT,110001000000000100000000000000010001001010010100010010001001,0.1427322621960141,6706.709742302405
1511118118652,INFO,EXPLORE_EVENT,110000000000000100000000000000010001001010010100010010001001,0.0944346274062548,6429.077403382842
1511118122238,INFO,EXPLORE_EVENT,110000000000000100000000000001010001001010010100010010001001,0.10886923046554578,6907.22487025277
1511118124627,INFO,EXPLORE_EVENT,110000000000000100000000000001110001001010010100010010001001,0.10707315101934414,7164.307543809702
1511118126257,INFO,EXPLORE_EVENT,110000000000000100000000000001110001001000010100000010001001,0.09845902253816055,6835.767859921865
1511118126561,INFO,EXPLORE_EVENT,110000000000000100000000000001110001001000010100010010001001,0.10359098256138424,6975.812300275077
1511118131019,INFO,EXPLORE_EVENT,110000000000000100000000000001110001001000010100010010001001,0.10359098256138424,6975.812300275077
1511118133647,INFO,EXPLORE_EVENT,110000000000000100000000000001110001001000010100010000001001,0.10553151872482361,6607.696733647312
1511118135574,INFO,EXPLORE_EVENT,110000000000000100000000000001110001001000010100010010001001,0.10359098256138424,6975.812300275077
1511118139565,INFO,EXPLORE_EVENT,110000000000000100000000000001110001001000010100010110001001,0.1089027472265138,7224.450819546646
1511118141534,INFO,EXPLORE_EVENT,110000000000000100000000000001110001001000010100000110001000,0.11625233641714727,6310.894280538507
1511118141713,INFO,EXPLORE_EVENT,110000000000000100000000000001110001001000010100000110001001,0.10354323883414804,7099.549360768062
1511118143190,INFO,EXPLORE_EVENT,110000000000000100000000000001110001001000010100000110000000,0.12208099998968423,5215.068392595232
1511118147292,INFO,EXPLORE_EVENT,110000000000000100000000000001110001001000010000000110000000,0.13955581504169307,4629.7421811454105
1511118148674,INFO,EXPLORE_EVENT,110000000000000100000000000001110001001000000000000110000000,0.1400930616309513,4340.596929055293
1511118148808,INFO,EXPLORE_EVENT,110000000000000100000000000001100001001000000000000110000000,0.14371550898362767,4068.152001726873
1511118149547,INFO,EXPLORE_EVENT,110000000000000100000000000001100000001000000000000110000000,0.1675586764718941,2821.024639131125
1511118154285,INFO,EXPLORE_EVENT,110000000000000100000000000001100000001000000001000110000000,0.15372064491033594,3629.291235000359
1511118156494,INFO,EXPLORE_EVENT,110000000000000100000000000001100000001000010001000110000000,0.1586898500253116,3922.240414614769
1511118156756,INFO,EXPLORE_EVENT,110000000000000100000000000001101000001000010001000110000000,0.1562556620277959,5375.414045271681
1511118157375,INFO,EXPLORE_EVENT,110000000000000100000000000001100000001000010001000110000000,0.1586898500253116,3922.240414614769
1511118162050,INFO,EXPLORE_EVENT,110000000000000100000000000001101000001000010001000110000000,0.1562556620277959,5375.414045271681
1511118164091,INFO,EXPLORE_EVENT,110000000000000100000000000001100000001000010001000110000000,0.1586898500253116,3922.240414614769
1511118164226,INFO,EXPLORE_EVENT,110000000000000100000000000001100000001000010000000110001000,0.16244455822059609,4205.995779164517
1511118164811,INFO,EXPLORE_EVENT,110000000000000100000000000001100000001000010001000110001000,0.1528382580839564,5018.066302558044
1511118170103,INFO,EXPLORE_EVENT,110000000000000100000000000001100000001000010000000110001001,0.1540818683887577,5091.0798543563005
1511118172179,INFO,EXPLORE_EVENT,110000000000000100000000000001100000001000000000000110001001,0.1519069417609507,4801.934602266184
1511118172760,INFO,EXPLORE_EVENT,110000000000000100000000000001100000001000000000000110011001,0.1532153915500019,5126.65351264418
1511118173141,INFO,EXPLORE_EVENT,110000000000000100000000000001100000001000000000000110011001,0.1532153915500019,5126.65351264418
1511118177943,INFO,EXPLORE_EVENT,110000000000000100000000000001100000001000000000000110011001,0.1532153915500019,5126.65351264418
1511118179130,INFO,EXPLORE_EVENT,110000000000000100000000000001100000001000000000000110001000,0.16248734200699833,3916.8505270744004
1511118179442,INFO,EXPLORE_EVENT,110000000000000100000000000001100000001000000000000110000000,0.1675586764718941,2821.024639131125
1511118180268,INFO,EXPLORE_EVENT,110000000000000100000000000001100000001000000000000110001001,0.1519069417609507,4801.934602266184
1511118184310,INFO,EXPLORE_EVENT,110000000000000100000000000001100000001000000000000110000000,0.1675586764718941,2821.024639131125
1511118185865,INFO,EXPLORE_EVENT,110000000000000100000000000001100000001000000000000110000000,0.1675586764718941,2821.024639131125
1511118185969,INFO,EXPLORE_EVENT,110000000000000100000000000001100000001000000000000110000000,0.1675586764718941,2821.024639131125
1511118188170,INFO,EXPLORE_EVENT,110000000000000100000000000001100000001000000000000110000000,0.1675586764718941,2821.024639131125
1511118189246,INFO,AGENT_EVENT,110000000000000100000000000001100000001100000000000110000000,0.15097935429241946,3063.521603608032
1511118191990,INFO,AGENT_EVENT,110000000010000100000000000001100000001000000000000110000000,0.16955675214689409,3383.507470287909
1511118194891,INFO,AGENT_EVENT,110000000000100100000000000001100000001000000000000110000000,0.1680865175468941,3412.3084774948466
1511118197265,INFO,AGENT_EVENT,110000000000000100000000000001100000001000000000000100000000,0.17011607815940105,2547.7946032552195
1511118200029,INFO,AGENT_EVENT,110000000000000100000000000001100000001000000000000110001000,0.16248734200699833,3916.8505270744004
1511118202730,INFO,AGENT_EVENT,110000000000000100000000000101100000001000000000000110000000,0.13401289817255282,3487.991053101938
1511118206616,INFO,AGENT_EVENT,110000000000000100000000000001100001001000000000000110000000,0.14371550898362767,4068.152001726873
1511118207737,INFO,CLICK_EVENT,110000000000000100000000000001100000001000000000000100000000,0.17011607815940105,2547.7946032552195
1511118209595,INFO,AGENT_EVENT,110000000000000100000000000001100000001000000000000110000100,0.14316521834640902,3532.838243479225
1511118215499,INFO,EXPLORE_EVENT,110000000000000100000000000001100000001000000001000110000000,0.15372064491033594,3629.291235000359
1511118215714,INFO,AGENT_EVENT,110000000000000101000000000001100000001000000001000110000000,0.15730779491033597,4068.1243485786226
1511118219272,INFO,AGENT_EVENT,110000000000000100000000000001100000001000000001010110000000,0.15865045817829393,3767.742138082469
1511118222297,INFO,AGENT_EVENT,110000000000000100000000000001101000001000000001000110000000,0.14926512319056218,5082.464865657271
1511118228702,INFO,EXPLORE_EVENT,110000000000000100000000000001100000001000000001000110000000,0.15372064491033594,3629.291235000359
1511118228776,INFO,AGENT_EVENT,110000001000000100000000000001100000001000000001000110000000,0.16005783357283596,4241.834803069625
1511118232063,INFO,AGENT_EVENT,110000000000000100000000000101100000001000000001000110000000,0.12017486661099466,4296.257648971172
1511118239852,INFO,EXPLORE_EVENT,110000000000000100000010000001100000001000000001000110000000,0.15553616079621596,4564.375294642036
1511118239923,INFO,AGENT_EVENT,110000000000000100000010001001100000001000000001000110000000,0.1284940717019637,5428.211082736239
1511118243230,INFO,AGENT_EVENT,110000010000000100000010000001100000001000000001000110000000,0.17916793206035245,4741.436528919848
1511118249785,INFO,EXPLORE_EVENT,110000000000000100000010000001100000001000000001000110000100,0.13182986973544508,5276.188898990136
1511118250336,INFO,AGENT_EVENT,110010000000000100000010000001100000001000000001000110000100,0.15533906637768338,5475.078392518214
1511118259931,INFO,EXPLORE_EVENT,110000000000000100000010000001100000001000000101000110000000,0.14978421386580856,5148.304371544643
1511118260073,INFO,EXPLORE_EVENT,110000000000000100000010000001100000001000000101000110000100,0.12115193745442368,5860.117975892744
1511118265943,INFO,EXPLORE_EVENT,110000000000000100000010000001100000001000000101000110000100,0.12115193745442368,5860.117975892744
1511118271685,INFO,EXPLORE_EVENT,110000000000000100000010000001100000001000000101000110010100,0.12384433522947479,6179.250382120985
1511118275139,INFO,EXPLORE_EVENT,110000000000000100001010000001100000001000000101000110010100,0.12559002394435068,7256.142230327646
1511118278914,INFO,EXPLORE_EVENT,110000010000000100001010000001100000001000000101000110010100,0.15219967056698494,7433.203464605458
1511118279399,INFO,EXPLORE_EVENT,110000000000000100011010000001100000001000000101000110010100,0.12518475225867448,7593.737138373102
1511118282932,INFO,EXPLORE_EVENT,110000000000000100011010000001100000001000000101000110010100,0.12518475225867448,7593.737138373102
1511118285803,INFO,EXPLORE_EVENT,110000000000000100011010000001100000001000000101000110010100,0.12518475225867448,7593.737138373102
1511118289885,INFO,EXPLORE_EVENT,110000000000000100011010000001100000001000000101000110010100,0.12518475225867448,7593.737138373102
1511118291999,INFO,EXPLORE_EVENT,110000000000000100011010000001100000001010000101000110010100,0.12686170141973468,7788.329041320487
1511118295282,INFO,EXPLORE_EVENT,110000000000000100011010000001100000001010000101000110010100,0.12686170141973468,7788.329041320487
1511118298113,INFO,EXPLORE_EVENT,110000000000000100011010000001100000001010000101000110010100,0.12686170141973468,7788.329041320487
1511118305960,INFO,EXPLORE_EVENT,110000000000000100011010000001100000001010000101001110010100,0.12619016096460653,8277.329900109677
1511118309335,INFO,EXPLORE_EVENT,110000010000000100001010000001100000001010000101001110010100,0.1533468818919771,8116.79622634203
1511118312666,INFO,EXPLORE_EVENT,110000010000000100001010000001100000001010000101001110010100,0.1533468818919771,8116.79622634203
1511118317223,INFO,EXPLORE_EVENT,110000010000000100001010000001100001001010000101001110010100,0.1341939708405173,9363.923588937778
1511118324448,INFO,EXPLORE_EVENT,110000010000000100001010000001100001001010000101001110010100,0.1341939708405173,9363.923588937778
1511118328701,INFO,EXPLORE_EVENT,110000010000000100001010000001100001001010100101001110010100,0.13499998010267011,9621.30089885577
1511118330920,INFO,EXPLORE_EVENT,110000000000000100011010000001100001001010100101001110010100,0.10783543397148582,9781.834572623417
1511118335639,INFO,EXPLORE_EVENT,110000010000000100001010000001100001001010100101001110010100,0.13499998010267011,9621.30089885577
1511118340950,INFO,CLICK_EVENT,110000000000000100000000000001100000001000000000000100000000,0.17011607815940105,2547.7946032552195
1511118343627,INFO,EXPLORE_EVENT,110000010000000100001010000001100011001010100101001110010100,0.1328710321135762,10396.739066699738
1511118346886,INFO,EXPLORE_EVENT,110000010000000100001010000001100001001010100101001110010100,0.13499998010267011,9621.30089885577
1511118350322,INFO,EXPLORE_EVENT,110000010000000100001010000001100001001010100111001110010100,0.14158201724012712,10450.338163762537
1511118354236,INFO,EXPLORE_EVENT,110000010000000000001010000001100001001010100111001110010100,0.15280879347338994,10204.61196181129
1511118360471,INFO,EXPLORE_EVENT,110000010000000000001000000001100001001010100111001110010100,0.13990672240408436,8765.808549654854
1511118361439,INFO,CLICK_EVENT,110000010000000100000010000001100000001000000001000110000000,0.17916793206035245,4741.436528919848
1511118366104,INFO,EXPLORE_EVENT,110000010000000000001000000001100001001010100111001110010110,0.14046103145408484,9720.93077228573
1511118370121,INFO,EXPLORE_EVENT,110000010000000000001000000001100001001010100111001110010110,0.14046103145408484,9720.93077228573
1511118372956,INFO,EXPLORE_EVENT,110000010000000000001000000001100001001010100111001110010110,0.14046103145408484,9720.93077228573
1511118379853,INFO,EXPLORE_EVENT,110000010000010000001000000001100001001010100111001110010110,0.14046103145408484,9786.273688995982
1511118383197,INFO,EXPLORE_EVENT,100000010000010000001000000001100001001010100111001110010110,0.1266846093621971,9719.855432804881
1511118387326,INFO,EXPLORE_EVENT,100000010000010000001000000001100001001010100111001110010110,0.1266846093621971,9719.855432804881
1511118389429,INFO,EXPLORE_EVENT,100000010000010000001000000001100001001010100111001110010110,0.1266846093621971,9719.855432804881
1511118399002,INFO,EXPLORE_EVENT,110000010000010000001000000001100001001010100111001110010110,0.14046103145408484,9786.273688995982
1511118401969,INFO,EXPLORE_EVENT,110000010000000000001000000001100001001010100111001110010110,0.14046103145408484,9720.93077228573
1511118405822,INFO,EXPLORE_EVENT,110000000000000000001000000001100001001010100111001110010110,0.11688788113446205,9543.869538007919
1511118405904,INFO,EXPLORE_EVENT,110000010000000000001000000001100001001010100111001110010110,0.14046103145408484,9720.93077228573
1511118415813,INFO,EXPLORE_EVENT,110000000000000000011000000001100001001010100111001110010110,0.11688788113446205,9733.469590158584
1511118418831,INFO,EXPLORE_EVENT,110000000000000000011000000001100001001010100111001110010110,0.11688788113446205,9733.469590158584
1511118423164,INFO,EXPLORE_EVENT,110000000000000001001000000001100001001010100111001110010110,0.15430399392523814,9764.84187713452
1511118423522,INFO,EXPLORE_EVENT,110000000000000001011000000001100001001010100111001110010110,0.14285806467631923,10855.483221209197
1511118433317,INFO,EXPLORE_EVENT,110000000000000001001000000001110001001010100111001110010110,0.15069229772351256,10037.707858996324
1511118436590,INFO,EXPLORE_EVENT,110000000000000001001000000001100001001010100111001110010110,0.15430399392523814,9764.84187713452
1511118440879,INFO,EXPLORE_EVENT,110000000000000000011000000001100001001010100111001110010110,0.11688788113446205,9733.469590158584
1511118441770,INFO,EXPLORE_EVENT,110000000000000001011000000001100001001010100111001110010110,0.14285806467631923,10855.483221209197
1511118451206,INFO,EXPLORE_EVENT,110000000000000000011000000001100001001010100111001110010110,0.11688788113446205,9733.469590158584
1511118454109,INFO,EXPLORE_EVENT,110000000000000000011000000001000001001010100111001110010110,0.124221039996011,9455.917287751869
1511118458594,INFO,EXPLORE_EVENT,110000000000000000111000000001000001001010100111001110010110,0.12207255956710251,10444.700338675408
1511118459322,INFO,EXPLORE_EVENT,110000000000000000101000000001000001001010100111001110010110,0.124221039996011,9444.595081912878
1511118468660,INFO,EXPLORE_EVENT,110000000000000000101000000001010001001010100111001110010110,0.11513678569481342,9738.251924010463
1511118469616,INFO,EXPLORE_EVENT,110000000000000000101000000001010001001010100111001110000110,0.11516447649837364,9387.46091586187
1511118473978,INFO,EXPLORE_EVENT,110000000000000000111000000001010001001010100111001110000110,0.11301599606946514,10387.5661726244
1511118474101,INFO,EXPLORE_EVENT,110000000000000000111000000001010001001010000111001110000110,0.11051125873085282,10105.421338247776
1511118483756,INFO,EXPLORE_EVENT,110000000000000000111000000001010001001010000111001110100110,0.11286690700196064,10432.24389117392
1511118484179,INFO,EXPLORE_EVENT,110000000000000000111000000001010001001010000111001110000110,0.11051125873085282,10105.421338247776
1511118488061,INFO,EXPLORE_EVENT,110000000000000000111000000001010001000010100111001110000110,0.10663687372804984,9956.309809109043
1511118489717,INFO,EXPLORE_EVENT,110000000000000000111000000001010001001010100111001110000110,0.11301599606946514,10387.5661726244
1511118497536,INFO,EXPLORE_EVENT,110000000000000000111000000001010001001010100111000110000110,0.11383698082694904,9876.192400192282
1511118500242,INFO,EXPLORE_EVENT,110000000000000000111000000001010001001010100111001110000110,0.11301599606946514,10387.5661726244
1511118502227,INFO,EXPLORE_EVENT,110000000000000000111000000001010001000010100111001110000110,0.10663687372804984,9956.309809109043
1511118505702,INFO,EXPLORE_EVENT,110000000000000000111000000001010001001010100111001110000110,0.11301599606946514,10387.5661726244
1511118511220,INFO,EXPLORE_EVENT,110000000000000000111000000001010001001010100111000110000110,0.11383698082694904,9876.192400192282
1511118513779,INFO,EXPLORE_EVENT,110000000000000000111000000001010001001010100111000110000110,0.11383698082694904,9876.192400192282
1511118514843,INFO,EXPLORE_EVENT,110000000000000000111000000001010001001000100111000110000110,0.11257975734164458,9663.216496226018
1511118518803,INFO,EXPLORE_EVENT,110000000000000000111000000001010001001000100111000110000110,0.11257975734164458,9663.216496226018
1511118524343,INFO,EXPLORE_EVENT,110000000000000000111000000001010001001000100011000110000110,0.11782923160667003,9061.101178519853
1511118527479,INFO,EXPLORE_EVENT,110000000000000000111100000001010001001000100011000110000110,0.11284234793160197,9748.055858386826
1511118527797,INFO,EXPLORE_EVENT,110000000000000000111100000001010001001000000011000110000110,0.11042908546186586,9481.659886271653
1511118530022,INFO,EXPLORE_EVENT,110000000000000000111100000001010001001000000001000110000110,0.10446083925838845,8698.211525384504
1511118535026,INFO,EXPLORE_EVENT,110000000000000000111100000001010001001000000001000110000100,0.10306967473692269,7700.019397561399
1511118536415,INFO,EXPLORE_EVENT,110000000000000000111100000001010000001000000001000110000000,0.15436463473486678,5733.3530313220945
1511118538044,INFO,EXPLORE_EVENT,110000000000000000111100000001010001001000000001000110000000,0.12568330144227544,6988.205793213299
1511118538441,INFO,EXPLORE_EVENT,110000000000000000111100000001000000001000000001000110000000,0.15436463473486678,5583.511673802403
1511118543777,INFO,EXPLORE_EVENT,110000000000000000011100000001000000001000000001000110000000,0.15437210410782695,5281.144590970453
1511118545103,INFO,EXPLORE_EVENT,110000000000000000011100000001000000001000000001000110000000,0.15437210410782695,5281.144590970453
1511118546530,INFO,EXPLORE_EVENT,110000000000000000000000000001000000001000000001000110000000,0.15372064491033594,3040.1535996665316
1511118546778,INFO,EXPLORE_EVENT,110000000000000000011000000001000000001000000001000110000000,0.15552545357283598,3907.7739430118936
1511118552489,INFO,EXPLORE_EVENT,110000000000000000000010000001000000001000000001000110000000,0.15670284741033597,3664.3336751844427
1511118554177,INFO,EXPLORE_EVENT,110000000000000000000010000001000000001000000001000110000000,0.15670284741033597,3664.3336751844427
1511118554564,INFO,EXPLORE_EVENT,110000000000000000000010000001000000001000000001000010000000,0.11893364090226291,3196.4155227912106
1511118555238,INFO,EXPLORE_EVENT,110000000000000000000010000001000000001000000001000110000000,0.15670284741033597,3664.3336751844427
1511118559483,INFO,EXPLORE_EVENT,110000000000000100000010000001000000001000000001000010000000,0.11893364090226291,3954.9949251245293
1511118561212,INFO,EXPLORE_EVENT,110000000000000100000010000001000000001000000001000010000000,0.11893364090226291,3954.9949251245293
1511118562485,INFO,EXPLORE_EVENT,110000000000000100000010000001000000001000000001000010000000,0.11893364090226291,3954.9949251245293
1511118563078,INFO,EXPLORE_EVENT,110000000000000100000010000001000001001000000001000010000000,0.09931865069245385,5066.032202437837
1511118566021,INFO,EXPLORE_EVENT,110000000000000100000010000001000000001000000001000010000000,0.11893364090226291,3954.9949251245293
1511118568532,INFO,EXPLORE_EVENT,110000000000000100000010000001000000001000000001000010000000,0.11893364090226291,3954.9949251245293
1511118570275,INFO,EXPLORE_EVENT,110000000000000100000010000001000000001000000001000010000000,0.11893364090226291,3954.9949251245293
1511118570954,INFO,EXPLORE_EVENT,110000000000000100000010000001000000001000000001000010000001,0.140667375490496,4930.516428453728
1511118574010,INFO,EXPLORE_EVENT,110000000001000100000010000001000000001000000001000010000000,0.11650030645204495,5137.101435683591
1511118575932,INFO,EXPLORE_EVENT,110000000000000100000010000001000000001000000001000010000000,0.11893364090226291,3954.9949251245293
1511118578034,INFO,EXPLORE_EVENT,110000000000000100000010000001000000001000000001000010000000,0.11893364090226291,3954.9949251245293
1511118578727,INFO,EXPLORE_EVENT,110000000000000100000011000001000000001000000001000010000000,0.12492332372780071,4705.491512774917
1511118582381,INFO,EXPLORE_EVENT,110000000000000100000010000001000001001000000001000010000000,0.09931865069245385,5066.032202437837
1511118583162,INFO,EXPLORE_EVENT,110000000000000100000010000001000000001000000001000010000000,0.11893364090226291,3954.9949251245293
1511118585029,INFO,EXPLORE_EVENT,110000000000000100000010000001000000001000000001000010000000,0.11893364090226291,3954.9949251245293
1511118585755,INFO,EXPLORE_EVENT,110000000000000100000010000001000000001000000001000010000000,0.11893364090226291,3954.9949251245293
1511118590196,INFO,EXPLORE_EVENT,110000000000000100000010000001000000001000000000000010000001,0.15300459093811575,4220.509598554223
1511118590562,INFO,EXPLORE_EVENT,110000000000000100000010000001000000001000000001000010000001,0.140667375490496,4930.516428453728
1511118591956,INFO,EXPLORE_EVENT,110000000000000100000010000001000000001000000000000010000001,0.15300459093811575,4220.509598554223
1511118592546,INFO,EXPLORE_EVENT,110000000000000100000010000001000000001000000000000010000001,0.15300459093811575,4220.509598554223
1511118597638,INFO,EXPLORE_EVENT,110000000000000100000010000001000000001010000000000000000001,0.155965066413904,4090.752503072961
1511118598027,INFO,EXPLORE_EVENT,110000000000000100000010000001000000001010000000000010000001,0.15817179707350168,4408.949472538133
1511118598829,INFO,EXPLORE_EVENT,110000000000000100000010000001000000001010000000000000000001,0.155965066413904,4090.752503072961
1511118599549,INFO,EXPLORE_EVENT,110000000000000100000010000001000000001010000000000000000001,0.155965066413904,4090.752503072961
1511118605247,INFO,EXPLORE_EVENT,110000000000000100000010000001000000001000000000000010000001,0.15300459093811575,4220.509598554223
1511118605814,INFO,EXPLORE_EVENT,110000000000000100000010000001000000001010000000000010000001,0.15817179707350168,4408.949472538133
1511118606142,INFO,EXPLORE_EVENT,110000000000000100000010000001000000001000000000000010000001,0.15300459093811575,4220.509598554223
1511118606683,INFO,EXPLORE_EVENT,110000000000000100000010000001000000001000000000000010000001,0.15300459093811575,4220.509598554223
1511118615035,INFO,EXPLORE_EVENT,110000000000000100000010000001000000001000000000000110000001,0.15500103202894477,4470.214522569276
1511118615442,INFO,EXPLORE_EVENT,110100000000000000000010000001000000001000000000000010000001,0.17227853280094585,4138.55767759101
1511118615587,INFO,EXPLORE_EVENT,110000000000000000000010000001000000001000000000000110000001,0.15628998174025302,3711.6351202359565
1511118620405,INFO,CLICK_EVENT,110100000000000000000010000001000000001000000000000010000001,0.17227853280094585,4138.55767759101
1511118623774,INFO,EXPLORE_EVENT,110100000000000000000010000001000000001000000000000110000001,0.16773083029263042,4388.262601606064
1511118623775,INFO,EXPLORE_EVENT,110000000000000100000010000001000000001000000000000110000001,0.15500103202894477,4470.214522569276
1511118624041,INFO,EXPLORE_EVENT,110000000000000000000010000001000000001000000000000110000001,0.15628998174025302,3711.6351202359565
1511118624696,INFO,EXPLORE_EVENT,110000000000000100000010000001000000001000000000000110000001,0.15500103202894477,4470.214522569276
1511118634165,INFO,EXPLORE_EVENT,110000000000000100000010000001100000001000000000000110000001,0.15500103202894477,4611.676739693549
1511118634166,INFO,EXPLORE_EVENT,110000000000000100000010000001100000001000000000000110000001,0.15500103202894477,4611.676739693549
1511118634519,INFO,EXPLORE_EVENT,110000000000000100000010000001100000001000001000000110000001,0.14936574946454295,5645.710112695167
1511118636381,INFO,EXPLORE_EVENT,110000000000000100001010000001100000001000001000000110000001,0.15074768539283212,6600.144250573985
1511118645847,INFO,EXPLORE_EVENT,110000000000000100001110000001100000001000001000000110000001,0.1501628218828307,7319.422742388164
1511118646348,INFO,EXPLORE_EVENT,110000000000000100001110000001100000001000001000000110010001,0.15132795422806197,7649.217679038471
1511118646972,INFO,EXPLORE_EVENT,110000000000000100001110000001100000001000011000000110000001,0.15077701344948358,7593.2587423419245
1511118649123,INFO,EXPLORE_EVENT,110000000000000100001110000001100000001000011000000110010001,0.14832729407065226,7923.053678992232
1511118657767,INFO,EXPLORE_EVENT,110000000000000100001010000001100000001000011000000110010001,0.14891215758065368,7203.775187178053
1511118658154,INFO,EXPLORE_EVENT,110000000000000100001010000001100000001000011000000110010001,0.14891215758065368,7203.775187178053
1511118658201,INFO,EXPLORE_EVENT,110000000000000100001110000001100000001000011000000110010001,0.14832729407065226,7923.053678992232
1511118661000,INFO,EXPLORE_EVENT,110000000000000100001010000001100000001000011000000110010001,0.14891215758065368,7203.775187178053
1511118669937,INFO,EXPLORE_EVENT,110000000000000100001010000001100000001000011000000110010001,0.14891215758065368,7203.775187178053
1511118671056,INFO,EXPLORE_EVENT,110000000000000100001010000001100000001000011000000110010101,0.14189172954882304,7903.035339785874
1511118671164,INFO,EXPLORE_EVENT,110000000000000100001010000001100000001000011000000110010001,0.14891215758065368,7203.775187178053
1511118673044,INFO,EXPLORE_EVENT,110000000000000100001010000001100000001000011000000110010001,0.14891215758065368,7203.775187178053
1511118680968,INFO,EXPLORE_EVENT,110000000000000100000010000001100000001000011000000110010001,0.14797601042495767,6248.2765296349735
1511118682452,INFO,EXPLORE_EVENT,110000000000000100000010000001100000001000011000000010010001,0.14622542325187055,5999.758117873814
1511118682807,INFO,EXPLORE_EVENT,110000000000000100000010000001100000001000011000000110010001,0.14797601042495767,6248.2765296349735
1511118682984,INFO,EXPLORE_EVENT,110000000000000100000010000001100000001000011000000110010001,0.14797601042495767,6248.2765296349735
1511118683448,INFO,CLICK_EVENT,110000000000100100000000000001100000001000000000000110000000,0.1680865175468941,3412.3084774948466
1511118684737,INFO,CLICK_EVENT,110000000000100100000000000001100000001000000000000110000000,0.1680865175468941,3412.3084774948466
1511118685203,INFO,CLICK_EVENT,110000000010000100000000000001100000001000000000000110000000,0.16955675214689409,3383.507470287909
1511118691065,INFO,EXPLORE_EVENT,110000000000000100000010000001100000001000011000000010010001,0.14622542325187055,5999.758117873814
1511118692117,INFO,EXPLORE_EVENT,110000000000000100000010000001100000001000011000000010000001,0.151445714328615,5668.776668969612
1511118692541,INFO,EXPLORE_EVENT,110000000000000100000010000001100000001000011000000010010001,0.14622542325187055,5999.758117873814
1511118692585,INFO,EXPLORE_EVENT,110000000000000100000010000001100000001000011000000010010001,0.14622542325187055,5999.758117873814
1511118699660,INFO,EXPLORE_EVENT,110000000000000100000010000001110000001000011000000010000001,0.13984422652611794,6398.113806628142
1511118700867,INFO,EXPLORE_EVENT,110000000000000100000010000001110000001000011000000010000001,0.13984422652611794,6398.113806628142
1511118701328,INFO,EXPLORE_EVENT,110000000000000100000010000001110000001000011000000010000001,0.13984422652611794,6398.113806628142
1511118701499,INFO,EXPLORE_EVENT,110000000000000100000010000001110000001000011000000010000001,0.13984422652611794,6398.113806628142
1511118707385,INFO,EXPLORE_EVENT,110000000000000100000010000001110000001000011000000010000101,0.12363562134363942,7105.818960634869
1511118707691,INFO,EXPLORE_EVENT,110000000000000100000010000001110000000000011000000010000001,0.13247647195225365,5284.196035522773
1511118708985,INFO,EXPLORE_EVENT,110000000000000100000010000001110000001000011000000010000001,0.13984422652611794,6398.113806628142
1511118709035,INFO,EXPLORE_EVENT,110000000000000100000010000001100000001000011000000010000001,0.151445714328615,5668.776668969612
1511118715162,INFO,EXPLORE_EVENT,110000000000000100000010000001100000001000011000000010000001,0.151445714328615,5668.776668969612
1511118715617,INFO,EXPLORE_EVENT,110000000000000100000010000001100000001000011000000010000001,0.151445714328615,5668.776668969612
1511118716668,INFO,EXPLORE_EVENT,110000000000000100000010000011100000001000011000000010000001,0.15044061288476285,6304.122116682895
1511118716930,INFO,EXPLORE_EVENT,110000000000000100000010000011100000001000011000000010000001,0.15044061288476285,6304.122116682895
1511118723026,INFO,EXPLORE_EVENT,110000000000000100000010000011100000001000011000000010000001,0.15044061288476285,6304.122116682895
1511118723488,INFO,EXPLORE_EVENT,110000000000000100000010000011100000001000011000000010000001,0.15044061288476285,6304.122116682895
1511118724618,INFO,EXPLORE_EVENT,110000000010000100000000000011100000001000011000000010000001,0.1532331717154986,5931.5208881980025
1511118725012,INFO,EXPLORE_EVENT,110000000010000100000010000011100000001000011000000010000001,0.15864580036549858,6866.604947839682
1511118730498,INFO,EXPLORE_EVENT,110000000010000100000000000001100000001000011000000010000001,0.15423827315935074,5296.175440484719
1511118731290,INFO,EXPLORE_EVENT,110000000010000100000000000001100000001000011000000010000001,0.15423827315935074,5296.175440484719
1511118732344,INFO,EXPLORE_EVENT,110000000010000100000000000001100000001000010000000010000001,0.16033172961352354,4278.515839283719
1511118732423,INFO,EXPLORE_EVENT,110000000010000100000000000001100000001000011000000010000001,0.15423827315935074,5296.175440484719
1511118737422,INFO,EXPLORE_EVENT,110000000010000100000000000001100000001000000000000010000001,0.15312556635235575,3989.3705871936027
1511118738290,INFO,EXPLORE_EVENT,110000000010000100000000000001100000001000000000000010000001,0.15312556635235575,3989.3705871936027
1511118738504,INFO,EXPLORE_EVENT,110000000010000100000000000001100000001000000000000010000000,0.1327790516476051,2915.5893178946762
1511118739366,INFO,EXPLORE_EVENT,110000000010000100000000000001100000001000000000000010000001,0.15312556635235575,3989.3705871936027
1511118745968,INFO,EXPLORE_EVENT,110000000010000100000000000001100000001000000000000110000001,0.15530585491525303,4239.075511208655
1511118746336,INFO,EXPLORE_EVENT,010000000000000100000000000001100000001000000000000110000001,0.13442015617956493,3346.02121073539
1511118746556,INFO,EXPLORE_EVENT,110000000000000100000000000001100000001000000000000110000001,0.15330777924025302,3676.592680051871
1511118747325,INFO,EXPLORE_EVENT,010000000010000100000000000001100000001000000000000110000001,0.13641823185456492,3875.118267856181
1511118753694,INFO,EXPLORE_EVENT,100000000010000100000000000001100000001000000000000110000001,0.14399652966810644,4170.750366960343
1511118753782,INFO,EXPLORE_EVENT,100000000010000100000000000001100000001000000000000110000001,0.14399652966810644,4170.750366960343
1511118754323,INFO,EXPLORE_EVENT,110000000010000100000000000001100000001000000000000110000001,0.15530585491525303,4239.075511208655
1511118755343,INFO,EXPLORE_EVENT,110000000010000100000000000001100000001000000000000110000001,0.15530585491525303,4239.075511208655
1511118761922,INFO,EXPLORE_EVENT,110000000000000100000000000001100000001000000000000110000001,0.15330777924025302,3676.592680051871
1511118762540,INFO,EXPLORE_EVENT,110000000010000100000000000001100000001000000000000110000001,0.15530585491525303,4239.075511208655
1511118763105,INFO,EXPLORE_EVENT,110000000010000100000000000001000000001000000000000110000001,0.15530585491525303,4097.613294084382
1511118763888,INFO,EXPLORE_EVENT,110000000010000100000000000001100000001000000000000110000001,0.15530585491525303,4239.075511208655
1511118769858,INFO,EXPLORE_EVENT,110000000010000100000000000001100000001000000000000110000000,0.16955675214689409,3383.507470287909
1511118771790,INFO,EXPLORE_EVENT,110000000010000100000000000001100000001000000000000110000001,0.15530585491525303,4239.075511208655
1511118772240,INFO,EXPLORE_EVENT,110000000010000100000000000001100000001000000000000110010000,0.1689078894104764,3717.5174263575573
1511118772780,INFO,EXPLORE_EVENT,110000000010000100000000000001100000001000000000000110010001,0.15839202501830668,4568.870447858963
1511118774602,INFO,EXPLORE_EVENT,110000000010000100000000000001100000001000000000000110000000,0.16955675214689409,3383.507470287909
1511118775409,INFO,AGENT_EVENT,010000000010000100000000000001100000001000000000000110000000,0.1469783295593941,3019.5502269354342
1511118778399,INFO,AGENT_EVENT,110000000010000100000000000001100000001000000000000110000100,0.145163294021409,4095.321074636009
1511118782742,INFO,AGENT_EVENT,110000000010000100000000000000100000001000000000000110000000,0.12030998547531571,3121.6312015477897
1511118783055,INFO,EXPLORE_EVENT,110000000010000100000000000001100000001000000000000110000000,0.16955675214689409,3383.507470287909
1511118785783,INFO,AGENT_EVENT,110000100010000100000000000001100000001000000000000110000000,0.19261856895594598,4550.391190171148
1511118788560,INFO,AGENT_EVENT,110000000010000100000000000001100000001000000000000110100000,0.16788173676552565,3696.4777337709384
1511118792218,INFO,AGENT_EVENT,110000000010000100000000000001100000001100000000000110000000,0.15396155679241946,3626.0044347648163
1511118798338,INFO,EXPLORE_EVENT,110000000010100100000000000001100000001000000000000110000000,0.17008459322189412,3974.791308651631
1511118798499,INFO,AGENT_EVENT,110000000010100100001000000001100000001000000000000110000000,0.17336598043858437,5056.646164633234
1511118810032,INFO,EXPLORE_EVENT,110000000010000100000000000001100000001000000000000110000000,0.16955675214689409,3383.507470287909
1511118810111,INFO,EXPLORE_EVENT,110000000010000100000000000001100000001000000000000110000000,0.16955675214689409,3383.507470287909
1511118810225,INFO,EXPLORE_EVENT,110000000010000100000000000001100000001000000000000110000000,0.16955675214689409,3383.507470287909
1511118811034,INFO,AGENT_EVENT,110000000010000100000000000001100000001000000000010110000000,0.1745341920977307,3521.95837337002
1511118813650,INFO,AGENT_EVENT,110000000010000100000000000001100000001000000000000010000000,0.1327790516476051,2915.5893178946762
1511118818834,INFO,EXPLORE_EVENT,110000000010000100000000000001100000001000000000000110000000,0.16955675214689409,3383.507470287909
1511118819068,INFO,AGENT_EVENT,110000000010000100000000000001100000101000000000000110000000,0.17001840350091593,3878.6090500162577
1511118821682,INFO,AGENT_EVENT,110000000010000100000000000000100000001000000000000110000000,0.12030998547531571,3121.6312015477897
1511118824705,INFO,AGENT_EVENT,110000000010000100000000000001101000001000000000000110000000,0.16510123042712033,4836.681100944822
1511118827092,INFO,AGENT_EVENT,110000000010000100000000000001100000000000000000000110000000,0.130374958136789,2742.350304467468
1511118830475,INFO,AGENT_EVENT,110000000010000100000000000001100000001000000000010110000000,0.1745341920977307,3521.95837337002
1511118839115,INFO,EXPLORE_EVENT,110000000010000100000000000001100000001000000000000110000000,0.16955675214689409,3383.507470287909
1511118839658,INFO,EXPLORE_EVENT,110000000010000100000000000001100000001000000000000110000000,0.16955675214689409,3383.507470287909
1511118845460,INFO,EXPLORE_EVENT,110000000010000100000000000001100000001000000000000110000000,0.16955675214689409,3383.507470287909
1511118846168,INFO,EXPLORE_EVENT,110000000010000100000000000001100000001000000000000110000000,0.16955675214689409,3383.507470287909
1511118847550,INFO,EXPLORE_EVENT,110000000010000100000000000001100000001000000000000110000000,0.16955675214689409,3383.507470287909
1511118850036,INFO,EXPLORE_EVENT,110000000000000100000000000001100000001000000000000110000000,0.1675586764718941,2821.024639131125
1511118852174,INFO,EXPLORE_EVENT,110000000010000100000000000001100000001000000000000110000000,0.16955675214689409,3383.507470287909
1511118852960,INFO,EXPLORE_EVENT,110000000010000100000000000001100000001000000000000110000000,0.16955675214689409,3383.507470287909
1511118855756,INFO,EXPLORE_EVENT,110000000000000100000000000001100000001000000000000110000000,0.1675586764718941,2821.024639131125
1511118857562,INFO,EXPLORE_EVENT,010000000000000100000000000001100000001000000000000110000000,0.1449802538843941,2490.4531698146434
1511118859580,INFO,EXPLORE_EVENT,000000000000000100000000000001100000001000000000000110000000,0.13522340238724756,2323.146743520387
1511118865009,INFO,EXPLORE_EVENT,110000000000000100000000000001100000001000000000000110000000,0.1675586764718941,2821.024639131125
1511118866292,INFO,EXPLORE_EVENT,010000000000000100000000000001100000001000000000000110000000,0.1449802538843941,2490.4531698146434
1511118867104,INFO,EXPLORE_EVENT,000000000000000100000000000001100000001000000000000110000000,0.13522340238724756,2323.146743520387
1511118867740,INFO,EXPLORE_EVENT,000000000010000100000000000001100000001000000000000110000000,0.13722147806224755,2953.151731889666
1511118871036,INFO,EXPLORE_EVENT,010000000010000100000000000001100000001000000000000110000000,0.1469783295593941,3019.5502269354342
1511118872537,INFO,EXPLORE_EVENT,110000000010000100000000000001100000001000000000000110000000,0.16955675214689409,3383.507470287909
1511118876455,INFO,EXPLORE_EVENT,110000000010000100000000000001100000001000000000000110000000,0.16955675214689409,3383.507470287909
1511118878200,INFO,EXPLORE_EVENT,110000000010000100000000000001100000001000000000000110000000,0.16955675214689409,3383.507470287909
1511118879126,INFO,EXPLORE_EVENT,110000000010000100000000000001100000001000000000000110000000,0.16955675214689409,3383.507470287909
1511118881111,INFO,AGENT_EVENT,110000000010000100000000001001100000001000000000000110000000,0.14251466305264188,4247.343258382113
1511118883991,INFO,AGENT_EVENT,110000000010000100000000000001100100001000000000000110000000,0.12781540299391259,4403.5913742999455
1511118890676,INFO,EXPLORE_EVENT,110000000010000100000000000001100000001000000000000010000000,0.1327790516476051,2915.5893178946762
1511118890766,INFO,EXPLORE_EVENT,110000000010000100000000000001100000001000000000000010000000,0.1327790516476051,2915.5893178946762
1511118891527,INFO,AGENT_EVENT,110000000010000100000000000001100000001000010000000010000000,0.13998521490877286,3204.734569984793
1511118899175,INFO,EXPLORE_EVENT,110000000010000100000000000001100000001000000000000010000000,0.1327790516476051,2915.5893178946762
1511118900212,INFO,EXPLORE_EVENT,110000000010000100000000000001100000001000000000000110000000,0.16955675214689409,3383.507470287909
1511118901807,INFO,EXPLORE_EVENT,110000000010000000000000000001100000001000000000000110000000,0.16955675214689409,2935.8320520783564
1511118902109,INFO,AGENT_EVENT,110000000010000000000000000001100100001000000000000110000000,0.12781540299391259,3955.9159560903927
1511118904965,INFO,AGENT_EVENT,110000000010000010000000000001100000001000000000000110000000,0.16955675214689409,3186.115330253269
1511118907809,INFO,AGENT_EVENT,110000000010000000000000000001100000001000000000000110000010,0.1729768635233992,3940.2559997792196
1511118910616,INFO,AGENT_EVENT,110000000010000000000000010001100000001000000000000110000000,0.16955675214689409,2998.849842919966
1511118915436,INFO,EXPLORE_EVENT,110000000010000000000000000001100000001000000000000110000000,0.16955675214689409,2935.8320520783564
1511118915444,INFO,AGENT_EVENT,110000000010000000000000000101100000001000000000000110000000,0.13601097384755284,3602.79846604917
1511118918429,INFO,AGENT_EVENT,110000000011000000000000000001100000001000000000000110000000,0.1561845058601542,4657.532199809539
1511118921165,INFO,AGENT_EVENT,110000000010000000000000001001100000001000000000000110000000,0.14251466305264188,3799.6678401725603
1511118923287,INFO,CLICK_EVENT,110000000010000000000000000001100000001000000000000110000000,0.16955675214689409,2935.8320520783564
1511118923877,INFO,AGENT_EVENT,110000000010000000000000000000100000001000000000000110000000,0.12030998547531571,2673.955783338237
1511118926172,INFO,AGENT_EVENT,100000000010000000000000000001100000001000000000000110000000,0.15824742689974752,2867.506907830044
1511118928874,INFO,AGENT_EVENT,110000000010000000100000000001100000001000000000000110000000,0.16955675214689409,3194.337424574438
1511118934145,INFO,EXPLORE_EVENT,110000000010000000000000000001100000001000000000000110000000,0.16955675214689409,2935.8320520783564
1511118934378,INFO,AGENT_EVENT,110000000010000000000000000001100000001000000000000110001000,0.1644854176819983,4031.6579400216324
1511118936917,INFO,AGENT_EVENT,110000000010000000000000000001100000001000000000000010000000,0.1327790516476051,2467.9138996851234
1511118939997,INFO,AGENT_EVENT,110000000010000000000000000001100000001000010000000110000000,0.17096073234719839,3224.977304168473
1511118942960,INFO,AGENT_EVENT,110000000010000000000000000001100000001000010000000110000000,0.17096073234719839,3224.977304168473
1511118946184,INFO,AGENT_EVENT,110000000010000000000001000001100000001000000000000110000000,0.1837901823524804,3938.1599444361345
1511118951845,INFO,EXPLORE_EVENT,110000000010000000000000000001100000001000000000000110000000,0.16955675214689409,2935.8320520783564
1511118952079,INFO,AGENT_EVENT,110000000010000000000000000001100000001000000000000110000010,0.1729768635233992,3940.2559997792196
1511118955107,INFO,AGENT_EVENT,110000000010100000000000000001100000001000000000000110000000,0.17008459322189412,3363.570072957693
1511118957933,INFO,AGENT_EVENT,110000000010000000000000000001100000001000000000000110010000,0.1689078894104764,3269.8420081480053
1511118965371,INFO,EXPLORE_EVENT,110000000010000000000000000001100000001000010000000110000000,0.17096073234719839,3224.977304168473
1511118966413,INFO,AGENT_EVENT,110000000010000000000000000001110000001000010000000100000000,0.1598870823034094,3681.0844059510973
1511118966585,INFO,EXPLORE_EVENT,110000000010000000000000000001110000001000010000000110000000,0.15935924454470135,3954.314441827002
1511118975223,INFO,EXPLORE_EVENT,110000000010000000000000000001110000001000010000000110000000,0.15935924454470135,3954.314441827002
1511118977376,INFO,EXPLORE_EVENT,110000000010000000000000000001110000001000000000000110000000,0.15795526434439705,3665.1691897368855
1511118978433,INFO,EXPLORE_EVENT,110000000010000000000000000001100000001000000000000110000000,0.16955675214689409,2935.8320520783564
1511118979675,INFO,AGENT_EVENT,110000000010000000000000000001100000001000100000000110000000,0.16809766996351178,3209.6316300521094
1511118982676,INFO,CLICK_EVENT,110000100010000100000000000001100000001000000000000110000000,0.19261856895594598,4550.391190171148
1511118983112,INFO,AGENT_EVENT,110000000010000000000000000101100000001000000000000110000000,0.13601097384755284,3602.79846604917
1511118992639,INFO,EXPLORE_EVENT,000000000000000000000000000001100000001000000000000110000000,0.13522340238724756,1875.4713253108343
1511118993466,INFO,EXPLORE_EVENT,110000000000000000000000000001100000001000000000000110000000,0.1675586764718941,2373.349220921572
1511118993517,INFO,EXPLORE_EVENT,000000000000000000000000000001100000001000000000000110000000,0.13522340238724756,1875.4713253108343
1511118994217,INFO,EXPLORE_EVENT,000000000000000000000000000000000000000000000000000000000000,0.0,0.0
1511118994726,INFO,AGENT_EVENT,000000000000100000000000000000000000001000000000000110000000,0.10700258455316915,1790.533585941273
1511118996840,INFO,EXPLORE_EVENT,000000000010000000000000000000000000000000000000000000000000,0.0,630.0049883692784
1511118997101,INFO,AGENT_EVENT,100000000010000000000000000000000000000000000000000000000000,0.021025948837500003,992.0355825192096
1511118999810,INFO,EXPLORE_EVENT,000000100010000000000000000000000000000000000000000000000000,0.016445002672952846,1462.0485867121902
1511119002017,INFO,EXPLORE_EVENT,010000100010000000000000000000000000000000000000000000000000,0.03867635004739033,1584.10363985394
1511119003166,INFO,EXPLORE_EVENT,110000100010000000000000000000000000000000000000000000000000,0.05631362876275341,2227.2444466507604
1511119006064,INFO,EXPLORE_EVENT,110000100010000100000000000000000000000000000000000000000000,0.05631362876275341,2674.9198648603133
1511119006352,INFO,AGENT_EVENT,110000100010000100000000000000000000000000000000000000010000,0.08229980174824766,2943.624875920535
1511119011967,INFO,EXPLORE_EVENT,110000100010000100000000000000100000000000000000000000000000,0.05631362876275341,2925.7193563690917
1511119013473,INFO,EXPLORE_EVENT,110000100010000100000000000001100000000000000000000000000000,0.11389175688775341,3187.595625109211
1511119015877,INFO,EXPLORE_EVENT,110000100010000100000000000001100000001000000000000000000000,0.1512032258356261,3828.7527909296523
1511119019000,INFO,EXPLORE_EVENT,110000100010000100000000000001100000001000000000000010000000,0.15605405497223146,4082.4730377779147
1511119020176,INFO,EXPLORE_EVENT,110000100010000100000000000001100000001000000000000110000000,0.19261856895594598,4550.391190171148
1511119020603,INFO,AGENT_EVENT,110000100010000100000100000001100000001000000000000110000000,0.19261856895594598,5210.4852537657425
1511119027486,INFO,AGENT_EVENT,110000100010000100000000000001100000001000000000010110000000,0.1970153216434789,4688.842093253258
1511119037184,INFO,EXPLORE_EVENT,110000100010000100000000000001100000001000000000000110000000,0.19261856895594598,4550.391190171148
1511119038291,INFO,EXPLORE_EVENT,110000100010000100000000000001100000001000000000000110000000,0.19261856895594598,4550.391190171148
1511119038733,INFO,AGENT_EVENT,110000110010000100000000000001100000001000000000000110000000,0.18284090360528138,4883.046301963604
1511119049521,INFO,EXPLORE_EVENT,110000100010000100000000000001100000001000000000000110000000,0.19261856895594598,4550.391190171148
1511119050422,INFO,EXPLORE_EVENT,110000100010000100000010000001100000001000000000000110000000,0.20011770590171882,5485.475249812826
1511119051535,INFO,EXPLORE_EVENT,110000100010000100000000000001100000001000000000000110000000,0.19261856895594598,4550.391190171148
1511119054119,INFO,AGENT_EVENT,110000100010000100000000000001100000001000100000000110000000,0.18268095855938327,4824.190768144901
1511119056206,INFO,CLICK_EVENT,110000100010000100000000000001100000001000000000010110000000,0.1970153216434789,4688.842093253258
1511119057578,INFO,EXPLORE_EVENT,110000100010000100000000000001100000001000000000000110000000,0.19261856895594598,4550.391190171148
1511119059496,INFO,AGENT_EVENT,110000100010000100000000000001100000001000000000100110000000,0.19248807129874296,5208.716053662282
1511119063079,INFO,AGENT_EVENT,110000100010000100000000000001100000001000010000000110000000,0.19096090196739932,4839.536442261265
1511119073025,INFO,EXPLORE_EVENT,110000100010000100000000000001100000001000000000000110000000,0.19261856895594598,4550.391190171148
1511119073125,INFO,EXPLORE_EVENT,110000100010000100000000000001100000001000000000000110000000,0.19261856895594598,4550.391190171148
1511119073976,INFO,EXPLORE_EVENT,110000100010000100000000000001100000001000000000000110000000,0.19261856895594598,4550.391190171148
1511119073979,INFO,EXPLORE_EVENT,110000100010000100000000000001100000001000000000000110000000,0.19261856895594598,4550.391190171148
1511119079681,INFO,EXPLORE_EVENT,110000100010000100000000000001100000001000000000000000000000,0.1512032258356261,3828.7527909296523
1511119080434,INFO,EXPLORE_EVENT,110000100010000100000000000001100000001000000000000110000000,0.19261856895594598,4550.391190171148
1511119080719,INFO,EXPLORE_EVENT,110000100010000100000000000001100000001000000000000110000000,0.19261856895594598,4550.391190171148
1511119080918,INFO,EXPLORE_EVENT,110000100010000100000000000001100000001000000000000100000000,0.19339108148402742,4277.161154295242
1511119085022,INFO,EXPLORE_EVENT,110000100010000100000000000001100000001000000000000110000000,0.19261856895594598,4550.391190171148
1511119088454,INFO,EXPLORE_EVENT,000000100000000100000000000001100000001000000000000110000000,0.14968549988724755,2582.3707701315825
1511119088638,INFO,EXPLORE_EVENT,000000000000000100000000000001100000001000000000000110000000,0.13522340238724756,2323.146743520387
1511119089139,INFO,EXPLORE_EVENT,000000000000000000000000000000100000001000000000000110000000,0.08597663571566913,1613.5950565707144
1511119089311,INFO,EXPLORE_EVENT,000000000000000000000000000001100000001000000000000110000000,0.13522340238724756,1875.4713253108343
1511119090046,INFO,EXPLORE_EVENT,000000000000000000000000000000000000001000000000000000000000,0.03801482030135316,641.1571658204413
1511119090108,INFO,EXPLORE_EVENT,000000000000000000000000000000000000000000000000000000000000,0.0,0.0
1511119101026,INFO,CLEAR_SCREEN,000000000000000000000000000000000000000000000000000000000000,N/A,N/A
1511119103822,INFO,CLICK_EVENT,000000000000000000000000000000000000000000000000000000000000,0,0
1511119122116,INFO,EXPLORE_EVENT,100000000000000000000000000000000000000000000000000000000000,0.021025948837500003,431.63363893128997
1511119124329,INFO,EXPLORE_EVENT,000000000000000000000000000000000000000000000000000000000000,0.0,0.0
1511119126253,INFO,EXPLORE_EVENT,000000100000000000000000000000000000000000000000000000000000,0.0144620975,259.2800180585232
1511119128686,INFO,EXPLORE_EVENT,110000100000000000000000000000000000000000000000000000000000,0.0630397082125,663.6345220794923
1511119130837,INFO,EXPLORE_EVENT,110000100010000000000000000000000000000000000000000000000000,0.05631362876275341,2227.2444466507604
1511119135196,INFO,EXPLORE_EVENT,110000100010001000000000000000000000000000000000000000000000,0.05631362876275341,2894.114822895816
1511119138325,INFO,EXPLORE_EVENT,110000100010001000000000000001100000000000000000000000000000,0.11389175688775341,3406.790583144714
1511119150515,INFO,EXPLORE_EVENT,110000100010001000000000000001100000000100000000000010000000,0.15475342824881275,4100.504471265256
1511119158505,INFO,CLICK_EVENT,110000100010001000000000000001100000000100000000000010000000,0.15475342824881275,4100.504471265256
1511119477246,INFO,CLEAR_SCREEN,000000000000000000000000000000000000000000000000000000000000,N/A,N/A
1511119477838,INFO,CLICK_EVENT,000000000000000000000000000000000000000000000000000000000000,0,0
1511119480295,INFO,EXPLORE_EVENT,000000000000000000000000000000000000000000000000000000000000,0.0,0.0
1511119481316,INFO,EXPLORE_EVENT,000000000000000000000000000000000000000000000000000000000010,0.0,630.0049883692784
1511119482937,INFO,EXPLORE_EVENT,000000000000000000000000000000000000000000000000000000100000,0.0144620975,259.2800180585232
1511119505843,INFO,EXPLORE_EVENT,000000000000000000000000000000000000000000000000000000100000,0.0144620975,259.2800180585232
1511119515425,INFO,EXPLORE_EVENT,000000000000000000000000000000000000000000000000000000000000,0.0,0.0
1511119539023,INFO,CLEAR_SCREEN,000000000000000000000000000000000000000000000000000000000000,N/A,N/A
1511119563920,INFO,TREATMENT_1,000000000000000000000000000000000000000000000000000000000000,N/A,N/A
1511119568475,INFO,EXPLORE_EVENT,100000000000000000000000000000000000000000000000000000000000,0.0144620975,259.2800180585232
1511119571383,INFO,EXPLORE_EVENT,000000000000100000000000000000000000000000000000000000000000,0.0144620975,259.2800180585232
1511119578029,INFO,EXPLORE_EVENT,000000000000000000000000100000000000000000000000000000000000,0.0,258.5627292295798
1511119583139,INFO,EXPLORE_EVENT,000000000000000000000000000000000000100000000000000000000000,0.0,250.8605824203334
1511119588814,INFO,EXPLORE_EVENT,000000000000000000000000000000000000000000000000100000000000,0.0144620975,250.88035225693346
1511119592645,INFO,EXPLORE_EVENT,100000000000000000000000000000000000000000000000000000000000,0.0144620975,259.2800180585232
1511119594349,INFO,EXPLORE_EVENT,100000000000000000000000000000000000000000000000000000000000,0.0144620975,259.2800180585232
1511119600116,INFO,EXPLORE_EVENT,100000000000010000000000000000000000000000000000000000000000,0.0368039,528.0350401958026
1511119603756,INFO,EXPLORE_EVENT,100000000000010000000000000000000000000000000000000000000000,0.0368039,528.0350401958026
1511119607439,INFO,EXPLORE_EVENT,100000000000010000000000000000000000000000000000000000000000,0.0368039,528.0350401958026
1511119611828,INFO,EXPLORE_EVENT,100000000000010000000000001000000000000000000000000000000000,0.03756855125,1205.949328866117
1511119614352,INFO,EXPLORE_EVENT,100000000000010000000000001000000000000000000000000000000000,0.03756855125,1205.949328866117
1511119619795,INFO,EXPLORE_EVENT,100000000000010000000000001000000000000000000000000000000000,0.03756855125,1205.949328866117
1511119624741,INFO,EXPLORE_EVENT,100000000000010000000000001000000000000000000000000000000000,0.03756855125,1205.949328866117
1511119626374,INFO,CLICK_EVENT,100000000000010000000000000000000000000000000000000000000000,0.0368039,528.0350401958026
1511119627162,INFO,EXPLORE_EVENT,100000000000010000000000001000000000000000000000000000000000,0.03756855125,1205.949328866117
1511119629430,INFO,EXPLORE_EVENT,100000000000010000000000000000000000000000000000000000000000,0.0368039,528.0350401958026
1511119631714,INFO,EXPLORE_EVENT,100000000000010000000000000000000000000000000000001000000000,0.03756855125,1197.0539860659342
1511119634663,INFO,EXPLORE_EVENT,100000000000010000000000000000000000001000000000000000000000,0.03756855125,1196.9146148896014
1511119639586,INFO,EXPLORE_EVENT,100000000000010000000000000000000000000000000000000000000000,0.0368039,528.0350401958026
1511119643091,INFO,EXPLORE_EVENT,100000000000010000000000000000000000000100000000000000000000,0.0368039,1322.3777792401024
1511119645557,INFO,EXPLORE_EVENT,100000000000010000000000000100000000000000000000000000000000,0.0368039,1389.0522491380536
1511119648078,INFO,EXPLORE_EVENT,100000000000010000000000000000000000000000000000000000000000,0.0368039,528.0350401958026
1511119650278,INFO,EXPLORE_EVENT,100000000000010000000000000000000000000000000000000100000000,0.04057950795039082,1322.5127772755327
1511119654004,INFO,EXPLORE_EVENT,100100000000010000000000000000000000000000000000000000000000,0.030867457515574626,1432.1343173252517
1511119657017,INFO,EXPLORE_EVENT,100000000000010100000000000000000000000000000000000000000000,0.019892934994745322,1442.724160878492
1511119660232,INFO,EXPLORE_EVENT,100000000000010100000000000000000000000000000000000000000000,0.019892934994745322,1442.724160878492
1511119665101,INFO,EXPLORE_EVENT,100000000000010000000000000000000000000000000000000000000000,0.0368039,528.0350401958026
1511119669881,INFO,EXPLORE_EVENT,100000000000010000000000000000000000000000100000000000000000,0.0570651975875,940.7473656438601
1511119674684,INFO,EXPLORE_EVENT,100000000000010000000000000000000000000000000000000000100000,0.0570651975875,940.8479490659645
1511119677474,INFO,EXPLORE_EVENT,100000000000010000000000000000100000000000000000000000000000,0.0570651975875,955.8564212858882
1511119684430,INFO,EXPLORE_EVENT,100000000000010000000000000000100000000000000000000000000000,0.0570651975875,955.8564212858882
1511119692207,INFO,EXPLORE_EVENT,100000000000010000000000000000100000000000000000000001000000,0.08539820015535611,1973.882368052623
1511119695467,INFO,EXPLORE_EVENT,100000000000010000000000000000100000000001000000000000000000,0.08539820015535611,1973.6994843390776
1511119701902,INFO,EXPLORE_EVENT,100000000000010001000000000000100000000000000000000000000000,0.06313720451363555,2023.9619055681906
1511119705568,INFO,EXPLORE_EVENT,100001000000010000000000000000100000000000000000000000000000,0.07945973107302498,2012.8612723932056
1511119710508,INFO,EXPLORE_EVENT,100001000000010000000000000000100000000000000000000000000000,0.07945973107302498,2012.8612723932056
1511119718284,INFO,EXPLORE_EVENT,100001000000010000000000000000100000000000010000000000000000,0.07945973107302498,2177.149618961539
1511119723964,INFO,EXPLORE_EVENT,100001000000010000000000000000100000000000000000000000010000,0.11107930232302497,2177.1572577977
1511119727961,INFO,EXPLORE_EVENT,100001000000010000000000000000100000000000000000000000010000,0.11107930232302497,2177.1572577977
1511119740211,INFO,EXPLORE_EVENT,100001000000010000000000000000100000000000000000000000011000,0.1345437555654068,2773.0499169557406
1511119745328,INFO,EXPLORE_EVENT,100001000000010000000000000000100000000000000000000000011000,0.1345437555654068,2773.0499169557406
1511119752076,INFO,EXPLORE_EVENT,100001000000010000000000000000100000000000000100000000011000,0.1345437555654068,3213.0229624227686
1511119756386,INFO,EXPLORE_EVENT,100001000000010000000000000000100100000000000000000000011000,0.12354336874470043,3384.2711526496782
1511119760904,INFO,EXPLORE_EVENT,100001000000010000000100000000100000000000000000000000011000,0.1435415078702365,3270.3887217417464
1511119765605,INFO,EXPLORE_EVENT,100001000000010000000100000000100000000000000000000000011000,0.1435415078702365,3270.3887217417464
1511119773408,INFO,EXPLORE_EVENT,100001000100010000000100000000100000000000000000000000011000,0.13459220555070872,3535.780632753912
1511119779145,INFO,EXPLORE_EVENT,100001000000010000000100000000100100000000000000000000011000,0.12971796606511593,3881.609957435684
1511119783111,INFO,EXPLORE_EVENT,100001000000010000000100000000100000000000000100000000011000,0.1435415078702365,3710.361767208774
1511119788779,INFO,EXPLORE_EVENT,100001000000010000000100000000100000000000000000000000011100,0.11417458393274597,3501.156551104804
1511119797226,INFO,EXPLORE_EVENT,100001000001010000000100000000100000000000000000000000011000,0.1561621716182416,3757.2128187542094
1511119803474,INFO,EXPLORE_EVENT,100001000001010000000100000000100000000000000000000000011000,0.1561621716182416,3757.2128187542094
1511119827530,INFO,EXPLORE_EVENT,100001000001010000000100000000100000000000000000000000011001,0.157325541149044,4168.751332669316
1511119839032,INFO,EXPLORE_EVENT,100001000001010000000100000000100000000000000010000000011000,0.1561621716182416,3968.5904334930365
1511119879343,INFO,EXPLORE_EVENT,100101000001010000000100000000100000000000000010000000011000,0.1373247978933372,4664.282814563543
1511119883008,INFO,CLICK_EVENT,100001000001010000000100000000100000000000000000000000011000,0.1561621716182416,3757.2128187542094
1511119883742,INFO,EXPLORE_EVENT,100001000001010000000100000000100000000000000010000000011000,0.1561621716182416,3968.5904334930365
1511119889095,INFO,EXPLORE_EVENT,100001000001010000000100000000100000000000000010000010011000,0.14671007907258576,4863.044130885482
1511119894098,INFO,EXPLORE_EVENT,100001000001010000000100000000100000000010000010000000011000,0.1701336504682416,4483.120303192093
1511119901382,INFO,EXPLORE_EVENT,100001000001010000000100000000100000000010000010000000011000,0.1701336504682416,4483.120303192093
1511119910003,INFO,EXPLORE_EVENT,100001000001010000000100000100100000000010000010000000011000,0.15512678868724467,5531.572239417943
1511119917096,INFO,EXPLORE_EVENT,100001000001010000000100000010100000000000000010000000011000,0.1571462984432416,4521.135705628089
1511119925832,INFO,EXPLORE_EVENT,100001000001010010000100000000100000000000000010000000011000,0.1509371049338148,4933.181396047963
1511119936378,INFO,EXPLORE_EVENT,100001000001010000000100000000100000000000000010000010011000,0.14671007907258576,4863.044130885482
1511119941364,INFO,EXPLORE_EVENT,100001000001010000000100000000100000000000000010000000011000,0.1561621716182416,3968.5904334930365
1511119944227,INFO,CLICK_EVENT,100001000001010000000100000000100000000010000010000000011000,0.1701336504682416,4483.120303192093
1511119957319,INFO,EXPLORE_EVENT,100001000001010000000100000000100000000000000010000000011000,0.1561621716182416,3968.5904334930365
1511119962628,INFO,EXPLORE_EVENT,100001000001010000000100000000100000000000000010000000011000,0.1561621716182416,3968.5904334930365
1511119965061,INFO,CLICK_EVENT,100001000001010000000100000000100000000010000010000000011000,0.1701336504682416,4483.120303192093
1511119965879,INFO,CLICK_EVENT,000000000000000000000000000000000000000000000000000000000000,0,0
1511119966549,INFO,CLICK_EVENT,100001000001010000000100000000100000000010000010000000011000,0.1701336504682416,4483.120303192093
1511119973626,INFO,EXPLORE_EVENT,100001000001010000000100000000100000000000000010000000011000,0.1561621716182416,3968.5904334930365
1511119987300,INFO,CLICK_EVENT,100001000001010000000100000000100000000010000010000000011000,0.1701336504682416,4483.120303192093
1511119989899,INFO,EXPLORE_EVENT,100001000001010001000100000000100000000000000010000000011000,0.14918147090365966,4805.123536128063
1511120013314,INFO,EXPLORE_EVENT,000000000000000000000000000000000000000000000000000000000000,0.0,0.0
1511120015556,INFO,CLEAR_SCREEN,000000000000000000000000000000000000000000000000000000000000,N/A,N/A
1511120018122,INFO,CLICK_EVENT,000000000000000000000000000000000000000000000000000000000000,0,0
1511120027615,INFO,EXPLORE_EVENT,100000000000000000000000000000000000000000000000000000000000,0.0144620975,259.2800180585232
1511120030385,INFO,EXPLORE_EVENT,100001000000000000000000000000000000000000000000000000000000,0.04184470449267938,1316.4182404536473
1511120038541,INFO,EXPLORE_EVENT,100001000000000000000000000000000000000000100000000000000000,0.05698056840088985,1729.034464188207
1511120043446,INFO,EXPLORE_EVENT,100001000000010000000100000000000000000000100000000000000000,0.08845748337785471,2495.0782800344346
1511120050589,INFO,EXPLORE_EVENT,100001000000010000000100000000000000000000100000000000000000,0.08845748337785471,2495.0782800344346
1511120056255,INFO,EXPLORE_EVENT,100001000000010000000100000000000000000000100000000000011000,0.1435415078702365,3255.26692459697
1511120060521,INFO,EXPLORE_EVENT,100001000000010000000100000000000000000000100000000000011000,0.1435415078702365,3255.26692459697
1511120060530,INFO,CLICK_EVENT,100001000000010000000100000000000000000000100000000000011000,0.1435415078702365,3255.26692459697
1511120078092,INFO,CLICK_EVENT,000000000000000000000000000000000000000000000000000000000000,0,0
1511120078802,INFO,CLEAR_SCREEN,000000000000000000000000000000000000000000000000100000000000,N/A,N/A
1511120079743,INFO,EXPLORE_EVENT,000000000000000000000000000000000000000000000000100000000000,0.0144620975,250.88035225693346
1511120089954,INFO,EXPLORE_EVENT,000000000000000000000000000000000000000000000000100000100000,0.049827398837499995,566.4960377529628
1511120091492,INFO,EXPLORE_EVENT,000000000000000000000000000000000000000000000000000000000000,0.0,0.0
1511120097571,INFO,EXPLORE_EVENT,000000000000000000000000000000000000000000000000000001000000,0.034490330445186075,1018.2153095018691
1511120101624,INFO,EXPLORE_EVENT,000000000000000000000000000000000000000000000000000000000000,0.0,0.0
1511120110383,INFO,EXPLORE_EVENT,000000000000000000000000000000000000000000000000000000000100,0.04650257321807113,440.06168448168603
1511120117601,INFO,EXPLORE_EVENT,000000000000000000000000000000000000000000000000000000000000,0.0,0.0
1511120138483,INFO,CLEAR_SCREEN,000000000000000000000000000000000000000000000000000000000000,N/A,N/A
1511120146310,INFO,EXPLORE_EVENT,000000000000000000000000000000000000000000000000100000000000,0.0144620975,250.88035225693346
1511120148246,INFO,EXPLORE_EVENT,000000000000000000000000000000000000000000000000000000000000,0.0,0.0
1511120149653,INFO,EXPLORE_EVENT,000000000000000000000000000000000000000000000000100000000000,0.0144620975,250.88035225693346
1511120151437,INFO,EXPLORE_EVENT,100000000000000000000000000000000000000000000000000000000000,0.0144620975,259.2800180585232
1511120152595,INFO,EXPLORE_EVENT,000000000000000000000000000000000000000000000000000000000000,0.0,0.0
1511120156692,INFO,CLEAR_SCREEN,000000000000000000000000000000000000000000000000000000000000,N/A,N/A
1511120158499,INFO,CLICK_EVENT,000000000000000000000000000000000000000000000000000000000000,0,0
1511120333828,INFO,TREATMENT_2,000000000000000000000000000000000000000000000000000000000000,N/A,N/A
1511120574960,INFO,TREATMENT_2,000000000000000000000000000000000000000000000000000000000000,N/A,N/A
