1511120771330,INFO,TREATMENT_2,000000000000000000000000000000000000000000000000000000000000,N/A,N/A
1511120847703,INFO,AGENT_EVENT,001001000000010010100000000000010000000010000000000000000010,0.1092581266147924,5134.7932333560075
1511120849589,INFO,AGENT_EVENT,000010001110100000000000000000011000100000100000100000001000,0.10256781557214023,4745.662062268763
1511120850991,INFO,AGENT_EVENT,000100000000000000000001001000000000010000100001000100010000,0.10091017693939497,3633.646826568437
1511120852253,INFO,AGENT_EVENT,000000001001000000000001000000000000000000000010010000100000,0.11781988302548851,2305.0823636557056
1511120853751,INFO,AGENT_EVENT,000000001001000000000001000000010000000000000010010000110000,0.15027684364517502,2530.932153667041
1511120855072,INFO,AGENT_EVENT,000000000001000100000001000000000000000000000000000001000010,0.09458532790188834,2939.946601231285
1511120856161,INFO,AGENT_EVENT,000000001000010000000000000000000010000000000001000000000000,0.08910849825517775,1559.4131968583895
1511120857568,INFO,AGENT_EVENT,000000000100000000010000010001000001000000000000001000000000,0.09563189826475105,3093.985320552862
1511120859045,INFO,AGENT_EVENT,000010010001001000000010010000000010000100000000010000000000,0.10716086877866071,4125.686717813289
1511120859214,INFO,CLICK_EVENT,000000001001000000000001000000010000000000000010010000110000,0.15027684364517502,2530.932153667041
1511120861055,INFO,AGENT_EVENT,000000100011000100000011100010100000000010000000000000001000,0.17105796669428075,5842.31233638461
1511120863414,INFO,AGENT_EVENT,000110001100100011000001001000000000010000100001000100010000,0.13048041610190597,7805.079107669288
1511120864227,INFO,AGENT_EVENT,000000000000000100000000000000000000000100000000000000000000,0.0020328988330878817,1659.950416086846
1511120865454,INFO,CLICK_EVENT,000000100011000100000011100010100000000010000000000000001000,0.17105796669428075,5842.31233638461
1511120865711,INFO,AGENT_EVENT,010000000001000010000010000000000100000000000000000000110000,0.14287486326249998,2280.098321547329
1511120866979,INFO,AGENT_EVENT,000000001000010000000000000000000000000000000001000000000010,0.1094459847770003,1520.5985696940065
1511120868340,INFO,AGENT_EVENT,000000011001000000000001000000000000000000000010100000000000,0.08479338948822734,2100.492302807997
1511120870157,INFO,AGENT_EVENT,001000101001000000000001100110100000000010000000000000000010,0.12382820526339111,6791.959655660392
1511120870581,INFO,FILTER_EVENT,000000000000000000000000000000000000000000000000000000001000,-1,-1
1511120873338,INFO,AGENT_EVENT,000000001001000000100001000000000000000000000001010000000110,0.13070094529872534,3126.888370639296
1511120876107,INFO,AGENT_EVENT,010000000001000010000010000000000000110000100001000100010000,0.12490688903836245,4031.4310185911017
1511120877677,INFO,FILTER_EVENT,000000000000000000000000000000000000000000000000000000000000,-1,-1
1511120877934,INFO,AGENT_EVENT,001000001000010000000000000000000010000000000000000000001000,0.08061059064131404,2887.9390417774475
1511120878832,INFO,AGENT_EVENT,010000000000010000000000000000010000000000000000000000000000,0.02944290135000005,704.5458061081797
1511120881288,INFO,AGENT_EVENT,000110001100100011000001001000010000010000100001000100010000,0.13048041610190597,7870.422024379538
1511120882192,INFO,AGENT_EVENT,000000000000000000000000000000000000000000000000100000000100,0.04468619890665271,719.4749881530515
1511120883972,INFO,AGENT_EVENT,000000000001000100000001000000000000000001000000000001000100,0.12073361380580983,3986.373933818344
1511120885144,INFO,CLICK_EVENT,000000000000000000000000000000000000000000000000000000000000,0,0
1511120885227,INFO,AGENT_EVENT,001000000000011000000000000000010001100000000000001000000000,0.08311154302500001,2838.2446296058233
1511120886114,INFO,CLICK_EVENT,000000001001000000000001000000010000000000000010010000110000,0.15027684364517502,2530.932153667041
1511120886401,INFO,AGENT_EVENT,000000000000000100000001000000000100100000000000000000110000,0.06473516868290263,2521.0240903647336
1511120888615,INFO,CLICK_EVENT,000000000000000000000000000000000000000000000000000000000000,0,0
1511120889106,INFO,AGENT_EVENT,000000000000011000000110000001000000000000000101010000000110,0.1036350770387342,4988.831672619645
1511120891104,INFO,AGENT_EVENT,000000001001010010000001100110100000000010000000000010000010,0.11530050753684562,7109.727766958726
1511120892977,INFO,AGENT_EVENT,001010010001001000000010010000000000000100000001000100010000,0.08059395821118143,6161.358872155142
1511120894136,INFO,AGENT_EVENT,010000000000010000000000000000000000000100000010010000100000,0.054654655087500004,2102.542644481492
1511120895229,INFO,AGENT_EVENT,000000101000010000000000000000000000000000000001000000000000,0.11152460981603318,1926.3338337866394
1511120896647,INFO,AGENT_EVENT,010000000000010000000000000000000000110000100001100100010000,0.10174760708324371,3523.441801768331
1511120897964,INFO,AGENT_EVENT,000000000100001000010000000001000001000000000000000000000000,0.10401663559926044,2695.331308318969
1511120898943,INFO,CLICK_EVENT,000000001001000000000001000000010000000000000010010000110000,0.15027684364517502,2530.932153667041
1511120899423,INFO,CLICK_EVENT,000000001001000000000001000000010000000000000010010000110000,0.15027684364517502,2530.932153667041
1511120899590,INFO,AGENT_EVENT,010000000001000010000010000000000000100000100001000100010000,0.12995121705039236,3075.428453392291
1511120900470,INFO,AGENT_EVENT,000000000000000001000000000000000000000000000000100000000000,0.045213751916775125,1260.1238559247881
1511120902622,INFO,AGENT_EVENT,000000100011000100010010010000010000000000100000000000010010,0.16066500401463313,3199.562628714323
1511120903994,INFO,AGENT_EVENT,000000000000000000010001000000010000000000000010010000010000,0.11987338130000003,1126.2857982284015
1511120904560,INFO,CLICK_EVENT,000000100011000100010010010000010000000000100000000000010010,0.16066500401463313,3199.562628714323
1511120905935,INFO,AGENT_EVENT,010000000001000010000010000000000001110000100001000100001000,0.13642460728684602,4707.927643762996
1511120909001,INFO,AGENT_EVENT,001010000001010000000110000001000000000010000101010000000110,0.1422565584440859,7397.9828352733875
1511120910436,INFO,AGENT_EVENT,000000001001000000000001000001000000000000000010010000100000,0.13621854998297267,3307.410256013484
1511120912138,INFO,AGENT_EVENT,000000001001000000000001000000010000000000100010010001000100,0.11115032708467876,3761.8961289349827
1511120913331,INFO,AGENT_EVENT,000010001001000000000001000000010000000000000000000000000000,0.06262698248510157,2662.1801331203064
1511120915199,INFO,AGENT_EVENT,010000001100100011000001001000000000000000000000000000110000,0.11973112689685472,5211.375590668029
1511120916540,INFO,AGENT_EVENT,000000001000010000000000000001000000000000000010010100100000,0.07679818462991717,3806.807604091776
1511120917993,INFO,AGENT_EVENT,000000001000010000010000000001000001000000000000001000100000,0.1077647332327013,3514.6005424513523
1511120919370,INFO,AGENT_EVENT,000000101000010000000000000000000000000000001001000100010000,0.09914447701128581,3571.701884517357
1511120920299,INFO,AGENT_EVENT,000000001001000000000000000000000000000000000010000000000000,0.04191496074446888,1364.1073393917559
1511120921088,INFO,AGENT_EVENT,010000000000000000000000000000010000000000000000000000000000,0.025446749999999962,435.7907839709003
1511120922143,INFO,AGENT_EVENT,000000100000010000000000000000100000000000000001000000000000,0.11422026678749997,1499.2129351981134
1511120923737,INFO,AGENT_EVENT,000000001100100011000000000000000000001000000000000000010000,0.08937549978955195,4063.2756716385097
1511120925676,INFO,AGENT_EVENT,000000100011000100000011100010100000000000001000100000000100,0.15348165825773108,6019.447365025849
1511120927801,INFO,AGENT_EVENT,001000101001000000000001100010100000000000000010110000110000,0.17450680286726672,6938.185394040511
1511120929438,INFO,AGENT_EVENT,000000001001000000100001000000000000000000001000010000110000,0.15203861565111865,3099.2429604636
1511120931482,INFO,AGENT_EVENT,010000100011000100000011100010100000000010000000000000001000,0.18331262014206007,6898.701129595834
1511120932843,INFO,AGENT_EVENT,000000100011000000010010010000010000000000000000000000000000,0.12460548767187496,1566.4753796912692
1511120934280,INFO,AGENT_EVENT,000000001001000000000001000000000000100100000000010000010000,0.12703334355767504,2904.7328432509125
1511120935651,INFO,AGENT_EVENT,000000000100001000010000000101000001000000000000000000000000,0.0808134471739902,3370.4845335021873
1511120936177,INFO,CLICK_EVENT,000000000100001000010000000001000001000000000000000000000000,0.10401663559926044,2695.331308318969
1511120937104,INFO,AGENT_EVENT,001000101001000000000000100000000000000000000000000000001000,0.10224295155881491,3797.514829769434
1511120938508,INFO,AGENT_EVENT,010000000001010000000000000000010000000000000001000000000010,0.11437225705937504,1526.9414543616817
1511120940762,INFO,AGENT_EVENT,010000001001000100010010010000000000000000100000000000010010,0.12972039448389394,3741.17422071665
1511120941393,INFO,CLICK_EVENT,000000001001000000100001000000000000000000001000010000110000,0.15203861565111865,3099.2429604636
1511120941569,INFO,CLICK_EVENT,000000001001000000100001000000000000000000001000010000110000,0.15203861565111865,3099.2429604636
1511120942204,INFO,AGENT_EVENT,000100010000000000000000000001000000100100000000010000010000,0.10315108904238268,3375.129241598698
1511120942416,INFO,CLICK_EVENT,000000001001000000000001000000010000000000000010010000110000,0.15027684364517502,2530.932153667041
1511120943897,INFO,CLICK_EVENT,000000100011000100010010010000010000000000100000000000010010,0.16066500401463313,3199.562628714323
1511120944114,INFO,CLICK_EVENT,000000100011000100010010010000010000000000100000000000010010,0.16066500401463313,3199.562628714323
1511120944527,INFO,AGENT_EVENT,000000001011000100010010010000000000000000100000000000010010,0.12172994999542053,3721.105473164524
1511120946653,INFO,AGENT_EVENT,000000100011000100000011100010100000000010000000100000000010,0.16159824241257226,5562.117997018855
1511120947866,INFO,AGENT_EVENT,010000000000000010000010000000000000000010000000000000001000,0.09407990747631534,2274.6749159598144
1511120948877,INFO,AGENT_EVENT,000000101000010000000000000000000000000000001000000000000000,0.05394648169103311,2196.2144563597953
1511120950266,INFO,AGENT_EVENT,000000001001100000010010010000010000000000000000000000000000,0.0836420872860304,1994.508659829975
1511120951867,INFO,AGENT_EVENT,010000001001000000100001000000000000000000001000000000110000,0.13237941129663455,3267.015492790978
1511120952874,INFO,AGENT_EVENT,000000000000000000000000001000000000000000000000100000000100,0.04891913604608944,1397.4952793477512
1511120953194,INFO,CLICK_EVENT,010000100011000100000011100010100000000010000000000000001000,0.18331262014206007,6898.701129595835
1511120953882,INFO,AGENT_EVENT,000000000000010000000000100000000000000000000000000000110000,0.07732761883750006,999.4448086598758
1511120955034,INFO,AGENT_EVENT,000000000000000100000001000000100010000000001000100000000100,0.07891311731293515,3311.1149697892033
1511120956588,INFO,AGENT_EVENT,001000100001000000000001000000010000000000000010010000110000,0.16170355260000002,2671.3954868653996
1511120957632,INFO,AGENT_EVENT,000000001000010000000010000000010000000000000000000000000000,0.03662275827342387,1281.8378270690064
1511120958549,INFO,AGENT_EVENT,000000000000000000000000000000010000000010000000000000001000,0.05300024800135317,1406.261468263499
1511120959599,INFO,AGENT_EVENT,000000000000000000000000001000000000000000000000100010000100,0.04810682526295407,2301.318894800018
1511120961136,INFO,AGENT_EVENT,001000101001000000000001100010000000000000000001000000000000,0.08243938863490641,5054.374094317306
1511120962487,INFO,AGENT_EVENT,000000000000000000000011100010100000000110000000000000001000,0.14033388153267112,4875.864206801907
1511120964737,INFO,AGENT_EVENT,000000100011000110000011100010010000000000100000000000010010,0.16955861813485573,5834.014053879475
1511120965577,INFO,AGENT_EVENT,010000000000000000000000100000000000000000000000000000100000,0.04570804758750002,940.1306602370212
1511120966843,INFO,AGENT_EVENT,000000000000000000010001010000100000000010000000000000001000,0.1409673770359997,2267.7167592076207
1511120968334,INFO,AGENT_EVENT,000000000000000000000011100011100000000010000000000000001000,0.14279843146889948,4675.2889279831725
1511120970395,INFO,AGENT_EVENT,000000100011000100011010010000100000000010000000000000001000,0.17569242899290793,4530.710791163097
1511120971590,INFO,AGENT_EVENT,000000100011000000010000010000010000000000000000000000000000,0.10683982883749998,1413.6942907109647
1511120973362,INFO,AGENT_EVENT,000000100011000100010010010000000000000000100001000000000000,0.1161395786188274,3087.0719074350104
1511120973499,INFO,CLICK_EVENT,000000100011000100011010010000100000000010000000000000001000,0.17569242899290793,4530.710791163097
1511120974214,INFO,AGENT_EVENT,000000010000000000000000010000000000000000000000000000000000,0.010874309375000002,435.2057354501061
1511120975244,INFO,AGENT_EVENT,000000011000000000000000000000010000000000000000000000000000,0.011143133681390971,965.1257253815253
1511120976548,INFO,AGENT_EVENT,000010001000010000000000000000000000000000000001000000010000,0.12257014106985731,2437.7010049613064
1511120977917,INFO,AGENT_EVENT,000000100011000000010000010000010000000000000000000001000000,0.12358505944095166,2431.9096002128335
1511120979037,INFO,AGENT_EVENT,000000000000000000100000000000000000000000000010010000110000,0.08418961126250002,1239.661717701441
1511120980486,INFO,AGENT_EVENT,000000000000000001010001010000100000000010000000000000001000,0.1215415371775419,3468.9264944062343
1511120980995,INFO,CLICK_EVENT,001000100001000000000001000000010000000000000010010000110000,0.16170355260000002,2671.3954868653996
1511120981205,INFO,AGENT_EVENT,000000000000000000000000100000000010000000000000000000000000,0.0,414.675798365787
1511120982649,INFO,AGENT_EVENT,000000001001000000000001000000100000100100000000000001000000,0.10348831780083523,4033.1177078070314
1511120983856,INFO,AGENT_EVENT,000000000000000000000001000000010000000000010010010000110000,0.13780583581250005,1437.9034052052284
1511120985094,INFO,AGENT_EVENT,000000100000010000000000000000010000000001000001000000000010,0.11655819393051148,2561.0196901638533
1511120986849,INFO,AGENT_EVENT,010100000001010000000001000000010000000000010010010000110000,0.14898249511759043,3294.0663484948877
1511120988479,INFO,AGENT_EVENT,001000100001000000000001000000010000000000000010110000110000,0.18351399339346808,3458.9787811839474
1511120989261,INFO,AGENT_EVENT,000000000000000000000000000000000000000000000100100000000000,0.014462097500000048,690.921490933117
1511120990340,INFO,CLICK_EVENT,001000100001000000000001000000010000000000000010110000110000,0.18351399339346808,3458.978781183948
1511120990552,INFO,AGENT_EVENT,010000000001000010000010000000000100000000000100000000100000,0.11325336768750005,2660.7919765769448
1511120991575,INFO,AGENT_EVENT,000000001000010000000000010000000000000000000000001000000000,0.03229502138017781,1874.892593944377
1511120993172,INFO,AGENT_EVENT,000000001001000000000001000000000000100000100000100000010010,0.166688881195175,2505.0149306316157
1511120994253,INFO,AGENT_EVENT,000000000000000000000000000000010000000000010010010000110000,0.08366177018749998,1071.967967283508
1511120995762,INFO,AGENT_EVENT,010000000001000010000010000000000100000000000001000000110000,0.14705771326249995,2621.9365083478847
1511120996876,INFO,AGENT_EVENT,000000000000000000000000000000010000000010001000010000110000,0.09196109350536663,2348.3642218992836
1511120997964,INFO,AGENT_EVENT,000000000000000000010001010000100000000010000100000000000000,0.09681901816251504,2372.193982129954
1511120999160,INFO,AGENT_EVENT,001000101000000001000000000000000000000000000100100000000000,0.06444423450491787,4075.879771742084
1511121000277,INFO,AGENT_EVENT,001000100001000000000000000000010000000000000000000000010000,0.13003183067500002,1661.6506767806638
1511121001141,INFO,AGENT_EVENT,000000010000000000000000010000000000010000000000000000000000,0.010874309375000002,693.9334922121232
1511121002298,INFO,AGENT_EVENT,000100001000010000000000000000000000000000000000000000001000,0.08141786276969354,2258.015694331741
1511121003217,INFO,AGENT_EVENT,010000100000000000000000000000000000000000000100100000000000,0.07045365008750004,1299.3132284072474
1511121004161,INFO,AGENT_EVENT,000000100000001000010000000000000000000000000000000000000000,0.048001790624999985,1180.8568754281598
1511121005297,INFO,AGENT_EVENT,000000000000010000000000100000000000000001000000000000110000,0.10566062140535615,2017.2391750232669
1511121006204,INFO,AGENT_EVENT,000000000000000000000000100000000000000000000000000000110000,0.05321386701249997,730.5017381747214
1511121007576,INFO,AGENT_EVENT,000000000000010000000001000000010000000000000010110000110000,0.16205869989895427,2368.3600043129168
1511121008889,INFO,AGENT_EVENT,000000000000000000100000000000000000100000100000100100010010,0.0399363642403503,2343.77583990435
1511121010563,INFO,AGENT_EVENT,001000101001000000000001100110100000000000000010110000000000,0.1362046481862078,6661.129851911546
1511121011855,INFO,AGENT_EVENT,000000000000000000100000000000100000000000000010010000110000,0.08418961126250002,1667.3997385807775
1511121012614,INFO,AGENT_EVENT,000000000000000000000000000000000000000000000010100000000000,0.014462097500000048,462.19692398159873
1511121014140,INFO,AGENT_EVENT,000000000000000000000111100010100000000010000000000000001000,0.1365454299216039,4493.9992802001425
1511121015044,INFO,AGENT_EVENT,010000000000000000000000100000000000000000000000000000010000,0.057066321249999996,691.6136337322773
1511121016140,INFO,AGENT_EVENT,000000100000001000010000000100000000000000000000000000000010,0.06633577133437496,2253.09153311727
1511121017972,INFO,AGENT_EVENT,000000101000010000000001000000010000000000000010111000110000,0.1558256358625424,4602.8155353352795
1511121019335,INFO,AGENT_EVENT,010000100011000100000001000000000000000000000100100000000000,0.1270690482585467,4002.987513257517
1511121020128,INFO,AGENT_EVENT,000000000001000000000000100000000000000000000000000000000000,0.06140520000000005,624.4408104178019
1511121021087,INFO,AGENT_EVENT,000000000000000000000000101000000000000000000000000000110000,0.05501867567499996,1328.2945031850086
1511121023311,INFO,AGENT_EVENT,000000000000010000000001000000010001000000000010010000110000,0.14580323946249996,1810.976039308031
1511121024682,INFO,AGENT_EVENT,000000000000000000010001000000010000000000000010000010010000,0.10307790765000002,1480.5117018663045
1511121025951,INFO,AGENT_EVENT,000000000000000000010001000000000000000000000010010000010000,0.11987338130000003,959.2469507071627
1511121027291,INFO,AGENT_EVENT,000000000001000000000001000000010000000000000110010000110000,0.1482119701875,2152.5098522644507
1511121029240,INFO,AGENT_EVENT,000000100011000100000010100010100000000010000000100000000010,0.1575247937372034,5050.34345120388
1511121030407,INFO,AGENT_EVENT,000000001000010000000001000000010001000000000000000000000000,0.09170358575517779,1634.959260235509
1511121032046,INFO,AGENT_EVENT,001000100001000000000001000000010000000000000011010000000100,0.14389693198058784,3046.1156755109137
1511121032894,INFO,AGENT_EVENT,000000000000100000000000000000000000000000000010100000000000,0.014462097500000048,721.420950592794
1511121034543,INFO,AGENT_EVENT,001000100001000000000001001000010000000000000110010000110000,0.16170355260000002,3656.091832577729
1511121035340,INFO,AGENT_EVENT,000000000001000000000000110000000000000000000000000000000000,0.06140520000000005,807.8242659217283
1511121036432,INFO,AGENT_EVENT,000000010000000000000000010000000000000000000000000001000001,0.0582619346177764,1917.73420924128
1511121038361,INFO,AGENT_EVENT,001100101001000000000001100010100000000010000000000000001000,0.1658870426776441,7250.84873792361
1511121039877,INFO,AGENT_EVENT,001000000000010000000001000000010000000000000010110100110000,0.1029335337256253,3640.9252744200794
1511121042070,INFO,AGENT_EVENT,000000100011000100011010010000101000000010000000000000001000,0.17569242899290793,5520.898722859406
1511121043506,INFO,AGENT_EVENT,000000100011000000010010011000010000000000000000000000000000,0.12641029633437506,2158.723781006718
1511121044972,INFO,AGENT_EVENT,000000100011000100010010010000000000001000000000000000000000,0.1132336962063274,3148.9908822634543
1511121045745,INFO,AGENT_EVENT,000000000000000000000000000000000001000000000000000000000000,0.05414406562499996,363.9592794270581
1511121047173,INFO,AGENT_EVENT,000000000001000000010001000000000000000000000010010000010000,0.13182102817500008,1325.182388628883
1511121049257,INFO,AGENT_EVENT,010000100011000100000011000010100000000010000000000000001000,0.18465897218931393,5800.275409830401
1511121050643,INFO,AGENT_EVENT,001000000001000000000001000000010000000000000010010000110000,0.15129730259999996,2338.168220234677
1511121052257,INFO,AGENT_EVENT,000000000000000000010001000000010000000000000010110100110000,0.09007519675597331,2849.965630965671
1511121053092,INFO,AGENT_EVENT,000000000000000000000000100000000000000000000000000000010000,0.029976079452250004,422.8586115949979
1511121054330,INFO,AGENT_EVENT,000000100000000000010000000001000000000000000000000000001000,0.10858955123967973,2242.347844606407
1511121056066,INFO,AGENT_EVENT,010000100011000000010011011000010000000000000000000000000000,0.15018282988039267,3511.7099720486476
1511121058316,INFO,AGENT_EVENT,010000100011000100000011100010100000000010000001000000001000,0.18661927946005386,7784.4320129181815
1511121059926,INFO,AGENT_EVENT,000000000000000100011010010000001000000010000000000000001000,0.0727153323467763,4009.222963275584
1511121061560,INFO,AGENT_EVENT,010000000000010000000001000000010001000000000000010000110000,0.14580323946249996,1868.3034356294254
1511121063606,INFO,AGENT_EVENT,000000100011000100011010000000100000000010000000000000001000,0.17569242899290793,4360.255543720322
1511121065652,INFO,AGENT_EVENT,010000100011010000000001000000010000000000010010010000110000,0.15986930858751758,3534.3782828289573
1511121066993,INFO,AGENT_EVENT,000000000001010001000000000000010000000000000001000000000010,0.10846831260859036,2423.2809813317026
1511121067837,INFO,AGENT_EVENT,000000000010000000000000100000000000000000000000000000000000,5.683218749999996E-4,512.225619344344
1511121069293,INFO,AGENT_EVENT,000000100000000000010001000000010000000000000110010000010000,0.15054092888749993,1966.214143690951
1511121070340,INFO,AGENT_EVENT,000000000000000000010001000000010000000000000000000010000000,0.081491592025,1195.557010886842
1511121072978,INFO,AGENT_EVENT,010000100011000100000011100010100000000010000011000000010010,0.187965424177033,7600.288081074495
1511121075289,INFO,AGENT_EVENT,010000100011000100000011000010100000000010000000000000001001,0.17659912181172222,6208.716038691167
1511121076623,INFO,AGENT_EVENT,001000000000000000000001000000010000000000100000100000010010,0.15410149575937504,2048.948020172158
1511121078031,INFO,AGENT_EVENT,010000000001010000000000000000000000000000000110010000110000,0.1480425488375,2060.19589792913
1511121079664,INFO,CLEAR_SCREEN,000000000000000000000000000000000000000000000000000000000000,N/A,N/A
1511121079882,INFO,AGENT_EVENT,010000000000010000000001000000010001000010000000010000110000,0.15679251581249998,2466.3688905512445
1511121083760,INFO,CLICK_EVENT,000000000000000000000000000000000000000000000000000000000000,0,0
1511121086768,INFO,CLICK_EVENT,010000000000010000000001000000010001000010000000010000110000,0.15679251581249998,2466.3688905512445
1511121087393,INFO,CLEAR_SCREEN,000000000000000000000000000000000000000000000000000000000000,N/A,N/A
1511121087744,INFO,CLEAR_SCREEN,000000000000000000000000000000000000000000000000000000000000,N/A,N/A
1511121088417,INFO,CLICK_EVENT,000000000000000000000000000000000000000000000000000000000000,0,0
1511121097472,INFO,EXPLORE_EVENT,000000000000000000000000000000010000000000000010000000000000,0.0,378.41646226006606
1511121102550,INFO,EXPLORE_EVENT,000000000000000000000000000000010000000000000010010000110000,0.08366177018750001,1012.2669910923917
1511121105428,INFO,EXPLORE_EVENT,000000000000000000000001000000010000000000000010010000110000,0.1378058358125,1378.202429014112
1511121113531,INFO,EXPLORE_EVENT,001000100001000000000001000000010000000000000010010000110000,0.1617035526,2671.3954868653996
1511121123473,INFO,EXPLORE_EVENT,001000100001000000000001000000010000000000000010110000110000,0.1835139933934681,3458.978781183948
1511121127074,INFO,CLICK_EVENT,001000100001000000000001000000010000000000000010110000110000,0.1835139933934681,3458.978781183948
1511121131925,INFO,EXPLORE_EVENT,001000100001000000000001000000010000000000000010110000110000,0.1835139933934681,3458.978781183948
1511121491822,INFO,CLEAR_SCREEN,001000100001000000000001000000010000000000000010110000110000,N/A,N/A
