#
# A fatal error has been detected by the Java Runtime Environment:
#
#  SIGILL (0x4) at pc=0x00007fffaf3d328e, pid=710, tid=0x000000000000080b
#
# JRE version: Java(TM) SE Runtime Environment (8.0_121-b13) (build 1.8.0_121-b13)
# Java VM: Java HotSpot(TM) 64-Bit Server VM (25.121-b13 mixed mode bsd-amd64 compressed oops)
# Problematic frame:
# C  [AppKit+0x3a528e]  -[NSApplication _crashOnException:]+0x6d
#
# Failed to write core dump. Core dumps have been disabled. To enable core dumping, try "ulimit -c unlimited" before starting Java again
#
# If you would like to submit a bug report, please visit:
#   http://bugreport.java.com/bugreport/crash.jsp
# The crash happened outside the Java Virtual Machine in native code.
# See problematic frame for where to report the bug.
#

---------------  T H R E A D  ---------------

Current thread (0x00007fcab2100000):  JavaThread "AppKit Thread" daemon [_thread_in_native, id=2059, stack(0x00007fff5b655000,0x00007fff5be55000)]

siginfo: si_signo: 4 (SIGILL), si_code: 1 (ILL_ILLOPC), si_addr: 0x00007fffaf3d328e

Registers:
RAX=0x00007fcab25f5e00, RBX=0x00007fcab07a8cc0, RCX=0x0000000000000001, RDX=0x0000000000000000
RSP=0x00007fff5be51ec0, RBP=0x00007fff5be51ed0, RSI=0x0000000000000a6e, RDI=0x00007fcab07ba660
R8 =0x0000000008000100, R9 =0x0000000000000000, R10=0x00007fffcbc1dfb8, R11=0x0000000000095fff
R12=0x000000000000001c, R13=0x00007fffafbabff5, R14=0x00007fffc5b27b40, R15=0x00007fffcbc1ef80
RIP=0x00007fffaf3d328e, EFLAGS=0x0000000000010202, ERR=0x0000000000000000
  TRAPNO=0x0000000000000006

Top of Stack: (sp=0x00007fff5be51ec0)
0x00007fff5be51ec0:   00007fcab058ee40 00007fffafbab9f2
0x00007fff5be51ed0:   00007fff5be52000 00007fffaf4a35ad
0x00007fff5be51ee0:   00007fcab043c880 00007fffafbabdf1
0x00007fff5be51ef0:   00007fcab0722150 00007fcab0583e40
0x00007fff5be51f00:   00007fcab07a8cc0 00007fcab0506c50
0x00007fff5be51f10:   ffffffffffffffff 00007fff5be51f50
0x00007fff5be51f20:   00007fff5be51f28 000000000000001c
0x00007fff5be51f30:   0000000000000000 0000000000000000
0x00007fff5be51f40:   0000000000000000 0000000000000000
0x00007fff5be51f50:   00007fcab058e460 00007fcab058e4d0
0x00007fff5be51f60:   00007fcab058e550 00007fcab058e5c0
0x00007fff5be51f70:   00007fcab0590d50 00007fcab058e630
0x00007fff5be51f80:   00007fcab0590de0 00007fcab0590e50
0x00007fff5be51f90:   00007fcab0590ec0 00007fcab058e940
0x00007fff5be51fa0:   00007fcab0590f30 00007fcab0590f90
0x00007fff5be51fb0:   00007fcab058ed70 00007fcab0590b90
0x00007fff5be51fc0:   00007fcab0590c00 00007fcab0590cb0
0x00007fff5be51fd0:   62d0499dac770010 00007fff5be52000
0x00007fff5be51fe0:   00007fcab0592650 00007fff5be52010
0x00007fff5be51ff0:   00007fcab07a8cc0 00007fcab0722150
0x00007fff5be52000:   00007fff5be52050 00007fffaf3d31fc
0x00007fff5be52010:   0000000000000002 00007fff5be52010
0x00007fff5be52020:   62d0499dac770010 0000000000000000
0x00007fff5be52030:   00007fffc5b27b01 00007fcab0722150
0x00007fff5be52040:   00007fcab052c510 00007fcab07a8cc0
0x00007fff5be52050:   00007fff5be52140 00007fffaf06a0a7
0x00007fff5be52060:   000000010db39810 00007fffafbabeb3
0x00007fff5be52070:   00007fffafbabe87 00007fffafbb5959
0x00007fff5be52080:   00007fffafbaf0ce 00007fffafbabe9d
0x00007fff5be52090:   00007fffafbad68e 0000000000000062
0x00007fff5be520a0:   00007fffafbabf91 00007fffafbabeb3
0x00007fff5be520b0:   00007fffcbb2edc0 00007fffafbabf91 

Instructions: (pc=0x00007fffaf3d328e)
0x00007fffaf3d326e:   48 89 c7 ff 15 f9 1d fe 1b 48 8b 35 b2 db 26 1c
0x00007fffaf3d327e:   48 89 c7 ff 15 e9 1d fe 1b 48 89 05 9a 31 2d 1c
0x00007fffaf3d328e:   0f 0b 48 89 c7 e8 7c 5c 72 00 31 ff 31 f6 31 c0
0x00007fffaf3d329e:   e8 e3 c3 e2 ff e8 90 5c 72 00 48 89 c3 e8 7c 5c 

Register to memory mapping:

RAX=0x00007fcab25f5e00 is an unknown value
RBX=0x00007fcab07a8cc0 is an unknown value
RCX=0x0000000000000001 is an unknown value
RDX=0x0000000000000000 is an unknown value
RSP=0x00007fff5be51ec0 is pointing into the stack for thread: 0x00007fcab2100000
RBP=0x00007fff5be51ed0 is pointing into the stack for thread: 0x00007fcab2100000
RSI=0x0000000000000a6e is an unknown value
RDI=0x00007fcab07ba660 is an unknown value
R8 =0x0000000008000100 is an unknown value
R9 =0x0000000000000000 is an unknown value
R10=0x00007fffcbc1dfb8: OBJC_CLASS_$___NSCFString+0 in /System/Library/Frameworks/CoreFoundation.framework/Versions/A/CoreFoundation at 0x00007fffb1356000
R11=0x0000000000095fff is an unknown value
R12=0x000000000000001c is an unknown value
R13=0x00007fffafbabff5: __NSStyleNameIndexTable+0x6d308 in /System/Library/Frameworks/AppKit.framework/Versions/C/AppKit at 0x00007fffaf02e000
R14=0x00007fffc5b27b40: objc_msgSend+0 in /usr/lib/libobjc.A.dylib at 0x00007fffc5b21000
R15=0x00007fffcbc1ef80: OBJC_CLASS_$_NSDictionary+0 in /System/Library/Frameworks/CoreFoundation.framework/Versions/A/CoreFoundation at 0x00007fffb1356000


Stack: [0x00007fff5b655000,0x00007fff5be55000],  sp=0x00007fff5be51ec0,  free space=8179k
Native frames: (J=compiled Java code, j=interpreted, Vv=VM code, C=native code)
C  [AppKit+0x3a528e]  -[NSApplication _crashOnException:]+0x6d
C  [AppKit+0x4755ad]  -[NSApplication _showException:]+0x2e8
C  [AppKit+0x3a51fc]  -[NSApplication reportException:]+0x167
C  [AppKit+0x3c0a7]  -[NSApplication run]+0x488
C  [libosxapp.dylib+0x214d]  +[NSApplicationAWT runAWTLoopWithApp:]+0x9c
C  [libawt_lwawt.dylib+0x45ff7]  -[AWTStarter starter:]+0x389
C  [Foundation+0x71f2a]  __NSThreadPerformPerform+0x146
C  [CoreFoundation+0xa7551]  __CFRUNLOOP_IS_CALLING_OUT_TO_A_SOURCE0_PERFORM_FUNCTION__+0x11
C  [CoreFoundation+0x886bd]  __CFRunLoopDoSources0+0x22d
C  [CoreFoundation+0x87bb6]  __CFRunLoopRun+0x3a6
C  [CoreFoundation+0x875b4]  CFRunLoopRunSpecific+0x1a4
C  [java+0x6465]  CreateExecutionEnvironment+0x367
C  [java+0x218c]  JLI_Launch+0x7a0
C  [java+0x84c2]  main+0x65
C  [java+0x19e4]  start+0x34
C  0x0000000000000005


---------------  P R O C E S S  ---------------

Java Threads: ( => current thread )
  0x00007fcab0d7e800 JavaThread "AWT-EventQueue-0" [_thread_in_native, id=64023, stack(0x0000700006315000,0x0000700006415000)]
  0x00007fcab199e000 JavaThread "AWT-Shutdown" [_thread_blocked, id=38287, stack(0x0000700005e83000,0x0000700005f83000)]
  0x00007fcab2171800 JavaThread "Java2D Disposer" daemon [_thread_blocked, id=57103, stack(0x0000700006212000,0x0000700006312000)]
  0x00007fcab128e000 JavaThread "Java2D Queue Flusher" daemon [_thread_blocked, id=47919, stack(0x000070000610f000,0x000070000620f000)]
=>0x00007fcab2100000 JavaThread "AppKit Thread" daemon [_thread_in_native, id=2059, stack(0x00007fff5b655000,0x00007fff5be55000)]
  0x00007fcab2027800 JavaThread "Service Thread" daemon [_thread_blocked, id=18691, stack(0x0000700005c7d000,0x0000700005d7d000)]
  0x00007fcab0813800 JavaThread "C1 CompilerThread2" daemon [_thread_blocked, id=18179, stack(0x0000700005b7a000,0x0000700005c7a000)]
  0x00007fcab0810000 JavaThread "C2 CompilerThread1" daemon [_thread_blocked, id=17667, stack(0x0000700005a77000,0x0000700005b77000)]
  0x00007fcab2010800 JavaThread "C2 CompilerThread0" daemon [_thread_in_native, id=17155, stack(0x0000700005974000,0x0000700005a74000)]
  0x00007fcab200f800 JavaThread "Signal Dispatcher" daemon [_thread_blocked, id=16643, stack(0x0000700005871000,0x0000700005971000)]
  0x00007fcab080d000 JavaThread "Finalizer" daemon [_thread_blocked, id=12547, stack(0x000070000576e000,0x000070000586e000)]
  0x00007fcab200e000 JavaThread "Reference Handler" daemon [_thread_blocked, id=12035, stack(0x000070000566b000,0x000070000576b000)]
  0x00007fcab1806000 JavaThread "main" [_thread_blocked, id=3587, stack(0x0000700004ed0000,0x0000700004fd0000)]

Other Threads:
  0x00007fcab2009000 VMThread [stack: 0x0000700005568000,0x0000700005668000] [id=11523]
  0x00007fcab0814800 WatcherThread [stack: 0x0000700005d80000,0x0000700005e80000] [id=19203]

VM state:not at safepoint (normal execution)

VM Mutex/Monitor currently owned by a thread: None

Heap:
 PSYoungGen      total 695808K, used 138406K [0x0000000795580000, 0x00000007c0000000, 0x00000007c0000000)
  eden space 692736K, 19% used [0x0000000795580000,0x000000079dca9b10,0x00000007bfa00000)
  from space 3072K, 0% used [0x00000007bfa00000,0x00000007bfa00000,0x00000007bfd00000)
  to   space 3072K, 0% used [0x00000007bfd00000,0x00000007bfd00000,0x00000007c0000000)
 ParOldGen       total 87552K, used 43534K [0x0000000740000000, 0x0000000745580000, 0x0000000795580000)
  object space 87552K, 49% used [0x0000000740000000,0x0000000742a83860,0x0000000745580000)
 Metaspace       used 14997K, capacity 15316K, committed 15616K, reserved 1062912K
  class space    used 1695K, capacity 1782K, committed 1792K, reserved 1048576K

Card table byte_map: [0x0000000105bc0000,0x0000000105fc1000] byte_map_base: 0x00000001021c0000

Marking Bits: (ParMarkBitMap*) 0x0000000104718d30
 Begin Bits: [0x000000010626c000, 0x000000010826c000)
 End Bits:   [0x000000010826c000, 0x000000010a26c000)

Polling page: 0x0000000104e0d000

CodeCache: size=245760Kb used=9468Kb max_used=9484Kb free=236291Kb
 bounds [0x0000000112269000, 0x0000000112bc9000, 0x0000000121269000]
 total_blobs=2941 nmethods=2410 adapters=444
 compilation: enabled

Compilation events (10 events):
Event: 35.883 Thread 0x00007fcab0813800 2869       1       javax.swing.JComponent::clientPropertyChanged (1 bytes)
Event: 35.884 Thread 0x00007fcab0813800 nmethod 2869 0x0000000112b9e510 code [0x0000000112b9e660, 0x0000000112b9e770]
Event: 35.884 Thread 0x00007fcab0813800 2867       3       javax.swing.ArrayTable::size (46 bytes)
Event: 35.884 Thread 0x00007fcab0813800 nmethod 2867 0x0000000112bb4390 code [0x0000000112bb4540, 0x0000000112bb4b48]
Event: 35.885 Thread 0x00007fcab2010800 2870       4       javax.swing.ArrayTable::get (83 bytes)
Event: 35.889 Thread 0x00007fcab2010800 nmethod 2870 0x0000000112ba71d0 code [0x0000000112ba7340, 0x0000000112ba7618]
Event: 35.889 Thread 0x00007fcab2010800 2871       4       javax.swing.ArrayTable::put (193 bytes)
Event: 35.895 Thread 0x00007fcab2010800 nmethod 2871 0x0000000112baded0 code [0x0000000112bae080, 0x0000000112bae798]
Event: 35.901 Thread 0x00007fcab0810000 nmethod 2865 0x0000000112bb9450 code [0x0000000112bb9660, 0x0000000112bba9d8]
Event: 35.939 Thread 0x00007fcab2010800 2872       4       com.apple.laf.AquaRootPaneUI::updateComponentTreeUIActivation (119 bytes)

GC Heap History (10 events):
Event: 20.317 GC heap before
{Heap before GC invocations=289 (full 138):
 PSYoungGen      total 695808K, used 32K [0x0000000795580000, 0x00000007bfe00000, 0x00000007c0000000)
  eden space 695296K, 0% used [0x0000000795580000,0x0000000795580000,0x00000007bfc80000)
  from space 512K, 6% used [0x00000007bfd00000,0x00000007bfd08000,0x00000007bfd80000)
  to   space 512K, 0% used [0x00000007bfd80000,0x00000007bfd80000,0x00000007bfe00000)
 ParOldGen       total 87552K, used 41511K [0x0000000740000000, 0x0000000745580000, 0x0000000795580000)
  object space 87552K, 47% used [0x0000000740000000,0x0000000742889d80,0x0000000745580000)
 Metaspace       used 11079K, capacity 11342K, committed 11648K, reserved 1058816K
  class space    used 1205K, capacity 1292K, committed 1408K, reserved 1048576K
Event: 20.371 GC heap after
Heap after GC invocations=289 (full 138):
 PSYoungGen      total 695808K, used 0K [0x0000000795580000, 0x00000007bfe00000, 0x00000007c0000000)
  eden space 695296K, 0% used [0x0000000795580000,0x0000000795580000,0x00000007bfc80000)
  from space 512K, 0% used [0x00000007bfd00000,0x00000007bfd00000,0x00000007bfd80000)
  to   space 512K, 0% used [0x00000007bfd80000,0x00000007bfd80000,0x00000007bfe00000)
 ParOldGen       total 87552K, used 41526K [0x0000000740000000, 0x0000000745580000, 0x0000000795580000)
  object space 87552K, 47% used [0x0000000740000000,0x000000074288d808,0x0000000745580000)
 Metaspace       used 11079K, capacity 11342K, committed 11648K, reserved 1058816K
  class space    used 1205K, capacity 1292K, committed 1408K, reserved 1048576K
}
Event: 20.465 GC heap before
{Heap before GC invocations=290 (full 138):
 PSYoungGen      total 695808K, used 42858K [0x0000000795580000, 0x00000007bfe00000, 0x00000007c0000000)
  eden space 695296K, 6% used [0x0000000795580000,0x0000000797f5a980,0x00000007bfc80000)
  from space 512K, 0% used [0x00000007bfd00000,0x00000007bfd00000,0x00000007bfd80000)
  to   space 512K, 0% used [0x00000007bfd80000,0x00000007bfd80000,0x00000007bfe00000)
 ParOldGen       total 87552K, used 41526K [0x0000000740000000, 0x0000000745580000, 0x0000000795580000)
  object space 87552K, 47% used [0x0000000740000000,0x000000074288d808,0x0000000745580000)
 Metaspace       used 11083K, capacity 11342K, committed 11648K, reserved 1058816K
  class space    used 1205K, capacity 1292K, committed 1408K, reserved 1048576K
Event: 20.471 GC heap after
Heap after GC invocations=290 (full 138):
 PSYoungGen      total 693248K, used 512K [0x0000000795580000, 0x00000007c0000000, 0x00000007c0000000)
  eden space 692736K, 0% used [0x0000000795580000,0x0000000795580000,0x00000007bfa00000)
  from space 512K, 100% used [0x00000007bfd80000,0x00000007bfe00000,0x00000007bfe00000)
  to   space 3072K, 0% used [0x00000007bfa00000,0x00000007bfa00000,0x00000007bfd00000)
 ParOldGen       total 87552K, used 47811K [0x0000000740000000, 0x0000000745580000, 0x0000000795580000)
  object space 87552K, 54% used [0x0000000740000000,0x0000000742eb0e38,0x0000000745580000)
 Metaspace       used 11083K, capacity 11342K, committed 11648K, reserved 1058816K
  class space    used 1205K, capacity 1292K, committed 1408K, reserved 1048576K
}
Event: 20.471 GC heap before
{Heap before GC invocations=291 (full 139):
 PSYoungGen      total 693248K, used 512K [0x0000000795580000, 0x00000007c0000000, 0x00000007c0000000)
  eden space 692736K, 0% used [0x0000000795580000,0x0000000795580000,0x00000007bfa00000)
  from space 512K, 100% used [0x00000007bfd80000,0x00000007bfe00000,0x00000007bfe00000)
  to   space 3072K, 0% used [0x00000007bfa00000,0x00000007bfa00000,0x00000007bfd00000)
 ParOldGen       total 87552K, used 47811K [0x0000000740000000, 0x0000000745580000, 0x0000000795580000)
  object space 87552K, 54% used [0x0000000740000000,0x0000000742eb0e38,0x0000000745580000)
 Metaspace       used 11083K, capacity 11342K, committed 11648K, reserved 1058816K
  class space    used 1205K, capacity 1292K, committed 1408K, reserved 1048576K
Event: 20.640 GC heap after
Heap after GC invocations=291 (full 139):
 PSYoungGen      total 693248K, used 0K [0x0000000795580000, 0x00000007c0000000, 0x00000007c0000000)
  eden space 692736K, 0% used [0x0000000795580000,0x0000000795580000,0x00000007bfa00000)
  from space 512K, 0% used [0x00000007bfd80000,0x00000007bfd80000,0x00000007bfe00000)
  to   space 3072K, 0% used [0x00000007bfa00000,0x00000007bfa00000,0x00000007bfd00000)
 ParOldGen       total 87552K, used 48130K [0x0000000740000000, 0x0000000745580000, 0x0000000795580000)
  object space 87552K, 54% used [0x0000000740000000,0x0000000742f00ac0,0x0000000745580000)
 Metaspace       used 11083K, capacity 11342K, committed 11648K, reserved 1058816K
  class space    used 1205K, capacity 1292K, committed 1408K, reserved 1048576K
}
Event: 20.653 GC heap before
{Heap before GC invocations=292 (full 139):
 PSYoungGen      total 693248K, used 27454K [0x0000000795580000, 0x00000007c0000000, 0x00000007c0000000)
  eden space 692736K, 3% used [0x0000000795580000,0x000000079704f8d8,0x00000007bfa00000)
  from space 512K, 0% used [0x00000007bfd80000,0x00000007bfd80000,0x00000007bfe00000)
  to   space 3072K, 0% used [0x00000007bfa00000,0x00000007bfa00000,0x00000007bfd00000)
 ParOldGen       total 87552K, used 48130K [0x0000000740000000, 0x0000000745580000, 0x0000000795580000)
  object space 87552K, 54% used [0x0000000740000000,0x0000000742f00ac0,0x0000000745580000)
 Metaspace       used 11085K, capacity 11342K, committed 11648K, reserved 1058816K
  class space    used 1205K, capacity 1292K, committed 1408K, reserved 1048576K
Event: 20.655 GC heap after
Heap after GC invocations=292 (full 139):
 PSYoungGen      total 695808K, used 608K [0x0000000795580000, 0x00000007c0000000, 0x00000007c0000000)
  eden space 692736K, 0% used [0x0000000795580000,0x0000000795580000,0x00000007bfa00000)
  from space 3072K, 19% used [0x00000007bfa00000,0x00000007bfa98000,0x00000007bfd00000)
  to   space 3072K, 0% used [0x00000007bfd00000,0x00000007bfd00000,0x00000007c0000000)
 ParOldGen       total 87552K, used 48130K [0x0000000740000000, 0x0000000745580000, 0x0000000795580000)
  object space 87552K, 54% used [0x0000000740000000,0x0000000742f00ac0,0x0000000745580000)
 Metaspace       used 11085K, capacity 11342K, committed 11648K, reserved 1058816K
  class space    used 1205K, capacity 1292K, committed 1408K, reserved 1048576K
}
Event: 20.655 GC heap before
{Heap before GC invocations=293 (full 140):
 PSYoungGen      total 695808K, used 608K [0x0000000795580000, 0x00000007c0000000, 0x00000007c0000000)
  eden space 692736K, 0% used [0x0000000795580000,0x0000000795580000,0x00000007bfa00000)
  from space 3072K, 19% used [0x00000007bfa00000,0x00000007bfa98000,0x00000007bfd00000)
  to   space 3072K, 0% used [0x00000007bfd00000,0x00000007bfd00000,0x00000007c0000000)
 ParOldGen       total 87552K, used 48130K [0x0000000740000000, 0x0000000745580000, 0x0000000795580000)
  object space 87552K, 54% used [0x0000000740000000,0x0000000742f00ac0,0x0000000745580000)
 Metaspace       used 11085K, capacity 11342K, committed 11648K, reserved 1058816K
  class space    used 1205K, capacity 1292K, committed 1408K, reserved 1048576K
Event: 20.775 GC heap after
Heap after GC invocations=293 (full 140):
 PSYoungGen      total 695808K, used 0K [0x0000000795580000, 0x00000007c0000000, 0x00000007c0000000)
  eden space 692736K, 0% used [0x0000000795580000,0x0000000795580000,0x00000007bfa00000)
  from space 3072K, 0% used [0x00000007bfa00000,0x00000007bfa00000,0x00000007bfd00000)
  to   space 3072K, 0% used [0x00000007bfd00000,0x00000007bfd00000,0x00000007c0000000)
 ParOldGen       total 87552K, used 43534K [0x0000000740000000, 0x0000000745580000, 0x0000000795580000)
  object space 87552K, 49% used [0x0000000740000000,0x0000000742a83860,0x0000000745580000)
 Metaspace       used 11085K, capacity 11342K, committed 11648K, reserved 1058816K
  class space    used 1205K, capacity 1292K, committed 1408K, reserved 1048576K
}

Deoptimization events (10 events):
Event: 23.550 Thread 0x00007fcab1806000 Uncommon trap: reason=array_check action=maybe_recompile pc=0x0000000112b57dc8 method=java.util.AbstractCollection.toArray([Ljava/lang/Object;)[Ljava/lang/Object; @ 119
Event: 23.551 Thread 0x00007fcab1806000 Uncommon trap: reason=array_check action=maybe_recompile pc=0x0000000112b57dc8 method=java.util.AbstractCollection.toArray([Ljava/lang/Object;)[Ljava/lang/Object; @ 119
Event: 23.551 Thread 0x00007fcab1806000 Uncommon trap: reason=array_check action=maybe_recompile pc=0x0000000112b57dc8 method=java.util.AbstractCollection.toArray([Ljava/lang/Object;)[Ljava/lang/Object; @ 119
Event: 23.551 Thread 0x00007fcab1806000 Uncommon trap: reason=array_check action=maybe_recompile pc=0x0000000112b57dc8 method=java.util.AbstractCollection.toArray([Ljava/lang/Object;)[Ljava/lang/Object; @ 119
Event: 23.579 Thread 0x00007fcab1806000 Uncommon trap: reason=unstable_if action=reinterpret pc=0x0000000112b56d14 method=sun.misc.FDBigInteger.leftShift(I)Lsun/misc/FDBigInteger; @ 323
Event: 23.633 Thread 0x00007fcab1806000 Uncommon trap: reason=speculate_class_check action=maybe_recompile pc=0x0000000112aff284 method=java.awt.Component.getHWPeerAboveMe()Ljava/awt/peer/ComponentPeer; @ 5
Event: 23.633 Thread 0x00007fcab1806000 Uncommon trap: reason=speculate_class_check action=maybe_recompile pc=0x0000000112aff284 method=java.awt.Component.getHWPeerAboveMe()Ljava/awt/peer/ComponentPeer; @ 5
Event: 23.633 Thread 0x00007fcab1806000 Uncommon trap: reason=speculate_class_check action=maybe_recompile pc=0x0000000112aff284 method=java.awt.Component.getHWPeerAboveMe()Ljava/awt/peer/ComponentPeer; @ 5
Event: 23.633 Thread 0x00007fcab1806000 Uncommon trap: reason=speculate_class_check action=maybe_recompile pc=0x0000000112aff284 method=java.awt.Component.getHWPeerAboveMe()Ljava/awt/peer/ComponentPeer; @ 5
Event: 32.903 Thread 0x00007fcab0d7e800 Uncommon trap: reason=bimorphic action=maybe_recompile pc=0x00000001127cd7a0 method=java.util.Collections$SynchronizedMap.get(Ljava/lang/Object;)Ljava/lang/Object; @ 12

Internal exceptions (10 events):
Event: 5.957 Thread 0x00007fcab1806000 Exception <a 'java/security/PrivilegedActionException'> (0x00000007963976c8) thrown at [/Users/java_re/workspace/8-2-build-macosx-x86_64/jdk8u121/8372/hotspot/src/share/vm/prims/jvm.cpp, line 1390]
Event: 7.865 Thread 0x00007fcab1806000 Implicit null exception at 0x0000000112727d19 to 0x0000000112728325
Event: 14.527 Thread 0x00007fcab1806000 Exception <a 'java/io/FileNotFoundException'> (0x0000000795d05dc8) thrown at [/Users/java_re/workspace/8-2-build-macosx-x86_64/jdk8u121/8372/hotspot/src/share/vm/prims/jni.cpp, line 709]
Event: 20.879 Thread 0x00007fcab1806000 Implicit null exception at 0x000000011249dcf5 to 0x000000011249e0b5
Event: 20.880 Thread 0x00007fcab1806000 Implicit null exception at 0x000000011249b5b6 to 0x000000011249b97d
Event: 20.885 Thread 0x00007fcab1806000 Implicit null exception at 0x00000001124c7275 to 0x00000001124c749d
Event: 20.885 Thread 0x00007fcab1806000 Implicit null exception at 0x000000011278b518 to 0x000000011278b5a6
Event: 20.889 Thread 0x00007fcab1806000 Implicit null exception at 0x000000011247202f to 0x0000000112472099
Event: 21.086 Thread 0x00007fcab2100000 Exception <a 'java/lang/RuntimeException': Failed to enter full screen.> (0x00000007964ac438) thrown at [/Users/java_re/workspace/8-2-build-macosx-x86_64/jdk8u121/8372/hotspot/src/share/vm/prims/jni.cpp, line 735]
Event: 23.728 Thread 0x00007fcab1806000 Exception <a 'java/net/BindException'> (0x000000079d1b27a8) thrown at [/Users/java_re/workspace/8-2-build-macosx-x86_64/jdk8u121/8372/hotspot/src/share/vm/prims/jni.cpp, line 709]

Events (10 events):
Event: 32.950 loading class java/text/AttributedString
Event: 32.950 loading class java/text/AttributedString done
Event: 32.950 loading class java/text/AttributedString$AttributedStringIterator
Event: 32.950 loading class java/text/AttributedCharacterIterator
Event: 32.950 loading class java/text/CharacterIterator
Event: 32.950 loading class java/text/CharacterIterator done
Event: 32.950 loading class java/text/AttributedCharacterIterator done
Event: 32.951 loading class java/text/AttributedString$AttributedStringIterator done
Event: 34.186 loading class java/awt/LightweightDispatcher$2
Event: 34.186 loading class java/awt/LightweightDispatcher$2 done


Dynamic libraries:
0x000000003c1e1000 	/System/Library/Frameworks/Cocoa.framework/Versions/A/Cocoa
0x000000003c1e1000 	/System/Library/Frameworks/Security.framework/Versions/A/Security
0x000000003c1e1000 	/System/Library/Frameworks/ApplicationServices.framework/Versions/A/ApplicationServices
0x000000003c1e1000 	/usr/lib/libz.1.dylib
0x000000003c1e1000 	/usr/lib/libSystem.B.dylib
0x000000003c1e1000 	/usr/lib/libobjc.A.dylib
0x000000003c1e1000 	/System/Library/Frameworks/CoreFoundation.framework/Versions/A/CoreFoundation
0x000000003c1e1000 	/System/Library/Frameworks/Foundation.framework/Versions/C/Foundation
0x000000003c1e1000 	/System/Library/Frameworks/AppKit.framework/Versions/C/AppKit
0x000000003c1e1000 	/System/Library/Frameworks/CoreData.framework/Versions/A/CoreData
0x000000003c1e1000 	/System/Library/PrivateFrameworks/RemoteViewServices.framework/Versions/A/RemoteViewServices
0x000000003c1e1000 	/System/Library/PrivateFrameworks/UIFoundation.framework/Versions/A/UIFoundation
0x000000003c1e1000 	/usr/lib/libenergytrace.dylib
0x000000003c1e1000 	/System/Library/PrivateFrameworks/SkyLight.framework/Versions/A/SkyLight
0x000000003c1e1000 	/System/Library/Frameworks/CoreGraphics.framework/Versions/A/CoreGraphics
0x000000003c1e1000 	/usr/lib/libScreenReader.dylib
0x000000003c1e1000 	/System/Library/Frameworks/Accelerate.framework/Versions/A/Accelerate
0x000000003c1e1000 	/System/Library/Frameworks/IOSurface.framework/Versions/A/IOSurface
0x000000003c1e1000 	/System/Library/Frameworks/AudioToolbox.framework/Versions/A/AudioToolbox
0x000000003c1e1000 	/System/Library/Frameworks/AudioUnit.framework/Versions/A/AudioUnit
0x000000003c1e1000 	/System/Library/PrivateFrameworks/DataDetectorsCore.framework/Versions/A/DataDetectorsCore
0x000000003c1e1000 	/System/Library/PrivateFrameworks/DesktopServicesPriv.framework/Versions/A/DesktopServicesPriv
0x000000003c1e1000 	/System/Library/Frameworks/Carbon.framework/Versions/A/Frameworks/HIToolbox.framework/Versions/A/HIToolbox
0x000000003c1e1000 	/usr/lib/libicucore.A.dylib
0x000000003c1e1000 	/System/Library/Frameworks/QuartzCore.framework/Versions/A/QuartzCore
0x000000003c1e1000 	/System/Library/Frameworks/Carbon.framework/Versions/A/Frameworks/SpeechRecognition.framework/Versions/A/SpeechRecognition
0x000000003c1e1000 	/usr/lib/libauto.dylib
0x000000003c1e1000 	/usr/lib/libxml2.2.dylib
0x000000003c1e1000 	/System/Library/PrivateFrameworks/CoreUI.framework/Versions/A/CoreUI
0x000000003c1e1000 	/System/Library/Frameworks/CoreAudio.framework/Versions/A/CoreAudio
0x000000003c1e1000 	/System/Library/Frameworks/DiskArbitration.framework/Versions/A/DiskArbitration
0x000000003c1e1000 	/usr/lib/liblangid.dylib
0x000000003c1e1000 	/System/Library/PrivateFrameworks/MultitouchSupport.framework/Versions/A/MultitouchSupport
0x000000003c1e1000 	/System/Library/Frameworks/IOKit.framework/Versions/A/IOKit
0x000000003c1e1000 	/usr/lib/libDiagnosticMessagesClient.dylib
0x000000003c1e1000 	/System/Library/Frameworks/CoreServices.framework/Versions/A/CoreServices
0x000000003c1e1000 	/System/Library/PrivateFrameworks/PerformanceAnalysis.framework/Versions/A/PerformanceAnalysis
0x000000003c1e1000 	/System/Library/PrivateFrameworks/GenerationalStorage.framework/Versions/A/GenerationalStorage
0x000000003c1e1000 	/System/Library/Frameworks/OpenGL.framework/Versions/A/OpenGL
0x000000003c1e1000 	/System/Library/Frameworks/CoreImage.framework/Versions/A/CoreImage
0x000000003c1e1000 	/System/Library/Frameworks/CoreText.framework/Versions/A/CoreText
0x000000003c1e1000 	/System/Library/Frameworks/ImageIO.framework/Versions/A/ImageIO
0x000000003c1e1000 	/System/Library/PrivateFrameworks/Backup.framework/Versions/A/Backup
0x000000003c1e1000 	/usr/lib/libarchive.2.dylib
0x000000003c1e1000 	/System/Library/Frameworks/CFNetwork.framework/Versions/A/CFNetwork
0x000000003c1e1000 	/System/Library/Frameworks/SystemConfiguration.framework/Versions/A/SystemConfiguration
0x000000003c1e1000 	/usr/lib/libCRFSuite.dylib
0x000000003c1e1000 	/usr/lib/libc++.1.dylib
0x000000003c1e1000 	/usr/lib/libc++abi.dylib
0x000000003c1e1000 	/usr/lib/system/libcache.dylib
0x000000003c1e1000 	/usr/lib/system/libcommonCrypto.dylib
0x000000003c1e1000 	/usr/lib/system/libcompiler_rt.dylib
0x000000003c1e1000 	/usr/lib/system/libcopyfile.dylib
0x000000003c1e1000 	/usr/lib/system/libcorecrypto.dylib
0x000000003c1e1000 	/usr/lib/system/libdispatch.dylib
0x000000003c1e1000 	/usr/lib/system/libdyld.dylib
0x000000003c1e1000 	/usr/lib/system/libkeymgr.dylib
0x000000003c1e1000 	/usr/lib/system/liblaunch.dylib
0x000000003c1e1000 	/usr/lib/system/libmacho.dylib
0x000000003c1e1000 	/usr/lib/system/libquarantine.dylib
0x000000003c1e1000 	/usr/lib/system/libremovefile.dylib
0x000000003c1e1000 	/usr/lib/system/libsystem_asl.dylib
0x000000003c1e1000 	/usr/lib/system/libsystem_blocks.dylib
0x000000003c1e1000 	/usr/lib/system/libsystem_c.dylib
0x000000003c1e1000 	/usr/lib/system/libsystem_configuration.dylib
0x000000003c1e1000 	/usr/lib/system/libsystem_coreservices.dylib
0x000000003c1e1000 	/usr/lib/system/libsystem_coretls.dylib
0x000000003c1e1000 	/usr/lib/system/libsystem_dnssd.dylib
0x000000003c1e1000 	/usr/lib/system/libsystem_info.dylib
0x000000003c1e1000 	/usr/lib/system/libsystem_kernel.dylib
0x000000003c1e1000 	/usr/lib/system/libsystem_m.dylib
0x000000003c1e1000 	/usr/lib/system/libsystem_malloc.dylib
0x000000003c1e1000 	/usr/lib/system/libsystem_network.dylib
0x000000003c1e1000 	/usr/lib/system/libsystem_networkextension.dylib
0x000000003c1e1000 	/usr/lib/system/libsystem_notify.dylib
0x000000003c1e1000 	/usr/lib/system/libsystem_platform.dylib
0x000000003c1e1000 	/usr/lib/system/libsystem_pthread.dylib
0x000000003c1e1000 	/usr/lib/system/libsystem_sandbox.dylib
0x000000003c1e1000 	/usr/lib/system/libsystem_secinit.dylib
0x000000003c1e1000 	/usr/lib/system/libsystem_symptoms.dylib
0x000000003c1e1000 	/usr/lib/system/libsystem_trace.dylib
0x000000003c1e1000 	/usr/lib/system/libunwind.dylib
0x000000003c1e1000 	/usr/lib/system/libxpc.dylib
0x000000003c1e1000 	/usr/lib/libbsm.0.dylib
0x000000003c1e1000 	/usr/lib/system/libkxld.dylib
0x000000003c1e1000 	/usr/lib/libcoretls.dylib
0x000000003c1e1000 	/usr/lib/libcoretls_cfhelpers.dylib
0x000000003c1e1000 	/usr/lib/libxar.1.dylib
0x000000003c1e1000 	/usr/lib/libsqlite3.dylib
0x000000003c1e1000 	/usr/lib/libpam.2.dylib
0x000000003c1e1000 	/usr/lib/libOpenScriptingUtil.dylib
0x000000003c1e1000 	/usr/lib/libbz2.1.0.dylib
0x000000003c1e1000 	/usr/lib/liblzma.5.dylib
0x000000003c1e1000 	/usr/lib/libnetwork.dylib
0x000000003c1e1000 	/usr/lib/libpcap.A.dylib
0x000000003c1e1000 	/System/Library/Frameworks/CoreServices.framework/Versions/A/Frameworks/FSEvents.framework/Versions/A/FSEvents
0x000000003c1e1000 	/System/Library/Frameworks/CoreServices.framework/Versions/A/Frameworks/CarbonCore.framework/Versions/A/CarbonCore
0x000000003c1e1000 	/System/Library/Frameworks/CoreServices.framework/Versions/A/Frameworks/Metadata.framework/Versions/A/Metadata
0x000000003c1e1000 	/System/Library/Frameworks/CoreServices.framework/Versions/A/Frameworks/OSServices.framework/Versions/A/OSServices
0x000000003c1e1000 	/System/Library/Frameworks/CoreServices.framework/Versions/A/Frameworks/SearchKit.framework/Versions/A/SearchKit
0x000000003c1e1000 	/System/Library/Frameworks/CoreServices.framework/Versions/A/Frameworks/AE.framework/Versions/A/AE
0x000000003c1e1000 	/System/Library/Frameworks/CoreServices.framework/Versions/A/Frameworks/LaunchServices.framework/Versions/A/LaunchServices
0x000000003c1e1000 	/System/Library/Frameworks/CoreServices.framework/Versions/A/Frameworks/DictionaryServices.framework/Versions/A/DictionaryServices
0x000000003c1e1000 	/System/Library/Frameworks/CoreServices.framework/Versions/A/Frameworks/SharedFileList.framework/Versions/A/SharedFileList
0x000000003c1e1000 	/System/Library/Frameworks/NetFS.framework/Versions/A/NetFS
0x000000003c1e1000 	/System/Library/PrivateFrameworks/NetAuth.framework/Versions/A/NetAuth
0x000000003c1e1000 	/System/Library/PrivateFrameworks/login.framework/Versions/A/Frameworks/loginsupport.framework/Versions/A/loginsupport
0x000000003c1e1000 	/System/Library/PrivateFrameworks/TCC.framework/Versions/A/TCC
0x000000003c1e1000 	/usr/lib/libmecabra.dylib
0x000000003c1e1000 	/System/Library/Frameworks/ApplicationServices.framework/Versions/A/Frameworks/ATS.framework/Versions/A/ATS
0x000000003c1e1000 	/System/Library/Frameworks/ApplicationServices.framework/Versions/A/Frameworks/ColorSync.framework/Versions/A/ColorSync
0x000000003c1e1000 	/System/Library/Frameworks/ApplicationServices.framework/Versions/A/Frameworks/HIServices.framework/Versions/A/HIServices
0x000000003c1e1000 	/System/Library/Frameworks/ApplicationServices.framework/Versions/A/Frameworks/LangAnalysis.framework/Versions/A/LangAnalysis
0x000000003c1e1000 	/System/Library/Frameworks/ApplicationServices.framework/Versions/A/Frameworks/PrintCore.framework/Versions/A/PrintCore
0x000000003c1e1000 	/System/Library/Frameworks/ApplicationServices.framework/Versions/A/Frameworks/QD.framework/Versions/A/QD
0x000000003c1e1000 	/System/Library/Frameworks/ApplicationServices.framework/Versions/A/Frameworks/SpeechSynthesis.framework/Versions/A/SpeechSynthesis
0x000000003c1e1000 	/System/Library/Frameworks/Accelerate.framework/Versions/A/Frameworks/vImage.framework/Versions/A/vImage
0x000000003c1e1000 	/System/Library/Frameworks/Accelerate.framework/Versions/A/Frameworks/vecLib.framework/Versions/A/vecLib
0x000000003c1e1000 	/System/Library/Frameworks/Accelerate.framework/Versions/A/Frameworks/vecLib.framework/Versions/A/libvDSP.dylib
0x000000003c1e1000 	/System/Library/Frameworks/Accelerate.framework/Versions/A/Frameworks/vecLib.framework/Versions/A/libBNNS.dylib
0x000000003c1e1000 	/System/Library/Frameworks/Accelerate.framework/Versions/A/Frameworks/vecLib.framework/Versions/A/libQuadrature.dylib
0x000000003c1e1000 	/System/Library/Frameworks/Accelerate.framework/Versions/A/Frameworks/vecLib.framework/Versions/A/libvMisc.dylib
0x000000003c1e1000 	/System/Library/Frameworks/Accelerate.framework/Versions/A/Frameworks/vecLib.framework/Versions/A/libLAPACK.dylib
0x000000003c1e1000 	/System/Library/Frameworks/Accelerate.framework/Versions/A/Frameworks/vecLib.framework/Versions/A/libBLAS.dylib
0x000000003c1e1000 	/System/Library/Frameworks/Accelerate.framework/Versions/A/Frameworks/vecLib.framework/Versions/A/libLinearAlgebra.dylib
0x000000003c1e1000 	/System/Library/Frameworks/Accelerate.framework/Versions/A/Frameworks/vecLib.framework/Versions/A/libSparseBLAS.dylib
0x000000003c1e1000 	/System/Library/Frameworks/ApplicationServices.framework/Versions/A/Frameworks/ATS.framework/Versions/A/Resources/libFontParser.dylib
0x000000003c1e1000 	/System/Library/Frameworks/ApplicationServices.framework/Versions/A/Frameworks/ATS.framework/Versions/A/Resources/libFontRegistry.dylib
0x000000003c1e1000 	/System/Library/Frameworks/ImageIO.framework/Versions/A/Resources/libJPEG.dylib
0x000000003c1e1000 	/System/Library/Frameworks/ImageIO.framework/Versions/A/Resources/libTIFF.dylib
0x000000003c1e1000 	/System/Library/Frameworks/ImageIO.framework/Versions/A/Resources/libPng.dylib
0x000000003c1e1000 	/System/Library/Frameworks/ImageIO.framework/Versions/A/Resources/libGIF.dylib
0x000000003c1e1000 	/System/Library/Frameworks/ImageIO.framework/Versions/A/Resources/libJP2.dylib
0x000000003c1e1000 	/System/Library/Frameworks/ImageIO.framework/Versions/A/Resources/libRadiance.dylib
0x000000003c1e1000 	/usr/lib/libcompression.dylib
0x000000003c1e1000 	/System/Library/PrivateFrameworks/AppleJPEG.framework/Versions/A/AppleJPEG
0x000000003c1e1000 	/usr/lib/libcups.2.dylib
0x000000003c1e1000 	/System/Library/Frameworks/Kerberos.framework/Versions/A/Kerberos
0x000000003c1e1000 	/System/Library/Frameworks/GSS.framework/Versions/A/GSS
0x000000003c1e1000 	/usr/lib/libresolv.9.dylib
0x000000003c1e1000 	/usr/lib/libiconv.2.dylib
0x000000003c1e1000 	/System/Library/PrivateFrameworks/Heimdal.framework/Versions/A/Heimdal
0x000000003c1e1000 	/usr/lib/libheimdal-asn1.dylib
0x000000003c1e1000 	/System/Library/Frameworks/OpenDirectory.framework/Versions/A/OpenDirectory
0x000000003c1e1000 	/System/Library/PrivateFrameworks/CommonAuth.framework/Versions/A/CommonAuth
0x000000003c1e1000 	/System/Library/Frameworks/OpenDirectory.framework/Versions/A/Frameworks/CFOpenDirectory.framework/Versions/A/CFOpenDirectory
0x000000003c1e1000 	/System/Library/Frameworks/SecurityFoundation.framework/Versions/A/SecurityFoundation
0x000000003c1e1000 	/System/Library/PrivateFrameworks/LanguageModeling.framework/Versions/A/LanguageModeling
0x000000003c1e1000 	/usr/lib/libmarisa.dylib
0x000000003c1e1000 	/usr/lib/libChineseTokenizer.dylib
0x000000003c1e1000 	/usr/lib/libcmph.dylib
0x000000003c1e1000 	/System/Library/PrivateFrameworks/CoreEmoji.framework/Versions/A/CoreEmoji
0x000000003c1e1000 	/System/Library/Frameworks/ServiceManagement.framework/Versions/A/ServiceManagement
0x000000003c1e1000 	/usr/lib/libxslt.1.dylib
0x000000003c1e1000 	/System/Library/Frameworks/Carbon.framework/Versions/A/Frameworks/Ink.framework/Versions/A/Ink
0x000000003c1e1000 	/System/Library/PrivateFrameworks/TextureIO.framework/Versions/A/TextureIO
0x000000003c1e1000 	/System/Library/Frameworks/Metal.framework/Versions/A/Metal
0x000000003c1e1000 	/usr/lib/libate.dylib
0x000000003c1e1000 	/System/Library/PrivateFrameworks/GPUCompiler.framework/libmetal_timestamp.dylib
0x000000003c1e1000 	/System/Library/Frameworks/OpenGL.framework/Versions/A/Libraries/libCoreFSCache.dylib
0x000000003c1e1000 	/System/Library/PrivateFrameworks/IOAccelerator.framework/Versions/A/IOAccelerator
0x000000003c1e1000 	/System/Library/Frameworks/CoreVideo.framework/Versions/A/CoreVideo
0x000000003c1e1000 	/usr/lib/libFosl_dynamic.dylib
0x000000003c1e1000 	/System/Library/PrivateFrameworks/MetalPerformanceShaders.framework/Versions/A/MetalPerformanceShaders
0x000000003c1e1000 	/System/Library/PrivateFrameworks/FaceCore.framework/Versions/A/FaceCore
0x000000003c1e1000 	/System/Library/Frameworks/OpenCL.framework/Versions/A/OpenCL
0x000000003c1e1000 	/System/Library/Frameworks/OpenGL.framework/Versions/A/Libraries/libGLU.dylib
0x000000003c1e1000 	/System/Library/Frameworks/OpenGL.framework/Versions/A/Libraries/libGFXShared.dylib
0x000000003c1e1000 	/System/Library/Frameworks/OpenGL.framework/Versions/A/Libraries/libGL.dylib
0x000000003c1e1000 	/System/Library/Frameworks/OpenGL.framework/Versions/A/Libraries/libGLImage.dylib
0x000000003c1e1000 	/System/Library/Frameworks/OpenGL.framework/Versions/A/Libraries/libCVMSPluginSupport.dylib
0x000000003c1e1000 	/System/Library/Frameworks/OpenGL.framework/Versions/A/Libraries/libCoreVMClient.dylib
0x000000003c1e1000 	/System/Library/PrivateFrameworks/CrashReporterSupport.framework/Versions/A/CrashReporterSupport
0x000000003c1e1000 	/System/Library/PrivateFrameworks/Sharing.framework/Versions/A/Sharing
0x000000003c1e1000 	/System/Library/PrivateFrameworks/IconServices.framework/Versions/A/IconServices
0x000000003c1e1000 	/System/Library/PrivateFrameworks/ProtocolBuffer.framework/Versions/A/ProtocolBuffer
0x000000003c1e1000 	/System/Library/PrivateFrameworks/Apple80211.framework/Versions/A/Apple80211
0x000000003c1e1000 	/System/Library/Frameworks/CoreWLAN.framework/Versions/A/CoreWLAN
0x000000003c1e1000 	/System/Library/PrivateFrameworks/CoreUtils.framework/Versions/A/CoreUtils
0x000000003c1e1000 	/System/Library/Frameworks/IOBluetooth.framework/Versions/A/IOBluetooth
0x000000003c1e1000 	/System/Library/PrivateFrameworks/CoreWiFi.framework/Versions/A/CoreWiFi
0x000000003c1e1000 	/System/Library/Frameworks/CoreBluetooth.framework/Versions/A/CoreBluetooth
0x000000003c1e1000 	/System/Library/Frameworks/CoreDisplay.framework/Versions/A/CoreDisplay
0x000000003c1e1000 	/System/Library/PrivateFrameworks/IOPresentment.framework/Versions/A/IOPresentment
0x000000003c1e1000 	/System/Library/PrivateFrameworks/DebugSymbols.framework/Versions/A/DebugSymbols
0x000000003c1e1000 	/System/Library/PrivateFrameworks/CoreSymbolication.framework/Versions/A/CoreSymbolication
0x000000003c1e1000 	/System/Library/PrivateFrameworks/Symbolication.framework/Versions/A/Symbolication
0x000000003c1e1000 	/System/Library/PrivateFrameworks/AppleFSCompression.framework/Versions/A/AppleFSCompression
0x000000003c1e1000 	/System/Library/PrivateFrameworks/SpeechRecognitionCore.framework/Versions/A/SpeechRecognitionCore
0x000000003c1e1000 	/System/Library/PrivateFrameworks/ChunkingLibrary.framework/Versions/A/ChunkingLibrary
0x0000000103e28000 	/Library/Java/JavaVirtualMachines/jdk1.8.0_121.jdk/Contents/Home/jre/lib/server/libjvm.dylib
0x000000003c1e1000 	/usr/lib/libstdc++.6.dylib
0x0000000104dca000 	/Library/Java/JavaVirtualMachines/jdk1.8.0_121.jdk/Contents/Home/jre/lib/libverify.dylib
0x0000000104dd8000 	/Library/Java/JavaVirtualMachines/jdk1.8.0_121.jdk/Contents/Home/jre/lib/libjava.dylib
0x0000000104e17000 	/Library/Java/JavaVirtualMachines/jdk1.8.0_121.jdk/Contents/Home/jre/lib/libzip.dylib
0x000000010bf91000 	/System/Library/Frameworks/JavaVM.framework/Frameworks/JavaRuntimeSupport.framework/JavaRuntimeSupport
0x000000010bfab000 	/System/Library/Frameworks/JavaVM.framework/Versions/A/Frameworks/JavaNativeFoundation.framework/Versions/A/JavaNativeFoundation
0x0000000104ff3000 	/System/Library/Frameworks/JavaVM.framework/Versions/A/JavaVM
0x000000003c1e1000 	/System/Library/Frameworks/Carbon.framework/Versions/A/Carbon
0x000000010bfc0000 	/System/Library/PrivateFrameworks/JavaLaunching.framework/Versions/A/JavaLaunching
0x000000003c1e1000 	/System/Library/Frameworks/Carbon.framework/Versions/A/Frameworks/CommonPanels.framework/Versions/A/CommonPanels
0x000000003c1e1000 	/System/Library/Frameworks/Carbon.framework/Versions/A/Frameworks/Help.framework/Versions/A/Help
0x000000003c1e1000 	/System/Library/Frameworks/Carbon.framework/Versions/A/Frameworks/ImageCapture.framework/Versions/A/ImageCapture
0x000000003c1e1000 	/System/Library/Frameworks/Carbon.framework/Versions/A/Frameworks/OpenScripting.framework/Versions/A/OpenScripting
0x000000003c1e1000 	/System/Library/Frameworks/Carbon.framework/Versions/A/Frameworks/Print.framework/Versions/A/Print
0x000000003c1e1000 	/System/Library/Frameworks/Carbon.framework/Versions/A/Frameworks/SecurityHI.framework/Versions/A/SecurityHI
0x000000010d906000 	/Library/Java/JavaVirtualMachines/jdk1.8.0_121.jdk/Contents/Home/jre/lib/libawt.dylib
0x000000010d9ae000 	/Library/Java/JavaVirtualMachines/jdk1.8.0_121.jdk/Contents/Home/jre/lib/./libmlib_image.dylib
0x000000010da7a000 	/Library/Java/JavaVirtualMachines/jdk1.8.0_121.jdk/Contents/Home/jre/lib/libawt_lwawt.dylib
0x000000010db31000 	/Library/Java/JavaVirtualMachines/jdk1.8.0_121.jdk/Contents/Home/jre/lib/./libosxapp.dylib
0x000000003c1e1000 	/System/Library/Frameworks/ExceptionHandling.framework/Versions/A/ExceptionHandling
0x000000003c1e1000 	/System/Library/PrivateFrameworks/CoreServicesInternal.framework/Versions/A/CoreServicesInternal
0x000000003c1e1000 	/System/Library/CoreServices/RawCamera.bundle/Contents/MacOS/RawCamera
0x000000003c1e1000 	/System/Library/Frameworks/Accelerate.framework/Versions/A/Frameworks/vImage.framework/Versions/A/Libraries/libCGInterfaces.dylib
0x000000003c1e1000 	/System/Library/Frameworks/ApplicationServices.framework/Versions/A/Frameworks/ATS.framework/Versions/A/Resources/libTrueTypeScaler.dylib
0x000000003c1e1000 	/System/Library/Frameworks/OpenGL.framework/Versions/A/Resources/GLEngine.bundle/GLEngine
0x000000003c1e1000 	/System/Library/Frameworks/OpenGL.framework/Versions/A/Libraries/libGLProgrammability.dylib
0x000000010f43a000 	/System/Library/Extensions/AppleIntelHD5000GraphicsGLDriver.bundle/Contents/MacOS/AppleIntelHD5000GraphicsGLDriver
0x000000003c1e1000 	/System/Library/PrivateFrameworks/GPUSupport.framework/Versions/A/Libraries/libGPUSupportMercury.dylib
0x000000003c1e1000 	/System/Library/Frameworks/OpenGL.framework/Versions/A/Resources/GLRendererFloat.bundle/GLRendererFloat
0x000000003c1e1000 	/System/Library/Frameworks/OpenCL.framework/Versions/A/Libraries/libcldcpuengine.dylib
0x000000003c1e1000 	/usr/lib/libcrypto.0.9.8.dylib
0x000000003c1e1000 	/System/Library/PrivateFrameworks/TrustEvaluationAgent.framework/Versions/A/TrustEvaluationAgent
0x000000010fbb8000 	/System/Library/Extensions/AppleIntelHD5000GraphicsMTLDriver.bundle/Contents/MacOS/AppleIntelHD5000GraphicsMTLDriver
0x000000003c1e1000 	/System/Library/PrivateFrameworks/FamilyControls.framework/Versions/A/FamilyControls
0x000000003c1e1000 	/System/Library/PrivateFrameworks/CommerceKit.framework/Versions/A/Frameworks/CommerceCore.framework/Versions/A/CommerceCore
0x000000003c1e1000 	/System/Library/PrivateFrameworks/SystemAdministration.framework/Versions/A/SystemAdministration
0x000000003c1e1000 	/System/Library/PrivateFrameworks/AppContainer.framework/Versions/A/AppContainer
0x000000003c1e1000 	/System/Library/PrivateFrameworks/SecCodeWrapper.framework/Versions/A/SecCodeWrapper
0x000000003c1e1000 	/System/Library/Frameworks/DirectoryService.framework/Versions/A/DirectoryService
0x000000003c1e1000 	/System/Library/PrivateFrameworks/DiskImages.framework/Versions/A/DiskImages
0x000000003c1e1000 	/System/Library/PrivateFrameworks/LoginUIKit.framework/Versions/A/Frameworks/LoginUICore.framework/Versions/A/LoginUICore
0x000000003c1e1000 	/usr/lib/libCoreStorage.dylib
0x000000003c1e1000 	/usr/lib/libcsfde.dylib
0x000000003c1e1000 	/usr/lib/libodfde.dylib
0x000000003c1e1000 	/System/Library/Frameworks/DiscRecording.framework/Versions/A/DiscRecording
0x000000003c1e1000 	/usr/lib/libcurl.4.dylib
0x000000003c1e1000 	/System/Library/PrivateFrameworks/MediaKit.framework/Versions/A/MediaKit
0x000000003c1e1000 	/System/Library/PrivateFrameworks/ProtectedCloudStorage.framework/Versions/A/ProtectedCloudStorage
0x000000003c1e1000 	/System/Library/PrivateFrameworks/EFILogin.framework/Versions/A/EFILogin
0x000000003c1e1000 	/usr/lib/libutil.dylib
0x000000003c1e1000 	/System/Library/Frameworks/LDAP.framework/Versions/A/LDAP
0x000000003c1e1000 	/usr/lib/libsasl2.2.dylib
0x000000003c1e1000 	/System/Library/PrivateFrameworks/CoreDaemon.framework/Versions/B/CoreDaemon
0x000000003c1e1000 	/System/Library/PrivateFrameworks/AppleSRP.framework/Versions/A/AppleSRP
0x000000003c1e1000 	/System/Library/PrivateFrameworks/APFS.framework/Versions/A/APFS
0x000000003c1e1000 	/System/Library/PrivateFrameworks/ViewBridge.framework/Versions/A/ViewBridge
0x000000003c1e1000 	/System/Library/PrivateFrameworks/XPCService.framework/Versions/A/XPCService
0x000000003c1e1000 	/System/Library/PrivateFrameworks/AppSandbox.framework/Versions/A/AppSandbox
0x000000003c1e1000 	/usr/lib/libsandbox.1.dylib
0x000000003c1e1000 	/usr/lib/libMatch.1.dylib
0x0000000111f19000 	/Library/Java/JavaVirtualMachines/jdk1.8.0_121.jdk/Contents/Home/jre/lib/libfontmanager.dylib
0x000000010e21f000 	/Library/Java/JavaVirtualMachines/jdk1.8.0_121.jdk/Contents/Home/jre/lib/libosxui.dylib
0x0000000111e85000 	/Library/Java/JavaVirtualMachines/jdk1.8.0_121.jdk/Contents/Home/jre/lib/libnet.dylib
0x0000000111e9c000 	/Library/Java/JavaVirtualMachines/jdk1.8.0_121.jdk/Contents/Home/jre/lib/libnio.dylib

VM Arguments:
jvm_args: -Dfile.encoding=UTF-8 
java_command: DesignAssistant
java_class_path (initial): /Users/designassistant/Documents/workspace/design_assistant/DesignAssistant/bin:/Users/designassistant/Documents/workspace/design_assistant_HRC2/RBSAEOSS-Eval/bin:/Users/designassistant/Documents/workspace/design_assistant_HRC2/RBSAEOSS-Eval/java/combinatoricslib-2.0.jar:/Users/designassistant/Documents/workspace/design_assistant_HRC2/RBSAEOSS-Eval/java/commons-lang3-3.1.jar:/Users/designassistant/Documents/workspace/design_assistant_HRC2/RBSAEOSS-Eval/java/CSER2015.jar:/Users/designassistant/Documents/workspace/design_assistant_HRC2/RBSAEOSS-Eval/java/jaDTi-0.6.1.jar:/Users/designassistant/Documents/workspace/design_assistant_HRC2/RBSAEOSS-Eval/java/jcommon-1.0.22.jar:/Users/designassistant/Documents/workspace/design_assistant_HRC2/RBSAEOSS-Eval/java/jess.jar:/Users/designassistant/Documents/workspace/design_assistant_HRC2/RBSAEOSS-Eval/java/jfreechart-1.0.18.jar:/Users/designassistant/Documents/workspace/design_assistant_HRC2/RBSAEOSS-Eval/java/jxl.jar:/Users/designassistant/Documents/workspace/design_assistant_HRC2/RBSAEOSS-Eval/java/madkit-5.0.5.jar:/Users/designassistant/Documents/workspace/design_assistant_HRC2/RBSAEOSS-Eval/java/matlabcontrol-4.0.0.jar:/Users/designassistant/Documents/workspace/design_assistant_HRC2/RBSAEOSS-Eval/java/RBES_Demo_May2014.jar:/Users/designassistant/Documents/workspace/design_assistant_HRC2/RBSAEOSS-Eval/m/EON-PATH.jar
Launcher Type: SUN_STANDARD

Environment Variables:
PATH=/usr/bin:/bin:/usr/sbin:/sbin
SHELL=/bin/bash

Signal Handlers:
SIGSEGV: [libjvm.dylib+0x5b1141], sa_mask[0]=11111111011111110111111111111111, sa_flags=SA_ONSTACK|SA_RESTART|SA_SIGINFO
SIGBUS: [libjvm.dylib+0x5b1141], sa_mask[0]=11111111011111110111111111111111, sa_flags=SA_RESTART|SA_SIGINFO
SIGFPE: [libjvm.dylib+0x487bc4], sa_mask[0]=11111111011111110111111111111111, sa_flags=SA_RESTART|SA_SIGINFO
SIGPIPE: [libjvm.dylib+0x487bc4], sa_mask[0]=11111111011111110111111111111111, sa_flags=SA_RESTART|SA_SIGINFO
SIGXFSZ: [libjvm.dylib+0x487bc4], sa_mask[0]=11111111011111110111111111111111, sa_flags=SA_RESTART|SA_SIGINFO
SIGILL: [libjvm.dylib+0x487bc4], sa_mask[0]=11111111011111110111111111111111, sa_flags=SA_RESTART|SA_SIGINFO
SIGUSR1: SIG_DFL, sa_mask[0]=00000000000000000000000000000000, sa_flags=none
SIGUSR2: [libjvm.dylib+0x4876e2], sa_mask[0]=00100000000000000000000000000000, sa_flags=SA_RESTART|SA_SIGINFO
SIGHUP: [libjvm.dylib+0x485cb9], sa_mask[0]=11111111011111110111111111111111, sa_flags=SA_RESTART|SA_SIGINFO
SIGINT: [libjvm.dylib+0x485cb9], sa_mask[0]=11111111011111110111111111111111, sa_flags=SA_RESTART|SA_SIGINFO
SIGTERM: [libjvm.dylib+0x485cb9], sa_mask[0]=11111111011111110111111111111111, sa_flags=SA_RESTART|SA_SIGINFO
SIGQUIT: [libjvm.dylib+0x485cb9], sa_mask[0]=11111111011111110111111111111111, sa_flags=SA_RESTART|SA_SIGINFO


---------------  S Y S T E M  ---------------

OS:Bsduname:Darwin 16.0.0 Darwin Kernel Version 16.0.0: Mon Aug 29 17:56:20 PDT 2016; root:xnu-3789.1.32~3/RELEASE_X86_64 x86_64
rlimit: STACK 8192k, CORE 0k, NPROC 709, NOFILE 10240, AS infinity
load average:3.09 2.02 1.80

CPU:total 4 (2 cores per cpu, 2 threads per core) family 6 model 69 stepping 1, cmov, cx8, fxsr, mmx, sse, sse2, sse3, ssse3, sse4.1, sse4.2, popcnt, avx, avx2, aes, clmul, erms, lzcnt, ht, tsc, tscinvbit, bmi1, bmi2

Memory: 4k page, physical 8388608k(2440664k free)

/proc/meminfo:


vm_info: Java HotSpot(TM) 64-Bit Server VM (25.121-b13) for bsd-amd64 JRE (1.8.0_121-b13), built on Dec 12 2016 20:39:32 by "java_re" with gcc 4.2.1 (Based on Apple Inc. build 5658) (LLVM build 2336.11.00)

time: Mon Jul 10 15:48:12 2017
elapsed time: 35 seconds (0d 0h 0m 35s)

