Sep 19, 2017 12:47:05 AM DesignAssistant$5 actionPerformed
INFO: TREATMENT_4 000000000000000000000000000000000000000000000000000000000000 N/A N/A
Sep 19, 2017 12:47:36 AM DesignAssistant$10 run
INFO: AGENT_EVENT 000000000000000000000000000000000000000101101101000011000000 0.03899845546186717 5217.38625407421
Sep 19, 2017 12:47:36 AM DesignAssistant$10 run
INFO: AGENT_EVENT 000000000000000000000000000000000000110001100111000001110110 0.05265025260414764 5172.045738676695
Sep 19, 2017 12:47:36 AM DesignAssistant$10 run
INFO: AGENT_EVENT 000000000000000000000000000000000000101010100010000000110011 0.1425728610830992 4044.6942548391557
Sep 19, 2017 12:47:36 AM DesignAssistant$10 run
INFO: AGENT_EVENT 000000000000000000000000000000000000000000101100001011100011 0.04256241454747144 5648.794786467818
Sep 19, 2017 12:47:36 AM DesignAssistant$10 run
INFO: AGENT_EVENT 000000000000000000000000000000000001000010011100011011000101 0.08479575731894382 6104.295127538061
Sep 19, 2017 12:47:36 AM DesignAssistant$10 run
INFO: AGENT_EVENT 000000000000000000000000000000000001010010111111100001010010 0.11045764231357286 5320.76650727573
Sep 19, 2017 12:47:36 AM DesignAssistant$10 run
INFO: AGENT_EVENT 000000000000000000000000000000000000100100110101100100000111 0.02646388793084513 4401.88395247828
Sep 19, 2017 12:47:36 AM DesignAssistant$10 run
INFO: AGENT_EVENT 000000000000000000000000000000000001011110101101110111000000 0.0783971819472308 8039.035146385768
Sep 19, 2017 12:47:36 AM DesignAssistant$10 run
INFO: AGENT_EVENT 000000000000000000000000000000000001100110111001110000011011 0.1178195608950629 5756.297655442744
Sep 19, 2017 12:47:36 AM DesignAssistant$10 run
INFO: AGENT_EVENT 000000000000000000000000000000000001101011101110110101110001 0.08492851729808547 8280.321278884558
Sep 19, 2017 12:47:36 AM DesignAssistant$10 run
INFO: AGENT_EVENT 000000000000000000000000000000000001111000000111101011110011 0.09816167314470067 7539.721034202043
Sep 19, 2017 12:47:36 AM DesignAssistant$10 run
INFO: AGENT_EVENT 000000000000000000000000000000000000101111100000011011011101 0.04084246456489585 8822.977103552274
Sep 19, 2017 12:47:41 AM DesignAssistant$10 run
INFO: AGENT_EVENT 000000000000000000000000000000000000100100110101100100000111 0.02646388793084513 4401.88395247828
Sep 19, 2017 12:47:41 AM DesignAssistant$10 run
INFO: AGENT_EVENT 000000000000000000000000000000000000110001100111000001110110 0.05265025260414764 5172.045738676695
Sep 19, 2017 12:47:41 AM DesignAssistant$10 run
INFO: AGENT_EVENT 000000000000000000000000000000000000101010100010000000110011 0.1425728610830992 4044.6942548391557
Sep 19, 2017 12:47:41 AM DesignAssistant$10 run
INFO: AGENT_EVENT 000000000000000000000000000000000000000000101100001011100011 0.04256241454747144 5648.794786467818
Sep 19, 2017 12:47:41 AM DesignAssistant$10 run
INFO: AGENT_EVENT 000000000000000000000000000000000001000010011100011011000101 0.08479575731894382 6104.295127538061
Sep 19, 2017 12:47:41 AM DesignAssistant$10 run
INFO: AGENT_EVENT 000000000000000000000000000000000001010010111111100001010010 0.11045764231357286 5320.76650727573
Sep 19, 2017 12:47:41 AM DesignAssistant$10 run
INFO: AGENT_EVENT 000000000000000000000000000000000000101010100111000001110110 0.05750662291012493 6024.237759021382
Sep 19, 2017 12:47:41 AM DesignAssistant$10 run
INFO: AGENT_EVENT 000000000000000000000000000000000000000000101100001011100011 0.04256241454747144 5648.794786467818
Sep 19, 2017 12:47:41 AM DesignAssistant$10 run
INFO: AGENT_EVENT 000000000000000000000000000000000001000010011100011011000101 0.08479575731894382 6104.295127538061
Sep 19, 2017 12:47:46 AM DesignAssistant$10 run
INFO: AGENT_EVENT 000000000000000000000000000000000000101010100111000001110110 0.05750662291012493 6024.237759021382
Sep 19, 2017 12:47:46 AM DesignAssistant$10 run
INFO: AGENT_EVENT 000000000000000000000000000000000000110001100111000001110110 0.05265025260414764 5172.045738676695
Sep 19, 2017 12:47:46 AM DesignAssistant$10 run
INFO: AGENT_EVENT 000000000000000000000000000000000000101010100010000000110011 0.1425728610830992 4044.6942548391557
Sep 19, 2017 12:47:46 AM DesignAssistant$10 run
INFO: AGENT_EVENT 000000000000000000000000000000000000000000101100001011100011 0.04256241454747144 5648.794786467818
Sep 19, 2017 12:47:46 AM DesignAssistant$10 run
INFO: AGENT_EVENT 000000000000000000000000000000000001000010011100011011000101 0.08479575731894382 6104.295127538061
Sep 19, 2017 12:47:46 AM DesignAssistant$10 run
INFO: AGENT_EVENT 000000000000000000000000000000000001010010111111100001010010 0.11045764231357286 5320.76650727573
Sep 19, 2017 12:47:46 AM DesignAssistant$10 run
INFO: AGENT_EVENT 000000000000000000000000000000000001000010011100011011000101 0.08479575731894382 6104.295127538061
Sep 19, 2017 12:47:46 AM DesignAssistant$10 run
INFO: AGENT_EVENT 000000000000000000000000000000000001010010111111100001010010 0.11045764231357286 5320.76650727573
Sep 19, 2017 12:47:46 AM DesignAssistant$10 run
INFO: AGENT_EVENT 000000000000000000001000000000000000000000101100001011100011 0.06206148732563882 6318.00615096645
Sep 19, 2017 12:47:50 AM DesignAssistant$10 run
INFO: AGENT_EVENT 000000000000000000000000000000000001000010011100011011000101 0.08479575731894382 6104.295127538061
Sep 19, 2017 12:47:50 AM DesignAssistant$10 run
INFO: AGENT_EVENT 000000000000000000000000000000000000110001100111000001110110 0.05265025260414764 5172.045738676695
Sep 19, 2017 12:47:50 AM DesignAssistant$10 run
INFO: AGENT_EVENT 000000000000000000000000000000000000101010100010000000110011 0.1425728610830992 4044.6942548391557
Sep 19, 2017 12:47:50 AM DesignAssistant$10 run
INFO: AGENT_EVENT 000000000000000000000000000000000000000000101100001011100011 0.04256241454747144 5648.794786467818
Sep 19, 2017 12:47:50 AM DesignAssistant$10 run
INFO: AGENT_EVENT 000000000000000000000000000000000001000010011100011011000101 0.08479575731894382 6104.295127538061
Sep 19, 2017 12:47:50 AM DesignAssistant$10 run
INFO: AGENT_EVENT 000000000000000000000000000000000001010010111111100001010010 0.11045764231357286 5320.76650727573
Sep 19, 2017 12:47:50 AM DesignAssistant$10 run
INFO: AGENT_EVENT 000000000000000000000000000000000000000000101100001011100011 0.04256241454747144 5648.794786467818
Sep 19, 2017 12:47:50 AM DesignAssistant$10 run
INFO: AGENT_EVENT 000000000000000000000000000000000001011010110111000001110110 0.1028249208123434 6461.980785138534
Sep 19, 2017 12:47:50 AM DesignAssistant$10 run
INFO: AGENT_EVENT 000000000000000000000000000000000001000010011100000000110011 0.1377544964293052 3076.180079528177
Sep 19, 2017 12:47:55 AM DesignAssistant$10 run
INFO: AGENT_EVENT 000000000000000000000000000000000000000000101100001011100011 0.04256241454747144 5648.794786467818
Sep 19, 2017 12:47:55 AM DesignAssistant$10 run
INFO: AGENT_EVENT 000000000000000000000000000000000000110001100111000001110110 0.05265025260414764 5172.045738676695
Sep 19, 2017 12:47:55 AM DesignAssistant$10 run
INFO: AGENT_EVENT 000000000000000000000000000000000000101010100010000000110011 0.1425728610830992 4044.6942548391557
Sep 19, 2017 12:47:55 AM DesignAssistant$10 run
INFO: AGENT_EVENT 000000000000000000000000000000000000000000101100001011100011 0.04256241454747144 5648.794786467818
Sep 19, 2017 12:47:55 AM DesignAssistant$10 run
INFO: AGENT_EVENT 000000000000000000000000000000000001000010011100011011000101 0.08479575731894382 6104.295127538061
Sep 19, 2017 12:47:55 AM DesignAssistant$10 run
INFO: AGENT_EVENT 000000000000000000000000000000000001010010111111100001010010 0.11045764231357286 5320.76650727573
Sep 19, 2017 12:47:55 AM DesignAssistant$10 run
INFO: AGENT_EVENT 000000000000000000000000000000000001010010110111000001110110 0.10270417306047061 5424.875130363822
Sep 19, 2017 12:47:55 AM DesignAssistant$10 run
INFO: AGENT_EVENT 000000000000000000000000000000000000000000101100001011000101 0.039684974975292886 5087.102823690639
Sep 19, 2017 12:47:55 AM DesignAssistant$10 run
INFO: AGENT_EVENT 000000000000000000000000000000000000100000101100001011100011 0.04230902762458643 5907.320700835668
Sep 19, 2017 12:48:01 AM DesignAssistant$10 run
INFO: AGENT_EVENT 000000000000000000000000000000000001010010110111000001110110 0.10270417306047061 5424.875130363822
Sep 19, 2017 12:48:01 AM DesignAssistant$10 run
INFO: AGENT_EVENT 000000000000000000000000000000000000110001100111000001110110 0.05265025260414764 5172.045738676695
Sep 19, 2017 12:48:01 AM DesignAssistant$10 run
INFO: AGENT_EVENT 000000000000000000000000000000000000101010100010000000110011 0.1425728610830992 4044.6942548391557
Sep 19, 2017 12:48:01 AM DesignAssistant$10 run
INFO: AGENT_EVENT 000000000000000000000000000000000000000000101100001011100011 0.04256241454747144 5648.794786467818
Sep 19, 2017 12:48:01 AM DesignAssistant$10 run
INFO: AGENT_EVENT 000000000000000000000000000000000001000010011100011011000101 0.08479575731894382 6104.295127538061
Sep 19, 2017 12:48:01 AM DesignAssistant$10 run
INFO: AGENT_EVENT 000000000000000000000000000000000001010010111111100001010010 0.11045764231357286 5320.76650727573
Sep 19, 2017 12:48:01 AM DesignAssistant$10 run
INFO: AGENT_EVENT 000000000000000000000000000000000001010010110111000001110111 0.10267462849657231 5829.705450042227
Sep 19, 2017 12:48:01 AM DesignAssistant$10 run
INFO: AGENT_EVENT 000000000000000000000000000000000000110001100111000001110011 0.06800770915304943 5404.465349319797
Sep 19, 2017 12:48:01 AM DesignAssistant$10 run
INFO: AGENT_EVENT 000000000000000000000000000000000000100000101100001011100011 0.04230902762458643 5907.320700835668
Sep 19, 2017 12:48:17 AM PointMouseAdapter mouseClicked
INFO: CLICK_EVENT 000000000000000000000000000000000000000000000000000000000000 0 0
Sep 19, 2017 12:48:18 AM PointMouseAdapter mouseClicked
INFO: CLICK_EVENT000000000000000000000000000000000001010010111111100001010010 0.11045764231357286 5320.76650727573
Sep 19, 2017 12:48:21 AM PointMouseAdapter mouseClicked
INFO: CLICK_EVENT 000000000000000000000000000000000000000000000000000000000000 0 0
