1510342190035,INFO,DEMO_TREATMENT,000000000000000000000000000000000000000000000000000000000000,N/A,N/A
1510342193906,INFO,CLICK_EVENT,000000000000000000000000000000000000000000000000000000000000,0,0
1510345026972,INFO,EXPLORE_EVENT,000000000000000000000000000000000000000000000000000001000000,0.0022939537500000005,683.3697556285204
1510345055158,INFO,EXPLORE_EVENT,000000000000000000000000000000000000000001000000000000000000,0.0022939537500000005,683.3697556285204
1510345064957,INFO,CLICK_EVENT,000000000000000000000000000000000000000001000000000000000000,0.0022939537500000005,683.3697556285204
1510345078598,INFO,EXPLORE_EVENT,000000000000000000000000000000000000000001000000000000100000,0.004326852583087927,1549.2194304995055
1510345110967,INFO,CLICK_EVENT,000000000000000000000000000000000000000001000000000000100000,0.004326852583087927,1549.2194304995055
1510345112930,INFO,CLICK_EVENT,000000000000000000000000000000000000000000000000000000000000,0,0
1510345141512,INFO,EXPLORE_EVENT,000000000000000000000000000010000000000001000000000000100000,0.03224045143308793,1807.9137074724201
1510345143130,INFO,EXPLORE_EVENT,000000000000000000000000000010000000000001000000000100100000,0.034090538541590894,2105.493338866465
1510345331585,INFO,EXPLORE_EVENT,000000000000000000000000000010000000000001000000000000100000,0.03224045143308793,1807.9137074724201
1510345332881,INFO,EXPLORE_EVENT,000000000000000000000000000000000000000001000000000000100000,0.004326852583087927,1549.2194304995055
1510345334116,INFO,EXPLORE_EVENT,000000000000000000000000000000000000000001000000000000000000,0.0022939537500000005,683.3697556285204
1510345335421,INFO,EXPLORE_EVENT,000000000000000000000000000000000000000000000000000000000000,0.0,0.0
1510345341693,INFO,CLICK_EVENT,000000000000000000000000000000000000000000000000000000000000,0,0
1510345343959,INFO,CLEAR_SCREEN,000000000000000000000000000000000000000000000000000000000000,N/A,N/A
1510345344653,INFO,CLICK_EVENT,000000000000000000000000000000000000000000000000000000000000,0,0
1510345353894,INFO,TREATMENT_2,000000000000000000000000000000000000000000000000000000000000,N/A,N/A
1510345432539,INFO,AGENT_EVENT,000100101001000011000000000000000000000000100001100001000010,0.12425550382368067,6472.969506534795
1510345433520,INFO,AGENT_EVENT,000000000000000000000001000010010011100000000000000000000000,0.05915062812500005,2688.5718325242997
1510345435622,INFO,AGENT_EVENT,111000100000110100100000000000100100001000000100000000010011,0.17752606532129656,7817.470794629851
1510345436748,INFO,AGENT_EVENT,000000000000001000001000000000000000010100100000001000000001,0.07364623437361328,4261.546349616534
1510345438184,INFO,AGENT_EVENT,000000001000000100100000001000000000100001000111000000001000,0.0822503357204678,5654.197042145209
1510345439406,INFO,AGENT_EVENT,000000000001000000000000100010000000000000000100000000010011,0.11736221821132464,2762.11612698675
1510345440538,INFO,AGENT_EVENT,010000000000000000000000000000000000000000100001100010000010,0.14078906686999615,2511.1024111536312
1510345441604,INFO,AGENT_EVENT,000000001000000000000100000000000000000000000000000001000000,0.07586693217223517,2135.83503736609
1510345442837,INFO,AGENT_EVENT,010000000000000000000000000000000000000000000100000000011011,0.10086691814834015,2117.3573744201917
1510345444709,INFO,AGENT_EVENT,011000100000010100100000000000100100001000000100000000100100,0.11174170214322576,6390.772286537743
1510345446673,INFO,AGENT_EVENT,011001000000010000100000000001000000000000000000101010011000,0.13145690501817242,6838.638823503332
1510345447534,INFO,AGENT_EVENT,010000000000000000000000000000000010000000000000000000010000,0.057066321249999996,683.539848470579
1510345448639,INFO,AGENT_EVENT,000000100001100000001000010000000000000000001100000000000000,0.10892254420928849,2827.3642672273136
1510345450297,INFO,AGENT_EVENT,111000100000110100100000000000100100001000000000000000000000,0.07287095036339486,6290.396917846809
1510345451338,INFO,AGENT_EVENT,000010000000001101000000000000000000000000000001000000000000,0.06310817618725284,3784.2784007271284
1510345452536,INFO,AGENT_EVENT,100000000001100000001000010000000000000000001100010000000000,0.10924863342821478,2904.5558660300185
1510345453468,INFO,AGENT_EVENT,010000000000000000001000010000000000000000001000000000000000,0.03153037013017779,1846.8618112476397
1510345454444,INFO,AGENT_EVENT,000000000000000000000000000110000100100010000000000001000000,0.054700316236222846,4372.168732657259
1510345455697,INFO,AGENT_EVENT,000100100000010000000010000000100011010100000000000000000000,0.11066359414119109,3913.1155157517746
1510345456990,INFO,AGENT_EVENT,000100101000000000000100000000000000000000000000000101000000,0.07403535511588955,4034.9316764734103
1510345457923,INFO,AGENT_EVENT,000000100001000000000000000000000010000000000000000000010000,0.12603264201249997,1123.2705908636158
1510345458914,INFO,AGENT_EVENT,000000000000000000000100000000000010000000000000000010010000,0.090545109706621,1370.4860110034926
1510345460119,INFO,AGENT_EVENT,000010000000000000000000000000100100001000000100000000100011,0.10327726810342452,3907.5917035548355
1510345461260,INFO,AGENT_EVENT,010000000000000000000000000000000000000100100001100010000010,0.07515780471206879,3683.211208882715
1510345462381,INFO,AGENT_EVENT,000000001000000000000000000000000000000000100001100000000010,0.11999094361450025,1703.2640204420568
1510345463437,INFO,AGENT_EVENT,010000000010000000000000000000000000000100100000001000000001,0.09018029384910498,2753.856696809842
1510345464224,INFO,AGENT_EVENT,000100000000000000000000000000000000000000001001000000000000,0.03698326217167136,1968.9111064856857
1510345465615,INFO,AGENT_EVENT,000001000100100010000000000100001011000010000000000000000000,0.08235559505529955,5407.77041499333
1510345467811,INFO,AGENT_EVENT,000011010100000100101000000000000010100000000000000000010011,0.1432550501613138,5395.278082921563
1510345469008,INFO,AGENT_EVENT,010000000000000000000000000000000000000010100001100010000000,0.1328272964513496,3793.408060241999
1510345470699,INFO,AGENT_EVENT,010000000001000000100000000001000000000000000000101010010000,0.1775592201054721,4478.340408128119
1510345471195,INFO,CLICK_EVENT,000100101001000011000000000000000000000000100001100001000010,0.12425550382368067,6472.969506534795
1510345472254,INFO,AGENT_EVENT,000000001000001000000000000000000000000000100001100000010011,0.16574776351555687,3282.4943073495306
1510345473211,INFO,AGENT_EVENT,010000000000000000001000010000010000000000001000000000000000,0.03153037013017779,1920.1448553046098
1510345474759,INFO,AGENT_EVENT,010000000001000000010000100010000000000000000100000000010011,0.14880113570937503,3101.377873328422
1510345476065,INFO,AGENT_EVENT,010000000000000000000000000000000000000010100001100010100000,0.1429598950180131,4368.171148767783
1510345477297,INFO,AGENT_EVENT,000100000001000000000000000010000000000000000000101010010000,0.07865964971676265,4382.635094801187
1510345478899,INFO,AGENT_EVENT,010000100001000100000000000000100100001000000100000000010011,0.17919029377996298,4787.250951844769
1510345479962,INFO,AGENT_EVENT,010000000000000000000000000000000000000010100001000010000000,0.12088668290934401,3014.836682128411
1510345480760,INFO,AGENT_EVENT,000000000000000010000000000000000000000000000100000000000001,0.05757812812499996,1441.2440663034834
1510345482298,INFO,AGENT_EVENT,010000100000110100100000000000100100001000000000000000010000,0.10286181255491089,4607.023617612518
1510345483281,INFO,AGENT_EVENT,000000110001000000000000000010000000000000000000000000000000,0.10826958263749997,1399.6903100482118
1510345484212,INFO,CLICK_EVENT,011001000000010000100000000001000000000000000000101010011000,0.13145690501817242,6838.638823503332
1510345484415,INFO,AGENT_EVENT,000100100000010000000010000000100000000000000000000100000000,0.06192613174184103,3158.265286468362
1510345485504,INFO,AGENT_EVENT,000000001000000000001000010000000000100000001100000000000000,0.02224986552300856,2754.6031484745436
1510345487565,INFO,AGENT_EVENT,000000100001011001000001011100000000000000000111000000001001,0.1531378321707736,7995.254802228523
1510345488460,INFO,CLICK_EVENT,000100101001000011000000000000000000000000100001100001000010,0.12425550382368067,6472.969506534795
1510345489265,INFO,AGENT_EVENT,000000001000001000000100000000000000000000100001100000010011,0.19906985515980047,4110.51698462451
1510345490434,INFO,AGENT_EVENT,010000000000000000000000000000000000000000100001100000100010,0.14933228932187503,1621.3604093457698
1510345491647,INFO,AGENT_EVENT,000000000000000000000100000000000010000000000000000010000100,0.0600647305928389,2042.7088373693787
1510345493372,INFO,CLICK_EVENT,011001000000010000100000000001000000000000000000101010011000,0.13145690501817242,6838.638823503332
1510345493635,INFO,AGENT_EVENT,000000001000001000000100000000000000000000100001100000011011,0.17677476075311915,4532.1977501594365
1510345494899,INFO,AGENT_EVENT,000000001000001000000000000100000000000000100001001000000001,0.0921925407551778,3765.4639709637477
1510345496249,INFO,AGENT_EVENT,010000000010000000000000000000010011000001100000001000000000,0.11289048737342755,3312.4149833109773
1510345497638,INFO,AGENT_EVENT,010000000001000000100000000001000000000000001000101010010000,0.1775592201054721,5119.434573825899
1510345497716,INFO,CLICK_EVENT,000000100001011001000001011100000000000000000111000000001001,0.1531378321707736,7995.254802228523
1510345499242,INFO,AGENT_EVENT,010000000001000000010000100010000000000000000100000000110011,0.16906243329687498,3427.1985292253885
1510345500540,INFO,AGENT_EVENT,100000000000000000000100000000000010000000000000000010000100,0.07452682809283895,2301.932863980574
1510345501333,INFO,CLICK_EVENT,111000100000110100100000000000100100001000000100000000010011,0.17752606532129656,7817.470794629851
1510345501931,INFO,AGENT_EVENT,010000001000000000000000000000000000000000100001100010000010,0.13654689179971868,3228.9179884833047
1510345503646,INFO,AGENT_EVENT,000000001000001000000000000000000000000000100001000000011011,0.1414796351015266,3434.350267508833
1510345504375,INFO,AGENT_EVENT,010000000000000000000000000100000000000000000000000000000000,0.025446749999999962,1129.4710177388026
1510345504981,INFO,CLICK_EVENT,000011010100000100101000000000000010100000000000000000010011,0.1432550501613138,5395.278082921563
1510345505688,INFO,AGENT_EVENT,000000000000000010000000000000000000000000100001100011000010,0.13321587751721353,3576.851737341148
1510345506931,INFO,AGENT_EVENT,010000000000001000000000000000000000000000000100000000010011,0.13424674383437507,1928.6003276528859
1510345506997,INFO,CLICK_EVENT,010000000000000000000000000000000000000010100001100010100000,0.1429598950180131,4368.171148767783
1510345508095,INFO,AGENT_EVENT,000000000000000100000000000000100100000000000100000000010011,0.11972888462458364,2881.334492408403
1510345509194,INFO,AGENT_EVENT,000000000000000000000000000000000000100000100001100010000010,0.11629219533451418,2399.567869550984
1510345509493,INFO,CLICK_EVENT,010000000001000000100000000001000000000000001000101010010000,0.1775592201054721,5119.434573825899
1510345510401,INFO,AGENT_EVENT,000000000000000000000000000000000000000000000001010000010000,0.11799639822499997,688.7820089497111
1510345511671,INFO,AGENT_EVENT,000000001000001000000000000000000000000000100101100010000010,0.07802058711585458,4403.16269979192
1510345511685,INFO,CLICK_EVENT,010000100001000100000000000000100100001000000100000000010011,0.17919029377996298,4787.250951844769
1510345513141,INFO,AGENT_EVENT,111000100000110100000000000000100100001000010000000000000000,0.06984369032176607,5727.419278594838
1510345514444,INFO,AGENT_EVENT,010000000000001100000000000000000000000000000100000000110011,0.15715637392981807,3505.6675496005687
1510345514798,INFO,CLICK_EVENT,000000001000001000000100000000000000000000100001100000011011,0.17677476075311915,4532.1977501594365
1510345515928,INFO,AGENT_EVENT,000000001000001000000000000000100100001000000110000000010011,0.12982396933262064,4656.285481652263
1510345517087,INFO,AGENT_EVENT,000000000000100000000100000000000000000000100100000000000001,0.10570550319179439,2131.360389780165
1510345518377,INFO,AGENT_EVENT,010000000000000000000000000000000000000010100100000000010011,0.1472836889817889,2722.301797340381
1510345518789,INFO,CLICK_EVENT,000000001000001000000100000000000000000000100001100000011011,0.17677476075311915,4532.1977501594365
1510345519298,INFO,AGENT_EVENT,000000001000000000000100000000000010000000000000000000000000,0.05300593338679871,1367.9030060391337
1510345520451,INFO,AGENT_EVENT,010000000010000000000000000000000000000000000001010000010000,0.12053297375000005,1134.3696239988476
1510345521101,INFO,CLICK_EVENT,000000001000001000000100000000000000000000100001100000011011,0.17677476075311915,4532.1977501594365
1510345521684,INFO,AGENT_EVENT,010000000000000000000000000000000000000000100001100001000010,0.1263330143907413,2427.2481087780548
1510345522629,INFO,CLICK_EVENT,000000001000001000000100000000000000000000100001100000010011,0.19906985515980044,4110.51698462451
1510345522966,INFO,AGENT_EVENT,010000000000000000000000010000000000000000100001100001000010,0.1263330143907413,2695.099378769062
1510345524152,INFO,AGENT_EVENT,100000000000000010000000000000000000000000100001100000000010,0.112887944496875,1923.2816709238996
1510345524414,INFO,CLICK_EVENT,000000001000001000000100000000000000000000100001100000010011,0.19906985515980044,4110.51698462451
1510345525179,INFO,AGENT_EVENT,000000000000000000000000000000000000000000100001000010000010,0.11042907219687503,1399.288158306114
1510345526488,INFO,AGENT_EVENT,010000000010000000000000000000000000000000000001010010010000,0.1267791046503035,2316.914053560591
1510345527606,INFO,AGENT_EVENT,010000000000000000000000000000000000000000000001010000110000,0.14320815196250003,1273.7690830171719
1510345529041,INFO,AGENT_EVENT,110000000010000000000000000000000000000000000001010000100010,0.1591746345912608,2162.2957303350786
1510345530950,INFO,CLICK_EVENT,010000000001000000100000000001000000000000001000101010010000,0.1775592201054721,5119.434573825899
1510345531283,INFO,AGENT_EVENT,010000001000001000000100000000000000000000100101100000011011,0.13629236139541212,5657.69115362206
1510345532186,INFO,AGENT_EVENT,000000001000000000000000000000000010000000000000000000010000,0.03695587535703593,1083.790628078038
1510345533866,INFO,AGENT_EVENT,010000000001000000010000100010000000100000000100000000110011,0.16906243329687498,3706.6370387756388
1510345534622,INFO,CLICK_EVENT,000000001000001000000100000000000000000000100001100000010011,0.19906985515980044,4110.51698462451
1510345535256,INFO,AGENT_EVENT,100000000000000010000000000001000000000000000000101010010000,0.1167823772793315,4299.459111653764
1510345536771,INFO,AGENT_EVENT,110000000010000000000000000000000000001000100001100000100010,0.15600079432060676,3042.145500810757
1510345538676,INFO,AGENT_EVENT,010000100001000100100000000000000000001000100001100000100010,0.17551569274163625,4230.452267733448
1510345540046,INFO,CLICK_EVENT,010000000001000000010000100010000000100000000100000000110011,0.16906243329687498,3706.6370387756388
1510345540232,INFO,AGENT_EVENT,110000000010000000000000000000000000001000000100000000011011,0.12408634587960976,3983.9077435692075
1510345541915,INFO,AGENT_EVENT,010000000001000000010000100010000000000001000001010000100010,0.16513812412126216,4272.000466232423
1510345543039,INFO,CLICK_EVENT,010000000001000000010000100010000000000000000100000000110011,0.16906243329687498,3427.1985292253885
1510345543205,INFO,AGENT_EVENT,010000000010000000000000000000000000000000000011010010010000,0.1267791046503035,2423.199038896115
1510345544212,INFO,AGENT_EVENT,000000110001000000000000000010000000100000000000000000000000,0.10826958263749997,1650.48980155699
1510345545095,INFO,CLICK_EVENT,010000000001000000010000100010000000100000000100000000110011,0.16906243329687498,3706.6370387756388
1510345545899,INFO,AGENT_EVENT,010000100001000100000000000000100000010000100001100000000010,0.15991199935496292,3330.2199737568617
1510345546987,INFO,AGENT_EVENT,000000000001000001000000000010000000000000000000000000000010,0.10131128105030573,2210.8887111321783
1510345548395,INFO,AGENT_EVENT,110000000010000000000000000000000000000000000001010000010100,0.14048615596083613,2316.8103383178304
1510345549039,INFO,CLICK_EVENT,010000000001000000010000100010000000000000000100000000110011,0.16906243329687498,3427.1985292253885
1510345549208,INFO,AGENT_EVENT,000000000000000000100000000000000000000000000000000000010000,0.05321386701249997,595.9295212967081
1510345550888,INFO,AGENT_EVENT,010000100001000100000000000000100100001000010100000000010011,0.17919029377996298,4893.5243148465315
1510345551135,INFO,CLICK_EVENT,000000000000000000000000000000000000000000000000000000000000,0,0
1510345552071,INFO,AGENT_EVENT,010000000001000000110010000000000000000000010000000000000000,0.12212960138749995,1398.9464936762852
1510345553031,INFO,CLICK_EVENT,010000000001000000010000100010000000100000000100000000110011,0.16906243329687498,3706.6370387756388
1510345553403,INFO,AGENT_EVENT,010000000000000000000000001000000000000000100001100000100010,0.150609256909375,2299.3807005404697
1510345554227,INFO,CLICK_EVENT,010000000001000000010000100010000000000000000100000000110011,0.16906243329687498,3427.1985292253885
1510345555445,INFO,AGENT_EVENT,010000001001000000010000100010000000000001000001010000110000,0.13899093403276364,5162.012368749229
1510345555567,INFO,CLICK_EVENT,010000000001000000010000100010000000100000000100000000110011,0.16906243329687498,3706.6370387756388
1510345556378,INFO,AGENT_EVENT,010000000000000000000000000000000000000000000001000000010000,0.11464444937500007,804.4429394027391
1510345558038,INFO,AGENT_EVENT,110000000010000000000010000000000000000000000001010000100010,0.1805743799037609,2416.015977183341
1510345559973,INFO,AGENT_EVENT,000000100001000000001000000000000000000010100100000000010011,0.17359038217495593,3735.695306548707
1510345560839,INFO,CLICK_EVENT,010000000001000000010000100010000000000000000100000000110011,0.16906243329687498,3427.1985292253885
1510345561356,INFO,AGENT_EVENT,000000000000000000000100100000000000001000100001100000100010,0.16820064032421567,2646.548118941936
1510345562889,INFO,AGENT_EVENT,000000000001000000010000101010000000000000000100000000010011,0.12524097982907345,3990.0461401135826
1510345563903,INFO,CLICK_EVENT,000000000000000000000100100000000000001000100001100000100010,0.16820064032421567,2646.548118941936
1510345564231,INFO,AGENT_EVENT,010000001000000000000000000000000000000000000001010010000010,0.1061145798366766,2943.7586568469887
1510345565524,INFO,AGENT_EVENT,000000000000010000000000100000000000001000100001100000100010,0.14984460565937496,2466.844766636568
1510345566938,INFO,AGENT_EVENT,010000000001000100000000000000100100001000010100000000000011,0.12398797049646504,4470.172209452409
1510345567672,INFO,CLICK_EVENT,000011010100000100101000000000000010100000000000000000010011,0.1432550501613138,5395.278082921563
1510345567742,INFO,AGENT_EVENT,010000000000000000000000000000000000000010000000000000000000,0.042400431350000045,866.7704659820408
1510345569172,INFO,AGENT_EVENT,000000000000000000000100100000010000001000100001100000100010,0.16820064032421567,2719.5599321265718
1510345570001,INFO,AGENT_EVENT,010000000000000000000000000010000000000000000000100000000000,0.04080005134999998,1143.7043958209051
1510345570616,INFO,CLICK_EVENT,010000001000001000000100000000000000000000100101100000011011,0.13629236139541212,5657.69115362206
1510345571689,INFO,AGENT_EVENT,000000100001000000001000000000000000000010100100000100010011,0.13955111472013626,4746.323806812781
1510345572573,INFO,AGENT_EVENT,000000000000000000000000000000000000000000000001010000000000,0.08702102947500001,629.9078200975389
1510345573216,INFO,CLICK_EVENT,000000001000001000000100000000000000000000100001100000010011,0.19906985515980044,4110.51698462451
1510345573603,INFO,AGENT_EVENT,000000000000000000000000000000000000100000000001010000100010,0.12859851027187497,1201.2468297288592
1510345574622,INFO,AGENT_EVENT,000000000000000010000000000000000000000000000001010000000010,0.108307390659375,1370.8277824327915
1510345575700,INFO,AGENT_EVENT,000000001000000000000000000000000010000000010000000000100010,0.047447055489500234,1619.3975256539416
1510345577333,INFO,AGENT_EVENT,110000000010000000001000000000000000000000000001010000100010,0.173880992539318,2831.5070948337097
1510345577808,INFO,CLICK_EVENT,010000100001000100100000000000000000001000100001100000100010,0.17551569274163625,4230.452267733448
1510345578805,INFO,AGENT_EVENT,110000010010000000001000000000000000000000000000000000010000,0.08640539376614076,2078.883014371445
1510345580264,INFO,CLICK_EVENT,000000001000001000000100000000000000000000100001100000011011,0.17677476075311915,4532.1977501594365
1510345580311,INFO,AGENT_EVENT,110000100010000000110010000000000000000000010000000000000000,0.10274459027325533,2624.3222472855177
1510345581835,INFO,AGENT_EVENT,010000000001100000110010000000000000000000000000000010010000,0.18769015201250006,2070.9214079244775
1510345582176,INFO,CLICK_EVENT,010000000001000000100000000001000000000000000000101010010000,0.1775592201054721,4478.340408128119
1510345583088,INFO,AGENT_EVENT,000000000000000000000000000000000000001000100001100100100010,0.1012622797265248,3096.4739696853103
1510345584126,INFO,AGENT_EVENT,010000000000000000000000000000000000000000000001010000000010,0.10732326383437496,1009.5278051237351
1510345584923,INFO,AGENT_EVENT,010000000000000000000000100000000000000010000000000000000000,0.042400431350000045,1125.2758384781223
1510345585555,INFO,CLICK_EVENT,000000001000001000000100000000000000000000100001100000011011,0.17677476075311915,4532.1977501594365
1510345586391,INFO,AGENT_EVENT,110000000010000000000010000000000000000000000001010000010000,0.1578763336506359,2045.0133735284664
1510345587298,INFO,CLICK_EVENT,000000001000001000000100000000000000000000100001100000010011,0.19906985515980044,4110.51698462451
1510345587647,INFO,AGENT_EVENT,010000000000000000000000000000000000000000000001010000000011,0.10764876941394641,1804.7451577862576
1510345588831,INFO,AGENT_EVENT,110000000010000000000000000000000000100000000001010000100000,0.13230032705525696,2190.2264643216204
1510345590425,INFO,CLICK_EVENT,110000000010000000000000000000000000100000000001010000100000,0.13230032705525696,2190.2264643216204
1510345590559,INFO,AGENT_EVENT,000000100101000000001000000000000000000000000001010000100010,0.17789668336790565,3222.526180418447
1510345591649,INFO,AGENT_EVENT,000000000000000000001000000000000000000000000001010000010000,0.12497619412978589,1357.993373448342
1510345593257,INFO,CLICK_EVENT,000000000000000000000000000000000000000000000000000000000000,0,0
1510345593490,INFO,AGENT_EVENT,110000010010000000000010000000000000000000000001100000100010,0.18526617257682765,2549.875023238015
1510345593849,INFO,CLICK_EVENT,010000000000001000000000000000000000000000000100000000010011,0.13424674383437507,1928.6003276528859
1510345594755,INFO,AGENT_EVENT,000000000000000000000100100000000000001000100001100000100000,0.1498666596148407,2533.47858789809
1510345596035,INFO,AGENT_EVENT,010001000000000000000000000000000000000000000001010000100010,0.14830699235837574,2396.7844706822443
1510345596937,INFO,CLICK_EVENT,000000000000000000000100000000000010000000000000000010010000,0.090545109706621,1370.4860110034926
1510345597396,INFO,AGENT_EVENT,000000000000000000001000000000000000000000000001010000110010,0.1770975990101653,1808.2307975978806
1510345598886,INFO,AGENT_EVENT,110000001010000000000000000000000000000000000001010000000010,0.12967469350931726,2331.7680049811456
1510345600162,INFO,AGENT_EVENT,010000001000000000000000000000000000000000000001010000010000,0.12606289165998086,1675.3025973396066
1510345600521,INFO,CLICK_EVENT,010000000000000000000000000000000000000000000001010000000010,0.10732326383437496,1009.5278051237351
1510345602229,INFO,AGENT_EVENT,010000000001000010110010000000000000000000000001010000110010,0.20534039178750008,2873.209838633005
1510345603227,INFO,AGENT_EVENT,000000001000000000000100000000000000000000000000000000000000,0.05300593338679871,1117.6197278642212
1510345604058,INFO,CLICK_EVENT,010000000000000000000000000100000000000000000000000000000000,0.025446749999999962,1129.4710177388026
1510345604931,INFO,AGENT_EVENT,010001000001100000110010000000000000000000000001000000000000,0.14854893867465835,3027.8642538020877
1510345606256,INFO,AGENT_EVENT,010001000000000000000000000000000000100000000001010000100010,0.14830699235837574,2538.246687806518
1510345606890,INFO,CLICK_EVENT,010000000000000000001000010000010000000000001000000000000000,0.03153037013017779,1920.1448553046098
1510345607131,INFO,AGENT_EVENT,000000000001000000000000000010100000000000000000000000000000,0.08243114883750002,1346.2187309361095
1510345608042,INFO,CLICK_EVENT,000100000000000000000000000000000000000000001001000000000000,0.03698326217167136,1968.9111064856857
1510345608086,INFO,AGENT_EVENT,010000000000000000000000000010000000000000000000000000000100,0.06974239512219138,1332.8787278504142
1510345609070,INFO,AGENT_EVENT,000000001000000000100000000000000000000000000000000000010000,0.060193662917285895,1265.4435326290077
1510345609834,INFO,CLICK_EVENT,010000000010000000000000000000000000000100100000001000000001,0.09018029384910498,2753.856696809842
1510345610519,INFO,AGENT_EVENT,010000000000000000000000000000000000000000101001100000000010,0.09955518090917237,2314.890606865414
1510345611106,INFO,CLICK_EVENT,000000000000000000000000000000000000001000100001100100100010,0.1012622797265248,3096.4739696853103
1510345611394,INFO,AGENT_EVENT,000000000100000000000000000000000000000000000001000000000000,0.09976598377340129,819.6219064902141
1510345612169,INFO,AGENT_EVENT,000000000000000000000000000000000000000000000100000000010000,0.029976079452250004,604.3370210416016
1510345612905,INFO,AGENT_EVENT,000000000000000010000000010000000000000000000000000000000000,0.0,897.8562583602854
1510345613868,INFO,AGENT_EVENT,010000000010000000000000000000000100000000000001000000000000,0.08359320000000003,1264.4765763833134
1510345614194,INFO,CLICK_EVENT,010000000000000000000000000000000000000010100001000010000000,0.12088668290934401,3014.836682128411
1510345615045,INFO,AGENT_EVENT,010000000001100000000001000000000010000000000000000000010000,0.13501884625000005,1479.6586706625421
1510345616534,INFO,AGENT_EVENT,110000010010000000000000000000000000000000000001010000000010,0.14665238994233798,1986.1984585318326
1510345616890,INFO,CLICK_EVENT,010000000001000000010000100010000000000000000100000000110011,0.16906243329687498,3427.1985292253885
1510345618088,INFO,AGENT_EVENT,010000000000000000000000000001000000000000100001100000010011,0.20027824004078654,3200.94609064038
1510345619218,INFO,CLICK_EVENT,010000100001000100100000000000000000001000100001100000100010,0.17551569274163625,4230.452267733448
1510345620441,INFO,AGENT_EVENT,010000000001100000100100000000000000000000100001100000110011,0.22154867812966406,4215.656679990012
1510345621748,INFO,AGENT_EVENT,110000000010000000000000000000000010000000000000000000011000,0.09891387457118472,2112.9830404679406
1510345622614,INFO,AGENT_EVENT,000000000000000000000000000000000000000000000100000000110000,0.05321386701249997,912.1681959692
1510345623979,INFO,CLICK_EVENT,000000001000001000000100000000000000000000100001100000011011,0.17677476075311915,4532.1977501594365
1510345624009,INFO,AGENT_EVENT,010000000001000000001000000000000000000000000001010000000010,0.1329680549230572,1918.5495602072122
1510345625730,INFO,AGENT_EVENT,010000000001100000110010000000000000000000100000000010010000,0.1882179930875001,2446.0126463645875
1510345626026,INFO,CLICK_EVENT,010000100001000100000000000000100100001000000100000000010011,0.17919029377996298,4787.250951844769
1510345627252,INFO,AGENT_EVENT,100000000000000000000100100000000000001000100001100000100010,0.16820064032421567,2905.772145553131
1510345628323,INFO,CLICK_EVENT,010000100001000100000000000000100100001000010100000000010011,0.17919029377996298,4893.5243148465315
1510345628353,INFO,AGENT_EVENT,000000000001000000000000000000000000000000000001010000010000,0.1249684701,1025.3420905473627
1510345629190,INFO,AGENT_EVENT,010000000000000000000000000000000000000000000001000000000000,0.08302487812500003,639.918554184846
1510345629604,INFO,CLICK_EVENT,000000001000001000000100000000000000000000100001100000010011,0.19906985515980044,4110.51698462451
1510345630308,INFO,AGENT_EVENT,110000000010000000000000000000000000000000000001010000000000,0.10905682696775698,1732.4189378280319
1510345631131,INFO,CLICK_EVENT,010000000001100000100100000000000000000000100001100000110011,0.22154867812966406,4215.656679990012
1510345631433,INFO,AGENT_EVENT,000000000100000000000000000000000000000000000001010000010000,0.153712588151669,1137.190372315301
1510345632461,INFO,AGENT_EVENT,000000000001000000000000000000000000000000000001000000010000,0.09452627945225,872.0696101267704
1510345634024,INFO,AGENT_EVENT,011000000001100000001000000000000000000000000001010000100010,0.15792894903222132,4058.65182642538
1510345635009,INFO,AGENT_EVENT,000000000000000001000100000000000000000000000000000000000000,0.03153689714319352,1271.3188497827541
1510345637006,INFO,AGENT_EVENT,010000000001000110110010000000000000000000000001010000010000,0.13840951205563257,4210.727396303445
1510345638573,INFO,AGENT_EVENT,010000000001100000110010000000000000000010000000000010000010,0.21517738758750005,2723.390822200681
1510345640146,INFO,AGENT_EVENT,110000000010000100000000000000000000000000000001010000110010,0.19218290217434886,3107.3802257007274
1510345641059,INFO,AGENT_EVENT,000000000100000000000000000000000000100000000000000000010000,0.08066016914966001,863.625034386993
1510345642266,INFO,AGENT_EVENT,010000000000000000000100001000000000000000100000000010010000,0.13278990263488866,2479.5442588180613
1510345643132,INFO,CLICK_EVENT,010000000001100000110010000000000000000010000000000010000010,0.21517738758750005,2723.390822200681
1510345643318,INFO,AGENT_EVENT,000000000000000000000000000000000000000010000001010000010000,0.12847383787762734,1899.597214817767
1510345644205,INFO,AGENT_EVENT,010000000000000000000000000000000010000000000000000100010000,0.03733698157209819,1432.5084514757757
1510345645386,INFO,AGENT_EVENT,000000000000100000001000000000000000000000000001010000010000,0.13083641129905765,1656.0404629197164
1510345646840,INFO,AGENT_EVENT,110000001010000000000000000000000000000000100000000010010000,0.09426891416043082,2675.3558041151823
1510345648307,INFO,CLICK_EVENT,000000000000000000001000000000000000000000000001010000110010,0.1770975990101653,1808.2307975978806
1510345648802,INFO,AGENT_EVENT,000000100001000000110000000000000000000000000001010000110010,0.18433260004687502,2279.2354310716855
1510345650196,INFO,CLICK_EVENT,010000000001100000110010000000000000000000000000000010010000,0.18769015201250006,2070.9214079244775
1510345650538,INFO,AGENT_EVENT,010000000101000000001000000100000000000000000001010000100010,0.17349701410844087,3809.996992762195
1510345651301,INFO,AGENT_EVENT,000000000000000001000000000000000000000000000000000000000000,0.030751654416775187,1009.3045466820167
1510345652436,INFO,CLICK_EVENT,000000000100000000000000000000000000000000000001010000010000,0.153712588151669,1137.190372315301
1510345652601,INFO,AGENT_EVENT,000000000100000000000000000000000000000000000001010001010000,0.13445565117746328,2241.0319189252787
1510345653620,INFO,CLICK_EVENT,010000000000000000000000000000000000000000000001010000110000,0.14320815196250003,1273.7690830171719
1510345653794,INFO,AGENT_EVENT,000000000001000000000000000100000000000000000001010000010000,0.1249684701,1886.1080972259435
1510345654956,INFO,AGENT_EVENT,000000000000000000001000000000000000000000000001001000010000,0.10071843098203592,1782.7999413627804
1510345655285,INFO,CLICK_EVENT,010000000001100000110010000000000000000010000000000010000010,0.21517738758750005,2723.390822200681
1510345656630,INFO,AGENT_EVENT,110000000001100000110010000000000010000000000000000000010000,0.1560067877934358,2569.850674776237
1510345656972,INFO,CLICK_EVENT,110000000010000100000000000000000000000000000001010000110010,0.19218290217434886,3107.3802257007274
1510345657775,INFO,AGENT_EVENT,000000000000000000100000000000000000000000000001010000000011,0.12283123000034901,1967.5965068599667
1510345659794,INFO,AGENT_EVENT,000010000100000000110010000000000000000000000001010000110010,0.2229955427108351,3193.7673141973914
1510345660068,INFO,CLICK_EVENT,010000000001100000100100000000000000000000100001100000110011,0.22154867812966406,4215.656679990012
1510345661201,INFO,AGENT_EVENT,000000000000000000001000000000000000000000000101010000110010,0.14171767931619916,2351.3875889673527
1510345661276,INFO,CLICK_EVENT,000010000100000000110010000000000000000000000001010000110010,0.2229955427108351,3193.767314197391
1510345662480,INFO,AGENT_EVENT,010000000000000000000010000000010000000000000001100000100010,0.17774657383750003,1740.243217351156
1510345663944,INFO,AGENT_EVENT,110000000010000000000010010000000000000000000001010000000000,0.12690096490063585,2253.990454667301
1510345665086,INFO,AGENT_EVENT,000000000001000000000000001000000000000000000001010000010000,0.12573312135000003,1703.3623817420623
1510345666135,INFO,AGENT_EVENT,010000000001000010000000000000000000000000000001000000000000,0.09603827635000006,1509.7339331389703
1510345667155,INFO,AGENT_EVENT,010000000010000000000000000000000000100000000100000000010000,0.057634643124999996,1329.295155470908
1510345669437,INFO,AGENT_EVENT,010010000001100000110010000000000000000000000001010000110010,0.22471039015347793,3903.55104871861
1510345669565,INFO,CLICK_EVENT,010000000001100000100100000000000000000000100001100000110011,0.22154867812966406,4215.656679990012
1510345671214,INFO,AGENT_EVENT,010000000001000010110000000000000000000000100001100000100010,0.17421277758437503,2847.8167958904796
1510345672274,INFO,AGENT_EVENT,010001000000000000000000000000000010000000000000000000010000,0.07492937032116853,1751.5791216570658
1510345674053,INFO,AGENT_EVENT,010000000001100100001000000000000000000000000001010000110010,0.18103386949195788,3305.925462956261
1510345675347,INFO,AGENT_EVENT,000100000000000000110010000000000000000000000000000010010000,0.07881339788762043,2234.41143347279
1510345676938,INFO,AGENT_EVENT,010000000001100000110010000000000000000000100000000010000010,0.21127672683749998,2500.4166057189723
1510345677677,INFO,CLICK_EVENT,000010000100000000110010000000000000000000000001010000110010,0.2229955427108351,3193.767314197391
1510345678299,INFO,AGENT_EVENT,010000000000000000000000001000000000000000100001100100100010,0.12382355780152488,3456.220287145515
1510345680355,INFO,AGENT_EVENT,010000000000000000110010000000000000000000000001010000110110,0.20206019253335517,2880.830884760611
1510345682700,INFO,AGENT_EVENT,010000000001100000100100000000000000001000100001100000110011,0.22246381465078557,4803.5747529070195
1510345684647,INFO,AGENT_EVENT,110000000001100000110010000000000000000000000001010000100010,0.20395667096555326,3148.6265966898554
1510345685936,INFO,AGENT_EVENT,010000000000000000110000000000000000001000000001010000000010,0.140002690709375,2081.979463377942
1510345686895,INFO,AGENT_EVENT,000000000000000011000000000000000000000000000000000000000010,0.04238184834695635,2208.698017840167
1510345687950,INFO,AGENT_EVENT,010000000000000000000000000000000000000000000001100000100010,0.14731665892187507,1319.4841229816548
1510345689707,INFO,AGENT_EVENT,000010000100001000110010000000000000000000100001100000000010,0.19395244744436568,3702.7274187193616
1510345690611,INFO,AGENT_EVENT,111000000000000000000000000000000000000000000001000000000000,0.09581480440831247,2243.0323634284055
1510345692094,INFO,CLICK_EVENT,000000001000000000000100000000000010000000000000000000000000,0.05300593338679871,1367.9030060391337
1510345692256,INFO,AGENT_EVENT,000000000100000000110010000000000000000010000000100010000010,0.16471716496544042,3312.548778030895
1510345693310,INFO,CLICK_EVENT,000000001000000000000100000000000010000000000000000000000000,0.05300593338679871,1367.9030060391337
1510345693744,INFO,AGENT_EVENT,010000000001000010000010000000000000000000010001100000100010,0.19075997206249995,2440.257665523275
1510345694833,INFO,AGENT_EVENT,000000100001000000000000000010000010000000000000000000010000,0.12701676883750002,1674.2782977624147
1510345695014,INFO,CLICK_EVENT,000000000001000000000000100010000000000000000100000000010011,0.11736221821132464,2762.11612698675
1510345696214,INFO,CLICK_EVENT,000000100001011001000001011100000000000000000111000000001001,0.1531378321707736,7995.254802228523
1510345696302,INFO,AGENT_EVENT,000000000100000000000100000000000000000000000000000010010000,0.10051024068664938,1568.6110961941702
1510345697168,INFO,AGENT_EVENT,000000000001000000000000000000000000100000000000000000010000,0.09138127945225005,781.2899028017803
1510345699222,INFO,CLICK_EVENT,111000100000110100100000000000100100001000000100000000010011,0.17752606532129656,7817.470794629851
1510345699427,INFO,AGENT_EVENT,010000000001100000110010000100000000000000000001010000110010,0.22805469178750004,3332.559253316808
1510345700258,INFO,AGENT_EVENT,010000000000000000000000000000000000100000000000000000010000,0.057066321249999996,683.9114869230309
1510345701217,INFO,AGENT_EVENT,010000000000000000000100000000000000000000000001000000000000,0.11670587389310827,1088.326917550436
1510345702582,INFO,CLICK_EVENT,010000000001100000110010000000000000000010000000000010000010,0.21517738758750005,2723.390822200681
1510345702862,INFO,AGENT_EVENT,010000000000000000110010000000000010000000000000000000010010,0.12991477071250002,1486.938719545923
1510345704245,INFO,AGENT_EVENT,000000000001000000000000000000000000000001000001010000110000,0.16190764731188712,2429.270001100995
1510345704255,INFO,CLICK_EVENT,010000000001100000110010000100000000000000000001010000110010,0.22805469178750004,3332.5592533168074
1510345705605,INFO,AGENT_EVENT,010000000000000000110010010000000000000000000000000010010000,0.09724312451250006,1905.1180396530344
1510345706988,INFO,AGENT_EVENT,000000000000000000001000000010000000000000000001010000110010,0.18004997948516532,2432.4108731157926
1510345708883,INFO,AGENT_EVENT,010000000001100000110010000000000000000000100000000010010010,0.2328630424625,2559.564280180147
1510345710310,INFO,CLICK_EVENT,010000000001100000110010000000000000000000100000000010010010,0.2328630424625,2559.564280180147
1510345710618,INFO,AGENT_EVENT,000000100001000000110000000000000000000000000001011000100010,0.15298848693499145,3775.4187061733865
1510345711822,INFO,AGENT_EVENT,000000000100000010000000000000000000000000000001100000100010,0.16989561697027633,2129.1924636563012
1510345713340,INFO,AGENT_EVENT,010000010000000000000010000000010000000000000001010000100010,0.17420898821249997,1822.9252626384473
1510345714289,INFO,AGENT_EVENT,000000100001000000000000000000000000110000000000000000010000,0.12603264201249997,1284.4765224880352
1510345715214,INFO,AGENT_EVENT,010000000000000000010000000000000000000000000001000000000000,0.09589726317500002,807.4499988626906
1510345716453,INFO,AGENT_EVENT,010000000001110000100000000000000000000000000000000000010000,0.1674347220125001,1486.6453471036286
1510345718321,INFO,CLICK_EVENT,010000000001100000100100000000000000001000100001100000110011,0.22246381465078557,4803.5747529070195
1510345718441,INFO,AGENT_EVENT,000000000000000000000000010000000000000000100001100000100010,0.12677101124687495,1620.5066682765548
1510345719622,INFO,AGENT_EVENT,000000000000000000000000000000000000000000001001010000110010,0.13529306354342596,1870.8673215893264
1510345720311,INFO,CLICK_EVENT,010000000001100000100100000000000000000000100001100000110011,0.22154867812966406,4215.656679990012
1510345721310,INFO,AGENT_EVENT,010000010000000000000010000000010000000000000011010000100010,0.17420898821249997,1929.210247973971
1510345721927,INFO,CLICK_EVENT,010000000001100000110010000000000000000000100000000010010010,0.2328630424625,2559.564280180147
1510345722224,INFO,AGENT_EVENT,000000000000000100000000000000000000000000000000000010010000,0.04565569528308788,1537.6440443339752
1510345723702,INFO,AGENT_EVENT,000000000001000000000010000000010000010000000001100000100010,0.16314149446250004,1958.2117581316122
1510345724638,INFO,AGENT_EVENT,010000000000000000000000000000000000000100000001000000010000,0.06685964849898551,1706.70696135788
1510345725444,INFO,AGENT_EVENT,000000000000000000000000000000000000000000000101010000000000,0.05164110978103387,1173.0646114670108
1510345726996,INFO,AGENT_EVENT,010000000001100100110010000000000000000000000000000010010000,0.1507238040480131,3478.9826918975923
1510345727983,INFO,AGENT_EVENT,000000000100100000000000000000000010000000000000000000010000,0.09512226664966006,1122.5334139930644
1510345729515,INFO,AGENT_EVENT,000000000100000000000000000000000000000000000001010001110010,0.14187339173909408,2999.4380220330977
1510345731737,INFO,AGENT_EVENT,000000000001000010110010001000000000000000000001010000110010,0.203807533125,3379.2748097802887
1510345733162,INFO,AGENT_EVENT,000000100100000000000000000000000000000000000001010000110010,0.19517217281821564,2149.443759229229
1510345734166,INFO,AGENT_EVENT,010000000000000000000000000000000010000001000000000000010000,0.09155665169518612,1701.316700427953
1510345735360,INFO,AGENT_EVENT,010000000000000000000010000100000000000000100000000010000010,0.10942754888750006,2522.005817138999
1510345736148,INFO,AGENT_EVENT,010000000000000000000000000000000000000000010001000000000000,0.08302487812500003,698.2257228474055
1510345737098,INFO,AGENT_EVENT,000000000000000010000100000000000000000000000001000000000000,0.08720036485252525,1766.1719036823915
1510345738709,INFO,AGENT_EVENT,010000000001100000110010000000000000100000000000000001010000,0.17297898405174383,2775.859012051801
1510345739667,INFO,AGENT_EVENT,010000000000000000000100000000000000000000000001000000000000,0.11670587389310827,1088.326917550436
1510345741450,INFO,AGENT_EVENT,110000000010000000000010000000010000000000100001100000100010,0.17656825341740934,2875.9256103855423
1510345743309,INFO,AGENT_EVENT,010000000011100000110010000000000000000000100000000010000010,0.20393274894651792,3264.034496270231
1510345744643,INFO,CLEAR_SCREEN,000000000000000000000000000000000000000000000000000000000000,N/A,N/A
1510345788737,INFO,EXPLORE_EVENT,010000000000000000000000000000000000000000000000000000000000,0.02544675,268.75502213727935
1510345789890,INFO,EXPLORE_EVENT,010000000001000000000000000000000000000000000000000000000000,0.08785927500000001,537.8907579691365
1510345794849,INFO,EXPLORE_EVENT,010000000001000000000000000000000000000000100000000000000000,0.1081205725875,950.5069817036963
1510345800015,INFO,EXPLORE_EVENT,010000000001000000000000000000000000000000100000000000000011,0.130637403296875,1398.9888307951746
1510345804455,INFO,EXPLORE_EVENT,010000000001000000000000000000000000000000100000000000110011,0.162784815621875,1783.7871030565452
1510345807090,INFO,EXPLORE_EVENT,010000000001000010000000000000000000000000100000000000110011,0.166751144946875,2413.792091425824
1510345811769,INFO,EXPLORE_EVENT,010000000001000010000010000000000000000000100000000000110011,0.19619693303750002,2606.3228827465455
1510345817743,INFO,EXPLORE_EVENT,010000000001000010010010000000000000000000100000000000110011,0.20002018928749998,2674.5798356638134
1510345835384,INFO,CLICK_EVENT,010000000001000010010010000000000000000000100000000000110011,0.20002018928749998,2674.5798356638134
1510345847802,INFO,CLEAR_SCREEN,010000000001000010010010000000000000000000100000000000110011,N/A,N/A
1510346675460,INFO,TREATMENT_1,000000000000000000000000000000000000000000000000000000000000,N/A,N/A
1510346682689,INFO,EXPLORE_EVENT,000000000000000000000000000000000000000000000000100000000000,0.0144620975,250.88035225693346
1510346685576,INFO,EXPLORE_EVENT,000000000000000000000000000000000000100000000000000000000000,0.0,250.8605824203334
1510346689112,INFO,EXPLORE_EVENT,000000000000000000000000100000000000000000000000000000000000,0.0,258.5627292295798
1510346692108,INFO,EXPLORE_EVENT,000000000000100000000000000000000000000000000000000000000000,0.0144620975,259.2800180585232
1510346696474,INFO,EXPLORE_EVENT,000000000000000000000000100000000000000000000000000000000000,0.0,258.5627292295798
1510346699775,INFO,EXPLORE_EVENT,000000000000100000000000000000000000000000000000000000000000,0.0144620975,259.2800180585232
1510346703209,INFO,EXPLORE_EVENT,100000000000000000000000000000000000000000000000000000000000,0.0144620975,259.2800180585232
1510346705570,INFO,EXPLORE_EVENT,000000000000000000000000000000000000000000000000000000000000,0.0,0.0
1510346707896,INFO,EXPLORE_EVENT,000000000000000000000000000000000000000000000000010000000000,0.02944290135,258.7511670871233
1510346711820,INFO,EXPLORE_EVENT,000000000000000000000000000000000000010000000000000000000000,0.0,258.7277567620171
1510346714269,INFO,EXPLORE_EVENT,000000000000000000000000010000000000000000000000000000000000,0.0,267.90279362473655
1510346716284,INFO,EXPLORE_EVENT,000000000000010000000000000000000000000000000000000000000000,0.02544675,268.75502213727935
1510346718734,INFO,EXPLORE_EVENT,010000000000000000000000000000000000000000000000000000000000,0.02544675,268.75502213727935
1510346721508,INFO,EXPLORE_EVENT,000000000000000000000000000000000000000000000000000000000000,0.0,0.0
1510346723847,INFO,EXPLORE_EVENT,000000000000000000000000000000000000000000000000001000000000,0.0022939537500000005,669.124948394517
1510346727632,INFO,EXPLORE_EVENT,000000000000000000000000000000000000000000000000000000000000,0.0,0.0
1510346729303,INFO,EXPLORE_EVENT,000000000000000000000000000000000000000000000000010000000000,0.02944290135,258.7511670871233
1510346731068,INFO,EXPLORE_EVENT,000000000000000000000000000000000000000000000000000000000000,0.0,0.0
1510346733043,INFO,EXPLORE_EVENT,000000000000000000000000000000000000000000000000001000000000,0.0022939537500000005,669.124948394517
1510346735112,INFO,EXPLORE_EVENT,000000000000000000000000000000000000001000000000000000000000,0.0022939537500000005,668.9855772181842
1510346737637,INFO,EXPLORE_EVENT,000000000000000000000000000000000000000000000000000000000000,0.0,0.0
1510346739605,INFO,EXPLORE_EVENT,000000000000000000000000001000000000000000000000000000000000,0.0022939537500000005,678.0202911946997
1510346744235,INFO,EXPLORE_EVENT,000000000000001000000000000000000000000000000000000000000000,0.0022939537500000005,683.3697556285204
1510346746593,INFO,EXPLORE_EVENT,001000000000000000000000000000000000000000000000000000000000,0.0022939537500000005,683.3697556285204
1510346765829,INFO,EXPLORE_EVENT,000000000000000000000000000000000000000000000000000000000000,0.0,0.0
1510346767021,INFO,EXPLORE_EVENT,000000000000000000000000000000000000000000000000001000000000,0.0022939537500000005,669.124948394517
1510346768824,INFO,EXPLORE_EVENT,000000000000000000000000000000000000001000000000000000000000,0.0022939537500000005,668.9855772181842
1510346772356,INFO,EXPLORE_EVENT,000000000000000000000000001000000000000000000000000000000000,0.0022939537500000005,678.0202911946997
1510346776949,INFO,EXPLORE_EVENT,000000000000000000000000000000000000000000000000000000000000,0.0,0.0
1510346778370,INFO,EXPLORE_EVENT,000000000000001000000000000000000000000000000000000000000000,0.0022939537500000005,683.3697556285204
1510346780269,INFO,EXPLORE_EVENT,001000000000000000000000000000000000000000000000000000000000,0.0022939537500000005,683.3697556285204
1510346783109,INFO,EXPLORE_EVENT,000000000000001000000000000000000000000000000000000000000000,0.0022939537500000005,683.3697556285204
1510346786610,INFO,EXPLORE_EVENT,001000000000000000000000000000000000000000000000000000000000,0.0022939537500000005,683.3697556285204
1510346789914,INFO,EXPLORE_EVENT,000000000000000000000000001000000000000000000000000000000000,0.0022939537500000005,678.0202911946997
1510346792476,INFO,EXPLORE_EVENT,000000000000000000000000000000000000001000000000000000000000,0.0022939537500000005,668.9855772181842
1510346794667,INFO,EXPLORE_EVENT,000000000000000000000000000000000000000000000000000000000000,0.0,0.0
1510346805260,INFO,EXPLORE_EVENT,000000000000000000000000000000000000000000000000000100000000,0.0037756079503908245,794.2360138761233
1510346811063,INFO,EXPLORE_EVENT,000000000000000000000000000000000000000100000000000000000000,0.0,794.100741215861
1510346813308,INFO,EXPLORE_EVENT,000000000000000000000000000100000000000000000000000000000000,0.0,860.7660066785807
1510346815477,INFO,EXPLORE_EVENT,000000000000000100000000000000000000000000000000000000000000,0.0020328988330879263,865.8496748709849
1510346819345,INFO,EXPLORE_EVENT,000100000000000000000000000000000000000000000000000000000000,0.0036859495251204424,865.8496748709849
1510346821507,INFO,EXPLORE_EVENT,000000000000000000000000000000000000000000000000000000000000,0.0,0.0
1510346823567,INFO,EXPLORE_EVENT,000000000000000000000000000000000000010000000000000000000000,0.0,258.7277567620171
1510346828302,INFO,EXPLORE_EVENT,000000000000000000000000000000000000000000000000010000000000,0.02944290135,258.7511670871233
1510346830811,INFO,EXPLORE_EVENT,000000000000000000000000000000000000000000000000000000000000,0.0,0.0
1510346833998,INFO,EXPLORE_EVENT,000000000000000000000000000000000000000000000000100000000000,0.0144620975,250.88035225693346
1510346837005,INFO,EXPLORE_EVENT,000000000000000000000000000000000000000000000000000000000000,0.0,0.0
1510346842233,INFO,EXPLORE_EVENT,000000000000000000000000000000000000000000000000010000000000,0.02944290135,258.7511670871233
1510346847275,INFO,EXPLORE_EVENT,000000000000000000000000000000000000000000000000110000000000,0.05215720135,411.53819191200853
1510346850919,INFO,EXPLORE_EVENT,000000000000000000000000000000000000000000000000000000000000,0.0,0.0
1510346853255,INFO,EXPLORE_EVENT,000000000000000000000000000000000000000000000000000010000000,0.014985427700000003,598.2172932223544
1510346856197,INFO,EXPLORE_EVENT,000000000000000000000000000000000000000010000000000000000000,0.014985427700000003,598.065454921819
1510346859894,INFO,EXPLORE_EVENT,000000000000000000000000000010000000000000000000000000000000,0.0,624.1800755179117
1510346862611,INFO,EXPLORE_EVENT,000000000000000010000000000000000000000000000000000000000000,0.0,630.0049883692784
1510346866104,INFO,EXPLORE_EVENT,000010000000000000000000000000000000000000000000000000000000,0.0,630.0049883692784
1510346871500,INFO,EXPLORE_EVENT,000000000000000000000000000000000000000010000000000000000000,0.014985427700000003,598.065454921819
1510346873481,INFO,EXPLORE_EVENT,000000000000000000000000000000000000000000000000000000000000,0.0,0.0
1510346875667,INFO,EXPLORE_EVENT,000000000000000000000000000000000000000000000000000001000000,0.034490330445186075,1018.2153095018691
1510346879392,INFO,EXPLORE_EVENT,000000000000000000000000000000000000000001000000000000000000,0.034490330445186075,1018.0324257883237
1510346882872,INFO,EXPLORE_EVENT,000000000000000000000000000001000000000000000000000000000000,0.03425714001604683,1002.3278923577784
1510346886140,INFO,EXPLORE_EVENT,000000000000000001000000000000000000000000000000000000000000,0.030751654416775135,1009.3045466820167
1510346890711,INFO,EXPLORE_EVENT,000000000000000000000000000001000000000000000000000000000000,0.03425714001604683,1002.3278923577784
1510346893986,INFO,EXPLORE_EVENT,000001000000000000000000000000000000000000000000000000000000,0.04294237299334684,1009.3045466820167
1510346896423,INFO,EXPLORE_EVENT,000000000000000000000000000000000000000000000000000000000000,0.0,0.0
1510346898218,INFO,EXPLORE_EVENT,000000000000000000000000000000000000000000000000000000100000,0.021025948837500003,412.71697524122806
1510346900771,INFO,EXPLORE_EVENT,000000000000000000000000000000000000000000100000000000000000,0.021025948837500003,412.61622373455975
1510346904221,INFO,EXPLORE_EVENT,000000000000000000000000000000100000000000000000000000000000,0.021025948837500003,427.82138109008554
1510346907195,INFO,EXPLORE_EVENT,000000000000000000100000000000000000000000000000000000000000,0.021025948837500003,431.63363893128997
1510346911123,INFO,EXPLORE_EVENT,000000100000000000000000000000000000000000000000000000000000,0.0314321988375,431.63363893128997
1510346915172,INFO,EXPLORE_EVENT,000000000000000000000000000000000000000000000000000000000000,0.0,0.0
1510346918361,INFO,EXPLORE_EVENT,000000000000000000000000000000000000000000000000000000010000,0.02997607945225,164.2924476480789
1510346921183,INFO,EXPLORE_EVENT,000000000000000000000000000000000000000000000000000000000000,0.0,0.0
1510346921987,INFO,EXPLORE_EVENT,000000000000000000000000000000000000000000010000000000000000,0.0,164.28522499456358
1510346924607,INFO,EXPLORE_EVENT,000000000000000000000000000000010000000000000000000000000000,0.0,167.03576183362094
1510346927752,INFO,EXPLORE_EVENT,000000000000000000010000000000000000000000000000000000000000,0.010874309375,167.30294182536957
1510346930651,INFO,EXPLORE_EVENT,000000010000000000000000000000000000000000000000000000000000,0.010874309375,167.30294182536957
1510346933101,INFO,EXPLORE_EVENT,000000000000000000000000000000000000000000010000000000000000,0.0,164.28522499456358
1510346935838,INFO,EXPLORE_EVENT,000000000000000000000000000000000000000000000000000000010000,0.02997607945225,164.2924476480789
1510346938239,INFO,EXPLORE_EVENT,000000000000000000000000000000000000000000000000000000000000,0.0,0.0
1510346940554,INFO,EXPLORE_EVENT,000000000000000000000000000000000000000000000000000000001000,0.03801482030135316,641.1571658204413
1510346943067,INFO,EXPLORE_EVENT,000000000000000000000000000000000000000000001000000000000000,0.0,641.09416569778
1510346945608,INFO,EXPLORE_EVENT,000000000000000000000000000000001000000000000000000000000000,0.0,666.8703762450554
1510346948504,INFO,EXPLORE_EVENT,000000000000000000001000000000000000000000000000000000000000,0.006083620130177763,669.211364498631
1510346951084,INFO,EXPLORE_EVENT,000000001000000000000000000000000000000000000000000000000000,0.006083620130177763,669.211364498631
1510346954272,INFO,EXPLORE_EVENT,000000000000000000000000000000000000000000000000000000001000,0.03801482030135316,641.1571658204413
1510346956468,INFO,EXPLORE_EVENT,000000000000000000000000000000000000000000000000000000000000,0.0,0.0
1510346960121,INFO,EXPLORE_EVENT,000000000000000000000000000000000000000000000100000000000000,0.0,440.04113867618344
1510346962349,INFO,EXPLORE_EVENT,000000000000000000000000000000000100000000000000000000000000,0.0,447.73705817532016
1510346964938,INFO,EXPLORE_EVENT,000000000000000000000100000000000000000000000000000000000000,0.046922313256621,448.4685696012415
1510346968006,INFO,EXPLORE_EVENT,000000000100000000000000000000000000000000000000000000000000,0.05068408969741005,448.4685696012415
1510346970359,INFO,EXPLORE_EVENT,000000000000000000000000000000000000000000000000000000000000,0.0,0.0
1510346973021,INFO,EXPLORE_EVENT,000000000000000000000000000000000000000000000000000000000010,0.018333980709375003,211.46865101052936
1510346977421,INFO,EXPLORE_EVENT,000000000000000000000000000000000000000000000010000000000000,0.0,211.37761473882722
1510346979857,INFO,EXPLORE_EVENT,000000000000000000000000000000000010000000000000000000000000,0.0,250.28327817491257
1510346982371,INFO,EXPLORE_EVENT,000000000000000000000010000000000000000000000000000000000000,0.0011366437500000002,253.72024684826238
1510346984912,INFO,EXPLORE_EVENT,000000000010000000000000000000000000000000000000000000000000,5.683218750000001E-4,253.72024684826238
1510346987738,INFO,EXPLORE_EVENT,000000000000000000000000000000000000000000000000000000000010,0.018333980709375003,211.46865101052936
1510346989891,INFO,EXPLORE_EVENT,000000000000000000000000000000000000000000000000000000000000,0.0,0.0
1510346991432,INFO,EXPLORE_EVENT,000000000000000000000000000000000000000000000000000000000001,0.057578128125,371.2660324671776
1510346994314,INFO,EXPLORE_EVENT,000000000000000000000000000000000000000000000001000000000000,0.057578128125,371.2135431246241
1510346997846,INFO,EXPLORE_EVENT,000000000000000000000000000000000001000000000000000000000000,0.054144065624999994,363.9592794270581
1510347000636,INFO,EXPLORE_EVENT,000000000000000000000001000000000000000000000000000000000000,0.054144065624999994,365.9354379217204
1510347003806,INFO,EXPLORE_EVENT,000000000001000000000000000000000000000000000000000000000000,0.06140520000000001,365.9354379217204
1510347006263,INFO,EXPLORE_EVENT,000000000000000000000000000000000000000000000000000000000000,0.0,0.0
1510347009911,INFO,EXPLORE_EVENT,000000000001000000000000000000000000000000000000000000000000,0.06140520000000001,365.9354379217204
1510347012353,INFO,EXPLORE_EVENT,000000000001000000000000000000000000000000000000000000000000,0.06140520000000001,365.9354379217204
1510347026617,INFO,EXPLORE_EVENT,000000000000000000000000000000000000000000000000000000000000,0.0,0.0
1510347029418,INFO,EXPLORE_EVENT,000000000100000000000000000000000000000000000000000000000000,0.05068408969741005,448.4685696012415
1510347031825,INFO,EXPLORE_EVENT,000000000100000000000000000000000000000000000000000000000000,0.05068408969741005,448.4685696012415
1510347036572,INFO,EXPLORE_EVENT,000000000000000000000000000000000000000000000000000000000000,0.0,0.0
1510347038665,INFO,EXPLORE_EVENT,000000000000000000000000000000000000000010000000000000000000,0.014985427700000003,598.065454921819
1510347041931,INFO,EXPLORE_EVENT,000000000000000000000000000000000000000010000000000000000000,0.014985427700000003,598.065454921819
1510347046551,INFO,EXPLORE_EVENT,000000000000000000000000000000000000000000000000000000000000,0.0,0.0
1510347058322,INFO,EXPLORE_EVENT,000000000000000000000000000000000000000000000000010000000000,0.02944290135,258.7511670871233
1510347062891,INFO,EXPLORE_EVENT,000000000000000000000000000000000000000000000000010000000010,0.047776882059375,369.6092509388891
1510347066661,INFO,EXPLORE_EVENT,000000000000000000000000000000000000000000000000110000000010,0.05823557868959087,956.7548564572487
1510347072340,INFO,EXPLORE_EVENT,000000000000000000000000000000000000000000000000110000001010,0.04684874572032428,1391.8992050853967
1510347078561,INFO,EXPLORE_EVENT,000000000000000000000000000000000000000000000000110000000010,0.05823557868959087,956.7548564572487
1510347081258,INFO,EXPLORE_EVENT,000000000000000000000000000000000000000000000000110000010010,0.0820211027313058,1065.681097376364
1510347085225,INFO,EXPLORE_EVENT,000000000000000000000000000000000000000000000000010000010010,0.07875225080937501,428.6684886968451
1510347089462,INFO,EXPLORE_EVENT,000000000000000000000000000000000000000000000000110000010000,0.08313257010000001,479.71072404938377
1510347097084,INFO,EXPLORE_EVENT,000000000000000000000000000000000000000000000000100000010000,0.05813332695225,309.5775116831827
1510347099586,INFO,EXPLORE_EVENT,000000000000000000000000000000000000000000000000110000010000,0.08313257010000001,479.71072404938377
1510347102970,INFO,EXPLORE_EVENT,000000000000000000000000000000000000000000000000010000010010,0.07875225080937501,428.6684886968451
1510347106445,INFO,EXPLORE_EVENT,000000000000000000000000000000000000000000000000110000010000,0.08313257010000001,479.71072404938377
1510347109070,INFO,EXPLORE_EVENT,000000000000000000000000000000000000000000000000110000011000,0.05419531866755951,1316.673830830006
1510347111975,INFO,EXPLORE_EVENT,000000000000000000000000000000000000000000000000110000010000,0.08313257010000001,479.71072404938377
1510347115557,INFO,EXPLORE_EVENT,000000000000000000000000000000000000000000001000110000010000,0.08313257010000001,1120.8048897471638
1510347119744,INFO,EXPLORE_EVENT,000000000000000000000000000000000000000010000000110000010000,0.09609010010000002,1077.7761789712026
1510347124809,INFO,EXPLORE_EVENT,000001000000000000000000000000000000000010000000110000010000,0.13903247309334685,2087.0807256532194
1510347129198,INFO,EXPLORE_EVENT,000001100000000000000000000000000000000010000000110000010000,0.14547789741841774,2732.9966275030015
1510347131186,INFO,EXPLORE_EVENT,000000100000000000000000000000000000000010000000110000010000,0.1267576476875,1509.3325391051335
1510347135072,INFO,EXPLORE_EVENT,000001100000000000000000000000000000000010000000110000010000,0.14547789741841774,2732.9966275030015
1510347138119,INFO,EXPLORE_EVENT,000001100100000000000000000000000000000010000000110000010000,0.13330446710320284,2981.01984519547
1510347142164,INFO,EXPLORE_EVENT,000001100000000000000000000000000000000010000000110000010000,0.14547789741841774,2732.9966275030015
1510347156391,INFO,EXPLORE_EVENT,000000100100000000000000000000000000000010000000110000010000,0.15364997513855,2125.178373699623
1510347165587,INFO,EXPLORE_EVENT,000001000100000000000000000000000000000010000000110000010000,0.1301132759846471,2349.0950287539567
1510347169985,INFO,EXPLORE_EVENT,000000100100000000000000000000000000000010000000110000010000,0.15364997513855,2125.178373699623
1510347175888,INFO,EXPLORE_EVENT,000000100100000000001000000000000000000010000000110000010000,0.1606297710433359,2794.3897381982542
1510347189678,INFO,EXPLORE_EVENT,000000100100000000001000100000000000000010000000110000010000,0.1606297710433359,3052.895110694336
1510347195811,INFO,EXPLORE_EVENT,000000100100000000001000000000000000100010000000110000010000,0.1595703006777507,3572.767296666627
1510347198555,INFO,EXPLORE_EVENT,000000100100000000001000000000000000000010000000110000010000,0.1606297710433359,2794.3897381982542
1510347203518,INFO,EXPLORE_EVENT,000000100100000000001000001000000000000010000000110000010000,0.16194807835530456,3472.410029392954
1510347208907,INFO,EXPLORE_EVENT,000000100100000000001000000000000000001010000000110000010000,0.16383955935705186,4329.260171383531
1510347213643,INFO,EXPLORE_EVENT,000000100100001000001000000000000000000010000000110000010000,0.16062644017160876,3852.9719604214943
1510347219325,INFO,EXPLORE_EVENT,001000100100000000001000000000000000000010000000110000010000,0.15360851663972022,3889.8189088078548
1510347223080,INFO,EXPLORE_EVENT,000000100100000000001000000000000000000010000000110000010000,0.1606297710433359,2794.3897381982542
1510347227806,INFO,EXPLORE_EVENT,000000100100000000001000000000000000000010000000110100010000,0.10631639709744495,3786.407169480377
1510347231697,INFO,EXPLORE_EVENT,000000100100000000001000000000000000000110000000110000010000,0.15199809431086414,3903.2518232205093
1510347235818,INFO,EXPLORE_EVENT,000000100100000000001000000100000000000010000000110000010000,0.1606297710433359,3655.1557448768344
1510347240209,INFO,EXPLORE_EVENT,000000100100000100001000000000000000000010000000110000010000,0.1622174161710609,3473.3318911507004
1510347245057,INFO,EXPLORE_EVENT,000100100100000000001000000000000000000010000000110000010000,0.12343299561239794,3486.265215067937
1510347247712,INFO,EXPLORE_EVENT,000000100100000000001000000000000000000010000000110000010000,0.1606297710433359,2794.3897381982542
1510347251094,INFO,EXPLORE_EVENT,000000100100000000001000000000000000000010000000110001010000,0.11832200461289273,4013.719642957338
1510347255521,INFO,EXPLORE_EVENT,000000100100000000001000000000000000000011000000110000010000,0.1644381006338731,4111.385007830861
1510347260468,INFO,EXPLORE_EVENT,000000100100000000001000000001000000000010000000110000010000,0.1764006933789901,3796.7176305560324
1510347269399,INFO,EXPLORE_EVENT,000000100100000100001000000001000000000010000000110000010000,0.17798833850671508,4475.659783508479
1510347275579,INFO,EXPLORE_EVENT,000000100100000000001000000001000010000010000000110000010000,0.17309952620314406,4105.794311276935
1510347280687,INFO,EXPLORE_EVENT,000000100100000000001000000001000000000010000010110000010000,0.1764006933789901,3924.5596600720974
1510347285034,INFO,EXPLORE_EVENT,000000100100000000001000000001000000000010000000110000010010,0.18598277903997248,4382.688003883013
1510347293475,INFO,EXPLORE_EVENT,000000100100000000001000000001000001000010000000110000010010,0.20093520661438097,4877.982541184385
1510347301466,INFO,EXPLORE_EVENT,000000100100000000001000000001000001000010000001110000010010,0.22871609140731988,5809.344767647695
1510347322285,INFO,EXPLORE_EVENT,000000100100000000001000000001000001100010000001110000010010,0.2104610342164604,6068.361685199619
1510347330807,INFO,EXPLORE_EVENT,000000100100000000001000000001000001000010000001110000010010,0.22871609140731988,5809.344767647695
1510347339642,INFO,EXPLORE_EVENT,000000100100000000001000000001000001001010000001110000010010,0.21505976118965447,6813.919356272099
1510347344520,INFO,EXPLORE_EVENT,000000100100000000001000000001000001000010000001110000010010,0.22871609140731988,5809.344767647695
1510347350297,INFO,EXPLORE_EVENT,010000100100000000001000000001000001000010000001110000010010,0.22121217455321296,6250.70887668618
1510347367913,INFO,EXPLORE_EVENT,000000100100000000001000000001000001000010010001110000010010,0.22702325912933133,5916.465912162759
1510347374565,INFO,EXPLORE_EVENT,000000100100000000001000000001010001000010000001110000010010,0.22863460510783978,5929.548635089547
1510347380556,INFO,EXPLORE_EVENT,000000100100000000011000000001000001000010000001110000010010,0.22838367022490447,5938.220281009351
1510347390367,INFO,EXPLORE_EVENT,000000100100000000001000000001000001000010000001110000010010,0.22871609140731988,5809.344767647695
1510347400287,INFO,EXPLORE_EVENT,000000100100000000001100000001000001000010000001110000010010,0.22315786151901065,6065.629629298748
1510347408805,INFO,EXPLORE_EVENT,000000100100000000001000000001000101000010000001110000010010,0.22511011688184307,6053.66161402267
1510347414922,INFO,EXPLORE_EVENT,000000100100000000001000000001000001000010000101110000010010,0.19394886745096843,6035.166118265226
1510347419771,INFO,EXPLORE_EVENT,000000100100000000001000000001000001000010000001110000010010,0.22871609140731988,5809.344767647695
1510347429358,INFO,EXPLORE_EVENT,000000100100000000001000000001000001000010000001110000010010,0.22871609140731988,5809.344767647695
1510347449978,INFO,CLEAR_SCREEN,000000100100000000001000000001000001000010000001110000010010,N/A,N/A
1510347475119,INFO,EXPLORE_EVENT,000000100100000000000000000000000000000000000000000000000000,0.06428298736535941,1047.4021947284205
1510347480753,INFO,EXPLORE_EVENT,000000100100000000000000000000000000000000000000110000010000,0.14069244513855,1527.1129187778042
1510347487522,INFO,EXPLORE_EVENT,000000100100000000000000000000000000000000000000110000010010,0.13958097776985579,2113.0832921047845
1510347500412,INFO,EXPLORE_EVENT,000000100100000000001000000000010001000000100001110000010010,0.21641943232430702,3817.218396760897
1510347507341,INFO,CLICK_EVENT,000000100100000000001000000000010001000000100001110000010010,0.21641943232430702,3817.218396760897
1510347519403,INFO,CLEAR_SCREEN,000000100100000000001000000000010001000000100001000000010010,N/A,N/A
1510348133057,INFO,TREATMENT_3,000000000000000000000000000000000000000000000000000000000000,N/A,N/A
1510348144206,INFO,EXPLORE_EVENT,000000000000000000000000000000000000000000000000100000000000,0.0314321988375,431.63363893128997
1510348144494,INFO,AGENT_EVENT,000000000000000000000000000000000000010000000000100000000000,0.0636201170125,595.9295212967081
1510348145545,INFO,AGENT_EVENT,000000000000000000001000000000000000000000000000100000000000,0.034024830000000006,1109.5766513286308
1510348146698,INFO,AGENT_EVENT,000000000000000000000000000000000000001000000000100000000000,0.06944701913885316,1072.7135259543722
1510348147709,INFO,AGENT_EVENT,000000000000000000000000000000001000000000000000100000000000,0.034024830000000006,1100.5419373521152
1510348149034,INFO,AGENT_EVENT,000000000000000000000000000000000000000000010000100000000000,0.060110448937500005,690.3848060184132
1510348149583,INFO,CLICK_EVENT,000000000000000000000000000000000000010000000000100000000000,0.0636201170125,595.9295212967081
1510348150328,INFO,AGENT_EVENT,010000000000000000000000000000000000000000000000100000000000,0.0438589819625,598.9365807566595
1510348151628,INFO,AGENT_EVENT,000000000000000000000000000000000000000000000000100000000001,0.0497659471816443,1655.2204485317989
1510348152210,INFO,CLICK_EVENT,000000000000000000000000000000000000001000000000100000000000,0.06944701913885316,1072.7135259543722
1510348152617,INFO,AGENT_EVENT,000000000000000000000000000010000000000000000000100000000000,0.0314321988375,642.9339748727582
1510348153658,INFO,AGENT_EVENT,000000000000000000000000000000000000000000010000100000000000,0.060110448937500005,690.3848060184132
1510348155104,INFO,AGENT_EVENT,000100000000000000000000000000000000000000000000100000000000,0.07835451209412099,880.1022085325314
1510348155154,INFO,CLICK_EVENT,000000000000000000000000000000000000000000000000000000000000,0,0
1510348155576,INFO,CLICK_EVENT,000000000000000000000000000000000000000000000000100000000001,0.0497659471816443,1655.2204485317989
1510348156265,INFO,AGENT_EVENT,000000000000000000000000000000000000000001000000100000000000,0.08901032696250001,802.8223926011085
1510348157451,INFO,AGENT_EVENT,000000000010000000000000000000000000000000000000100000000000,0.0314321988375,1061.5613485032095
1510348157530,INFO,CLICK_EVENT,000000000000000000000000000000000000000001000000100000000000,0.08901032696250001,802.8223926011085
1510348158441,INFO,AGENT_EVENT,000000000000000000000000000000000000000000000000100000001000,0.03543138750000001,1042.4627814326127
1510348159517,INFO,AGENT_EVENT,000000000000001000000000000000000000000000000000100000000000,0.0314321988375,1098.4267363789863
1510348160620,INFO,CLICK_EVENT,000100000000000000000000000000000000000000000000100000000000,0.07835451209412099,880.1022085325314
1510348160692,INFO,AGENT_EVENT,000000000000000000000000000000000000000100000000100000000000,0.07793477205557113,871.695323412976
1510348161615,INFO,AGENT_EVENT,000000000000010000000000000000000000000000000000100000000000,0.0314321988375,598.669400764911
1510348162704,INFO,AGENT_EVENT,000000000000000000000000000000000000000000000000100010000000,0.03200052071250001,608.8216651037712
1510348163453,INFO,CLICK_EVENT,000000000000000000000000000000000000000001000000100000000000,0.08901032696250001,802.8223926011085
1510348163682,INFO,AGENT_EVENT,000000000000000000100000000000000000000000000000100000000000,0.0314321988375,690.1963681608697
1510348164824,INFO,CLICK_EVENT,000000000000000000000000000000000000000000000000100000000001,0.0497659471816443,1655.2204485317989
1510348164885,INFO,AGENT_EVENT,000000000000000000000000000000000000000000000000100000000100,0.010111347835178423,1490.7036366637658
1510348165806,INFO,AGENT_EVENT,000000000000000100000000000000000000000000000000100000000000,0.0314321988375,879.3706971066101
1510348166991,INFO,AGENT_EVENT,000000000000000000000000000000000000000000000000100000010000,0.059096500087500003,608.5208736974487
1510348167684,INFO,CLICK_EVENT,000000000000000000000000000000000000000000000000100000000100,0.010111347835178423,1490.7036366637658
1510348168203,INFO,AGENT_EVENT,000000000000000000000000100000000000000000000000100000000000,0.0327478624125,806.8212411837891
1510348169368,INFO,AGENT_EVENT,000000000000000000000000100000000000000000000000100000000000,0.0327478624125,806.8212411837891
1510348170568,INFO,AGENT_EVENT,000000000000000000000010000000000000000000000000100000000000,0.0314321988375,1055.7364356518428
1510348171084,INFO,CLICK_EVENT,000000000000000000000000000000000000000001000000100000000000,0.08901032696250001,802.8223926011085
1510348171857,INFO,AGENT_EVENT,000000000000000001000000000000000000000000000000100000000000,0.08557626446250001,795.515639560989
1510348172764,INFO,AGENT_EVENT,000000000000010000000000000000000000000000000000100000000000,0.0314321988375,598.669400764911
1510348173787,INFO,AGENT_EVENT,000000000000000000000000000000000000000000010000100000000000,0.060110448937500005,690.3848060184132
1510348174915,INFO,AGENT_EVENT,000000000000000000000000000000000000000000000001100000000000,0.05976520140535611,1449.7716696358002
1510348176410,INFO,EXPLORE_EVENT,000000000000000000000000000000000000000001000000100000000000,0.08901032696250001,802.8223926011085
1510348176670,INFO,AGENT_EVENT,000000000000000000000001000000000000000001000000100000000000,0.10788451663960727,1805.1502849588874
1510348178002,INFO,AGENT_EVENT,000000000001000000000000000000000000000001000000100000000000,0.10437903104033558,1812.1269392831255
1510348179069,INFO,AGENT_EVENT,000000000000000100000000000000000000000001000000100000000000,0.08901032696250001,1250.4978108106613
1510348180002,INFO,AGENT_EVENT,000000000000000000000000000000000000000001000000000000000000,0.057578128125,371.2660324671776
1510348181122,INFO,AGENT_EVENT,000000000000001000000000000000000000000001000000100000000000,0.08901032696250001,1469.692768846164
1510348182488,INFO,AGENT_EVENT,000000000000000000000000000000000000000001000000110000000000,0.10143711008750002,869.1439280779152
1510348183788,INFO,AGENT_EVENT,000000000000000000000000000000000000001001000000100000000000,0.0951413677251334,1534.8019274732687
1510348184997,INFO,AGENT_EVENT,000000001000000000000000000000000000000001000000100000000000,0.09160295812500001,1486.192148229629
1510348186254,INFO,AGENT_EVENT,000000000000000000000000100000000000000001000000100000000000,0.09032599053750003,1177.9136310412184
1510348187459,INFO,CLICK_EVENT,000000000000000000000000000000000000000001000000110000000000,0.10143711008750002,869.1439280779152
1510348187597,INFO,AGENT_EVENT,000000000000000000000100000000000000000001000000100000000000,0.08901032696250001,1663.5883992796894
1510348188759,INFO,AGENT_EVENT,000000000000000000000000000000100000000001000000100000000000,0.08901032696250001,1053.6218841098867
1510348189723,INFO,CLICK_EVENT,000000000000000000000000000000000000000001000000110000000000,0.10143711008750002,869.1439280779152
1510348190063,INFO,AGENT_EVENT,000000000010000000000000000000000000000001000000100000000000,0.08901032696250001,1432.8273809703871
1510348191538,INFO,AGENT_EVENT,000000000000000000000000000000000000000001000000100000000001,0.0967204942610717,2026.4864809989765
1510348192797,INFO,AGENT_EVENT,000000000000000000000010000000000000000001000000100000000000,0.08901032696250001,1427.0024681190205
1510348194114,INFO,AGENT_EVENT,000000000000000000000000000000000000000001000000100100000000,0.11338902944777508,1418.668227195598
1510348195366,INFO,CLICK_EVENT,000000000000000000000000000000000000000001000000100100000000,0.11338902944777508,1418.668227195598
1510348195472,INFO,AGENT_EVENT,000000000000000000000000000000000000000001000000100000010000,0.11667462821249999,979.7869061646263
1510348196798,INFO,AGENT_EVENT,000000000000000000000000000000000000000001000000100000000100,0.06768947596017842,1861.9696691309434
1510348197020,INFO,CLICK_EVENT,000000000000000000000000000000000000000001000000100000010000,0.11667462821249999,979.7869061646263
1510348197926,INFO,AGENT_EVENT,000000000000010000000000000000000000000001000000100000000000,0.08901032696250001,969.8612401223475
1510348199320,INFO,AGENT_EVENT,000000000000000000000000000000000001000001000000100000000000,0.10681473705746986,1820.8548183894322
1510348200626,INFO,AGENT_EVENT,000000000000000000000000000000000000000001000000100001000000,0.09802757383750002,1050.582127487843
1510348201972,INFO,AGENT_EVENT,100000000000000000000000000000000000000001000000100000000000,0.09032599053750003,1234.3787527350396
1510348203295,INFO,AGENT_EVENT,000000000000000000000000000000000000000001000000100000001000,0.09300951562500001,1413.7288138997903
1510348204471,INFO,AGENT_EVENT,000000000000000000000000000000000000000001000000100000001000,0.09300951562500001,1413.7288138997903
1510348205557,INFO,AGENT_EVENT,000000000000000000000000000000100000000001000000100000000000,0.08901032696250001,1053.6218841098867
1510348206816,INFO,AGENT_EVENT,000000000000000000000000100000000000000001000000100000000000,0.09032599053750003,1177.9136310412184
1510348209175,INFO,EXPLORE_EVENT,000000000000000000000000000000000000000001000000100000010000,0.11667462821249999,979.7869061646263
1510348209493,INFO,AGENT_EVENT,000000000000000000000000000000000000010001000000100000010000,0.1487978619625,1038.1062056179956
1510348211155,INFO,AGENT_EVENT,000010000000000000000000000000000000000001000000100000010000,0.11781127196249999,1233.5071530128887
1510348211339,INFO,CLICK_EVENT,000000000000000000000000000000000000010001000000100000010000,0.1487978619625,1038.1062056179956
1510348212518,INFO,AGENT_EVENT,000000001000000000000000000000000000000001000000100000010000,0.117714785625,1663.1566617931467
1510348213782,INFO,AGENT_EVENT,000000000000001000000000000000000000000001000000100000010000,0.11667462821249999,1646.6572824096816
1510348215326,INFO,AGENT_EVENT,000000000000000001000000000000000000000001000000100000010000,0.1182471282125,1314.3709533281412
1510348216733,INFO,AGENT_EVENT,000000000000000000000000000000000000000001000000100000011000,0.116926963125,1600.5110725603354
1510348218255,INFO,AGENT_EVENT,000001000000000000000000000000000000000001000000100000010000,0.1182471282125,1316.3471118228035
1510348220955,INFO,EXPLORE_EVENT,000000000000000000000000000000000000010001000000100000010000,0.1487978619625,1038.1062056179956
1510348221089,INFO,AGENT_EVENT,000000000000000000000000000000000100010001000000100000010000,0.1487978619625,1832.2069468338568
1510348222629,INFO,AGENT_EVENT,000000000000000000000000000000010000010001000000100000010000,0.1487978619625,1296.7770198483558
1510348224429,INFO,AGENT_EVENT,000000000000000000000000000000000000010001000001100000010000,0.11563676398950323,2217.5379160475095
1510348226199,INFO,AGENT_EVENT,000000000000000000000000000000000000010001000000100001010000,0.1573114463375,1302.5955551300426
1510348227748,INFO,AGENT_EVENT,000000000000000000000000000000001000010001000000100000010000,0.14983801937500002,1707.0917828361798
1510348229327,INFO,AGENT_EVENT,000000000000000000000010000000000000010001000000100000010000,0.1507959376375,1662.2862811359073
1510348231001,INFO,AGENT_EVENT,000000001000000000000000000000000000010001000000100000010000,0.14983801937500002,1721.475961246516
1510348233021,INFO,AGENT_EVENT,000000000000000000000000000000000000010101000000100000010000,0.12579868403981995,1630.5824922662305
1510348233572,INFO,CLICK_EVENT,000000000000000000000000000000000000010001000000100001010000,0.1573114463375,1302.5955551300426
1510348234571,INFO,AGENT_EVENT,000000000000000010000000000000000000010001000000100000010000,0.1487978619625,1288.389483792908
1510348236301,INFO,AGENT_EVENT,000100000000000000000000000000000000010001000000100000010000,0.1824788577306083,1486.5145689835856
1510348237883,INFO,AGENT_EVENT,000000000000000000000000000000000100010001000000100000010000,0.1487978619625,1832.2069468338568
1510348238528,INFO,CLICK_EVENT,000100000000000000000000000000000000010001000000100000010000,0.1824788577306083,1486.5145689835856
1510348239701,INFO,AGENT_EVENT,000000000000000000000000000000000001010001000000100000010000,0.16660227205746986,2056.1386314063193
1510348241951,INFO,AGENT_EVENT,000000000000000010000000000000000000010001000000100000010000,0.1487978619625,1288.389483792908
1510348243671,INFO,AGENT_EVENT,001000000000000000000000000000000000010001000000100000010000,0.15577765786728587,1707.3175701166265
1510348245167,INFO,CLICK_EVENT,000000000000000000000000000000000000000000000000000000000000,0,0
1510348245196,INFO,AGENT_EVENT,000000000000000000000000000000100000010001000000100000010000,0.1487978619625,1288.9056971267737
1510348246707,INFO,AGENT_EVENT,000000000000010000000000000000000000010001000000100000010000,0.1487978619625,1205.1450531392343
1510348248241,INFO,AGENT_EVENT,000000000000000000000000000000000000010001000000100000010100,0.10266892132212016,2259.1549312951856
1510348252245,INFO,EXPLORE_EVENT,000100000000000000000000000000000000010001000000100000010000,0.1824788577306083,1486.5145689835856
1510348252703,INFO,AGENT_EVENT,000100000000000001000000000000000000010001000000100000010000,0.18457028273060833,1821.2188246212847
1510348254849,INFO,AGENT_EVENT,000100000000000000000000000000000000010001000000100000110000,0.2051931577306083,1662.4522990161345
1510348256792,INFO,AGENT_EVENT,000100010000000000000000000000000000010001000000100000010000,0.17710574194559991,1804.1500214642233
1510348258606,INFO,AGENT_EVENT,000100100000000000000000000000000000010001000000100000010000,0.1809622096064819,1785.710709044778
1510348260546,INFO,AGENT_EVENT,000100000000000000000000000000010000010001000000100000010000,0.1824788577306083,1745.185383213946
1510348262762,INFO,AGENT_EVENT,000100000000000000000000000000000000010001000000100000010001,0.16147865068505113,2852.4276993286194
1510348264217,INFO,CLICK_EVENT,000100000000000000000000000000000000010001000000100000110000,0.2051931577306083,1662.4522990161345
1510348264765,INFO,AGENT_EVENT,000100000000000000000000000010000000010001000000100000010000,0.1824788577306083,1697.892183722413
1510348266925,INFO,AGENT_EVENT,000100000000000000000000000000000001010001000000100000010000,0.19707851397880433,2504.5469947719093
1510348268910,INFO,AGENT_EVENT,000100000000000000000000000000000000010001000000100000110000,0.2051931577306083,1662.4522990161345
1510348272917,INFO,EXPLORE_EVENT,000100000000000000000000000000000000010001000000100000110000,0.2051931577306083,1662.4522990161345
1510348273285,INFO,AGENT_EVENT,000100000000000000000000000001000000010001000000100000110000,0.20841782335560832,2033.6658421407587
1510348275902,INFO,AGENT_EVENT,000100000000000000000000000000000000010001000000100100110000,0.15865482566508549,2555.7608258865057
1510348277942,INFO,AGENT_EVENT,000100000000000000000000000000000000010001010000100000110000,0.2105133602306083,1817.0961631443997
1510348280233,INFO,AGENT_EVENT,000100000000000000000000000000000000010001000000110000110000,0.2113544139806083,1729.0695536159678
1510348281898,INFO,AGENT_EVENT,000100000000000000000000000000000000010000000000100000110000,0.15388101887238864,1397.1629525000822
1510348283688,INFO,CLICK_EVENT,000100000000000000000000000000000000010001000000110000110000,0.2113544139806083,1729.0695536159678
1510348284234,INFO,AGENT_EVENT,000100000000000000000000000000000000010001000001100000110000,0.16874578905927679,2841.884009445648
1510348286138,INFO,AGENT_EVENT,000100000000000000010000000000000000010001000000100000110000,0.2051931577306083,1930.3035690071415
1510348288194,INFO,CLICK_EVENT,000000000000000000000000000000000000000000000000000000000000,0,0
1510348288365,INFO,AGENT_EVENT,000100000000000000000000000000000000010001000000100000110010,0.17328434419267902,3313.606113488331
1510348290413,INFO,AGENT_EVENT,000100000000000000000000100000000000010001000000100000110000,0.20572099880560832,2037.5435374562444
1510348292545,INFO,AGENT_EVENT,000100000000000000000000000000000000010001010000100000110000,0.2105133602306083,1817.0961631443997
1510348294810,INFO,AGENT_EVENT,000100000000000000100000000000000000010001000000100000110000,0.2051931577306083,1920.9576715122157
1510348294841,INFO,CLICK_EVENT,000100000000000000000000000000000000010001000000100000110010,0.17328434419267902,3313.606113488331
1510348296796,INFO,AGENT_EVENT,000100000000010000000000000000000000010001000000100000110000,0.2051931577306083,1829.4911465373734
1510348298672,INFO,AGENT_EVENT,000100000000000000000000000000000100010001000000100000110000,0.2051931577306083,2456.5530402319955
1510348300475,INFO,AGENT_EVENT,000100000000000000000000000000000000010001000000100000100000,0.18910354537734067,1470.3345115607258
1510348301030,INFO,CLICK_EVENT,000000000000000000000000000000000000000000000000000000000000,0,0
1510348302827,INFO,AGENT_EVENT,000100000000000000000000000100000000010001000000100000110000,0.2051931577306083,2102.425344483162
1510348308149,INFO,EXPLORE_EVENT,000100000000000000000000000000000000010001000000110000110000,0.2113544139806083,1729.0695536159678
1510348311795,INFO,EXPLORE_EVENT,000100000000000000000000000000000000010001000000100000110000,0.2051931577306083,1662.4522990161345
1510348311854,INFO,EXPLORE_EVENT,000100000000000000000000000000000000010001000000100000010000,0.1824788577306083,1486.5145689835856
1510348312993,INFO,EXPLORE_EVENT,000100000000000000000000000000000000010001000000110000010000,0.1886401139806083,1552.9328251746856
1510348313289,INFO,EXPLORE_EVENT,000100000000000000000000000000000000010001000000110000110000,0.2113544139806083,1729.0695536159678
1510348315003,INFO,AGENT_EVENT,000100000000000000000000000000000000010001000000110001110000,0.1972348340990496,2906.714412421246
1510348317419,INFO,AGENT_EVENT,000100000000000000000000000000000000010001000000110000111000,0.1901123749074956,3525.3767073720664
1510348320749,INFO,AGENT_EVENT,000100000000000000000000000000000000010001010000110000110000,0.2143366164806083,1883.713417744233
1510348323260,INFO,AGENT_EVENT,000100000000000000000000000000000000010011000000110000110000,0.2296883946899833,1836.0367371925377
1510348325763,INFO,AGENT_EVENT,000100000000000000000000000000000000010001100000110000110000,0.2113544139806083,1875.27284995535
1510348327010,INFO,CLICK_EVENT,000100000000000000000000000000000000010011000000110000110000,0.2296883946899833,1836.0367371925377
1510348328745,INFO,AGENT_EVENT,010100000000000000000000000000000000010001000000110000110000,0.21090622130265568,1848.3329229162073
1510348331281,INFO,AGENT_EVENT,000100000000000000000000000001000000010001000000110000110000,0.21457907960560832,2100.2830967405916
1510348333988,INFO,AGENT_EVENT,000100000000000001000000000000000000010001000000110000110000,0.21344583898060832,2063.773809253667
1510348338406,INFO,EXPLORE_EVENT,000100000000000000000000000000000000010011000000110000110000,0.2296883946899833,1836.0367371925377
1510348338892,INFO,AGENT_EVENT,000100000000000000000000000000000000010011000000110010110000,0.2234915187447453,2872.828569042904
1510348341296,INFO,AGENT_EVENT,000100000000000000000000000000000000010010000000110000110000,0.17837625583176364,1570.6672628673941
1510348343949,INFO,AGENT_EVENT,000100000000000000000000000100000000010011000000110000110000,0.2296883946899833,2276.0097826595647
1510348346609,INFO,AGENT_EVENT,000100000000000000000000000000000010010011000000110000110000,0.2426459246899833,2434.1021921143565
1510348349394,INFO,AGENT_EVENT,000100000000000000000010000000000000010011000000110000110000,0.2326705971899833,2460.216812710449
1510348349731,INFO,CLICK_EVENT,000100000000000000000000000000000010010011000000110000110000,0.2426459246899833,2434.1021921143565
1510348352154,INFO,AGENT_EVENT,000100000100000000000000000000000000010011000000110000110000,0.20725454933812718,2501.7199468781137
1510348353237,INFO,CLICK_EVENT,000000000000000000000000000000000000000000000000000000000000,0,0
1510348354994,INFO,AGENT_EVENT,000100000000000000000000000000000000010011100000110000110000,0.2250203057725965,2556.307579429061
1510348357513,INFO,AGENT_EVENT,000100000000000000000000001000000000010011000000110000110000,0.2296883946899833,2477.1309028903174
1510348359955,INFO,CLICK_EVENT,000100000000000000000000000000000000010001000000110000111000,0.1901123749074956,3525.3767073720664
1510348360448,INFO,AGENT_EVENT,000100000000000000001000000000000000010011000000110000110000,0.23072855210248333,2514.057028387237
1510348363293,INFO,AGENT_EVENT,000100100000000000000000000000000000010011000000110000110000,0.22372226905079762,2135.23287725373
1510348368823,INFO,EXPLORE_EVENT,000100000000000000000000000000000000010011000000010000110000,0.19603864460248333,1492.6832370862016
1510348371455,INFO,EXPLORE_EVENT,000100000000000000000000000000000000010011000000110000110000,0.2296883946899833,1836.0367371925377
1510348372187,INFO,AGENT_EVENT,000100000000000000000000000000000000010011000000110000110001,0.18952947864743913,3389.6284363022396
1510348372756,INFO,CLICK_EVENT,000100000000000000000000000000000010010011000000110000110000,0.2426459246899833,2434.1021921143565
1510348375169,INFO,AGENT_EVENT,100100000000000000000000000000000000010011000000110000110000,0.22963619577228472,2435.0305685553676
1510348380056,INFO,AGENT_EVENT,000100000000000000000000000000000010000011000000110000110000,0.2205559465649833,2375.2167000607924
1510348380550,INFO,EXPLORE_EVENT,000100000000000000000000000000000010010011000000110000110000,0.2426459246899833,2434.1021921143565
1510348383514,INFO,AGENT_EVENT,000101000000000000000000000000000010010011000000110000110000,0.23963299775423552,2877.100286469329
1510348386459,INFO,AGENT_EVENT,000100000100000000000000000000000010010011000000110000110000,0.22021207933812717,3099.7854017999325
1510348389766,INFO,AGENT_EVENT,000100000000010000000000000000000010010011000000110000110000,0.2426459246899833,2601.1410396355955
1510348392972,INFO,AGENT_EVENT,000100001000000000000000000000000010010011000000110000110000,0.23758983279979276,3497.0862616522654
1510348396175,INFO,AGENT_EVENT,000100000010000000000000000000000010010011000000110000110000,0.23806674662836957,3324.8636937738665
1510348399220,INFO,AGENT_EVENT,000100000000000000000000000000000010010011010000110000110000,0.22813961085256768,3170.809145330756
1510348402545,INFO,AGENT_EVENT,010100000000000000000000000000000010010011000000110000110000,0.2421977320120307,2553.3655614145964
1510348405665,INFO,AGENT_EVENT,000100000000000000000000000010000010010011000000110000110000,0.2426459246899833,2561.944221630421
1510348406867,INFO,CLICK_EVENT,000100001000000000000000000000000010010011000000110000110000,0.23758983279979276,3497.0862616522654
1510348408336,INFO,CLICK_EVENT,000100000010000000000000000000000010010011000000110000110000,0.23806674662836957,3324.8636937738665
1510348408847,INFO,AGENT_EVENT,000100000000000000000000000000000011010011000000110000110000,0.24884116422000102,3751.0974617469624
1510348410814,INFO,CLICK_EVENT,000101000000000000000000000000000010010011000000110000110000,0.23963299775423552,2877.100286469329
1510348412562,INFO,AGENT_EVENT,000100000000000000000000000000000011010011000000110000110000,0.24884116422000102,3751.0974617469624
1510348414407,INFO,CLICK_EVENT,000100000000000000000000000000000011010011000000110000110000,0.24884116422000102,3751.0974617469624
1510348416016,INFO,AGENT_EVENT,000100000000000000000000000000001010010011000000110000110000,0.24308566360648337,3968.9726252996334
1510348416122,INFO,CLICK_EVENT,000000000000000000000000000000000000000000000000000000000000,0,0
1510348422289,INFO,AGENT_EVENT,000100000000001000000000000000000110010011000000110000110000,0.23677616351022063,4209.834653381667
1510348422358,INFO,EXPLORE_EVENT,000100000000001000000000000000000010010011000000110000110000,0.2426459246899833,3100.9725683594124
1510348430935,INFO,EXPLORE_EVENT,000100000000000000000000000000000010010011000000110000110000,0.2426459246899833,2434.1021921143565
1510348432262,INFO,EXPLORE_EVENT,000100000000000000000000000000000010010011000000111000110000,0.20080283721184944,3621.175684255464
1510348440275,INFO,EXPLORE_EVENT,000100000000000000000000000000000010010011000000110000110000,0.2426459246899833,2434.1021921143565
1510348441877,INFO,EXPLORE_EVENT,000100000000000000000000000000000010011011000000110000110000,0.21257837082647096,3306.228994510182
1510348444759,INFO,EXPLORE_EVENT,000100000000000000000000000000000010010011000000110000110000,0.2426459246899833,2434.1021921143565
1510348447154,INFO,EXPLORE_EVENT,000100000000000000000000001000000010010011000000110000110000,0.2390228911506953,3383.511582738256
1510348448266,INFO,EXPLORE_EVENT,000100000000000000000000000000000010010011000000110000110000,0.2426459246899833,2434.1021921143565
1510348449479,INFO,EXPLORE_EVENT,000100000000100000000000000000000010010011000000010000110000,0.22925747218998332,2518.486712887357
1510348453250,INFO,EXPLORE_EVENT,000100000000100000000000000000000010010011000000110000110000,0.2431737657649833,2861.840212993693
1510348454298,INFO,EXPLORE_EVENT,000100000000000000000000000000000010010011000000110000110000,0.2426459246899833,2434.1021921143565
1510348455901,INFO,EXPLORE_EVENT,000100000000000100000000000000000010010011000000110000110000,0.2426459246899833,2881.7776103239094
1510348456638,INFO,EXPLORE_EVENT,000100000000000000000000000000000010010011000000110000110000,0.2426459246899833,2434.1021921143565
1510348458584,INFO,EXPLORE_EVENT,000100000000000100000000000000000010010011000000110000110000,0.2426459246899833,2881.7776103239094
1510348458926,INFO,AGENT_EVENT,000100000000000100000000000000000010010011000000110000100000,0.22655631233671567,2694.3362740735706
1510348462289,INFO,AGENT_EVENT,000100000000000100000000000001000010010011000000110000110000,0.24561764823640725,3865.74090439477
1510348466933,INFO,CLICK_EVENT,000000000000000000000000000000000000000000000000000000000000,0,0
1510348467641,INFO,EXPLORE_EVENT,000100000000000000000000000000000010010011000000110000110000,0.2426459246899833,2434.1021921143565
1510348467940,INFO,AGENT_EVENT,000100000000000000000000000000000010110011000000110000110000,0.2431737657649833,2722.7181770793145
1510348471045,INFO,AGENT_EVENT,000100000000000000000000000000000010010011000000110001110000,0.22921764479601342,3611.9090246677597
1510348474050,INFO,AGENT_EVENT,000100000000000000000000000001000010010011000000110000110000,0.24561764823640725,3418.065486185218
1510348479298,INFO,EXPLORE_EVENT,000100000000000010000000000000000010010011000000110000110000,0.2426459246899833,2684.385470289269
1510348479621,INFO,AGENT_EVENT,000100000000000010000000000000000011010011000000110000110000,0.24884116422000102,4001.380739921875
1510348486449,INFO,EXPLORE_EVENT,000100000000000000000000000000000010010011000000110000110000,0.2426459246899833,2434.1021921143565
1510348488444,INFO,AGENT_EVENT,000100000000000000000001000000000010010010000000110000110000,0.20939549294211446,3171.060610146991
1510348488676,INFO,EXPLORE_EVENT,000100000000000000000001000000000010010011000000110000110000,0.25679168393119894,3436.4300844721347
1510348491609,INFO,AGENT_EVENT,000100000000000000000001000100000010010011000000110000110000,0.2521774470211133,4182.0644732149085
1510348494694,INFO,AGENT_EVENT,000100000000000000000001000010000010010011000000110000110000,0.25679168393119894,3564.2721139881996
1510348497966,INFO,AGENT_EVENT,000100000000000000000001000000000010110011000000110000110000,0.2573195250061989,3725.046069437093
1510348505900,INFO,EXPLORE_EVENT,000100000000000000000000000000000010010011000000110000110000,0.2426459246899833,2434.1021921143565
1510348506540,INFO,EXPLORE_EVENT,000100000000000000000100000000000010010011000000110000110000,0.2426459246899833,3294.8681987929376
1510348506907,INFO,AGENT_EVENT,000100000000000000000100000000000010010011000000010000110000,0.20899617460248332,2951.514698686601
1510348515616,INFO,EXPLORE_EVENT,000100000000000000000000000000000010010011000000110000110000,0.2426459246899833,2434.1021921143565
1510348515905,INFO,EXPLORE_EVENT,000100000000000000000010000000000010010011000000110000110000,0.2470744265149833,3002.4937720996004
1510348524533,INFO,EXPLORE_EVENT,000100000000000000000000000000000010010011000000110000110000,0.2426459246899833,2434.1021921143565
1510348525219,INFO,EXPLORE_EVENT,000100000000000000001000000000000010010011000000110000110000,0.24368608210248335,3112.1224833090564
1510348529663,INFO,EXPLORE_EVENT,000100000000000000000000000000000010010011000000110000110000,0.2426459246899833,2434.1021921143565
1510348531051,INFO,EXPLORE_EVENT,000100000000000000000000000000000010010011000000110000110000,0.2426459246899833,2434.1021921143565
1510348531294,INFO,EXPLORE_EVENT,000100000000000000010000000000000010010011000000110000100000,0.22655631233671567,2514.512125855025
1510348532654,INFO,EXPLORE_EVENT,000100000000000000010000000000000010010011000000110000110000,0.2426459246899833,2701.9534621053635
1510348536087,INFO,EXPLORE_EVENT,000100000000000000000000000000000010010011000000110000110000,0.2426459246899833,2434.1021921143565
1510348537436,INFO,EXPLORE_EVENT,000100000000000000000001000000000010010011000000110000110000,0.25679168393119894,3436.4300844721347
1510348537636,INFO,CLICK_EVENT,000100000000000000000001000000000010010011000000110000110000,0.25679168393119894,3436.4300844721347
1510348537828,INFO,AGENT_EVENT,100100000000000000000001000000000010010011000000110000110000,0.2569287663567863,4035.4239158349656
1510348541045,INFO,AGENT_EVENT,000100000000000000001001000000000010010011000000110000110000,0.2541238482535312,4502.147794227918
1510348544455,INFO,AGENT_EVENT,000100000000000000000001100000000010010011000000110000110000,0.2573195250061989,3737.4996118254276
1510348548036,INFO,AGENT_EVENT,000100000010000000000001000000000010010011000000110000110000,0.25515193378885026,4327.191586131645
1510348551230,INFO,AGENT_EVENT,000100000000010000000001000000000010010011000000110000110000,0.2564250039028086,3556.2375609789933
1510348554423,INFO,AGENT_EVENT,000100000000000010000001000000000010010011000000110000110000,0.2541470300424258,3745.5067651930376
1510348556271,INFO,CLICK_EVENT,000100000000000000000000000000000010010011000000110000110000,0.2426459246899833,2434.1021921143565
1510348557672,INFO,AGENT_EVENT,000100000100000000000001000000000010010011000000110000110000,0.2414302355054937,4102.113294157711
1510348561101,INFO,AGENT_EVENT,000101000000000000000001000000000010010011000000110000110000,0.25544443281636803,3879.4281788271073
1510348565355,INFO,EXPLORE_EVENT,000100000000000000000000000000000010010011000000110000110000,0.2426459246899833,2434.1021921143565
1510348565434,INFO,AGENT_EVENT,000100000000000100000000000000000010010011000000110000110000,0.2426459246899833,2881.7776103239094
1510348568391,INFO,AGENT_EVENT,000100000000000000000000000000001010010011000000110000110000,0.24308566360648337,3968.9726252996334
1510348571606,INFO,AGENT_EVENT,000100000000000000000000000000000011010011000000110000110000,0.24884116422000102,3751.0974617469624
1510348574696,INFO,AGENT_EVENT,000100000000000001000000000000000010010011000000110000110000,0.24473734968998334,2768.9684215001803
1510348577528,INFO,AGENT_EVENT,000100000000000000100000000000000010010011000000110000110000,0.2426459246899833,2692.607564610438
1510348580609,INFO,AGENT_EVENT,000100000000000000000000000000000010010011000001110000110000,0.1939706510460419,3687.241369149172
1510348582974,INFO,AGENT_EVENT,000100000000000000000000000000000010010011000000100000110000,0.2364846684399833,2367.484937514523
1510348585799,INFO,AGENT_EVENT,000100000000000000000000000010000010010011000000110000110000,0.2426459246899833,2561.944221630421
1510348588675,INFO,AGENT_EVENT,000100000000000000000000000000000010010011001000110000110000,0.24207719618696732,3906.610513588187
1510348591168,INFO,AGENT_EVENT,000100000000000000000000000000000010010011000000010000110000,0.20899617460248332,2090.748692008021
1510348593591,INFO,CLEAR_SCREEN,000100000000000000000000000000000010010011000000110000110000,N/A,N/A
1510348612395,INFO,EXPLORE_EVENT,000100000000000000000000000000000000000000000000000000000000,0.046922313256621,448.4685696012415
1510348618252,INFO,EXPLORE_EVENT,000100000010000000000000000000000000000000000000000000000000,0.03588176896094547,1394.9583605577675
1510348621783,INFO,EXPLORE_EVENT,000100000010000000000000000000000000000001000000000000000000,0.08720036485252522,1766.2243930249451
1510348623836,INFO,EXPLORE_EVENT,000100000000000000000000000000000010000001000000000000000000,0.11271621731484066,1417.7398507545865
1510348626631,INFO,EXPLORE_EVENT,000100000000000000000000000000000010010001000000000000000000,0.14284137538984065,1476.0591502079558
1510348630933,INFO,EXPLORE_EVENT,000100000000000000000000000000000010010011000000000000110000,0.20283491835248332,2026.7509834392795
1510348634897,INFO,EXPLORE_EVENT,000100000000000000000000000000000010010011000000010000110000,0.20899617460248332,2090.748692008021
1510348648882,INFO,EXPLORE_EVENT,000100000000000000000000000000000010010011000000110000110000,0.2426459246899833,2434.1021921143565
1510348653253,INFO,CLICK_EVENT,000100000000000000000000000000000010010011000000110000110000,0.2426459246899833,2434.1021921143565
1510348665934,INFO,CLEAR_SCREEN,000100000000000000000000000000000010010011000000110000110000,N/A,N/A
