1511126267093,INFO,TREATMENT_3,000000000000000000000000000000000000000000000000000000000000,N/A,N/A
1511126299803,INFO,EXPLORE_EVENT,000000000000000000000000000000000000000000000000000000000010,0.0,630.0049883692784
1511126300039,INFO,AGENT_EVENT,000000000000000000000000000000000000000000000000000000100010,0.016445002672952846,1462.0485867121902
1511126301603,INFO,AGENT_EVENT,000000000000000000000100000000000000000000000000000000000010,0.0,1490.7709950478593
1511126303137,INFO,AGENT_EVENT,000000000000000000000000100000000000000000000000000000000010,0.021025948837500003,1042.6212121038382
1511126304165,INFO,AGENT_EVENT,000000000000000000000000000000000000000000000000000000000000,0.0,0.0
1511126305288,INFO,AGENT_EVENT,000000000000000000000100000000000000000000000000000000000010,0.0,1490.7709950478593
1511126306622,INFO,AGENT_EVENT,000000000000000000001000000000000000000000000000000000000010,0.0022939537500000005,1308.025279563978
1511126307952,INFO,AGENT_EVENT,000000000000000000001000000000000000000000000000000000000010,0.0022939537500000005,1308.025279563978
1511126309442,INFO,AGENT_EVENT,000000000000000000000000000000000000000000000000000000000011,0.032206779745010135,1997.229366829637
1511126310687,INFO,AGENT_EVENT,000000000000000000000000000000000000000000000000000000000011,0.032206779745010135,1997.229366829637
1511126311764,INFO,AGENT_EVENT,000000000000000000000000000000000000000000001000000000000010,0.0022939537500000005,1299.1299367637953
1511126312577,INFO,AGENT_EVENT,000000000000000000000000000000000000000000000000000000000000,0.0,0.0
1511126313786,INFO,AGENT_EVENT,000000000000000000000000000000000010000000000000000000000010,0.022366309999999997,1172.2819477584299
1511126314925,INFO,AGENT_EVENT,000000000000000000000000000000000000000000000000000010000010,5.683218750000001E-4,822.53577969
1511126316058,INFO,AGENT_EVENT,000001000000000000000000000000000000000000000000000000000010,0.054144065624999994,995.9404262909989
1511126317722,INFO,EXPLORE_EVENT,000000000000000000000000000000000000000000000001000000000010,0.034490330445186075,1648.2202978711475
1511126318065,INFO,AGENT_EVENT,000100000000000000000000000000000000000000000001000000000010,0.06978331204205734,2096.6286612367376
1511126319328,INFO,AGENT_EVENT,000000000000000000000000000000000100000000000001000000000010,0.034490330445186075,2442.3210390870086
1511126320850,INFO,AGENT_EVENT,000000000000000000000000000000000000001000000001000000000010,0.0359001263876529,2079.428750058953
1511126322199,INFO,AGENT_EVENT,000000000100000000000000000000000000000000000001000000000010,0.036523229278274,2514.0699727421324
1511126323536,INFO,AGENT_EVENT,000000000000000001000000000000000000000000000001000000000010,0.08153986609729984,2012.1795772982057
1511126324880,INFO,AGENT_EVENT,000000000000000000000000000000000000000000000001000001000010,0.0843077584807816,1926.946097038302
1511126326293,INFO,AGENT_EVENT,000000000000000000000000000000000010000000000001000000000010,0.056856640445186075,2190.497257260299
1511126327626,INFO,AGENT_EVENT,000000000000000000000000000000000010000000000001000000000010,0.056856640445186075,2190.497257260299
1511126330565,INFO,EXPLORE_EVENT,000000000000000000000000000000000000000000000001000000000010,0.034490330445186075,1648.2202978711475
1511126330662,INFO,AGENT_EVENT,000000000000000000010000000000000000000000000001000000000010,0.034490330445186075,1916.0715678621546
1511126332143,INFO,AGENT_EVENT,000000000000000000000000000000000000000000000001000100000010,0.06219231519900693,2413.1736700596366
1511126333665,INFO,AGENT_EVENT,010000000000000000000000000000000000000000000001000000000010,0.04736271549518607,1815.5267241654037
1511126335321,INFO,AGENT_EVENT,000100000000000000000000000000000000000000000001000000000010,0.06978331204205734,2096.6286612367376
1511126336631,INFO,AGENT_EVENT,000000000000000000100000000000000000000000000001000000000010,0.034490330445186075,1906.7256703672288
1511126337859,INFO,AGENT_EVENT,000000000000000000000100000000000000000000000001000000000010,0.034490330445186075,2508.9863045497286
1511126339278,INFO,AGENT_EVENT,000000000000000000000000000000000000000000000001000001000010,0.0843077584807816,1926.946097038302
1511126340554,INFO,AGENT_EVENT,000000001000000000000000000000000000000000000001000000000010,0.036784284195186076,2331.590053499668
1511126343688,INFO,EXPLORE_EVENT,000000000000000000000000000000000001000000000001000000000010,0.03922665077941574,2666.2527236594715
1511126343987,INFO,AGENT_EVENT,000010000000000000000000000000000001000000000001000000000010,0.042361370204415744,2919.972970507734
1511126345878,INFO,AGENT_EVENT,000000000000000001000000000000000001000000000001000000000010,0.08994576247772505,3030.2120030865294
1511126348160,INFO,AGENT_EVENT,000000000000000000000000000000000001000000000001000000000011,0.05305078056093476,3832.9624170796806
1511126349978,INFO,AGENT_EVENT,001000000000000000000000000000000001000000000001000000000010,0.045310270909593504,3335.4640881581026
1511126351771,INFO,AGENT_EVENT,000000000000000000000010000000000001000000000001000000000010,0.05421207847941575,3290.4327991773835
1511126353434,INFO,AGENT_EVENT,000000010000000000000000000000000001000000000001000000000010,0.06866955212941575,2934.9577347196932
1511126355143,INFO,AGENT_EVENT,000000000000000000000000000000000001000000001001000000000010,0.040159554238368166,3688.486754634082
1511126356970,INFO,AGENT_EVENT,000000000010000000000000000000000001000000000001000000000010,0.05421207847941575,3296.2577120287497
1511126358602,INFO,AGENT_EVENT,000000000000000100000000000000000001000000000001000000000010,0.03922665077941574,3113.9281418690243
1511126360210,INFO,AGENT_EVENT,000000000000000010000000000000000001000000000001000000000010,0.03922665077941574,2916.536001834384
1511126363081,INFO,EXPLORE_EVENT,000000000000000000001000000000000001000000000001000000000010,0.04152060452941574,3344.2730148541714
1511126363361,INFO,AGENT_EVENT,000000000000000000001000000000000001000000000001001000000010,0.045576351282867585,4347.754491856858
1511126365178,INFO,AGENT_EVENT,000000000000000000011000000000000001000000000001000000000010,0.04152060452941574,3533.8730670048335
1511126366981,INFO,AGENT_EVENT,000000000000000000001000000000010001000000000001000000000010,0.04152060452941574,3625.6576630464806
1511126368900,INFO,AGENT_EVENT,000000100000000000001000000000000001000000000001000000000010,0.05598270202941574,3603.4970414653667
1511126370981,INFO,AGENT_EVENT,000000000000000000001000000000000001000000000001000000001010,0.04677679684171114,4953.059491705647
1511126374410,INFO,EXPLORE_EVENT,000000000000000000001000000000000001000000000101000000000010,0.04426650122060907,3932.361611990382
1511126374552,INFO,AGENT_EVENT,000000000000000000001000010000000001000000000101000000000010,0.043769471088962696,4040.0537155231377
1511126376560,INFO,AGENT_EVENT,000000000000000000001000000000000001000001000101000000000010,0.049571957626571045,4394.458820399763
1511126378489,INFO,AGENT_EVENT,000000000000000000001000000000100001000000000101000000000010,0.03772872609070646,4198.006039837408
1511126380630,INFO,AGENT_EVENT,000000000000000000001000000000000001010000000101000000000010,0.052542320838849674,4038.9494630795443
1511126382862,INFO,CLICK_EVENT,000000000000000000001000000000000001000000000001000000000010,0.04152060452941574,3344.2730148541714
1511126383113,INFO,AGENT_EVENT,000000000000000001001000000000000001000000000101000000000010,0.09548927541891837,4205.624389901744
1511126385251,INFO,AGENT_EVENT,000000000000100000001000000000000001000000000101000000000010,0.060840357093279104,4285.608443960828
1511126385834,INFO,CLICK_EVENT,001000000000000000000000000000000001000000000001000000000010,0.045310270909593504,3335.4640881581026
1511126387605,INFO,AGENT_EVENT,001000000000000000001000000000000001000000000101000000000010,0.050350121350786835,4601.572976489013
1511126389705,INFO,AGENT_EVENT,000000001000000000001000000000000001000000000101000000000010,0.04662996872060907,4615.731367618902
1511126391627,INFO,AGENT_EVENT,000000000000000000011000000000000001000000000101000000000010,0.04426650122060907,4121.961664141044
1511126393723,INFO,AGENT_EVENT,000000000000000000001000000000000001000000000101100000000010,0.0698400495932791,4294.392206140314
1511126395848,INFO,AGENT_EVENT,000000000000000000001000000000000001000010000101000000000010,0.048980495505192484,4135.053807652028
1511126397964,INFO,AGENT_EVENT,000000000000000000001000000001000001000000000101000000000010,0.056487178827595214,4396.58000663999
1511126399989,INFO,AGENT_EVENT,000000100000000000001000000000000001000000000101000000000010,0.058728598720609065,4191.585638601577
1511126401700,INFO,AGENT_EVENT,000000000000000000001000000000000001000000000001000000000010,0.04152060452941574,3344.2730148541714
1511126403581,INFO,AGENT_EVENT,000000000000010000001000000000000001000000000101000000000010,0.04426650122060907,3997.704528700632
1511126405634,INFO,AGENT_EVENT,000001000000000000001000000000000001000000000101000000000010,0.09498561291891837,4298.297049912102
1511126407648,INFO,AGENT_EVENT,000000000000000000001000000001000001000000000101000000000010,0.056487178827595214,4396.58000663999
1511126409808,INFO,AGENT_EVENT,000000000000000000001000000000000001000000000101010000000010,0.05669328434560907,3998.7601070361507
1511126412006,INFO,AGENT_EVENT,000000000000000000001000000001000001000000000101000000000010,0.056487178827595214,4396.58000663999
1511126414011,INFO,AGENT_EVENT,000000000000000000001000000001000001000000000101000000000010,0.056487178827595214,4396.58000663999
1511126416071,INFO,AGENT_EVENT,000000000000000000001000000000000101000000000101000000000010,0.01573802792648853,4520.260298510566
1511126418018,INFO,AGENT_EVENT,000000000000010000001000000000000001000000000101000000000010,0.04426650122060907,3997.704528700632
1511126418731,INFO,CLICK_EVENT,000000000000000000000000000000000000000000000001000001000010,0.0843077584807816,1926.946097038302
1511126420116,INFO,AGENT_EVENT,000000000000000000001000000000000001000000100101000000000010,0.04864489725435883,4210.281606826629
1511126422089,INFO,AGENT_EVENT,000000000000000000001010000000000001000000000101000000000010,0.06195548289419929,5468.266444902328
1511126423956,INFO,AGENT_EVENT,000000000000000000001000000000000001000000100101000000000010,0.04864489725435883,4210.281606826629
1511126426807,INFO,AGENT_EVENT,000000000000000000001001000000000001000000000101000000000010,0.05016867737521513,5124.461153591017
1511126428870,INFO,AGENT_EVENT,000000000000000100001000000000000001000000000101000000000010,0.04288189602475438,4734.457518362346
1511126430927,INFO,AGENT_EVENT,000000000000000000001010000000000001000000000101000000000010,0.06195548289419929,5468.266444902328
1511126434719,INFO,EXPLORE_EVENT,000000000000000000001000000000010001000000000101000000000010,0.03621334774933829,4213.746260182692
1511126434940,INFO,AGENT_EVENT,000000000000000000001000000000010001000000000101000000010010,0.05953834901542625,5067.139926249109
1511126437189,INFO,AGENT_EVENT,000000000000000000101000000000010001000000000101000000000010,0.03621334774933829,4392.02410649436
1511126443100,INFO,EXPLORE_EVENT,000000000000000000001000000000010001000000000101000000000010,0.03621334774933829,4213.746260182692
1511126443837,INFO,EXPLORE_EVENT,000000000000000000001000000000010001000000000111000000000010,0.05611428552507218,5012.827346295599
1511126444207,INFO,EXPLORE_EVENT,000000000000000000001000000000010001000000000111000000000010,0.05611428552507218,5012.827346295599
1511126445201,INFO,EXPLORE_EVENT,000000000000000000001000000000010001000000000101000000000010,0.03621334774933829,4213.746260182692
1511126445799,INFO,CLICK_EVENT,000000000000000001000000000000000000000000000001000000000010,0.08153986609729984,2012.1795772982057
1511126446786,INFO,CLICK_EVENT,000000000000000001000000000000000001000000000001000000000010,0.08994576247772505,3030.2120030865294
1511126447352,INFO,EXPLORE_EVENT,000000000000000000101000000000010001000000000101000000000010,0.03621334774933829,4392.02410649436
1511126449052,INFO,EXPLORE_EVENT,000000000000000000101000000000010001000000000111000000000010,0.05611428552507218,5191.105192607269
1511126449151,INFO,EXPLORE_EVENT,000000000000000000101000000000010001000000000101000000000010,0.03621334774933829,4392.02410649436
1511126450816,INFO,EXPLORE_EVENT,000000000000000000101000000000010001000000000101000000000010,0.03621334774933829,4392.02410649436
1511126450817,INFO,AGENT_EVENT,000000000000000000101000000001010001000000000101000000000010,0.03621334774933829,4392.02410649436
1511126455904,INFO,AGENT_EVENT,000001000000000000101000000010010001000000000101000000000010,0.08466181352750059,4959.988518921365
1511126456199,INFO,EXPLORE_EVENT,000001000000000000101000000000010001000000000101000000000010,0.08733714305594172,4757.9595444160805
1511126458298,INFO,CLICK_EVENT,000001000000000000101000000000010001000000000101000000000010,0.08733714305594172,4757.9595444160805
1511126458469,INFO,AGENT_EVENT,000001000000000000101000000100010001000000000101000000000010,0.07525085185578423,4999.061137578849
1511126460865,INFO,AGENT_EVENT,000001010000000000101000000000010001000000000101000000000010,0.11575440440594173,4929.914864463496
1511126463259,INFO,AGENT_EVENT,000001000000000000101000000000010001000000010101000000000010,0.09878114477382774,5052.035204463001
1511126465314,INFO,CLICK_EVENT,000001010000000000101000000000010001000000000101000000000010,0.11575440440594173,4929.914864463496
1511126465767,INFO,AGENT_EVENT,000001000000000000101000000000010001000000010101000000000010,0.09878114477382774,5052.035204463001
1511126468316,INFO,AGENT_EVENT,010001000000000000101000000000010001000000000101000000000010,0.10226566435594173,4822.324976637609
1511126470894,INFO,AGENT_EVENT,000001000000000000101000000000010001000000000101000000000011,0.09999056072744657,5928.687910904842
1511126473756,INFO,AGENT_EVENT,000001000000000000101000000000010001000000000101000010000010,0.090625057649445,4950.490335736802
1511126476075,INFO,AGENT_EVENT,000001000000000000101000000000010001000000000101000000010010,0.11066214432202968,5611.353210482497
1511126478268,INFO,CLICK_EVENT,000001000000000000101000000000010001000000000101000000000011,0.09999056072744657,5928.687910904842
1511126478295,INFO,AGENT_EVENT,000001000000100000101000000000010001000000000101000000000010,0.10517508610872585,5105.589821525179
1511126480661,INFO,AGENT_EVENT,000001000000000000101000000000010001000000000101000001000010,0.09489114527762614,5036.6853435832345
1511126482870,INFO,CLICK_EVENT,000000000000000001000000000000000000000000000001000000000010,0.08153986609729984,2012.1795772982057
1511126483398,INFO,AGENT_EVENT,000001000000000000101000100000010001000000000101000000000010,0.09214519072246258,5342.287972926414
1511126485671,INFO,AGENT_EVENT,000001000000000000101000000000010001000000000101000000000110,0.09327340064446325,5970.5089957217915
1511126485831,INFO,CLICK_EVENT,000100000000000000000000000000000000000000000001000000000010,0.06978331204205734,2096.6286612367376
1511126488030,INFO,CLICK_EVENT,000000000000000000000000000000000000000000000001000100000010,0.06219231519900693,2413.1736700596366
1511126488053,INFO,AGENT_EVENT,000001000000000000101000000000010001010000000101000000000010,0.09561296267418232,4864.547395505243
1511126490251,INFO,AGENT_EVENT,000001000000000000100000000000010001000000000101000000000010,0.08504318930594172,4160.166779405794
1511126492483,INFO,AGENT_EVENT,000001000000000000101000010000010001000000000101000000000010,0.08703823949375009,4879.673030628882
1511126494467,INFO,CLICK_EVENT,010000000000000000000000000000000000000000000001000000000010,0.04736271549518607,1815.5267241654037
1511126494768,INFO,AGENT_EVENT,000001000000000000101000000000010001000000000101001000000010,0.09139288980939356,5761.441021418768
1511126497114,INFO,AGENT_EVENT,000001000000000000101000000000010001000000010101000000000010,0.09878114477382774,5052.035204463001
1511126498746,INFO,CLICK_EVENT,000000000000000001001000000000000001000000000101000000000010,0.09548927541891837,4205.624389901744
1511126499584,INFO,AGENT_EVENT,000001001000000000101000000000010001000000000101000000000010,0.09020427305594172,5351.989897714925
1511126500218,INFO,CLICK_EVENT,000000000000000000000000000000000000000000000000000000000000,0,0
1511126501047,INFO,CLICK_EVENT,000001000000000000001000000000000001000000000101000000000010,0.09498561291891837,4298.297049912102
1511126501938,INFO,AGENT_EVENT,000001000000000000101000000000010001000000000101010000000010,0.09976392618094172,4824.358039461849
1511126503088,INFO,CLICK_EVENT,000000000000000000000000000000000000000000000000000000000000,0,0
1511126503998,INFO,CLICK_EVENT,000000000000000000000000000000000000000000000000000000000000,0,0
1511126504351,INFO,AGENT_EVENT,001001000000000000101000000000010001000000000101000000000010,0.0713037721842254,5544.753831147288
1511126506562,INFO,AGENT_EVENT,000001000000000000100000000000010001000000000101000000000010,0.08504318930594172,4160.166779405794
1511126507672,INFO,CLICK_EVENT,000000000000000000000000000000000000000000000001000001000010,0.0843077584807816,1926.946097038302
1511126509013,INFO,AGENT_EVENT,100001000000000000101000000000010001000000000101000000000010,0.10427219110872585,5100.71543377857
1511126509572,INFO,CLICK_EVENT,000000000000000001000000000000000000000000000001000000000010,0.08153986609729984,2012.1795772982057
1511126511603,INFO,AGENT_EVENT,000001000000000000101000000000010001000010000101000000000010,0.09205113734052513,4960.6517400777275
1511126514069,INFO,AGENT_EVENT,000101000000000000101000000000010001000000000101000000000010,0.08962693302953188,5312.523614256157
1511126516602,INFO,AGENT_EVENT,000001000000000000101000000000010001000000000101000000000011,0.09999056072744657,5928.687910904842
1511126518856,INFO,AGENT_EVENT,000001010000000000101000000000010001000000000101000000000010,0.11575440440594173,4929.914864463496
1511126521047,INFO,AGENT_EVENT,000001000000000000101000000000010001000000001101000000000010,0.09252110244040841,5658.244092165632
1511126523119,INFO,AGENT_EVENT,000001000000000000101000000100010001000000000101000000000010,0.07525085185578423,4999.061137578849
1511126525099,INFO,AGENT_EVENT,000001000000000000100000000000010001000000000101000000000010,0.08504318930594172,4160.166779405794
1511126530294,INFO,EXPLORE_EVENT,000001000000000000101000000000010001000000010101000000000010,0.09878114477382774,5052.035204463001
1511126530735,INFO,AGENT_EVENT,000001000000000001101000000000010001000000010101000000000010,0.10089781441304219,6216.131495060619
1511126533240,INFO,AGENT_EVENT,000001000000000000101000000000010001000000010101000000000110,0.10241572623484094,6264.584655768711
1511126536242,INFO,AGENT_EVENT,000001000000000000101000000000010001000000010101000000000011,0.10957690671611243,6223.636177711229
1511126538637,INFO,AGENT_EVENT,000001000000000000101000001000010001000000010101000000000010,0.08935655056947482,5494.636631482271
1511126541349,INFO,AGENT_EVENT,000001000000000000101000000001010001000000010101000000000010,0.0968908400820443,5476.262752976371
1511126543590,INFO,AGENT_EVENT,000001000000000000101000000000010001000000010001000000000010,0.10163134442137957,4451.325305769389
1511126547855,INFO,CLICK_EVENT,000000000000000000000000000000000000000000000001000001000010,0.0843077584807816,1926.946097038302
1511126548523,INFO,EXPLORE_EVENT,000001000000000000101000000000010001000000010101000000100010,0.11212823139833832,5884.078802805912
1511126548680,INFO,AGENT_EVENT,000001000010000000101000000000010001000000010101000000100010,0.12345917889443914,6426.874152420625
1511126551173,INFO,AGENT_EVENT,000001000000000000101000000000000001000000010101000000100010,0.11977670126131497,5602.694154613604
1511126553474,INFO,CLICK_EVENT,000001000000000000000000000000000000000000000000000000000010,0.054144065624999994,995.9404262909989
1511126553712,INFO,AGENT_EVENT,000001000000000000111000000000010001000000010101000000100010,0.11077787281837073,6884.1840595684425
1511126555027,INFO,CLICK_EVENT,000000000000000001000000000000000000000000000001000000000010,0.08153986609729984,2012.1795772982057
1511126555890,INFO,CLICK_EVENT,000000000000000000000000000000000000000000000001000001000010,0.0843077584807816,1926.946097038302
1511126556439,INFO,AGENT_EVENT,000001000000000000101000000000110001000000010101000000100010,0.10806784555402996,6157.348681381714
1511126559122,INFO,AGENT_EVENT,000001000000000000101000000000011001000000010101000000100010,0.11010529066244099,6786.841629030985
1511126561853,INFO,AGENT_EVENT,001001000000000000101000000000010001000000010101000000100010,0.096094860526622,6670.873089537121
1511126564638,INFO,AGENT_EVENT,000001001000000000101000000000010001000000010101000000100010,0.11341971639833831,6478.109156104758
1511126567062,INFO,CLICK_EVENT,000100000000000000000000000000000000000000000001000000000010,0.06978331204205734,2096.6286612367376
1511126567441,INFO,AGENT_EVENT,000001100000000000101000000000010001000000010101000000100010,0.11328248862772691,6045.3320139981915
1511126569943,INFO,AGENT_EVENT,000001000000000000101000000000010101000000010101000000100010,0.09621572638443929,6484.587757636147
1511126572948,INFO,AGENT_EVENT,000001010000000000101000000000010001000000010101000000100010,0.1310598524458021,6056.034122853329
1511126575604,INFO,AGENT_EVENT,000001000010000000101000000000010001000000010101000000100010,0.12345917889443914,6426.874152420625
1511126578472,INFO,AGENT_EVENT,000001000000000000101000100000010001000000010101000000100010,0.11516432973985916,6468.407231316247
1511126581357,INFO,AGENT_EVENT,000001000000000000101000000000010001000000010101010000100010,0.13436229770571143,6006.133855947663
1511126584861,INFO,EXPLORE_EVENT,000001000000000000101000000000010001000000010101000000101010,0.11665978149410391,6959.348232271026
1511126585419,INFO,AGENT_EVENT,000001000000000000101000000000010001010000010101000000101010,0.12043388218489468,7065.428664036444
1511126588358,INFO,AGENT_EVENT,000001000000000100101000000000010001000000010101000000101010,0.11390843964769637,7892.435627227154
1511126591061,INFO,AGENT_EVENT,000001000000000000101000000000010001000000010101000000100010,0.11212823139833832,5884.078802805912
1511126594170,INFO,AGENT_EVENT,000001001000000000101000000000010001000000010101000000101010,0.11716344399410392,7553.378585569872
1511126600025,INFO,EXPLORE_EVENT,000001000000000000101000000000010001000000010100000000101010,0.11131660928374953,6143.260551643427
1511126600744,INFO,EXPLORE_EVENT,000001000000000000101000000000010001000000000100000000101010,0.10315152904642019,5853.204679462147
1511126602036,INFO,EXPLORE_EVENT,000001000000000000101000000000010001000000000000000000101010,0.09937592109602936,5058.968665586026
1511126602581,INFO,AGENT_EVENT,001001000000000000101000000000010001000000000000000000101010,0.08414168617293574,5845.7629523172345
1511126604810,INFO,AGENT_EVENT,000001000000000001101000000000010001000000000000000000101010,0.10142277868688884,6223.0649561836435
1511126606804,INFO,AGENT_EVENT,000001000000000000101000000000010101000000000000000000101010,0.08620260583585662,5659.47762041626
1511126609162,INFO,AGENT_EVENT,000001000001000000101000000000010001000000000000000000101010,0.07717834943271501,6104.401612600781
1511126611340,INFO,AGENT_EVENT,000001000000000000101000000000010001001000000000000000101010,0.13739074139738253,5700.125831406467
1511126613962,INFO,AGENT_EVENT,000001000000000000101000000000010001010000000000000000101010,0.13010061563866016,5223.264650990521
1511126615980,INFO,AGENT_EVENT,000001000000000010101000000000010001000000000000000000101010,0.09928835244839695,6047.682037042854
1511126617998,INFO,AGENT_EVENT,000001000000000000101000000000010101000000000000000000101010,0.08620260583585662,5659.47762041626
1511126619967,INFO,AGENT_EVENT,000001000000000000111000000000010001000000000000000000101010,0.09802427885205134,6059.073922348556
1511126622392,INFO,AGENT_EVENT,001001000000000000101000000000010001000000000000000000101010,0.08414168617293574,5845.7629523172345
1511126624570,INFO,AGENT_EVENT,000001000000000000101000000000011001000000000000000000101010,0.09888912311794322,5961.731491811097
1511126629113,INFO,EXPLORE_EVENT,000001000000000000101000000000010001000000000000000000101010,0.09937592109602936,5058.968665586026
1511126629594,INFO,EXPLORE_EVENT,000001000000000000101000000000010001000000000000000000101010,0.09937592109602936,5058.968665586026
1511126629773,INFO,EXPLORE_EVENT,000001000000000000101000000000010001000000000000000000101010,0.09937592109602936,5058.968665586026
1511126630854,INFO,AGENT_EVENT,000001000000000000101000000000010001000000000000001000101010,0.09449562423635847,5565.727559385582
1511126633154,INFO,AGENT_EVENT,000001000000000000101000000000010001000000000000000010101010,0.09704888187112869,5431.332253476351
1511126637434,INFO,AGENT_EVENT,000001000000000000101000000000010000000000000001000000101010,0.10571228077494522,5036.437715337621
1511126637964,INFO,EXPLORE_EVENT,000001000000000000101000000000010001000000000001000000101010,0.11411817715537044,6077.183975087895
1511126639891,INFO,AGENT_EVENT,000001000000000000100000000000010001000000000001000000101010,0.11171029331680891,5479.391210077607
1511126645527,INFO,EXPLORE_EVENT,000001000000000000101000000000010001000000000001000000101010,0.11411817715537044,6077.183975087895
1511126647572,INFO,EXPLORE_EVENT,000001000000000000101000000000010001000000000001000000101000,0.11884678622772506,4402.917960948622
1511126648543,INFO,EXPLORE_EVENT,000001000000000000101000000000010001000000000001000000001000,0.09460318372772505,4223.2357145391115
1511126651911,INFO,EXPLORE_EVENT,000001000000000000101000000000010001000000000001000000101000,0.11884678622772506,4402.917960948622
1511126653862,INFO,EXPLORE_EVENT,000001000000000000101000000000010001000000000001000000100000,0.10670181372772505,3799.0899855217867
1511126655195,INFO,EXPLORE_EVENT,000001000000000000101000000000010001000000000001000000100000,0.10670181372772505,3799.0899855217867
1511126656396,INFO,EXPLORE_EVENT,000001000000000000101000000000010001000000000001000000101000,0.11884678622772506,4402.917960948622
1511126657450,INFO,EXPLORE_EVENT,000001000000000000101000000000010001000000000001000000100000,0.10670181372772505,3799.0899855217867
1511126657758,INFO,AGENT_EVENT,000001000000000000001000000000010001000000000001000000100000,0.10670181372772505,3620.8121392101175
1511126660086,INFO,AGENT_EVENT,000001000000000000101000000000010001000000100001000000100000,0.10049257206477089,4064.7941668072235
1511126662542,INFO,AGENT_EVENT,000001000000000000101000000000010001000000000001001000100000,0.10796937020323907,4507.124412880597
1511126664587,INFO,AGENT_EVENT,000001000000001000101000000000010001000000000001000000100000,0.1047734248217317,4956.410163916303
1511126666690,INFO,AGENT_EVENT,000001000000000000101000000010010001000000000001000000100000,0.10670181372772505,4001.11896002707
1511126668329,INFO,AGENT_EVENT,000001000000000000101000000000010001000000000000000000100000,0.09195955766838398,2780.874676019918
1511126673378,INFO,EXPLORE_EVENT,000001000000000000101000000000010001000000000001000000000000,0.09223971622772505,3539.865958910592
1511126677840,INFO,EXPLORE_EVENT,000001000000000000101000000000010001000000000001000000100000,0.10670181372772505,3799.0899855217867
1511126678341,INFO,EXPLORE_EVENT,000001000000000000101000000000010000000000000001000000100000,0.09829591734729984,2758.343725771513
1511126678865,INFO,EXPLORE_EVENT,000001000000000000100000000000010000000000000001000000100000,0.09600196359729983,2160.5509607612266
1511126679455,INFO,AGENT_EVENT,000001000000000010100000000000010000000000000001000000100000,0.09600196359729983,2316.721386630932
1511126681402,INFO,EXPLORE_EVENT,000001000000000000000000000000010000000000000001000000100000,0.09600196359729983,1902.045588265145
1511126681584,INFO,AGENT_EVENT,000001000000000000000000000000010000000000000001000000100010,0.09798486877025268,3104.87014836614
1511126685665,INFO,EXPLORE_EVENT,000000000000000001000000000000000000000000000001000000100000,0.09600196359729983,1641.3986155401226
1511126686045,INFO,EXPLORE_EVENT,000000000000000000000000000000010000000000000001000000100000,0.048952427945186075,1536.1101503434247
1511126686048,INFO,EXPLORE_EVENT,000000000000000001000000000000010000000000000001000000100000,0.09600196359729983,1900.0694297704827
1511126686510,INFO,EXPLORE_EVENT,000000000000000000000000000000010000000000000001000001100000,0.0997771809807816,1804.0747728462277
1511126688329,INFO,EXPLORE_EVENT,000000000000000000000000000000010000000000000001000001100001,0.06576576304898817,2979.8716927014757
1511126688764,INFO,AGENT_EVENT,001000000000000000000000000000010000000000000001000001100001,0.07184938317916593,3649.083057200107
1511126690783,INFO,AGENT_EVENT,000000000000000000000000000000010010000000000001000001100001,0.0779714558760256,4113.6994987024045
1511126692804,INFO,AGENT_EVENT,000000000000000000000000000000010000000000100001000001100001,0.061111283617638824,3246.9337874268604
1511126694704,INFO,AGENT_EVENT,000000000000000100000000000000010000000000000001000001100001,0.06576576304898817,3427.5471109110285
1511126696579,INFO,AGENT_EVENT,000000000000000000000000000010010000000000000001000001100001,0.06576576304898817,3090.681511853022
1511126699918,INFO,AGENT_EVENT,000000000000000000000000000000010000000000001001000001000001,0.06275491998110175,3712.914399377065
1511126700156,INFO,EXPLORE_EVENT,000000000000000000000000000000010000000000001001000001100001,0.062002595452388,4005.960192710045
1511126702011,INFO,AGENT_EVENT,000000000000000000000000000000010000010000001001000001100001,0.07470080796773841,4122.156337210393
1511126703527,INFO,AGENT_EVENT,000000000000000000000000000000010000000000001000000001100001,0.05780525163346213,2731.038100090988
1511126705422,INFO,AGENT_EVENT,000000000000000100000000000000010000000000001001000001100001,0.062002595452388,4453.635610919598
1511126707592,INFO,AGENT_EVENT,000000000000000000000000000000010000000000001001000001100101,0.04484592592568912,4701.652573780551
1511126709695,INFO,AGENT_EVENT,100000000000000000000000000000010000000000001001000001100001,0.07752936331481283,4437.516552843976
1511126713910,INFO,EXPLORE_EVENT,000000000000000000000000000000010000000000001001000001100001,0.062002595452388,4005.960192710045
1511126714006,INFO,CLICK_EVENT,000000000000000000000000000000010000000000000001000001100000,0.0997771809807816,1804.0747728462277
1511126714069,INFO,AGENT_EVENT,000000000000000000000000000000010000001000001001000001100001,0.07302395426568194,4431.160715433001
1511126716187,INFO,AGENT_EVENT,000000000000010000000000000000010000000000001001000001100001,0.062002595452388,4172.999040231283
1511126718366,INFO,AGENT_EVENT,000000000000000000000000100000010000000000001001000001100001,0.07752936331481283,4322.189431554412
1511126720134,INFO,CLICK_EVENT,000000000000000001000000000000000000000000000001000000100000,0.09600196359729983,1641.3986155401226
1511126721179,INFO,AGENT_EVENT,000000000000000000000001000000010000000000001001000001100001,0.06815495344183148,5008.288085067823
1511126722671,INFO,CLICK_EVENT,000001000000000010100000000000010000000000000001000000100000,0.09600196359729983,2316.721386630932
1511126722899,INFO,AGENT_EVENT,000000000000000000000000000000010000000000001001000001100000,0.09579424381081673,2826.3088038208384
1511126724537,INFO,AGENT_EVENT,000000000000000000000000000000010000000000001001000001100000,0.09579424381081673,2826.3088038208384
1511126727028,INFO,AGENT_EVENT,000000000000000000000001000000010000000000001001000001100001,0.06815495344183148,5008.288085067823
1511126729321,INFO,AGENT_EVENT,000000000100000000000000000000010000000000001001000001100001,0.06403549428547592,4871.80986758103
1511126729640,INFO,CLICK_EVENT,000000000000000000000000000000010000000000001001000001100000,0.09579424381081673,2826.3088038208384
1511126731443,INFO,AGENT_EVENT,000000000000000000000000000010010000000000001001000001100001,0.062002595452388,4116.770011861592
1511126733998,INFO,AGENT_EVENT,000001000000000000000000000000010000000000001001000001100001,0.0954063888546815,4371.895630631765
1511126735636,INFO,CLICK_EVENT,000000000000000000000000000000010000000000000001000001100000,0.0997771809807816,1804.0747728462277
1511126736361,INFO,AGENT_EVENT,000000000000000000000000000000010010000000001001000001100001,0.07420828827942544,5139.787998710974
1511126738847,INFO,AGENT_EVENT,000000000000000000000000000000010000000000001001000001101001,0.06197651144725747,4993.081667029903
1511126741710,INFO,CLICK_EVENT,000000000000000000000000000000010000000000000001000001100000,0.0997771809807816,1804.0747728462277
1511126741764,INFO,AGENT_EVENT,000000000000000000000000000000010000000000001001000101100001,0.06552783202909462,4261.001166470338
1511126744056,INFO,AGENT_EVENT,000000000000000000000000000000010000000000001001000001101001,0.06197651144725747,4993.081667029903
1511126747319,INFO,CLICK_EVENT,000000000000000000000000000000010000000000000001000001100000,0.0997771809807816,1804.0747728462277
1511126748608,INFO,EXPLORE_EVENT,000000000000000000000000000000000000000000001001000001100001,0.062002595452388,3747.2893784796843
1511126748757,INFO,CLICK_EVENT,000000000000000001000000000000000000000000000001000000100000,0.09600196359729983,1641.3986155401226
1511126748837,INFO,EXPLORE_EVENT,000000000000000000000000000000000000000000011001000001100001,0.0674096513043436,4030.515477350561
1511126750151,INFO,AGENT_EVENT,000000100000000000000000000000000000000000011001000001100001,0.07614624994157806,4289.739503961757
1511126752458,INFO,AGENT_EVENT,000000010000000000000000000000000000000000011001000001100001,0.08899010822291267,4299.220488410783
1511126754627,INFO,CLICK_EVENT,000001000000000000100000000000010001000000000101000000000010,0.08504318930594172,4160.166779405794
1511126754888,INFO,AGENT_EVENT,000000000000000001000000000000000000000000011001000001100001,0.10110532052582594,4394.474756777619
1511126757229,INFO,AGENT_EVENT,000000000000000000000000000000000000000010011001000001100001,0.07223940797141107,4219.147504908633
1511126761997,INFO,EXPLORE_EVENT,000000000000000000000000000000000000000000001001000001100001,0.062002595452388,3747.2893784796843
1511126762602,INFO,EXPLORE_EVENT,000000000000000000000000000000010000000000001001000001100001,0.062002595452388,4005.960192710045
1511126763465,INFO,AGENT_EVENT,000000100000000000000000000000010000000000001001000001100001,0.07040187158947636,4265.18421932124
1511126764084,INFO,CLICK_EVENT,000000000000000000000000000000010000000000000001000001100000,0.0997771809807816,1804.0747728462277
1511126765826,INFO,AGENT_EVENT,000000010000000000000000000000010000000000001001000001100001,0.08556469199995886,4274.665203770267
1511126768153,INFO,AGENT_EVENT,000000000010000000000000000000010000000000001001000001100001,0.062002595452388,4635.965181079323
1511126770309,INFO,AGENT_EVENT,000000000000000000000000001000010000000000001001000001100001,0.062002595452388,4677.470904413518
1511126771048,INFO,CLICK_EVENT,000000000000000000000000000000010000000000000001000000100000,0.048952427945186075,1536.1101503434247
1511126772559,INFO,AGENT_EVENT,000000000000000000000000000000010000000000001101000001100001,0.061175599079204494,4592.820791671349
1511126772677,INFO,CLICK_EVENT,000000000000000001000000000000010000000000000001000000100000,0.09600196359729983,1900.0694297704827
1511126775350,INFO,AGENT_EVENT,000000000001000000000000000000010000000000001001000001100001,0.06681487062559734,5015.2647393920615
1511126776634,INFO,CLICK_EVENT,000001000000000000100000000000010000000000000001000000100000,0.09600196359729983,2160.5509607612266
1511126777671,INFO,AGENT_EVENT,000000000000000000000000000000010000000000011001000001100001,0.0674096513043436,4289.1862915809215
1511126778484,INFO,CLICK_EVENT,000000000000000001000000000000000000000000000001000000100000,0.09600196359729983,1641.3986155401226
1511126779927,INFO,CLICK_EVENT,000000000000000001000000000000000000000000000001000000000010,0.08153986609729984,2012.1795772982057
1511126779940,INFO,AGENT_EVENT,000000000000000000001000000000010000000000001001000001100001,0.06599369793030806,4562.587830798356
1511126781253,INFO,CLICK_EVENT,000000000000000000000000000000000000000000000000000000000000,0,0
1511126781844,INFO,CLICK_EVENT,000000000000000000000000000000010000000000001001000001100000,0.09579424381081673,2826.3088038208384
1511126782055,INFO,AGENT_EVENT,000000000000000100000000000000010000000000001001000001100001,0.062002595452388,4453.635610919598
1511126787001,INFO,EXPLORE_EVENT,000000000000000000000000000000010000000000001001000001100000,0.09579424381081673,2826.3088038208384
1511126787087,INFO,EXPLORE_EVENT,000000000000000000000000000000010000000000001001000001100100,0.04399660665679157,3962.1625887784767
1511126788216,INFO,EXPLORE_EVENT,000000000000000000000000000000010000000000001001000001100001,0.062002595452388,4005.960192710045
1511126788957,INFO,AGENT_EVENT,000000000000000001000000000000010000000000001001000001100001,0.0954063888546815,4369.919472137103
1511126791495,INFO,AGENT_EVENT,000000000000000000000000000000010000000000001001000001110001,0.06658716536728662,4330.821916638446
1511126791918,INFO,CLICK_EVENT,000000000000000001000000000000000000000000000001000000000010,0.08153986609729984,2012.1795772982057
1511126793223,INFO,CLICK_EVENT,000000000000000000000000000000000000000000000001000001000010,0.0843077584807816,1926.946097038302
1511126793770,INFO,AGENT_EVENT,000000000000000000001000000000010000000000001001000001100001,0.06599369793030806,4562.587830798356
1511126796150,INFO,AGENT_EVENT,000000000000000000000000000000010000000000001001000001101001,0.06197651144725747,4993.081667029903
1511126798497,INFO,AGENT_EVENT,000000000000000000000000000000010000000000001001010001100001,0.07064316142916295,4137.298348292608
1511126802482,INFO,EXPLORE_EVENT,000000000000000000000000000000110000000000001001000001100001,0.062002595452388,4158.778588279017
1511126802590,INFO,AGENT_EVENT,000000000000000000000000010000110000000000001001000001100001,0.062002595452388,4226.939162776226
1511126805019,INFO,AGENT_EVENT,000001000000000000000000000000110000000000001001000001100001,0.0954063888546815,4524.714026200737
1511126807645,INFO,AGENT_EVENT,000000000000000000000000000000110000100000001001000001100001,0.06445362717518749,4733.754621847522
1511126809801,INFO,AGENT_EVENT,000000000000000000000000010000110000000000001001000001100001,0.062002595452388,4226.939162776226
1511126811963,INFO,AGENT_EVENT,000000000000000000000000000000110000100000001001000001100001,0.06445362717518749,4733.754621847522
1511126814196,INFO,AGENT_EVENT,000000000000000000000000000000110000000000001001000001110001,0.06658716536728662,4483.640312207418
1511126816377,INFO,AGENT_EVENT,000000000000000000100000000000110000000000001001000001100001,0.062002595452388,4417.283960775098
1511126818872,INFO,AGENT_EVENT,000100000000000000000000000000110000000000001001000001100001,0.0963685305333886,4607.186951644607
1511126821228,INFO,AGENT_EVENT,001000000000000000000000000000110000000000001001000001100001,0.06808621558256577,4827.989952777649
1511126823535,INFO,AGENT_EVENT,000000000000000000000000000000110000100000001001000001100001,0.06445362717518749,4733.754621847522
1511126825253,INFO,AGENT_EVENT,000000000000000000000000000000110000000000001000000001100001,0.05780525163346213,2883.85649565996
1511126827464,INFO,AGENT_EVENT,000000001000000000000000000000110000000000001001000001100001,0.06599369793030806,4720.755690801148
1511126829604,INFO,AGENT_EVENT,000000000000000000000000000000110000000000001101000001100001,0.061175599079204494,4745.639187240321
1511126831868,INFO,AGENT_EVENT,000000000000000000000000000000110000000000001011000001100001,0.0647401183173348,5038.026425187956
1511126833911,INFO,AGENT_EVENT,000000000000001000000000000000110000000000001001000001100001,0.062002595452388,4825.648964524073
1511126836005,INFO,AGENT_EVENT,000000000000000000010000000000110000000000001001000001100001,0.062002595452388,4426.629858270024
1511126838289,INFO,AGENT_EVENT,000000001000000000000000000000110000000000001001000001100001,0.06599369793030806,4720.755690801148
1511126840805,INFO,AGENT_EVENT,000100000000000000000000000000110000000000001001000001100001,0.0963685305333886,4607.186951644607
1511126843655,INFO,AGENT_EVENT,000000000000000000000000000000110000000000001001000101100001,0.06552783202909462,4413.81956203931
1511126845713,INFO,AGENT_EVENT,000000000000000010000000000000110000000000001001000001100001,0.062002595452388,4409.06186645393
1511126848820,INFO,AGENT_EVENT,000000000000000000000000000000110000000000001001000000000001,0.05059557720314183,3364.8407974949223
1511126849008,INFO,EXPLORE_EVENT,000000000000000000000000000000110000000000001001000001000001,0.06275491998110175,3865.732794946037
1511126852296,INFO,EXPLORE_EVENT,000000000000000000000000000000010000000000001001000001000001,0.06275491998110175,3712.914399377065
1511126854653,INFO,EXPLORE_EVENT,000000000000000000000000000000000000000000001001000001000001,0.06275491998110175,3454.243585146705
1511126856893,INFO,EXPLORE_EVENT,000000000000000000000000000000000000000000001001000001000001,0.06275491998110175,3454.243585146705
1511126858111,INFO,AGENT_EVENT,000000000000000000000000000000000000000000000000000001000001,0.05606175873571281,1510.1965441331308
1511126858539,INFO,EXPLORE_EVENT,000000000000000000000000000000000000000000000001000001000001,0.06508439586940411,2428.1550851381353
1511126859953,INFO,AGENT_EVENT,000000000000000000000000000000000000000000100001000001000001,0.06762993397544977,2695.217179863521
1511126863201,INFO,EXPLORE_EVENT,000000000000000000000000000000000000000000000001000001000000,0.0843077584807816,1384.1507474235896
1511126864430,INFO,EXPLORE_EVENT,000000000000000000000000000000000000000000000000000001000000,0.06140520000000001,365.9354379217204
1511126864717,INFO,AGENT_EVENT,000000000000000000000000000000000000000100000000000001000000,0.09970047381105936,805.9290791940011
1511126865482,INFO,EXPLORE_EVENT,000000000000000000000000000000000000000000000000000000000000,0.0,0.0
1511126877384,INFO,CLEAR_SCREEN,000000000000000000000000000000000000000000000000000000000000,N/A,N/A
1511126910734,INFO,EXPLORE_EVENT,000000000000000000000000000000000000000000000000000000010000,0.02544675,268.75502213727935
1511126913821,INFO,EXPLORE_EVENT,000000000000000000000000000000000000000000000000000000011000,0.026211401250000002,874.6011011567668
1511126923398,INFO,EXPLORE_EVENT,000000000000000000000000000000000000000000000100000000011000,0.029987009200390827,1668.8371150328903
1511126930710,INFO,EXPLORE_EVENT,000000000000000000000000000000000000000000000100000000011100,0.012265187380152181,3056.234064072223
1511126935633,INFO,EXPLORE_EVENT,000000000000000000000000000000000000000000000100000000011000,0.029987009200390827,1668.8371150328903
1511126947481,INFO,EXPLORE_EVENT,000000000000000000000000000000000000000000000100000000011000,0.029987009200390827,1668.8371150328903
1511126953760,INFO,CLICK_EVENT,000000000000000000000000000000000000000000000000000000010000,0.02544675,268.75502213727935
1511126971408,INFO,CLEAR_SCREEN,000000000000000000000000000000000000000000000100000000011000,N/A,N/A
1511127602237,INFO,TREATMENT_1,000000000000000000000000000000000000000000000000000000000000,N/A,N/A
1511127611010,INFO,EXPLORE_EVENT,000000000000000000000000000000000000000000000000000000000001,0.057578128125,371.2660324671776
1511127615360,INFO,EXPLORE_EVENT,000000000000000000000000000000000000000000000000000000000011,0.07591210883437499,477.6670234435528
1511127623041,INFO,EXPLORE_EVENT,000000000000000000000000000000000000000000000100000000000011,0.07591210883437499,917.6400689105801
1511127625837,INFO,EXPLORE_EVENT,000000000000000000000000000000000000000000000000000000000011,0.07591210883437499,477.6670234435528
1511127631972,INFO,EXPLORE_EVENT,000000000000000000000000000000000000000000000000000000000111,0.059621556455690686,1115.0938872519353
1511127640243,INFO,EXPLORE_EVENT,000000000000000000000000000000000000000000001000000000000111,0.059621556455690686,1756.1880529497153
1511127674697,INFO,EXPLORE_EVENT,000000000000000000000000000000000000000000001001000000000111,0.07207557248412504,2218.1553188666358
1511127699473,INFO,EXPLORE_EVENT,000000000000000000000000000000000000000000001011000000000111,0.06813448493708599,2415.529265166565
1511127717772,INFO,EXPLORE_EVENT,000000000000000000000000000000000000000000001011000000000111,0.06813448493708599,2415.529265166565
1511127731106,INFO,EXPLORE_EVENT,000000000000000000000000000000001000000000001011000000000111,0.06813448493708599,3082.3996414116205
1511127736756,INFO,EXPLORE_EVENT,000000000000000000000000000000001000000000011011000000000111,0.06778729228091986,3190.1945051302964
1511127754849,INFO,EXPLORE_EVENT,000000000000000000000000000000001000000000011011000000000111,0.06778729228091986,3190.1945051302964
1511127795171,INFO,EXPLORE_EVENT,000000000000000000000000000000001000000000011011000000010111,0.07831661132300406,3298.6106085481993
1511127803845,INFO,EXPLORE_EVENT,000000000000000000000000000000001000000000011011000010010111,0.07153022751635436,4185.417238388976
1511127810733,INFO,EXPLORE_EVENT,000000100000000000000000000000001000000000011011000010010111,0.10739215628721784,4616.973598522907
1511127818769,INFO,EXPLORE_EVENT,000001100000000000000000000000001000000000011011000010010111,0.11786242935754943,5840.637686920774
1511127829110,INFO,EXPLORE_EVENT,000001100000000000000000000000101000000000011011000010010111,0.12215122575442988,6449.329131661532
1511127841022,INFO,EXPLORE_EVENT,000001100000000001000000000000101000000000011011000010010111,0.12598697709814427,7458.63367834355
1511127865340,INFO,EXPLORE_EVENT,000000000000000000000000000000001000000000011011000000010111,0.07831661132300406,3298.6106085481993
1511127867952,INFO,EXPLORE_EVENT,000000000000000000000000000000001000000000011011000000000111,0.06778729228091986,3190.1945051302964
1511127871459,INFO,EXPLORE_EVENT,000000000000000000000000000000001000000000011011000000000111,0.06778729228091986,3190.1945051302964
1511127873350,INFO,EXPLORE_EVENT,000000000000000000000000000000001000000000001011000000000111,0.06813448493708599,3082.3996414116205
1511127877904,INFO,EXPLORE_EVENT,000000000000000000000000000000000000000000000011000000000111,0.09477231530232227,1592.592415712083
1511127883188,INFO,EXPLORE_EVENT,000000000000000000000000000000000000000000000001000000000001,0.059150628125,742.4795755918017
1511127885128,INFO,EXPLORE_EVENT,000000000000000000000000000000000000000000000001000000000000,0.057578128125,371.2135431246241
1511127886428,INFO,EXPLORE_EVENT,000000000000000000000000000000000000000000000000000000000000,0.0,0.0
1511127891416,INFO,CLEAR_SCREEN,000000000000000000000000000000000000000000000000000000000000,N/A,N/A
1511127908628,INFO,EXPLORE_EVENT,000000000000000000000000000000000000000000000000000000000001,0.057578128125,371.2660324671776
1511127912432,INFO,EXPLORE_EVENT,000000000000000000000000000000000000000000000010000000000001,0.057578128125,582.6436472060047
1511127923571,INFO,EXPLORE_EVENT,000000000000000000000000000000000000000000000010000000000001,0.057578128125,582.6436472060047
1511127929175,INFO,EXPLORE_EVENT,000000000000000000000000000000000000000000000010000000000101,0.05851537663412336,1125.876547540352
1511127934216,INFO,EXPLORE_EVENT,000000000000000000000000000000001000000000000010000000000101,0.05851537663412336,1792.7469237854075
1511127941956,INFO,EXPLORE_EVENT,000000000000000000000010000000001000000000000010000000000101,0.05965202038412336,2046.4671706336699
1511127950447,INFO,CLICK_EVENT,000000000000000000000000000000000000000000000000000000000001,0.057578128125,371.2660324671776
1511127967271,INFO,CLEAR_SCREEN,000000000000000000000000000000000000000000000000000000000011,N/A,N/A
1511128264662,INFO,TREATMENT_2,000000000000000000000000000000000000000000000000000000000000,N/A,N/A
1511128298516,INFO,FILTER_EVENT,000000000000000000000000000000000000000000000000000000000001,-1,-1
1511128300493,INFO,FILTER_EVENT,000000000000000000000000000000000000000000000001000000000000,-1,-1
1511128300595,INFO,FILTER_EVENT,000000000000000000000000000000000000000000000001000000000001,-1,-1
1511128307092,INFO,FILTER_EVENT,000000000000000000000000000000000000000000000001000000000000,-1,-1
1511128308638,INFO,FILTER_EVENT,000000000000000000000000000000000000000000000000000000000000,-1,-1
1511128338758,INFO,AGENT_EVENT,000010001100000011000000000000010000011000100100100000000000,0.06869075563224158,6620.366623788343
1511128340368,INFO,AGENT_EVENT,001000000000010010010000000100110000010000100001000001010000,0.1416714786365071,5815.085457259991
1511128341182,INFO,AGENT_EVENT,000100000000000000000000100000000000000000000000000001000000,0.03817627997030648,2142.570356868936
1511128342273,INFO,AGENT_EVENT,000000000100010000000000000000000000010010010010010000000000,0.08288320409565197,2679.072523499291
1511128343398,INFO,AGENT_EVENT,000000000000010000000100000010000000000000010010000000001000,0.08218110022871561,2302.4596481145236
1511128344066,INFO,CLICK_EVENT,001000000000010010010000000100110000010000100001000001010000,0.1416714786365071,5815.085457259991
1511128344640,INFO,AGENT_EVENT,000000000000000000100000000000000000000000010011000011000100,0.10333648948628205,3117.5457396329234
1511128345772,INFO,AGENT_EVENT,000000000100010000000000000000000000010010000010000000101000,0.13445547790133228,3507.2114483834616
1511128346454,INFO,AGENT_EVENT,000100000000000000000000000000000010000000000000000000000000,0.003685949525120469,1116.1329530458977
1511128347741,INFO,AGENT_EVENT,000000000100010000000000000000000000010010100010000000010010,0.1428025318106798,3158.0796054581742
1511128349060,INFO,AGENT_EVENT,000000000000010001000010000010000000010000010000000000000100,0.0677744853181349,3040.191264147975
1511128349339,INFO,CLICK_EVENT,000000000100010000000000000000000000010010100010000000010010,0.1428025318106798,3158.0796054581742
1511128350703,INFO,AGENT_EVENT,000000000001000011000010000100000000101100100101000000010010,0.13841149661249696,7160.954158347385
1511128351542,INFO,AGENT_EVENT,000000000000010000000000000000000000000010000000000010000000,0.04781305999999996,1464.9877592043954
1511128353056,INFO,AGENT_EVENT,000000000000001000000100010001110010010110001000000010010001,0.15427297273262708,8009.021354337113
1511128354595,INFO,AGENT_EVENT,000010010001000100000000000100000000101000100101000000010010,0.13076423035642004,6480.7940280269595
1511128355406,INFO,AGENT_EVENT,000000000100000000000000000000000000000000000000000100000000,0.057495210123111096,1242.9463066809717
1511128356061,INFO,AGENT_EVENT,000000000000000000000000000000010000100000000000000000000000,0.0,417.89634425395434
1511128356908,INFO,AGENT_EVENT,000100000000000000000000000000000000000000000000000010010000,0.04730874597512047,1537.6440443339752
1511128357838,INFO,AGENT_EVENT,000000000000000000001000000000000000010010010010010000000000,0.04475440025015209,2631.1705135721104
1511128359247,INFO,AGENT_EVENT,000001000000000000000000000100000000101000100101000000011010,0.11212849768289523,5569.172335020219
1511128360632,INFO,AGENT_EVENT,000000000000010000000100000010000000000010010101000000010010,0.1250876967656921,3475.0606126803586
1511128361797,INFO,AGENT_EVENT,000000000100010000000000000000000000000010010010110000000001,0.14199579465130663,2744.3826707205953
1511128362861,INFO,AGENT_EVENT,000000000100000000000000000000000000000010010010110000000001,0.13617011531779633,2475.6776596603736
1511128364253,INFO,AGENT_EVENT,000000100100000000000000000000000000101000100101000000010010,0.1290609694706346,4013.217785434508
1511128365541,INFO,AGENT_EVENT,000000000000001000000100010001110010010110001000000010000000,0.0831306317857855,6917.819047537404
1511128366771,INFO,AGENT_EVENT,000000100000000000100011010100010010000000000000000000000010,0.13615948616249995,3157.4648855983637
1511128367413,INFO,AGENT_EVENT,000000000000000000000000000000010000100000000000000000000000,0.0,417.89634425395434
1511128367547,INFO,CLICK_EVENT,000000000100010000000000000000000000000010010010110000000001,0.14199579465130663,2744.3826707205953
1511128368534,INFO,AGENT_EVENT,000000000100010000000000000000000000010010010110010000000000,0.07894107534602779,2905.013406700027
1511128369364,INFO,AGENT_EVENT,000000000000000000001000000000000000000000000000000000000001,0.06366174825517779,1040.4773969658086
1511128370390,INFO,AGENT_EVENT,100100000100000000000000000000000000000000000001000100000000,0.07647505630046914,2589.7176102101976
1511128371287,INFO,AGENT_EVENT,100000000000000000000000000000010000010010010110010000000000,0.045689641687517435,2614.1629064066497
1511128371953,INFO,AGENT_EVENT,000000000000000000100000000000000000000000000000000000000000,0.021025948837499975,431.63363893128997
1511128372828,INFO,AGENT_EVENT,000010000000000000000000000000010000100000000000000000010000,0.031619571250000034,1212.13931280379
1511128374406,INFO,AGENT_EVENT,000010010001000100000000000100000000111000100101000000010010,0.1297153860686464,6753.026398062112
1511128375542,INFO,AGENT_EVENT,000000000000000000000011010100010010000000000000100000000010,0.11737005874999995,2519.9953209807645
1511128376775,INFO,AGENT_EVENT,000000000100010000000000000000100000010010010110010000000000,0.10027313004062322,3332.751427579364
1511128377530,INFO,AGENT_EVENT,000000000000000000000100000000000000000000000000000000000000,0.046922313256620996,448.4685696012415
1511128379411,INFO,AGENT_EVENT,000010010001000100001000000100000000101000100101000000010010,0.13291014478638463,6963.097870607053
1511128381393,INFO,AGENT_EVENT,000100100000111000010000000000100001000001000100110000100010,0.16503456916381265,6907.228124804981
1511128382713,INFO,AGENT_EVENT,001000000000010010010000010100110000010000000000100000000010,0.0710026337681654,4842.105634048518
1511128383413,INFO,CLICK_EVENT,000000000100010000000000000000000000000010010010110000000001,0.14199579465130663,2744.3826707205953
1511128383928,INFO,AGENT_EVENT,000000000100010000000000000000000000000000000000001000010010,0.12271537718505265,1571.6892988139766
1511128384768,INFO,AGENT_EVENT,000000000100000000100000000000000000000000000000000000000000,0.07171003853491009,880.1022085325314
1511128386590,INFO,AGENT_EVENT,000000000000000000100000000000000000000000010011000011000110,0.10541405702269246,3306.1067797168694
1511128387325,INFO,AGENT_EVENT,000000000000000000000000000000010001100000000000000000000000,0.05414406562499996,678.6566292765195
1511128388594,INFO,AGENT_EVENT,000000000110010000000000000000000000010010100010000000010000,0.12110697555625571,3324.4225855666004
1511128389467,INFO,AGENT_EVENT,000010000000010000000000000001000000000000000000000000000000,0.06370004136604679,1901.0378917872788
1511128391295,INFO,AGENT_EVENT,000000100000010010010000000110110000010000100001000001010000,0.15767543775369974,6565.211293787168
1511128392814,INFO,AGENT_EVENT,010000000000000000100000000000000000000000010011000011000110,0.13103970269827303,3574.811790777091
1511128394043,INFO,AGENT_EVENT,000000000100110000000000000000000000000000000000001000010010,0.14542967718505273,1746.7089374085087
1511128395004,INFO,AGENT_EVENT,000000000100010000000000000000000000000000000000000000010000,0.1012787452256777,881.5194741039389
1511128396357,INFO,CLICK_EVENT,000000000100110000000000000000000000000000000000001000010010,0.14542967718505273,1746.7089374085085
1511128397002,INFO,AGENT_EVENT,000000100000111000010000000000100001000001000100110000010010,0.18278973456322567,5443.7375362119
1511128398651,INFO,AGENT_EVENT,000100100000111000010010000000100001000001000100100000000000,0.14166188248961564,6018.294965841782
1511128399680,INFO,AGENT_EVENT,000010100000111000000000000000010000100000000000000000000000,0.07350999519643064,3281.6927418530076
1511128401783,INFO,AGENT_EVENT,010000100000111000010000000000100001000001000100110000010010,0.19077611018061746,5620.702049775419
1511128403883,INFO,AGENT_EVENT,000000000100110000100000000000000000000000010011000011000100,0.18625880384382765,3918.85634659458
1511128404763,INFO,AGENT_EVENT,000000000100001000000000000000000000000000000000000100000000,0.05978916387311106,1926.0141328702337
1511128406021,INFO,AGENT_EVENT,000000100000010010000000000000000000000010010110110000000001,0.1373749745373749,4698.731953583705
1511128408048,INFO,AGENT_EVENT,000000100000111000010000000000100001001001000100110000010010,0.1827199194453495,6585.712097390415
1511128408918,INFO,AGENT_EVENT,000000000100011000000000000000000000000000000000000000000000,0.0704238252256777,1323.009464522357
1511128410722,INFO,AGENT_EVENT,110000010001000000000000000100000000101000100101000000010110,0.15226442169189347,5719.490276795879
1511128411521,INFO,AGENT_EVENT,000000000000000000000001010000100000000000000000000000000000,0.07517001446250005,964.1287062438323
1511128413554,INFO,AGENT_EVENT,000000100000000000100011000000100001000001000100010000010010,0.2061956259521568,3718.8799277095604
1511128413678,INFO,CLICK_EVENT,000000000100110000000000000000000000000000000000001000010010,0.14542967718505273,1746.7089374085085
1511128414243,INFO,AGENT_EVENT,000000000000000000000000000000010000101000000000000000000000,0.0022939537499999663,992.2017579588208
1511128416005,INFO,AGENT_EVENT,010000100000111000010100000000100001000000000000000000010000,0.18329051113198047,3722.4100400635734
1511128416094,INFO,CLICK_EVENT,000000100000000000100011000000100001000001000100010000010010,0.2061956259521568,3718.8799277095604
1511128417260,INFO,AGENT_EVENT,000000000100010000000000000000000000100010010010110000000001,0.13889710165122648,3645.8899845593323
1511128417727,INFO,CLICK_EVENT,000000000100110000000000000000000000000000000000001000010010,0.14542967718505273,1746.7089374085085
1511128418913,INFO,AGENT_EVENT,000000100000000000100011000000100001000001000100000000000010,0.1473298296021568,3501.6800900232447
1511128420828,INFO,AGENT_EVENT,000010000001010000000011000000100001000001000100010000010010,0.20425865066403381,4592.309453263726
1511128422439,INFO,AGENT_EVENT,000000000110110000000000000000000000101000100101000000010010,0.16756986362735737,4196.597011635645
1511128423549,INFO,AGENT_EVENT,000000000100010000000000000000000000000000000100000000010010,0.11961272593505268,1428.2694610648127
1511128424891,INFO,AGENT_EVENT,000000000000010000000100000000100001000001000100000100000010,0.130785239281495,3709.8986948343113
1511128425720,INFO,AGENT_EVENT,000000000100010000000000000000010000000000000000000000000000,0.06965917397567767,884.2593535721418
1511128426742,INFO,AGENT_EVENT,000000000000000000000000000001000000000000000000001000010010,0.08875162767767186,1856.9038167459432
1511128427675,INFO,AGENT_EVENT,000000000000000000000000000000100001000000000100000000000010,0.09400765767187502,1353.2067063667882
1511128428649,INFO,AGENT_EVENT,000000100000000010000000000000000000000000000000000000010000,0.06460424383749996,1225.857333907704
1511128430798,INFO,AGENT_EVENT,000000000100000000100000000000000000000000010011000011100100,0.14006089914862185,4066.1296831368873
1511128432058,INFO,AGENT_EVENT,001000100000000000000000000001000000000000000000001000010010,0.11770013823805503,2832.232440531272
1511128433079,INFO,CLICK_EVENT,000000000100110000000000000000000000000000000000001000010010,0.14542967718505273,1746.7089374085085
1511128433647,INFO,AGENT_EVENT,000000000000000000010000000100100001000001000100110000010010,0.11174379044217764,4454.596696395067
1511128434839,INFO,AGENT_EVENT,000000001000000000000100000000000000000000000000000000000100,0.06080305635004679,1558.044265415227
1511128436424,INFO,CLICK_EVENT,000000000100010000000000000000000000000000000000001000010010,0.12271537718505265,1571.6892988139766
1511128436609,INFO,AGENT_EVENT,000000100000111000010000000000100001000001000100000000000110,0.18099927434791774,4998.011642546826
1511128437404,INFO,AGENT_EVENT,000000000000000000000100000000000000010000000000000000000000,0.046922313256620996,707.1963263632585
1511128437496,INFO,CLICK_EVENT,000000000100110000000000000000000000000000000000001000010010,0.14542967718505273,1746.7089374085085
1511128438621,INFO,AGENT_EVENT,000000000100010000000000000000000000000000000100000000010011,0.16919828251104396,1693.6389353899558
1511128439561,INFO,AGENT_EVENT,000000000000000001000100000000000000000000000000000000000000,0.03153689714319352,1271.3188497827541
1511128440705,INFO,AGENT_EVENT,000000000000000000000000000000100000000001000100000000000110,0.0775047409679881,2299.329743211446
1511128441335,INFO,CLICK_EVENT,000000000100010000000000000000000000000000000100000000010011,0.16919828251104396,1693.6389353899558
1511128441582,INFO,AGENT_EVENT,000000000000000000000001000000000000000000000000000000010000,0.08412014507724996,530.2314233262149
1511128442329,INFO,AGENT_EVENT,000000000000000000000000100000010001100000000000000000000000,0.05414406562499996,839.0708567895657
1511128443409,INFO,AGENT_EVENT,000010000000010000000000000000000001000010000100000000000010,0.11307428065937497,2715.7068151044564
1511128444672,INFO,AGENT_EVENT,000000000000010001000000000000000000010010100010000000010010,0.10123450899858921,3777.966089110021
1511128446489,INFO,AGENT_EVENT,000010000001010000000011000000110001000001000100000000010010,0.1989507956965133,4501.017732996032
1511128447779,INFO,AGENT_EVENT,000000000100110000110000000000000000000000000000000000010000,0.15339780156317773,1463.7802070999155
1511128450136,INFO,AGENT_EVENT,000010000001010000000011000000110001000001000100100000010010,0.22400309569651333,4649.822447190178
1511128450938,INFO,AGENT_EVENT,000000000000000000000000000000010001100000000000000000100000,0.07517001446250005,1091.3736045177475
1511128452258,INFO,AGENT_EVENT,000000000100010000000000000000000000100001000100100000010010,0.15481204318813302,2661.8448677298015
1511128453540,INFO,AGENT_EVENT,000000000100000000101000000000000000000000000000001000010010,0.1377231110615862,2589.3995673555482
1511128455508,INFO,AGENT_EVENT,010000100000110000000011000010110001000001000100000000010010,0.20712325094790485,6137.402999064047
1511128457046,INFO,AGENT_EVENT,000000100000111000010000000000000000000000100000001000010010,0.12657340085391056,3587.1879155064753
1511128457836,INFO,AGENT_EVENT,000000000000000000000000000000101001000000000100000000000000,0.04476154212905481,2202.7707428575823
1511128458935,INFO,AGENT_EVENT,010000000000000000000000000001000000000000000000001000010010,0.1127600932254218,2125.608827806165
1511128460562,INFO,AGENT_EVENT,000000100000000000100011000000000001000001010010110000000001,0.15199029446881251,4221.100179472698
1511128461584,INFO,AGENT_EVENT,000000100000000000000001000000000000000000000000000010010000,0.1307515346625,1469.2861675186416
1511128462112,INFO,CLICK_EVENT,000000000100110000110000000000000000000000000000000000010000,0.15339780156317773,1463.7802070999155
1511128463225,INFO,CLICK_EVENT,000000000100010000000000000000000000000000000100000000010011,0.16919828251104396,1693.6389353899558
1511128463758,INFO,AGENT_EVENT,010000100000111000010100000000100001000000000100010000010010,0.20260861866635538,4426.755588822951
1511128464489,INFO,AGENT_EVENT,000000000001000000000000000000010000100000000000000000000000,0.06140520000000005,784.0297822699831
1511128465907,INFO,AGENT_EVENT,000010000001010000000011000000110000000010010010010000000000,0.13570879302249184,3692.049121328004
1511128467117,INFO,AGENT_EVENT,000000000100010010000000000000000000000000000000001000010010,0.12265904518212345,2786.3829421894507
1511128468351,INFO,AGENT_EVENT,000010000001010000000011100000000000000000000000000000010000,0.12651224971862562,2633.0407939574043
1511128469367,INFO,AGENT_EVENT,000010000000010000000100000000000000000000000000000000000010,0.06551228516173746,1607.5174552260353
1511128470489,INFO,AGENT_EVENT,000000000000000001000000000000100001000000000100000010010000,0.13965171374033558,2822.8369715012655
1511128471544,INFO,AGENT_EVENT,000000000000000000001100000000000000010000000000000000010000,0.0640489733010291,1348.463025784538
1511128473562,INFO,AGENT_EVENT,000010000001010000000011000000100001000011000100010000010010,0.2114976518566628,5390.208895644914
1511128474783,INFO,AGENT_EVENT,000000000110110000000000001000000000000000000000000000010000,0.12042047326684713,2007.6793254954434
1511128475722,INFO,AGENT_EVENT,000000000000000000000000000000100001010000000100000000000010,0.09400765767187502,1647.6752549657751
1511128476508,INFO,CLEAR_SCREEN,000000000000000000000000000000000000000000000000000000000000,N/A,N/A
1511128522842,INFO,EXPLORE_EVENT,000000000000000000000000000000000000000000000001000000000000,0.057578128125,371.2135431246241
1511128526972,INFO,EXPLORE_EVENT,000000000000000000000000000000000001000000000001000000000000,0.059150628125,705.7974662276135
1511128531926,INFO,EXPLORE_EVENT,000000000000000000000010000000000001000000000001000000000000,0.060287271875,959.5177130758759
1511128535459,INFO,EXPLORE_EVENT,000000000010000000000010000000000001000000000001000000000000,0.077484608834375,1213.2379599241383
1511128543160,INFO,EXPLORE_EVENT,000000000010000000000010000000000001000000000001000000000100,0.11691312327043438,1653.231601196419
1511128548775,INFO,EXPLORE_EVENT,000000000010000000000010000000000001000000000001000000001100,0.12102934871474562,2096.8920902214863
1511128554195,INFO,EXPLORE_EVENT,000000000010000000000010000000000001000000000001000000111100,0.13268727849352513,2767.6767483360236
1511128563602,INFO,EXPLORE_EVENT,000000000010000000000010000001000000000000000001000000111100,0.15322399145196566,3435.4207175908123
1511128565449,INFO,CLICK_EVENT,000000000010000000000010000000000001000000000001000000000000,0.077484608834375,1213.2379599241383
1511128585354,INFO,CLEAR_SCREEN,000000000000000000000000000000000000000000000000000000000000,N/A,N/A
