1510169309516,INFO,DEMO_TREATMENT,000000000000000000000000000000000000000000000000000000000000,N/A,N/A
1510170576434,INFO,EXPLORE_EVENT,000000000000100000000000000000000000000000000000000000000000,0.0,440.04113867618344
1510170657362,INFO,EXPLORE_EVENT,000000000000000000000000000000000000000000000000000000000000,0.0,0.0
1510170683290,INFO,EXPLORE_EVENT,100000000000000000000000000000000000000000000000000000000000,0.0,447.73705817532016
1510170706908,INFO,EXPLORE_EVENT,100000000000010000000000000000000000000000000000000000000000,0.0,659.0530329483801
1510170712795,INFO,EXPLORE_EVENT,100000000000010000000000000000000000000100000000001000000000,0.068606163125,1284.212497481296
1510170720506,INFO,EXPLORE_EVENT,100000000000000000000000000000000000000000000000000000000000,0.0,447.73705817532016
1510170735719,INFO,CLICK_EVENT,100000000000000000000000000000000000000000000000000000000000,0.0,447.73705817532016
1510170736370,INFO,CLICK_EVENT,100000000000000000000000000000000000000000000000000000000000,0.0,447.73705817532016
1510170748997,INFO,CLICK_EVENT,100000000000010000000000000000000000000100000000001000000000,0.068606163125,1284.212497481296
1510170756104,INFO,CLICK_EVENT,100000000000010000000000000000000000000000000000000000000000,0.0,659.0530329483801
1510170758316,INFO,CLICK_EVENT,000000000000000000000000000000000000000000000000000000000000,0.0,0.0
1510170766140,INFO,EXPLORE_EVENT,000000000000000000000000000000000000000000000000000000000000,0.0,0.0
1510170775425,INFO,EXPLORE_EVENT,000000000000000000100000000000001100000000010000000000000010,0.05144341641001343,3179.9520056486413
1510170777295,INFO,EXPLORE_EVENT,000000000000000000100000000000001100000000010000000001000010,0.05707446961888947,3761.9460946486133
1510170787649,INFO,EXPLORE_EVENT,000000000000000000100000000000001100000000010000000001000010,0.05707446961888947,3761.9460946486133
1510170801095,INFO,EXPLORE_EVENT,000000000000000000100000001000001100000000010000000001000010,0.06960938432030937,4227.16606818724
1510170808911,INFO,EXPLORE_EVENT,000100000000000000100000001000001100000000010000000001000010,0.06960938432030937,4485.671440683322
1510170852493,INFO,EXPLORE_EVENT,000000000000000000100000001000001100000000010000000101000010,0.09387615807030938,4407.199725931606
1510170861708,INFO,EXPLORE_EVENT,000000000000000000000000001000001100000000110000000101000010,0.09699299124023528,4825.648436021455
1510170869306,INFO,EXPLORE_EVENT,000000000000000000000000001000001100000000110001000101000010,0.09688032606061889,5314.520545270566
1510170879144,INFO,EXPLORE_EVENT,000000000001000000000000001000001100000000110000000101000010,0.09699299124023528,5492.518812266511
1510170891611,INFO,EXPLORE_EVENT,000000000001010000000000101000001100000000110000000101000010,0.08894799292887053,5937.557300349826
1510170902691,INFO,EXPLORE_EVENT,000000000001010000000000101000000000000000110000000101000010,0.10697182591103364,4564.635536498991
1510170928177,INFO,EXPLORE_EVENT,000000000000010000000001101000000000000000110000000101000010,0.10697182591103364,4515.7183501450645
1510170946604,INFO,EXPLORE_EVENT,000000000000010000000001101000000000000000010000000101100010,0.07108570208271653,4735.9311486909055
1510170954452,INFO,EXPLORE_EVENT,000000000000010000000001101000000000000000010000000001100010,0.0674001845471915,4430.919375228549
1510170956873,INFO,EXPLORE_EVENT,000000000000010000000001101000000000000000010000000000100010,0.06655271354238029,3360.5683943654158
1510170974670,INFO,EXPLORE_EVENT,100000000000010000000000001000000000000100000000000010000000,0.09438202812500002,1558.2481030869749
1510170986793,INFO,EXPLORE_EVENT,000000000000000000000000000000000000000000000000000010000000,0.02544675,268.75502213727935
1510170988783,INFO,EXPLORE_EVENT,000000000000000000000000000000000000000000000000000000000000,0.0,0.0
1510171062452,INFO,CLICK_EVENT,000000000000000000000000000000000000000000000000000000000000,0,0
1510171063567,INFO,CLEAR_SCREEN,000000000000000000000000000000000000000000000000000000000000,N/A,N/A
1510171066925,INFO,TREATMENT_2,000000000000000000000000000000000000000000000000000000000000,N/A,N/A
1510171142777,INFO,AGENT_EVENT,000010000000000000000000010000000000000000000000010000000010,0.05072926253437504,1267.4655092991745
1510171144627,INFO,AGENT_EVENT,100110000001000010000010100001010001000000001000000001000000,0.08506355092621187,6942.761238181829
1510171146013,INFO,AGENT_EVENT,010000000011001000000000010000000000100000000000010000000010,0.11659423181403838,2873.1384165875897
1510171146928,INFO,AGENT_EVENT,000101000000000000000000000000000000010000000000000100000000,0.01871454543745954,2761.9333128227613
1510171148584,INFO,AGENT_EVENT,000001000100000000000001000010000010011000000000000001000000,0.11036643542616731,4190.36702309743
1510171149827,INFO,AGENT_EVENT,000000001000000100000010100000110000000100000000000001000000,0.060008611620508856,4302.606686416625
1510171151606,INFO,AGENT_EVENT,000001000100000000000001000010000100100000000000110100101000,0.10612872045117672,5622.545957228591
1510171152899,INFO,AGENT_EVENT,010000000000000000000001000000000000011000000010000000101001,0.12893290681090508,3989.035652917753
1510171154799,INFO,AGENT_EVENT,010000000011001000000000110000000000101001100001000000110000,0.15309823624357022,6076.217319404334
1510171159579,INFO,AGENT_EVENT,001010001001000110000010000000110000001010100000110000000001,0.1388995814154086,9542.190454162506
1510171162504,INFO,AGENT_EVENT,000100110000101100000010000000000101000010000001000000001010,0.13970763675617381,7479.047842007203
1510171163410,INFO,AGENT_EVENT,000000000000001000000100000000001000000000000000000000000000,0.040987539903427406,2178.262809148555
1510171164996,INFO,AGENT_EVENT,000000010001010000000000000000000111000010000010100000101000,0.1731136473321686,4123.664853186725
1510171165696,INFO,AGENT_EVENT,000000000000001000000000000000001100000000000000000000000000,0.0022939537499999663,1605.4521073355202
1510171166951,INFO,AGENT_EVENT,000100000001000000000000000000000000011000000010000000101001,0.081878467757312,4704.948018903574
1510171168069,INFO,AGENT_EVENT,010000000011001000000000110000000000100010000000000000000000,0.09881335147675385,3803.2102455391146
1510171168866,INFO,AGENT_EVENT,000000000000011000000000000000001100000000000000000000000000,0.026211401249999988,1796.6834528637667
1510171170675,INFO,AGENT_EVENT,010000000011001000010000110000000000011000000010000000101001,0.14547228398028755,5724.834762968536
1510171171391,INFO,AGENT_EVENT,000000000000000000000000000000000000000000110000000000000000,0.021025948837499975,471.88168587316125
1510171172433,INFO,AGENT_EVENT,000010000000000000000000000000000111000010010000100000000000,0.05662667987181069,2715.177970756994
1510171173842,INFO,AGENT_EVENT,010000000011001000001000010000000000000000000000000000000010,0.11975938031216149,3508.622156243803
1510171174987,INFO,AGENT_EVENT,010000000011001000000000010000000000000000010000100000000000,0.09335555875035961,2667.837329951027
1510171176280,INFO,AGENT_EVENT,010000000000000000000001000000000000011000000010010000101000,0.126614386990064,3852.159460599204
1510171177038,INFO,AGENT_EVENT,000100000000000000000000000000000000000000000000100000000000,0.018148047025120406,1116.6689841137566
1510171178067,INFO,AGENT_EVENT,000000000000001000000100000000001000000001000000000000000000,0.06598694080552059,3196.295234936879
1510171178973,INFO,AGENT_EVENT,000001000000000000000000000000000000000000010000000000000010,0.061276353702721886,1385.0615442608794
1510171179927,INFO,AGENT_EVENT,000000000000000000010000000000000000000000010000000000000010,0.029208290084374977,543.2535058666009
1510171180542,INFO,AGENT_EVENT,000000000000000000000000000000000000100000010000000000000000,0.0,309.5475674194709
1510171182068,INFO,AGENT_EVENT,010000000011001010000000000000000111000010010000100000000000,0.1223658265044415,5625.473096128865
1510171183975,INFO,AGENT_EVENT,000000010001010000000000000000100111000010000010110000101000,0.1613127696323784,4986.000225567163
1510171185032,INFO,AGENT_EVENT,000000000000000000010000000000000111010010000000100000000000,0.058141947442217345,3029.0042167694223
1510171186209,INFO,AGENT_EVENT,010000000011001000000000010000001000100000000000010000000000,0.08974961171903428,3476.331163433939
1510171186997,INFO,AGENT_EVENT,000000000000000001000000000000000000000000010000000000000000,0.030751654416775187,1173.59289325035
1510171187740,INFO,AGENT_EVENT,000000000000000000000000000000000000000100110000000000000000,0.003758194601179321,1470.1295751834864
1510171188358,INFO,AGENT_EVENT,000000000000000000000000000000000000000000000000000000000000,0.0,0.0
1510171189348,INFO,AGENT_EVENT,000000000000000001000000000000000000000000010001000000000000,0.07937076536520238,1438.8252584692004
1510171190732,INFO,AGENT_EVENT,010000000000000000000001000000000000011000000010000010101000,0.12711690814709398,4467.674810495628
1510171191973,INFO,AGENT_EVENT,000000000001010000000000000000000111000010001000100000000000,0.11261440152502122,3651.3144647715385
1510171193282,INFO,AGENT_EVENT,010000000011101000000000010000000000000000010000100000000000,0.10471270875035965,2847.519576360537
1510171194612,INFO,AGENT_EVENT,010000000011001000001000010000000000000000000000000001000000,0.11451509401111559,4315.368814735142
1510171194739,INFO,CLICK_EVENT,000000000000000000000000000000000000000000000000000000000000,0.0,0.0
1510171195805,INFO,AGENT_EVENT,000000000000100000010000110000000000001001100000000000000000,0.07203238625344399,3387.819233812103
1510171196976,INFO,AGENT_EVENT,000000010001010001000000000000000000100000010000000000000000,0.10020967697646532,2076.848295640378
1510171198148,INFO,AGENT_EVENT,100010000000001000001000010000000000000000000000000000000010,0.04976315953744226,3669.162094435598
1510171199639,INFO,AGENT_EVENT,010000000011001000000000010000000000000000010000100000000010,0.12020017884536371,2777.980847162942
1510171200835,INFO,AGENT_EVENT,000000000001010000000000000000000000000000010000000000001010,0.12765053539409343,1628.5258353546276
1510171202846,INFO,AGENT_EVENT,000010000000100010000100000010100010000010000010110000000010,0.12640227819469552,5141.036179437109
1510171204240,INFO,AGENT_EVENT,000000010001010000000001001000000000000000000001000000000000,0.10567916129999999,1988.05010610764
1510171205928,INFO,AGENT_EVENT,001000010001010000000000000000000111000010000010110000000010,0.15621782661012817,4206.653094177365
1510171206633,INFO,AGENT_EVENT,000000000001000000000000000000000000000000000000000000000000,0.06140520000000005,365.9354379217204
1510171208249,INFO,AGENT_EVENT,000010100000000000000000010000000000101001100001000000110000,0.10132557919921092,4975.704981859312
1510171209100,INFO,AGENT_EVENT,000000000000000001000000000000000000010000000000000100000000,0.03452726236716597,2062.2113747885
1510171210222,INFO,AGENT_EVENT,000000000001010010000000000000000000000000000000010000000010,0.11466865244035773,2218.943343296305
1510171211771,INFO,AGENT_EVENT,000001001000000000000001000000000000011000000010010000101000,0.13826243153125073,5089.369334126926
1510171212582,INFO,AGENT_EVENT,000000000000000000000000000000000000000000000000000000000010,0.018333980709374975,211.46865101052938
1510171213470,INFO,AGENT_EVENT,000000000000000000000000000000000000000000000000000001000010,0.0385117775814281,1223.4583483418019
1510171214836,INFO,AGENT_EVENT,000000000001010010000000000000000000000000000000010000000011,0.11357900098533036,2960.615497988145
1510171216441,INFO,AGENT_EVENT,010000000011001000000000110000000000101001100001000000000000,0.10586726902695576,5604.220953725695
1510171217882,INFO,AGENT_EVENT,000001001000000000000001000001000000000000010001000000000000,0.09765765631024748,3274.4437739347723
1510171218889,INFO,AGENT_EVENT,000000000001010000000000000000000000000000010000000000000100,0.11894414436517953,1239.2384002855556
1510171220411,INFO,AGENT_EVENT,000001000000000000000001000000000111000010000010100000101000,0.1553923123467521,4799.8989565869915
1510171221791,INFO,AGENT_EVENT,010000000011001000001010010000000000000000000000000000000000,0.09839533648476484,3620.13992114473
1510171223305,INFO,AGENT_EVENT,010000000011001000001010010000000000000000000000010000000000,0.10654439980113106,3878.834198117645
1510171224632,INFO,AGENT_EVENT,000000000100000000000000000000000000011000000010000010111000,0.10677966656363125,4388.064789662895
1510171225511,INFO,AGENT_EVENT,000010000000000000000000010000000000000000100000010000000000,0.05167245258749997,1569.1667590677598
1510171226734,INFO,AGENT_EVENT,000000000000000000000000000000000111000010000010110000101000,0.09007824623513083,3719.53523621815
1510171227649,INFO,AGENT_EVENT,000000000000000000000000000000000000000000110000000010000010,0.05234728157187496,1198.080014690536
1510171228570,INFO,AGENT_EVENT,000000000000000000000000010000000000000000110000000010000010,0.05234728157187496,1465.931284681543
1510171229470,INFO,AGENT_EVENT,000000000001000000000000000000000001000000010000000000000000,0.0645502,894.1830639171118
1510171230521,INFO,AGENT_EVENT,010000000000000010000000000000000001000000000000000000000001,0.08859352947499999,1604.560079060193
1510171236183,INFO,AGENT_EVENT,000000000011100010100100000010100011000110000010110000000010,0.18488530416328608,8299.18958690066
1510171237318,INFO,AGENT_EVENT,000000000001010010000000000000100000000000000000010000000000,0.11561184249348277,2535.766390209667
1510171238960,INFO,AGENT_EVENT,000000010001010000000001001000000000000000010000000001000010,0.1345215656983756,3033.95861421722
1510171240596,INFO,AGENT_EVENT,000000010101010000000000000000000000000000010000000000001010,0.13110038870289054,2307.5168118248976
1510171242343,INFO,AGENT_EVENT,001000010001010000000000000000000110000010000110110000000010,0.14585436663320372,4510.910192674308
1510171243175,INFO,AGENT_EVENT,000000000000000001000000000000000000000000000000000100000000,0.03452726236716597,1803.54056055814
1510171244276,INFO,AGENT_EVENT,010000000000000010000000100000000001000000000000100000000000,0.09494411697500005,1673.6086429885568
1510171245977,INFO,AGENT_EVENT,000000010001010000000000000000000111000010000010010000001000,0.14659694757782737,3573.595644553018
1510171246723,INFO,AGENT_EVENT,000000000000000000000000000000000000000000000000001000000000,0.0022939537499999663,669.124948394517
1510171247942,INFO,AGENT_EVENT,001000000001001000000000010000000000000000010000100000000010,0.09829037945937502,2436.4379898631123
1510171250130,INFO,CLICK_EVENT,000000000001000000000000000000000000000000000000000000000000,0.06140520000000005,365.9354379217204
1510171256450,INFO,AGENT_EVENT,000000000011100110100100000010100010000010000000100000000000,0.15025611965220675,5594.279413594208
1510171256926,INFO,CLICK_EVENT,000000000000000000000000000000000000000000000000000000000010,0.01833398070937498,211.46865101052936
1510171257675,INFO,AGENT_EVENT,000000010000000000000001001000000000000000000001000000000000,0.07387136500000002,1553.1003422112317
1510171259444,INFO,AGENT_EVENT,000000010101010000000000000000000111000010000010000000000010,0.12346068675547628,3469.3874219017316
1510171259958,INFO,CLICK_EVENT,000000000000000000000000000000000000100000010000000000000000,0.0,309.5475674194709
1510171260971,INFO,AGENT_EVENT,000000000001000000000000000000000111000010000010010000001001,0.11902975849888431,3649.7937019678548
1510171261927,INFO,AGENT_EVENT,000000000000000000000000000000000000000000011000000000001010,0.04079858539409342,1589.702247283056
1510171263762,INFO,AGENT_EVENT,000000010001010000000000000000100111000010000010100000101000,0.17340161846815483,4690.470969564871
1510171265108,INFO,AGENT_EVENT,000000000001000000000000000000000011000010000010100000101000,0.13668562648603033,3095.588513614671
1510171265931,INFO,AGENT_EVENT,000000000000000000000000000000000000000000000000001000010000,0.03616050695225004,742.3750337395252
1510171266334,INFO,CLICK_EVENT,000000000000000000000000000000000000000000000000001000000000,0.0022939537499999663,669.124948394517
1510171267051,INFO,AGENT_EVENT,000000010001010000000000010000000000000000000000010000000000,0.10469798937499997,1225.551428167392
1510171268887,INFO,AGENT_EVENT,000000010001010000000000000000100111000010000010100000101000,0.17340161846815483,4690.470969564871
1510171269964,INFO,AGENT_EVENT,000000000001000000000000000000100000000000000000000000000100,0.12072642264855937,1233.6671000733375
1510171270502,INFO,CLICK_EVENT,000000000001000000000000000000000000000000000000000000000000,0.06140520000000005,365.9354379217204
1510171271041,INFO,AGENT_EVENT,000000000001000000000000000000000000000000010100000000001010,0.10220378539409347,1747.069041119673
1510171272636,INFO,AGENT_EVENT,010000000000000010001000100000000001000000000010100000101000,0.15435742441202815,4118.020052031565
1510171273422,INFO,CLICK_EVENT,000000000000000000010000000000000000000000010000000000000010,0.029208290084374977,543.2535058666009
1510171273744,INFO,AGENT_EVENT,000000000000000000000000000000000001000010001010010000001000,0.10383254083819649,3024.356252954629
1510171276675,INFO,AGENT_EVENT,000000010001010000001000100000000001000000000010100000101100,0.14728863273329196,3858.511991358885
1510171276743,INFO,CLICK_EVENT,000000000000000000000000000000000000000000000000001000010000,0.03616050695225004,742.3750337395252
1510171278065,INFO,AGENT_EVENT,010000010000000000000001000000000000011000000010000000001010,0.13317421495064208,3259.0608705115365
1510171279322,INFO,AGENT_EVENT,000000010001010000000000010000000000000000000000010000100000,0.12794148946249995,1541.896737536707
1510171280122,INFO,AGENT_EVENT,010000000000000000000000000000000000001000000000000000000000,0.026211401249999988,937.690588278406
1510171280479,INFO,CLICK_EVENT,000000000000000000010000000000000000000000010000000000000010,0.029208290084374977,543.2535058666009
1510171281347,INFO,AGENT_EVENT,000000000001010000000000000000000000000001010000000000000100,0.13938506297712838,2200.3586195753023
1510171282295,INFO,CLICK_EVENT,000000000000000000000000000000000000000000110000000000000000,0.021025948837499975,471.88168587316125
1510171282741,INFO,AGENT_EVENT,000000010001010000000000010000000000000000000000010001100000,0.12562439617884413,2851.1239910249215
1510171283944,INFO,CLICK_EVENT,000000000001000000000000000000000001000000010000000000000000,0.0645502,894.1830639171119
1510171283999,INFO,AGENT_EVENT,000000010001010000000000000000000111000000000000100000000000,0.11627166005,2168.205051447348
1510171285009,INFO,AGENT_EVENT,000000000000000001000000000000000000000001010000000000000000,0.040549004309549996,2035.3787209013258
1510171286506,INFO,AGENT_EVENT,000000010001010000000000000001100111000000000000000000000000,0.11411062242452807,3433.73639407898
1510171287007,INFO,CLICK_EVENT,000000000000000000000000000000000000000000110000000010000010,0.05234728157187496,1198.080014690536
1510171287864,INFO,AGENT_EVENT,000000000000000000010000000000000000000000110000000000101100,0.07761983723226729,2086.8283419792447
1510171289066,INFO,AGENT_EVENT,000000010001010000000000010000000000000000000000010010000000,0.11607781667099037,2359.7122594734265
1510171289795,INFO,AGENT_EVENT,000000000000000000000000000000000000000000000000000000000010,0.018333980709374975,211.46865101052938
1510171290911,INFO,AGENT_EVENT,010000000010000000000000000000000001000000000000000000000010,0.10695496593749998,1021.0155454867239
1510171291591,INFO,AGENT_EVENT,000000000000000100000000000000000000000000010000000000000000,0.0020328988330878817,1030.3796728284465
1510171293320,INFO,AGENT_EVENT,000000000000010000000000000000100111000010000010110000101100,0.1051726071312693,4780.461752857766
1510171293767,INFO,CLICK_EVENT,000010000000000000000000010000000000000000000000010000000010,0.05072926253437504,1267.4655092991745
1510171294711,INFO,AGENT_EVENT,000001000000000000000000000000000001000000000010100000101100,0.13170238451965455,3290.8750246185314
1510171296067,INFO,AGENT_EVENT,000100000001000000000000000000000011000010000010100000101000,0.1347551835758496,4080.2058906607135
1510171296432,INFO,CLICK_EVENT,000000000000000000000000000000000000000000000000000001000010,0.0385117775814281,1223.4583483418019
1510171297652,INFO,AGENT_EVENT,100000010001010000001000100000000001000000000000000000000100,0.15264540006360383,2542.49175424256
1510171298808,INFO,AGENT_EVENT,010000000010000000000000000000000000000000000000000000001010,0.07483021677231882,1275.1846548534882
1510171299970,INFO,AGENT_EVENT,000000010001010000000000000000000001000000000000000000000000,0.10491451004999996,1062.9651606305285
1510171300344,INFO,CLICK_EVENT,000100000000000000000000000000000000000000000000100000000000,0.018148047025120406,1116.6689841137566
1510171301187,INFO,AGENT_EVENT,010000000010000000000000000000000001001000000000000000000010,0.1077196171875,1690.001122704908
1510171302016,INFO,CLICK_EVENT,000000000000000000000000000000000000000100110000000000000000,0.003758194601179321,1470.1295751834864
1510171302561,INFO,AGENT_EVENT,000000000100000000010000000000000000000000000010001000010000,0.09132721787241005,1569.4674381381988
1510171303297,INFO,AGENT_EVENT,000000000000000000001000000000000000000000000000000000000000,0.006083620130177714,669.211364498631
1510171303536,INFO,CLICK_EVENT,000000000000001000000000000000001100000000000000000000000000,0.0022939537499999663,1605.45210733552
1510171304403,INFO,AGENT_EVENT,000001000000000000000000000000000001001000000000000000000010,0.11046283594180628,2253.718054337788
1510171305854,INFO,AGENT_EVENT,100100010001010000001000100000000001000000000000000000000000,0.08887624949503947,3294.585070632437
1510171306994,INFO,AGENT_EVENT,000000010000000000000000000000000000000000010000000001000010,0.0493860869564281,1555.0531212043913
1510171308397,INFO,AGENT_EVENT,000000010001010000000000000000000111000010000000100000000000,0.131227265725,2766.270506369167
1510171309618,INFO,AGENT_EVENT,000000000100000000000000000000000000100000010000000001000010,0.0761981666064111,1981.4142791268628
1510171310144,INFO,CLICK_EVENT,000000000000000000000000000000000000000000011000000000001010,0.04079858539409342,1589.702247283056
1510171310531,INFO,AGENT_EVENT,000000000100000000000000000000000000000000000000000010000000,0.06566951739741,1046.6256565879444
1510171312389,INFO,AGENT_EVENT,001000010001010000000000000000100111000010000010000000001010,0.16990807969792598,4713.967977651904
1510171313853,INFO,AGENT_EVENT,000000010001010000000000000000000110000010000010110000000010,0.14893232536012813,3095.5268655447708
1510171314000,INFO,CLICK_EVENT,000000000000011000000000000000001100000000000000000000000000,0.026211401249999988,1796.6834528637664
1510171315213,INFO,AGENT_EVENT,000000010101010000000000000000000000000000010000000000100000,0.10978099733793623,1890.6367472617735
1510171316970,INFO,AGENT_EVENT,000000010001010000000000000001000111000010000010110000000010,0.16079137188559067,4436.663513723547
1510171318320,INFO,AGENT_EVENT,001000010001010000000000000000000011000000000000000000000010,0.12635114200937503,2040.453508002458
1510171319516,INFO,AGENT_EVENT,000000000001010000000000000000010000000001010000000000000100,0.13938506297712838,2367.3974670965413
1510171320709,INFO,AGENT_EVENT,000000010001010000000000000000000010000000000010000000010000,0.12330210250000007,1324.9627595217048
1510171321641,INFO,CLICK_EVENT,000001000000000000000000000000000000000000010000000000000010,0.061276353702721886,1385.0615442608794
1510171321853,INFO,AGENT_EVENT,000000010001010000000000000001000000000000010000000000000000,0.12482511916520245,1865.622120129582
1510171322777,INFO,AGENT_EVENT,000000000000000000000000000000000000000100000000000000001010,0.04079858539409342,1623.697781020213
1510171324586,INFO,CLICK_EVENT,000000000000000001000000000000000000000000010001000000000000,0.07937076536520238,1438.8252584692004
1510171328750,INFO,AGENT_EVENT,000000000011100010100100000010100110000010000010110000000010,0.17470018328336923,6896.629179401447
1510171330312,INFO,AGENT_EVENT,000000010001010000000000000000100101000010000010000000010000,0.149498801226426,3134.9293947440556
1510171330937,INFO,CLICK_EVENT,000000010000000000000001001000000000000000000001000000000000,0.07387136500000002,1553.1003422112317
1510171331458,INFO,AGENT_EVENT,000000000000000000000000000001000000000010000010100000101000,0.0999686333397104,3208.6070033399265
1510171332853,INFO,AGENT_EVENT,000000010001010000000000000000000001000000100000000000000100,0.15726800200267954,1915.575025637369
1510171333834,INFO,AGENT_EVENT,000000000001010000000000010000000000100000000000010000000000,0.09281635500000007,1412.4030032855014
1510171334619,INFO,AGENT_EVENT,000000000000000000000000000000000001000100000000000000000000,0.05414406562499996,1158.0600206429192
1510171342050,INFO,CLICK_EVENT,000000000000000001000000000000000000000000010001000000000000,0.07937076536520238,1438.8252584692004
1510171345040,INFO,AGENT_EVENT,000000000011100010100100000010100110000010100010110000000010,0.18918476116415073,7179.796065927592
1510171345958,INFO,AGENT_EVENT,000000000001000000000000000000000000000010000000000000000000,0.07639062770000005,964.0008928435393
1510171346090,INFO,CLICK_EVENT,000000010000000000000001001000000000000000000001000000000000,0.07387136500000002,1553.1003422112317
1510171347084,INFO,AGENT_EVENT,000000010001110000000000000000000000000000010000000000000000,0.12344596004999997,1038.3138663663358
1510171348186,INFO,CLICK_EVENT,000000000000001000000100000000001000000000000000000000000000,0.040987539903427406,2178.262809148555
1510171348368,INFO,AGENT_EVENT,000000010001110000000000000000000000000000010000000000100000,0.14370725763750003,1451.0308416075636
1510171349418,INFO,AGENT_EVENT,000000000000000000000000000000000000000000000000000001000010,0.0385117775814281,1223.4583483418019
1510171351391,INFO,AGENT_EVENT,010000010001010000000000000000100111000010000010100000101000,0.17446408962467497,4877.91843422499
1510171352705,INFO,AGENT_EVENT,000000010001010000000000000000000001000000000000100000000010,0.13460564075937498,1423.9279870852151
1510171355373,INFO,CLICK_EVENT,000000000001000000000000000000000000000010000000000000000000,0.07639062770000005,964.0008928435393
1510171355634,INFO,CLICK_EVENT,000000000001000000000000000000000000000010000000000000000000,0.07639062770000005,964.0008928435393
1510171355703,INFO,AGENT_EVENT,000000000000000000000000000000000010000000010000000000000000,0.0,414.5716247432458
1510171357292,INFO,AGENT_EVENT,000000000100000000010000000000000000000000000010000000000100,0.06776175361164938,1267.4046661190623
1510171357371,INFO,CLICK_EVENT,000101000000000000000000000000000000010000000000000100000000,0.018714545437459543,2761.9333128227613
1510171359653,INFO,AGENT_EVENT,000000001011100010001000100000000001000000000010100000101000,0.13203979769389607,5616.270785218938
1510171360218,INFO,CLICK_EVENT,000000000000001000000100000000001000000000000000000000000000,0.040987539903427406,2178.262809148555
1510171360967,INFO,AGENT_EVENT,000000010001010000000000000000000010000000000000001000010000,0.12640475374999993,1691.6641931179083
1510171361826,INFO,AGENT_EVENT,000000000000000000100000000000000000000000000000000000000010,0.03935992954687495,643.0250111444603
1510171362434,INFO,CLICK_EVENT,000010000000000000000000000000000111000010010000100000000000,0.05662667987181069,2715.177970756994
1510171362797,INFO,AGENT_EVENT,000000110000000000000000000000000001000000000000000000000000,0.0980030475875,861.8371750377958
1510171364562,INFO,AGENT_EVENT,000000010001010010000000000000000111000010000010100000101000,0.1760586621006638,5282.805690605686
1510171367206,INFO,AGENT_EVENT,000000000011100010100100000010100110000010110000000000000000,0.1429805590376535,6172.51903938792
1510171369247,INFO,AGENT_EVENT,001000010001010000000000000001100111000010000010000000001010,0.17186158014416864,5595.845929398872
1510171370299,INFO,AGENT_EVENT,000000010001000000000000000000000001000000000000000000000000,0.07746968437500001,794.2601495703066
1510171371697,INFO,AGENT_EVENT,000000000000000000010010000000000000000010000010100000101000,0.09246238927468453,2526.366626256709
1510171372918,INFO,AGENT_EVENT,000000010001010000100000000000000001000000000000000000000000,0.12815801013749994,1402.7810232677552
1510171374717,INFO,AGENT_EVENT,010000000000000010001000100000000001000010100010100000101000,0.1838181052403398,4896.908564668616
1510171376483,INFO,CLICK_EVENT,000000010001110000000000000000000000000000010000000000000000,0.12344596004999997,1038.3138663663358
1510171376571,INFO,AGENT_EVENT,000000010001010000000000010000000001000001000010100000101000,0.17253139733245892,3937.0114171452256
1510171378263,INFO,AGENT_EVENT,000000010001010000000000010000000001000001000110100000101000,0.16328272974533042,4165.46709335177
1510171380148,INFO,AGENT_EVENT,000000010001010010000000001000000111000010000010100000101000,0.17634663323665012,6349.4920602714565
1510171381176,INFO,AGENT_EVENT,000000000001010000000000000000000000000000010000000000001000,0.12486677030135318,1440.0859613707169
1510171383084,INFO,CLICK_EVENT,001010001001000110000010000000110000001010100000110000000001,0.1388995814154086,9542.190454162506
1510171383146,INFO,AGENT_EVENT,001000010001010000000000010000000001000001000010100000101000,0.17486684084228643,4543.616428222881
1510171384943,INFO,AGENT_EVENT,000000010011110000000000000000000001000000000010100000101000,0.17077265642303052,3116.1180834701704
1510171386692,INFO,CLICK_EVENT,000000000011100010100100000010100011000110000010110000000010,0.1848853041632861,8299.18958690066
1510171386802,INFO,AGENT_EVENT,000000000000000000001000100000000001000010100010100001101000,0.15185020213774103,4523.5585396841825
1510171387703,INFO,AGENT_EVENT,000000000000000000100000000000000000000000000010000000000010,0.03935992954687495,854.4026258832876
1510171388751,INFO,AGENT_EVENT,010000000010000000000000000000000000000000000000000000101000,0.0796205207572912,1650.282758364916
1510171390385,INFO,AGENT_EVENT,000000010001010000000000000000000001000010000110100000101000,0.16602504001853247,4078.0225876645577
1510171392340,INFO,CLICK_EVENT,001010001001000110000010000000110000001010100000110000000001,0.1388995814154086,9542.190454162506
1510171394669,INFO,CLICK_EVENT,000100110000101100000010000000000101000010000001000000001010,0.13970763675617381,7479.047842007203
1510171397756,INFO,CLICK_EVENT,000000000011100010100100000010100110000010100010110000000010,0.18918476116415073,7179.796065927592
1510171406394,INFO,CLICK_EVENT,100110000001000010000010100001010001000000001000000001000000,0.08506355092621187,6942.761238181829
1510171406401,INFO,CLICK_EVENT,100110000001000010000010100001010001000000001000000001000000,0.08506355092621187,6942.761238181829
1510171406790,INFO,AGENT_EVENT,000000000011100010001000100000000001000010100010100010101000,0.15800519676025204,6272.812963314865
1510171408057,INFO,AGENT_EVENT,000000010001010000000000000000000000000000000001000000000010,0.12324849075937505,1252.3127190145551
1510171409369,INFO,AGENT_EVENT,000000000000000000000000000100000000000010000010100000101000,0.07213542648603033,3067.045117660729
1510171409685,INFO,CLICK_EVENT,000000000011100010100100000010100110000010110000000000000000,0.1429805590376535,6172.51903938792
1510171411279,INFO,AGENT_EVENT,100000010001011000001000100000000000000001010000000000000100,0.16698522830035423,4467.947587591623
1510171411669,INFO,CLICK_EVENT,000000000011100010001000100000000001000010100010100010101000,0.15800519676025204,6272.812963314864
1510171412852,INFO,AGENT_EVENT,000000010001011000000000000000000111000010000010100000100000,0.16686807322500008,3815.6853544919677
1510171412910,INFO,CLICK_EVENT,010000000011001000000000110000000000101001100001000000110000,0.15309823624357022,6076.217319404334
1510171414056,INFO,AGENT_EVENT,000000000100000000000000000000000001000000100000000000000010,0.13912591332027635,1436.452517537737
1510171415251,INFO,AGENT_EVENT,000000000000010000000000010000100000000000000000010000100000,0.05518249616250004,1404.7226844152397
1510171415734,INFO,CLICK_EVENT,001000010001010000000000000001100111000010000010000000001010,0.17186158014416864,5595.845929398872
1510171416545,INFO,AGENT_EVENT,000000010001110000001000000000000000000000000000000000000000,0.0990649571058505,1724.3606444479515
1510171417549,INFO,CLICK_EVENT,000000000011100110100100000010100010000010000000100000000000,0.15025611965220675,5594.279413594208
1510171418490,INFO,AGENT_EVENT,000000010001010000100000000000000001000000000011100000101000,0.16924856383548015,3263.7990943738428
1510171419990,INFO,AGENT_EVENT,000000010001010000000000000000000011000000100000000000000010,0.143509788346875,1846.4647206593613
1510171420285,INFO,CLICK_EVENT,010000000011001000010000110000000000011000000010000000101001,0.14547228398028755,5724.834762968536
1510171420895,INFO,AGENT_EVENT,000000010000000000000000000000000000000000000000010000100000,0.06454483763749996,742.3460126364856
1510171421954,INFO,AGENT_EVENT,010000000000000001000000000000000001000000000000000000000000,0.10481751536520245,1641.9688371692966
1510171422669,INFO,CLICK_EVENT,000000001011100010001000100000000001000000000010100000101000,0.13203979769389607,5616.270785218938
1510171423404,INFO,CLICK_EVENT,000000001011100010001000100000000001000000000010100000101000,0.13203979769389607,5616.270785218938
1510171426806,INFO,CLICK_EVENT,010000000011001010000000000000000111000010010000100000000000,0.1223658265044415,5625.473096128865
1510171428820,INFO,CLICK_EVENT,010000000011001000000000110000000000101001100001000000000000,0.10586726902695576,5604.220953725695
1510171429326,INFO,AGENT_EVENT,000000010101100010100100000010100011000110000010110000000010,0.17782078415107727,8794.269830851745
1510171429930,INFO,AGENT_EVENT,000000000000000000000000000000000010000000000000000000000000,0.0,250.28327817491257
1510171431114,INFO,AGENT_EVENT,000000010000110000000000000000000000000000000000000000000010,0.079367415759375,822.4997269595394
1510171431993,INFO,AGENT_EVENT,000000000001000000000000000000100000100000000000000000000000,0.08243114883750002,1044.472950309835
1510171432742,INFO,CLICK_EVENT,000010000000100010000100000010100010000010000010110000000010,0.12640227819469552,5141.036179437109
1510171433180,INFO,AGENT_EVENT,000000010001110000000000100000000000000000010000000000000000,0.12344596004999997,1296.8192388624173
1510171433903,INFO,CLICK_EVENT,000001001000000000000001000000000000011000000010010000101000,0.13826243153125073,5089.369334126926
1510171434015,INFO,AGENT_EVENT,000000000000000000000000000000000000010000000000000000001000,0.03801482030135317,899.8279800508014
1510171435345,INFO,AGENT_EVENT,000000100001010000000000000000000001000000000000100000000010,0.152400803296875,1702.3184442261754
1510171435366,INFO,CLICK_EVENT,000000010001010000000000000000100111000010000010110000101000,0.1613127696323784,4986.000225567163
1510171436299,INFO,AGENT_EVENT,010000000000000010001000000000000000000000000000000000000000,0.03349864810345182,1902.1914764321873
1510171437123,INFO,AGENT_EVENT,001000000000000000000000000000000000000000000000000000000010,0.020627934459375052,894.8384066390497
1510171437398,INFO,CLICK_EVENT,000000010001010010000000000000000111000010000010100000101000,0.1760586621006638,5282.805690605686
1510171438985,INFO,AGENT_EVENT,000000000011100010100100000000000000000000000000000001000010,0.1329997036331808,4134.811676592129
1510171439870,INFO,CLICK_EVENT,010000000000000010001000100000000001000010100010100000101000,0.1838181052403398,4896.908564668616
1510171440407,INFO,AGENT_EVENT,000000010001110000000000010000000000000000010000000000101000,0.17363782934806304,2510.860279673122
1510171441107,INFO,AGENT_EVENT,000000000001000000000000000000000000000000000000000000000000,0.06140520000000005,365.9354379217204
1510171441703,INFO,CLICK_EVENT,010000010001010000000000000000100111000010000010100000101000,0.17446408962467497,4877.91843422499
1510171442912,INFO,AGENT_EVENT,010000000010010000000000000000000001000000100010100000101000,0.15200879500252462,3094.0081443850545
1510171442934,INFO,CLICK_EVENT,000000010001010000000000000000100111000010000010100000101000,0.17340161846815483,4690.470969564871
1510171444350,INFO,AGENT_EVENT,000000100001010000000000000000000001001000000000100000000010,0.154425087534375,2371.3040214443595
1510171444879,INFO,CLICK_EVENT,001000010001010000000000010000000001000001000010100000101000,0.17486684084228643,4543.616428222881
1510171445465,INFO,AGENT_EVENT,000000000001000000000000010000100000100000100000000000000010,0.10208079312187501,1704.729119291924
1510171446135,INFO,CLICK_EVENT,001000010001010000000000000000100111000010000010000000001010,0.16990807969792598,4713.967977651904
1510171446576,INFO,AGENT_EVENT,000000100001010000000000000000000100000000000000000000000010,0.136860803296875,1636.5404075645126
1510171447239,INFO,CLICK_EVENT,100000010001011000001000100000000000000001010000000000000100,0.16698522830035423,4467.947587591623
1510171447904,INFO,AGENT_EVENT,000000010001010000000000000100000001000000000000100000000010,0.13460564075937498,2400.1476790700676
1510171449322,INFO,AGENT_EVENT,000000010001110000100000000000000000000000000000000000000010,0.16502344084687504,1426.2281248837753
1510171449503,INFO,CLICK_EVENT,000100000001000000000000000000000000011000000010000000101001,0.081878467757312,4704.948018903574
1510171450510,INFO,AGENT_EVENT,000000000000000000000000000001000000000010000010110000000010,0.10547845671527101,2684.990233252911
1510171451343,INFO,CLICK_EVENT,000010100000000000000000010000000000101001100001000000110000,0.10132557919921092,4975.704981859312
1510171451515,INFO,AGENT_EVENT,010000000101000000000000000000000000000000000000000000000000,0.056828931052561815,1249.6103653044665
1510171453584,INFO,AGENT_EVENT,000000000011100000100100000010100110000010000000100000000010,0.17585999759643012,5173.949565494111
1510171453879,INFO,CLICK_EVENT,010000000011001000000000110000000000101001100001000000000000,0.10586726902695576,5604.220953725695
1510171455156,INFO,AGENT_EVENT,000010010001010010000000000000000111000010000000000000000000,0.12292363400031081,5018.023622149654
1510171459703,INFO,CLICK_EVENT,000000000000010000000000000000100111000010000010110000101100,0.1051726071312693,4780.461752857766
1510171459710,INFO,CLICK_EVENT,000000000000010000000000000000100111000010000010110000101100,0.1051726071312693,4780.461752857766
1510171459718,INFO,CLICK_EVENT,000000000100000000000000000000000000011000000010000010111000,0.10677966656363125,4388.064789662895
1510171459727,INFO,CLICK_EVENT,000000000100000000000000000000000000011000000010000010111000,0.10677966656363125,4388.064789662895
1510171459921,INFO,AGENT_EVENT,000000000000000000000000010000000000000000000000000000000000,0.0,267.90279362473655
1510171461861,INFO,AGENT_EVENT,000000000000000010100100000010100010000010000010110000010010,0.15134830832946955,4963.269757607765
1510171462797,INFO,CLICK_EVENT,000010010001010010000000000000000111000010000000000000000000,0.12292363400031081,5018.023622149654
1510171463305,INFO,AGENT_EVENT,000000010001010000000000000000000000000010000000000000000010,0.13300729758437502,1508.5399871358186
1510171464339,INFO,AGENT_EVENT,000000000001000000000000100000100000000000000000000000000100,0.12072642264855937,1393.1543963914387
1510171465273,INFO,AGENT_EVENT,000000110000000000000000000000000010000000000000010000000000,0.0719688851375,1006.8554507585649
1510171466452,INFO,AGENT_EVENT,000000010001110000000000000000000000000000000000000000000010,0.14177994075937495,1085.4941708085316
1510171466600,INFO,CLICK_EVENT,010000000011001000001000010000000000000000000000000001000000,0.11451509401111559,4315.368814735142
1510171468017,INFO,AGENT_EVENT,000000010001110000100000000100000001000000000000100000000010,0.169206290846875,2915.9012717398437
1510171469136,INFO,CLICK_EVENT,010000000000000000000001000000000000011000000010000010101000,0.12711690814709398,4467.674810495628
1510171469465,INFO,AGENT_EVENT,000000010001110000100000000000000000000000000000000000010010,0.18759388329687499,1485.9425150452198
1510171470380,INFO,AGENT_EVENT,000010000000000000100000000000000000000000000000000000000010,0.04034405637187499,1273.0299995137389
1510171471051,INFO,AGENT_EVENT,000000000000001000000000000000000000000000000000000000000000,0.0022939537499999663,683.3697556285204
1510171473432,INFO,CLICK_EVENT,000000010001110000100000000000000000000000000000000000000010,0.16502344084687504,1426.2281248837753
1510171473872,INFO,AGENT_EVENT,000000000011100010100100000010100000000000000000000000000110,0.15822704677514443,4511.591824976003
1510171474886,INFO,AGENT_EVENT,010000000000000010001000110000000000000000010000000000000000,0.03349864810345182,2508.3686510005286
1510171475915,INFO,AGENT_EVENT,000000000000000000010000000000000000000000010000000000100010,0.05178671267187496,867.2093092746543
1510171477454,INFO,AGENT_EVENT,000001010001110000000000010000000000000000010000000000101000,0.15618414742019748,3712.070014871736
1510171479060,INFO,AGENT_EVENT,000001010001110000100000000000000000000000000000000000010010,0.17415239158049456,2687.1522502438334
1510171480265,INFO,CLICK_EVENT,000000000000000000000000000000000000000000000000000000000000,0,0
1510171480349,INFO,AGENT_EVENT,000000010001110000000000100000000000000000010000000000000100,0.1555381544151796,1736.812880134698
1510171481016,INFO,CLICK_EVENT,000000010001110000100000000000000000000000000000000000010010,0.18759388329687499,1485.9425150452198
1510171481333,INFO,AGENT_EVENT,000000000100000000000000000000000001000000000000010000000000,0.12273721940166893,1071.0619197655628
1510171483506,INFO,AGENT_EVENT,000000010001110000000000000011100011000110000010110000000010,0.16683438498979486,7164.748850814403
1510171484460,INFO,AGENT_EVENT,000000000000000000000000100000000001000000000000100000000010,0.08694014383437498,885.0421607709719
1510171485724,INFO,AGENT_EVENT,000000010001110000000000000000000000000000010000000000100000,0.14370725763750003,1451.0308416075636
1510171486057,INFO,CLICK_EVENT,010000000000000010001000100000000001000010100010100000101000,0.1838181052403398,4896.908564668616
1510171486901,INFO,AGENT_EVENT,000000100001010000000000000010000001000000000000100000000000,0.13704902508750005,2127.729119503296
1510171488334,INFO,AGENT_EVENT,010000010001110000100000000000000000000000000000000000000010,0.1693595165218751,1613.6755895438946
1510171488689,INFO,CLICK_EVENT,000000010001110000100000000000000000000000000000000000010010,0.18759388329687499,1485.9425150452198
1510171490161,INFO,AGENT_EVENT,000000000011100010100100000010110110000000000000000000000000,0.10790342132577335,5394.2314572990435
1510171491313,INFO,CLICK_EVENT,000000010001110000000000010000000000000000010000000000101000,0.17363782934806304,2510.860279673122
1510171491642,INFO,AGENT_EVENT,000000010001110000100000000000000000000000010000001000100000,0.14772961755000003,2347.6902938932667
1510171493573,INFO,AGENT_EVENT,000000011001010000000000010000000001000001000010100000101000,0.17408782638616227,4779.070487906655
1510171494409,INFO,CLICK_EVENT,000001010001110000100000000000000000000000000000000000010010,0.17415239158049456,2687.1522502438334
1510171494876,INFO,AGENT_EVENT,000001010001010000100000000000000001000000000000000000000000,0.1348841481892653,2603.990758466369
1510171496346,INFO,AGENT_EVENT,000000010001110000100000000000000001000000000000000000000010,0.169206290846875,1790.1874043108337
1510171497280,INFO,AGENT_EVENT,000000000001000000000000000000000000000000000000011000100000,0.11434393635000006,1522.7664369889433
1510171497625,INFO,CLICK_EVENT,010000010001110000100000000000000000000000000000000000000010,0.1693595165218751,1613.6755895438946
1510171498944,INFO,AGENT_EVENT,000000010001011010000000001000000111000010000010100000000000,0.1317584371784336,6196.870230989718
1510171500489,INFO,CLICK_EVENT,000000010001110000100000000000000000000000000000000000000010,0.16502344084687504,1426.2281248837753
1510171500952,INFO,AGENT_EVENT,000001010101110000100000000000000000000000000000000000010010,0.16305448661286404,2932.6663125915534
1510171502122,INFO,CLICK_EVENT,000000010001110000100000000000000000000000000000000000010010,0.18759388329687499,1485.9425150452198
1510171502894,INFO,AGENT_EVENT,000000110001010000000000000010100010000010000010110000000010,0.18455621584762805,3846.1036674728666
1510171503297,INFO,CLICK_EVENT,000000010001110000000000100000000000000000010000000000000100,0.1555381544151796,1736.812880134698
1510171504332,INFO,AGENT_EVENT,000000010001110000100000000000100000000000000000000000000010,0.16555128192187496,1853.9661457631119
1510171505930,INFO,CLICK_EVENT,000000010001010000000000000000000001000000100000000000000100,0.15726800200267954,1915.575025637369
1510171507834,INFO,CLICK_EVENT,000000100001010000000000000000000001000000000000100000000010,0.152400803296875,1702.3184442261754
1510171509074,INFO,CLICK_EVENT,000000010001110000000000000000000000000000000000000000000010,0.14177994075937495,1085.4941708085316
1510171509829,INFO,AGENT_EVENT,001000000011100010100100000010100010000010000010110000000010,0.19110725806639772,6313.697507170182
1510171510766,INFO,AGENT_EVENT,001100000000000000000000000000000000000000000000010000100000,0.05666106848572783,2509.9925679513312
1510171511274,INFO,CLICK_EVENT,100000010001010000001000100000000001000000000000000000000100,0.15264540006360383,2542.49175424256
1510171512185,INFO,AGENT_EVENT,001000010001110000100000000000000000000000000000000000000010,0.16840159825937506,2032.8331359614315
1510171512514,INFO,CLICK_EVENT,000000010001110000100000000000000000000000010000001000100000,0.14772961755000003,2347.6902938932667
1510171513452,INFO,AGENT_EVENT,000000010001110000000000100000000000000000010000010000000000,0.12741228937500004,1555.513515835332
1510171513522,INFO,CLICK_EVENT,000000010001010000000000000000000011000000100000000000000010,0.143509788346875,1846.4647206593613
1510171515862,INFO,AGENT_EVENT,000000000011100010100100000010100010000000000001000000000010,0.15695183295015347,4639.439053005136
1510171516339,INFO,CLICK_EVENT,000001010001110000000000010000000000000000010000000000101000,0.15618414742019748,3712.070014871736
1510171516991,INFO,AGENT_EVENT,100000010001000000000000000000000001000000000000000000000000,0.10562693187500005,955.8574696911571
1510171518090,INFO,CLICK_EVENT,000000010001010000000000000000000111000010000010010000001000,0.14659694757782737,3573.5956445530173
1510171522458,INFO,CLICK_EVENT,000000010001110000000000000000000000000000010000000000100000,0.14370725763750003,1451.0308416075636
1510171523676,INFO,CLICK_EVENT,000000000000000000000000000000000000000000000000000000000000,0,0
1510171524290,INFO,CLICK_EVENT,000000000100000000000000000000000001000000100000000000000010,0.13912591332027635,1436.452517537737
1510171526058,INFO,CLICK_EVENT,000000010001010000000000000000000001000000000000100000000010,0.13460564075937498,1423.9279870852151
1510171528283,INFO,CLICK_EVENT,000000000000000000000000000000000000000000000000000000000000,0,0
1510171528843,INFO,CLICK_EVENT,000001010001110000100000000000000000000000000000000000010010,0.17415239158049456,2687.1522502438334
1510171530563,INFO,CLICK_EVENT,000000010001110000100000000100000001000000000000100000000010,0.169206290846875,2915.9012717398437
1510171532387,INFO,CLICK_EVENT,001000010001110000100000000000000000000000000000000000000010,0.16840159825937506,2032.8331359614315
1510171534363,INFO,CLICK_EVENT,000000010001110000100000000000100000000000000000000000000010,0.16555128192187496,1853.9661457631119
1510171536085,INFO,CLICK_EVENT,000000010001110000100000000000000000000000010000001000100000,0.14772961755000003,2347.6902938932667
1510171538331,INFO,CLICK_EVENT,000000100001010000000000000010000001000000000000100000000000,0.13704902508750005,2127.729119503296
1510171540483,INFO,AGENT_EVENT,000000000011100010100100001010100011000110000010110000000010,0.1786753692741988,9445.389004356355
1510171540828,INFO,CLICK_EVENT,000000010001110000000000100000000000000000010000010000000000,0.12741228937500004,1555.5135158353323
1510171547034,INFO,CLICK_EVENT,000000010001010000100000000000000001000000000000000000000000,0.12815801013749994,1402.7810232677552
1510171547272,INFO,AGENT_EVENT,000000010001110000000000000000000000000000000000000000000000,0.12344596004999997,874.0255197980024
1510171548405,INFO,AGENT_EVENT,000000000000000010000000000000000000000000110000000000000000,0.021025948837499975,1101.8866742424398
1510171549230,INFO,AGENT_EVENT,000000000000001000000000000000000000000000010000000000000000,0.0022939537499999663,847.6581021968536
1510171550563,INFO,AGENT_EVENT,000000010001110000100000000000000000000000000000000000000010,0.16502344084687504,1426.2281248837753
1510171553026,INFO,AGENT_EVENT,000000000000000010000000100000000001000000000000000000000000,0.05414406562499996,1154.0843226855636
1510171554321,INFO,AGENT_EVENT,000000010001110000000000000000000000000000000000000000000001,0.12762881005000004,1215.916320001637
1510171555823,INFO,AGENT_EVENT,000000010001110000000000010000010000000000010000000000101000,0.17363782934806304,2584.1433237300917
1510171556678,INFO,AGENT_EVENT,000000100000000000000000000000000000000000000000000000000010,0.04976617954687501,643.0250111444603
1510171557847,INFO,CLEAR_SCREEN,000000000000000000000000000000000000000000000000000000000000,N/A,N/A
1510171576373,INFO,CLICK_EVENT,000000000000000000000000000000000000000000000000000000000000,0,0
1510171622704,INFO,EXPLORE_EVENT,001000000000000000000000010000000000000000000000100000000000,0.01675605125,1202.0403348622988
1510171626840,INFO,EXPLORE_EVENT,001000000000000000000000010000000000000000000000100100000000,0.010820343646434864,2019.9118737925144
1510171630955,INFO,EXPLORE_EVENT,001000000000000000000000110000000000000000000000000100000000,0.006069561700390824,1919.4945975046512
1510171632873,INFO,EXPLORE_EVENT,000000000000001000000000110000000000000000000000000100000000,0.006069561700390824,1919.4945975046512
1510171635524,INFO,EXPLORE_EVENT,000000000000001000000000110000000000000000000000000110000000,0.011890555883723277,2832.6716672663597
1510171639636,INFO,EXPLORE_EVENT,000000000000001000000000110000000000000000000000000100000000,0.006069561700390824,1919.4945975046512
1510171643021,INFO,EXPLORE_EVENT,000000000000001000001000110000000000000000000000000100000000,0.01127221055386681,2963.9184285980027
1510171646074,INFO,EXPLORE_EVENT,000000000000000000001000110000000000000000000000000100000000,0.009859228080568588,1905.3362063747622
1510171649483,INFO,EXPLORE_EVENT,000000000000000000001000110000000000000000000000000100000001,0.01943046074423703,2385.077066822911
1510171672130,INFO,CLICK_EVENT,001000000000000000000000010000000000000000000000100000000000,0.01675605125,1202.0403348622988
1510171709437,INFO,CLEAR_SCREEN,000000000000000000000000000000000000000000000000000000000000,N/A,N/A
1510172195682,INFO,TREATMENT_1,000000000000000000000000000000000000000000000000000000000000,N/A,N/A
1510172203471,INFO,EXPLORE_EVENT,000000000000000000000000000000000100000000001000000000000000,0.0,1088.7695839073328
1510172207563,INFO,EXPLORE_EVENT,000000000000000000000010000000000100000000001000000000010000,0.031112723202250003,1506.7858161600898
1510172213232,INFO,EXPLORE_EVENT,000000000000001000000010000000000100000000001000000000010000,0.03495915070225,2126.303282187312
1510172216207,INFO,EXPLORE_EVENT,000000000000001000000010000000000100000000001000000001010000,0.05329926460794762,3087.939778864353
1510172222803,INFO,EXPLORE_EVENT,000000000000001000000010000000000100000000001000110001010000,0.05703726289747369,3661.047925591285
1510172227871,INFO,EXPLORE_EVENT,000000000000001000000010000000000100000000001000010001010000,0.05605735030302182,3383.4173092178826
1510172233105,INFO,EXPLORE_EVENT,000000000000001000000010000000000100000000001000100001010000,0.05683868831888743,3367.6187214281044
1510172237444,INFO,EXPLORE_EVENT,000000100000001000000010000000000100000000001000100001010000,0.0841710730079741,3799.1750815620353
1510172242355,INFO,EXPLORE_EVENT,000000100000001000000000000000001110000000000000100001010000,0.0830344292579741,3735.7858407378335
1510172246931,INFO,EXPLORE_EVENT,000000000000001000000000000000001110000000000000100001110000,0.05996814396078459,3873.1824308072128
1510172250867,INFO,EXPLORE_EVENT,000000000000000000000000000000001110000000000000100001010000,0.05153688299888423,2620.8597249753825
1510172254908,INFO,EXPLORE_EVENT,000000000000000000000000000000001010000000000000100001010000,0.05153688299888423,2352.444473449609
1510172257070,INFO,EXPLORE_EVENT,000000000000000000000000000000001010000000000000100001000000,0.03454985949095552,2230.752539591628
1510172265415,INFO,EXPLORE_EVENT,000000000000000000000000000000000000000000000000000000000000,0.0,0.0
1510172270323,INFO,EXPLORE_EVENT,000000000010000000000000000000000000000000000000000000000000,5.683218750000001E-4,253.72024684826238
1510172273305,INFO,EXPLORE_EVENT,000000000010000000000000000000000000000000001000000000000000,5.683218750000001E-4,894.8144125460424
1510172275750,INFO,EXPLORE_EVENT,000000000010000000000001000000000000000000001000000000000000,0.054712387499999994,1260.7498504677628
1510172279364,INFO,EXPLORE_EVENT,000100000010000000000001000000000000001000001000000000000000,0.05906535985541473,3203.9082869296826
1510172284578,INFO,EXPLORE_EVENT,000100000010000000000001000010000000001000001000000001000000,0.08845923600271458,4846.303671949463
1510172296522,INFO,EXPLORE_EVENT,000100000010000000000001000010000000001000001000000001000000,0.08845923600271458,4846.303671949463
1510172307550,INFO,EXPLORE_EVENT,000100000010000000000001000010000000001000001000000001000000,0.08845923600271458,4846.303671949463
1510172315296,INFO,EXPLORE_EVENT,000100000010000000000001000010000000001010001000000001000000,0.11144454427235159,5621.27257439449
1510172322361,INFO,EXPLORE_EVENT,000000000000000000000011000010000000001010001000000001000000,0.10895792580625227,4642.0422047021875
1510172327922,INFO,EXPLORE_EVENT,000000000000000000000011000010000000001010001000000101000000,0.09522740835420014,5230.130801838398
1510172332531,INFO,EXPLORE_EVENT,000000000000000000000011000011000000001010001000000100000000,0.09537049040080156,5769.877397300048
1510172337795,INFO,EXPLORE_EVENT,000000000000000000000011000001000000001010001000000110000000,0.10425404642620005,5807.961113979018
1510172341318,INFO,EXPLORE_EVENT,010000000000000000000011000001000000001010001000000110000000,0.13261766585704232,6076.66612503924
1510172344528,INFO,EXPLORE_EVENT,010000000000000000000011000001000000001010001000010110000000,0.13237702907494328,6351.81840764078
1510172355693,INFO,EXPLORE_EVENT,000000000000000000000011000000000000000010001000010110000000,0.08001906556586287,4079.8863822259955
1510172359785,INFO,EXPLORE_EVENT,000000000000000000000011000000000000000010001000010110000000,0.08001906556586287,4079.8863822259955
1510172361728,INFO,EXPLORE_EVENT,000000000000000000000011000000000000001010001000010110000000,0.07962215843246365,5080.785504222778
1510172366563,INFO,EXPLORE_EVENT,000000000000100000000011000000000000001010001000010110000000,0.0927032649800345,5242.4605166028805
1510172370337,INFO,EXPLORE_EVENT,000000000000100000000011000000000000001010001000110110000000,0.10372078849457167,5509.954235488486
1510172385546,INFO,EXPLORE_EVENT,000000000000100000010011000000000000001010001100110110000000,0.11287560421255652,6423.111668383543
1510172392105,INFO,EXPLORE_EVENT,000000000000100000010011000000000000001010001100110100000000,0.11189137083751075,5523.089018489247
1510172394441,INFO,EXPLORE_EVENT,000000000000100000010011000000000000001010001100100100000000,0.10873531018522054,5241.743431431552
1510172397851,INFO,EXPLORE_EVENT,000000000000000000010011000000000000001010001100100100000000,0.0838220096429436,4455.421042484507
1510172403391,INFO,EXPLORE_EVENT,000000000000000000010011000010000000001000001100100100000000,0.08006718653943763,4208.406080247694
1510172411305,INFO,EXPLORE_EVENT,000000000000000000000000000010000000001000001100100100010001,0.025314702311497357,4182.529845728802
1510172417368,INFO,EXPLORE_EVENT,000000000000000000000000000110010000001000001100100000000001,0.07273432578199546,4357.135494187688
1510172425499,INFO,EXPLORE_EVENT,000000000000000000000000000110010000101000001100000000000001,0.05809592231650287,4480.894294090109
1510172427580,INFO,EXPLORE_EVENT,000000000000000000000000000111010000101000001100000000000001,0.06263908801355154,5324.099396570238
1510172431330,INFO,EXPLORE_EVENT,000000000000000000000000000111010000101000001100000000100001,0.08452244638434984,5626.103326509297
1510172440208,INFO,EXPLORE_EVENT,000000000000000000000000000111010000101000001100000000100011,0.10384055391872485,5755.676552621702
1510172448489,INFO,EXPLORE_EVENT,000000000000000000000000000001010000101000001100000000100011,0.11747756255935479,4089.07907922738
1510172452465,INFO,EXPLORE_EVENT,000000000000000000000000000000010000101000001100000000000011,0.07642990302587786,2808.8063928088936
1510172462363,INFO,EXPLORE_EVENT,000000000000000000000000000000010000001000000100000000000011,0.07678371771652372,2117.423178910564
1510172469792,INFO,EXPLORE_EVENT,000000000010000000010000001000000000000000000100000000000001,0.072867186875,1910.2860422714232
1510172475187,INFO,EXPLORE_EVENT,000000000010000000010000001000000000000000001100000000000001,0.072867186875,2353.876212786489
1510172478819,INFO,EXPLORE_EVENT,000000000010100000010000001000000000000000001100000000000001,0.099471960625,2519.186720134933
1510172483178,INFO,EXPLORE_EVENT,000000000010100000010000011000000000000000001100000010000001,0.11390995565519749,3919.9850989476927
1510172486814,INFO,EXPLORE_EVENT,000001000010100000010000011000000000000000001100000010000001,0.14175103605409506,4993.766368246619
1510172511316,INFO,EXPLORE_EVENT,000001000010100000010000011000000000000000000100000000000000,0.0797505013920841,2967.7118386022785
1510172513037,INFO,EXPLORE_EVENT,000000000010100000010000011000000000000000000100000000000000,0.0418938325,1893.930569303352
1510172515968,INFO,EXPLORE_EVENT,000000000000000000010000011000000000000000000100000000000000,0.014720736875000003,1474.8998151066455
1510172520443,INFO,EXPLORE_EVENT,000000000000000000000000000000000000000000000000000000000000,0.0,0.0
1510172535792,INFO,CLEAR_SCREEN,000000000000000000000000000000000000000000000000000000000000,N/A,N/A
1510172537554,INFO,CLICK_EVENT,000000000000000000000000000000000000000000000000000000000000,0,0
1510172555488,INFO,EXPLORE_EVENT,000000000000000100000000000000000000000000000000000000000000,0.0020328988330879263,865.8496748709849
1510172557541,INFO,EXPLORE_EVENT,000000000000000100000000000000000000000010000000000000000000,0.017018326533087925,1463.915129792804
1510172560837,INFO,EXPLORE_EVENT,000000000100000100000000000000000000000010000000000000000000,0.07015593417656917,1912.3234931583938
1510172566084,INFO,EXPLORE_EVENT,000000000100000100000000000000000000000010000000000000000010,0.08846009286094417,2123.792144168923
1510172570855,INFO,EXPLORE_EVENT,000000000100000100000000000000100000000010000000000000000010,0.10948604169844416,2551.5301650482597
1510172577036,INFO,EXPLORE_EVENT,000000000100000100000000100000100000000010000000000000000010,0.10948604169844416,2711.0174613663607
1510172580140,INFO,EXPLORE_EVENT,000000000100000100000000100000100000000010010000000000000010,0.10948604169844416,2784.5792105232513
1510172584589,INFO,EXPLORE_EVENT,000000000100000100000000100000100000000010010000000000001010,0.13234736941522218,3402.707599317074
1510172588109,INFO,EXPLORE_EVENT,000001000100000100000000100000100000000010010000000000001010,0.11377945855751868,4225.618085734237
1510172593991,INFO,CLICK_EVENT,000000000100000100000000100000100000000010010000000000001010,0.13234736941522218,3402.707599317074
1510172607091,INFO,EXPLORE_EVENT,000000000000000000000000000000000000000000000000000000000000,0.0,0.0
1510172608891,INFO,CLEAR_SCREEN,000000000000000000000000000000000000000000000000000000000000,N/A,N/A
1510172928205,INFO,TREATMENT_3,000000000000000000000000000000000000000000000000000000000000,N/A,N/A
1510172937531,INFO,EXPLORE_EVENT,000000000000000000000000000000100000000000000000000000000000,0.0,250.8605824203334
1510172937708,INFO,AGENT_EVENT,000000000000000000000000100000100000000000000000000000000000,0.021025948837500003,566.3620126908477
1510172938798,INFO,AGENT_EVENT,000000000000000000000001000000100000000000000000000000000000,0.03425714001604683,1253.1273838665566
1510172939834,INFO,AGENT_EVENT,000000000000000000000000000000100001000000000000000000000000,0.02874194203765507,1283.6768536353497
1510172940613,INFO,AGENT_EVENT,000000000000000000000000000000100100000000000000000000000000,0.0,1068.4992148511767
1510172941673,INFO,AGENT_EVENT,000000000000000000000000000000100000010000000000000000000000,0.02997607945225,415.1564647857515
1510172942688,INFO,AGENT_EVENT,001000000000000000000000000000100000000000000000000000000000,0.006083620130177763,920.0108560074091
1510172943473,INFO,AGENT_EVENT,000000000000000000010000000000100000000000000000000000000000,0.0,518.7633760450699
1510172945543,INFO,EXPLORE_EVENT,000000000000000000000000000000100000000000000000000000010000,0.02544675,519.6156045576128
1510172946754,INFO,EXPLORE_EVENT,000000000000000001000000000000100000000000000000000000010000,0.079590815625,883.4637819960581
1510172946942,INFO,AGENT_EVENT,000000000000000001000000000000100000000000000100000000010000,0.08336642357539083,1677.6997958721813
1510172948210,INFO,AGENT_EVENT,000000000000000001000010000000100000000000000000000000010000,0.083586966975,1419.017974485094
1510172949423,INFO,AGENT_EVENT,000000000000100001000000000000100000000000000000000000010000,0.10035577571250001,1221.2695124582312
1510172950660,INFO,AGENT_EVENT,000000000010000001000000000000100000000000000000000000010000,0.083586966975,1513.4687703653367
1510172952243,INFO,AGENT_EVENT,000000000000000001000000000000100000000010000000000000010000,0.09792479633437501,1094.9324330065874
1510172953592,INFO,CLICK_EVENT,000000000000100001000000000000100000000000000000000000010000,0.10035577571250001,1221.2695124582312
1510172953688,INFO,AGENT_EVENT,000000000000000001000000000000100000000000000000000000010010,0.07830217174393807,2098.1574253715316
1510172955017,INFO,AGENT_EVENT,000000000000000001000000000000100000000000000010000000010000,0.096544496975,1481.6810752184124
1510172956326,INFO,AGENT_EVENT,000000000000000001000000000000100000000000100000000000010000,0.09094796562500002,1134.2830912388295
1510172958892,INFO,EXPLORE_EVENT,000000000000100001000000000000100000000000000000000000010000,0.10035577571250001,1221.2695124582312
1510172959371,INFO,AGENT_EVENT,001000000000100001000000000000100000000000000000000000010000,0.10643939584267777,1890.4808769568622
1510172961063,INFO,AGENT_EVENT,000000000000100001000000000000100000001000000000000000010000,0.13837059601385315,1862.4266782786726
1510172962289,INFO,AGENT_EVENT,000000000000000001000000000000100000000000000000000000010000,0.079590815625,883.4637819960581
1510172963666,INFO,AGENT_EVENT,000000000000100001000000010000100000000000000000000000010000,0.10035577571250001,1280.017588368924
1510172965350,INFO,AGENT_EVENT,000000000000100001000000000000100000000000000000000010010000,0.10092409758750001,1398.152116447146
1510172967043,INFO,AGENT_EVENT,000000000100100001000000000000100000000000000000000000010000,0.10238867454558792,2087.1191873292164
1510172968528,INFO,CLICK_EVENT,000000000000100001000000000000100000001000000000000000010000,0.13837059601385315,1862.4266782786726
1510172968845,INFO,AGENT_EVENT,000000100000100001000000000000100000000000000000000000010000,0.11171292571250001,1480.4935390694268
1510172970602,INFO,AGENT_EVENT,000000000000100001000000000000100000010000000000000000010000,0.13197534696250002,1385.5654978627258
1510172973822,INFO,EXPLORE_EVENT,000000000000100001000000000000100000001000000000000000010000,0.13837059601385315,1862.4266782786726
1510172973972,INFO,AGENT_EVENT,000000000000100001000000000000100010001000000000000000010000,0.15445744042547804,2988.0702001600857
1510172975824,INFO,AGENT_EVENT,000000000001100001000000000000100000001000000000000000010000,0.15717336259168874,2871.7312249606894
1510172977440,INFO,CLICK_EVENT,000000000000100001000000000000100000010000000000000000010000,0.13197534696250002,1385.5654978627258
1510172977573,INFO,AGENT_EVENT,000000000000110001000000000000100000001000000000000000010000,0.13837059601385315,1928.6204055358503
1510172979207,INFO,AGENT_EVENT,000000000100100001000000000000100000001000000000000000010000,0.1404034948469411,2728.2763531496576
1510172984234,INFO,EXPLORE_EVENT,000000000000100001000000000000100000010000000000000000010000,0.13197534696250002,1385.5654978627258
1510172987064,INFO,AGENT_EVENT,000000000000100001000000000000100000010000000000000000110000,0.1546896469625,1560.585136457258
1510172988539,INFO,CLICK_EVENT,000000000000100001000000000000100000010000000000000000110000,0.1546896469625,1560.585136457258
1510172989004,INFO,AGENT_EVENT,000000000000100001000000000000100000010000000000000000011000,0.133015504375,1991.4615879592707
1510172990421,INFO,AGENT_EVENT,000000000000100000000000000000100000010000000000000000010000,0.0773276188375,1111.7328680131163
1510172992193,INFO,AGENT_EVENT,000000000000100001000000000000100000010000010000000000010000,0.1372955494625,1538.837978283318
1510172993829,INFO,AGENT_EVENT,000000000000100001000000000000100010010000000000000000010000,0.14507998887412488,2511.2090197441394
1510172995567,INFO,AGENT_EVENT,000000000000100001000000000000100000010000010000000000010000,0.1372955494625,1538.837978283318
1510172998989,INFO,AGENT_EVENT,000000000000100001000000000000100000000000000000000000110000,0.12307007571250002,1396.2891510527634
1510172999504,INFO,EXPLORE_EVENT,000000000000100001000000000000100000010000000000000000110000,0.1546896469625,1560.585136457258
1510173001000,INFO,AGENT_EVENT,000000000000100001000000000000100000010010000000000000110000,0.173023627671875,1667.4721922247368
1510173002786,INFO,AGENT_EVENT,000000000000100001000000000000100000010000000100000000110000,0.1349603072845982,2309.8093132934046
1510173004591,INFO,AGENT_EVENT,000000000000100001000000000000100000010000000000000000111000,0.14537489322143068,2988.6793071062853
1510173006596,INFO,AGENT_EVENT,000000000000100001000000000000100000010000000000000100110000,0.15027657012911555,2180.5127331578833
1510173007877,INFO,CLICK_EVENT,000000000000100001000000000000100000010010000000000000110000,0.173023627671875,1667.4721922247368
1510173008851,INFO,AGENT_EVENT,000000000000100001000000000001100000010000000000000000110000,0.16021513446250002,1793.3454713879241
1510173010616,INFO,AGENT_EVENT,000000000000110001000000000000100000010000000000000000110000,0.1546896469625,1626.7788637144356
1510173014061,INFO,EXPLORE_EVENT,000000000000100001000000000000100000010010000000000000110000,0.173023627671875,1667.4721922247368
1510173014103,INFO,AGENT_EVENT,000000000000100001000000000000100000010010100000000000110000,0.17536162767187502,1816.2769064188822
1510173016055,INFO,AGENT_EVENT,000000000000100000000000000000100000010010000000000000110000,0.118375899546875,1393.445203214842
1510173018124,INFO,AGENT_EVENT,000000000000100001000000010000100000010010000000000000110000,0.173023627671875,1726.2202681354297
1510173020103,INFO,AGENT_EVENT,000000000000100001000000000000000000010010000000000000110000,0.173023627671875,1416.6727007159589
1510173021289,INFO,CLICK_EVENT,000000000000100001000000000000000000010010000000000000110000,0.173023627671875,1416.6727007159589
1510173022383,INFO,AGENT_EVENT,000000000000100001000000000100100000010010000000000000110000,0.173023627671875,2136.0842557332358
1510173024376,INFO,AGENT_EVENT,000000000100100001000000000000100000010010000000000000110000,0.17604065332996294,2533.3218670957217
1510173026492,INFO,AGENT_EVENT,000000000000100001000000000000100000010010100000000000110000,0.17536162767187502,1816.2769064188822
1510173028291,INFO,AGENT_EVENT,000000000000100001000000000000100000010010000000000000100000,0.139105199596875,1482.9715691811784
1510173030648,INFO,AGENT_EVENT,001000000000100001000000000000100000010010000000000000110000,0.1905473476601653,2336.683556723368
1510173032668,INFO,AGENT_EVENT,000000000000100001000000010000100000010010000000000000110000,0.173023627671875,1726.2202681354297
1510173035091,INFO,AGENT_EVENT,000000000000100001000000000000100000010010000100000000110000,0.13737036724814022,2496.058518806163
1510173035455,INFO,CLICK_EVENT,000000000000100001000000000000000000010010000000000000110000,0.173023627671875,1416.6727007159589
1510173037309,INFO,CLICK_EVENT,000000000000100001000000000000100000010010000000000000110000,0.173023627671875,1667.4721922247368
1510173037346,INFO,AGENT_EVENT,000000000000100001000000000000100000010010100000000000110000,0.17536162767187502,1816.2769064188822
1510173039908,INFO,AGENT_EVENT,000000000000100001000000000000100000010010000000010000110000,0.179184883921875,1731.4699007934782
1510173041915,INFO,AGENT_EVENT,000000000000100001000000010000100000010010000000000000110000,0.173023627671875,1726.2202681354297
1510173041955,INFO,CLICK_EVENT,000000000000100001000000000000000000010010000000000000110000,0.173023627671875,1416.6727007159589
1510173043997,INFO,AGENT_EVENT,000000000000100001000000000000100000010010000000000000111000,0.1637088739308057,3095.5663628737643
1510173048178,INFO,AGENT_EVENT,000000000000000001000000000000000000010010000000000000110000,0.152258667584375,1078.8669702537854
1510173048636,INFO,EXPLORE_EVENT,000000000000100001000000000000000000010010000000000000110000,0.173023627671875,1416.6727007159589
1510173050169,INFO,AGENT_EVENT,000000000000100101000000000000000000010010000000000000110000,0.12784843757680894,2260.6277345249346
1510173051035,INFO,CLICK_EVENT,000000000000100001000000000000100000010010000000010000110000,0.179184883921875,1731.4699007934782
1510173052631,INFO,AGENT_EVENT,001000000000100001000000000000000000010010000000000000110000,0.1905473476601653,2085.88406521459
1510173054692,INFO,AGENT_EVENT,000000010000100001000000000000000000010010000000000000110000,0.175021703346875,1685.3777117761806
1510173056583,INFO,AGENT_EVENT,000000000000101001000000000000000000010010000000000000110000,0.1424238471931981,2477.7053882172822
1510173060439,INFO,CLICK_EVENT,000000000000100001000000000000100000010010000000010000110000,0.179184883921875,1731.4699007934782
1510173060709,INFO,EXPLORE_EVENT,000000000000100001000000000000100000010010000000010000110000,0.179184883921875,1731.4699007934782
1510173060943,INFO,AGENT_EVENT,000000000000100001001000000000100000010010000000010000110000,0.182419421334375,2344.9145811123885
1510173063669,INFO,AGENT_EVENT,000000000000100001000000000000100000010010000000010100110000,0.17440113673902619,2410.7525892105205
1510173066066,INFO,AGENT_EVENT,000000000000100001100000000000100000010010000000010000110000,0.179184883921875,1911.721202866721
1510173068919,INFO,AGENT_EVENT,000000000000100001000001000000100000010010000000010000110000,0.15495395652563804,3152.9925414768795
1510173072149,INFO,AGENT_EVENT,000000000000100001000000000000100000010010000000010001110000,0.1787061407666412,2637.665173909547
1510173074839,INFO,AGENT_EVENT,000100000000100001000000000000100000010010000000010000110000,0.2162999421899833,2179.8782641590683
1510173077246,INFO,AGENT_EVENT,000000000000100001000000000000100000010010000000010000010000,0.15647058392187502,1566.129098234343
1510173077562,INFO,CLICK_EVENT,000100000000100001000000000000100000010010000000010000110000,0.2162999421899833,2179.8782641590683
1510173079780,INFO,AGENT_EVENT,000000001000100001000000000000100000010010000000010000110000,0.180225041334375,2414.8396564219984
1510173084961,INFO,EXPLORE_EVENT,000100000000100001000000000000100000010010000000010000110000,0.2162999421899833,2179.8782641590683
1510173085417,INFO,AGENT_EVENT,000100000001100001000000000000100000010010000000010000110000,0.20043566788942627,3002.7887505762324
1510173088343,INFO,AGENT_EVENT,000100000000100001000000000000110000010010000000010000110000,0.2162999421899833,2340.567982449622
1510173091076,INFO,AGENT_EVENT,000100000000100001100000000000100000010010000000010000110000,0.2162999421899833,2360.129566232311
1510173094054,INFO,AGENT_EVENT,000100000000100001000000000000100000010010000000010001110000,0.21238713653474953,3086.073537275137
1510173096939,INFO,AGENT_EVENT,000100000000100001001000000000100000010010000000010000110000,0.2195344796024833,2793.3229444779786
1510173100043,INFO,AGENT_EVENT,000100000000100001000000000010100000010010000000010000110000,0.2162999421899833,2289.9183919638517
1510173103605,INFO,AGENT_EVENT,000100000000100001000000000000100000010010000000010001110000,0.21238713653474953,3086.073537275137
1510173106786,INFO,AGENT_EVENT,000100000000100001000000010000100000010010000000010000110000,0.2162999421899833,2238.6263400697608
1510173107046,INFO,CLICK_EVENT,000000000000100001000000000000100000010010000000010000110000,0.179184883921875,1731.4699007934782
1510173112875,INFO,EXPLORE_EVENT,000000000000100001000000000000100000010010000000010000110000,0.179184883921875,1731.4699007934782
1510173113168,INFO,AGENT_EVENT,000000000000100001000000000000100000011010000000010000110000,0.18333289964777205,2399.3377197137033
1510173115080,INFO,AGENT_EVENT,000000000000100001000000000000100000010010000000000000110000,0.173023627671875,1667.4721922247368
1510173117090,INFO,AGENT_EVENT,000000000000100001000000000000100000010010000000000000110000,0.173023627671875,1667.4721922247368
1510173118563,INFO,CLICK_EVENT,000000010000100001000000000000000000010010000000000000110000,0.175021703346875,1685.3777117761806
1510173119668,INFO,AGENT_EVENT,000000000000100001000000000000100000010010000000010000010000,0.15647058392187502,1566.129098234343
1510173126371,INFO,EXPLORE_EVENT,000000010000100001000000000000100000010010000000010000110000,0.18118295959687503,2000.1749118537
1510173127139,INFO,AGENT_EVENT,000010010000100001000000000000100000010010000000010000110000,0.21161287451250002,2177.0575158426145
1510173130262,INFO,AGENT_EVENT,000000010100100001000000000000100000010010000000010000110000,0.18402044148337968,2914.970035060775
1510173131092,INFO,CLICK_EVENT,000000000000100001000000000000000000010010000000000000110000,0.173023627671875,1416.6727007159589
1510173133671,INFO,AGENT_EVENT,000000010000100001000000000000100000010010000001010000110000,0.17262935661585316,3060.8536193510085
1510173139747,INFO,EXPLORE_EVENT,000000000000100001000000000000100000010010000000010000110000,0.179184883921875,1731.4699007934782
1510173140359,INFO,EXPLORE_EVENT,000000000000100001000000000000000000010010000000010000110000,0.179184883921875,1480.6704092846999
1510173142031,INFO,CLICK_EVENT,000000000000100001000000000000000000010010000000010000110000,0.179184883921875,1480.6704092846999
1510173142062,INFO,AGENT_EVENT,000000000000100001000000000001000000010010000000010000110000,0.18471037142187502,1822.5085960852552
1510173145053,INFO,AGENT_EVENT,000010000000100001000000000000000000010010000000010000110000,0.2096147988375,1734.3906561329622
1510173148110,INFO,AGENT_EVENT,000000000000100001000000000000010000010010000000010000110000,0.179184883921875,1739.3412235150604
1510173150866,INFO,CLICK_EVENT,000010000000100001000000000000000000010010000000010000110000,0.2096147988375,1734.3906561329622
1510173150959,INFO,AGENT_EVENT,000000000000100001000000000000001000010010000000010000110000,0.180225041334375,2149.655986502884
1510173153973,INFO,AGENT_EVENT,000000000000100001000000000000000000010010000000011000110000,0.15736892297873176,2385.738262077761
1510173158701,INFO,EXPLORE_EVENT,000010000000100001000000000000000000010010000000010000110000,0.2096147988375,1734.3906561329622
1510173159095,INFO,AGENT_EVENT,000010000000100001000000000000000000010010010000010000110000,0.21259700133750004,1891.876103657834
1510173161832,INFO,AGENT_EVENT,000010000000100001100000000000000000010010000000010000110000,0.2096147988375,1914.6419582062051
1510173164701,INFO,AGENT_EVENT,000010000000100001000000000000000000010010000100010000110000,0.19663119175221003,2562.9769827143887
1510173167837,INFO,AGENT_EVENT,000010000000100001000000000000000000010010000000011000110000,0.18587765162873174,2639.4585089260236
1510173170752,INFO,AGENT_EVENT,000010000000100001000000001000000000010010000000010000110000,0.2096147988375,2375.4848218307425
1510173171650,INFO,CLICK_EVENT,000010000000100001000000000000000000010010010000010000110000,0.21259700133750004,1891.876103657834
1510173173694,INFO,AGENT_EVENT,000010010000100001000000000000000000010010000000010000110000,0.21161287451250002,1926.2580243338361
1510173180898,INFO,AGENT_EVENT,000010000000100001000000000000000000010010110000010000110000,0.20637611974662945,2528.888712337353
1510173180961,INFO,EXPLORE_EVENT,000010000000100001000000000000000000010010010000010000110000,0.21259700133750004,1891.876103657834
1510173183749,INFO,AGENT_EVENT,000010000000100001000000000000000000010010010000010000100000,0.21161287451250002,1716.770679077039
1510173187139,INFO,AGENT_EVENT,000010000000100001000000000000000000010110010000010000110000,0.22206741306780498,2495.803997038888
1510173190393,INFO,AGENT_EVENT,000010000000100001000000100000000000010010010000010000110000,0.21312484241250002,2266.967342097944
1510173191552,INFO,CLICK_EVENT,000010000000100001000000000000000000010010010000010000100000,0.21161287451250002,1716.770679077039
1510173193853,INFO,AGENT_EVENT,000010000000100001000000000000000000010010010000010000110001,0.21525470762637147,3153.4633478854585
1510173196871,INFO,AGENT_EVENT,000010000000100001000000000000000100010010010000010000110000,0.21259700133750004,2685.976844873695
1510173200369,INFO,AGENT_EVENT,000010000000100001000000000000000000010010010000011000110000,0.20176905146948426,2796.9439564508953
1510173206780,INFO,AGENT_EVENT,000010000000100001000000010000000000010010010000010000100000,0.21161287451250002,1881.059025645372
1510173207048,INFO,EXPLORE_EVENT,000010000000100001000000000000000000010010010000010000100000,0.21161287451250002,1716.770679077039
1510173209619,INFO,AGENT_EVENT,000010000000100001000000000000000000010010010000010000100100,0.19627816275894558,2667.819438273578
1510173212515,INFO,AGENT_EVENT,000010000000100001000000000000001000010010010000010000100000,0.212653031925,2385.756256295223
1510173215681,INFO,AGENT_EVENT,000010000000100001000000000000000000010010011000010000100000,0.20255295838729653,3117.1002117098415
1510173216263,INFO,CLICK_EVENT,000010000000100001000000000000000000010110010000010000110000,0.22206741306780498,2495.803997038888
1510173218636,INFO,AGENT_EVENT,000010000000100001000000000000100000010010010000010000100000,0.21161287451250002,1967.570170585817
1510173226105,INFO,EXPLORE_EVENT,000010000000100001000000000000000000010010010000010000110000,0.21259700133750004,1891.876103657834
1510173227881,INFO,EXPLORE_EVENT,000010000000100001000000000000000000010110010000010000110000,0.22206741306780498,2495.803997038888
1510173228234,INFO,AGENT_EVENT,000010000000100001010000000000000000010110010000010000110000,0.22206741306780498,2687.6482240670566
1510173231884,INFO,AGENT_EVENT,000010000000100001000000000000100000010110010000010000110000,0.22206741306780498,2746.603488547666
1510173235436,INFO,AGENT_EVENT,000010000000101001000000000000000000010110010000010000110000,0.19210522337505914,3556.8366845402115
1510173240259,INFO,AGENT_EVENT,000010000000100001000000000000000000010110010000010100110000,0.18693457059979418,3175.086685455931
1510173243853,INFO,AGENT_EVENT,000010000000100001000000000000100000010110010000010000110000,0.22206741306780498,2746.603488547666
1510173247494,INFO,AGENT_EVENT,000010000000100001001000000000000000010110010000010000110000,0.225301950480305,3109.2486773577984
1510173254257,INFO,EXPLORE_EVENT,000010000000100001000100000000000000010110010000010000110000,0.1629634785823047,3764.0116412532825
1510173255051,INFO,AGENT_EVENT,000010000000100001000100000000001000010110010000010000110000,0.16442557230359084,4432.997218471466
1510173262714,INFO,EXPLORE_EVENT,000010000000100001000100000000000010010110010000010000110000,0.17195467925730468,4362.0770961751
1510173263263,INFO,AGENT_EVENT,000010000000100001000100000000000010010110010000010010110000,0.16150198987386064,5099.730402419926
1510173269989,INFO,EXPLORE_EVENT,000010000000100001000000000000000010010110010000010000110000,0.23105861374280495,3093.869451960707
1510173270674,INFO,AGENT_EVENT,000010000000100001000000000000000010010110011000010000110000,0.22860019076622407,4115.13419417466
1510173274790,INFO,CLICK_EVENT,000010000000100001000000000000000010010110010000010000110000,0.23105861374280495,3093.869451960707
1510173275774,INFO,AGENT_EVENT,000010000000100001001000000000000010010110010000010000110000,0.23429315115530497,3707.3141322796173
1510173284682,INFO,EXPLORE_EVENT,000010000000100001000010000000000000010110010000010000110000,0.2200856210167368,4067.4438897909795
1510173285124,INFO,AGENT_EVENT,000010000000100001000010000000001000010110010000010000110000,0.22113954686641196,4736.429467009164
1510173297322,INFO,EXPLORE_EVENT,000010000000100001000000000000000000010110010000010000110000,0.22206741306780498,2495.803997038888
1510173297868,INFO,EXPLORE_EVENT,000010000000100001000000000000000010010110010000010000110000,0.23105861374280495,3093.869451960707
1510173299315,INFO,EXPLORE_EVENT,000010000000100001000000000000000010010110010000010000110000,0.23105861374280495,3093.869451960707
1510173299688,INFO,EXPLORE_EVENT,000010000000100001000000000000000000010110010000010000110000,0.22206741306780498,2495.803997038888
1510173307057,INFO,EXPLORE_EVENT,000110000000100001000000000000000010010110010000010000110000,0.21734213797759547,3561.78760435394
1510173308748,INFO,AGENT_EVENT,000010000000100001000000001000000010010110010000010000110000,0.22743558020351695,4043.2788425846074
1510173309227,INFO,EXPLORE_EVENT,000010000000100001000000000000000010010110010000010000110000,0.23105861374280495,3093.869451960707
1510173312550,INFO,AGENT_EVENT,000010000000100001000000000000000000010110010000010000110000,0.22206741306780498,2495.803997038888
1510173315608,INFO,CLICK_EVENT,000010000000100001001000000000000010010110010000010000110000,0.23429315115530497,3707.3141322796173
1510173317348,INFO,AGENT_EVENT,000010000000100001000000000000000010010110010010010000110000,0.23352892908549278,3991.17696831346
1510173324994,INFO,AGENT_EVENT,000010000000100001001000000000000010010100010000010000110000,0.1921276427068743,3517.803427664432
1510173326369,INFO,EXPLORE_EVENT,000010000000100001001000000000000010010110010000010000110000,0.23429315115530497,3707.3141322796173
1510173329054,INFO,AGENT_EVENT,000010000000100001001000000000000010010110010000000000110000,0.225814391325837,3643.3164237108767
1510173333523,INFO,AGENT_EVENT,100010000000100001001000000000000010010110010000010000110000,0.23508097365530498,4062.415550535126
1510173336577,INFO,CLICK_EVENT,000010000000100001000000000000000010010110010000010000110000,0.23105861374280495,3093.869451960707
1510173337991,INFO,AGENT_EVENT,000011000000100001001000000000000010010110010000010000110000,0.236384576155305,4003.4400558722605
1510173341419,INFO,AGENT_EVENT,000010000000100001001000000000000010000110010000010000110000,0.22917224570325762,3598.346882103321
1510173349047,INFO,AGENT_EVENT,000010000000100001000000000000000010010110011000010000110000,0.22860019076622407,4115.13419417466
1510173349308,INFO,EXPLORE_EVENT,000010000000100001000000000000000010010110010000010000110000,0.23105861374280495,3093.869451960707
1510173357134,INFO,EXPLORE_EVENT,000010000000100001000000000000000010010110010000010000111000,0.21667887717028808,4579.245643928765
1510173357188,INFO,AGENT_EVENT,000010000000100001000000000000000010010110010010010000111000,0.21914919251297585,5476.553160281517
1510173367126,INFO,EXPLORE_EVENT,000010000000100001000000000000000010010110010000010000011000,0.20938447115530495,3527.13824644303
1510173367134,INFO,AGENT_EVENT,000010000000100001000000000000000010010110010010010000011000,0.21185478649799278,4424.445762795782
1510173377092,INFO,EXPLORE_EVENT,000010000000100001000000000000000010010110010000010000111000,0.21667887717028808,4579.245643928765
1510173378354,INFO,EXPLORE_EVENT,000010000000100001000000000000000010010110010000010000110000,0.23105861374280495,3093.869451960707
1510173378744,INFO,AGENT_EVENT,000010000000100001000000000000000011010110010000010000110000,0.23756923036642663,4410.864721593314
1510173382602,INFO,AGENT_EVENT,000010000000100101000000000000000010010110010000010000110000,0.18719587832064216,3937.8244857696827
1510173386791,INFO,AGENT_EVENT,000010000000100001000000000000000010010111010000010000110000,0.23042974862634197,3509.5480900227667
1510173396800,INFO,EXPLORE_EVENT,000010000000000001000000000000000010000110010000000000110000,0.19196043882825764,2583.0987627534964
1510173396893,INFO,EXPLORE_EVENT,000010000000000001000000000000000010000110010000010000110000,0.20517274820325765,2647.096471322238
1510173397123,INFO,EXPLORE_EVENT,000010000000000001000000000000000010010110010000010000110000,0.21029365365530495,2756.0637214985336
1510173401197,INFO,EXPLORE_EVENT,000000000000000000000000000000000010000100010000000000110000,0.097654695265434,1776.3026224784835
1510173402183,INFO,EXPLORE_EVENT,000000000000000001000000000000000010000110010000000000110000,0.15154637079537073,2329.3785159052345
1510173404429,INFO,EXPLORE_EVENT,000000000000000000000000000000000000000100010000000000110000,0.08666541891543399,1178.2371675566646
1510173404753,INFO,EXPLORE_EVENT,000000000000000000000000000000000000000000010000000000110000,0.054125455,702.4189266276686
1510173405019,INFO,AGENT_EVENT,000000000001000000000000000000000000000000010000000000110000,0.08487710941677515,1711.7234733096852
1510173407165,INFO,EXPLORE_EVENT,000000000000000000000000000000000000000000000000000000110000,0.048161050000000004,443.7246496547539
1510173408496,INFO,EXPLORE_EVENT,000000000000000000000000000000000000000000000000000000100000,0.0144620975,259.2800180585232
1510173408681,INFO,AGENT_EVENT,000000000000000000000000000000000000100000000000000000100000,0.0354880463375,672.0929269286851
1510173409900,INFO,AGENT_EVENT,000100000000000000000000000000000000000000000000000000100000,0.06138441075662101,707.7485876597647
1510173411313,INFO,EXPLORE_EVENT,000000000000000000000000000000000000000000000000000000000000,0.0,0.0
1510173413016,INFO,CLEAR_SCREEN,000000000000000000000000000000000000000000000000000000000000,N/A,N/A
1510173414140,INFO,CLICK_EVENT,000000000000000000000000000000000000000000000000000000000000,0,0
1510173427941,INFO,EXPLORE_EVENT,000000000000000000010000000000000000000000000000000000000000,0.0,267.90279362473655
1510173429859,INFO,EXPLORE_EVENT,000000000000000000010000000000001000000000000000000001000000,0.06369915375,1302.7722851309115
1510173434778,INFO,EXPLORE_EVENT,000000000000000000010000000000001000000000000000000001000100,0.016659572314915327,2287.389662176954
1510173437493,INFO,EXPLORE_EVENT,000010000000000000010000000000001000000000000000000001000100,0.019794291739915326,2541.1099090252164
1510173438001,INFO,CLICK_EVENT,000000000000000000010000000000001000000000000000000001000000,0.06369915375,1302.7722851309115
1510173443154,INFO,EXPLORE_EVENT,000010000000000000010000000000001000000000000000000001000000,0.06483579750000001,1556.4925319791741
1510173444560,INFO,EXPLORE_EVENT,000000000000000000010000000000001000000000000000000001000000,0.06369915375,1302.7722851309115
1510173447294,INFO,CLICK_EVENT,000010000000000000010000000000001000000000000000000001000000,0.06483579750000001,1556.4925319791741
1510173451399,INFO,EXPLORE_EVENT,000010000000000000010000000000001000000000000000000001000000,0.06483579750000001,1556.4925319791741
1510173454740,INFO,EXPLORE_EVENT,000010000000000000010000000000001000000000000010000001000000,0.08080535202500001,2154.7098252015285
1510173456630,INFO,CLICK_EVENT,000010000000000000010000000000001000000000000010000001000000,0.08080535202500001,2154.7098252015285
1510173462615,INFO,EXPLORE_EVENT,000010000000000000010000000000001000000000000010000001010000,0.10769837817500001,2326.6651452489446
1510173467545,INFO,CLICK_EVENT,000010000000000000010000000000001000000000000010000001010000,0.10769837817500001,2326.6651452489446
1510173487473,INFO,CLEAR_SCREEN,000010000000000000010000000000001000000000000010000001010000,N/A,N/A
