1510156894985,INFO,DEMO_TREATMENT,000000000000000000000000000000000000000000000000000000000000,N/A,N/A
1510157852589,INFO,EXPLORE_EVENT,000000000000000000000000000000000000100000000000000000000000,0.05068408969741005,448.4685696012415
1510157890158,INFO,EXPLORE_EVENT,000000000000000000000100000000000000100000000000000000000000,0.07171003853491004,861.1808950492991
1510157895820,INFO,EXPLORE_EVENT,000000000000000000000100000000001000100000000000000000000000,0.08562794766926983,1879.2398966020191
1510157904732,INFO,EXPLORE_EVENT,000000100000000000000100000000001000100000000000000100000000,0.10009004516926984,2999.2299298917947
1510157915638,INFO,CLICK_EVENT,000000100000000000000100000000001000100000000000000100000000,0.10009004516926984,2999.2299298917947
1510157925499,INFO,CLICK_EVENT,000000000000000000000100000000000000100000000000000000000000,0.07171003853491004,861.1808950492991
1510157929990,INFO,CLICK_EVENT,000000000000000000000100000000001000100000000000000000000000,0.08562794766926983,1879.2398966020191
1510157930221,INFO,CLICK_EVENT,000000000000000000000100000000001000100000000000000000000000,0.08562794766926983,1879.2398966020191
1510158230804,INFO,EXPLORE_EVENT,000000100000000000000100000000001000100000000000000000000000,0.08562794766926983,2740.0059032805993
1510158232552,INFO,EXPLORE_EVENT,000000100000000000000100000000000000000000000000000000000000,0.021025948837500003,1273.3822304131404
1510158233627,INFO,EXPLORE_EVENT,000000100000000000000000000000000000000000000000000000000000,0.0,860.7660066785807
1510158236420,INFO,EXPLORE_EVENT,000000000000000000000000000000000000000000000000000000000000,0.0,0.0
1510158245798,INFO,CLICK_EVENT,000000000000000000000000000000000000000000000000000000000000,0,0
1510158261704,INFO,CLEAR_SCREEN,000000000000000000000000000000000000000000000000000000000000,N/A,N/A
1510158273036,INFO,TREATMENT_2,000000000000000000000000000000000000000000000000000000000000,N/A,N/A
1510158341195,INFO,AGENT_EVENT,000001100001000000000100000001100000000100000000000000000101,0.1163057708412395,5887.917259205375
1510158342253,INFO,AGENT_EVENT,000010010000010010000000000000000000000000000100000000000000,0.049415287266355246,2619.77518331777
1510158343320,INFO,AGENT_EVENT,000000111000000000000000100000000000000000010000000000000000,0.03469835249170805,1831.0552072714627
1510158345461,INFO,AGENT_EVENT,100001100001000000100010010001000000000000100000001100010010,0.1428090774104288,6902.197527820831
1510158346629,INFO,AGENT_EVENT,000100110000000000000000000000000000000000011000000000010000,0.04481142546371231,2538.049726475025
1510158349257,INFO,AGENT_EVENT,100001100001000000100010010001000000000000100000001010100010,0.14460027853838708,7626.834492323916
1510158350425,INFO,AGENT_EVENT,000000000000000100000000000000000000001001000010001000000100,0.06123996751318139,4574.668924076594
1510158351626,INFO,AGENT_EVENT,000001000001000000000000000000000010010000000000101000001000,0.09411383723732891,3950.969508818481
1510158352377,INFO,AGENT_EVENT,000000100000000000000000000000000000000000000010000000000000,0.031432198837500036,642.9339748727582
1510158354677,INFO,AGENT_EVENT,100001110001000000000100000001100000000000000000000000000100,0.123320061316602,5105.5757321504225
1510158355734,INFO,AGENT_EVENT,000000000000000000000000100010000000000000001000001000000000,0.0022939537499999663,2758.967292234416
1510158357343,INFO,AGENT_EVENT,000100110000000001100000000010000001000010000000000000000000,0.11352326667608326,4710.659413428872
1510158358729,INFO,AGENT_EVENT,001000010000001000010010000010000000000000000000000000000000,0.028195678799999957,2314.6403493413272
1510158359203,INFO,CLICK_EVENT,100001110001000000000100000001100000000000000000000000000100,0.123320061316602,5105.5757321504225
1510158359419,INFO,CLICK_EVENT,100001110001000000000100000001100000000000000000000000000100,0.123320061316602,5105.5757321504225
1510158359558,INFO,AGENT_EVENT,000000100000000000000000000000000000100000000000001000000000,0.034024830000000006,1351.4808000372261
1510158360714,INFO,AGENT_EVENT,000100110001010000000000000000000000001000000100000000000000,0.05015870502579145,3865.686561459592
1510158361823,INFO,AGENT_EVENT,000100010000000000000000000000000010000000000000000000000101,0.06619977135450605,2151.515879541094
1510158362958,INFO,AGENT_EVENT,000001100011000000000000000000000010000000000000000000000000,0.056446316668040564,2771.994314033003
1510158365398,INFO,AGENT_EVENT,100001110001000000000100000001100000000000000010000000000100,0.123320061316602,5316.95334688925
1510158365691,INFO,CLICK_EVENT,100001100001000000100010010001000000000000100000001100010010,0.1428090774104288,6902.197527820832
1510158365907,INFO,CLICK_EVENT,100001100001000000100010010001000000000000100000001100010010,0.1428090774104288,6902.197527820832
1510158366263,INFO,AGENT_EVENT,000000010000000000000000000000000000001000000000000000000000,0.014720736874999973,836.2920035124404
1510158368443,INFO,AGENT_EVENT,000010010000010010000001000001100000001011000010001000000100,0.1502022647105299,8749.514049950874
1510158369764,INFO,AGENT_EVENT,000000100010000000100010010001000000000000000010000000000000,0.07320094790625642,2756.3328459122313
1510158371044,INFO,AGENT_EVENT,000000100001000000100001000010000000000000000000000000000001,0.09934323741250006,2383.4535302899635
1510158371789,INFO,AGENT_EVENT,000000100000000000000000010000000000000000000000000000000000,0.031432198837500036,699.5364325560265
1510158372716,INFO,AGENT_EVENT,001000010000000000000000000000000000000010000000000000000000,0.033028291399999965,1347.3659702160478
1510158373761,INFO,AGENT_EVENT,000000000000000000000000100000000100101001000000001000000000,0.029560186914394326,3720.385298949312
1510158374092,INFO,CLICK_EVENT,100001110001000000000100000001100000000000000000000000000100,0.123320061316602,5105.5757321504225
1510158374315,INFO,CLICK_EVENT,100001110001000000000100000001100000000000000000000000000100,0.123320061316602,5105.5757321504225
1510158374707,INFO,AGENT_EVENT,001000010000000000000000000000000000001000000000000000000000,0.018634381874999995,1350.7778745862172
1510158377298,INFO,AGENT_EVENT,010000000100010010000001000001100000001011000010001000000100,0.13707102688168782,8819.154382382054
1510158378353,INFO,AGENT_EVENT,001001010000000000000000000000000000000010000000000000000000,0.05897986799427046,2808.761190177622
1510158379252,INFO,AGENT_EVENT,000000000000000000000001000000000000010000000000000100100000,0.06220798171320929,1987.2424154086154
1510158381627,INFO,AGENT_EVENT,000000011000000000100001001010100010000001000000010001110000,0.1423042399423159,7710.026903070152
1510158383855,INFO,AGENT_EVENT,100001100001000000100010010001010000000000100000001100010010,0.14258852113179976,7021.799097435205
1510158384908,INFO,CLICK_EVENT,100001110001000000000100000001100000000000000010000000000100,0.123320061316602,5316.95334688925
1510158385119,INFO,AGENT_EVENT,100000000000000000001000000000000001000011000100000010000000,0.10772092019877255,4039.642464783867
1510158385124,INFO,CLICK_EVENT,100001110001000000000100000001100000000000000010000000000100,0.123320061316602,5316.95334688925
1510158387138,INFO,AGENT_EVENT,001000010000001000010000000010100000001001000010001000000101,0.1102550154086841,6782.499566424953
1510158388180,INFO,AGENT_EVENT,010000000000000000100000010100001000000000000000000010000010,0.07899763397187498,3094.2014499835154
1510158389385,INFO,AGENT_EVENT,000000010000001000010000000010000000000000000000000000000001,0.08106344249999997,1912.0530495735745
1510158390825,INFO,AGENT_EVENT,000000100001000000100001000010000000001000000000010000000100,0.14238845120558785,3445.060825206424
1510158392044,INFO,AGENT_EVENT,100001110001000000000000000000000100000000000010000000000000,0.06782040530400868,3237.889964665451
1510158393042,INFO,AGENT_EVENT,000000100010000000000000000000000000100000000000001000000000,0.034593151875000006,1528.7461050070665
1510158393061,INFO,CLICK_EVENT,000000100001000000100001000010000000001000000000010000000100,0.14238845120558785,3445.060825206424
1510158393828,INFO,CLICK_EVENT,000000100001000000100001000010000000001000000000010000000100,0.14238845120558785,3445.060825206424
1510158394021,INFO,CLICK_EVENT,000000100001000000100001000010000000001000000000010000000100,0.14238845120558785,3445.060825206424
1510158394977,INFO,AGENT_EVENT,100001100001000000100010010001110000000000100100000000000000,0.08464422183275666,6083.369563419881
1510158396089,INFO,AGENT_EVENT,100000000000000000001001000000010000010000000000000100100000,0.059922731081136105,3200.299576272258
1510158396894,INFO,AGENT_EVENT,000000010000000000000000000100000000000000000000000000000000,0.010874309375000002,1028.3201507676206
1510158397910,INFO,AGENT_EVENT,000000100010000000000000000000000000100000000000011000000000,0.061718928225000025,1693.6654046187384
1510158399821,INFO,AGENT_EVENT,100001100001000000100000010001010000000000100000001110000010,0.09494703886514244,7642.211676990146
1510158401154,INFO,AGENT_EVENT,000000100001000000100001000010000000000000001000000000000001,0.09934323741250006,3024.5476959877433
1510158403085,INFO,AGENT_EVENT,001000010000001000010000000000000000001000000000000000101001,0.09641094637587644,3785.7401826551963
1510158403883,INFO,AGENT_EVENT,000000100000100000000000000000000000000000000000000000000000,0.045894296337499974,690.9136569898131
1510158405354,INFO,AGENT_EVENT,000001000000000100100010010100000001000010010000100000000010,0.10794421750521022,5544.758027777369
1510158407791,INFO,AGENT_EVENT,100101110001000000000100000001100000000000000000000000000100,0.10432721291738256,5835.943981025519
1510158409089,INFO,AGENT_EVENT,001000010000001000010000000010000010000000000000000000000001,0.08263908750000004,2671.1580481293468
1510158410663,INFO,AGENT_EVENT,100000010000010000001000000000000001000010010000100000000010,0.14754676934836208,2715.6868319930495
1510158411738,INFO,AGENT_EVENT,001000010000000000000000000001000000000010000000000000000000,0.06728543141604681,2349.693862573826
1510158412310,INFO,CLICK_EVENT,100000010000010000001000000000000001000010010000100000000010,0.14754676934836208,2715.6868319930495
1510158414458,INFO,AGENT_EVENT,000010010000010010010000000001000000000000100000001010100010,0.13112864728594897,6544.802229543077
1510158416656,INFO,AGENT_EVENT,100001100001000000000100000001100000000000000000000010000100,0.12469598031053253,5885.874594287205
1510158417980,INFO,AGENT_EVENT,000000100001000000100001000010000000000000001001000000000000,0.09934323741250006,3090.97583758549
1510158418853,INFO,AGENT_EVENT,000000100000100010000000000000000000000000000000000000000000,0.04796613502275693,1893.604946846121
1510158420164,INFO,AGENT_EVENT,000000000001010000000000100000000000001001000010001000000100,0.13189983591664145,4601.965070683633
1510158421134,INFO,AGENT_EVENT,000000100000000000000000010000000000000000000001000000000010,0.10734430767187497,1282.0898242600915
1510158422275,INFO,AGENT_EVENT,010000000000001000000000000000000000000000010000000000010010,0.076164953209375,1387.5461544290488
1510158423346,INFO,AGENT_EVENT,000000000000000000000000000000000000001000000000000000001011,0.06594462571400361,1969.8401566765597
1510158424089,INFO,CLICK_EVENT,000000100001000000100001000010000000001000000000010000000100,0.14238845120558785,3445.060825206424
1510158425002,INFO,AGENT_EVENT,010000000000000011000000000010000001000010000000000010100010,0.15178930239900168,4698.455827265145
1510158427197,INFO,AGENT_EVENT,000100110000000001000100000010000001000010000000000010100010,0.15130604379989465,5280.744763819577
1510158428400,INFO,AGENT_EVENT,000000000000100010000000000000100000000000100000010000000100,0.08488105445800576,2999.390363933547
1510158429669,INFO,AGENT_EVENT,011000010000001000010000000010000010000000000000000000000000,0.048636186299999995,2491.5826530737586
1510158430632,INFO,CLICK_EVENT,100000010000010000001000000000000001000010010000100000000010,0.14754676934836208,2715.6868319930495
1510158431563,INFO,AGENT_EVENT,000000100001001000100001000010000001000010000000000010100010,0.14230462253437504,4434.784551584136
1510158433051,INFO,AGENT_EVENT,000000100001000000100001000010000000000000000000000000100001,0.10131149106250004,2648.809988480635
1510158434429,INFO,AGENT_EVENT,101000010000001000010000000010000010000000000000000000000001,0.10611803875000003,2851.191705873713
1510158435266,INFO,AGENT_EVENT,000000000000000000000000000000000000001000000000000000000010,0.020627934459375052,880.4542282287135
1510158436519,INFO,AGENT_EVENT,000010010000010010000000000000000000000000000000001000001000,0.07921032035948816,3854.9926766728004
1510158437752,INFO,AGENT_EVENT,000000100001010000100001000010000000000000000000000000000000,0.12920191866249997,2235.1366498009747
1510158438565,INFO,AGENT_EVENT,000000100000000000000000000000000000000010000000000000000000,0.046417626537500034,1029.62181505575
1510158439362,INFO,AGENT_EVENT,000000000000000000000000000000000000000000000100010000000000,0.02944290135000005,698.7923057633068
1510158440698,INFO,AGENT_EVENT,101000010000001000010000010000000000000010000000000000000000,0.06152726264999997,2544.5514132456497
1510158441863,INFO,CLICK_EVENT,000000100001010000100001000010000000000000000000000000000000,0.12920191866249997,2235.1366498009747
1510158443554,INFO,AGENT_EVENT,001000000001001000100001000010000001000010000000010010100010,0.14229191744617287,5736.946408345213
1510158444852,INFO,AGENT_EVENT,000000100000000000000000010000000000000000000101000000000000,0.053630407268533964,1613.777964619034
1510158446291,INFO,AGENT_EVENT,001000010000001000010000000010000000000000000000100000000100,0.06934584542108946,2842.256094259421
1510158447667,INFO,AGENT_EVENT,000100110000000000000000010000000000000000000001000000010010,0.1217076611230874,2523.896387879431
1510158449258,INFO,AGENT_EVENT,101000010000001000110000000010000010000000000000000000000001,0.12884922249999997,3212.312654259488
1510158450587,INFO,AGENT_EVENT,100000000000000000001000100000000001000010010000100000000100,0.12471931336061748,2843.6169176578724
1510158451535,INFO,AGENT_EVENT,010000000000000000000000000000000000100000000000001001000000,0.05486348190841539,2559.95384304548
1510158453091,INFO,AGENT_EVENT,101000010000001000110000000010000010000000000000001000000000,0.07323934802499998,3442.6637653363273
1510158455138,INFO,AGENT_EVENT,100000010000010000001000000000000001000000100000011100010010,0.1536317691888095,4506.650988805571
1510158456529,INFO,AGENT_EVENT,000000100000000000100011000010000000000000000000000000100001,0.09701010226250006,2568.2372444148805
1510158458683,INFO,AGENT_EVENT,000000000000000011100001000001100000001001000010001000000100,0.09315459276855886,8439.96759447608
1510158459816,INFO,AGENT_EVENT,000000100001000000000000000000000010010000000000101000001000,0.13256492632083516,3149.4642919695584
1510158461513,INFO,AGENT_EVENT,100000000000000000001000000010000001000010000000000011100010,0.13548818607028856,4971.340974310975
1510158462808,INFO,AGENT_EVENT,101000010000001000100000000010000010000000000000000000000001,0.12442072067499999,3144.353972012097
1510158464119,INFO,AGENT_EVENT,000000100010100000000000000000000000000000000000000010100010,0.08677363975000008,1877.1296290081925
1510158464966,INFO,AGENT_EVENT,000000100000000000000000000000000000000000100000000000000000,0.03274786241250005,806.8212411837891
1510158466234,INFO,AGENT_EVENT,000000000001010000000000000000000000000000000000000010110010,0.16811545613158596,2625.3869925643216
1510158467043,INFO,AGENT_EVENT,000000010000000000000000000000000000000000000100000000000000,0.010874309375000002,607.344080501553
1510158468250,INFO,AGENT_EVENT,001000000001000000000000000001000010010000000000101000000000,0.11221866310240214,3288.197982105821
1510158468904,INFO,CLICK_EVENT,000000000001010000000000000000000000000000000000000010110010,0.16811545613158596,2625.3869925643216
1510158469233,INFO,AGENT_EVENT,000100110000000000000000000000000000000100000000000000000000,0.012380566625881606,2407.7492748076875
1510158470014,INFO,AGENT_EVENT,000100100000000000000000000000000000000000000000000000000000,0.01011134783517842,1490.7036366637658
1510158471366,INFO,AGENT_EVENT,000000100000000000000010000000000000000000100000000010100010,0.09577607765000007,2069.451782715529
1510158472331,INFO,AGENT_EVENT,000000000001010000000000000010000000000000000000001000000000,0.09161275260000001,1927.945472894371
1510158473950,INFO,AGENT_EVENT,100000010000011000001000000000000001000010010000100000000001,0.12782777659597588,3903.670981437256
1510158474909,INFO,AGENT_EVENT,000000000001010000000000000000000000000000000000010000000000,0.09281635500000007,893.3347259548569
1510158475210,INFO,CLICK_EVENT,000000000001010000000000000000000000000000000000000010110010,0.16811545613158596,2625.3869925643216
1510158475993,INFO,AGENT_EVENT,000000100001000000000000000000000010010000000000001000001000,0.12667321819010724,2892.835958511539
1510158477371,INFO,AGENT_EVENT,000000100000000000000000000000100001000010000000000010100010,0.126097805571875,2740.470762238207
1510158478526,INFO,AGENT_EVENT,000000010000000000000001000000000000000000000000000010100010,0.11990225714687497,1579.024910957074
1510158479835,INFO,AGENT_EVENT,000000110010100000000000000000000000000000000001000000000010,0.14171088415,1538.6736098851638
1510158480866,INFO,AGENT_EVENT,000000010000000000000000000000000010000000000000000000000100,0.057376882593071166,857.853570274937
1510158481785,INFO,AGENT_EVENT,000000000001000000000000000000000000000000000100010000000000,0.09084810134999999,1064.6027603616626
1510158482753,INFO,AGENT_EVENT,000000000001010000000000001000000000000000000000000000000000,0.08761660125000004,1312.6607401766419
1510158483731,INFO,AGENT_EVENT,000000010000000000000100000000000010000000000000000000000000,0.057796622631621,866.2604553944926
1510158484505,INFO,CLICK_EVENT,000000110010100000000000000000000000000000000001000000000010,0.14171088415,1538.6736098851638
1510158484913,INFO,AGENT_EVENT,000000000100000000000000010000000000000000000001000000010010,0.14807604393502638,1358.6562176531947
1510158485948,INFO,AGENT_EVENT,000000010000000000000100000000000010000000100000000000000000,0.08037504521912098,1278.97278084255
1510158488246,INFO,AGENT_EVENT,000000100001000000100001000001100000001001000010001000100100,0.15971955836685447,7171.54940810315
1510158489073,INFO,AGENT_EVENT,000000001000000000000000000000000000000000000100000000000000,0.006083620130177714,1109.1844099656585
1510158489891,INFO,AGENT_EVENT,000000001000000000000000000000000000000000000100000000000000,0.006083620130177714,1109.1844099656585
1510158491168,INFO,AGENT_EVENT,000000000001010000000000001010000000000000000000000010100010,0.14979124227653806,3839.2965911586275
1510158492203,INFO,AGENT_EVENT,000000000001010000000000000000000010000000000001000000000000,0.08999694999999996,1226.7619139574101
1510158493027,INFO,AGENT_EVENT,000000000000000000000001000000000000000000000000000000000000,0.05414406562499996,365.9354379217204
1510158493209,INFO,CLICK_EVENT,000000000100000000000000010000000000000000000001000000010010,0.14807604393502638,1358.6562176531947
1510158494726,INFO,AGENT_EVENT,100000010000011000001000010000000000000000000001000000010010,0.15497217347071568,3294.6906421683875
1510158496427,INFO,CLICK_EVENT,000000110010100000000000000000000000000000000001000000000010,0.14171088415,1538.6736098851638
1510158496439,INFO,AGENT_EVENT,101000010000001000110000000010000010000000000000000000010000,0.08941303499999997,3005.342607196805
1510158498110,INFO,AGENT_EVENT,100000010000010000001000001000000001000010000000000010100010,0.17530969117336215,3914.2690928015736
1510158498889,INFO,CLICK_EVENT,000000000000000000000000000000000000000000000000000000000000,0,0
1510158499744,INFO,AGENT_EVENT,000000000001010000000000000001000000000001000010001000100100,0.14564428242607452,4803.13538758134
1510158500772,INFO,AGENT_EVENT,100000000000000000001000000000000000000001000000000000000000,0.055036048075363775,1946.4678168981502
1510158501769,INFO,AGENT_EVENT,000000001001010000000000000000000000000000000100000000000000,0.06736171074446884,1861.407781180178
1510158502765,INFO,AGENT_EVENT,000000100000000000000000000000000000000000001001000000000010,0.0830634921934259,1746.086442759161
1510158503865,INFO,CLICK_EVENT,000000000100000000000000010000000000000000000001000000010010,0.14807604393502638,1358.6562176531947
1510158504167,INFO,AGENT_EVENT,000000000001010000000000000000000001000010000000000010100010,0.148960462621875,2642.448230071917
1510158505104,INFO,AGENT_EVENT,000000000001100000000000000000000000000000000100001000000000,0.07816125125000006,1734.25745839446
1510158506294,INFO,AGENT_EVENT,000000101000000000000000000000000000000000000000000010100010,0.06649273071253037,2295.4992168950193
1510158508380,INFO,AGENT_EVENT,001000100001000000100001000001100000001001000010000000000000,0.13236547965286816,5696.463926202665
1510158510082,INFO,CLICK_EVENT,000000000001010000000000000000000000000000000000000010110010,0.16811545613158596,2625.3869925643216
1510158510091,INFO,AGENT_EVENT,100000010000010000001000001000000101000010000000000010100010,0.13853193386175167,4936.256934588894
1510158511648,INFO,AGENT_EVENT,000000100000000000000000000000100001000010000000000010110010,0.15495421048120173,3655.570313793834
1510158514195,INFO,AGENT_EVENT,000000100000000000000000000000100001000010000000010010110010,0.15900331132186651,3943.54378356571
1510158515682,INFO,AGENT_EVENT,000000100001010000100000000010000000000000000000000010100010,0.16073908119687497,2895.3792256393203
1510158518619,INFO,AGENT_EVENT,000000100101000000100001000001100000001001000010001000000100,0.14521552335832189,7519.877408394319
1510158519489,INFO,AGENT_EVENT,000000000001000000000000000000000000000000000110010000000000,0.09084810134999999,1244.3793149620806
1510158522277,INFO,AGENT_EVENT,000000100000000000000010000000100001000010000000010010110010,0.1942343900151946,4197.264030413972
1510158523432,INFO,AGENT_EVENT,000000000011000000000000000000000000000000000110010000010000,0.12239179197500005,1487.164236333438
1510158525293,INFO,AGENT_EVENT,000000000001000000000000000000000000000000000110010000000000,0.09084810134999999,1244.3793149620806
1510158526188,INFO,AGENT_EVENT,000000100000100000000000000000000000100000000000000000000000,0.045894296337499974,941.7742394101465
1510158527534,INFO,AGENT_EVENT,000000100001000000100001000001000000000000000000010000000000,0.14490319096533555,2678.4048238991104
1510158528486,INFO,AGENT_EVENT,000010100000000000000000010000000000000000000001000000000000,0.0890103269625,1631.1003956348407
1510158529272,INFO,AGENT_EVENT,000000000000000000000001100000000000000000000000000000000000,0.05414406562499996,624.4408104178019
1510158530148,INFO,AGENT_EVENT,000000100000000000000000000000000000000000000011000000000000,0.0890103269625,909.0548885940789
1510158531699,INFO,AGENT_EVENT,100000000000000000001100000000000001000000000001000000000010,0.11971650673548428,2101.986369999022
1510158532721,INFO,AGENT_EVENT,100000010000000000000000000000000010000000000000000000000100,0.08553413009307109,1022.8938530898934
1510158533762,INFO,AGENT_EVENT,000000010000010000000001000010000000000000000000000000000000,0.094935116825,1329.3772597813045
1510158535074,INFO,AGENT_EVENT,000000000001010000000100000000000010000000000000000000000100,0.11043828220512308,1822.2561732151412
1510158537131,INFO,CLICK_EVENT,000000100000000000000010000000100001000010000000010010110010,0.1942343900151946,4197.264030413972
1510158538282,INFO,AGENT_EVENT,000000100000000001000010000000100001000010000000010010110010,0.18583476550605327,5271.0452997129
1510158539113,INFO,AGENT_EVENT,001000000000000000000000000000000000001000000000000000000000,0.004657421250000016,1284.8471149205088
1510158540639,INFO,AGENT_EVENT,000000000001010000001000000000000001000010000000000010100010,0.15056815974984983,3360.2638074015904
1510158541739,INFO,AGENT_EVENT,000000000000000000000000010000100000000000000001000000010010,0.12912597584687502,1240.5898526187098
1510158542661,INFO,AGENT_EVENT,000000100000010000000010000000000000000000000000000000000000,0.05725094133749997,877.1439751830674
1510158543758,INFO,AGENT_EVENT,000000000100000000000000010000000000000000000001000010100000,0.13577736031090137,2023.714878322021
1510158545518,INFO,AGENT_EVENT,100000010000110000001000001000000001000010000000000010100010,0.1710433758069866,4221.808278716381
1510158546888,INFO,AGENT_EVENT,010000100000000000000000000000100001000010000000000000010010,0.177183151246875,2179.5343796804723
1510158547886,INFO,AGENT_EVENT,000000100000000000000100000000000000000000100000000000000000,0.07967017566912094,1255.2898107850306
1510158549444,INFO,CLICK_EVENT,010000100000000000000000000000100001000010000000000000010010,0.177183151246875,2179.5343796804723
1510158549504,INFO,AGENT_EVENT,000000000100000000000100010000000000000000000001000010100000,0.14198071485014063,2472.123241687611
1510158549780,INFO,CLICK_EVENT,010000100000000000000000000000100001000010000000000000010010,0.177183151246875,2179.5343796804723
1510158550862,INFO,AGENT_EVENT,010000100001010000100000000010000000000000000011000000000000,0.1321841211625,2583.2792245253286
1510158551758,INFO,AGENT_EVENT,000000000011000000000000000100000000000000000000000000000000,0.06197352187500005,1410.6121771194867
1510158554944,INFO,AGENT_EVENT,000000100000000001000010000000100011000010000000010010110010,0.18583476550605327,5462.01376837392
1510158556044,INFO,AGENT_EVENT,000000100000100001000010000000000000000000000000000000000000,0.0566751798313373,2067.814703358842
1510158580114,INFO,AGENT_EVENT,000000100000000001000010000000100011000010000000110010110010,0.1896103777923397,5721.783234220502
1510158581797,INFO,AGENT_EVENT,000000000001010000000000000000000000000000000000000010111010,0.14171723914930434,3046.260197155762
1510158582944,INFO,AGENT_EVENT,000000100000000000000000000000000000000000000110010000110000,0.09459586126249997,1648.0337030300593
1510158584213,INFO,AGENT_EVENT,000000100000000000000000000000100001000000000000000000010010,0.137129666921875,1404.5044111951358
1510158585266,INFO,AGENT_EVENT,000000100000010100000010000000000000000000000100000000000000,0.038762275887749276,2375.3292973566136
1510158586422,INFO,AGENT_EVENT,000000100000010000000000010000000000000000000001000000000010,0.13202640642187502,1550.7948353203133
1510158588424,INFO,AGENT_EVENT,000000000100000000000100010000000000000000000000010010110010,0.12209717789361385,3442.908953842163
1510158589513,INFO,AGENT_EVENT,000000010000000000000100000010000010000000000000000000000000,0.059794698306620986,1417.005774733558
1510158590692,INFO,AGENT_EVENT,000000000000000000000000000000000000000000000100000010110010,0.08153578490652313,2430.719589049407
1510158591994,INFO,AGENT_EVENT,000000100000000000000000010100100000000000000001000000010010,0.140060066921875,2885.847278540548
1510158593213,INFO,AGENT_EVENT,010000010000010000000001000010000000000000000000000000000000,0.09927119250000005,1504.4523891514086
1510158594509,INFO,AGENT_EVENT,000000000001010000000000000000000000000010000000000010100010,0.14581546262187506,2278.4889506448585
1510158595612,INFO,AGENT_EVENT,000000101000000000000000000000000010000000000000000000000100,0.07556491812024624,1976.6921990489866
1510158596938,INFO,AGENT_EVENT,000000100000010000000010000000000000000000000110010000100000,0.06672538991249999,2034.717980283419
1510158598117,INFO,AGENT_EVENT,000000010000010000000001000010000000000000000000000000100000,0.11519641441249995,1742.0942350225325
1510158599295,INFO,AGENT_EVENT,000000000000000000000000010000100000000000000001000000010010,0.12912597584687502,1240.5898526187098
1510158600314,INFO,AGENT_EVENT,000000000000000000000000010000000000000000000001100000000010,0.09037420633437498,1000.0276395703178
1510158601617,INFO,AGENT_EVENT,000000010100000000000000010000000000000000000001000010100000,0.1427269824248758,2142.978247622261
1510158602818,INFO,AGENT_EVENT,010000000001000000000000010000000000000000000001000000000010,0.11037610570937506,1359.0488657712283
1510158604362,INFO,AGENT_EVENT,000000010000000000000100000001000000000000000001100000000010,0.16197086960279816,2350.2190515969355
1510158606106,INFO,AGENT_EVENT,000000100010000001000010000000100011000000000000000000000100,0.1486227688841152,3269.0503010734938
1510158607420,INFO,AGENT_EVENT,010000000000000000000001000000000000000010000000000010100010,0.13855432824687497,2278.4889506448585
1510158608708,INFO,AGENT_EVENT,000000100000000000000000000000101001000000000000000000010010,0.1148064759795534,2465.5370986964595
1510158609994,INFO,AGENT_EVENT,000000000000000000000000000000000000000000000001000010110010,0.1391139130315231,2361.960086707004
1510158611376,INFO,AGENT_EVENT,000000000100000000000100000000000000000000000100010000000000,0.07985867986491701,1595.7294449657898
1510158612431,INFO,AGENT_EVENT,000000001001010000000000000000000000000000000000000000000000,0.06736171074446884,1421.4347357131505
1510158613325,INFO,AGENT_EVENT,000000100000000000000000000000000000000000000000000010000000,0.046417626537500034,1029.7736533562854
1510158614636,INFO,AGENT_EVENT,010000000000000000000000010000000000000000000001000010100001,0.12073298740425398,3056.4167022490915
1510158615700,INFO,AGENT_EVENT,001000100000000000000000000000000000000000000011000000000000,0.09300951562500004,1519.9613098927607
1510158616949,INFO,CLICK_EVENT,000000000100000000000000010000000000000000000001000000010010,0.14807604393502638,1358.6562176531947
1510158620212,INFO,AGENT_EVENT,000000110010100000000010000000100011000010000000010011110010,0.20756972243476546,5653.941860336197
1510158621623,INFO,AGENT_EVENT,000000010000000000000100000000000010000000000000000000000100,0.06559374559486897,1306.3221398761787
1510158622570,INFO,AGENT_EVENT,000000000000000000000000000000000000000000000000000000010010,0.04831006016162498,271.1830411719735
1510158623789,INFO,AGENT_EVENT,000000000001010000000000000000001000000000000000000000010010,0.13680550195937502,1572.693866398971
1510158625235,INFO,AGENT_EVENT,010000000000000000000001000000100000000010000000000010100010,0.139082169321875,2669.5278620763233
1510158626277,INFO,AGENT_EVENT,000000010000000000000000000000000000000000010000000000000010,0.029208290084374977,543.2535058666009
1510158627948,INFO,AGENT_EVENT,000000010000110000001000001000000001000000000000000010100010,0.15177473901149308,3458.4323164461184
1510158629595,INFO,AGENT_EVENT,000000100001010000000010000000000000000010000000000010100010,0.18720266678749997,2761.42833454839
1510158631062,INFO,AGENT_EVENT,000000100001010000000000000000000000000000000000000010110010,0.18032692259293714,2901.579827193283
1510158632506,INFO,AGENT_EVENT,000000010000000000000000000000000000000010000000010010100010,0.07699542384670255,2936.0953203028557
1510158634011,INFO,AGENT_EVENT,000000100000000001010010000000100001000010000000000000000000,0.1265261872239214,3182.701770493859
1510158635198,INFO,AGENT_EVENT,000001000000000000000000010000100010000000000000000000000100,0.0899031146342093,2243.9584203016707
1510158636053,INFO,AGENT_EVENT,000000000000000010000001000000000000000000000000000000000000,0.05414406562499996,908.7307875364329
1510158640352,INFO,CLICK_EVENT,000000100001010000000010000000000000000010000000000010100010,0.18720266678749997,2761.42833454839
1510158659445,INFO,AGENT_EVENT,000000110010110000000010000000100011000010000000010010110010,0.21619651041377352,5502.234398962108
1510158661150,INFO,AGENT_EVENT,000000110010100000000000010000100000000000000001000000010000,0.14001141491250002,2089.694212601241
1510158662389,INFO,AGENT_EVENT,000000110000000010000011000000000000000000000000000000000000,0.09032763003827637,2473.2757735826813
1510158676723,INFO,AGENT_EVENT,000000000001010000000000000000100011100010000000010011110010,0.15756651697746005,5935.822704263219
1510158680589,INFO,AGENT_EVENT,000000010000000000000001000000000000000000000000000000000000,0.06501837499999996,533.2418642159765
1510158681550,INFO,AGENT_EVENT,000000000000000000000000000100000000000000000000000000000000,0.0,860.7660066785808
1510158707363,INFO,CLICK_EVENT,000000100000000000000010000000100001000010000000010010110010,0.1942343900151946,4197.264030413972
1510158762997,INFO,CLICK_EVENT,000000100001010000000010000000000000000010000000000010100010,0.18720266678749997,2761.42833454839
1510158807088,INFO,CLICK_EVENT,000000000000000000000000000000000000000000000000000000010010,0.04831006016162498,271.1830411719735
1510158826193,INFO,CLICK_EVENT,000000010000000000000001000000000000000000000000000000000000,0.06501837499999996,533.2418642159765
1510158826992,INFO,CLICK_EVENT,000000010000000000000001000000000000000000000000000000000000,0.06501837499999996,533.2418642159765
1510158834202,INFO,CLICK_EVENT,000000000001010000000000000000000000000000000000010000000000,0.09281635500000007,893.334725954857
1510158853818,INFO,CLICK_EVENT,000000000100000000000000010000000000000000000001000000010010,0.14807604393502638,1358.6562176531947
1510158880507,INFO,CLICK_EVENT,010000100000000000000000000000100001000010000000000000010010,0.177183151246875,2179.5343796804723
1510158965959,INFO,CLEAR_SCREEN,000000000000000000000000000000000000000000000000000000000000,N/A,N/A
1510158969287,INFO,CLICK_EVENT,000000000000000000000000000000000000000000000000000000000000,0,0
1510158988674,INFO,EXPLORE_EVENT,000000000000000000000000000000000000000000000000000000010000,0.02997607945225,164.2924476480789
1510158990905,INFO,EXPLORE_EVENT,000000000000000000000000000000000000000000000000000000010010,0.048310060161625,271.1830411719735
1510158993218,INFO,EXPLORE_EVENT,000000000100000000000000000000000000000000000000000000010010,0.09899414985903504,719.5914045375636
1510158998353,INFO,EXPLORE_EVENT,000000000100010000000000000000000000000000000000000000010010,0.1196127259350527,988.2964155977854
1510159001018,INFO,EXPLORE_EVENT,000000000100010000000000000000000000000000000001000000010010,0.168694620011044,1359.5099587224095
1510159008825,INFO,CLICK_EVENT,000000000100010000000000000000000000000000000001000000010010,0.168694620011044,1359.5099587224095
1510159023698,INFO,CLEAR_SCREEN,000000000100010000000000000000000000000000000001000000010010,N/A,N/A
1510159659915,INFO,TREATMENT_1,000000000000000000000000000000000000000000000000000000000000,N/A,N/A
1510159675334,INFO,EXPLORE_EVENT,100000000000000000000000000000000000000000000000000000000000,0.0144620975,259.2800180585232
1510159684187,INFO,EXPLORE_EVENT,100000000000010000000000001000000000000100000000000010000000,0.054522232600000005,2598.2673633043323
1510159706207,INFO,EXPLORE_EVENT,100000000000010000000000001000000000000000000000000010000000,0.054522232600000005,1804.1666220884713
1510159714409,INFO,EXPLORE_EVENT,100000000000010000000000000000000000000100000000000010000000,0.05375758135,1920.2470721096324
1510159727969,INFO,EXPLORE_EVENT,000000000000010000000000000000000000000100000000000010000000,0.042400431350000004,1661.023045498437
1510159733052,INFO,EXPLORE_EVENT,000000000000110000000000000000000000000100000000000010000000,0.06511473135000001,1836.0426840929695
1510159739376,INFO,EXPLORE_EVENT,000000000000110000000000000000000000000100000000000010100000,0.0853760289375,2174.0670927114147
1510159746241,INFO,EXPLORE_EVENT,000000000000110000000000000000001000000100000000000010100000,0.0853760289375,2840.93746895647
1510159752005,INFO,EXPLORE_EVENT,000000001000110000000000000000000000000100000000000010100000,0.09145964906767776,2843.278457210046
1510159758317,INFO,EXPLORE_EVENT,000000001000110000000000000000000000000100000000000010100010,0.10979905991450024,2952.8198021103435
1510159762175,INFO,EXPLORE_EVENT,000000001000110000000000000000000000000100000000000010100011,0.14123861475337068,4249.996355889332
1510159769313,INFO,EXPLORE_EVENT,000000001000110000000000000000000000000100000001000010100010,0.11959238716348582,3432.4250257876456
1510159777788,INFO,EXPLORE_EVENT,000000001000110000000000000000000000000100000000000010100011,0.14123861475337068,4249.996355889332
1510159790234,INFO,EXPLORE_EVENT,000000001000110000000000000000000000000100010000000010100011,0.14123861475337068,4369.256938823591
1510159797264,INFO,EXPLORE_EVENT,000000001000110000000000000000000000000100010000000000100011,0.15292524486450026,2829.140526822145
1510159805304,INFO,EXPLORE_EVENT,000000001000110000000000000000000000000100010000000000100011,0.15292524486450026,2829.140526822145
1510159807925,INFO,EXPLORE_EVENT,000000001000100000000000000000000000000100010000000000100011,0.11999094361450025,2644.639903778587
1510159812145,INFO,EXPLORE_EVENT,000000001000010000000000000000000000000100010000000000100011,0.13021094486450024,2654.1208882276132
1510159818056,INFO,EXPLORE_EVENT,000000000000110000000000000000000000000100010000000000100011,0.144838118921875,2159.929162323514
1510159822559,INFO,EXPLORE_EVENT,000000000000110000000000000000001000000100010000000000100011,0.144838118921875,2826.79953856857
1510159827609,INFO,EXPLORE_EVENT,000000000000110000000000000000000000000100010000000000101011,0.12001088104972824,3227.7380064628887
1510159832242,INFO,EXPLORE_EVENT,000000000000110000000000000000000000000100011000000000100011,0.144838118921875,2579.27402953812
1510159837349,INFO,EXPLORE_EVENT,000000000000110000000000000000000000000100010000000000100011,0.144838118921875,2159.929162323514
1510159847121,INFO,EXPLORE_EVENT,000000000000110000000000000000000000000100010000001000100011,0.14576016438120754,3821.4477286184574
1510159851143,INFO,EXPLORE_EVENT,000000000000110000000000000000000000001100010000000000100011,0.146350086821875,3185.9990515008567
1510159856066,INFO,EXPLORE_EVENT,000000000000110000000000001000000000000100010000000000100011,0.145878276334375,2837.949453518214
1510159860552,INFO,EXPLORE_EVENT,001000000000110000000000000000000000000100010000000000100011,0.14686240315937502,2843.2989179520346
1510159864682,INFO,EXPLORE_EVENT,000000000000111000000000000000000000000100010000000000100011,0.13552336518080568,3588.0233329725415
1510159870186,INFO,EXPLORE_EVENT,000000000000110000000000000000000000001100000000000000100011,0.146350086821875,3079.693025363239
1510159874348,INFO,EXPLORE_EVENT,000000000000110000000000000000000000000100010000000000100011,0.144838118921875,2159.929162323514
1510159877032,INFO,EXPLORE_EVENT,000000000000110000000000000000000000000100010000001000100010,0.08999086570937499,2470.97339896609
1510159880750,INFO,EXPLORE_EVENT,000000000000110000000000000000000000000100010000000000100011,0.144838118921875,2159.929162323514
1510159883194,INFO,EXPLORE_EVENT,000000000000101000000000000000000000000100010000000000100011,0.125065776334375,2579.2565147067908
1510159887745,INFO,EXPLORE_EVENT,000000000000110000000000000000000000000100010000000000100011,0.144838118921875,2159.929162323514
1510159890752,INFO,EXPLORE_EVENT,000000000000011000000000000000000000000100010000000000100011,0.12316397633437501,2590.805613825527
1510159895027,INFO,EXPLORE_EVENT,000000000000110000000000000000000000000100010000000000100011,0.144838118921875,2159.929162323514
1510159902468,INFO,EXPLORE_EVENT,000000000000110000000000000000000000000100010000000000100011,0.144838118921875,2159.929162323514
1510159908797,INFO,EXPLORE_EVENT,000000000000110000000000000000000000000100010010000000100011,0.144838118921875,2345.9478053636194
1510159913948,INFO,EXPLORE_EVENT,000000000000110000000000000000000010000100010000000000100011,0.144838118921875,2410.2124404984265
1510159918138,INFO,EXPLORE_EVENT,000000000000110000000010000000000000000100010000000000100011,0.16302733775915412,2818.7156303992533
1510159924761,INFO,EXPLORE_EVENT,000000000010110000000000000000000000000100010000000000100011,0.153868288525,2413.649409171777
1510159935172,INFO,EXPLORE_EVENT,000000000010100000000000000000000000010100010000000000100011,0.12093398727499999,2507.5614005637644
1510159939404,INFO,EXPLORE_EVENT,000000000010100000000000010000000000000100010000000000100011,0.12093398727499999,2497.000056119225
1510159943663,INFO,EXPLORE_EVENT,000000000010110000000000000000000000000100010000000000100011,0.153868288525,2413.649409171777
1510159950139,INFO,EXPLORE_EVENT,000000000010111000000000000000000000000100010000000000100011,0.14455353478393068,3841.7435798208035
1510159954238,INFO,EXPLORE_EVENT,001000000010110000000000000000000000000100010000000000100011,0.15589257276250001,3033.166875198999
1510159959032,INFO,EXPLORE_EVENT,000000000010110000000000000000000000001100010000000000100011,0.15538025642500003,3439.7192983491195
1510159962991,INFO,EXPLORE_EVENT,000000000010110000000000000000000000000100010000001000100011,0.15471937570195538,4075.1679754667193
1510159966462,INFO,EXPLORE_EVENT,000000000010110000000000000000000000000100010000000000100011,0.153868288525,2413.649409171777
1510159971089,INFO,EXPLORE_EVENT,000000000010110000000000000000000000000100010000000010100011,0.14175306459457207,3953.7658211732214
1510159974438,INFO,EXPLORE_EVENT,000000000010110000000000000000000000000110010000000000100011,0.16294934798875213,3314.158519002891
1510159979579,INFO,EXPLORE_EVENT,000000000010110000000000000010000000000100010000000000100011,0.15685049102499998,3037.829484689689
1510159983866,INFO,EXPLORE_EVENT,000000000010110010000000000000000000000100010000000000100011,0.139033455636123,3748.472957931892
1510159987663,INFO,EXPLORE_EVENT,000010000010110000000000000000000000000100010000000000100011,0.157864439875,2982.464942013514
1510159994192,INFO,EXPLORE_EVENT,000000000010110000000000000000000000000100010000000010100010,0.110742103575,2656.5892673942326
1510160001130,INFO,EXPLORE_EVENT,000000000010110000000000000000000000000100010000000010100001,0.13913604227053739,3759.4530987263734
1510160006254,INFO,EXPLORE_EVENT,000000000010110000000000000000000000000100010000000010000011,0.12791963864077083,3378.3633069395937
1510160012211,INFO,EXPLORE_EVENT,000000000010110000000000000000000000000110000000000000100011,0.16295413302023734,3207.215624965732
1510160018233,INFO,EXPLORE_EVENT,000000000010110000000000000000000000000010010000000000100011,0.16882389420000002,2171.915289100367
1510160037082,INFO,EXPLORE_EVENT,000000000100110000000000000000000000000010010000000000100011,0.19649404134854398,2366.6034056176945
1510160043746,INFO,EXPLORE_EVENT,000000000100110000000010000000000000000010010000000000100011,0.21369913336082308,3025.389873693434
1510160047636,INFO,EXPLORE_EVENT,000000000100010000000010000000000000000010010000000000100011,0.20322552943916897,2368.466371012077
1510160054781,INFO,EXPLORE_EVENT,000000000100100000000010000000000000000010010000000000100011,0.19750894026090135,2357.2485303474195
1510160062286,INFO,EXPLORE_EVENT,000000000100000000000010000000000000000010010000000000100011,0.18304684276090133,2176.599002811203
1510160071034,INFO,EXPLORE_EVENT,000000000100010000000010000000000000000010010000000000100011,0.20322552943916897,2368.466371012077
1510160079238,INFO,EXPLORE_EVENT,000000000100110000000000000000000000000010010000000000100011,0.19649404134854398,2366.6034056176945
1510160098970,INFO,EXPLORE_EVENT,000000000100110000000000000000000000000010010010000000100011,0.19649404134854398,2480.013494958167
1510160103503,INFO,EXPLORE_EVENT,000000000100110000000000000000000000000010010000000000100011,0.19649404134854398,2366.6034056176945
1510160107425,INFO,EXPLORE_EVENT,000000000100110000000000000000000000000010010000000000100011,0.19649404134854398,2366.6034056176945
1510160111162,INFO,EXPLORE_EVENT,000000000100110000000000000000000000000010010000000100100011,0.13062815349050988,3598.9570263369387
1510160114783,INFO,EXPLORE_EVENT,000000000100110000000000000000000000000110010000000000100011,0.1906194951372961,3508.846635520219
1510160118823,INFO,EXPLORE_EVENT,000000000100110000000000000000000000000100010000000000100011,0.18055430884854398,2608.337525689104
1510160123036,INFO,EXPLORE_EVENT,000000000100110000000000000000000000000110000000000000100011,0.1906242801687813,3401.903741483059
1510160129747,INFO,EXPLORE_EVENT,000000000100010100000000000000000000000010010000000000100011,0.16603215963662146,3106.3788902302376
1510160134517,INFO,EXPLORE_EVENT,000000000100100100000000000000000000000010010000000000100011,0.16277294672188572,3086.3080622279704
1510160140414,INFO,EXPLORE_EVENT,000100000000110000000000000000000000000010010000000000100011,0.16544792777199546,2784.04471712309
1510160144583,INFO,EXPLORE_EVENT,000000000100110000000000000000000000000010010000000000100011,0.19649404134854398,2366.6034056176945
1510160157672,INFO,EXPLORE_EVENT,000000000100110000000000000000000000000010010000000000100011,0.19649404134854398,2366.6034056176945
1510160164582,INFO,EXPLORE_EVENT,000000000100110000000000000000000000000010110000000000100011,0.197021882423544,2689.8988793671724
1510160168726,INFO,EXPLORE_EVENT,000000000100110000000000000000100000000010010000000000100011,0.197021882423544,2757.4083886449
1510160173294,INFO,EXPLORE_EVENT,000000000100110000100000000000000000000010010000000000100011,0.200004084923544,2670.404321840807
1510160176688,INFO,EXPLORE_EVENT,000000100100110000000000000000000000000010010000000000100011,0.1963761452182157,2928.664199128394
1510160181390,INFO,EXPLORE_EVENT,000000000000110000000000000000000000000010010000000000100011,0.160777851421875,1918.1950422521045
1510160186407,INFO,EXPLORE_EVENT,000000100000110000000000000000000000000010010000000000100011,0.171711942496875,2312.8183645339045
1510160194475,INFO,EXPLORE_EVENT,000000000100110000000000000000000000000010010000000000100011,0.19649404134854398,2366.6034056176945
1510160216855,INFO,EXPLORE_EVENT,100000000100110000000000000000000000000010010000000000100011,0.18985217295088128,2665.7995456788876
1510160221652,INFO,EXPLORE_EVENT,000000000100110000000000000000000000000010010000000000100011,0.19649404134854398,2366.6034056176945
1510160226665,INFO,EXPLORE_EVENT,000000000100110000000000100000000000000010010000000000100011,0.19649404134854398,2625.1087781137767
1510160230436,INFO,EXPLORE_EVENT,000000000100110000000000000000000000100010010000000000100011,0.19567136150090036,3178.578642531251
1510160234800,INFO,EXPLORE_EVENT,000000000100110000000000000000000000000010010000100000100011,0.19475945846866297,3283.232610244535
1510160238037,INFO,EXPLORE_EVENT,000000000100110000000000000000000000000010010000000000100011,0.19649404134854398,2366.6034056176945
1510160255760,INFO,EXPLORE_EVENT,000000000100110000000000000000000000000110010000000000100011,0.1906194951372961,3508.846635520219
1510160259999,INFO,EXPLORE_EVENT,000000000100110000000000000100000000000010010000000000100011,0.19649404134854398,3227.369412296276
1510160264196,INFO,EXPLORE_EVENT,000000000100110100000000000000000000000010010000000000100011,0.16956472157605995,3412.7835764354913
1510160266928,INFO,EXPLORE_EVENT,000000000100010100000000000000000000000010010000000000100011,0.16603215963662146,3106.3788902302376
1510160270763,INFO,EXPLORE_EVENT,000000000100100100000000000000000000000010010000000000100011,0.16277294672188572,3086.3080622279704
1510160276089,INFO,EXPLORE_EVENT,000100000000110000000000000000000000000010010000000000100011,0.16544792777199546,2784.04471712309
1510160281510,INFO,EXPLORE_EVENT,000000000100110000000000000000000000000010010000000100100001,0.12794574914480422,3409.502003528881
1510160285736,INFO,EXPLORE_EVENT,000000000100110000000000000000000000000010010000000100000011,0.12685299535708058,3026.5931815477234
1510160290732,INFO,EXPLORE_EVENT,000000000100110000000000000000000000000010010000000000100011,0.19649404134854398,2366.6034056176945
1510160296905,INFO,EXPLORE_EVENT,000000000100110000000000000000000000000010010000000000101011,0.1761680587404919,3434.412249757069
1510160301165,INFO,EXPLORE_EVENT,000000000100110000000000000000000000000010011000000000100011,0.19282830630481712,3349.204726799173
1510160304970,INFO,EXPLORE_EVENT,000000000100110000000000000000000000000010010000000000100011,0.19649404134854398,2366.6034056176945
1510160311612,INFO,EXPLORE_EVENT,000000000100110000000000000000000000000010000000000000100011,0.19649404134854398,2293.0416564608045
1510160316210,INFO,EXPLORE_EVENT,000000000100110000000000000000000000000000010000000000100011,0.18055430884854398,1859.264548107319
1510160330159,INFO,EXPLORE_EVENT,000000000100110000000000000000000000000010010000000000000011,0.17572908126104397,2041.427240542606
1510160335100,INFO,EXPLORE_EVENT,000000000100110000000000000000000000000010010000000000100001,0.179174009489169,2237.03017950529
1510160339071,INFO,EXPLORE_EVENT,000000000100110000000000000000000000000010010000000000100010,0.1469084847725527,2099.374753511118
1510160345034,INFO,EXPLORE_EVENT,000000000000110000000000000000000000000010010000000000100011,0.160777851421875,1918.1950422521045
1510160351000,INFO,EXPLORE_EVENT,000000000100010000000000000000000000000010010000000000100011,0.17377974134854396,2191.5837670231626
1510160355234,INFO,EXPLORE_EVENT,000000000100100000000000000000000000000010010000000000100011,0.16806315217027634,2182.1027825741357
1510160358583,INFO,EXPLORE_EVENT,000000000100110000000000000000000000000010010000000000100011,0.19649404134854398,2366.6034056176945
1510160370839,INFO,EXPLORE_EVENT,000000000100110000000000000000000000000010010000000000100011,0.19649404134854398,2366.6034056176945
1510160378474,INFO,EXPLORE_EVENT,000000000100110000000000000000001000000010010000000000100011,0.19649404134854398,3033.47378186275
1510160382437,INFO,EXPLORE_EVENT,000000000100110000000000000000001000000000010000000000100011,0.18055430884854398,2526.1349243523746
1510160386424,INFO,EXPLORE_EVENT,000000000100110000000000000000001000000010000000000000100011,0.19649404134854398,2959.91203270586
1510160391231,INFO,EXPLORE_EVENT,000000000100110000000000000000000000000010010000000000100011,0.19649404134854398,2366.6034056176945
1510160408822,INFO,EXPLORE_EVENT,000000000100110000000000000000001000000010010000000000100011,0.19649404134854398,3033.47378186275
1510160413842,INFO,EXPLORE_EVENT,000000000100110000000000000000000000000010010000000000100011,0.19649404134854398,2366.6034056176945
1510160422628,INFO,EXPLORE_EVENT,000000000100110000000000000000000000000010010000000001100011,0.15088999516343587,3817.637018888132
1510160426840,INFO,EXPLORE_EVENT,000000000100110000000000000000000000000011010000000000100011,0.20328058078725475,3716.4882306207255
1510160431021,INFO,EXPLORE_EVENT,000000000100110000000000000000000000000001010000000000100011,0.19426662078392876,2820.700730860065
1510160435504,INFO,EXPLORE_EVENT,000000000100110000000000000000000000000011000000000000100011,0.20336455688219807,3610.0369260934103
1510160440484,INFO,EXPLORE_EVENT,000000000100010000000000000000000000000011000000000000100011,0.18065025688219805,3435.0172874988784
1510160447476,INFO,EXPLORE_EVENT,000000000100010001000000000000000000000010010000000000100011,0.16831231296500965,3259.878614040599
1510160454564,INFO,EXPLORE_EVENT,000000000100100000000000000001000000000010010000000000100011,0.18100424768722026,3184.430674931914
1510160460734,INFO,EXPLORE_EVENT,000001000000110000000000000000000000000010010000000000100011,0.18488410915759673,2927.4995889341217
1510160464127,INFO,EXPLORE_EVENT,000000000100110000000000000000000000000010010000000000100011,0.19649404134854398,2366.6034056176945
1510160480200,INFO,EXPLORE_EVENT,000000000000110000000000000000000000000010010000000000100011,0.160777851421875,1918.1950422521045
1510160482387,INFO,EXPLORE_EVENT,000000000000000000000000000000000000000010010000000000100011,0.11141319902187499,1474.4703925973508
1510160484713,INFO,EXPLORE_EVENT,000000000000000000000000000000000000000000000000000000100011,0.097441720171875,802.8431885186415
1510160487781,INFO,EXPLORE_EVENT,000000000000000000000000000000000000000000000000000000000000,0.0,0.0
1510160493700,INFO,CLEAR_SCREEN,000000000000000000000000000000000000000000000000000000000000,N/A,N/A
1510160502610,INFO,EXPLORE_EVENT,000000000100000000000000000000000000000000000000000000000000,0.05068408969741005,448.4685696012415
1510160504343,INFO,EXPLORE_EVENT,000000000100100000000000000000000000000000000000000000000000,0.06514618719741005,707.7485876597647
1510160505723,INFO,EXPLORE_EVENT,000000000100110000000000000000000000000000000000000000000000,0.0923734739756777,892.1330130203439
1510160509672,INFO,EXPLORE_EVENT,000000000100110000000000000000000000000000000000000000010000,0.1239930452256777,1056.6594599341506
1510160511859,INFO,EXPLORE_EVENT,000000000100110000000000000000000000000000000000000000010010,0.1423270259350527,1163.3160541923176
1510160516326,INFO,EXPLORE_EVENT,000000000100110000000000000000000000000000000000000000110010,0.1625883235225527,1487.1802325189306
1510160524300,INFO,EXPLORE_EVENT,000000000100110000000000000000000000000010000001000000110010,0.22254186139184665,3069.2089815116105
1510160538052,INFO,CLICK_EVENT,000000000100110000000000000000000000000010000001000000110010,0.22254186139184665,3069.2089815116105
1510160550905,INFO,CLEAR_SCREEN,000000000100110000000000000000000000000010000001000000110010,N/A,N/A
1510160837110,INFO,TREATMENT_3,000000000000000000000000000000000000000000000000000000000000,N/A,N/A
1510160841881,INFO,EXPLORE_EVENT,000000000000000000000000000000000000000000000000000000000010,0.0,630.0049883692784
1510160842197,INFO,AGENT_EVENT,000000000001000000000000000000000000000000000000000000000010,0.030751654416775135,1639.3095350512951
1510160843423,INFO,AGENT_EVENT,000000000000000000000000000000000010000000000000000000000010,0.022366309999999997,1172.2819477584299
1510160844411,INFO,AGENT_EVENT,000000000000000000000100000000000000000000000000000000000010,0.0,1490.7709950478593
1510160845591,INFO,AGENT_EVENT,000000000000000000000000000000000000000001000000000000000010,0.057578128125,1001.271020836456
1510160846603,INFO,AGENT_EVENT,000000000000000000010000000000000000000000000000000000000010,0.0,897.8562583602854
1510160849097,INFO,EXPLORE_EVENT,000000000000000000000000000000000000000000000000000010000010,5.683218750000001E-4,822.53577969
1510160849283,INFO,AGENT_EVENT,000000000000000000000000000010000000000000000000000010000010,5.683218750000001E-4,1033.9133944288271
1510160850600,INFO,AGENT_EVENT,000001000000000000000000000000000000000000000000000010000010,0.054712387499999994,1188.4712176117202
1510160851898,INFO,AGENT_EVENT,000000100000000000000000000000000000000000000000000010000010,0.015030419375,1081.759806301195
1510160854864,INFO,EXPLORE_EVENT,000000000000000000000000000000000000000000000000000000000010,0.0,630.0049883692784
1510160855273,INFO,EXPLORE_EVENT,000000000000000000000000000010000000000000000000000000000010,0.0,841.3826031081056
1510160856592,INFO,EXPLORE_EVENT,000000000000100000000000000010000000000000000000000000000010,0.021025948837500003,1269.120623987442
1510160856870,INFO,AGENT_EVENT,000000000000100000000000000010000000000000000000000000000011,0.047119841866227925,2636.3450024478007
1510160858220,INFO,AGENT_EVENT,000001000000100000000000000010000000000000000000000000000010,0.0751700144625,1635.0560619091625
1510160859586,INFO,AGENT_EVENT,000000000000100000000000000010000000000000000000000000000011,0.047119841866227925,2636.3450024478007
1510160860750,INFO,AGENT_EVENT,000000000000100000000000000110000000000000000000000000000010,0.021025948837500003,1677.4926093160607
1510160861863,INFO,AGENT_EVENT,000000000000100100000000000010000000000000000000000000000010,0.009610412913109097,1880.3418596813804
1510160864043,INFO,EXPLORE_EVENT,000000000000110000000000000010000000000000000000000000000010,0.021025948837500003,1334.9013642725881
1510160864292,INFO,AGENT_EVENT,000000000000110000000000000010000000001000000000000000000010,0.05904076913885316,1976.0585300930295
1510160865469,INFO,AGENT_EVENT,000000000000110100000000000010000000000000000000000000000010,0.00949958442811443,2001.4323568869095
1510160866726,INFO,AGENT_EVENT,000000000000110000000000000010000000000000000000000000001010,0.026441782039404376,2943.687841124064
1510160868916,INFO,EXPLORE_EVENT,000000000000010000000000000010000000000000000000000000000010,0.0,1008.4214506293445
1510160869114,INFO,AGENT_EVENT,000000000000010000000000000010000000000000000000000000100010,0.016445002672952846,1840.4650489722562
1510160870245,INFO,AGENT_EVENT,000000000000010000000000000010000000000000000000000000000110,0.0037761981426758747,2220.970901935055
1510160871550,INFO,AGENT_EVENT,000000000000010000000000000010000000000100000000000000000010,0.04650257321807113,1448.4150919016251
1510160872893,INFO,AGENT_EVENT,010000000000010000000000000010000000000000000000000000000010,0.01287238505,1175.7278769236007
1510160876082,INFO,EXPLORE_EVENT,000000000000110000000000000010000000000000000000000000000010,0.021025948837500003,1334.9013642725881
1510160876463,INFO,EXPLORE_EVENT,000000000000100000000000000010000000000000000000000000000010,0.021025948837500003,1269.120623987442
1510160876680,INFO,AGENT_EVENT,000000000000100000000000000010000000000000000000000100000010,0.059784370370813564,2034.073996175931
1510160878062,INFO,AGENT_EVENT,000000000000101000000000000010000000000000000000000000000010,0.015470420786956108,2116.9444240939183
1510160880825,INFO,EXPLORE_EVENT,000000000000100000000000000010000000000000000000000000010010,0.044767502530013006,2122.514290053859
1510160881149,INFO,AGENT_EVENT,000010000000100000000000000010000000000000000000000000010010,0.04790222195501301,2376.2345369021214
1510160882441,INFO,AGENT_EVENT,000000000000100000010000000010000000000000000000000000010010,0.044767502530013006,2292.969537496635
1510160883727,INFO,AGENT_EVENT,000000000000100000000000010010000000000000000000000000010010,0.044767502530013006,2182.2152662449753
1510160885276,INFO,AGENT_EVENT,000000000000100000000000000010000000000000000001000000010010,0.07310050509786911,3140.7295995557283
1510160886712,INFO,AGENT_EVENT,100000000000100000000000000010000000000000000000000000010010,0.04529534360501301,2554.0706501877903
1510160888193,INFO,AGENT_EVENT,000000000000100000000010000010000000000000000000000000010010,0.06020094282403028,2675.0595621889115
1510160890201,INFO,AGENT_EVENT,000000000000100000000000000010000000000000000000000000110000,0.0684223475875,1082.8402852729175
1510160890393,INFO,EXPLORE_EVENT,000000000000100000000000000010000000000000000000000000110010,0.05358751469862298,2417.663834033033
1510160891914,INFO,AGENT_EVENT,000000000000100000000000100010000000000000000000000000110010,0.05608360942362298,2704.3729072322913
1510160893330,INFO,AGENT_EVENT,000000000000100000000000001010000000000000000000000000110010,0.05358751469862298,3035.6170239241615
1510160894972,INFO,AGENT_EVENT,001000000000100000000000000010000000000000000000000000110010,0.059671134828800744,3086.875198531664
1510160896538,INFO,AGENT_EVENT,000000000000100000000000000010000000000001000000000000110010,0.11116564282362298,2788.9298665002107
1510160898130,INFO,AGENT_EVENT,000000000000100000000000000010000000000000000000010000110010,0.06135004082112891,2539.7555712023704
1510160899373,INFO,AGENT_EVENT,000000000000100000000000000010000000000000000000000000110000,0.0684223475875,1082.8402852729175
1510160900838,INFO,AGENT_EVENT,000000000000100000000000000010001000000000000000000000110010,0.05645733595163689,3001.684059339612
1510160902483,INFO,AGENT_EVENT,000000000000100000000000000010000000000000000000000010110010,0.04967072026851286,2749.552201768576
1510160904287,INFO,AGENT_EVENT,000000000000100010000000000010000000000000000000000000110010,0.05358751469862298,2589.918814124305
1510160904388,INFO,CLICK_EVENT,000000000000100000000000000010000000000001000000000000110010,0.11116564282362298,2788.9298665002107
1510160906104,INFO,AGENT_EVENT,000100000000100000000000000010000000000000000000000000110010,0.09403816223351162,2866.072197398623
1510160907727,INFO,AGENT_EVENT,000000000000100000000000000010000000000000000000010000110010,0.06135004082112891,2539.7555712023704
1510160911465,INFO,EXPLORE_EVENT,000000000000100000000000000010000000000001000000000000110010,0.11116564282362298,2788.9298665002107
1510160912276,INFO,EXPLORE_EVENT,000000000000100000000000000010000000000001000000000000110000,0.1260004757125,1454.1063177400952
1510160913650,INFO,EXPLORE_EVENT,000000000000100000000000000010000000000001000000000000110010,0.11116564282362298,2788.9298665002107
1510160913992,INFO,EXPLORE_EVENT,000000000000100000000000000010000000000001000000000000100010,0.09513801314775691,2472.4302547975312
1510160914781,INFO,EXPLORE_EVENT,000000000000100000000000000010000000000001000000000000110010,0.11116564282362298,2788.9298665002107
1510160915033,INFO,EXPLORE_EVENT,000000000000100000000000000010000000000001000000000000010010,0.10234563065501301,2493.780322521037
1510160917624,INFO,EXPLORE_EVENT,000000000000100000000000000010000000000001000000000000010010,0.10234563065501301,2493.780322521037
1510160917780,INFO,AGENT_EVENT,100000000000100000000000000010000000000001000000000000010010,0.102873471730013,2925.3366826549677
1510160919669,INFO,AGENT_EVENT,000000000000100000000000000010000000000001000001000000010010,0.0868774181636495,3605.0908030098763
1510160920951,INFO,CLICK_EVENT,000000000000100000000000000010000000000001000000000000110000,0.1260004757125,1454.1063177400952
1510160921719,INFO,AGENT_EVENT,010000000000100000000000000010000000000001000000000000010010,0.115218015705013,2661.086748815293
1510160923097,INFO,AGENT_EVENT,000000000000000000000000000010000000000001000000000000010010,0.08173623424393806,2066.0423016417003
1510160924839,INFO,AGENT_EVENT,000000000000100000000000000010000000000001000000000000010011,0.10098430225611275,3337.537528167277
1510160926495,INFO,AGENT_EVENT,000000000000100000000000000010000000100001000000000000010010,0.105345387880013,2758.7140884139812
1510160928058,INFO,AGENT_EVENT,000000000000100000000000010010000000000001000000000000010010,0.10234563065501301,2553.481298712153
1510160929743,INFO,AGENT_EVENT,000000000000100001000000000010000000000001000000000000010010,0.10494071815501299,2738.432079267389
1510160933026,INFO,EXPLORE_EVENT,000000000000100000000000000010000000000001000000000000010010,0.10234563065501301,2493.780322521037
1510160933110,INFO,AGENT_EVENT,000000000000100000000000000010000000000001000100000000010010,0.05811434314407228,3396.4911643781315
1510160934652,INFO,AGENT_EVENT,000000000000100000100000000010000000000001000000000000010010,0.10234563065501301,2653.267618839138
1510160936316,INFO,AGENT_EVENT,000000000000100000000000000010000010000001000000000000010010,0.1251599532490303,2952.7573862635804
1510160937770,INFO,AGENT_EVENT,000000000000101000000000000010000000000001000000000000010010,0.09664404181975224,3341.6041226275133
1510160939524,INFO,AGENT_EVENT,000000000001100000000000000010000000000001000000000000010010,0.11771433473284856,3503.0848692030536
1510160941250,INFO,AGENT_EVENT,000000000000100000000000000010000000000001000000000001010010,0.10215772820450462,2950.6549958713167
1510160942964,INFO,AGENT_EVENT,000000000000100000000000000010000000000001000000001000010010,0.09474711105722022,2970.1220060944684
1510160945514,INFO,AGENT_EVENT,000000000000100000000000000010000000000000000000000000010000,0.0457080475875,907.8206466783855
1510160945712,INFO,EXPLORE_EVENT,000000000000100000000000000010000000000001000000000000010000,0.10328617571250001,1279.0866791455633
1510160948531,INFO,EXPLORE_EVENT,000000000000100000000000000010000000000001000000000000110000,0.1260004757125,1454.1063177400952
1510160949109,INFO,AGENT_EVENT,001000000000100000000000000010000000000001000000000000110000,0.13208409584267777,2123.3176822387263
1510160950806,INFO,AGENT_EVENT,100000000000100000000000000010000000000001000000000000110000,0.1265283167875,1885.662677874026
1510160951943,INFO,CLICK_EVENT,001000000000100000000000000010000000000001000000000000110000,0.13208409584267777,2123.3176822387263
1510160952856,INFO,AGENT_EVENT,000000000000100000000000000010000000000101000000000000110000,0.12156172203519422,1997.3392180744422
1510160954659,INFO,AGENT_EVENT,000000000000100000000000000010000000100001000000000000110000,0.12801610611250003,1719.0400836330396
1510160956503,INFO,AGENT_EVENT,000000000000100000000000000010000000000001000000000010110000,0.12015976873516633,2112.892785815834
1510160958343,INFO,AGENT_EVENT,000000001000100000000000000010000000000001000000000000110000,0.12704063312500002,2137.4760733686153
1510160960550,INFO,AGENT_EVENT,000000000000100000000000000010000000000011000000000000110000,0.144334456421875,1560.5073087164706
1510160962427,INFO,AGENT_EVENT,000000000000100001000000000010000000000001000000000000110000,0.1285955632125,1698.7580744864467
1510160962762,INFO,CLICK_EVENT,000000000000100000000000000010000000000011000000000000110000,0.144334456421875,1560.5073087164706
1510160964087,INFO,AGENT_EVENT,000000000000100000000000000010000000000001000100000000110000,0.08176918820155929,2356.81715959719
1510160965466,INFO,AGENT_EVENT,000000000000100000000000000010000000000001000000000000010000,0.10328617571250001,1279.0866791455633
1510160967199,INFO,AGENT_EVENT,000000000000100000000000000010000000000001000000000100110000,0.11815333637911554,2074.0339144407203
1510160970552,INFO,EXPLORE_EVENT,000000000000100000000000000010000000000011000000000000110000,0.144334456421875,1560.5073087164706
1510160970687,INFO,AGENT_EVENT,000000000000100000001000000010000000000011000000000000110000,0.147568993834375,2164.0364110022792
1510160972923,INFO,AGENT_EVENT,000000000000100000000000000010000000000011000000000000111000,0.13501970268080568,2988.6014793654977
1510160974279,INFO,CLICK_EVENT,000000000000100000001000000010000000000011000000000000110000,0.147568993834375,2164.0364110022792
1510160974779,INFO,AGENT_EVENT,000000000000100000000000000000000000000011000000000000110000,0.144334456421875,1349.129693977643
1510160976591,INFO,AGENT_EVENT,000000000000100000000000000010100000000011000000000000110000,0.144334456421875,1709.9693132912043
1510160977764,INFO,CLICK_EVENT,000000000000100000000000000000000000000011000000000000110000,0.144334456421875,1349.129693977643
1510160978699,INFO,AGENT_EVENT,000000000000100100000000000010000000000011000000000000110000,0.13333406960116867,2171.728544410408
1510160980677,INFO,AGENT_EVENT,000000000000100000000000000010000000000011100000000000110000,0.1433224879796795,2231.241818695982
1510160983530,INFO,EXPLORE_EVENT,000000000000100000000000000000000000000011000000000000110000,0.144334456421875,1349.129693977643
1510160983694,INFO,AGENT_EVENT,000000100000100000000000000000000000000011000000000000110000,0.144334456421875,1608.3537205888383
1510160985252,INFO,AGENT_EVENT,000000000000100000000000000000000000000011000000000000100000,0.11140015517187499,1164.6290709340847
1510160987069,INFO,AGENT_EVENT,000000000000100000000000000000000100000011000000000000110000,0.144334456421875,2143.230435193504
1510160989143,INFO,AGENT_EVENT,000000000000100000000000000000000000100011000000000000110000,0.146350086821875,1637.3728212006004
1510160991344,INFO,AGENT_EVENT,000000001000100000000000000000000000000011000000000000110000,0.145374613834375,2032.4994496061636
1510160993096,INFO,AGENT_EVENT,000000000000100000000000000000000000000011000100000000110000,0.08386636962973115,2334.29563498276
1510160995005,INFO,AGENT_EVENT,000000000000100000100000000000000000000011000000000000110000,0.144334456421875,1508.6169902957442
1510160996836,INFO,AGENT_EVENT,000000000000110000000000000000000000000011000000000000110000,0.144334456421875,1414.9104342627893
1510160998639,INFO,AGENT_EVENT,000000000000100000000010000000000000000011000000000000110000,0.149314734596875,1901.6749661126955
1510161000364,INFO,AGENT_EVENT,000000000000100000000000000000000000000011000010000000110000,0.14031006239597982,2639.0197568205485
1510161002040,INFO,AGENT_EVENT,000000000000100000010000000000000000000011000000000000110000,0.144334456421875,1519.5849414204185
1510161004687,INFO,AGENT_EVENT,000000000000110000000000000000000000000011000000000000100000,0.11140015517187499,1230.4098112192307
1510161004896,INFO,EXPLORE_EVENT,000000000000110000000000000000000000000011000000000000110000,0.144334456421875,1414.9104342627893
1510161006453,INFO,AGENT_EVENT,000000000000110000000000000000000100000011000000000000110000,0.144334456421875,2209.0111754786503
1510161008230,INFO,AGENT_EVENT,000000000000110000000000000010000000000011000000000000110000,0.144334456421875,1626.2880490016164
1510161011279,INFO,EXPLORE_EVENT,010000000000100000000000000000000000000011000000000000110000,0.15720684147187503,1516.4361202718992
1510161011310,INFO,AGENT_EVENT,010000000000100000000100000000000000000011000000000000110000,0.14074194208691154,2564.8880564977494
1510161013226,INFO,AGENT_EVENT,010000000000100000000000000000100000000011000000000000110000,0.15720684147187503,1767.2356117806771
1510161015446,INFO,AGENT_EVENT,010001000000100000000000000000000000000011000000000000110000,0.159801928971875,1750.2453897688174
1510161015722,INFO,CLICK_EVENT,010000000000100000000000000000000000000011000000000000110000,0.15720684147187503,1516.4361202718992
1510161016142,INFO,CLICK_EVENT,010000000000100000000000000000000000000011000000000000110000,0.15720684147187503,1516.4361202718992
1510161017837,INFO,AGENT_EVENT,010100000000100000000000000000000000000011000000000000110000,0.18455307996426762,1916.8014266434727
1510161019386,INFO,CLICK_EVENT,010100000000100000000000000000000000000011000000000000110000,0.18455307996426762,1916.8014266434727
1510161020223,INFO,AGENT_EVENT,010000000000100000000000000000100000000011000000000000110000,0.15720684147187503,1767.2356117806771
1510161022034,INFO,AGENT_EVENT,010000000000100000000000000000000000000011000000000000010000,0.134492541471875,1341.4164816773673
1510161026203,INFO,EXPLORE_EVENT,010100000000100000000000000000000000000011000000000000110000,0.18455307996426762,1916.8014266434727
1510161026555,INFO,AGENT_EVENT,010100000000100000000001000000000000000011000000000000110000,0.18812938745530264,3127.400201559618
1510161029333,INFO,AGENT_EVENT,010100000000100000000000000000000000000011000000001000110000,0.1642788548068372,2767.1365512934217
1510161031673,INFO,CLICK_EVENT,010100000000100000000001000000000000000011000000000000110000,0.18812938745530264,3127.400201559618
1510161032029,INFO,AGENT_EVENT,010100000000100000000000010000000000000011000000000000110000,0.18455307996426762,2081.089773211806
1510161034519,INFO,CLICK_EVENT,010100000000100000000000010000000000000011000000000000110000,0.18455307996426762,2081.089773211806
1510161034813,INFO,AGENT_EVENT,010100000000100001000000000000000000000011000000000000110000,0.1871481674642676,2161.6432413012935
1510161037134,INFO,AGENT_EVENT,010100000000100000000000000000000000000011001000000000110000,0.1860968998767676,2490.0142659914463
1510161039725,INFO,CLICK_EVENT,010100000000100001000000000000000000000011000000000000110000,0.1871481674642676,2161.6432413012935
1510161040163,INFO,AGENT_EVENT,010100000000100000000000000000000000100011000000000000110000,0.18558458353926763,2205.0445538664303
1510161042476,INFO,CLICK_EVENT,010100000000100000000000010000000000000011000000000000110000,0.18455307996426762,2081.089773211806
1510161042674,INFO,AGENT_EVENT,010100000000100000000000000000000000000001000000000000110000,0.16621909925489262,1810.4004356670976
1510161044273,INFO,CLICK_EVENT,010100000000100000000000000000000000100011000000000000110000,0.18558458353926763,2205.0445538664303
1510161045132,INFO,AGENT_EVENT,010100000000100000000000000000000000000010000000000000110000,0.1337192217271834,1650.6030542104495
1510161045905,INFO,CLICK_EVENT,010100000000100001000000000000000000000011000000000000110000,0.1871481674642676,2161.6432413012935
1510161047779,INFO,AGENT_EVENT,010100000000100000000000000000100000000011000000000000110000,0.18455307996426762,2167.600918152251
1510161052949,INFO,EXPLORE_EVENT,010100000000100001000000000000000000000011000000000000110000,0.1871481674642676,2161.6432413012935
1510161053124,INFO,AGENT_EVENT,010100000000100001001000000000000000000011000000000000110000,0.1903827048767676,2775.087921620204
1510161055730,INFO,AGENT_EVENT,010100000000100001000000000100000000000011000000000000110000,0.1871481674642676,2601.6162867683206
1510161058149,INFO,AGENT_EVENT,010100000000100001000000000000000000000011000000000000100000,0.15861168945841925,1977.1426182577352
1510161059757,INFO,CLICK_EVENT,010100000000100001001000000000000000000011000000000000110000,0.1903827048767676,2775.087921620204
1510161061297,INFO,AGENT_EVENT,010100010000100001000000000000000000000011000000000000110000,0.18184694687730713,2488.6639594916537
1510161063983,INFO,AGENT_EVENT,010100000000100001000000000000100000000011000000000000110000,0.1871481674642676,2412.442732810072
1510161067317,INFO,CLICK_EVENT,010100000000100001000000000000000000000011000000000000110000,0.1871481674642676,2161.6432413012935
1510161067701,INFO,AGENT_EVENT,010100000000100001000000000000000000100011000000000000110000,0.1876760085392676,2450.232270693892
1510161070734,INFO,AGENT_EVENT,010100000000110001000000000000000000000011000000000000110000,0.1871481674642676,2227.836968558471
1510161072356,INFO,CLICK_EVENT,010100000000100001000000000000100000000011000000000000110000,0.1871481674642676,2412.442732810072
1510161074178,INFO,AGENT_EVENT,010100000000100001000000000000000000000011000000000000110100,0.1614831946335552,3207.823412119091
1510161074459,INFO,CLICK_EVENT,010100000000100001000000000000000000000011000000000000110000,0.1871481674642676,2161.6432413012935
1510161074893,INFO,CLICK_EVENT,010100000000100001000000000000000000000011000000000000110000,0.1871481674642676,2161.6432413012935
1510161077211,INFO,AGENT_EVENT,010100000000100001000000100000000000000011000000000000110000,0.1876760085392676,2536.7344797414034
1510161080084,INFO,AGENT_EVENT,010101000000100001000000000000000000000011000000000000110000,0.18149656503357045,2638.897923027454
1510161082630,INFO,AGENT_EVENT,010100000000100001100000000000000000000011000000000000110000,0.1871481674642676,2341.894543374536
1510161085640,INFO,AGENT_EVENT,010100000000100001000000000000000000001011000000000000110000,0.2026597664735021,2960.8211297652933
1510161088663,INFO,AGENT_EVENT,010100000000100001000000000001000000000011000000000000110000,0.19232597058926762,2590.890570634847
1510161090982,INFO,AGENT_EVENT,010100000000100001000000000000000000000011000000000000010000,0.1644338674642676,1986.6236027067616
1510161096759,INFO,EXPLORE_EVENT,010100000000100001000000000000000000000011000000000000110010,0.1732974614003906,3496.4667900614086
1510161097115,INFO,AGENT_EVENT,010100000000100001000000000000001000000011000000000000110010,0.1751831558284045,4165.452367279593
1510161097981,INFO,CLICK_EVENT,010100000000100001000000000000000000001011000000000000110000,0.2026597664735021,2960.8211297652933
1510161100534,INFO,AGENT_EVENT,010100000000100001000000000000000001000011000000000000110010,0.19005802396401605,4514.499215849733
1510161105257,INFO,EXPLORE_EVENT,010100000000100001000000000000000000000011000000000000110000,0.1871481674642676,2161.6432413012935
1510161105432,INFO,AGENT_EVENT,010100000000100001000000000000010000000011000000000000110000,0.1871481674642676,2420.3140555316536
1510161110921,INFO,EXPLORE_EVENT,010100000000100001000000000000000000001011000000000000110000,0.2026597664735021,2960.8211297652933
1510161111381,INFO,AGENT_EVENT,010100000000100001000000000000000000011011000000000000110000,0.21032421796484174,3068.8935235053104
1510161113375,INFO,CLICK_EVENT,010100000000100001000000000000000000011011000000000000110000,0.21032421796484174,3068.8935235053104
1510161115194,INFO,AGENT_EVENT,010101000000100001000000000000000000001011000000000000110000,0.19724311083782017,3438.0758114914543
1510161118476,INFO,AGENT_EVENT,010100000000100001000000000000010000001011000000000000110000,0.2026597664735021,3219.491943995654
1510161127752,INFO,EXPLORE_EVENT,010100000000100001000000000000000000000011000000001000110000,0.16687394230683722,3011.978365951243
1510161128208,INFO,EXPLORE_EVENT,010100000000100001000000000000000000001011000000000000110000,0.2026597664735021,2960.8211297652933
1510161128221,INFO,EXPLORE_EVENT,010100000000100001000000000000000000000011000000001000110000,0.16687394230683722,3011.978365951243
1510161128501,INFO,EXPLORE_EVENT,010100000000100001000000000000000000000000000000001011110000,0.1439170408718603,3357.88860060981
1510161134613,INFO,CLICK_EVENT,010100000000100001000000000000000000011011000000000000110000,0.21032421796484174,3068.8935235053104
1510161134820,INFO,EXPLORE_EVENT,010100000000100001000000000000000000000011000000000000110000,0.1871481674642676,2161.6432413012935
1510161134975,INFO,EXPLORE_EVENT,010100000000000000000000000000000000001011000000000000110000,0.15445268056033287,2312.250961778959
1510161135528,INFO,EXPLORE_EVENT,010100000000100000000000000000000000001011000000000000110000,0.17471397814783285,2739.9889826582958
1510161136428,INFO,EXPLORE_EVENT,010100000000100001000000000000000000001011000000000000110000,0.2026597664735021,2960.8211297652933
1510161136467,INFO,CLICK_EVENT,010100000000100001000000000000000000011011000000000000110000,0.21032421796484174,3068.8935235053104
1510161141800,INFO,CLICK_EVENT,010100000000100001000000000000000000011011000000000000110000,0.21032421796484174,3068.8935235053104
1510161142550,INFO,EXPLORE_EVENT,010100000000100000000000000000000000001011000000000000110000,0.17471397814783285,2739.9889826582958
1510161142951,INFO,EXPLORE_EVENT,010100000000100001000000000000000000001011000000000000110000,0.2026597664735021,2960.8211297652933
1510161143979,INFO,EXPLORE_EVENT,010100000000100001000000000000000000001011000000000000110000,0.2026597664735021,2960.8211297652933
1510161144387,INFO,EXPLORE_EVENT,010100000000100001000000000000000000001010000000000001110000,0.20510560832014366,3393.068913063892
1510161145188,INFO,FILTER_EVENT,000100000000100001000000000000000000011011000000000000110000,-1,-1
1510161146497,INFO,FILTER_EVENT,010100000000100001000000000000000000011011000000000000110000,-1,-1
1510161146602,INFO,FILTER_EVENT,010100000000000000000000000000000000011011000000000000110000,-1,-1
1510161146696,INFO,FILTER_EVENT,010100000000000001000000000000000000011011000000000000110000,-1,-1
1510161146737,INFO,FILTER_EVENT,010100000000100001000000000000000000011011000000000000110000,-1,-1
1510161150034,INFO,FILTER_EVENT,010100000000100001000000000000000000011011000000000000100000,-1,-1
1510161150097,INFO,FILTER_EVENT,010100000000100001000000000000000000011011000000000000000000,-1,-1
1510161150373,INFO,FILTER_EVENT,010100000000100001000000000000000000011011000000000000110000,-1,-1
1510161150506,INFO,EXPLORE_EVENT,010100000000100001000000000000000000001011000000000000110000,0.2026597664735021,2960.8211297652933
1510161150946,INFO,EXPLORE_EVENT,000100000000100001000000000000000000011011000000000000110000,0.208875224099361,2949.6301542050705
1510161151823,INFO,EXPLORE_EVENT,010100000000100001000000000000000000011011000000000000110000,0.21032421796484174,3068.8935235053104
1510161152368,INFO,AGENT_EVENT,010100010000100001000000000000000000011011000000000000110000,0.2062665902094471,3395.9142416956706
1510161156063,INFO,AGENT_EVENT,010100000000100001000000000000000000011011000001000000110000,0.19479625081454569,3869.3365060191627
1510161158939,INFO,AGENT_EVENT,000100000000100001000000000000000000011011000000000000110000,0.208875224099361,2949.6301542050705
1510161162471,INFO,FILTER_EVENT,010100000000100001000000000000000000001011000000000000110000,-1,-1
1510161162569,INFO,AGENT_EVENT,010100000000100001000000000000000000011011010000000000110000,0.204949105284733,3355.7820188298847
1510161163489,INFO,FILTER_EVENT,000100000000100001000000000000000000011011000000000000110000,-1,-1
1510161163887,INFO,FILTER_EVENT,010100000000100001000000000000000000011011000000000000110000,-1,-1
1510161165847,INFO,FILTER_EVENT,010100000000100001000000000000000000011001000000000000110000,-1,-1
1510161166221,INFO,AGENT_EVENT,010100000000100001000000000000000000011011010000000000110000,0.204949105284733,3355.7820188298847
1510161166529,INFO,FILTER_EVENT,010100000000100001000000000000000000011011000000000000110000,-1,-1
1510161167052,INFO,FILTER_EVENT,010100000000100001000000000000000000011010000000000000110000,-1,-1
1510161167527,INFO,FILTER_EVENT,010100000000100001000000000000000000011011000000000000110000,-1,-1
1510161169742,INFO,AGENT_EVENT,010100010000100001000000000000000000011011000000000000110000,0.2062665902094471,3395.9142416956706
1510161173417,INFO,AGENT_EVENT,010100000000100001000000000000000000011011010000000000110000,0.204949105284733,3355.7820188298847
1510161176608,INFO,AGENT_EVENT,010000000000100001000000000000000000011011000000000000110000,0.1772140283572747,2668.5282171337367
1510161177570,INFO,CLICK_EVENT,010100000000100000000000000000000000000011000000000000110000,0.18455307996426762,1916.8014266434727
1510161180009,INFO,AGENT_EVENT,010100000000100001000000000000000100011011000000000000110000,0.21032421796484174,3862.9942647211715
1510161183410,INFO,AGENT_EVENT,010100000000100001000000000000000000011011000000000000111000,0.2015795205265282,4496.987694154337
1510161186808,INFO,AGENT_EVENT,010100000000100001000000000000000000011011000000000000110100,0.1841634643804715,4115.073694323108
1510161189657,INFO,AGENT_EVENT,010100000000100001000000000000000000010011000000000000110000,0.21560517451203068,2220.6208576656973
1510161193018,INFO,AGENT_EVENT,010100000000101001000000000000000000011011000000000000110000,0.18012872708309974,4129.926211006634
1510161196567,INFO,AGENT_EVENT,010100100000100001000000000000000000011011000000000000110000,0.20564648819486797,3377.1427215243784
1510161200106,INFO,AGENT_EVENT,110100000000100001000000000000000000011011000000000000110000,0.21028542062677963,3675.727167820325
1510161202052,INFO,CLICK_EVENT,010100000000100001000000000000000000010011000000000000110000,0.21560517451203068,2220.6208576656973
1510161203937,INFO,AGENT_EVENT,010100000000100001000000010000000000011011000000000000110000,0.21032421796484174,3233.181870073644
1510161205637,INFO,FILTER_EVENT,010100000000100001000000000000000000010011000000000000110000,-1,-1
1510161206746,INFO,AGENT_EVENT,000100000000100001000000000000000000011011000000000000110000,0.208875224099361,2949.6301542050705
1510161210148,INFO,AGENT_EVENT,010100000000100001000000000000000000011011000000100000110000,0.22424051153984176,3409.627477580554
1510161213498,INFO,AGENT_EVENT,010100000000100001010000000000000000011011000000000000110000,0.21032421796484174,3260.737750533479
1510161215600,INFO,CLICK_EVENT,010100000000100001000000000000000000010011000000000000110000,0.21560517451203068,2220.6208576656973
1510161217766,INFO,AGENT_EVENT,010100010000100001000000000000000000011011000000000000110000,0.2062665902094471,3395.9142416956706
1510161220907,INFO,CLICK_EVENT,010100000000100001000000000000000000010011000000000000110000,0.21560517451203068,2220.6208576656973
1510161220921,INFO,AGENT_EVENT,010100000000100001000000000000000000010011000000000000111000,0.20629042077096138,3648.715028314725
1510161222008,INFO,CLICK_EVENT,010100000000100001000000000000000000010011000000000000110000,0.21560517451203068,2220.6208576656973
1510161222315,INFO,CLICK_EVENT,010100000000100001000000000000000000010011000000000000110000,0.21560517451203068,2220.6208576656973
1510161223896,INFO,AGENT_EVENT,010100000000100001000000000000100000010011000000000000110000,0.21560517451203068,2471.4203491744756
1510161226883,INFO,AGENT_EVENT,010100000000100001000000000000010000010011000000000000110000,0.21560517451203068,2479.291671896058
1510161229829,INFO,AGENT_EVENT,010100000000100001000000000000001000010011000000000000110000,0.2166453319245307,2889.606434883882
1510161229894,INFO,FILTER_EVENT,010100000000100001000000000000000000010010000000000000110000,-1,-1
1510161230491,INFO,FILTER_EVENT,010100000000100001000000000000000000010011000000000000110000,-1,-1
1510161231146,INFO,FILTER_EVENT,010100000000100001000000000000000000010001000000000000110000,-1,-1
1510161232136,INFO,FILTER_EVENT,010100000000100001000000000000000000010011000000000000110000,-1,-1
1510161232987,INFO,AGENT_EVENT,010100000000100001000010000000000000010011000000000000110000,0.21804285718609137,3792.2607504177895
1510161233591,INFO,FILTER_EVENT,010100000000100001000000000000000000000011000000000000110000,-1,-1
1510161234092,INFO,FILTER_EVENT,000100000000100001000000000000000000010011000000000000110000,-1,-1
1510161235077,INFO,FILTER_EVENT,000100000000100001000000000000000000010001000000000000110000,-1,-1
1510161235897,INFO,AGENT_EVENT,010100000000100001100000000000000000010011000000000000110000,0.21560517451203068,2400.8721597389404
1510161235965,INFO,FILTER_EVENT,000100000000100001000000000000000000010011000000000000110000,-1,-1
1510161237186,INFO,FILTER_EVENT,010100000000100001000000000000000000010011000000000000110000,-1,-1
1510161238696,INFO,FILTER_EVENT,010100000000100001000000000000000000010011000000000000100000,-1,-1
1510161238891,INFO,AGENT_EVENT,010100000000100001000000000000000000010011000000000000010000,0.19289087451203069,2045.6012190711658
1510161240199,INFO,FILTER_EVENT,010100000000100001000000000000000000010011000000000000110000,-1,-1
1510161241942,INFO,AGENT_EVENT,010100001000100001000000000000000000010011000000000000110000,0.21300773524455993,3285.095627462124
1510161245122,INFO,AGENT_EVENT,010100010000100001000000000000000000010011000000000000110000,0.212725378081427,2547.641575856058
1510161245806,INFO,CLICK_EVENT,010100000000100001100000000000000000010011000000000000110000,0.21560517451203068,2400.8721597389404
1510161246708,INFO,CLICK_EVENT,010100000000100001000000000000000000010011000000000000110000,0.21560517451203068,2220.6208576656973
1510161248135,INFO,AGENT_EVENT,010100000000000001000000000000000000010011000000000000110000,0.1953438769245307,1882.8151272035243
1510161248787,INFO,CLICK_EVENT,010100000000100001100000000000000000010011000000000000110000,0.21560517451203068,2400.8721597389404
1510161250908,INFO,CLICK_EVENT,010100000000100001000000000000000000010011000000000000110000,0.21560517451203068,2220.6208576656973
1510161251573,INFO,AGENT_EVENT,010100000000100001000001000000000000010011000000000000110000,0.21488306829194495,3642.143498349099
1510161254711,INFO,AGENT_EVENT,010100100000100001000000000000000000010011000000000000110000,0.21210527606684787,2528.870055684766
1510161258194,INFO,CLICK_EVENT,010100000000100001000000000000000000011011000000100000110000,0.22424051153984176,3409.627477580554
1510161258434,INFO,CLICK_EVENT,010100000000100001000000000000000000011011000000100000110000,0.22424051153984176,3409.627477580554
1510161258442,INFO,AGENT_EVENT,010101000000100001000000000000000000010011000000000000110000,0.2106118464349348,2697.875539391858
1510161261722,INFO,AGENT_EVENT,010100000000100001100000000000000000010011000000000000110000,0.21560517451203068,2400.8721597389404
1510161262922,INFO,CLICK_EVENT,010100000000100001000000000000000000010011000000000000110000,0.21560517451203068,2220.6208576656973
1510161265167,INFO,AGENT_EVENT,010100000000100001000000000000000000010011000000000000110010,0.20175446844815365,3555.444406425813
1510161267698,INFO,AGENT_EVENT,010100000000100001000000000000000000000011000000000000110000,0.1871481674642676,2161.6432413012935
1510161270869,INFO,AGENT_EVENT,010100000000100001000000000000000001010011000000000000110000,0.23236573707565614,3238.653283454021
1510161271911,INFO,FILTER_EVENT,010100000000100001000000000000000000010011000000000000100000,-1,-1
1510161272001,INFO,FILTER_EVENT,010100000000100001000000000000000000010011000000000000000000,-1,-1
1510161273909,INFO,AGENT_EVENT,010100000000100001000000000000000000010011000000000000110100,0.18994020168131828,3266.8010284834945
1510161274020,INFO,FILTER_EVENT,010100000000100001000000000000000000010010000000000001000000,-1,-1
1510161274248,INFO,FILTER_EVENT,010100000000100001000000000000000000010000000000000011000000,-1,-1
1510161274550,INFO,FILTER_EVENT,010100000000100001000000000000000000010000000000000010000000,-1,-1
1510161274613,INFO,FILTER_EVENT,010100000000100001000000000000000000000000000000010010000000,-1,-1
1510161274778,INFO,FILTER_EVENT,010100000000100001000000000000000000000000000000000000000000,-1,-1
1510161276960,INFO,AGENT_EVENT,010100100000100001000000000000000000010011000000000000110000,0.21210527606684787,2528.870055684766
1510161279814,INFO,AGENT_EVENT,010100000000100001100000000000000000010011000000000000110000,0.21560517451203068,2400.8721597389404
1510161281572,INFO,AGENT_EVENT,010100000000100001000000010000000000000000000000000000000000,0.12527665999904425,1433.7250891233944
1510161283499,INFO,AGENT_EVENT,010100000000100001000000000000000001000000000000000000000000,0.13836764651647415,2287.469168343385
1510161285338,INFO,FILTER_EVENT,010100000000000000000000100000000000000000000000000000000000,-1,-1
1510161285465,INFO,AGENT_EVENT,010101000000100001000000000000000000000000000000000000000000,0.12087236234673539,1746.6914242812218
1510161285538,INFO,FILTER_EVENT,010100000000000000000000000000000000000000000000000000000000,-1,-1
1510161287399,INFO,AGENT_EVENT,010100000000100001000000000000000000000000000000000000000001,0.14480074361430378,2278.7412892370776
1510161288043,INFO,FILTER_EVENT,000000000000010000000000000000000000000000000000000000000000,-1,-1
1510161288373,INFO,FILTER_EVENT,000000000000000000000000000000000000000000000000000000000000,-1,-1
1510161288661,INFO,AGENT_EVENT,000100000000100001000000000000000000000000000000000000000000,0.11926040095234067,1150.1733732548214
1510161289600,INFO,AGENT_EVENT,010000000000100001000000000000000000000000000000000000000000,0.08810046008750001,869.0714361834875
1510161290734,INFO,AGENT_EVENT,010100000100100001000000000000000000000000000000000000000000,0.09420445094976894,1940.7266716364752
1510161292152,INFO,AGENT_EVENT,010100000000100001000000000000000000000100000000000000000000,0.13140738897959092,1709.4303838273418
1510161293373,INFO,AGENT_EVENT,010100000000100001000001000000000000000000000000000000000000,0.09390400167882049,2690.9593832384626
1510161294519,INFO,AGENT_EVENT,010100000000100001000010000000000000000000000000000000000000,0.12419027404512692,2841.076635307152
1510161297658,INFO,CLEAR_SCREEN,000000000000000000000000000000000000000000000000000000000000,N/A,N/A
1510161303499,INFO,CLICK_EVENT,000000000000000000000000000000000000000000000000000000000000,0,0
1510161309924,INFO,EXPLORE_EVENT,010000000000000000000000000000000000000000000000000000000000,0.010874309375,167.30294182536957
1510161315232,INFO,EXPLORE_EVENT,010100000000100000000000000000000000000000000000000011000000,0.12916839124904425,1545.255923986072
1510161325529,INFO,EXPLORE_EVENT,010100000000100000000000000000000000000000110000000011000000,0.1735966955048926,1956.7941158980802
1510161338105,INFO,EXPLORE_EVENT,010100000000100001000000000000000000000000110000000011000000,0.1787868705048926,2230.8211049079755
1510161345502,INFO,CLICK_EVENT,010100000000100000000000000000000000000000110000000011000000,0.1735966955048926,1956.7941158980802
1510161345528,INFO,EXPLORE_EVENT,010100000000100000000000000000000000000000110000000011000000,0.1735966955048926,1956.7941158980802
1510161360990,INFO,EXPLORE_EVENT,000000000000000000000000000000000000000000000000000000000000,0.0,0.0
1510161364207,INFO,CLEAR_SCREEN,000000000000000000000000000000000000000000000000000000000000,N/A,N/A
