1510165609366,INFO,DEMO_TREATMENT,000000000000000000000000000000000000000000000000000000000000,N/A,N/A
1510165946998,INFO,EXPLORE_EVENT,000000000000000000000000000000000000000000000001000000000001,0.022249865523008616,1338.422728997262
1510165957166,INFO,CLICK_EVENT,000000000000000000000000000000000000000000000001000000000001,0.022249865523008616,1338.422728997262
1510165973778,INFO,EXPLORE_EVENT,000000000000000000000000000000000000000000000001000000000011,0.027332887168796657,1467.2982423589174
1510165975350,INFO,CLICK_EVENT,000000000000000000000000000000000000000000000001000000000011,0.027332887168796657,1467.2982423589174
1510166014236,INFO,EXPLORE_EVENT,000000000000000000000000000000000100000000000001000000000011,0.04991130975629666,1880.0152176001457
1510166025465,INFO,EXPLORE_EVENT,000001000000000000100000000000000100000000000001000000000011,0.051716118418796655,3352.136250010706
1510166028494,INFO,CLICK_EVENT,000001000000000000100000000000000100000000000001000000000011,0.051716118418796655,3352.136250010706
1510166049224,INFO,CLICK_EVENT,000000000000000000000000000000000000000000000001000000000011,0.027332887168796657,1467.2982423589174
1510166052024,INFO,CLICK_EVENT,000001000000000000100000000000000100000000000001000000000011,0.051716118418796655,3352.136250010706
1510166098766,INFO,EXPLORE_EVENT,000000000000000000000000000000000100000000000000000000000000,0.021025948837500003,412.71697524122806
1510166099402,INFO,EXPLORE_EVENT,000000000000000000000000000000000000000000000000000000000000,0.0,0.0
1510166104975,INFO,EXPLORE_EVENT,100000000000100000000000000000000000000000000000000000000000,0.0,887.7781968515036
1510166111525,INFO,EXPLORE_EVENT,100000000000100000000000010000000000010000000000001000000000,0.08150821593749999,1718.7727994570923
1510166124217,INFO,EXPLORE_EVENT,100000000000100000000000010100000000010100000000001000000000,0.09597031343750001,2048.916502437466
1510166127734,INFO,EXPLORE_EVENT,100010000000100010000000010100000000010100000000001000000000,0.09597031343750001,2659.114904568557
1510166141034,INFO,CLICK_EVENT,100010000000100010000000010100000000010100000000001000000000,0.09597031343750001,2659.114904568557
1510166142150,INFO,CLICK_EVENT,100000000000100000000000010100000000010100000000001000000000,0.09597031343750001,2048.916502437466
1510166151572,INFO,EXPLORE_EVENT,000000000000000000000000000000000000000000000000000000000000,0.0,0.0
1510166154471,INFO,CLICK_EVENT,000000000000000000000000000000000000000000000000000000000000,0,0
1510166157161,INFO,CLEAR_SCREEN,000000000000000000000000000000000000000000000000000000000000,N/A,N/A
1510166162205,INFO,TREATMENT_2,000000000000000000000000000000000000000000000000000000000000,N/A,N/A
1510166263412,INFO,AGENT_EVENT,000000000000000000000000000000010000000001000000010000000100,0.06805724250114786,1919.5837912114735
1510166265567,INFO,AGENT_EVENT,100000000001010000000100000000000001000010000001000000000000,0.13377357905412168,3186.6194257724137
1510166266712,INFO,AGENT_EVENT,000000000000000000000000000000000000000000000000011000100000,0.052938736350000015,1156.8309990672228
1510166267859,INFO,AGENT_EVENT,010000010000000000000000000000000000000000000000000000000000,0.03865905937500003,342.3815556643603
1510166269591,INFO,AGENT_EVENT,100000000001010000010000010000000110100000000010000000100000,0.13269003196249995,2688.246044263811
1510166270940,INFO,AGENT_EVENT,100010000000000000000000000000000000000001000000000000100000,0.06589288759061307,2892.797987741742
1510166271731,INFO,AGENT_EVENT,000000000000000000000000100000000000000000000000000000000000,0.0,258.5627292295798
1510166274227,INFO,AGENT_EVENT,000000011000001000000000000100000000110000010100000000000101,0.07350493781551426,4370.9601378526395
1510166275190,INFO,AGENT_EVENT,000000000000000000000000000000010000000000000000000000100000,0.021025948837499975,579.8486707037829
1510166276243,INFO,CLICK_EVENT,100000000001010000010000010000000110100000000010000000100000,0.13269003196249995,2688.246044263811
1510166276483,INFO,AGENT_EVENT,000000100000000010010000000000000000000000000010000000000000,0.04385898196250004,1339.337458287805
1510166279067,INFO,AGENT_EVENT,100000001001010000000100000000000001000010000001000000000000,0.12408120167736847,4121.477228550615
1510166280645,INFO,AGENT_EVENT,100010000000000000000001000000000000000001000000000000100000,0.11294242324272674,3258.733425663462
1510166283734,INFO,AGENT_EVENT,000001000000001010010100000000000001010000000000101000001000,0.1579166312976128,6052.193365153499
1510166285740,INFO,AGENT_EVENT,000001000000001010000100000000000001010000000000000000010000,0.14759757848592692,4282.505888541685
1510166287258,INFO,AGENT_EVENT,000000100010001000000000000000000000000000000000000010100000,0.050562706400000046,2191.6309298442734
1510166290171,INFO,AGENT_EVENT,000011100100000000000001000010010000000000010100000000010010,0.14682571847951598,4804.29398757574
1510166292431,INFO,AGENT_EVENT,000001000000001010000100100000000001010000000000000000010010,0.16691568602030193,4549.51299919839
1510166294761,INFO,AGENT_EVENT,000000100000000010010000000000100000000000000010000000010010,0.08827344869687503,2038.258520339115
1510166295653,INFO,CLICK_EVENT,000001000000001010010100000000000001010000000000101000001000,0.1579166312976128,6052.193365153499
1510166296210,INFO,AGENT_EVENT,100000000000000000000100010000000000100000000000000000000000,0.061384410756621044,1226.5119637048347
1510166298713,INFO,AGENT_EVENT,100000000001010000000100000100000001000010000001000000000000,0.13377357905412168,4162.839117757267
1510166299318,INFO,CLICK_EVENT,100000000001010000010000010000000110100000000010000000100000,0.13269003196249995,2688.246044263811
1510166299842,INFO,AGENT_EVENT,000000000001000000000000100000000000000000000000000000000000,0.06140520000000005,624.4408104178019
1510166301158,INFO,CLICK_EVENT,000001000000001010000100100000000001010000000000000000010010,0.16691568602030193,4549.51299919839
1510166302233,INFO,AGENT_EVENT,000001000000001010000100000000000001010010000000000000010000,0.16530982390366933,5314.423281490425
1510166303849,INFO,AGENT_EVENT,000000100000000000000000000000010000000001000000010000000100,0.09533268049919819,2351.1401513454043
1510166305091,INFO,AGENT_EVENT,000000000000000000000000100000000000000000000000001010000000,0.01883799385201701,2392.081986547104
1510166305475,INFO,CLICK_EVENT,000001000000001010010100000000000001010000000000101000001000,0.1579166312976128,6052.193365153499
1510166306004,INFO,AGENT_EVENT,000000100000000000000000000000000000000000000000000000000000,0.031432198837500036,431.63363893128997
1510166308067,INFO,AGENT_EVENT,010000010000000000000000000000000000000000000000111000001000,0.0716627791793436,2555.9087838008736
1510166308569,INFO,CLICK_EVENT,000001000000001010000100000000000001010010000000000000010000,0.16530982390366933,5314.423281490425
1510166310615,INFO,CLICK_EVENT,000001000000001010000100100000000001010000000000000000010010,0.16691568602030193,4549.51299919839
1510166310657,INFO,AGENT_EVENT,100000000001010000000100000100000001000010000001000000001000,0.17178839935547474,4803.996283577708
1510166312196,INFO,AGENT_EVENT,000000101010000000000000000000000000000000000000100000000000,0.03890814897442729,1855.5592416555514
1510166312992,INFO,CLICK_EVENT,100000000001010000010000010000000110100000000010000000100000,0.13269003196249995,2688.246044263811
1510166313358,INFO,AGENT_EVENT,000000000000000000000000100000000000000001000000000000000000,0.034490330445186124,1276.5377982844054
1510166315829,INFO,AGENT_EVENT,000000100001011010011000000000000000000000000000000000010000,0.14416682443365314,4064.67827032124
1510166317015,INFO,AGENT_EVENT,100000000010000000000000010000000000100000000000000000000000,0.015030419375000048,953.0205358842638
1510166319270,INFO,AGENT_EVENT,000000100000000010010000001000100000000000000010000000010010,0.09253261878437502,2641.787622624924
1510166322891,INFO,AGENT_EVENT,000001000000001010010100000000000001010001000000010000000100,0.14214357749016115,5918.25701388497
1510166324903,INFO,CLICK_EVENT,000001000000001010010100000000000001010001000000010000000100,0.14214357749016115,5918.25701388497
1510166326989,INFO,AGENT_EVENT,000001000000001010010100000000010001010000000000101001001001,0.14720187853541278,7234.668288530279
1510166327069,INFO,CLICK_EVENT,000001000000001010000100000000000001010010000000000000010000,0.16530982390366933,5314.423281490425
1510166329445,INFO,AGENT_EVENT,100000000001010000010001000000000000000001000000000010100000,0.17057179391595167,3099.2111115464895
1510166329582,INFO,CLICK_EVENT,100000000001010000010000010000000110100000000010000000100000,0.13269003196249995,2688.246044263811
1510166331862,INFO,AGENT_EVENT,100000000001110000010000010000000110100000000000000000010000,0.14835440249999998,2495.125729181429
1510166333002,INFO,CLICK_EVENT,100000000001010000010001000000000000000001000000000010100000,0.17057179391595167,3099.2111115464895
1510166333020,INFO,AGENT_EVENT,000000000000000000000000000000000000000000001000011000100000,0.052938736350000015,1797.9251647650028
1510166334215,INFO,AGENT_EVENT,000001000000000000000000100000000000000000000000000000000000,0.0429423729933468,1267.8099191780984
1510166335366,INFO,AGENT_EVENT,000001000000000000000000100000000000000000000000000000000000,0.0429423729933468,1267.8099191780984
1510166336610,INFO,CLICK_EVENT,100000000001110000010000010000000110100000000000000000010000,0.14835440249999998,2495.125729181429
1510166337950,INFO,AGENT_EVENT,000000100000000110010000000000100000000000000010000000010010,0.09155456924293737,3307.3202253740965
1510166339316,INFO,AGENT_EVENT,010000010000000000000000000001000000000000000000000000000000,0.07291619939104677,1344.7094480221388
1510166340548,INFO,AGENT_EVENT,100000000000000000000100010000001000100000000000000000000000,0.061384410756621044,1940.3908722888934
1510166343239,INFO,AGENT_EVENT,000001000000001010000100000000000001010000100000000000000100,0.1468726096498093,4874.432783253838
1510166345149,INFO,AGENT_EVENT,010000010100000000000000000001000000000000000000000000000000,0.07412317976658989,1897.0203432139688
1510166345826,INFO,CLICK_EVENT,100000000001010000010001000000000000000001000000000010100000,0.17057179391595167,3099.2111115464895
1510166348705,INFO,CLICK_EVENT,100000000001110000010000010000000110100000000000000000010000,0.14835440249999998,2495.125729181429
1510166348951,INFO,AGENT_EVENT,100000001001110000000100000000000001000010000001000001001000,0.15442930433615265,5868.509420749442
1510166350651,INFO,AGENT_EVENT,000000000000001010000100000000000000000001000000000000100000,0.07670319361769584,3917.024663827307
1510166352351,INFO,AGENT_EVENT,000000000001000010100000000000000000000000000010000000100000,0.08374681241250004,1944.5409015057132
1510166352775,INFO,CLICK_EVENT,100000000001010000010001000000000000000001000000000010100000,0.17057179391595167,3099.2111115464895
1510166353966,INFO,AGENT_EVENT,100000000000000000000100000000000000000010000011000000000000,0.11201330799705278,2474.4788395451183
1510166355244,INFO,CLICK_EVENT,100000000001110000010000010000000110100000000000000000010000,0.14835440249999998,2495.125729181429
1510166355414,INFO,AGENT_EVENT,000000000000000000000000000001000000000000000000000000000000,0.03425714001604685,1002.3278923577784
1510166357469,INFO,AGENT_EVENT,100000000101110000010000010000000110100000000000000000000000,0.1116649597738153,3033.1790693823527
1510166359052,INFO,AGENT_EVENT,100000000001010000000100000100010000100000000000000000000000,0.11098378292032018,2524.772299553721
1510166362431,INFO,AGENT_EVENT,000001000000001010010100000000010001010000010000101000001001,0.15847034804209803,6583.079409891156
1510166364752,INFO,AGENT_EVENT,100000000001010000010000000000000000000001000000000010000000,0.1522849742057817,2485.819923789037
1510166365831,INFO,CLICK_EVENT,000001000000001010010100000000010001010000000000101001001001,0.14720187853541278,7234.668288530279
1510166366289,INFO,AGENT_EVENT,100000010000000000000000000001000000000000000000010000000000,0.10061077756604686,1593.6391029733932
1510166368227,INFO,AGENT_EVENT,100000001001000000000000000000000100000000000000011000100000,0.09389479796334665,3066.5528691689756
1510166369946,INFO,AGENT_EVENT,100000000000000000000100000000000000000010000001000000000000,0.12472012519228237,2289.6611389694654
1510166371773,INFO,AGENT_EVENT,100000000000000000000100010000000000100001000000000000000000,0.08028227918334951,2259.160513603142
1510166373810,INFO,AGENT_EVENT,000000000001001010100000000000000000000000000010000000100000,0.08786644096613982,3883.193016167124
1510166373931,INFO,CLICK_EVENT,100000000001010000010001000000000000000001000000000010100000,0.17057179391595167,3099.2111115464895
1510166375312,INFO,AGENT_EVENT,010100010000000000000000000000000000000000000000001000000000,0.014567643678728315,1973.0564231649587
1510166376663,INFO,AGENT_EVENT,100000000000000000000100010000000000100000000100000000000000,0.061384410756621044,1695.307518048016
1510166377443,INFO,CLICK_EVENT,100000000001010000000100000100000001000010000001000000001000,0.17178839935547474,4803.996283577708
1510166378312,INFO,AGENT_EVENT,100000000000000000000100000000000000000010000001001000000000,0.12715862016366386,2958.7860873639825
1510166380860,INFO,AGENT_EVENT,000000000000000010000100000000000001010011000000000000010000,0.1360778780805496,4022.7988007911376
1510166381018,INFO,CLICK_EVENT,100000000001010000010001000000000000000001000000000010100000,0.17057179391595167,3099.2111115464895
1510166382195,INFO,AGENT_EVENT,000001000000000000000000000000010000000000000000001000100000,0.059816994871637275,2181.728586832466
1510166384227,INFO,CLICK_EVENT,100000000001010000000100000100000001000010000001000000001000,0.17178839935547474,4803.996283577708
1510166384458,INFO,AGENT_EVENT,000000100000000010010000000000100000000001000000000010000001,0.15074022712934854,4054.974220185348
1510166386870,INFO,AGENT_EVENT,000000010000000000000000000100000001000010000001000000001000,0.1201747494142692,3678.070244911738
1510166387236,INFO,CLICK_EVENT,100000000010000000000000010000000000100000000000000000000000,0.015030419375000046,953.0205358842638
1510166387889,INFO,AGENT_EVENT,100000000000000000000000100000000000000000000000000000000000,0.014462097500000048,517.842747288103
1510166389634,INFO,CLICK_EVENT,000000000001000000000000100000000000000000000000000000000000,0.06140520000000005,624.4408104178019
1510166389933,INFO,AGENT_EVENT,100000000001110000010000010000000110000000000000010000000000,0.129750289375,2338.724529241071
1510166391528,INFO,CLICK_EVENT,100000010000000000000000000001000000000000000000010000000000,0.10061077756604686,1593.6391029733932
1510166391606,INFO,AGENT_EVENT,000000000001000000100000000000010000000001000000000010000000,0.11416180714095159,2580.7803645875683
1510166393363,INFO,AGENT_EVENT,000000000001000000000000100000010000100001000000010000000100,0.11505191057929531,2715.6419951396983
1510166395048,INFO,AGENT_EVENT,000000000001000010101000000000000000000000000000000000000000,0.07579261077823463,2652.873446318713
1510166397633,INFO,AGENT_EVENT,100000000001110000010000010000000110100000001000000000010010,0.16668838320937507,3266.057549296693
1510166399817,INFO,AGENT_EVENT,100000000101110000010000010000000110100000001000000000000000,0.1116649597738153,3697.2238337301383
1510166401544,INFO,AGENT_EVENT,100000010000000000000000000001000010000000000000000010000001,0.13188895457986471,3226.4858658506564
1510166404207,INFO,AGENT_EVENT,100000000001010000010001000000000000000001000000000010100100,0.1751707172981709,4080.6111822721114
1510166406905,INFO,AGENT_EVENT,100000000001110000010000010000000110100001001000000000010010,0.17682113351157946,4077.2603448297123
1510166408976,INFO,AGENT_EVENT,100000000001110000010000010000000000001000000000000000000000,0.12455053562500007,1971.7478545466847
1510166409208,INFO,CLICK_EVENT,100000000001010000010001000000000000000001000000000010100000,0.17057179391595167,3099.2111115464895
1510166411063,INFO,AGENT_EVENT,100000000100000000000100000000000000000010000000000000000000,0.07686305572196594,1794.0783217141916
1510166412881,INFO,AGENT_EVENT,100100000001010000010000000000000000000001000000000000000000,0.08584461111613306,3023.4564155243206
1510166415523,INFO,AGENT_EVENT,100000000001110000010000010000000110100000000001000000010000,0.15253725250000005,2727.886064112095
1510166417485,INFO,AGENT_EVENT,000010000000000000010000000000000000000001000000010000000100,0.08346057421951991,2549.856358353769
1510166420268,INFO,AGENT_EVENT,100000000100000000010000010000000110101001001000000000010010,0.11193169567816486,4949.917433204704
1510166422603,INFO,AGENT_EVENT,100000000011110000010000010000000110000000000000010000000000,0.13031861125,2523.057062948081
1510166424483,INFO,AGENT_EVENT,000001000000001010010000010000000110110000000010000000100000,0.07438034541593908,5786.154899005323
1510166426115,INFO,AGENT_EVENT,100000010000010000000000000000000000000000000010000000100000,0.08363273263750004,1225.416534682977
1510166426805,INFO,CLICK_EVENT,100000000001110000010000010000000110100001001000000000010010,0.17682113351157946,4077.2603448297123
1510166428056,INFO,AGENT_EVENT,000000000000000000010000000000000110100000000001010000010000,0.12280378130000003,1711.4092958144088
1510166430536,INFO,AGENT_EVENT,000000000001001000001100000000010010000000001000000000010010,0.1389403567754689,3577.0053624611246
1510166431083,INFO,CLICK_EVENT,100000000001010000010001000000000000000001000000000010100100,0.1751707172981709,4080.6111822721114
1510166432993,INFO,AGENT_EVENT,000000100000000000010001000000000000000001000010000010100000,0.13349736986913996,2984.3367688568796
1510166434788,INFO,AGENT_EVENT,010000010000000000000000000000000000000000000010000010100000,0.07587403831250006,1490.0008722439875
1510166435518,INFO,CLICK_EVENT,100000000001110000010000010000000110100000001000000000010010,0.16668838320937507,3266.057549296693
1510166437194,INFO,AGENT_EVENT,100000000001110000010000010000000000001000000000011000000000,0.131302763125,2805.792102552874
1510166438223,INFO,AGENT_EVENT,000000000000000000000000000000010000010000000000000000100000,0.021025948837499975,838.5764274658
1510166439656,INFO,CLICK_EVENT,100000000001010000010001000000000000000001000000000010100000,0.17057179391595167,3099.2111115464895
1510166440247,INFO,AGENT_EVENT,100000000001110000010000010000000000000010001000000000000000,0.13504618590002126,2850.2371228742195
1510166442052,INFO,CLICK_EVENT,100000000001110000010000010000000110100000000001000000010000,0.15253725250000005,2727.886064112095
1510166442665,INFO,AGENT_EVENT,010000010000000000000000000000000000000000000001000000010010,0.139139686334375,984.778139960958
1510166443097,INFO,CLICK_EVENT,100000000001010000010000000000000000000001000000000010000000,0.1522849742057817,2485.819923789037
1510166444640,INFO,CLICK_EVENT,100000000001110000010000010000000110100000000000000000010000,0.14835440249999998,2495.125729181429
1510166445599,INFO,AGENT_EVENT,100000000001110000010001000000000000000001000000000010100100,0.1770794916543864,4876.780478808308
1510166446537,INFO,AGENT_EVENT,100000000000000000000000000000001000000000000000000000000000,0.014462097500000048,926.0944028562507
1510166447851,INFO,AGENT_EVENT,010000010000001000000000000000000000000000000000000000000000,0.03942371062500005,1025.7513112928807
1510166448976,INFO,AGENT_EVENT,100000000000000000000000100000000000000000000000000100000000,0.01823770545039083,1311.9654129834003
1510166453684,INFO,AGENT_EVENT,100000000101110000010001000000000000000001000000000010100100,0.1610179225111925,5579.129804413726
1510166454118,INFO,CLICK_EVENT,000001000000001010010100000000010001010000000000101001001001,0.14720187853541278,7234.668288530279
1510166455831,INFO,AGENT_EVENT,000000000001000000001100000000010010000000000000000000010000,0.11951042935016498,1771.8558069818268
1510166458515,INFO,CLICK_EVENT,100000000001110000010000010000000110100001001000000000010010,0.17682113351157946,4077.2603448297123
1510166458711,INFO,AGENT_EVENT,000001000000001010000100100000000001010000000000000010010010,0.18634777318960594,5008.235972638316
1510166459909,INFO,CLICK_EVENT,000001000000001010000100100000000001010000000000000010010010,0.18634777318960594,5008.235972638316
1510166460367,INFO,AGENT_EVENT,000000000000000000000000000000100000000000000000011000100000,0.053726558849999995,1547.9482241331038
1510166462460,INFO,AGENT_EVENT,010000010000000000000000000000100000000000000000000010010010,0.11379625897187506,1555.4655798222461
1510166463276,INFO,AGENT_EVENT,000000000000000000000000000100000000000000000000000000000000,0.0,860.7660066785808
1510166465123,INFO,CLICK_EVENT,010000010000000000000000000000000000000000000001000000010010,0.139139686334375,984.778139960958
1510166466423,INFO,AGENT_EVENT,000001000000001010000100100010000001010000000000000000010010,0.15787570949816176,5953.270879413709
1510166468971,INFO,AGENT_EVENT,100000100001010000010001000000000000000001000000000010100000,0.19584523749095162,3425.6525368680777
1510166470566,INFO,AGENT_EVENT,100000000001110000000000100010000000000000000000000000000000,0.11254182864999995,2419.661476910872
1510166472300,INFO,AGENT_EVENT,100000000001110000010000010000000010000000000000000000000000,0.12378588437500004,1460.5968467628213
1510166475107,INFO,AGENT_EVENT,000001000000001010000100100000000001010010000000000010010010,0.18634777318960594,6040.153365587055
1510166476287,INFO,AGENT_EVENT,000000010000000000000000000000000000000000000000001000000000,0.014720736874999973,836.4313746887732
1510166478485,INFO,AGENT_EVENT,100000000001110000010000010000000000001000000000010000000000,0.13051494062500002,2230.4421315195996
1510166481355,INFO,AGENT_EVENT,100000000001010000010001000000000000000000000000000010010010,0.17148748638437494,1930.2829871959157
1510166481747,INFO,CLICK_EVENT,100000100001010000010001000000000000000001000000000010100000,0.1958452374909516,3425.6525368680777
1510166482935,INFO,CLICK_EVENT,100000000001010000010001000000000000000000000000000010010010,0.17148748638437494,1930.2829871959157
1510166484905,INFO,AGENT_EVENT,000001000001010000011001000000000000000001000000000010100000,0.11884917756966984,4966.655990002316
1510166487616,INFO,AGENT_EVENT,100000100001110000010000010000000110100000000001000000010000,0.18618700258749998,3091.129682162502
1510166489738,INFO,AGENT_EVENT,100000000000010000010001000000000000000001000000000010100000,0.16311738903246986,2831.246489043687
1510166492197,INFO,AGENT_EVENT,100000100001110000010000010000000110100000000000000000000001,0.16161848446250004,3035.9641620309753
1510166493733,INFO,AGENT_EVENT,100000000000010000000000000000000001000000000010000000100000,0.11120926321250002,1515.9829070785304
1510166496696,INFO,CLICK_EVENT,100000100001010000010001000000000000000001000000000010100000,0.1958452374909516,3425.6525368680777
1510166496755,INFO,AGENT_EVENT,100000010001110000010000010000000110100001001000000000100000,0.15632381443399201,4283.503820049067
1510166498004,INFO,AGENT_EVENT,000000100000000000000000000000000000000000000000100000000000,0.045894296337499974,682.5139911882234
1510166498411,INFO,CLICK_EVENT,100000010001110000010000010000000110100001001000000000100000,0.15632381443399201,4283.503820049067
1510166500313,INFO,AGENT_EVENT,000010000001010000010000000000000000000001000000000010000000,0.14533312785578167,2811.573990143704
1510166501623,INFO,CLICK_EVENT,100000100001010000010001000000000000000001000000000010100000,0.1958452374909516,3425.6525368680777
1510166503409,INFO,CLICK_EVENT,100000000001010000010001000000000000000000000000000010010010,0.17148748638437494,1930.2829871959157
1510166503529,INFO,AGENT_EVENT,001001000000001010000100100000000001010000000000000010010000,0.16449776098162183,5973.3865160984
1510166505068,INFO,CLICK_EVENT,010000010000000000000000000000000000000000000001000000010010,0.139139686334375,984.778139960958
1510166507472,INFO,AGENT_EVENT,100000000001110000010000010000000110100001001000000000110010,0.193783862593367,4401.124523156325
1510166508769,INFO,CLICK_EVENT,100000000001110000010000010000000110100001001000000000110010,0.193783862593367,4401.124523156325
1510166509235,INFO,AGENT_EVENT,100000011000000000000000000000000000000000000000000000000000,0.02470573878305915,1090.7518918470728
1510166511098,INFO,AGENT_EVENT,000000000000000000010000010000000110100000010001000000010000,0.09203682879999997,1952.415207719921
1510166512764,INFO,AGENT_EVENT,000010000000000000000000000000000000000000000000000010010010,0.06733958378437499,1359.9110029811766
1510166515343,INFO,AGENT_EVENT,100000100001010000010001000000000000000001000000000000000010,0.1966976957753267,2737.6816787666257
1510166517227,INFO,AGENT_EVENT,000000010000000000000000000000000000000000001001000000010010,0.08608999403092588,1541.5508990809303
1510166519502,INFO,AGENT_EVENT,100000000001110000010000110000000000100000000000000000000000,0.12378588437500004,1727.5993268462794
1510166519992,INFO,CLICK_EVENT,100000100001010000010001000000000000000001000000000000000010,0.1966976957753267,2737.6816787666257
1510166521703,INFO,AGENT_EVENT,100000000001010100010000000000000000000001000000000000000000,0.1074454519127992,2849.152549672764
1510166524028,INFO,AGENT_EVENT,100100100001110000010000010000000110000000000000010000000000,0.08688757139560144,4110.212044952184
1510166525379,INFO,AGENT_EVENT,000000000001000000000000100000000001000000000000000000000000,0.0645502,890.0147722380057
1510166527310,INFO,AGENT_EVENT,000000000100000000000100000000000000000000000000001000000000,0.05918139798664934,1565.9416751256972
1510166528747,INFO,AGENT_EVENT,000000000001000100100000000000000000000010000000000000000000,0.08290935321069348,2454.7045295073053
1510166531165,INFO,AGENT_EVENT,100000000001110000110000000000000000000000000010000000100000,0.14755722553750006,1964.8343885086124
1510166533294,INFO,AGENT_EVENT,010000010000000000000000000000000000100000000001000000010010,0.139139686334375,1126.2403570852316
1510166534959,INFO,AGENT_EVENT,100000000001110000010000000000000000000000000000000000000000,0.12378588437500004,1034.9110073374936
1510166536772,INFO,AGENT_EVENT,100000000001110000010000010000001000000000000000000000000000,0.12378588437500004,2016.8699981408236
1510166539668,INFO,AGENT_EVENT,100000000001110000110000010000000000000000000010000000110010,0.19045972437187508,2415.3470172084417
1510166540911,INFO,AGENT_EVENT,010000010000000000000000100000000000000000000000000000000000,0.03865905937500003,601.0278192703863
1510166544314,INFO,AGENT_EVENT,100000100001110000010100010000000110100000000001000000010000,0.19341894775808832,3770.412370579544
1510166546975,INFO,AGENT_EVENT,100000000001010000010100000000000000000001000000000010000000,0.15301886764827832,3038.130818980867
1510166547625,INFO,CLICK_EVENT,100000100001010000010001000000000000000001000000000010100000,0.1958452374909516,3425.6525368680777
1510166548415,INFO,AGENT_EVENT,100000010000000000000000100000000000010000000000000000000000,0.03903155687500004,849.9968132937258
1510166549616,INFO,AGENT_EVENT,000000000000000000000100000000000000010100000000000000000000,0.046922313256620996,1532.4991488542098
1510166552173,INFO,AGENT_EVENT,010000010000000000000000000001000000000000000001000000010010,0.1644378091738491,1987.1060323187362
1510166553488,INFO,AGENT_EVENT,000000000000000000010000000000000000000000000000010000000000,0.041301337549999984,426.0541089124929
1510166555419,INFO,AGENT_EVENT,100000010000010001000000000000000000000000000010000000100000,0.08970473956363556,2293.711381700414
1510166557023,INFO,AGENT_EVENT,000000100000000000000000000000000000000000000001011000100000,0.12171093697500002,1922.9801065123224
1510166559906,INFO,AGENT_EVENT,000000000000000000010001000000000000000001000000000011100000,0.1110278295673559,3930.692112182001
1510166560551,INFO,CLICK_EVENT,100000100001010000010001000000000000000001000000000000000010,0.1966976957753267,2737.6816787666257
1510166562237,INFO,AGENT_EVENT,100000000001110000110000010000000000000100000000000000000000,0.14702938446250002,2440.2165186506973
1510166562904,INFO,CLICK_EVENT,100000000001110000110000010000000000000000000010000000110010,0.1904597243718751,2415.3470172084417
1510166563617,INFO,AGENT_EVENT,100000000000000000000000100000000000000000000000000000010000,0.04443817695224994,682.1386296535211
1510166565189,INFO,AGENT_EVENT,000001000000000000010000000000000000000000000000010000000000,0.0842437105433469,1435.3052499491878
1510166567056,INFO,CLICK_EVENT,100000100001110000010000010000000110100000000001000000010000,0.18618700258749998,3091.129682162502
1510166568493,INFO,AGENT_EVENT,100000000001110000010000010000000000000100000010000000110010,0.18694968079687502,2887.902532845906
1510166570057,INFO,AGENT_EVENT,000010000001000000100000000000000000000000000000000000000000,0.08243114883750002,1340.287147670364
1510166570890,INFO,CLICK_EVENT,100000000001110000110000010000000000000000000010000000110010,0.1904597243718751,2415.3470172084417
1510166571803,INFO,CLICK_EVENT,100000100001010000010001000000000000000001000000000000000010,0.1966976957753267,2737.6816787666257
1510166573242,INFO,CLICK_EVENT,000000000000000000000000000000000000000000000000000000000000,0,0
1510166576354,INFO,AGENT_EVENT,100000000001110010110000010000000110100001001000000000110010,0.18944389304910547,6416.108128912239
1510166578674,INFO,AGENT_EVENT,010000010000001000000000000000000000000000000000000010010011,0.1240570936040325,2910.9168418650916
1510166579387,INFO,CLICK_EVENT,100000100001010000010001000000000000000001000000000000000010,0.1966976957753267,2737.6816787666257
1510166580233,INFO,AGENT_EVENT,000010000001000000100000000000000000000000000000000010000000,0.10479745883750002,1882.7163688249511
1510166581772,INFO,CLEAR_SCREEN,000000000000000000000000000000000000000000000000000000000000,N/A,N/A
1510166626838,INFO,EXPLORE_EVENT,000000000000000000000000000000000000000000000000000000010000,0.02997607945225,164.2924476480789
1510166629061,INFO,EXPLORE_EVENT,000000000000000000000000000000000000000000000000000000010010,0.048310060161625,271.1830411719735
1510166636951,INFO,EXPLORE_EVENT,100000100001010000010001000000000000000000000000000000010010,0.20452098329687501,1779.3636431397458
1510166640303,INFO,EXPLORE_EVENT,100000100001010000010001000000000000000001000000000000010010,0.22126621390032666,2797.3960689280693
1510166643556,INFO,EXPLORE_EVENT,100000100001010000010001100000000000000001000000000000010010,0.22126621390032666,3055.901441424151
1510166651975,INFO,CLICK_EVENT,100000100001010000010001000000000000000001000000000000010010,0.22126621390032666,2797.3960689280693
1510166756827,INFO,CLEAR_SCREEN,000000000000000000000000000000000000000000000000000000000000,N/A,N/A
1510167288820,INFO,TREATMENT_3,000000000000000000000000000000000000000000000000000000000000,N/A,N/A
1510167294261,INFO,EXPLORE_EVENT,100000000000000000000000000000000000000000000000000000000000,0.021025948837500003,431.63363893128997
1510167294351,INFO,AGENT_EVENT,100000000000000000000000010000000000000000000000000000000000,0.021025948837500003,595.9218945818515
1510167295317,INFO,AGENT_EVENT,100000001000000000000000000000000000000000000000000000000000,0.025025137500000003,1042.4627814326127
1510167296458,INFO,AGENT_EVENT,100000000000000000000000000000000000000010000000000000000000,0.039359929546875005,643.0250111444603
1510167297653,INFO,AGENT_EVENT,100000000000000000000000000000000000000000000000010000000000,0.0334527319625,598.9365807566595
1510167298727,INFO,AGENT_EVENT,100010000000000000000000000000000000000000000000000000000000,0.022162592587500002,608.8216651037712
1510167300558,INFO,EXPLORE_EVENT,110000000000000000000000000000000000000000000000000000000000,0.0334527319625,497.8778956107376
1510167300726,INFO,AGENT_EVENT,110000000000000000000000000000000000000000000100000000000000,0.03722833991289083,1292.1139094868608
1510167301906,INFO,AGENT_EVENT,110000000000000000000000000010000000000000000000000000000000,0.0334527319625,709.2555103495648
1510167303236,INFO,AGENT_EVENT,110000000000000000000000000000000000000000000000001000000000,0.0366092716172859,1167.0892601093688
1510167304942,INFO,EXPLORE_EVENT,110000010000000000000000000000000000000000000000000000000000,0.061902559462500006,674.9391298885487
1510167305078,INFO,AGENT_EVENT,110000011000000000000000000000000000000000000000000000000000,0.062154894375000005,1297.6313024533201
1510167306489,INFO,AGENT_EVENT,110000010010000000000000000000000000000000000000000000000000,0.05010483001581989,2250.0609408570676
1510167307933,INFO,AGENT_EVENT,110000010000000000000000000000000000000000000000100000000000,0.0728366505375,1106.4954900224798
1510167309390,INFO,AGENT_EVENT,110010010000000000000000000000000000000000000000000000000000,0.0630392032125,873.4929049365473
1510167310909,INFO,AGENT_EVENT,110000010000000000000000000000000000000000000000001000000000,0.06505909911728591,1344.1504943871796
1510167312337,INFO,AGENT_EVENT,110000010000000000000000000000000000000000000000000001000000,0.12330775946250001,1040.8745678102691
1510167313647,INFO,AGENT_EVENT,110000010000000000000000000000010000000000000000000000000000,0.061902559462500006,933.6099441189087
1510167315010,INFO,AGENT_EVENT,110000010000000000001000000000000000000000000000000000000000,0.062942716875,1352.9594210832483
1510167317209,INFO,EXPLORE_EVENT,110000010000000000000000000000000000000000000000000000000010,0.06589871081250001,1304.944118257827
1510167317211,INFO,AGENT_EVENT,110000010000000100000000000000000000000000000000000000000010,0.06589871081250001,1752.61953646738
1510167318877,INFO,AGENT_EVENT,110000010000000000000000000000000000001000000000000000000010,0.10279607323599972,1946.1012840782687
1510167321265,INFO,EXPLORE_EVENT,110000010000000000000000000000000000000000000000000000100010,0.07660526608311141,2136.987716600739
1510167321560,INFO,AGENT_EVENT,110000010000000000000000010000000000000000000000000000100010,0.07660526608311141,2301.276063169072
1510167323052,INFO,AGENT_EVENT,100000010000000000000000000000000000000000000000000000100010,0.0633929567081114,2070.569460409639
1510167324821,INFO,AGENT_EVENT,110000010000000000000000000000000000000000000000000000100011,0.09231307180117172,2979.4370127546963
1510167326639,INFO,AGENT_EVENT,110010010000000000000000000000000000000000000000000000100010,0.07973998550811141,2335.5414916487375
1510167326759,INFO,CLICK_EVENT,110000010000000000000000000000000000000000000000000001000000,0.12330775946250001,1040.8745678102691
1510167328445,INFO,AGENT_EVENT,110000010000000000000000000000000000000100000000000000100010,0.11788888668030273,2576.9813578730195
1510167330085,INFO,AGENT_EVENT,110000010100000000000000000000000000000000000000000000100010,0.03179270465154804,3414.4390371674544
1510167331694,INFO,AGENT_EVENT,110000010000000000000000000000010000000000000000000000100010,0.07660526608311141,2395.658530831099
1510167335318,INFO,EXPLORE_EVENT,010000010000000000000000000000000000000000000000000000100010,0.05617313292256099,1804.4301423765505
1510167335727,INFO,EXPLORE_EVENT,110000010000000000000000000000000000000000000000000000100010,0.07660526608311141,2136.987716600739
1510167336197,INFO,AGENT_EVENT,110000010000000000000001000000000000000000000000000000100010,0.10443847293679138,3139.3156089585173
1510167340108,INFO,EXPLORE_EVENT,110000010000000000000000000000000000000000000000000000000000,0.061902559462500006,674.9391298885487
1510167340245,INFO,EXPLORE_EVENT,110000010000000000000000000000000000000000000000000000000010,0.06589871081250001,1304.944118257827
1510167340511,INFO,EXPLORE_EVENT,110000010000000000000000000000000000000000000000000001000000,0.12330775946250001,1040.8745678102691
1510167341169,INFO,AGENT_EVENT,110000010000000000000000000000010000000000000000000001000000,0.12330775946250001,1299.5453820406292
1510167344148,INFO,EXPLORE_EVENT,110000010000000000000000000000000000000000000000000001100000,0.1356722344625,1202.127779002547
1510167344404,INFO,AGENT_EVENT,110000010000000000000000000000000000000000000000000011100000,0.1362405563375,1386.4603127095565
1510167346033,INFO,AGENT_EVENT,110000010000000000010000000000000000000000000000000001100000,0.1356722344625,1469.979048993554
1510167348819,INFO,AGENT_EVENT,110000010000000000000000000000000000000000000000000001000010,0.1273039108125,1583.6699174249816
1510167349020,INFO,EXPLORE_EVENT,110000010000000000000000000000000000000000000000000001100010,0.11888444538298411,2622.422509235528
1510167350717,INFO,AGENT_EVENT,110000010000000000000000000000000000000000000000000001100110,0.08028047575132174,3317.9069863475606
1510167352646,INFO,AGENT_EVENT,110000010000000000000000000000000000000000010000000001100010,0.1208526990329841,2881.116786208443
1510167354443,INFO,AGENT_EVENT,110000010000010000000000000000000000000000000000000001100010,0.11888444538298411,2789.461356756767
1510167356401,INFO,AGENT_EVENT,110000010000000000000010000000000000000000000000000001100010,0.1318419753829841,3246.60258475344
1510167360572,INFO,EXPLORE_EVENT,110000010000000000000000000000000000000000000000000001100000,0.1356722344625,1202.127779002547
1510167360884,INFO,EXPLORE_EVENT,110000010000000000000000000000000000000000000000000001100010,0.11888444538298411,2622.422509235528
1510167360962,INFO,AGENT_EVENT,110000010000000100000000000000000000000000000000000001100010,0.11888444538298411,3070.097927445081
1510167364637,INFO,EXPLORE_EVENT,110000010000000000010000000000000000000000000000000001100010,0.11888444538298411,2890.273779226535
1510167364741,INFO,AGENT_EVENT,110000010000000100010000000000000000000000000000000001100010,0.11888444538298411,3385.8277809771844
1510167366492,INFO,AGENT_EVENT,110000010000000000010000000100000000000000000000000001100010,0.11888444538298411,3330.2468246935623
1510167368504,INFO,AGENT_EVENT,110000010000000000010000000000000000000000000000000001110010,0.11055976508415039,3218.7891251457095
1510167372919,INFO,EXPLORE_EVENT,110000010000000000010000000000001000000000000000000001100010,0.1199246027954841,3559.259356444719
1510167373330,INFO,AGENT_EVENT,110000010000000000010000000000001000010000000000000001100010,0.1424950452454841,3723.5553418492136
1510167374965,INFO,AGENT_EVENT,100000010000000000010000000000001000000000000000000001100010,0.1067122934204841,3492.8411002536195
1510167378896,INFO,EXPLORE_EVENT,110000010000000000010000000000001000000000000001000001100010,0.13802113424254162,4577.474665946588
1510167379277,INFO,AGENT_EVENT,110000010000000000010000000000001000000000000001000011100010,0.13134091343336135,4927.355973932186
1510167382150,INFO,AGENT_EVENT,110001010000000000010000000000001000000000000001000001100010,0.1548729075680152,4871.987433401711
1510167383938,INFO,CLICK_EVENT,110001010000000000010000000000001000000000000001000001100010,0.1548729075680152,4871.987433401711
1510167384670,INFO,AGENT_EVENT,110000010000000000010000000000101000000000000001000001100010,0.13802113424254162,4733.651999165986
1510167392101,INFO,EXPLORE_EVENT,110000010000000000000000000000000000000000000000000001100010,0.11888444538298411,2622.422509235528
1510167392102,INFO,EXPLORE_EVENT,110000010000000000000000000000001000000000000001000001100010,0.13802113424254162,4309.623395955581
1510167392403,INFO,AGENT_EVENT,110000010000000000000000000000000001000000000000000001100010,0.13698097683004162,3640.454935023852
1510167394382,INFO,AGENT_EVENT,110000010001000000000000000000000000000000000000000001100010,0.09268826815404768,4054.951691296521
1510167395743,INFO,CLICK_EVENT,110000010000000000000000000000000000000000000000000011100000,0.1362405563375,1386.4603127095565
1510167396566,INFO,AGENT_EVENT,110000011000000000000000000000000000000000000000000001100010,0.11913678029548411,3245.1146818003
1510167398530,INFO,AGENT_EVENT,110001010000000000000000000000000000000000000000000001100010,0.1370326903220015,2916.935276690651
1510167400491,INFO,AGENT_EVENT,110000010000000000000000000000000000000010000000000001100010,0.1382025529173591,2833.8911602460576
1510167405686,INFO,EXPLORE_EVENT,110000010000000000000000000000000000000000000000000001100000,0.1356722344625,1202.127779002547
1510167406034,INFO,EXPLORE_EVENT,110000010000000000000000000000000000000000000000000011100000,0.1362405563375,1386.4603127095565
1510167406384,INFO,AGENT_EVENT,110000010000000000000000000000000000000000000000000011100100,0.07684871921530723,2658.7118069567896
1510167408518,INFO,AGENT_EVENT,110000010000000000000001000000000000000000000000000011100000,0.15391008229033556,2388.788205067335
1510167409945,INFO,CLICK_EVENT,110000010000000000000001000000000000000000000000000011100000,0.15391008229033556,2388.788205067335
1510167410791,INFO,AGENT_EVENT,110000010001000000000000000000000000000000000000000011100000,0.10977086193439903,2818.9894947705493
1510167412653,INFO,AGENT_EVENT,110000010000000000000000000000001000000000000000000011100000,0.13728071375,2055.445889927741
1510167416919,INFO,EXPLORE_EVENT,110000010000000000000001000000000000000000000000000011100000,0.15391008229033556,2388.788205067335
1510167417282,INFO,AGENT_EVENT,110000010000000000000001000000000000100000000000000011100000,0.15443792336533557,2763.980471393291
1510167419381,INFO,AGENT_EVENT,110000010000000000000001000000000000000000000000000011101000,0.14515591187393517,4062.0621333331687
1510167421667,INFO,AGENT_EVENT,110000010010000000000001000000000000000000000000000011100000,0.14411042851865544,3963.910016035854
1510167423866,INFO,CLICK_EVENT,110000010100000000000000000000000000000000000000000000100010,0.03179270465154804,3414.4390371674544
1510167424282,INFO,AGENT_EVENT,110000010000000000000001000000000001000000000000000011100000,0.15885147990124923,3306.562714312374
1510167426413,INFO,AGENT_EVENT,110000010100000000000001000000000000000000000000000011100000,0.11284605773451555,3666.2395256340515
1510167428511,INFO,AGENT_EVENT,110000010000000000000001000000000000000000000000000011100010,0.13137053560299877,3974.631709578905
1510167430678,INFO,AGENT_EVENT,110000010000000000000001000000000000000000000000000011101000,0.14515591187393517,4062.0621333331687
1510167435896,INFO,EXPLORE_EVENT,110000010000000000000001000000000000000000000000000011100010,0.13137053560299877,3974.631709578905
1510167436095,INFO,CLICK_EVENT,110001010000000000010000000000001000000000000001000001100010,0.1548729075680152,4871.987433401711
1510167437935,INFO,EXPLORE_EVENT,110000010000000000000001000000000000000000000000000011100000,0.15391008229033556,2388.788205067335
1510167438008,INFO,AGENT_EVENT,110000010000000000000101000000000000000000000000000011100000,0.13946065640630184,3081.1432094570437
1510167440171,INFO,AGENT_EVENT,110000010000010000000001000000000000000000000000000011100000,0.15362789040830196,2508.595681574194
1510167441922,INFO,CLICK_EVENT,110000010000000000000001000000000001000000000000000011100000,0.15885147990124923,3306.562714312374
1510167442190,INFO,AGENT_EVENT,110000010000000000000000000000000000000000000000000011100000,0.1362405563375,1386.4603127095565
1510167444498,INFO,AGENT_EVENT,110000010000000000000001000000000000000001000000000011100000,0.15809293229033558,2730.6790052709694
1510167446621,INFO,AGENT_EVENT,110000010000000000100001000000000000000000000000000011100000,0.1501982206731963,2693.5739270206504
1510167448817,INFO,AGENT_EVENT,110000010100000000000001000000000000000000000000000011100000,0.11284605773451555,3666.2395256340515
1510167450667,INFO,AGENT_EVENT,100000010000000000000001000000000000000000000000000011100000,0.14069777291533556,2322.369948876235
1510167455857,INFO,EXPLORE_EVENT,110000010000000000000001000000000000001000000000000011100000,0.19309187630044067,3029.9453708877763
1510167456095,INFO,AGENT_EVENT,110000010000000000000001000000000000001000000000100011100000,0.21427009966355015,4257.038816875684
1510167458316,INFO,CLICK_EVENT,110000010000000000000001000000000000001000000000000011100000,0.19309187630044067,3029.9453708877763
1510167459134,INFO,AGENT_EVENT,110000010000000000000001000000000001001000000000000011100000,0.19803327391135433,3947.719880132816
1510167462146,INFO,CLICK_EVENT,110000010000000000000001000000000000001000000000100011100000,0.21427009966355015,4257.038816875684
1510167462513,INFO,AGENT_EVENT,110000010000000000000001000000000000011000000000000011100000,0.2030726137763727,3148.9768496298702
1510167464801,INFO,AGENT_EVENT,110000000000000000000001000000000000001000000000000011100000,0.1661945225504407,2852.8841366099655
1510167467532,INFO,AGENT_EVENT,110000010000000000000001000000000000001001000000000011100000,0.18866213062341966,3438.3859997485442
1510167470402,INFO,AGENT_EVENT,110000010000000000000001000000000000001000000001000011100000,0.17499725547894118,3739.952200787282
1510167472912,INFO,AGENT_EVENT,110000010000000000000001000100000000001000000000000011100000,0.19309187630044067,3469.9184163548043
1510167480195,INFO,EXPLORE_EVENT,010000010000000000000001000000000000001000000000100011100000,0.21360205009953864,3924.4812426514954
1510167480945,INFO,EXPLORE_EVENT,110000010000000000000001000000000000001000000000100011100000,0.21427009966355015,4257.038816875684
1510167481192,INFO,AGENT_EVENT,110000010000000100000001000000000000001000000000100011100000,0.2026890914180757,4517.731696171174
1510167482737,INFO,CLICK_EVENT,010000010000000000000001000000000000001000000000100011100000,0.21360205009953864,3924.4812426514954
1510167484464,INFO,AGENT_EVENT,110000010000000000000001000000000000001000000000100011000000,0.19266881737544067,3223.6777384355
1510167487267,INFO,AGENT_EVENT,110000010000000000000001010000000000001000000000100011100000,0.21427009966355015,4421.327163444016
1510167492132,INFO,EXPLORE_EVENT,010000010000000000000001000000000000001000000000100011100000,0.21360205009953864,3924.4812426514954
1510167492471,INFO,AGENT_EVENT,010000010010000000000001000000000000001000000000100011100000,0.21009085319271784,5187.687117251606
1510167495796,INFO,AGENT_EVENT,010000010000000000000001000000000000001000000000110011100000,0.21624989505663234,4049.5027937761606
1510167498382,INFO,CLICK_EVENT,110000010000000000000001000000000000011000000000000011100000,0.2030726137763727,3148.9768496298702
1510167498999,INFO,AGENT_EVENT,010000010000000000000001000000000000001000000000100111100000,0.1622778084717836,4174.243310064493
1510167501942,INFO,AGENT_EVENT,010000010000000000000001000000000000011000000000100011100000,0.22358278757547068,4043.5127213935884
1510167504564,INFO,AGENT_EVENT,010000010000000000000001000000000000101000000000100011100000,0.2140579363715484,4419.5828223798435
1510167508535,INFO,EXPLORE_EVENT,010000010000000000000001000000000000011000000000100011100000,0.22358278757547068,4043.5127213935884
1510167508775,INFO,AGENT_EVENT,010000010000000000000001000000000000011000000000100011110000,0.1878273782321135,4368.200631136799
1510167510934,INFO,CLICK_EVENT,010000010000000000000001000000000000011000000000100011100000,0.22358278757547068,4043.5127213935884
1510167511914,INFO,AGENT_EVENT,010000010000000010000001000000000000011000000000100011100000,0.22110821316404453,4352.589402114492
1510167515083,INFO,AGENT_EVENT,010000010000000000000001000000000000011000000000100011100010,0.1813909474643341,5112.776323237291
1510167518484,INFO,AGENT_EVENT,010000010000000000000001000000000000011100000000100011100000,0.2146843048432536,4274.280550756646
1510167520765,INFO,CLICK_EVENT,110000010000000000000001000000000000011000000000000011100000,0.2030726137763727,3148.9768496298702
1510167522145,INFO,AGENT_EVENT,010000010000000000000001001000000000011000000000100011100000,0.22358278757547068,4684.606887091369
1510167525142,INFO,AGENT_EVENT,010000010000000000000001000000000000011000000000100011110000,0.1878273782321135,4368.200631136799
1510167528095,INFO,CLICK_EVENT,110000010000000000000001000000000000011000000000000011100000,0.2030726137763727,3148.9768496298702
1510167528482,INFO,AGENT_EVENT,010000010000000000000001000000000001011000000000100011100000,0.22852418518638437,4961.287230638628
1510167529672,INFO,CLICK_EVENT,010000010000000000000001000000000001011000000000100011100000,0.22852418518638437,4961.287230638628
1510167531968,INFO,AGENT_EVENT,010000010000000000000001000000000000011000000000100011100001,0.16039717999786762,4929.9895726838795
1510167537676,INFO,EXPLORE_EVENT,010000010000000000000001000000000010011000000000100011100000,0.23853839325047066,4641.578176315407
1510167537877,INFO,AGENT_EVENT,010000010000000000000001000000010010011000000000100011100000,0.237186802864718,5436.011341624877
1510167540396,INFO,CLICK_EVENT,010000010000000000000001000000010010011000000000100011100000,0.237186802864718,5436.011341624877
1510167541627,INFO,CLICK_EVENT,010000010000000000000001000000000010011000000000100011100000,0.23853839325047066,4641.578176315407
1510167541877,INFO,AGENT_EVENT,010000010000000000000001000000000010011000000000100011100001,0.17535278567286763,5528.055027605698
1510167543569,INFO,CLICK_EVENT,010000010000000000000001000000010010011000000000100011100000,0.237186802864718,5436.011341624877
1510167545400,INFO,AGENT_EVENT,010000010000000000000001000000000010011000000010100011100000,0.22497492044423317,5536.031873707853
1510167548613,INFO,AGENT_EVENT,010000010000000000001001000000000010011000000000100011100000,0.23558353557677122,5707.295886071191
1510167554125,INFO,EXPLORE_EVENT,010000010000000000010001000000000010011000000000100011100000,0.23396616635783557,4966.562184923491
1510167554305,INFO,AGENT_EVENT,110000010000000000010001000000000010011000000000100011100000,0.23463421592184708,5299.11975914768
1510167557672,INFO,CLICK_EVENT,010000010000000000000001000000000000011000000000100011100000,0.22358278757547068,4043.5127213935884
1510167557694,INFO,AGENT_EVENT,010000010000001000010001000000000010011000000000100011100000,0.22783666235430294,5443.61071984582
1510167568711,INFO,EXPLORE_EVENT,010000010000000000000001000000010010011000000000100011100000,0.237186802864718,5436.011341624877
1510167569290,INFO,EXPLORE_EVENT,010000010000000000000001000000000010011000000000100011100000,0.23853839325047066,4641.578176315407
1510167569818,INFO,EXPLORE_EVENT,010000010000000000000001000000000010011000010000100011100000,0.2228222586388468,4919.098396258633
1510167570621,INFO,AGENT_EVENT,110000010000000000000001000000000010011000010000100011100000,0.22349030820285828,5251.655970482821
1510167571067,INFO,CLICK_EVENT,010000010000000000000001000000000010011000000000100011100000,0.23853839325047066,4641.578176315407
1510167574435,INFO,AGENT_EVENT,010000010000000000000001000000000010011000011000100011100000,0.21883169012778175,5935.0180358960015
1510167578118,INFO,AGENT_EVENT,010000010000100000000001000000000010011000010000100011100000,0.22297923348916532,5555.107299696336
1510167578196,INFO,CLICK_EVENT,010000010000000000000001000000000010011000000000100011100000,0.23853839325047066,4641.578176315407
1510167581003,INFO,AGENT_EVENT,010000010000000000000001000000000010001000010000100011100000,0.2195132607075273,4811.69194966343
1510167588141,INFO,EXPLORE_EVENT,010000010000000000000001000000000010011000000000100011100000,0.23853839325047066,4641.578176315407
1510167591427,INFO,EXPLORE_EVENT,010000010100000000000001000000000010011000000000100011100000,0.223622501100792,5603.128095421489
1510167591654,INFO,AGENT_EVENT,010000011100000000000001000000000010011000000000100011100000,0.22382425385569682,6683.541399391406
1510167597701,INFO,EXPLORE_EVENT,010000010000000000000101000000000010011000000000100011100000,0.22403870819778637,5333.933180705117
1510167597969,INFO,AGENT_EVENT,010000010000000000000101100000000010011000000000100011100000,0.22470675776179788,5635.00270805841
1510167602474,INFO,EXPLORE_EVENT,010000010000000000000001000000000110011000000000100011100000,0.23261423745558296,5750.440261337662
1510167602678,INFO,AGENT_EVENT,010000010000000001000001000000000110011000000000100011100000,0.23356980668185723,6245.734798639034
1510167608042,INFO,AGENT_EVENT,010000010000000000000001000000000010001000000100100011100000,0.20838314034313477,5107.447039738348
1510167608720,INFO,EXPLORE_EVENT,010000010000000000000001000000000010011000000100100011100000,0.21179574149456146,5214.3474084692425
1510167613843,INFO,EXPLORE_EVENT,010000010000000000000001000000000010011000000000100011100100,0.15537299889837192,5361.735649871289
1510167614163,INFO,AGENT_EVENT,010000010001000000000001000000000010011000000000100011100100,0.1424737878132945,6477.0026287847595
1510167622013,INFO,EXPLORE_EVENT,010000010000000000000001000000000010011000000000100011100000,0.23853839325047066,4641.578176315407
1510167625056,INFO,EXPLORE_EVENT,010000010000000000000001000000000010011000000000100011100001,0.17535278567286763,5528.055027605698
1510167632231,INFO,EXPLORE_EVENT,010000010000000000000001000000000010011000000000100011100000,0.23853839325047066,4641.578176315407
1510167634626,INFO,EXPLORE_EVENT,010000010000000000000001000000000010011000000001100011100000,0.21677224326405495,5339.135577135974
1510167634723,INFO,CLICK_EVENT,010000010000000000000001000000000000011000000000100011100000,0.22358278757547068,4043.5127213935884
1510167636257,INFO,CLICK_EVENT,010000010000000000000001000000000000011000000000100011100000,0.22358278757547068,4043.5127213935884
1510167637488,INFO,EXPLORE_EVENT,010000010000000000000001000000000010011000000000100011100000,0.23853839325047066,4641.578176315407
1510167639057,INFO,EXPLORE_EVENT,010000010000000000000001000000000011011000000000100011100000,0.2389598398417933,5861.834060463638
1510167639542,INFO,EXPLORE_EVENT,010000010000000000000001000000000010011000000000100011100000,0.23853839325047066,4641.578176315407
1510167640329,INFO,AGENT_EVENT,010000010000000000000001000000000010011000001000100011100000,0.22685097462600126,5662.663336522433
1510167643806,INFO,AGENT_EVENT,010000010000000000000001000000000010011000100000100011100000,0.22556405820532294,4903.685431562676
1510167644486,INFO,CLICK_EVENT,010000010000000000000001000000000010011000000000100011100000,0.23853839325047066,4641.578176315407
1510167647165,INFO,AGENT_EVENT,010000010000000000000001000010000010011000000000100011100000,0.23853839325047066,4769.420205831472
1510167650455,INFO,CLICK_EVENT,010000010000000000000001000010000010011000000000100011100000,0.23853839325047066,4769.420205831472
1510167650891,INFO,AGENT_EVENT,010000010000000000000001000000000010011000000000100011100010,0.1999777215583958,5655.0532826264425
1510167651924,INFO,CLICK_EVENT,010000010000000000000001000000000010011000000000100011100000,0.23853839325047066,4641.578176315407
1510167654843,INFO,AGENT_EVENT,010000010000000100000001000000000010011000000000100011100000,0.22695738500499618,4902.271055610898
1510167658192,INFO,AGENT_EVENT,010000010000000000000001010000000010011000000000100011100000,0.23853839325047066,4715.139925472297
1510167664298,INFO,EXPLORE_EVENT,010000010000000000000001000000000010011000000000100011100000,0.23853839325047066,4641.578176315407
1510167664569,INFO,AGENT_EVENT,010000010000000000000001000000000010011000100000100011100000,0.22556405820532294,4903.685431562676
1510167670980,INFO,AGENT_EVENT,010000010000000000000001000000000110111000000000100011100000,0.23177038961900331,6234.567595401079
1510167671023,INFO,EXPLORE_EVENT,010000010000000000000001000000000010111000000000100011100000,0.237694545413891,5125.705510378824
1510167678723,INFO,EXPLORE_EVENT,010000010000000000000001100000000010011000000000100011100000,0.23920644281448217,4942.6477036687
1510167683084,INFO,EXPLORE_EVENT,010000010000100000000001000000000010011000000000100011100000,0.2386953681007892,5277.58707975311
1510167683172,INFO,CLICK_EVENT,010000010000000000000001000000000010011000000000100011100000,0.23853839325047066,4641.578176315407
1510167684135,INFO,CLICK_EVENT,010000010000000000000001000000000010011000000000100011100000,0.23853839325047066,4641.578176315407
1510167685101,INFO,AGENT_EVENT,010000010000000000000001000000000010011000000000100011100000,0.23853839325047066,4641.578176315407
1510167685419,INFO,CLICK_EVENT,010000010000000000000001000000000010011000000000100011100000,0.23853839325047066,4641.578176315407
1510167685554,INFO,EXPLORE_EVENT,110000010000000000000001000000000010011000000000100011100000,0.23920644281448217,4974.135750539596
1510167693170,INFO,EXPLORE_EVENT,010000010000000000000001000000000010011000000000100011100000,0.23853839325047066,4641.578176315407
1510167697381,INFO,EXPLORE_EVENT,010000110000000000000001000000000010011000000000100011100000,0.23878647891213856,4806.9189788745425
1510167703029,INFO,EXPLORE_EVENT,010000010000000000000001000000000010011000000000100011100000,0.23853839325047066,4641.578176315407
1510167704172,INFO,EXPLORE_EVENT,010000010000000000100001000000000010011000000000100011100000,0.23482653163333145,4946.363898268723
1510167706208,INFO,EXPLORE_EVENT,010000010000000000000001000000100010011000000000100011100000,0.23780979512418057,5419.95573478378
1510167708970,INFO,EXPLORE_EVENT,010000010000000000000001000000000010011000000000100011100000,0.23853839325047066,4641.578176315407
1510167711294,INFO,EXPLORE_EVENT,010000010000000000000001000000000010011000100000100011100000,0.22556405820532294,4903.685431562676
1510167711866,INFO,EXPLORE_EVENT,010000010000000000000001000000000010011000000000100011100000,0.23853839325047066,4641.578176315407
1510167713308,INFO,EXPLORE_EVENT,010000010000000000000001000000000010011000000000100011100000,0.23853839325047066,4641.578176315407
1510167713458,INFO,CLICK_EVENT,010000010000000000000001000000000010011000000000100011100000,0.23853839325047066,4641.578176315407
1510167714438,INFO,EXPLORE_EVENT,010000010000000000000001000000000010011000000000100010100000,0.1875427753522171,3496.1037544907895
1510167715176,INFO,CLICK_EVENT,010000010000000000000001000000000010011000000000100011100000,0.23853839325047066,4641.578176315407
1510167715782,INFO,AGENT_EVENT,010001010000000000000001000000000010011000000000100010100000,0.2366655488006444,3771.4705336297966
1510167718390,INFO,AGENT_EVENT,010000010000000000000001000000000010011000000000000010100000,0.14895980842708395,3137.333321890971
1510167721298,INFO,AGENT_EVENT,010000010000000000000001000000100010011000000000100010100000,0.18686857184105207,4274.481312959162
1510167726978,INFO,EXPLORE_EVENT,010000010000000000000001000000000010011000000000100011100000,0.23853839325047066,4641.578176315407
1510167727133,INFO,AGENT_EVENT,010000010000000000000001000000000010011000001000100011100000,0.22685097462600126,5662.663336522433
1510167727811,INFO,CLICK_EVENT,010001010000000000000001000000000010011000000000100010100000,0.2366655488006444,3771.4705336297966
1510167729858,INFO,AGENT_EVENT,010000010000000000000000000000000010011000000000100011100000,0.22081860812898457,3639.250283957629
1510167732344,INFO,AGENT_EVENT,000000010000000000000001000000000010011000000000100011100000,0.2334888636972241,4567.901631711269
1510167740200,INFO,EXPLORE_EVENT,010000010000000000000001000000000010011000000000100010100000,0.1875427753522171,3496.1037544907895
1510167742237,INFO,AGENT_EVENT,010001010000000000000101000000000010011000000000100010100000,0.22101145919233894,4463.825538019506
1510167742411,INFO,EXPLORE_EVENT,010001010000000000000001000000000010011000000000100010100000,0.2366655488006444,3771.4705336297966
1510167743294,INFO,CLICK_EVENT,010001010000000000000001000000000010011000000000100010100000,0.2366655488006444,3771.4705336297966
1510167745963,INFO,AGENT_EVENT,010001010000000000000001000000000010011000100000100010100000,0.22369121375549667,4033.5777888770654
1510167749523,INFO,AGENT_EVENT,010001010000000000000001000000000010011100000000100010100000,0.2277957081690437,4002.2383629928536
1510167751743,INFO,CLICK_EVENT,010000011100000000000001000000000010011000000000100011100000,0.22382425385569682,6683.541399391406
1510167753529,INFO,AGENT_EVENT,010001010000000000000001000000000010011000000000100010100001,0.21064601571661817,5272.061264997092
1510167756984,INFO,AGENT_EVENT,010001010000000000000001000000000010011000000100100010100000,0.20998726140224275,4344.239765783631
1510167760922,INFO,AGENT_EVENT,010101010000000000000001000000000010011000000000100010100000,0.2098498351289278,4522.801335862501
1510167763963,INFO,CLICK_EVENT,010001010000000000000001000000000010011000000000100010100000,0.2366655488006444,3771.4705336297966
1510167764375,INFO,AGENT_EVENT,010001010000000000000001000000000010111000000000100010100000,0.23582746604607682,4255.597867693214
1510167767828,INFO,AGENT_EVENT,010001010000000000000001000000000010011000000000100010100100,0.19614989925188506,5122.494977535874
1510167771065,INFO,AGENT_EVENT,010001010000001000000001000000000010011000000000100010100000,0.22655241719523847,4264.35494665887
1510167778728,INFO,EXPLORE_EVENT,010001010000000000000001000000000000011000000000100010100000,0.2217099431256444,3173.4050787079777
1510167779904,INFO,EXPLORE_EVENT,010001010000000000000001000000100000011000000000100010100000,0.2217099431256444,3424.204570216755
1510167780398,INFO,AGENT_EVENT,010001010000000000000001000000100000011000010000100010100000,0.20897601101402052,3701.7247901599812
1510167783866,INFO,AGENT_EVENT,010001010000000000000001000000100000011000010000100010100000,0.20897601101402052,3701.7247901599812
1510167786271,INFO,CLICK_EVENT,010001010000000000000001000000000000011000000000100010100000,0.2217099431256444,3173.4050787079777
1510167787711,INFO,AGENT_EVENT,010001010000000000000001000000100000011000000001100010100000,0.19997243523984506,4121.761971037322
1510167797690,INFO,EXPLORE_EVENT,010001010000000000000001000000000000011000000000100010100000,0.2217099431256444,3173.4050787079777
1510167798420,INFO,EXPLORE_EVENT,010001010000000000000001000000000000011000000000100010100000,0.2217099431256444,3173.4050787079777
1510167799333,INFO,AGENT_EVENT,010001010000000000000001000000000000011000000001100010100000,0.19997243523984506,3870.9624795285436
1510167799916,INFO,CLICK_EVENT,010001010000000000000001000000000010011000000000100010100000,0.2366655488006444,3771.4705336297966
1510167802753,INFO,AGENT_EVENT,010001010000010000000001000000000000011000000000100010100000,0.22138333419718265,3293.2125552148364
1510167805837,INFO,AGENT_EVENT,010001010000000000000001000100000000011000000000100010100000,0.2217099431256444,3613.378124175005
1510167808673,INFO,AGENT_EVENT,010001010000000000000001000000000000011000000000000010100000,0.18312697620051122,2814.6346461081603
1510167814114,INFO,EXPLORE_EVENT,010001010000000000000001000000000100011000000000100010100000,0.2217099431256444,3967.5058199238388
1510167814614,INFO,AGENT_EVENT,010001010001000000000001000000000100011000000000100010100000,0.17776220538355636,5306.018775908335
1510167824985,INFO,EXPLORE_EVENT,010001010000000000000001000000000000011000000000100010100000,0.2217099431256444,3173.4050787079777
1510167826313,INFO,EXPLORE_EVENT,010001010000000000000001000000000010011000000000100010100000,0.2366655488006444,3771.4705336297966
1510167827865,INFO,EXPLORE_EVENT,010001010000000000000001000000000010011000000000100010100000,0.2366655488006444,3771.4705336297966
1510167828859,INFO,AGENT_EVENT,010001010000000000000001000000000110011000000000100010100000,0.2307957876208817,4880.332618652052
1510167836714,INFO,EXPLORE_EVENT,010001010000000000000001000000000010011000000000100010100000,0.2366655488006444,3771.4705336297966
1510167837204,INFO,AGENT_EVENT,010101010000000000000001000000000010011000000000100010100000,0.2098498351289278,4522.801335862501
1510167838929,INFO,CLICK_EVENT,010001010000000000000001000000000010011000000000100010100000,0.2366655488006444,3771.4705336297966
1510167841131,INFO,CLICK_EVENT,010001010000000000000001000000000000011000000000100010100000,0.2217099431256444,3173.4050787079777
1510167841263,INFO,AGENT_EVENT,010101010000000000000001000000000010011000000000100010100000,0.2098498351289278,4522.801335862501
1510167844473,INFO,AGENT_EVENT,010001010000000000000001000000000010001000000000100010100000,0.22966701382471238,3652.4390548877027
1510167844614,INFO,CLICK_EVENT,100000000000000000000000000000000000000000000000000000000000,0.021025948837500003,431.63363893128997
1510167847683,INFO,AGENT_EVENT,010001010000000000000001000000000010011000000100100010100000,0.20998726140224275,4344.239765783631
1510167849313,INFO,CLICK_EVENT,010001010000000000000001000000000010001000000000100010100000,0.22966701382471238,3652.4390548877027
1510167851277,INFO,CLICK_EVENT,010001010000000000000001000000000010011000000000100010100000,0.2366655488006444,3771.4705336297966
1510167851383,INFO,AGENT_EVENT,010001011000000000000001000000000010011000000000100010100000,0.22263265511617017,5346.789561946139
1510167855465,INFO,AGENT_EVENT,010001010000000000000001000000000010011000001000100010100000,0.22498389525818707,4792.555693836823
1510167858903,INFO,AGENT_EVENT,010001010001000000000001000000000010011000000000100010100000,0.19271781105855634,5109.983489614292
1510167861843,INFO,AGENT_EVENT,010001010000000000000001000000000000011000000000100010100000,0.2217099431256444,3173.4050787079777
1510167867886,INFO,EXPLORE_EVENT,000000000000000000000000000000000000000000000000100010100000,0.0608019707125,793.1402069842966
1510167868452,INFO,EXPLORE_EVENT,000000000000010000000000000000000010011000000000100010100000,0.13209876087029057,2318.4331539898894
1510167868619,INFO,CLEAR_SCREEN,000000000000000000000000000000000000000000000000000000000000,N/A,N/A
1510167890016,INFO,EXPLORE_EVENT,010000000000000000000000000000000000000000000000000000000000,0.010874309375,167.30294182536957
1510167892136,INFO,EXPLORE_EVENT,010000010000000000000000000000000000000000000000000000000000,0.038659059375,342.3815556643603
1510167893740,INFO,EXPLORE_EVENT,010001010000000000000000000000000000000000000000000000000000,0.0933067875,617.7483348033677
1510167896640,INFO,EXPLORE_EVENT,010001010000000000000000000000000000000000000000100000000000,0.1239743350875,1049.3046949372988
1510167900677,INFO,EXPLORE_EVENT,010001010000000000000000000000000000000000000000100010100000,0.1502391594625,1410.8885417876643
1510167906721,INFO,EXPLORE_EVENT,010001010000000000000001000000000010010000000000100010100000,0.21207153543960727,3175.5778744717563
1510167912419,INFO,EXPLORE_EVENT,010001010000000000000001000000000010011000000000100010100000,0.2366655488006444,3771.4705336297966
1510167922344,INFO,CLICK_EVENT,010001010000000000000001000000000010011000000000100010100000,0.2366655488006444,3771.4705336297966
1510167933499,INFO,CLEAR_SCREEN,010001010000000000000001000000000010011000000000100010100000,N/A,N/A
1510168489060,INFO,TREATMENT_1,000000000000000000000000000000000000000000000000000000000000,N/A,N/A
1510168499943,INFO,EXPLORE_EVENT,010000000000000000000000000000000000000000000000000000000000,0.02544675,268.75502213727935
1510168502117,INFO,EXPLORE_EVENT,010000010000000000000000000000000000000000000000000000000000,0.038659059375,342.3815556643603
1510168503223,INFO,EXPLORE_EVENT,000000010000000000000000000000000000000000000000000000000000,0.010874309375,167.30294182536957
1510168508529,INFO,EXPLORE_EVENT,000000010000000000000000000000000000000000000000100000000000,0.025336406875000002,418.18329408230306
1510168509933,INFO,EXPLORE_EVENT,000000010000000000000000000000000000000000000000101000000000,0.038987510625,992.6445178110309
1510168511513,INFO,EXPLORE_EVENT,000000010000000000000000000000000000000000000000101000100000,0.061718694375,1315.067587270125
1510168514980,INFO,EXPLORE_EVENT,000000010000000000000000000000000000010000000000101000100000,0.061718694375,1573.738401500485
1510168517312,INFO,EXPLORE_EVENT,000000010000000000000000000000000000010000100000101000100000,0.0634906437,1889.967640344852
1510168564385,INFO,CLICK_EVENT,000000010000000000000000000000000000010000100000101000100000,0.0634906437,1889.967640344852
1510168564909,INFO,EXPLORE_EVENT,110000110000111100100000000011001100000110010011000001001111,0.15116489746469253,11388.813161694427
1510168594011,INFO,EXPLORE_EVENT,110000010000111000000000000011001100000100000011000001000011,0.12544901437457012,8122.465440572247
1510168601399,INFO,EXPLORE_EVENT,110000000000111000000000000010001000000100000011000001000011,0.10653698655245275,7078.927085347637
1510168601801,INFO,CLICK_EVENT,000000000000000000000000000000000000000000000000000000000000,0,0
1510168604526,INFO,CLICK_EVENT,110000010000111000000000000011001100000100000011000001000011,0.12544901437457012,8122.465440572247
1510168614941,INFO,EXPLORE_EVENT,000000000000000000000000000000000000000000000000000000000000,0.0,0.0
1510168617990,INFO,EXPLORE_EVENT,100000000000000000000000000000000000000000000000000000000000,0.0144620975,259.2800180585232
1510168618983,INFO,CLICK_EVENT,000000000000000000000000000000000000000000000000000000000000,0,0
1510168624849,INFO,EXPLORE_EVENT,100001000000000000000000000000000000000000000000000000000000,0.04184470449267938,1316.4182404536473
1510168630704,INFO,EXPLORE_EVENT,100001000000000000000000000000000000000000000000010000000000,0.06998668118694965,1575.1125174265621
1510168636740,INFO,EXPLORE_EVENT,100001000000000000000000000000000000000000000000010000100000,0.08643808492302497,1891.4578267958768
1510168643587,INFO,EXPLORE_EVENT,100001000000000000000000000000000000000000000000011000100000,0.08669041983552497,2473.24923952087
1510168651535,INFO,EXPLORE_EVENT,100001000000000000000001000000000000000000000000011000100000,0.13421347065976208,2839.1846774425903
1510168653564,INFO,EXPLORE_EVENT,100001000000000000000001000000000010000000000000011000100000,0.13421347065976208,3089.467955617503
1510168659889,INFO,EXPLORE_EVENT,100001000000000000000001000000000010010000000000011000100000,0.13421347065976208,3348.138769847863
1510168662540,INFO,EXPLORE_EVENT,100001000000000000000001000000000010010000010000011000100000,0.13421347065976208,3407.002537923894
1510168671918,INFO,EXPLORE_EVENT,000001000000000000000001000000000010010000010000111000100000,0.13692427823988584,4302.915216973171
1510168676849,INFO,EXPLORE_EVENT,010001000000000000000001000000000010010000010000101000100000,0.13447861132353697,3418.514317456552
1510168679522,INFO,EXPLORE_EVENT,010001010000000000000001000000000010010000010000101000100000,0.139371702220545,3539.1629939567238
1510168693088,INFO,EXPLORE_EVENT,010001010000000000000001000000000010011000000000101000100000,0.14212777837054502,4055.4916209645717
1510168696806,INFO,CLICK_EVENT,010001010000000000000001000000000010011000000000101000100000,0.14212777837054502,4055.4916209645717
1510168703836,INFO,EXPLORE_EVENT,010001010000000000000001000000000010011000000000101000110000,0.17369864796046666,4114.2410000266855
1510168709055,INFO,CLICK_EVENT,010001010000000000000001000000000010011000000000101000110000,0.17369864796046666,4114.2410000266855
1510168711639,INFO,CLICK_EVENT,010001010000000000000001000000000010011000000000101000110000,0.17369864796046666,4114.2410000266855
1510168719358,INFO,EXPLORE_EVENT,010001010000000000000001000000001010011000000000101000110000,0.17369864796046666,4810.790770656096
1510168724075,INFO,EXPLORE_EVENT,010001010000000000000001000000001000011000000000101000110000,0.17369864796046666,4530.828098096828
1510168731331,INFO,EXPLORE_EVENT,010001010000000000001001000000000000011000000000101000110000,0.15612274865705952,4650.752008582982
1510168738063,INFO,EXPLORE_EVENT,010001010000000000001001000000000010011000000000101000110000,0.15612274865705952,4901.035286757895
1510168746997,INFO,EXPLORE_EVENT,010001010000000000000001000000000010011000000000101000110000,0.17369864796046666,4114.2410000266855
1510168779874,INFO,EXPLORE_EVENT,010001010000000000000001000000000010011000000000101000110000,0.17369864796046666,4114.2410000266855
1510168797536,INFO,EXPLORE_EVENT,010001010000000000000001000000000010011000000001101000110000,0.17629373546046664,5210.539889284437
1510168804954,INFO,EXPLORE_EVENT,010001010000000000000001000000000010011000000000101000110000,0.17369864796046666,4114.2410000266855
1510168810681,INFO,EXPLORE_EVENT,010001010000000000000001000000000010011000000100101000110000,0.17369864796046666,5046.338868389985
1510168814955,INFO,EXPLORE_EVENT,010001010000000000000001000000000110011000000000101000110000,0.17369864796046666,4577.816365297941
1510168820518,INFO,EXPLORE_EVENT,010001010100000000000001000000000010011000000000101000110000,0.17071076741402016,4379.432402912957
1510168824868,INFO,EXPLORE_EVENT,010001010000000000000101000000000010011000000000101000110000,0.1686070731283771,4668.805069866763
1510168828883,INFO,EXPLORE_EVENT,010001010000000000000001000000000010011000000000101000110000,0.17369864796046666,4114.2410000266855
1510168841843,INFO,EXPLORE_EVENT,010001010000000000000001000000000010011000000000100000110000,0.17271452113546665,3532.9864703578496
1510168844229,INFO,CLICK_EVENT,010001010000000000000001000000000010011000000000100000110000,0.17271452113546665,3532.9864703578496
1510168854689,INFO,EXPLORE_EVENT,010001010000000000000001000000000010011000000000100001110000,0.1274486300673744,4785.718020521743
1510168860971,INFO,EXPLORE_EVENT,010001010000000001000001000000000010011000000000100000110000,0.15034100246678384,4677.247576569262
1510168866234,INFO,EXPLORE_EVENT,010001010000000000000001000001000010011000000000100000110000,0.18042434043028582,4594.107765261619
1510168873778,INFO,EXPLORE_EVENT,010001010000000000000001000000000010011001000000100000110000,0.17672427237647795,4925.788300271935
1510168880069,INFO,EXPLORE_EVENT,010001010000000000000001000000000010011000000000100000110000,0.17271452113546665,3532.9864703578496
1510168887532,INFO,EXPLORE_EVENT,010001010000000000000001000000000010010000100000100000110000,0.17143755354796666,3274.023314118337
1510168891758,INFO,EXPLORE_EVENT,010001010000000000000001000000000010010000100000101000110000,0.17271452113546665,3855.277843787173
1510168897447,INFO,EXPLORE_EVENT,010001010000000000000001000000000010011000100000100000110000,0.17271452113546665,3855.6157632871245
1510168901773,INFO,EXPLORE_EVENT,010001010000000000000001000000000010010000100000100000110000,0.17143755354796666,3274.023314118337
1510168906672,INFO,EXPLORE_EVENT,010001010000000000000001000000000010010000100010100000110000,0.17143755354796666,3387.4180271159366
1510168911783,INFO,EXPLORE_EVENT,010001010000000000000001000000000010010000100000100000110010,0.18977153425734167,3407.5369845372006
1510168915827,INFO,CLICK_EVENT,010001010000000000000001000000000010010000100000100000110010,0.18977153425734167,3407.5369845372006
1510168933093,INFO,EXPLORE_EVENT,010001010000000000000001000000000010011000000000100000110010,0.19104850184484168,3666.500140776713
1510168942832,INFO,EXPLORE_EVENT,010001010000000000000001000000000010010100000000100000110010,0.18924369318234166,3916.7277169510935
1510168950519,INFO,EXPLORE_EVENT,010001010000000000000001000000000010010000001100100000110010,0.18924369318234166,3996.353019676385
1510168955628,INFO,EXPLORE_EVENT,010001010000000000000001000000000010010000000000100000110010,0.18924369318234166,3091.307745692834
1510168964878,INFO,CLICK_EVENT,010001010000000000000001000000000010010000000000100000110010,0.18924369318234166,3091.307745692834
1510168991290,INFO,EXPLORE_EVENT,000000000000000000000000000000000000000000000000000000000000,0.0,0.0
1510168993315,INFO,CLEAR_SCREEN,000000000000000000000000000000000000000000000000000000000000,N/A,N/A
1510168994304,INFO,CLICK_EVENT,000000000000000000000000000000000000000000000000000000000000,0,0
1510169004747,INFO,EXPLORE_EVENT,010001010000000000000000000000000000000000000000000000000000,0.049072578235474645,1457.64853457783
1510169010368,INFO,EXPLORE_EVENT,010001010000000000000001000000000010010000000000000000000000,0.0967721290184833,2332.5380649048234
1510169016035,INFO,EXPLORE_EVENT,010001010000000000000001000000000010010000000000100000110000,0.17090971247296666,2957.7940752739705
1510169029274,INFO,EXPLORE_EVENT,010001010000000000000001000000000010010000000000100000110000,0.17090971247296666,2957.7940752739705
1510169033044,INFO,CLICK_EVENT,010001010000000000000001000000000010010000000000100000110000,0.17090971247296666,2957.7940752739705
1510169038006,INFO,EXPLORE_EVENT,010001010000000000000001000000000010010000000000100000110000,0.17090971247296666,2957.7940752739705
1510169048351,INFO,CLEAR_SCREEN,010001010000000000000001000000000000010000000000100000110000,N/A,N/A
