1510241030721,INFO,DEMO_TREATMENT,000000000000000000000000000000000000000000000000000000000000,N/A,N/A
1510241420978,INFO,EXPLORE_EVENT,000000000000000000000000000000000000000000000000100000000000,0.046922313256621,448.4685696012415
1510241452429,INFO,EXPLORE_EVENT,000000000000000000000000000000000000100000000000000000000000,0.05068408969741005,448.4685696012415
1510241556215,INFO,EXPLORE_EVENT,000000000000000000000000000000000000100000100000000000000000,0.0178116037664235,1114.0915730511663
1510241560096,INFO,EXPLORE_EVENT,000000000000000000000000000000000000100000000000000000000000,0.05068408969741005,448.4685696012415
1510241564270,INFO,EXPLORE_EVENT,000000000000000000000000000000100000100000000000000000000000,0.05749521012311107,1242.9463066809717
1510241567453,INFO,EXPLORE_EVENT,000000000000000000010000000000100000100000000000000000000000,0.07248063782311107,1840.7098321635322
1510241574965,INFO,EXPLORE_EVENT,000000001000000000010000000000100000100000000000000000000000,0.0940350320893286,2843.037724521311
1510241584820,INFO,EXPLORE_EVENT,000000001000000000010000000000100000000000000000000000000000,0.053018175666437656,2394.6293611557203
1510241591413,INFO,CLICK_EVENT,000000001000000000010000000000100000000000000000000000000000,0.053018175666437656,2394.6293611557203
1510241602501,INFO,EXPLORE_EVENT,000000001000000000010000000000100000000000000000000000000100,0.06762019134157084,2826.1857212896516
1510241604291,INFO,CLICK_EVENT,000000001000000000010000000000100000000000000000000000000100,0.06762019134157084,2826.1857212896516
1510241639769,INFO,EXPLORE_EVENT,000000001000000000010000000000100000000000000000000000000000,0.053018175666437656,2394.6293611557203
1510241642900,INFO,EXPLORE_EVENT,000000001000000000010000000000000000000000000000000000000000,0.049242567716046834,1600.3933472795975
1510241644669,INFO,EXPLORE_EVENT,000000001000000000000000000000000000000000000000000000000000,0.03425714001604683,1002.3278923577784
1510241647272,INFO,EXPLORE_EVENT,000000000000000000000000000000000000000000000000000000000000,0.0,0.0
1510241726743,INFO,CLEAR_SCREEN,000000000000000000000000000000000000000000000000000000000000,N/A,N/A
1510241728606,INFO,CLICK_EVENT,000000000000000000000000000000000000000000000000000000000000,0,0
1510241808450,INFO,TREATMENT_3,000000000000000000000000000000000000000000000000000000000000,N/A,N/A
1510241818531,INFO,EXPLORE_EVENT,000000000000000000000000000000000000000000100000000000000000,0.0144620975,250.88035225693346
1510241818716,INFO,AGENT_EVENT,000000000000000000000000000000000000100000100000000000000000,0.049827398837499995,566.4960377529628
1510241819714,INFO,AGENT_EVENT,000000000000000000000100000000000000000000100000000000000000,0.0144620975,1111.5853159213523
1510241820830,INFO,AGENT_EVENT,000000000000000000000000000000000000000000100000100000000000,0.04589429633750001,682.5139911882234
1510241822331,INFO,EXPLORE_EVENT,000000000000000000000000000000010000000000100000000000000000,0.0144620975,509.6081090189506
1510241822494,INFO,AGENT_EVENT,000000000100000000000000000000010000000000100000000000000000,0.016494996333087927,1375.6995261968357
1510241823507,INFO,AGENT_EVENT,000000000000000000100000000000010000000000100000000000000000,0.0144620975,768.1708382485303
1510241824445,INFO,AGENT_EVENT,000000000000000000000000000100010000000000100000000000000000,0.0144620975,985.2609033087859
1510241825256,INFO,AGENT_EVENT,000000000000000000000000000000010000000000000000000000000000,0.0,258.7277567620171
1510241828540,INFO,EXPLORE_EVENT,000000000000000000000000000000000000000000100000000000000000,0.0144620975,250.88035225693346
1510241828830,INFO,EXPLORE_EVENT,000000000000000000010000000000000000000000100000000000000000,0.0144620975,518.78314588167
1510241828862,INFO,AGENT_EVENT,000000000000010000010000000000000000000000100000000000000000,0.0144620975,592.1004440532381
1510241830054,INFO,AGENT_EVENT,000000000000010000010000000000000000000000100000000000000000,0.0144620975,592.1004440532381
1510241832793,INFO,EXPLORE_EVENT,000000000000000000000000000000000000000000100000000000000000,0.0144620975,250.88035225693346
1510241833215,INFO,EXPLORE_EVENT,000000000000000000000000000000000000000000100000000000010000,0.0368039,519.6353743942128
1510241833749,INFO,AGENT_EVENT,000000000000000000000010000000000000000000100000000000010000,0.040800051350000005,1143.7043958209051
1510241835026,INFO,AGENT_EVENT,000000000000000000000000000000000000010000100000000000010000,0.08211862125000001,578.4252569784131
1510241836347,INFO,AGENT_EVENT,000100000000000000000000000000000000000000100000000000010000,0.07725454753488865,968.1039439954543
1510241838088,INFO,EXPLORE_EVENT,000000000000000000000000000000000100000000100000000000010000,0.0368039,1313.9781134385128
1510241838278,INFO,AGENT_EVENT,000000000000000000000000000000000100000000110000000000010000,0.054125455,1474.3439441880914
1510241839759,INFO,AGENT_EVENT,000000000000000000000000000000000101000000100000000000010000,0.046210353757778024,2125.4554326115012
1510241842171,INFO,EXPLORE_EVENT,000000000000000000000000000000000000000000100000000000010000,0.0368039,519.6353743942128
1510241842401,INFO,EXPLORE_EVENT,000000000000000000000000000000000000000000100100000000010000,0.030868192396434863,1337.3958592332087
1510241842605,INFO,AGENT_EVENT,000000000000000000001000000000000000000000100100000000010000,0.031632843646434865,2015.4161504279086
1510241843735,INFO,AGENT_EVENT,000000000000000000000000000010000000000000100100000000010000,0.030868192396434863,1548.7734739720363
1510241844924,INFO,AGENT_EVENT,000000000000000000100000000000000000000000100100000000010000,0.030868192396434863,1595.9012317292904
1510241847912,INFO,EXPLORE_EVENT,000000000000000000000000000000000000000000100000000000010000,0.0368039,519.6353743942128
1510241848309,INFO,EXPLORE_EVENT,000000000000000000000100000000000000000000100000000000010000,0.0368039,1380.652583336464
1510241848564,INFO,AGENT_EVENT,000000000000000000000100000000000000000000101000000000010000,0.04892570125000001,1954.8091092555774
1510241849755,INFO,AGENT_EVENT,000000000000000000000100000000000000000000101000000000010000,0.04892570125000001,1954.8091092555774
1510241852348,INFO,EXPLORE_EVENT,000000000000000000000000000000000000000000100000000000010000,0.0368039,519.6353743942128
1510241852522,INFO,EXPLORE_EVENT,000000000100000000000000000000000000000000100000000000010000,0.03883679883308793,1385.726791572098
1510241852922,INFO,AGENT_EVENT,000000000100000000000000000000000010000000100000000000010000,0.05579048018308794,1983.4394500957974
1510241855897,INFO,EXPLORE_EVENT,000000000000000000000000000000000000000000100000000000010000,0.0368039,519.6353743942128
1510241856359,INFO,EXPLORE_EVENT,000000000000000000000000000000000000000000100000000000010100,0.02139998975671229,1434.3194435100681
1510241856789,INFO,AGENT_EVENT,000000000100000000000000000000000000000000100000000000010100,0.024599029721204882,2300.1691183810535
1510241857954,INFO,AGENT_EVENT,000000000000000000000000000100000000000000100000000000010100,0.02139998975671229,1874.2924889770957
1510241859452,INFO,EXPLORE_EVENT,000000000000000000000000000000000000000000100000000000010000,0.0368039,519.6353743942128
1510241859675,INFO,AGENT_EVENT,000000000000000000000000000000000000000000100000000000110000,0.048161050000000004,694.5439588975254
1510241861867,INFO,EXPLORE_EVENT,000000000000000000000000000000000000000000100000000000010000,0.0368039,519.6353743942128
1510241862027,INFO,AGENT_EVENT,000000000100000000000000000000000000000000100000000000010000,0.03883679883308793,1385.726791572098
1510241863165,INFO,AGENT_EVENT,000000000000000000000000000000000000000000100010000000010000,0.05429786403537261,1645.4936823961639
1510241864248,INFO,AGENT_EVENT,000000000000010000000000000000000000000000100000000000010000,0.0368039,686.6711362278338
1510241866517,INFO,EXPLORE_EVENT,000000000000000000000000000000000000000000100000000000010000,0.0368039,519.6353743942128
1510241866992,INFO,EXPLORE_EVENT,000000000000000000000000000000000000000000110000000000010000,0.054125455,680.2432029722304
1510241867179,INFO,AGENT_EVENT,000000000000000000010000000000000000000000110000000000010000,0.054125455,948.0944729632374
1510241868199,INFO,AGENT_EVENT,000000000000000000000000000000000000000000110000000000000000,0.05215720135,411.53819191200853
1510241871633,INFO,EXPLORE_EVENT,000000000000000000000000000000001000000000110000000000010000,0.05489010625,1349.2287801904145
1510241872006,INFO,AGENT_EVENT,000000000000000001000000000000001000000000110000000000010000,0.109034171875,1713.1880596174724
1510241873475,INFO,AGENT_EVENT,000000000000000000000000001000001000000000110000000000010000,0.05455813233810514,2355.0749497687043
1510241876367,INFO,EXPLORE_EVENT,000000000000000000000000000000000000000000110000000000010000,0.054125455,680.2432029722304
1510241876653,INFO,EXPLORE_EVENT,000000000000000000001000000000000000000000110000000000010000,0.05489010625,1358.26349416693
1510241877060,INFO,AGENT_EVENT,000000000000000000001000010000000000000000110000000000010000,0.05489010625,1522.5518407352633
1510241878594,INFO,AGENT_EVENT,000000000000000000001000000000001000000000110000000000010000,0.05567792875000001,1959.740853458918
1510241879943,INFO,AGENT_EVENT,000000000000000010001000000000000000000000110000000000010000,0.05489010625,1542.806301591228
1510241883198,INFO,EXPLORE_EVENT,000000000000000000000000000000000000000000110000000000010000,0.054125455,680.2432029722304
1510241883416,INFO,EXPLORE_EVENT,000000001000000000000000000000000000000000110000000000010000,0.05489010625,1363.6129586007507
1510241883488,INFO,AGENT_EVENT,000000001000000100000000000000000000000000110000000000010000,0.05489010625,1811.2883768103034
1510241884999,INFO,AGENT_EVENT,000000001000000000000000100000000000000000110000000000010000,0.07542691,1776.2291823353103
1510241887917,INFO,EXPLORE_EVENT,000000000000000000000000000000000000000000110000000000010000,0.054125455,680.2432029722304
1510241888180,INFO,EXPLORE_EVENT,000000000000000000000000000000000000000000110000000000011000,0.05489010625,1286.1392930687753
1510241888473,INFO,AGENT_EVENT,000000000000000001000000000000000000000000110000000000011000,0.109034171875,1650.0985724958337
1510241889680,INFO,AGENT_EVENT,000000000000000000000000000000000000000000010000000000011000,0.03217580625,1133.2953781296815
1510241891914,INFO,EXPLORE_EVENT,000000000000000000000000000000000000000000110000000000010000,0.054125455,680.2432029722304
1510241892190,INFO,AGENT_EVENT,000000000000000000000000000000000000000000110000000000010001,0.08825184413378558,1748.5380499896673
1510241893510,INFO,AGENT_EVENT,000000000000000000000000000000000000000000110000000000010100,0.05748586482347163,1595.0383261793054
1510241896146,INFO,AGENT_EVENT,000000000000000000000000000000000000000000010010000000010000,0.042790982295990376,1661.5601193391708
1510241896297,INFO,EXPLORE_EVENT,000000000000000000000000000000000000000000110010000000010000,0.05374306045802503,1941.1078885591855
1510241897652,INFO,AGENT_EVENT,000000000000000000000000000000100000000000110010000000010000,0.05374306045802503,2191.907380067964
1510241899561,INFO,AGENT_EVENT,000000000000000000000000000000001000000000110010000000010000,0.055289489447671814,2610.0934657773696
1510241900048,INFO,CLICK_EVENT,000000000000000000000000000000000000010000100000000000010000,0.08211862125000001,578.4252569784131
1510241900233,INFO,CLICK_EVENT,000000000000000000000000000000000000010000100000000000010000,0.08211862125000001,578.4252569784131
1510241901183,INFO,AGENT_EVENT,000001000000000000000000000000000000000000110010000000010000,0.10788712608302502,2307.043326480906
1510241903014,INFO,AGENT_EVENT,000000000000000000000000000000000000000000110010000000010001,0.0755793536445713,3009.4027355766225
1510241904483,INFO,AGENT_EVENT,000000000000000000000100000000000000000000110010000000010000,0.05374306045802503,2801.873895237766
1510241906078,INFO,CLICK_EVENT,000000000000000000000000000000000000000000110000000000010000,0.054125455,680.2432029722304
1510241906164,INFO,AGENT_EVENT,000000000000000000000001000000000000000000110010000000010000,0.08800020047407184,2943.4357809169637
1510241907938,INFO,AGENT_EVENT,000000000000000000000000000000001000000000110010000000010000,0.055289489447671814,2610.0934657773696
1510241909537,INFO,AGENT_EVENT,000001000000000000000000000000000000000000110010000000010000,0.10788712608302502,2307.043326480906
1510241911589,INFO,EXPLORE_EVENT,000000000000000000000000000000000000000000010010000000010000,0.042790982295990376,1661.5601193391708
1510241911925,INFO,AGENT_EVENT,000000000000000000000000000000000000000000010010010000010000,0.05600329167099037,1735.2366639433094
1510241913214,INFO,AGENT_EVENT,000000000000000000000000000000010000000000010010000000010000,0.042790982295990376,1920.2309335695309
1510241914608,INFO,AGENT_EVENT,000000000100000000000000000000000000000000010010000000010000,0.0448238811290783,2527.4097942101557
1510241917776,INFO,EXPLORE_EVENT,000000000000000000000000000000000000010000010010000000010000,0.0672433430223542,1768.8179064470523
1510241918072,INFO,AGENT_EVENT,000000000000000000000000000000000010010000010010000000010000,0.07548921316344441,2366.883361368871
1510241919754,INFO,AGENT_EVENT,000000000000000000000000000000000000010001010010000000010000,0.09579547402106875,2242.612056608502
1510241921588,INFO,AGENT_EVENT,001000000000000000000000000000000000010000010010000000010000,0.07344783028910211,2438.0292709456835
1510241923209,INFO,AGENT_EVENT,000000000000000000000000000000000000010000010010000000010100,0.0642339627481179,2683.6130296541273
1510241924858,INFO,AGENT_EVENT,000000000000000000000000000000001000010000010010000000010000,0.06841317907530352,2437.8034836652364
1510241926449,INFO,AGENT_EVENT,000000000000000000000000000000000000010000010010000000011000,0.06841317907530352,2374.713996543597
1510241929822,INFO,EXPLORE_EVENT,000000000000000000000000000000000000010000110010000000010000,0.07194181793389925,2047.731019899989
1510241930083,INFO,AGENT_EVENT,000000000000000000000000000000000000010000110010000000010010,0.07270858992143324,3161.8818013822047
1510241932064,INFO,AGENT_EVENT,000000010000000000000000000000000000010000110010000000010000,0.07194181793389925,2316.4360309602107
1510241934362,INFO,EXPLORE_EVENT,000000000000000000000000000000000000010000110000000000010000,0.08510082375,748.4157351096056
1510241934525,INFO,AGENT_EVENT,000000000000000000000000000000000000010000111000000000010000,0.07140457747368126,2173.6285529080897
1510241936024,INFO,AGENT_EVENT,000000000000001000000000000000000000010000110000000000010000,0.08510082375,1415.286111354661
1510241937780,INFO,AGENT_EVENT,000000000000000000000000000000000000010000110000001000010000,0.09119906353498083,1466.2313124392792
1510241940806,INFO,EXPLORE_EVENT,000000000000000000000000000000000001010000110000000000010000,0.11959115419518607,1766.4481608979295
1510241941242,INFO,AGENT_EVENT,010000000000000000000000000000000001010000110000000000010000,0.12341441044518607,1933.7545871921857
1510241943107,INFO,AGENT_EVENT,000000000000000000000000000000000001010000110000000000010100,0.1229515640186577,2681.2432841050045
1510241946227,INFO,EXPLORE_EVENT,000000000000000000000000000000000001010000110000000000010000,0.11959115419518607,1766.4481608979295
1510241946414,INFO,AGENT_EVENT,000000000000100000000000000000000001010000110000000000010000,0.1336951239053561,2194.186181777266
1510241948188,INFO,AGENT_EVENT,000000000000000000000000001000000001010000110000000000010000,0.10579502201711163,2197.5612696526114
1510241950070,INFO,AGENT_EVENT,000000000000000000000010000000000001010000110000000000010000,0.11959115419518607,2390.628236415841
1510241953551,INFO,EXPLORE_EVENT,000000000000000000000010000000000001010000110000000000010000,0.11959115419518607,2390.628236415841
1510241953608,INFO,AGENT_EVENT,000000000000000100000010000000000001010000110000000000010000,0.11959115419518607,3149.2076387491607
1510241959986,INFO,EXPLORE_EVENT,000000000000000000000000000000000001010000110000000000010000,0.11959115419518607,1766.4481608979295
1510241960321,INFO,EXPLORE_EVENT,000000000010000000000000000000000001010000110000000000010000,0.11959115419518607,2396.4531492672077
1510241960745,INFO,AGENT_EVENT,000000000010000000000000000000000001010100110000000000010000,0.10280443597903681,3031.125357872853
1510241962818,INFO,AGENT_EVENT,000000000010000000000000000000000001010000111000000000010000,0.10589490791886733,3821.665967065692
1510241966660,INFO,EXPLORE_EVENT,000000000010000000000000000000000001010000110000000000010000,0.11959115419518607,2396.4531492672077
1510241967054,INFO,AGENT_EVENT,000000000010000000000000000000000001010000110001000000010000,0.08822510872279016,3615.783054026291
1510241969098,INFO,AGENT_EVENT,000000000010010000000000000000000001010000110000000000010000,0.11959115419518607,2563.491996788447
1510241970776,INFO,AGENT_EVENT,000000000010000000000000000000000001010000110000000000000000,0.11959115419518607,2127.7481382069864
1510241975203,INFO,EXPLORE_EVENT,000000000010000000000000000000000001010000110000000000010000,0.11959115419518607,2396.4531492672077
1510241975486,INFO,EXPLORE_EVENT,000000000000000000000000000000000001010000110000000000010000,0.11959115419518607,1766.4481608979295
1510241976180,INFO,AGENT_EVENT,000000000000000000000000000000000001010000110000000001010000,0.17041590723078162,2035.6339078068445
1510241977962,INFO,AGENT_EVENT,000000000000000000000000000100000001010000110000000000010000,0.10165618236368931,2000.0522537304269
1510241981812,INFO,AGENT_EVENT,000000000000000000000000000000000001010001110000000000000000,0.1323435499528384,2366.8739299666495
1510241982100,INFO,EXPLORE_EVENT,000000000000000000000000000000000001010001110000000000010000,0.14150912215033198,2635.5789410268712
1510241983766,INFO,AGENT_EVENT,000000000000000000000000000100000001010001110000000000010000,0.1255853214888991,2869.1830338593686
1510241985855,INFO,AGENT_EVENT,100000000000000000000000000000000001010001110000000000010000,0.15561309186050204,3067.135301160802
1510241991675,INFO,EXPLORE_EVENT,000000000000000000000000000000000001010000110000000000010000,0.11959115419518607,1766.4481608979295
1510241992054,INFO,EXPLORE_EVENT,000000000000000000000000000000000001010000110000000001010000,0.17041590723078162,2035.6339078068445
1510241992282,INFO,AGENT_EVENT,000000000100000000000000000000000001010000110000000001010000,0.17244880606386956,2901.4835826778294
1510241994602,INFO,AGENT_EVENT,000000000000000000000001000000000001010000110000000001010000,0.17654820547611608,2937.703883621338
1510241996831,INFO,AGENT_EVENT,000000000000000000000000000000000001110000110000000001010000,0.1865687273774059,3007.9759678411738
1510241999286,INFO,AGENT_EVENT,010000000000000000000000000000000001010000110000000001010000,0.1742391634807816,2202.9403341011002
1510242001635,INFO,AGENT_EVENT,001000000000000000000000000000000001010000110000000001010000,0.17739570313556752,2704.845272305475
1510242005924,INFO,EXPLORE_EVENT,000000000000000010000000000000000001010000110000000001010000,0.17041590723078162,2285.917185981757
1510242006281,INFO,AGENT_EVENT,000000000000000010000000000000000001010000110000000011010000,0.1659722487306899,3049.5350765330154
1510242013006,INFO,EXPLORE_EVENT,000000000000000000000000000000000001010000110000000001010000,0.17041590723078162,2035.6339078068445
1510242013546,INFO,EXPLORE_EVENT,000010000000000000000000000000000001010000110000000001010000,0.17155255098078162,2289.354154655107
1510242013827,INFO,AGENT_EVENT,000010000000100000000000000000000001010000110000000001010000,0.18565652069095165,2717.092175534443
1510242016207,INFO,AGENT_EVENT,000010100000000000000000000000000001010000110000000001010000,0.17155255098078162,2470.0036821913227
1510242021091,INFO,EXPLORE_EVENT,000000000000000000000000000000000001010000110000000001010000,0.17041590723078162,2035.6339078068445
1510242021696,INFO,EXPLORE_EVENT,000000000000000000000000000010000001010000110000000001010000,0.16735988476069477,2240.6415114862384
1510242022662,INFO,AGENT_EVENT,000000000000000000000000000010000001010000110100000001010000,0.12512466176877726,3232.658942768361
1510242028553,INFO,EXPLORE_EVENT,000000000000000000000000000000000001010000110000000001010000,0.17041590723078162,2035.6339078068445
1510242029158,INFO,EXPLORE_EVENT,000000000000000000000000000000000001010000110000000011010000,0.1659722487306899,2799.251798358103
1510242029760,INFO,AGENT_EVENT,000010000000000000000000000000000001010000110000000011010000,0.18378669922256896,3052.9720452063652
1510242032096,INFO,AGENT_EVENT,000000000000010000000000000000000001010000110000000011010000,0.1659722487306899,2966.290645879342
1510242038286,INFO,EXPLORE_EVENT,000000000000000000000000000000000001010000110000000001010000,0.17041590723078162,2035.6339078068445
1510242039350,INFO,EXPLORE_EVENT,000000000000000000000000000000000001010010110000000001010000,0.1749469930473706,2621.6042811338248
1510242039938,INFO,AGENT_EVENT,000000000000000000100000000000000001010010110000000001010000,0.1749469930473706,2880.1096536299065
1510242044416,INFO,EXPLORE_EVENT,000000000000000000000000000000000001010000110000000001010000,0.17041590723078162,2035.6339078068445
1510242044516,INFO,AGENT_EVENT,000000000000001000000000000000000001010000110000000001010000,0.17041590723078162,2702.5042840519
1510242049258,INFO,EXPLORE_EVENT,000000000000000000000000000000000001010000110000000101010000,0.1563740366584145,2747.3535151421743
1510242049672,INFO,AGENT_EVENT,000000000000000001000000000000000001010000110000000101010000,0.19079027767590379,3111.312794569232
1510242055595,INFO,EXPLORE_EVENT,000000000000000000000000000000000001010000110000000001010000,0.17041590723078162,2035.6339078068445
1510242056288,INFO,EXPLORE_EVENT,000000000000000000000000000000000001010100110000000001010000,0.15589567026463233,2670.3061164124892
1510242056513,INFO,AGENT_EVENT,000000001000000000000000000000000001010100110000000001010000,0.15666032151463233,3353.67587204101
1510242062963,INFO,EXPLORE_EVENT,000000000000000000000000000000000001010000110000000001010000,0.17041590723078162,2035.6339078068445
1510242063436,INFO,EXPLORE_EVENT,000000000000000000000000000100000001010000110000000001010000,0.15611372207077517,2269.2380006393414
1510242064364,INFO,AGENT_EVENT,000000000000000000000000000100000001010000110001000001010000,0.13300540591296403,3488.567905398425
1510242069644,INFO,AGENT_EVENT,000000000000000000000000000100000001000000110000000001010000,0.1251383533207752,2201.0654685019663
1510242070067,INFO,EXPLORE_EVENT,000000000000000000000000000100000001010000110000000001010000,0.15611372207077517,2269.2380006393414
1510242071965,INFO,AGENT_EVENT,000000000000000000000000000100000001010000110010000001010000,0.14295471625467443,3568.5532854297253
1510242076617,INFO,EXPLORE_EVENT,000000000000000000000000000100000001010000110000000001010000,0.15611372207077517,2269.2380006393414
1510242077413,INFO,EXPLORE_EVENT,000000000000000000000000000000000001010000110000000001010000,0.17041590723078162,2035.6339078068445
1510242077655,INFO,CLICK_EVENT,010000000000000000000000000000000001010000110000000001010000,0.1742391634807816,2202.9403341011002
1510242077935,INFO,CLICK_EVENT,010000000000000000000000000000000001010000110000000001010000,0.1742391634807816,2202.9403341011002
1510242077952,INFO,AGENT_EVENT,000000000000000000000000000000000001011000110000000001010000,0.15845138791072694,2872.597014587466
1510242080589,INFO,AGENT_EVENT,000000000000000000000000000000000001011000110000000001010000,0.15845138791072694,2872.597014587466
1510242080621,INFO,CLICK_EVENT,000000000000000001000000000000000001010000110000000101010000,0.19079027767590379,3111.312794569232
1510242080763,INFO,CLICK_EVENT,000000000000000001000000000000000001010000110000000101010000,0.19079027767590379,3111.312794569232
1510242082753,INFO,AGENT_EVENT,000000000000000000000000000000100001010000110000000001010000,0.16583187352565137,2301.2783356538703
1510242085109,INFO,AGENT_EVENT,000000000000000001000000000000000001010000110000000001010000,0.1745987572307816,2399.5931872339024
1510242087358,INFO,AGENT_EVENT,000000000000000000000000000000001001010000110000000001010000,0.1664329700608167,3057.5311157376073
1510242088785,INFO,CLICK_EVENT,000000000000000000000000000000000001010000110000000001010000,0.17041590723078162,2035.6339078068445
1510242089878,INFO,AGENT_EVENT,000000000000000000000000010000000001010000110000000001010000,0.17006740902907513,2143.3260113395995
1510242092583,INFO,AGENT_EVENT,000000000000000000000000000000000001010000110010000001010000,0.15725690141468085,3334.949192597228
1510242093177,INFO,CLICK_EVENT,000010000000100000000000000000000001010000110000000001010000,0.18565652069095165,2717.092175534443
1510242094973,INFO,AGENT_EVENT,000000000000000000000000000000000001010000110010000001010000,0.15725690141468085,3334.949192597228
1510242097325,INFO,AGENT_EVENT,000000000000000100000000000000000001010000110000000001010000,0.17041590723078162,2483.309326016397
1510242100003,INFO,AGENT_EVENT,000000001000000000000000000000000001010000110000000001010000,0.17118055848078162,2719.0036634353646
1510242100632,INFO,CLICK_EVENT,000000000000000000000000000000000001010000110000000001010000,0.17041590723078162,2035.6339078068445
1510242102592,INFO,AGENT_EVENT,000000000000000000000000000000000001011000110000000001010000,0.15845138791072694,2872.597014587466
1510242106375,INFO,EXPLORE_EVENT,000000000000100000000000000000000001010000110000000001010000,0.18451987694095165,2463.3719286861806
1510242106480,INFO,AGENT_EVENT,000000000000101000000000000000000001010000110000000001010000,0.17916638692926581,3311.195728792657
1510242108700,INFO,AGENT_EVENT,000000000000100000001000000000000001010000110000000001010000,0.18775441435345164,3066.9010309719897
1510242113154,INFO,EXPLORE_EVENT,000000000000100010000000000000000001010000110000000001010000,0.18451987694095165,2635.6269087774526
1510242113243,INFO,AGENT_EVENT,000000000000100010001000000000000001010000110000000001010000,0.18775441435345164,3259.444050100673
1510242117347,INFO,AGENT_EVENT,000000000000000010000000000000000001010000100000000001010000,0.16743370473078162,2115.7839736155556
1510242117589,INFO,EXPLORE_EVENT,000000000000000010000000000000000001010000110000000001010000,0.17041590723078162,2285.917185981757
1510242119341,INFO,AGENT_EVENT,000000000000000000000000000000000001010000110000000001010000,0.17041590723078162,2035.6339078068445
1510242123533,INFO,EXPLORE_EVENT,000000000000100010000000000000000001010000110000000001010000,0.18451987694095165,2635.6269087774526
1510242123757,INFO,AGENT_EVENT,000000000000100010000000000000000001110000110000000001010000,0.18737855825080502,3540.2272218752996
1510242128520,INFO,EXPLORE_EVENT,000000000000100000000000000000000001010000110000000001010000,0.18451987694095165,2463.3719286861806
1510242128729,INFO,AGENT_EVENT,000000000000100100000000000000000001010000110000000001010000,0.17375157313044876,3074.5931643801187
1510242130838,INFO,AGENT_EVENT,000000000000100000000000000000000001010000010000000001010000,0.16180557694095166,2301.229670461884
1510242133368,INFO,EXPLORE_EVENT,000000000000100000000000000000000001000000110000000001010000,0.15354450819095164,2395.1993965488055
1510242133568,INFO,AGENT_EVENT,100000000000100000000000000000000001000000110000000001010000,0.15407234926595165,2826.7557566827363
1510242139833,INFO,AGENT_EVENT,000000000000100000000000000000000000010000110000000001000000,0.16479906768750002,1273.3841828504405
1510242140411,INFO,EXPLORE_EVENT,000000000000100000000000000000000001010000110000000001000000,0.18154429829095164,2291.4166086387645
1510242140562,INFO,EXPLORE_EVENT,000000000000100000000000000000000001010000110000000001010000,0.18451987694095165,2463.3719286861806
1510242142585,INFO,AGENT_EVENT,000001000000100000000000000000000001010000110000000001000000,0.18468929829095165,2657.3520465604847
1510242147265,INFO,EXPLORE_EVENT,000000000000100000000000000000000001010000110000000001010000,0.18451987694095165,2463.3719286861806
1510242147741,INFO,AGENT_EVENT,001000000000100000000000000000000001010000110000000001010000,0.19149967284573755,3132.5832931848117
1510242150319,INFO,AGENT_EVENT,000000000000100000000000000000000001010000110000000101010000,0.1704780063685846,3175.0915360215104
1510242154623,INFO,EXPLORE_EVENT,000000000000100000000000000000000001010000110000000000010000,0.1336951239053561,2194.186181777266
1510242154841,INFO,AGENT_EVENT,000000000000100000000000000000000001010000110000000000010010,0.13622931381133882,3408.8798251527396
1510242159693,INFO,EXPLORE_EVENT,000000000000100000000000000000000001010000110000000001010000,0.18451987694095165,2463.3719286861806
1510242159820,INFO,AGENT_EVENT,000000000000100000000000000100000001010000110000000001010000,0.1734195022771568,2696.976021518678
1510242164691,INFO,EXPLORE_EVENT,000000000000100000000000000000000001010000110000000001010000,0.18451987694095165,2463.3719286861806
1510242164959,INFO,AGENT_EVENT,000000100000100000000000000000000001010000110000000001010000,0.18451987694095165,2722.595955297376
1510242167228,INFO,AGENT_EVENT,000000000000100000000000000000000001010000110100000001010000,0.1422846539490341,3455.3893599683033
1510242173886,INFO,EXPLORE_EVENT,000000000000100000000000000000000001010000110000000001010000,0.18451987694095165,2463.3719286861806
1510242174025,INFO,EXPLORE_EVENT,000000000000100000000000000000000001010000110000000001000000,0.18154429829095164,2291.4166086387645
1510242174792,INFO,EXPLORE_EVENT,000000000000100000000000000000000001010001110000000001000000,0.17174869507154206,3107.488379256886
1510242177057,INFO,EXPLORE_EVENT,000000000000100000000000000000000001010001110000000001010000,0.17985941627167176,3279.4436993043028
1510242179141,INFO,EXPLORE_EVENT,000000000000100000000000000000000001010000110000000001010000,0.18451987694095165,2463.3719286861806
1510242179237,INFO,AGENT_EVENT,000000000000110000000000000000000001010000110000000001010000,0.18451987694095165,2529.152668971327
1510242185948,INFO,EXPLORE_EVENT,000000000000100000000000000000000001010000110000000001000000,0.18154429829095164,2291.4166086387645
1510242186524,INFO,EXPLORE_EVENT,000000000000100000000000000000000001010000110000000001010000,0.18451987694095165,2463.3719286861806
1510242186600,INFO,EXPLORE_EVENT,000000000000100000000000000000000001010000010000000001010000,0.16180557694095166,2301.229670461884
1510242186698,INFO,AGENT_EVENT,000000000000100000000010000000000001010000010000000001010000,0.16180557694095166,2853.7749425969364
1510242192545,INFO,EXPLORE_EVENT,000000000000100000000000000000000001010000010000000001000000,0.15882999829095165,2129.2743504144673
1510242196271,INFO,EXPLORE_EVENT,000000000000100000000000000000000000010000110000000001010000,0.16777464633750003,1445.3395028978566
1510242196293,INFO,EXPLORE_EVENT,000000000000100000000000000000000001010000110000000001010000,0.18451987694095165,2463.3719286861806
1510242196370,INFO,AGENT_EVENT,000000000000100000000000000010000000010000110000000001010000,0.16777464633750003,1656.7171176366842
1510242198482,INFO,AGENT_EVENT,000100000000100000000000000000000000010000110000000001010000,0.20145564210560832,1893.7478662634467
1510242203158,INFO,EXPLORE_EVENT,000000000000100000000000000000000001010000110000000001010000,0.18451987694095165,2463.3719286861806
1510242203444,INFO,AGENT_EVENT,100000000000100000000000000000000001010000110000000001010000,0.18504771801595166,2894.9282888201114
1510242206101,INFO,AGENT_EVENT,000000000000100000000000000000000001010000110001000001010000,0.1574349627185557,3682.701833445264
1510242208418,INFO,AGENT_EVENT,000000000000100000000000000000000001010000110000000001010010,0.16732438970583988,3895.129730766563
1510242210810,INFO,AGENT_EVENT,000000000000100000000000000000000001010010110000000001010000,0.18905096275754066,3049.3423020131613
1510242216963,INFO,EXPLORE_EVENT,000000000000100000000000000000000000010000110000000001010000,0.16777464633750003,1445.3395028978566
1510242217460,INFO,EXPLORE_EVENT,000000000000100000000001000000000000010000110000000001010000,0.17483777537341827,2655.9382778140016
1510242217871,INFO,AGENT_EVENT,000000000000100000000001000000000000010000110010000001010000,0.1616787695573175,3955.2535626043846
1510242220498,INFO,AGENT_EVENT,000000000000100001000001000000000000010000110000000001010000,0.17452399574335936,3140.8891325911527
1510242220752,INFO,CLICK_EVENT,000100000000100000000000000000000000010000110000000001010000,0.20145564210560832,1893.7478662634467
1510242221148,INFO,CLICK_EVENT,000100000000100000000000000000000000010000110000000001010000,0.20145564210560832,1893.7478662634467
1510242222829,INFO,AGENT_EVENT,000000000000100000000001000000100000010000110000000001010000,0.17483777537341827,2906.7377693227795
1510242226621,INFO,EXPLORE_EVENT,000000000000100000000000000000000000010000110000000001010000,0.16777464633750003,1445.3395028978566
1510242226697,INFO,AGENT_EVENT,000000000000100000000000000000100000010000110000000001010000,0.16777464633750003,1696.138994406635
1510242231353,INFO,EXPLORE_EVENT,000100000000100000000000000000000000010000110000000001010000,0.20145564210560832,1893.7478662634467
1510242231490,INFO,AGENT_EVENT,000100000010100000000000000000000000010000110000000001010000,0.1924479622189946,2840.297863455624
1510242233855,INFO,AGENT_EVENT,000100000000100000000000000000000000010000110010000001010000,0.18909781633721778,3193.0631510538306
1510242236389,INFO,AGENT_EVENT,000100000001100000000000000000000000010000110000000001010000,0.18559136780505128,2716.6583526806107
1510242241553,INFO,EXPLORE_EVENT,000100000000100000000000000000000100010000110000000001010000,0.20145564210560832,2687.8486074793077
1510242241864,INFO,AGENT_EVENT,000100000000100000000000000001000100010000110000000001010000,0.2056384921056083,3114.2214523919347
1510242248126,INFO,EXPLORE_EVENT,000100000000100000000000000000000000010000110000000001010000,0.20145564210560832,1893.7478662634467
1510242248885,INFO,EXPLORE_EVENT,000100000100100000000000000000000000010000110000000001010000,0.17803766992875217,2559.4310759490227
1510242249002,INFO,AGENT_EVENT,000100000100100000000000000000000000010000110000000001000000,0.1750620912787522,2387.475755901607
1510242251012,INFO,AGENT_EVENT,000100000100100000000000000000000000000000110000000001010000,0.14706230117875216,2491.2585438116475
1510242255188,INFO,EXPLORE_EVENT,000100000000100000000000000000000000010000110000000001010000,0.20145564210560832,1893.7478662634467
1510242256208,INFO,EXPLORE_EVENT,000100000000100000000000000000000000010000110000000001010100,0.16118619932815087,3040.064731536554
1510242256398,INFO,AGENT_EVENT,000100000000100000000000000000010000010000110000000001010100,0.16118619932815087,3298.7355457669137
1510242263340,INFO,EXPLORE_EVENT,000100000000100000000000000000000000010000110000000001010000,0.20145564210560832,1893.7478662634467
1510242263810,INFO,EXPLORE_EVENT,000100000000100000000000000000000000010000110100000001010000,0.16236482104308667,2885.7652975455694
1510242264855,INFO,AGENT_EVENT,000100000000100000000000000000000000010100110100000001010000,0.16578663573509156,3111.002490179324
1510242269771,INFO,EXPLORE_EVENT,000100000000100000000000000000000000010000110000000001010000,0.20145564210560832,1893.7478662634467
1510242269883,INFO,AGENT_EVENT,000100000000100000000000000100000000010000110000000001010000,0.20145564210560832,2333.720911730474
1510242274142,INFO,AGENT_EVENT,000100000000100000000000000000000000010000110000000001010000,0.20145564210560832,1893.7478662634467
1510242274191,INFO,EXPLORE_EVENT,000100000000100000000000010000000000010000110000000001010000,0.20145564210560832,2058.03621283178
1510242281709,INFO,EXPLORE_EVENT,000100000000100000000000000000000000010000110000000001010000,0.20145564210560832,1893.7478662634467
1510242281960,INFO,EXPLORE_EVENT,000100000000110000000000000000000000010000110000000001010000,0.20145564210560832,1959.528606548593
1510242282110,INFO,AGENT_EVENT,000100000010110000000000000000000000010000110000000001010000,0.1924479622189946,2906.0786037407706
1510242284462,INFO,AGENT_EVENT,000100000000110010000000000000000000010000110000000001010000,0.20145564210560832,2153.2886628311835
1510242290658,INFO,EXPLORE_EVENT,000100000000100000000000000000000000010000110000000001010000,0.20145564210560832,1893.7478662634467
1510242291829,INFO,AGENT_EVENT,000100000000100000000000000000000000010000010000010001010000,0.1825645983556083,1811.4631848733811
1510242292062,INFO,EXPLORE_EVENT,000100000000100000000000000000000000010000110000010001010000,0.2052788983556083,1973.6054430976778
1510242295712,INFO,AGENT_EVENT,000100000000100000000000000000000000010000110000010101010000,0.17480499674092081,2724.9362453303825
1510242302306,INFO,AGENT_EVENT,000100000000101000000000100000000000010000110000010001010000,0.20580673943060832,3196.5204816442647
1510242302448,INFO,EXPLORE_EVENT,000100000000100000000000100000000000010000110000010001010000,0.20580673943060832,2348.6966815377878
1510242308476,INFO,EXPLORE_EVENT,000100000000100000000000000000000000010000110000010001010000,0.2052788983556083,1973.6054430976778
1510242308762,INFO,AGENT_EVENT,000100100000100000000000000000000000010000110000010001010000,0.19931277271642261,2272.80158315887
1510242311960,INFO,AGENT_EVENT,000100000000100000000001000000000000010000110000010001010000,0.20756175278397948,3184.2042180138233
1510242317396,INFO,EXPLORE_EVENT,100100000000100000000000000000000000010000110000010001010000,0.2052266994379097,2572.5992744605082
1510242317531,INFO,AGENT_EVENT,100100000000100000000000000000000000010000110000010001010100,0.16481208063228683,3760.1477828474
1510242323421,INFO,EXPLORE_EVENT,000100000000100000000000000000000000010000110000010001010000,0.2052788983556083,1973.6054430976778
1510242323748,INFO,AGENT_EVENT,000110000000100000000000000000000000010000110000010001010000,0.2017915769482831,2246.835478973583
1510242330905,INFO,EXPLORE_EVENT,000100000000100000000000000000000000110000110000010001010000,0.2081195605586606,2878.2057561955253
1510242330907,INFO,AGENT_EVENT,000100000000100000000000000000100000110000110000010001010000,0.2081195605586606,3129.0052477043027
1510242333944,INFO,AGENT_EVENT,000100000000100000000000000000000100110000110000010001010000,0.2081195605586606,3672.306497411386
1510242338435,INFO,EXPLORE_EVENT,000100000000100000000000000000000000010000110000010001010000,0.2052788983556083,1973.6054430976778
1510242338809,INFO,AGENT_EVENT,000100100000100000000000000000000000010000110000010001010000,0.19931277271642261,2272.80158315887
1510242341843,INFO,AGENT_EVENT,000100000000100000000000000000000000010000110000010001110000,0.1930382771936566,2769.774739633874
1510242344418,INFO,AGENT_EVENT,000100000000100000000000001000000000010000110000010001010000,0.2052788983556083,2614.699608795458
1510242347222,INFO,AGENT_EVENT,000100000010100000000000000000000000010000110000010001010000,0.1962712184689946,2920.1554402898555
1510242353502,INFO,EXPLORE_EVENT,000100000000100000000000000000000000010000110000110001010000,0.21919519193060832,2325.3090056379815
1510242354070,INFO,AGENT_EVENT,000100000000100000000000000000000000010000110000110001110000,0.20096962123837112,3413.8328492187784
1510242357321,INFO,AGENT_EVENT,000100000000100000000000000000010000010000110000110001010000,0.21919519193060832,2583.979819868342
1510242359868,INFO,AGENT_EVENT,000100000000100000000000000000000000010000110000100001010000,0.21537193568060833,2258.122355293165
1510242364014,INFO,EXPLORE_EVENT,000100000000100000000000000010000000010000110000110001010000,0.21919519193060832,2536.686620376809
1510242364063,INFO,AGENT_EVENT,000100000000100000000000000010100000010000110000110001010000,0.21919519193060832,2686.1486249515433
1510242372223,INFO,EXPLORE_EVENT,000100000000100000000000000000000000010000110000110001010000,0.21919519193060832,2325.3090056379815
1510242373935,INFO,AGENT_EVENT,000100000000000010000000000000000000010000110000110001010000,0.21866735085560832,2147.854262933558
1510242374286,INFO,EXPLORE_EVENT,000100000000100010000000000000000000010000110000110001010000,0.21919519193060832,2497.5639857292535
1510242381162,INFO,EXPLORE_EVENT,000100000000100000000000000000000000010000110000110001010000,0.21919519193060832,2325.3090056379815
1510242381653,INFO,EXPLORE_EVENT,000110000000100000000000000000000000010000110000110001010000,0.21570787052328308,2598.539041513887
1510242382372,INFO,AGENT_EVENT,000110010000100000000000000000000000010000110000110001010000,0.20957914971967923,2932.5489975835353
1510242389108,INFO,EXPLORE_EVENT,000100000000100000000000000000000000010000110000110001010000,0.21919519193060832,2325.3090056379815
1510242392399,INFO,EXPLORE_EVENT,000100000000100000000000000000000000010000111000110001010000,0.2046429716021767,3750.5218234364656
1510242392858,INFO,AGENT_EVENT,000100000000100000000000000000000000010000111000110001010001,0.16260413753653752,5382.880646677706
1510242401621,INFO,EXPLORE_EVENT,000100000000100000000000000000000000010000110000110001010000,0.21919519193060832,2325.3090056379815
1510242401971,INFO,EXPLORE_EVENT,000100000000100000000000000000001000010000110000110001010000,0.2197075082681083,2994.294582856166
1510242402600,INFO,AGENT_EVENT,000100000000100000000000000000001001010000110000110001010000,0.22918186804274196,4365.238639357069
1510242405536,INFO,AGENT_EVENT,000100000000100000000000000000001000010000010000110001010000,0.1969932082681083,2832.1523246318693
1510242413244,INFO,EXPLORE_EVENT,000100000000100000000000000000000000010000110000110001010000,0.21919519193060832,2325.3090056379815
1510242413264,INFO,EXPLORE_EVENT,000100000000100000001000000000000000010000110000110001010000,0.2197075082681083,2928.8381079237906
1510242415128,INFO,AGENT_EVENT,000100010000100000001000000000000000010000110000110001010000,0.21233631680809992,3246.473560404428
1510242422576,INFO,EXPLORE_EVENT,000100000000100000000000000000000000010000110000110001010000,0.21919519193060832,2325.3090056379815
1510242423564,INFO,EXPLORE_EVENT,000100000000100000000000000000000000010000110000110001011000,0.2025667147278324,4212.773326863631
1510242425521,INFO,AGENT_EVENT,000100000000100000000000000000000000010001110000110001011000,0.18628551274691152,5028.845097481752
1510242431212,INFO,AGENT_EVENT,000100000000100000000000000000000000010000110000110001000000,0.2152288626056083,2131.36734282461
1510242432037,INFO,EXPLORE_EVENT,000100000000100000000000000000000000010000110000110001010000,0.21919519193060832,2325.3090056379815
1510242435048,INFO,CLICK_EVENT,000100000000100000000000000000000000010000111000110001010001,0.16260413753653752,5382.880646677706
1510242435255,INFO,CLICK_EVENT,000100000000100000000000000000000000010000111000110001010001,0.16260413753653752,5382.880646677706
1510242435607,INFO,AGENT_EVENT,000100000000100000100000000000000000010000110000110001010000,0.21919519193060832,2484.796301956083
1510242438663,INFO,AGENT_EVENT,000100000000100000000000001000000000010000110000110001010000,0.21919519193060832,2966.4031713357617
1510242442243,INFO,AGENT_EVENT,000100000000100000000000000000000000010000110000111001010000,0.1789381909562319,3585.5263660794344
1510242444867,INFO,AGENT_EVENT,000100000000100000000000000000000000000000110000110001010000,0.1976088763056083,2257.1364735006064
1510242448361,INFO,AGENT_EVENT,000100010000100000000000000000000000010000110000110001010000,0.21182400047059993,2642.944458118619
1510242451570,INFO,AGENT_EVENT,000100000000100000000000000000010000010000110000110001010000,0.21919519193060832,2583.979819868342
1510242459105,INFO,EXPLORE_EVENT,000100000000100000000000000000000000010000110000010001010000,0.2052788983556083,1973.6054430976778
1510242461823,INFO,EXPLORE_EVENT,000100000000100000000000000000000000010000110000010001000000,0.20429477153060832,1786.1579784375588
1510242463297,INFO,EXPLORE_EVENT,000100000000100000000000000000000000010000110000010000010000,0.14963602512238866,1698.2386639586703
1510242463475,INFO,EXPLORE_EVENT,000100000000100000000000000000000000010000110000010001010000,0.2052788983556083,1973.6054430976778
1510242464428,INFO,EXPLORE_EVENT,000100000000100000000000000000000000010000110000000000010000,0.14581276887238864,1624.5621193545321
1510242466179,INFO,EXPLORE_EVENT,000100000000100000000000000000000000010000110000000000000000,0.14384451522238867,1355.8571082943104
1510242466294,INFO,EXPLORE_EVENT,000100000000100000000000000000000000000000100000000000000000,0.08241035959412099,1127.1703029482605
1510242466610,INFO,EXPLORE_EVENT,000100000000100000000000000000000000010000100000000000000000,0.126740954019121,1185.9601855324609
1510242466849,INFO,EXPLORE_EVENT,000100000000100000000000000000000000000000000000000000000000,0.067948262094121,876.289950691327
1510242467309,INFO,EXPLORE_EVENT,000000000000000100000000000000000000000000000000000000000000,0.0,447.73705817532016
1510242467410,INFO,EXPLORE_EVENT,000100000000000000000000000000000000000000000000000000000000,0.046922313256621,448.4685696012415
1510242467474,INFO,EXPLORE_EVENT,000000000000000000000000000000000000000000000000000000000000,0.0,0.0
1510242474231,INFO,CLEAR_SCREEN,000000000000000000000000000000000000000000000000000000000000,N/A,N/A
1510242478736,INFO,CLICK_EVENT,000000000000000000000000000000000000000000000000000000000000,0,0
1510242532372,INFO,EXPLORE_EVENT,000000000000000000000000000000000000010000010000000000000000,0.0604182701,317.56846582508695
1510242533966,INFO,EXPLORE_EVENT,000000000000100000000000000000000000010000010000000000000000,0.08067956768750001,745.4785145850899
1510242538101,INFO,EXPLORE_EVENT,000000000000100000000000000000000000010000010000000000000000,0.08067956768750001,745.4785145850899
1510242541002,INFO,EXPLORE_EVENT,000000000000100000000000000000000000010000010100000000000000,0.03720662099645613,1619.738630609551
1510242550112,INFO,EXPLORE_EVENT,000000000000100000000000000000000000010000010000000000000000,0.08067956768750001,745.4785145850899
1510242552290,INFO,EXPLORE_EVENT,000000000000100000000000000000000000010000010000000000000010,0.08264782133750001,1375.3114750737018
1510242556186,INFO,EXPLORE_EVENT,000000000010100000000000000000000000010000010000000000000000,0.08264782133750001,1375.3114750737018
1510242560960,INFO,EXPLORE_EVENT,000000000000100000000000000000000000010000010000000000000000,0.08067956768750001,745.4785145850899
1510242563920,INFO,EXPLORE_EVENT,000000000000100000000000000000000000010000010000000000001000,0.0817197251,1428.6762423329437
1510242566085,INFO,EXPLORE_EVENT,000000000000100000000000000000000000010000010000000000000000,0.08067956768750001,745.4785145850899
1510242569061,INFO,CLICK_EVENT,000000000000100000000000000000000000010000010000000000000000,0.08067956768750001,745.4785145850899
1510242569214,INFO,CLICK_EVENT,000000000000100000000000000000000000010000010000000000000000,0.08067956768750001,745.4785145850899
1510242596804,INFO,CLEAR_SCREEN,000000000000000000000000000000000000000000000000000000000000,N/A,N/A
1510242997641,INFO,TREATMENT_1,000000000000000000000000000000000000000000000000000000000000,N/A,N/A
1510243003399,INFO,EXPLORE_EVENT,000000000000000000000000000000000000010000000000000000000000,0.0,258.7277567620171
1510243010413,INFO,EXPLORE_EVENT,000000000000000000000000000000000000000000000000000000000000,0.0,0.0
1510243024093,INFO,EXPLORE_EVENT,000000000000000000000000000000000000000000100000000000000000,0.021025948837500003,412.61622373455975
1510243029137,INFO,EXPLORE_EVENT,000000000000000000000000000000000000000000110000000000000000,0.021025948837500003,471.88168587316125
1510243032037,INFO,EXPLORE_EVENT,000000000000000000000000000000010000000000100000000000000000,0.021025948837500003,579.7480872816784
1510243034436,INFO,EXPLORE_EVENT,000000000000000000000000000000000000000000100000000000000000,0.021025948837500003,412.61622373455975
1510243036951,INFO,EXPLORE_EVENT,100000000000000000000000000000000000000000100000000000000000,0.0354880463375,671.9923435065807
1510243041275,INFO,EXPLORE_EVENT,100000000000010000000000000000000000000000100000000000000000,0.0570651975875,940.7473656438601
1510243045018,INFO,EXPLORE_EVENT,100000000000010000000000001000000000000000100000000000000000,0.058105355,1618.5655526006763
1510243048260,INFO,EXPLORE_EVENT,100000000000011000000000000000000000000000100000000000000000,0.058105355,1546.4413515025221
1510243051374,INFO,EXPLORE_EVENT,101000000000010000000000000000000000000000100000000000000000,0.070446631825,1544.373236832812
1510243055042,INFO,EXPLORE_EVENT,100000000000010000000000000000000000001000100000000000000000,0.060299735,1533.025042652348
1510243057950,INFO,EXPLORE_EVENT,100000000000010000000000000000000000000000100000001000000000,0.059089481825,1609.670209800494
1510243060302,INFO,EXPLORE_EVENT,100000000000010000000000000000000000000000100000000000000000,0.0570651975875,940.7473656438601
1510243065336,INFO,EXPLORE_EVENT,100000000000010000000000000000000000000000100000000100000000,0.060840805537890834,1734.7812752821
1510243068573,INFO,EXPLORE_EVENT,100000000000010000000000000000000000000100100000000000000000,0.04044274055065589,1890.1865197663087
1510243071935,INFO,EXPLORE_EVENT,100000000000010000000000000100000000000000100000000000000000,0.0570651975875,1801.7645745861114
1510243075134,INFO,EXPLORE_EVENT,100000000000010100000000000000000000000000100000000000000000,0.04091888383224532,1855.3403846130518
1510243078621,INFO,EXPLORE_EVENT,100100000000010000000000000000000000000000100000000000000000,0.05112875510307463,1844.7505410598114
1510243080953,INFO,EXPLORE_EVENT,100000000000010000000000000000000000000000100000000000000000,0.0570651975875,940.7473656438601
1510243084352,INFO,EXPLORE_EVENT,100000000000010000000000000000000000000000100000000010000000,0.0740188789375,1538.7625546283311
1510243087903,INFO,EXPLORE_EVENT,100000000000010000000000000000000000000010100000000000000000,0.0740188789375,1463.866556407973
1510243091191,INFO,EXPLORE_EVENT,100000000000010000000000000010000000000000100000000000000000,0.0600474000875,1564.7253369238886
1510243093925,INFO,EXPLORE_EVENT,100000000000010010000000000000000000000000100000000000000000,0.05612465253001301,2155.2389047814504
1510243096851,INFO,EXPLORE_EVENT,100010000000010000000000000000000000000000100000000000000000,0.06322212113506098,2143.3698215069717
1510243099535,INFO,EXPLORE_EVENT,100000000000010000000000000000000000000000100000000000000000,0.0570651975875,940.7473656438601
1510243103754,INFO,EXPLORE_EVENT,100000000000010000000000000000000000000000100000000001000000,0.08539820015535611,1958.760570907846
1510243111176,INFO,EXPLORE_EVENT,100000000000010000000000000000000000000000110000000001000000,0.08539820015535611,2018.0260330464475
1510243114431,INFO,EXPLORE_EVENT,100000000000010000000000000000000000000000100000000001000000,0.08539820015535611,1958.760570907846
1510243116252,INFO,EXPLORE_EVENT,100000000000010000000000000000000000000000100000000001000000,0.08539820015535611,1958.760570907846
1510243121833,INFO,EXPLORE_EVENT,100000000000010000000000000000000000000000100000000001000000,0.08539820015535611,1958.760570907846
1510243127169,INFO,EXPLORE_EVENT,100000000000010000000000000000000000000000100000000001000000,0.08539820015535611,1958.760570907846
1510243133396,INFO,EXPLORE_EVENT,100000000000010000000000000000000000000000100000000001000000,0.08539820015535611,1958.760570907846
1510243138323,INFO,EXPLORE_EVENT,100000000000010000000000000000000000000000100000000001001000,0.08927092724875493,2389.9690230956517
1510243142175,INFO,EXPLORE_EVENT,100000000000010000000000000000000000000000101000000001000000,0.0794260081448219,2750.555795027993
1510243145793,INFO,EXPLORE_EVENT,100000000000010000000000000000001000000000100000000001000000,0.08539820015535611,2625.630947152901
1510243150847,INFO,EXPLORE_EVENT,100000000000010000001000000000000000000000100000000001000000,0.08078903332158854,2676.5761482375196
1510243155733,INFO,EXPLORE_EVENT,100000001000010000000000000000000000000000100000000001000000,0.08666575663087013,2666.794998266656
1510243158538,INFO,EXPLORE_EVENT,100000000000010000000000000000000000000000100000000001000000,0.08539820015535611,1958.760570907846
1510243164399,INFO,EXPLORE_EVENT,100000000000010000000000000000000000000000100000000001010000,0.10164731313555106,2066.4777434875123
1510243169389,INFO,EXPLORE_EVENT,100000000000010000000000000000000000000000100000000001010000,0.10164731313555106,2066.4777434875123
1510243175828,INFO,EXPLORE_EVENT,100000000000010000000000000000000000000000100000000001010100,0.09292335984708938,2314.0523030696477
1510243179576,INFO,EXPLORE_EVENT,100000000000010000000000000000000000000000100100000001010000,0.09061484169258276,2666.3513736391574
1510243183632,INFO,EXPLORE_EVENT,100000000000010000000000000000000100000000100000000001010000,0.10164731313555106,2514.1531616970647
1510243188498,INFO,EXPLORE_EVENT,100000000000010000000100000000000000000000100000000001010000,0.11168663575724527,2563.8165482735176
1510243193160,INFO,EXPLORE_EVENT,100000000100010000000000000000000000000000100000000001010000,0.11984616219334687,2554.858220303099
1510243196754,INFO,EXPLORE_EVENT,100000000000010000000000000000000000000000100000000001010000,0.10164731313555106,2066.4777434875123
1510243200560,INFO,EXPLORE_EVENT,100000000100010000000000000000000000000000100000000001010000,0.11984616219334687,2554.858220303099
1510243207007,INFO,EXPLORE_EVENT,100000000100010000000000000000000000000000100000000001010010,0.12307686737802122,2760.787486890846
1510243211359,INFO,EXPLORE_EVENT,100000000100010000000000000000000000000000100010000001010000,0.11984616219334687,2677.626608872913
1510243215709,INFO,EXPLORE_EVENT,100000000100010000000000000000000010000000100000000001010000,0.11984616219334687,2805.1414984780117
1510243220445,INFO,EXPLORE_EVENT,100000000100010000000010000000000000000000100000000001010000,0.12098280594334689,2731.7408242920137
1510243225394,INFO,EXPLORE_EVENT,100000000110010000000000000000000000000000100000000001010000,0.11739693229347736,2841.862379600841
1510243229308,INFO,EXPLORE_EVENT,100000000100010000000000000000000000000000100000000001010000,0.11984616219334687,2554.858220303099
1510243232876,INFO,EXPLORE_EVENT,100000000100010000000000000000000000000000100000000001010001,0.13185017613597355,3037.9427805716246
1510243239118,INFO,EXPLORE_EVENT,100000000100010000000000000000000000000000100001000001010000,0.16924812716939625,2815.3318260572782
1510243245635,INFO,EXPLORE_EVENT,100000000100010000000000000000000000000000100001000001010000,0.16924812716939625,2815.3318260572782
1510243250924,INFO,EXPLORE_EVENT,100000000100010000000000000000000001000000100001000001010000,0.17335420216939623,3150.3778597042547
1510243255815,INFO,EXPLORE_EVENT,100000000100010000000001000000000000000000100001000001010000,0.17335420216939623,3055.604327186111
1510243260991,INFO,EXPLORE_EVENT,100000000101010000000000000000000000000000100001000001010000,0.16982866288316173,3268.35205156983
1510243266468,INFO,EXPLORE_EVENT,100000000100010000000000000000000000000000100001000001010001,0.16601312273775698,3298.4163863258036
1510243270236,INFO,EXPLORE_EVENT,100000000100010000000000000000000000000000100001000001010000,0.16924812716939625,2815.3318260572782
1510243277261,INFO,EXPLORE_EVENT,100000000100010000000000000000000000001000100001000001010000,0.17248266458189626,3402.3108108519946
1510243282327,INFO,EXPLORE_EVENT,100000000100010000000000001000000000000000100001000001010000,0.17028828458189627,3493.352117251978
1510243286832,INFO,EXPLORE_EVENT,100000000100011000000000000000000000000000100001000001010000,0.17028828458189627,3421.2279161538236
1510243291847,INFO,EXPLORE_EVENT,101000000100010000000000000000000000000000100001000001010000,0.16984955078436215,3870.9693012527923
1510243298072,INFO,EXPLORE_EVENT,100000000100010000000000000000000000001000100001000001010000,0.17248266458189626,3402.3108108519946
1510243303280,INFO,EXPLORE_EVENT,100000000100010000000000000000000000000000100001001001010000,0.16489475163984413,3845.7717922874153
1510243307557,INFO,EXPLORE_EVENT,100000000100010000000000000000000000000000100001000001010000,0.16924812716939625,2815.3318260572782
1510243335527,INFO,EXPLORE_EVENT,000000000100000000000000000000000000000000100001000000010000,0.15348351328590135,1285.7941782588236
1510243337628,INFO,EXPLORE_EVENT,000000000100000000000000000000000000000000100001000000000000,0.12129559511090134,1121.498192854329
1510243340705,INFO,EXPLORE_EVENT,000000000100000000000000000000000000000000000000000000000000,0.05068408969741005,448.4685696012415
1510243341465,INFO,EXPLORE_EVENT,000000000000000000000000000000000000000000000000000000000000,0.0,0.0
1510243346510,INFO,CLEAR_SCREEN,000000000000000000000000000000000000000000000000000000000000,N/A,N/A
1510243354763,INFO,EXPLORE_EVENT,100000000000000000000000000000000000000000000000000000000000,0.0144620975,259.2800180585232
1510243356143,INFO,EXPLORE_EVENT,100000000000010000000000000000000000000000000000000000000000,0.0368039,528.0350401958026
1510243359964,INFO,EXPLORE_EVENT,100000000000010000000000000000000000000000000000000001000000,0.07129423044518608,1546.1443471732864
1510243363727,INFO,EXPLORE_EVENT,100000000000010000000000000000000000000000100000000001010000,0.10164731313555106,2066.4777434875123
1510243367328,INFO,EXPLORE_EVENT,100000000000010000000000000000000000000000100001000001010000,0.1492464569462607,2326.9513492416913
1510243371901,INFO,EXPLORE_EVENT,100000000000010000000100000000000000000000100001000001010000,0.16091973650018682,2824.290154027697
1510243377730,INFO,EXPLORE_EVENT,100000000000010000000000000000000000000000100101000001010000,0.10659434905271939,3135.1355288130503
1510243381411,INFO,EXPLORE_EVENT,100000000000010000000000000000000000000000100001000001010000,0.1492464569462607,2326.9513492416913
1510243385405,INFO,EXPLORE_EVENT,100000000000010000000100000000000000000000100001000001010000,0.16091973650018682,2824.290154027697
1510243388885,INFO,CLICK_EVENT,100000000000010000000100000000000000000000100001000001010000,0.16091973650018682,2824.290154027697
1510243389143,INFO,CLICK_EVENT,100000000000010000000100000000000000000000100001000001010000,0.16091973650018682,2824.290154027697
1510243399473,INFO,CLEAR_SCREEN,100000000000010000000100000000000000000000100001000001010000,N/A,N/A
1510243832634,INFO,TREATMENT_2,000000000000000000000000000000000000000000000000000000000000,N/A,N/A
1510243905876,INFO,AGENT_EVENT,000000000000000000000000000000000000001000010000000000000000,0.0022939537499999663,742.220622563683
1510243910923,INFO,AGENT_EVENT,000010000100000010010100000000000000001000100000100000000100,0.09250778997990983,4656.245437090347
1510243912156,INFO,AGENT_EVENT,010000000000000010010000000000000000001000101000100000000000,0.06471427711875144,3450.8205177428717
1510243912834,INFO,AGENT_EVENT,000000000000000000000000000000000000000000100000000000000000,0.021025948837499975,412.6162237345597
1510243913596,INFO,AGENT_EVENT,010000000000000000000000000000000000010000000000000000000000,0.025446749999999962,527.4827788992965
1510243915088,INFO,AGENT_EVENT,010000100011101010000000100100010000000000000000000000001000,0.17046260909723987,6415.531661083075
1510243916028,INFO,AGENT_EVENT,000000000000000000000000000000000000000000000000000001000010,0.0385117775814281,1223.4583483418019
1510243916745,INFO,AGENT_EVENT,000000000000000000000000000000000000000000000010000000000000,0.0,211.37761473882722
1510243917726,INFO,CLICK_EVENT,010000100011101010000000100100010000000000000000000000001000,0.17046260909723987,6415.531661083075
1510243918157,INFO,AGENT_EVENT,000011000100000010010000000000000000000000000000000000000000,0.05809115264392062,2950.8463344672928
1510243919204,INFO,AGENT_EVENT,010000000000000000000001000000000010000000000000000000001000,0.1176056359263532,1526.0808929772961
1510243920634,INFO,AGENT_EVENT,011000000000010000100000000000010110001000000000000000010001,0.14142984505,3350.5086415798955
1510243922072,INFO,AGENT_EVENT,010001000000000000000010000000010100000000000101000000001000,0.10719695924292627,3712.545006721995
1510243923797,INFO,AGENT_EVENT,000000000000000000000001000000000100000000000000000000000000,0.05414406562499996,813.6108561312733
1510243924827,INFO,AGENT_EVENT,000000000000000100000000000000000011000100000000000010000000,0.07116239215808795,2781.5416740200026
1510243925651,INFO,AGENT_EVENT,000000100000000000000000000000000000000000010000001000000000,0.034024830000000006,1264.9696550967813
1510243926835,INFO,AGENT_EVENT,010000000000000000010010000000010100000000000101000000000000,0.06165398723103388,2069.4602623104156
1510243929681,INFO,AGENT_EVENT,010000100011101010100000100100010000000000000010010100000010,0.14701843862979724,7973.13098191053
1510243931319,INFO,CLICK_EVENT,011000000000010000100000000000010110001000000000000000010001,0.14142984505,3350.508641579896
1510243931988,INFO,AGENT_EVENT,010000100011101010100000100100010000000000000100010000000000,0.1350658228372339,7169.190079806193
1510243932729,INFO,AGENT_EVENT,000000100000000000000000010000000000000000010000000000000000,0.031432198837500036,863.824688206588
1510243933770,INFO,AGENT_EVENT,000000000000000000000000000100010110001000000000000000010001,0.09190429757724994,2638.672720460455
1510243934624,INFO,AGENT_EVENT,000000000000010000000000000000000000000000000000000000010000,0.057066321249999996,433.05090450269745
1510243936109,INFO,AGENT_EVENT,010000000000010000100100000000100101100000010000000000000000,0.09145451805541527,3507.5004675236337
1510243937081,INFO,AGENT_EVENT,000000000000000000000000000000000000000001000000010000000000,0.06393323179518606,1276.7267027612386
1510243938251,INFO,AGENT_EVENT,000000000010000000000001000000000000000010000000000000010000,0.10030343760000004,1382.0171250962962
1510243939261,INFO,AGENT_EVENT,000000000000000001000000000000000000001000100000100000000000,0.06381495625440836,2265.219860905719
1510243940299,INFO,AGENT_EVENT,000000000000000000000000100000000000000010110010000010000000,0.04313717233798331,2846.5901209075146
1510243941979,INFO,AGENT_EVENT,000000000001000001010001100000000010100000010001010000000000,0.11841229552722854,3217.4748056428507
1510243943171,INFO,AGENT_EVENT,000000000000100000100011000000000000000000000000000000010000,0.1350719000301437,2102.9106142134096
1510243943263,INFO,CLICK_EVENT,010000000000000000000001000000000010000000000000000000001000,0.1176056359263532,1526.0808929772961
1510243944329,INFO,AGENT_EVENT,000000000010000000000001000000000000100010000000000000010000,0.09895645465648928,2160.394683564669
1510243945612,INFO,AGENT_EVENT,011000000000010000100000000000000000000010000000010000000000,0.06668408884999999,2339.881706748949
1510243946421,INFO,AGENT_EVENT,000001000000000000000000000000000100000000000000000000000000,0.0429423729933468,1456.9799648915696
1510243947372,INFO,AGENT_EVENT,010000000000000000000000000000000000000000000000000000110000,0.07732761883750006,740.7013767388617
1510243948374,INFO,AGENT_EVENT,000000000000000000000000100000000000001000100000100000000000,0.039487234999999954,1514.4206867197838
1510243949549,INFO,AGENT_EVENT,010000000000001000000000000000000000000000000000000000110010,0.096701756959375,1547.1219861873287
1510243950159,INFO,CLICK_EVENT,000000000000100000100011000000000000000000000000000000010000,0.1350719000301437,2102.9106142134096
1510243950435,INFO,AGENT_EVENT,000000000000001000000000000000000000000000000000000000010000,0.033822506952249975,847.6657410330149
1510243951591,INFO,AGENT_EVENT,000000000000010000000000000000100000000000000010010100000010,0.05755468362667204,2199.0512564838377
1510243952202,INFO,AGENT_EVENT,000000000000000000000000000000000000000000000000000000000000,0.0,0.0
1510243953586,INFO,AGENT_EVENT,010000000000010100000010000000010000000000100000001000000001,0.11079091641570382,3298.17157373749
1510243954624,INFO,CLICK_EVENT,010000000000000000000001000000000010000000000000000000001000,0.1176056359263532,1526.0808929772961
1510243954828,INFO,AGENT_EVENT,000000000000100000100011000000000000000000000000001000010000,0.13926256798409697,2680.9896625484403
1510243956308,INFO,AGENT_EVENT,000000100011101010000000100100010000000000000010000000001000,0.1584446605220856,5570.520482610678
1510243957933,INFO,AGENT_EVENT,010000000000010000100100000000000001100010100010000000001000,0.17775190191307755,4743.83320516142
1510243958908,INFO,AGENT_EVENT,000000000000000000000001000000000010000000001000000000001000,0.09215888592635313,1898.4700476148544
1510243959752,INFO,AGENT_EVENT,000000000000000000000000000000000000000000100000000000100000,0.02234161241249999,825.3331989757877
1510243960857,INFO,AGENT_EVENT,000000000000000000000001000000000000000011000000000000010000,0.10915335891585676,2445.2921478806397
1510243962008,INFO,CLICK_EVENT,000000000000100000100011000000000000000000000000000000010000,0.1350719000301437,2102.9106142134096
1510243962222,INFO,AGENT_EVENT,011000000000010000100000010000010110000010000000000000010000,0.09532145759999999,3412.143534581372
1510243963424,INFO,AGENT_EVENT,000000000010000000000001000001000000000000000000000000001000,0.12374382472743262,2263.1407429482024
1510243964374,INFO,AGENT_EVENT,000000100000001000000000000000000000000000000000000001000000,0.0623578325678561,2133.141425264321
1510243965321,INFO,AGENT_EVENT,000000100010000000000000010000000000000000010000000000000000,0.032000520712500036,1040.9612816631115
1510243966703,INFO,AGENT_EVENT,010000000000000000000010000000010100000000000101000000010010,0.12802842530603398,2274.2760350560907
1510243966984,INFO,CLICK_EVENT,010000000000000000000001000000000010000000000000000000001000,0.1176056359263532,1526.0808929772961
1510243968346,INFO,AGENT_EVENT,010000000000010000100100000000101001100010100010000000000000,0.1187626343513597,5501.514457304475
1510243969218,INFO,AGENT_EVENT,000000000000000000000000000000000000000000010000010000000010,0.047776882059375025,533.8975975072224
1510243970400,INFO,AGENT_EVENT,010000000000100000000001000000000010000000000000000000001000,0.12946644842635313,1687.334104169574
1510243971609,INFO,CLICK_EVENT,010000100011101010100000100100010000000000000010010100000010,0.14701843862979724,7973.13098191053
1510243972482,INFO,AGENT_EVENT,000000000001000001010001100000000010100000000000000000110011,0.1542588256361619,3496.201454490997
1510243973425,INFO,AGENT_EVENT,010000100000000000000000000000000000000000000000000000010000,0.09071607133750004,773.0027388862901
1510243974527,INFO,AGENT_EVENT,000000000000000000000001000000000010000010000000000010010000,0.10514774437499996,1886.0785404814421
1510243975984,INFO,AGENT_EVENT,000000000000100000100010000000000011000000000000000001000010,0.17122862426913987,2539.9725200369003
1510243976763,INFO,AGENT_EVENT,000000000000000000000000000000000000000000010000100000000000,0.014462097500000048,415.16860790749496
1510243977489,INFO,CLICK_EVENT,010000100011101010100000100100010000000000000100010000000000,0.1350658228372339,7169.190079806192
1510243977681,INFO,AGENT_EVENT,000000000000000100000001000000000100000000000000000000000000,0.011521301670402662,1798.2282331773158
1510243978866,INFO,AGENT_EVENT,000000000000000000000101000000000100000000000000000000110000,0.11288162684927339,1840.1712916499896
1510243979592,INFO,AGENT_EVENT,000000000000000000000000000000000000000000000010000010000000,0.014985427699999998,809.5949079611817
1510243980294,INFO,AGENT_EVENT,000000000000010000000000000000000000000000000000000000000000,0.025446749999999962,268.75502213727935
1510243981445,INFO,AGENT_EVENT,010000000000100000000001000000000010000000000000000000000010,0.10978560883437494,1257.6455893596622
1510243982637,INFO,AGENT_EVENT,010000100000000000000000000000000000000000000000000000011000,0.11418052457988181,1368.7095182599837
1510243983702,INFO,AGENT_EVENT,010000000000000000000000000000000000000000000000001000110000,0.08290015625000002,1332.8737525826414
1510243983738,INFO,CLICK_EVENT,010000100011101010000000100100010000000000000000000000001000,0.17046260909723987,6415.531661083075
1510243984856,INFO,AGENT_EVENT,000000000010000000010000000000000000000000000000000000010000,0.03502702255000001,585.5181947413737
1510243986555,INFO,AGENT_EVENT,000010100000000001000100000000000001010100000110100000000010,0.14397251963972713,4507.236520248875
1510243987957,INFO,AGENT_EVENT,010000000000010000000100000000000000000000010000010000000010,0.08240714924686277,1568.6464244136719
1510243988810,INFO,AGENT_EVENT,000000000000010000000000000000000000000000010000000010000000,0.042400431350000045,1031.2106508509096
1510243989827,INFO,AGENT_EVENT,000000000000010000000000000000000000000001000010000000001000,0.09411964180818522,2132.9022063483817
1510243989994,INFO,CLICK_EVENT,010000000000010000100100000000101001100010100010000000000000,0.1187626343513597,5501.514457304475
1510243990785,INFO,AGENT_EVENT,000000000000000000000000000000000000000000000000000000011000,0.05305126231106261,760.1886445625349
1510243991904,INFO,AGENT_EVENT,100000000000000000000000000000000100000000000101000000010010,0.08497036609265896,1892.452820486818
1510243993494,INFO,AGENT_EVENT,000000000000100000100010000000010011000000000000000001000010,0.17122862426913987,2626.1989653928936
1510243994532,INFO,AGENT_EVENT,001000000000000000000000000000000000000000000000000000011000,0.05689768981106258,1443.5584001910552
1510243995582,INFO,AGENT_EVENT,010000000000000000000001000000000010000000000000000000001000,0.1176056359263532,1526.0808929772961
1510243996683,INFO,CLICK_EVENT,000000000000000000000000000000000000001000010000000000000000,0.0022939537499999663,742.220622563683
1510243996745,INFO,AGENT_EVENT,010000100000000000000001000000000000000011000000000000000000,0.1395145455471274,2889.517036173594
1510243997900,INFO,AGENT_EVENT,000000000010000000000001000000000010000010000000000000010000,0.10030343760000004,1632.3004032712088
1510243998599,INFO,AGENT_EVENT,000000000000000000100000000000000000000000000000000000000000,0.021025948837499975,431.63363893128997
1510243999667,INFO,AGENT_EVENT,000000000000100000000001000000000010100000000000000000001000,0.10712464592635318,1669.4285846181301
1510244000194,INFO,CLICK_EVENT,000000000000000000000000000000000000000000000010000010000000,0.0149854277,809.5949079611817
1510244000807,INFO,AGENT_EVENT,010100000000100000000001000000000010000000000000000000001000,0.11406253818306544,2602.129227376649
1510244002180,INFO,AGENT_EVENT,110000000000000000000101000000000100000000000000000000110000,0.15410090171543867,2283.8959413047432
1510244002994,INFO,AGENT_EVENT,000000000000000000000000000000000000000000000010000001000000,0.034490330445186124,1229.5929242406964
1510244003586,INFO,CLICK_EVENT,000000000000000000000000000000000000000000100000000000100000,0.022341612412499993,825.3331989757878
1510244004141,INFO,AGENT_EVENT,010000000000100000000001000000000010000000000000000010000010,0.12474121450937503,1772.3752671665075
1510244005848,INFO,AGENT_EVENT,000000000010000001000001000000000010000000000101000000010010,0.10445266065925174,3145.5151586576835
1510244006867,INFO,AGENT_EVENT,010000000000000000000000000000000010000000000000000010000010,0.05873633638437503,1245.1866180525092
1510244008181,INFO,AGENT_EVENT,000001000000100000000001000000000010100000000000000000000010,0.12313464219180636,2249.044616490235
1510244008706,INFO,CLICK_EVENT,010000000000010000100100000000000001100010100010000000001000,0.17775190191307755,4743.83320516142
1510244009510,INFO,AGENT_EVENT,100000000000100000100011000000000000000000000000000000010000,0.1353369418153766,2362.134640824605
1510244010478,INFO,AGENT_EVENT,000000000000000000000001000100000010000000000000000000001000,0.09215888592635313,2156.4793552585625
1510244011594,INFO,CLICK_EVENT,000000000000100000100010000000000011000000000000000001000010,0.17122862426913987,2539.9725200369003
1510244011929,INFO,AGENT_EVENT,100000000000100000100010000000000011000000000000000000001000,0.15023831193881532,2216.8953641267353
1510244012996,INFO,AGENT_EVENT,010000000000000000000000000000000010000000010000000001000010,0.06395852758142806,1906.7349841452697
1510244014612,INFO,CLICK_EVENT,000000000000100000100010000000010011000000000000000001000010,0.17122862426913987,2626.1989653928936
1510244015625,INFO,AGENT_EVENT,000000000011000001010001100000000010100000000000000001110011,0.12261037641625716,5060.587854975399
1510244016785,INFO,AGENT_EVENT,010000000000100000000001000000001010000000000000000000001000,0.12946644842635313,2383.8838747989844
1510244017926,INFO,AGENT_EVENT,010000100000000001000000000000000000000000000000000000001000,0.12143904164326147,2258.9825861999066
1510244019647,INFO,AGENT_EVENT,100000000000100000100010000000000011000000000000000000011001,0.16296418832660697,2747.4653567839355
1510244020290,INFO,AGENT_EVENT,000000000000000000000000000100000000000000010000000000000000,0.0,1025.3054645928125
1510244021318,INFO,AGENT_EVENT,000000000000000000000000000000100000000000000000000000011000,0.07667832025488175,1187.9266654418714
1510244022518,INFO,AGENT_EVENT,010000010000100000000001000000000000000000000000000000001000,0.14156129992349975,1510.7273705988
1510244023651,INFO,AGENT_EVENT,010000100000000000000000000000000000000100000000000000011000,0.11418052457988181,2162.8102594758448
1510244024587,INFO,CLICK_EVENT,000000000000100000100010000000000011000000000000000001000010,0.17122862426913987,2539.9725200369003
1510244024717,INFO,AGENT_EVENT,010000000010000000000000000000000000000000000000000000110000,0.07789594071249994,917.5839807277762
1510244026273,INFO,AGENT_EVENT,010000000000000000000010000000000011000010000000000000011001,0.15452327198910698,2815.5918360187466
1510244027729,INFO,AGENT_EVENT,000000100000100000100011000000000010000010000000000000010000,0.16126259300337642,3382.8157074440724
1510244029141,INFO,AGENT_EVENT,010000000000010000101100000000000010000000000000000000000010,0.0799839444639181,2599.036835255719
1510244030326,INFO,AGENT_EVENT,000000000000100000000001000000000010000010000000000000001000,0.12211007362635318,2016.694548031171
1510244031297,INFO,AGENT_EVENT,010000100000000000000000000000000100000000000000000000001000,0.09711132038885317,1697.3534577274427
1510244031652,INFO,CLICK_EVENT,010000100011101010100000100100010000000000000010010100000010,0.14701843862979724,7973.13098191053
1510244032506,INFO,AGENT_EVENT,000000000000100000100010000000000011000000100000000000000000,0.10563594928749998,1691.6054101352086
1510244033536,INFO,AGENT_EVENT,000000000000000000000000000000000000000001000000000000110000,0.08154686958035606,1490.0287914669636
1510244034606,INFO,AGENT_EVENT,010000000000100000000000000000100000000000000000000000010000,0.08868476883749998,1120.1523036513063
1510244035618,INFO,AGENT_EVENT,000000100000010000000000000000000000000000000000000000010000,0.0877338688375,864.6845434339874
1510244035652,INFO,CLICK_EVENT,010000000000010000100100000000101001100010100010000000000000,0.1187626343513597,5501.514457304475
1510244036660,INFO,AGENT_EVENT,010000000000000000000000000000000100000000000000001000110000,0.08290015625000002,1780.5491707921942
1510244037646,INFO,AGENT_EVENT,000000000000000000000001000000000000000010000010000000010000,0.0987509889,1256.1389077640986
1510244039217,INFO,AGENT_EVENT,000000000000100000100011000000000000000000000000000000010110,0.20174320710303206,2674.3941096049302
1510244040178,INFO,AGENT_EVENT,000000000000110000000000000000000000000000000000000000001000,0.08617587030135321,1084.8818154751953
1510244042420,INFO,CLICK_EVENT,010000100011101010100000100100010000000000000100010000000000,0.1350658228372339,7169.190079806192
1510244042475,INFO,AGENT_EVENT,000000100000000001000100100000000001010100000110100000111010,0.17128923148334074,5469.332923664972
1510244043734,INFO,AGENT_EVENT,100000000100100000000001000000000010000000000000000000001000,0.1450961243957829,2166.2335965361344
1510244044878,INFO,AGENT_EVENT,000000000000001000000001000000000000000010000000000000010000,0.10310107889999998,1722.3272315468782
1510244045774,INFO,CLICK_EVENT,000000000000000100000001000000000100000000000000000000000000,0.01152130167040266,1798.2282331773158
1510244046323,INFO,AGENT_EVENT,010000010010100000000001000000000000000000000000000000010000,0.12980077749999996,1203.4589267085407
1510244047391,INFO,AGENT_EVENT,010000000000000000000000000000000000000000000000000011000010,0.06409143644363868,2382.5390461791217
1510244048529,INFO,AGENT_EVENT,010000000000100000000001000000000010010000000000000000000010,0.10978560883437494,1516.3164035900222
1510244050205,INFO,CLICK_EVENT,000000000000000000000000100000000000000010110010000010000000,0.04313717233798331,2846.5901209075146
1510244050446,INFO,AGENT_EVENT,000000100000000001000100000000100001110010100010000000001000,0.1596967871799423,5409.416044346068
1510244051547,INFO,AGENT_EVENT,000100000000000000000000000000000000000000000000000000011001,0.07936703965622316,2090.935266192219
1510244053431,INFO,AGENT_EVENT,100000000000100000100010000000000011000000000000000011010010,0.1824002127595833,3796.7213490859262
1510244055160,INFO,AGENT_EVENT,110000000000100000100010000000000011000000000000010000001000,0.16956659246761463,2690.5412392604103
1510244056292,INFO,CLICK_EVENT,010000000000000010010000000000000000001000101000100000000000,0.06471427711875144,3450.8205177428717
1510244056719,INFO,AGENT_EVENT,000000000000000000100011000000000000000000001000000000010110,0.17617697864058868,2282.1271968625265
1510244058105,INFO,AGENT_EVENT,000000000000000000000001000000000000000001000000000000010110,0.1327234209529835,2119.747344506059
1510244059223,INFO,AGENT_EVENT,100000000000100000100000000000000000001000000000000000010000,0.08226765192499996,1684.846405508463
1510244060240,INFO,AGENT_EVENT,010000000000000000000000000000000011000100000000000000001000,0.1176056359263532,2227.336882807326
1510244061500,INFO,AGENT_EVENT,010000001000100000000001000000000010010000000000000000000010,0.10633297701623246,2234.131980919696
1510244063024,INFO,AGENT_EVENT,000000000000000000100010000000010011000010000000000001000010,0.15541452629413988,3039.945878434187
1510244064172,INFO,AGENT_EVENT,000000000000100010100001000000000010000000000000000000001000,0.11130990176125677,3494.064975828482
1510244065371,INFO,AGENT_EVENT,000000000000100100100000000000000000000000000000000000011000,0.06414007538282973,2568.0014833593323
1510244067251,INFO,AGENT_EVENT,010000000000000000100010000000000011000000000000001011010010,0.1807439985769015,4672.602398238256
1510244068296,INFO,AGENT_EVENT,100000000000000000000001000000000000000000000000000000010000,0.09858224257725001,789.7093384399701
1510244069622,INFO,AGENT_EVENT,010000000000100000100011000000000000000000000000000000001000,0.17109332893897178,2848.476805689578
1510244070473,INFO,AGENT_EVENT,000000000000100000000000000001000000000000000000000000000000,0.04871923751604679,1261.5519189689737
1510244072089,INFO,AGENT_EVENT,000000000001000000000001000000100001100010100010000000001000,0.13879373169351428,4161.276955061077
1510244073298,INFO,AGENT_EVENT,010000100000000000001001000000000000000000000000000000010000,0.12973170872481632,1925.546583754872
1510244075000,INFO,AGENT_EVENT,010000010010100000000001000000000010010000000000000000001010,0.15249356852649487,2377.714073513671
1510244076474,INFO,AGENT_EVENT,100000000100100000010001000000000010000000000000000000010000,0.15523515476942973,1754.0819572702887
1510244077498,INFO,AGENT_EVENT,110000000000000000000001000000000000000000000000000000010000,0.13392468687500003,973.9560729809689
1510244078750,INFO,AGENT_EVENT,000000000000100000100011000000000000000010000000000000010000,0.15004932869444543,2700.9760691352285
1510244079671,INFO,AGENT_EVENT,000000000000000000000001010000000010000000000000000000001000,0.09215888592635313,1432.7784431674893
1510244080948,INFO,AGENT_EVENT,000000000010000000010000000000000000000010000000000000010000,0.04998262822499999,1183.3881134688322
1510244082110,INFO,CLICK_EVENT,000000000000100000100011000000000000000000000000000000010110,0.20174320710303206,2674.3941096049302
1510244082733,INFO,AGENT_EVENT,100000000000100000100010000000100001100010110010000000001000,0.16454765178620434,4589.41155685928
1510244084047,INFO,AGENT_EVENT,010000100000000000001001000010000000000000000000000000010000,0.1317297843998163,2549.7266592727838
1510244085121,INFO,AGENT_EVENT,000000000010000000000001000000000000000000000000000001000000,0.0821081879722998,1637.870994271852
1510244086185,INFO,AGENT_EVENT,010000000000100000000001000000000000000000000000000010000000,0.10840530947499993,1394.1109533965746
1510244087312,INFO,AGENT_EVENT,110000000000000000000001000000000000000100000000000000010000,0.13392468687500003,1768.05681419683
1510244087598,INFO,CLICK_EVENT,000010000100000010010100000000000000001000100000100000000100,0.09250778997990983,4656.245437090347
1510244088642,INFO,AGENT_EVENT,000000000000000000010001000000000011000000000000000000010000,0.09463191630000001,1117.9708202585452
1510244091574,INFO,AGENT_EVENT,010000000000010000100111000000000000000000001000010000010110,0.1119788160069084,4153.88951717422
1510244093143,INFO,AGENT_EVENT,100000000000000000000001000000000000000000000000000000011110,0.11483453490807316,1794.365624981986
1510244095076,INFO,AGENT_EVENT,010000010010100000000001000000000000010000000000000001010010,0.15332343461593934,2629.695504203689
1510244096055,INFO,CLICK_EVENT,010000000000010000100100000000101001100010100010000000000000,0.1187626343513597,5501.514457304475
1510244097387,INFO,AGENT_EVENT,100000000100100000000001000000000010000000001000000000011110,0.1353701994241352,3335.3767568625435
1510244098476,INFO,AGENT_EVENT,000000001000100000000000000000000000000000000000000000110000,0.07310328666728594,1400.4317567884661
1510244099385,INFO,AGENT_EVENT,000000000000000000000010000000000000000000000000000000010000,0.031112723202250003,418.2152529160041
1510244100792,INFO,AGENT_EVENT,000000000000000000100001000000000000000000001000000000010110,0.1346483110766673,2085.564973778003
1510244100935,INFO,CLICK_EVENT,000000000000100000100011000000000000000000000000000000010110,0.20174320710303206,2674.3941096049302
1510244102593,INFO,AGENT_EVENT,000000010000100000100010000000010000000000001000000000010110,0.15905762765786813,2504.359127293587
1510244103982,INFO,AGENT_EVENT,000000100000010000000000000000001011000000000000000001010010,0.12729113861994534,3478.5364509107953
1510244104912,INFO,AGENT_EVENT,000000000000000000000001000000000100000000000001000000000000,0.05915062812500005,1155.4490429318287
1510244106281,INFO,AGENT_EVENT,010000000000010000100100000000100010000000000000000000010000,0.11509699072268731,2416.5218427810587
1510244107674,INFO,AGENT_EVENT,110000000000000000000101000000000100100000000000000000110000,0.15410090171543867,2534.6954328135216
1510244109269,INFO,AGENT_EVENT,100000000000000000101001000000000000000000001000000000010110,0.13011101237202594,3415.8380426787035
1510244110249,INFO,AGENT_EVENT,000000000000000000000000000000000001000000010000010000000010,0.10192094768437499,897.8568769342805
1510244111686,INFO,AGENT_EVENT,000000100010010000000000000000000000000000001000000000010110,0.12281296359131566,2254.400322657788
1510244112701,INFO,AGENT_EVENT,000000000000000000000000000000000000000001000000000000110000,0.08154686958035606,1490.0287914669636
1510244113642,INFO,AGENT_EVENT,110000000000000000000000000000000000100000000000000000010000,0.07978062125000007,859.0514727532427
1510244114945,INFO,AGENT_EVENT,100000000100101000000001000000000010000000000000000000010000,0.14368206487696833,3201.1868071615595
1510244115718,INFO,AGENT_EVENT,000000000010000000000000000000000000000000000000000000000000,5.683218749999996E-4,253.72024684826238
1510244116526,INFO,AGENT_EVENT,000000000000010000000000000000000000000000000000000000000001,0.08302487812500003,639.9710435273994
1510244117652,INFO,AGENT_EVENT,000000000000010000010000000000000000000000000000000000010000,0.06322757749999997,506.7609724062246
1510244118507,INFO,AGENT_EVENT,000000000000000000000000000000001000000000000000000000010000,0.029976079452250004,831.4747106888952
1510244118755,INFO,CLEAR_SCREEN,000000000000000000000000000000000000000000000000000000000000,N/A,N/A
1510244133296,INFO,CLICK_EVENT,000000000000000000000000000000000000000000000000000000000000,0,0
1510244139078,INFO,EXPLORE_EVENT,000000000000100000000000000000000000000000000000000000000000,0.0144620975,259.2800180585232
1510244141478,INFO,EXPLORE_EVENT,000000000000100000100000000000000000000000000000000000000000,0.049827398837499995,592.3408162745889
1510244144672,INFO,EXPLORE_EVENT,000000000000100000100011000000000000000000000000000000000000,0.10445827859444543,1938.614628808915
1510244153794,INFO,EXPLORE_EVENT,000000000000100000100011000000000000000000000000000001000000,0.12573463310011454,2956.829938310784
1510244160091,INFO,EXPLORE_EVENT,000000000000100000100011000000000000000000000000000000010000,0.13507190003014374,2102.9106142134096
1510244164997,INFO,EXPLORE_EVENT,000000000000100000100011000000000000000000000000000000010100,0.1602644401294774,2490.1890900230464
1510244173324,INFO,CLICK_EVENT,000000000000100000100011000000000000000000000000000000010100,0.1602644401294774,2490.1890900230464
1510244184828,INFO,EXPLORE_EVENT,000000000000000000000000000000000000000000000000000000000000,0.0,0.0
1510244185958,INFO,CLEAR_SCREEN,000000000000000000000000000000000000000000000000000000000000,N/A,N/A
