1511295193124,INFO,DEMO_TREATMENT,000000000000000000000000000000000000000000000000000000000000,N/A,N/A
1511295320101,INFO,EXPLORE_EVENT,100000000000000000000000000000000000000000000000000000000000,0.0,447.73705817532016
1511295329393,INFO,EXPLORE_EVENT,100000000000010000000000000000000000000000000000000000000000,0.0,659.0530329483801
1511295346907,INFO,EXPLORE_EVENT,000000000000000000000000110000000000000000000000000000000000,0.049004033368411776,619.9552037112885
1511295355215,INFO,EXPLORE_EVENT,000000000000000000000000111000000000000000000000000000000000,0.059621556455690686,1115.0938872519353
1511295362984,INFO,CLICK_EVENT,000000000000000000000000111000000000000000000000000000000000,0.059621556455690686,1115.0938872519353
1511295371692,INFO,CLICK_EVENT,000000000000000000000000110000000000000000000000000000000000,0.049004033368411776,619.9552037112885
1511295375749,INFO,CLICK_EVENT,000000000000000000000000111000000000000000000000000000000000,0.059621556455690686,1115.0938872519353
1511295389565,INFO,EXPLORE_EVENT,000000000000000000000000111000000000000100000000000000000000,0.07408365395569069,1374.3179138631306
1511295393509,INFO,EXPLORE_EVENT,000000000000000000000000111000000000000110000000000000000000,0.10289533174075509,1558.8185369066891
1511295398919,INFO,EXPLORE_EVENT,000000000000000000000000111000000000000111000000000000000000,0.09383221208464801,2986.912707555716
1511295402339,INFO,EXPLORE_EVENT,000000000000000000000000111000000000000110000000000000000000,0.10289533174075509,1558.8185369066891
1511295412083,INFO,EXPLORE_EVENT,000000000000000000001000111000000000000110000000000000000000,0.12670834477244952,2576.8509626950126
1511295423800,INFO,EXPLORE_EVENT,000000000100000000001000111000000000000110000000000000000000,0.14081231448261958,3004.588983574349
1511295430514,INFO,EXPLORE_EVENT,000000000100000000001000000000000000000110000000000000000000,0.0967553501553561,1889.4950963224142
1511295433701,INFO,EXPLORE_EVENT,000000000100000000001000000000000000000000000000000000000000,0.0493589514053561,1445.7704466676603
1511295435294,INFO,EXPLORE_EVENT,000000000000000000000000000000000000000000000000000000000000,0.0,0.0
1511295442703,INFO,CLICK_EVENT,000000000100000000001000111000000000000110000000000000000000,0.14081231448261958,3004.588983574349
1511295478802,INFO,CLEAR_SCREEN,000000000000000000000000000000000000000000000000000000000000,N/A,N/A
1511295480329,INFO,CLICK_EVENT,000000000000000000000000000000000000000000000000000000000000,0,0
1511295480505,INFO,CLICK_EVENT,000000000000000000000000000000000000000000000000000000000000,0,0
1511295482809,INFO,TREATMENT_1,000000000000000000000000000000000000000000000000000000000000,N/A,N/A
1511295493521,INFO,EXPLORE_EVENT,000000000000000000000000000000000000000000000000100000000000,0.0144620975,250.88035225693346
1511295495807,INFO,EXPLORE_EVENT,000000000000000000000000000000000000100000000000000000000000,0.0,250.8605824203334
1511295497915,INFO,EXPLORE_EVENT,000000000000000000000000100000000000000000000000000000000000,0.0,258.5627292295798
1511295500087,INFO,EXPLORE_EVENT,000000000000100000000000000000000000000000000000000000000000,0.0144620975,259.2800180585232
1511295501861,INFO,EXPLORE_EVENT,100000000000000000000000000000000000000000000000000000000000,0.0144620975,259.2800180585232
1511295504149,INFO,EXPLORE_EVENT,000000000000100000000000000000000000000000000000000000000000,0.0144620975,259.2800180585232
1511295505890,INFO,EXPLORE_EVENT,010000000000100000000000000000000000000000000000000000000000,0.0368039,528.0350401958026
1511295508422,INFO,EXPLORE_EVENT,000000000000110000000000000000000000000000000000000000000000,0.048161050000000004,443.7246496547539
1511295511500,INFO,EXPLORE_EVENT,000000000000100000000000010000000000000000000000000000000000,0.0144620975,527.1828116832597
1511295514206,INFO,EXPLORE_EVENT,000000000000100000000000000000000000010000000000000000000000,0.0144620975,518.0077748205404
1511295517045,INFO,EXPLORE_EVENT,000000000000100000000000000000000000000000000000010000000000,0.040800051350000005,518.0311851456465
1511295519841,INFO,EXPLORE_EVENT,000000000000110000000000000000000000000000000000000000000000,0.048161050000000004,443.7246496547539
1511295523488,INFO,EXPLORE_EVENT,001000000000110000000000000000000000000000000000000000000000,0.04892570125000001,1127.0944052832742
1511295525940,INFO,EXPLORE_EVENT,000000000000111000000000000000000000000000000000000000000000,0.038236676283312516,1871.8188203037812
1511295528826,INFO,EXPLORE_EVENT,000000000000110000000000001000000000000000000000000000000000,0.04892570125000001,1121.7449408494535
1511295531044,INFO,EXPLORE_EVENT,000000000000110000000000000000000000001000000000000000000000,0.04892570125000001,1112.7102268729382
1511295533338,INFO,EXPLORE_EVENT,000000000000110000000000000000000000000000000000001000000000,0.04892570125000001,1112.8495980492708
1511295535127,INFO,EXPLORE_EVENT,000000000000110000000000000000000000000000000000000000000000,0.048161050000000004,443.7246496547539
1511295536754,INFO,EXPLORE_EVENT,000100000000110000000000000000000000000000000000000000000000,0.051846999525120445,1309.574324525739
1511295539333,INFO,EXPLORE_EVENT,000000000000110100000000000000000000000000000000000000000000,0.009483372672923264,1489.904820472551
1511295541585,INFO,EXPLORE_EVENT,000000000000110000000000000100000000000000000000000000000000,0.048161050000000004,1304.4906563333348
1511295544151,INFO,EXPLORE_EVENT,000000000000110000000000000000000000000100000000000000000000,0.048161050000000004,1237.825390870615
1511295546193,INFO,EXPLORE_EVENT,000000000000110000000000000000000000000000000000000100000000,0.05193665795039083,1237.9606635308771
1511295548993,INFO,EXPLORE_EVENT,000000000000110000000000000000000000000000000000000000000000,0.048161050000000004,443.7246496547539
1511295553258,INFO,EXPLORE_EVENT,000000000000110000000000000000000000000000000000000100000000,0.05193665795039083,1237.9606635308771
1511295554526,INFO,EXPLORE_EVENT,000000000000110000000000000000000000000000000000000110000000,0.059725905783723277,2151.137733292586
1511295557569,INFO,EXPLORE_EVENT,000000000000110000000000000000000000000010000000000100000000,0.06889033930039083,1836.0261184526962
1511295560444,INFO,EXPLORE_EVENT,000000000000110000000000000010000000000000000000000100000000,0.05390491160039083,1862.1407390487889
1511295563109,INFO,EXPLORE_EVENT,000000000000110010000000000000000000000000000000000100000000,0.03625628804599989,2572.7842122909924
1511295565946,INFO,EXPLORE_EVENT,000010000000110000000000000000000000000000000000000100000000,0.05593280930039083,1867.9656519001555
1511295568711,INFO,EXPLORE_EVENT,000000000000110000000000000010000000000000000000000100000000,0.05390491160039083,1862.1407390487889
1511295572408,INFO,EXPLORE_EVENT,000000000000110000000000000000000000000010000000000100000000,0.06889033930039083,1836.0261184526962
1511295574962,INFO,EXPLORE_EVENT,000000000000110000000000000000000000000010000000000000000000,0.06511473135000001,1041.790104576573
1511295579192,INFO,EXPLORE_EVENT,000000000000110000000000000000000000000010000000000100000000,0.06889033930039083,1836.0261184526962
1511295584783,INFO,EXPLORE_EVENT,000000000000110000000000000001000000000010000000000100000000,0.10314747931643764,2838.3540108104744
1511295588394,INFO,EXPLORE_EVENT,000000000000110001000000000000000000000010000000000100000000,0.05842035019051142,3040.990245608505
1511295591825,INFO,EXPLORE_EVENT,000001000000110000000000000000000000000010000000000100000000,0.11183271229373766,2845.330665134713
1511295599645,INFO,EXPLORE_EVENT,000001000000110000000000000000100000000010000000000100000000,0.12394349425952805,3273.0686860140495
1511295603181,INFO,EXPLORE_EVENT,000001000000110000100000000000000000000010000000000100000000,0.12692569675952806,3186.0646192099566
1511295606308,INFO,EXPLORE_EVENT,000001100000110000000000000000000000000010000000000100000000,0.11827813661880858,3491.246566984495
1511295610220,INFO,EXPLORE_EVENT,000001000000110000000000000000000000000010100000000100000000,0.12394349425952805,3183.2027289494495
1511295613928,INFO,EXPLORE_EVENT,000001000000110000000000000000000000000010000000000100100000,0.11305360425865961,3413.7308145151246
1511295616416,INFO,EXPLORE_EVENT,000001000000110000000000000000000000000010000000000100000000,0.11183271229373766,2845.330665134713
1511295619261,INFO,EXPLORE_EVENT,001001000000110000000000000000000000000010000000000100000000,0.10545306111836031,3924.2458294445923
1511295623294,INFO,EXPLORE_EVENT,000001000000111000000000000000000000000010000000000100000000,0.10190833857705017,4273.4248357837405
1511295627028,INFO,EXPLORE_EVENT,000001000000110000000000001000000000000010000000000100000000,0.11259736354373767,3523.350956329413
1511295630194,INFO,EXPLORE_EVENT,000001000000110000000000000000000000001010000000000100000000,0.11454419739019525,4380.20109831999
1511295633536,INFO,EXPLORE_EVENT,000001000000110000000000000000000000000010000000001100000000,0.11171699378834804,3884.6780900782733
1511295635838,INFO,EXPLORE_EVENT,000001000000110000000000000000000000000010000000000100000000,0.11183271229373766,2845.330665134713
1511295642556,INFO,EXPLORE_EVENT,000001000000110000000000000000000000000010000000000100010000,0.11696513341544505,2964.614813499231
1511295645783,INFO,EXPLORE_EVENT,000001000000110000000000000000000000000010010000000100000000,0.11183271229373766,2918.892414291603
1511295648811,INFO,EXPLORE_EVENT,000001000000110000000000000000010000000010000000000100000000,0.11183271229373766,3012.3695126559514
1511295658681,INFO,EXPLORE_EVENT,000001000000110000000000000000000000000010010000000100000000,0.11183271229373766,2918.892414291603
1511295662028,INFO,EXPLORE_EVENT,000001000000110000000000000000000000000010000000000100010000,0.11696513341544505,2964.614813499231
1511295664338,INFO,CLICK_EVENT,000001000000110000100000000000000000000010000000000100000000,0.12692569675952806,3186.0646192099566
1511295667033,INFO,EXPLORE_EVENT,000001000000110000000000000000000000000010000000000100000000,0.11183271229373766,2845.330665134713
1511295676301,INFO,CLICK_EVENT,000001000000110000100000000000000000000010000000000100000000,0.12692569675952806,3186.0646192099566
1511295677484,INFO,CLICK_EVENT,000001000000110000100000000000000000000010000000000100000000,0.12692569675952806,3186.0646192099566
1511295683703,INFO,EXPLORE_EVENT,000001000000110000100000000000000000000010000000000100000000,0.12692569675952806,3186.0646192099566
1511295692666,INFO,EXPLORE_EVENT,000001000000110000100000000000010000000010000000000100000000,0.12692569675952806,3353.103466731195
1511295696065,INFO,EXPLORE_EVENT,000001000000110000100000000000000000000010010000000100000000,0.12692569675952806,3259.6263683668467
1511295698681,INFO,EXPLORE_EVENT,000001000000110000100000000000000000000010000000000100000000,0.12692569675952806,3186.0646192099566
1511295700770,INFO,EXPLORE_EVENT,000001000000110000100000000000000000000010000000000100001000,0.13377353922972052,3617.8861133193095
1511295703397,INFO,EXPLORE_EVENT,000001000000110000100000000000000000000010001000000100000000,0.12226749007739465,4135.474009833856
1511295706178,INFO,EXPLORE_EVENT,000001000000110000100000000000001000000010000000000100000000,0.12692569675952806,3852.9349954550116
1511295710436,INFO,EXPLORE_EVENT,000001000000110000101000000000000000000010000000000100000000,0.09251483317080672,4318.016049723568
1511295713996,INFO,EXPLORE_EVENT,000001001000110000100000000000000000000010000000000100000000,0.11544240186294429,3682.6749571158834
1511295717563,INFO,EXPLORE_EVENT,000001000000110000100000000000000000000010001000000100000000,0.12226749007739465,4135.474009833856
1511295720668,INFO,CLICK_EVENT,000001000000110000100000000000000000000010000000000100001000,0.13377353922972052,3617.8861133193095
1511295725010,INFO,EXPLORE_EVENT,000001000000110000100000000000000000000010000000000100000000,0.12692569675952806,3186.0646192099566
1511295727231,INFO,EXPLORE_EVENT,000001000000110000100000000000000000000010000000000100001000,0.13377353922972052,3617.8861133193095
1511295729232,INFO,CLICK_EVENT,000001000000110000100000000000000000000010000000000100001000,0.13377353922972052,3617.8861133193095
1511295736173,INFO,EXPLORE_EVENT,000001000000110000100000000000000000000010000000000100000000,0.12692569675952806,3186.0646192099566
1511295742070,INFO,EXPLORE_EVENT,000001000000110000100000000000000000000010000000000100001000,0.13377353922972052,3617.8861133193095
1511295749993,INFO,EXPLORE_EVENT,000001000000110000100000000000000000000010000000000100001100,0.14083992243201476,3859.54148264426
1511295755162,INFO,EXPLORE_EVENT,000001000000110000100000000000000000000010000100000100001000,0.12784092254968518,4363.520502062083
1511295758771,INFO,EXPLORE_EVENT,000001000000110000100000000000000100000010000000000100001000,0.13377353922972052,4065.5615315288624
1511295762970,INFO,EXPLORE_EVENT,000001000000110000100100000000000000000010000000000100001000,0.11141930903733238,4511.19464018968
1511295766258,INFO,EXPLORE_EVENT,000001000100110000100000000000000000000010000000000100001000,0.1304680285211492,3879.900416420048
1511295770237,INFO,EXPLORE_EVENT,000001000000110000100000000000000000000010000000000100001100,0.14083992243201476,3859.54148264426
1511295775583,INFO,EXPLORE_EVENT,000001000000110000100000000000000000000010000000000100001110,0.1425317066759783,4045.9216971333262
1511295779804,INFO,EXPLORE_EVENT,000001000000110000100000000000000000000010000010000100001100,0.14083992243201476,3987.383512160325
1511295782899,INFO,EXPLORE_EVENT,000001000000110000100000000000000010000010000000000100001100,0.14083992243201476,4109.824760819173
1511295787075,INFO,EXPLORE_EVENT,000001000000110000100010000000000000000010000000000100001100,0.14254458380792195,4838.349390492633
1511295791151,INFO,EXPLORE_EVENT,000001000010110000100000000000000000000010000000000100001100,0.1396383473855375,4177.738452109432
1511295795353,INFO,EXPLORE_EVENT,000001000000110000100000000000000000000010000000000100001100,0.14083992243201476,3859.54148264426
1511295795961,INFO,CLICK_EVENT,000001000000110000100000000000000000000010000000000100001110,0.1425317066759783,4045.9216971333262
1511295801526,INFO,EXPLORE_EVENT,000001000000110000100000000000000000000010000000000100001110,0.1425317066759783,4045.9216971333262
1511295809634,INFO,EXPLORE_EVENT,000001000000110000100000000000000000000010000000000100001110,0.1425317066759783,4045.9216971333262
1511295814538,INFO,EXPLORE_EVENT,000001000000110000100000000000000000000010000001000100001110,0.1906836472939305,5029.884991204188
1511295821689,INFO,EXPLORE_EVENT,000001000000110000100000000000000001000010000000000100001110,0.1894242351650628,4409.880976560385
1511295827304,INFO,EXPLORE_EVENT,000001000000110000100001000000000000000010000000000100001110,0.16339526710821833,5186.932786500145
1511295832434,INFO,EXPLORE_EVENT,000001000000110000100001000000000001000010000000000100001110,0.18001735087676296,5550.8920659272035
1511295837269,INFO,EXPLORE_EVENT,000001000000110000100000000000000001000010000000000100001110,0.1894242351650628,4409.880976560385
1511295843266,INFO,EXPLORE_EVENT,000001000000110000100001000000000000000010000000000100001110,0.16339526710821833,5186.932786500145
1511295845907,INFO,CLICK_EVENT,000001000000110000100000000000000000000010000001000100001110,0.1906836472939305,5029.884991204188
1511295855228,INFO,EXPLORE_EVENT,000001000000110000100001000000000000000010000001000100001110,0.17744172971781214,6118.2950129634555
1511295865096,INFO,EXPLORE_EVENT,000001000000110000100000000000000000000010000001000100001110,0.1906836472939305,5029.884991204188
1511295882326,INFO,EXPLORE_EVENT,000001000000110000100000000000000000000010000001000100011110,0.1928495181294255,5136.913755192934
1511295887537,INFO,EXPLORE_EVENT,000001000000110000100000000000000000000010010001000100001110,0.18922079150414045,5136.809961426283
1511295892157,INFO,EXPLORE_EVENT,000001000000110000100000000000010000000010000001000100001110,0.1906836472939305,5196.923838725426
1511295897996,INFO,EXPLORE_EVENT,000001000000110000110000000000000000000010000001000100001110,0.20498392207362437,5096.502245804021
1511295907705,INFO,EXPLORE_EVENT,001001000000110000110000000000000000000010000001000100001110,0.1996379143648079,6175.4174101139015
1511295914312,INFO,EXPLORE_EVENT,000001000000111000110000000000000000000010000001000100001110,0.183015252430707,6892.809399560119
1511295920621,INFO,EXPLORE_EVENT,000001000000110000110000001000000000000010000001000100001110,0.2061319460692449,5774.522536998721
1511295927327,INFO,EXPLORE_EVENT,000001000000110000110000000000000000000010000001000100001110,0.20498392207362437,5096.502245804021
1511295933367,INFO,EXPLORE_EVENT,000001000000110000110000000000000000001010000001000100001110,0.19013042895826993,6099.677245864596
1511295941408,INFO,EXPLORE_EVENT,000001000000110000110000000000000000000010000001100100001110,0.2043760626493481,5365.222848287885
1511295945795,INFO,EXPLORE_EVENT,000001000000110000110000000000000000100010000001000100001110,0.18828185429928662,5355.068899889129
1511295950831,INFO,EXPLORE_EVENT,000001000000110000110000100000000000000010000001000100001110,0.20498392207362437,5355.007618300103
1511295956498,INFO,EXPLORE_EVENT,000001000000110000110000000000000000000010000001000100001110,0.20498392207362437,5096.502245804021
1511295972495,INFO,EXPLORE_EVENT,000000000000110000110000000001000000000010000001000100001110,0.19802527155566713,5089.525591479783
1511295978873,INFO,EXPLORE_EVENT,000000000000110000110000000000000000000011000001000100001110,0.14688012833902886,4882.688297245532
1511295984722,INFO,EXPLORE_EVENT,000001000000110000110000000000000000000010000001000100001110,0.20498392207362437,5096.502245804021
1511296008730,INFO,EXPLORE_EVENT,000001000000110000110000000000000000000010000001000000000000,0.18109676985583364,3442.4091540045283
1511296011323,INFO,EXPLORE_EVENT,000001000000110000110000000000000000000000000000000000000000,0.11940871683413723,1860.3804050118474
1511296014974,INFO,EXPLORE_EVENT,000001000000000000000000000000000000000000000000000000000000,0.04294237299334684,1009.3045466820167
1511296016907,INFO,EXPLORE_EVENT,000000000000000000000000000000000000000000000000000000000000,0.0,0.0
1511296043239,INFO,CLEAR_SCREEN,000000000000000000000000000000000000000000000000000000000000,N/A,N/A
1511296062723,INFO,EXPLORE_EVENT,000000000000000000000000000000000000000000000000000100000110,0.01813930145137441,1221.215946708848
1511296065841,INFO,EXPLORE_EVENT,000000000000110000110000000000000000000000000000000100000110,0.10102196666018758,2072.291805038679
1511296068473,INFO,EXPLORE_EVENT,000001000000110000110000000000000000000000000000000100000110,0.13462068688062054,3081.5963517206956
1511296071615,INFO,EXPLORE_EVENT,000001000000110000110000000000000000000010000001000100000110,0.20046194469753287,4663.625100713376
1511296074999,INFO,EXPLORE_EVENT,000001000000110000110000000000000000000010000001000100001110,0.20498392207362437,5096.502245804021
1511296121859,INFO,CLEAR_SCREEN,000000000000000000000000000000000000000000000000100011110010,N/A,N/A
1511296611553,INFO,TREATMENT_2,000000000000000000000000000000000000000000000000000000000000,N/A,N/A
1511296682754,INFO,AGENT_EVENT,000010000101010100000000000011000010000011000010000001100000,0.10110203857860489,9078.885778720569
1511296684861,INFO,AGENT_EVENT,001011000001001000000100000010010000000000000100000000100100,0.10336121123206987,7313.869174611062
1511296685547,INFO,AGENT_EVENT,010000000000000000000000000000000000000000000000000000000000,0.025446749999999962,268.75502213727935
1511296686933,INFO,AGENT_EVENT,001001010010001000000000001000000000000000011000000000000000,0.04312222386244302,4700.306556185494
1511296688594,INFO,AGENT_EVENT,100000010001001100000000010110000000000000100000000000010001,0.1536502557704431,5489.328454698437
1511296689779,INFO,AGENT_EVENT,010000000000000001100000000000000000000000000000010000001000,0.09397620424005815,2854.2278775025784
1511296690778,INFO,AGENT_EVENT,000000000000010000000000000000000000000000000001000000001000,0.1210396984263532,1281.0757200052872
1511296692419,INFO,AGENT_EVENT,000000010001001100000000010110000000000000100000100000010001,0.1536502557704431,5474.154727464806
1511296693486,INFO,AGENT_EVENT,000001000000000000000000000000000000000000010000001100001000,0.053641674503307035,3423.156928747304
1511296694303,INFO,AGENT_EVENT,000000001000000000000000000000000000001000000000000000000000,0.008377573880177791,1338.1969417168152
1511296695736,INFO,AGENT_EVENT,000001000101010010000000000000000000000000010000001100000000,0.07043707008262134,5237.288139979502
1511296696508,INFO,AGENT_EVENT,000000000000000000000000001000000000000000001000100000000000,0.016756051250000015,1569.933766135251
1511296698073,INFO,AGENT_EVENT,100000000000110000010000000000000100100000100000000010000110,0.1258327889117744,3316.246166235056
1511296698842,INFO,AGENT_EVENT,000000000000000000000000000000000000000000010100001100000000,0.003918332600783447,2385.1200022132844
1511296699970,INFO,AGENT_EVENT,000000010000000000000001000100000000000000000000010000001000,0.10804173841832543,2324.310288805115
1511296700729,INFO,AGENT_EVENT,011000000000000000000000000000000000000000000000000000000000,0.026211401249999988,874.6011011567668
1511296701844,INFO,AGENT_EVENT,000000000000000000000000010000000110000001000000000000010010,0.0828003906068111,2334.3347118909605
1511296703209,INFO,AGENT_EVENT,000000110001001100000000010110000000000000100000100000000000,0.1245921901454432,5485.9045147817715
1511296704038,INFO,AGENT_EVENT,000000000000010000000000000000000000000000000000000000000010,0.04378073070937505,480.1736620707512
1511296704667,INFO,AGENT_EVENT,000000000000000000000000000000000000000100000000000000000000,0.0,794.100741215861
1511296705831,INFO,AGENT_EVENT,000000001000010000000000000000000000000000000001000000001000,0.13604723127459717,1950.2870845039183
1511296706657,INFO,AGENT_EVENT,000000000000010000000000000000000001000000010000000000000000,0.07959081562500003,797.2049922401695
1511296707737,INFO,AGENT_EVENT,000000000010010000000000000000000000000000000001000000001000,0.1238924518879585,1534.7959668535495
1511296708443,INFO,AGENT_EVENT,010000000000000000000000000000000000000000000010000000000000,0.025446749999999962,480.0826257990491
1511296710303,INFO,AGENT_EVENT,100000000000110000010000000000000100100000100000000011000110,0.1160829969475512,4119.165844849431
1511296711672,INFO,AGENT_EVENT,000000000000100000000100101010000000110000000001001000100000,0.11205130466945012,5437.497845917518
1511296713777,INFO,AGENT_EVENT,001001010010001100000000010110000000010000100000100000010001,0.16341020819766083,7813.983715786816
1511296714181,INFO,CLICK_EVENT,000000001000010000000000000000000000000000000001000000001000,0.13604723127459717,1950.2870845039183
1511296714989,INFO,AGENT_EVENT,000000010001001100000000010000000000000001000000000000000000,0.0987685776943017,3651.1375475316813
1511296716587,INFO,AGENT_EVENT,100000010001001100000100000000000000100000000000010000001000,0.15071319758367208,3963.9538066637274
1511296717713,INFO,AGENT_EVENT,000000000000000000000000000000010000010000100000100000010001,0.13790043138750008,1317.7275288558953
1511296719733,INFO,AGENT_EVENT,001001010010001100000000010110000000010000100010100000010001,0.16341020819766083,7927.3784287844155
1511296720172,INFO,CLICK_EVENT,000000000000000000000000000000010000010000100000100000010001,0.13790043138750008,1317.7275288558953
1511296720873,INFO,AGENT_EVENT,010000000000000000000000000000001000000000100000100000010001,0.16046170946250005,1923.9802392997663
1511296722440,INFO,AGENT_EVENT,100000010001001100000100010000000000100000000000010000001000,0.15071319758367208,4231.805076654735
1511296723215,INFO,AGENT_EVENT,000000000000000000000000000000010000011000000000000000000000,0.0022939537499999663,1000.9020568354784
1511296723884,INFO,CLICK_EVENT,000010000101010100000000000011000010000011000010000001100000,0.10110203857860489,9078.885778720569
1511296724058,INFO,AGENT_EVENT,000000000000000000000000000000000000000000000100000000000010,0.018333980709374975,651.4416964775568
1511296725852,INFO,AGENT_EVENT,001000010010001100000000010110000000010000100010100000010001,0.1509781122079431,6289.726885430033
1511296726857,INFO,AGENT_EVENT,010000000000000000000000000000000000000000000000000000001001,0.08915591888763341,1371.9505783995596
1511296727973,INFO,CLICK_EVENT,000000000000000000000000000000000000000000010100001100000000,0.003918332600783447,2385.1200022132844
1511296728080,INFO,AGENT_EVENT,100000010001001100000000000000000000000000100000000000000000,0.12588301447044314,2939.4673956077604
1511296729762,INFO,AGENT_EVENT,000000010001001100000000010110000010000000100000100000010100,0.15214297868255955,6080.130809249537
1511296731214,INFO,AGENT_EVENT,100000000000110000010000000000000100100000100000000100000010,0.08806121385902821,2771.4371662131225
1511296732537,INFO,AGENT_EVENT,011000000000000000001000000000000000000000000000000000001001,0.11083309482907988,2647.058032994735
1511296732797,INFO,CLICK_EVENT,010000000000000000000000000000001000000000100000100000010001,0.16046170946250005,1923.9802392997663
1511296733481,INFO,AGENT_EVENT,000000001000011000000000000000000000000000000010000000000000,0.03229502138017781,1755.1900803942253
1511296734822,INFO,AGENT_EVENT,000000000000010000000000000000000000010000100010100000010101,0.11195158839894181,2258.3280644110837
1511296736270,INFO,AGENT_EVENT,010010000001001100000100000000000000100000000000010000001000,0.10267746627525987,5341.704176449148
1511296737370,INFO,AGENT_EVENT,000000000000000000000000010000000000001000100000100000010001,0.14189962005,1848.735903231867
1511296738578,INFO,AGENT_EVENT,000000001010000000000000000000000100000000000000100000000010,0.04694929634317602,1765.6129339658833
1511296739141,INFO,CLICK_EVENT,000000000000000000000000010000000000001000100000100000010001,0.14189962005,1848.735903231867
1511296739560,INFO,AGENT_EVENT,000001000000000000000000000100000000000000000000000000001000,0.08095719329469997,2511.2277191810385
1511296741343,INFO,AGENT_EVENT,000000010011001100000000010110000000000000100000100000010001,0.1582147289954432,5660.538770426823
1511296742178,INFO,AGENT_EVENT,000000000000000000000000000000000000000000010100000000000010,0.018333980709374975,763.0052144041301
1511296742901,INFO,CLICK_EVENT,010000000000000000000000000000001000000000100000100000010001,0.16046170946250005,1923.9802392997663
1511296743256,INFO,AGENT_EVENT,000000010001001100000000000000000000100000000010000000000000,0.0758660192135201,2726.0934710659117
1511296744559,INFO,AGENT_EVENT,010000000000000000000000000000000000000000000000000001000010,0.06395852758142806,1492.1633594020236
1511296745398,INFO,CLICK_EVENT,000000000000000000000000000000010000010000100000100000010001,0.13790043138750008,1317.7275288558953
1511296746021,INFO,AGENT_EVENT,100000010001001100000100010000000001000000000000000000000000,0.11728684598597483,3317.4457771741636
1511296746851,INFO,AGENT_EVENT,010000000000000000000001000000000000000000000010000000000000,0.07959081562500003,846.0180637207694
1511296747956,INFO,AGENT_EVENT,000000000000010000000000000000000000000000000001000000101000,0.1344016132642616,1844.6136975006254
1511296748804,INFO,AGENT_EVENT,000000000000010000001000000000000000000000000000000000000000,0.01948691880409148,986.5205883898955
1511296749797,INFO,CLICK_EVENT,000000001000010000000000000000000000000000000001000000001000,0.13604723127459717,1950.2870845039183
1511296750113,INFO,AGENT_EVENT,000000010001001100000000010110000011000000000010000000000000,0.08138757991577017,5575.834522427982
1511296751310,INFO,AGENT_EVENT,010000000000000000000000010000000000001000101000100000010001,0.15324032826875145,3347.2376233359896
1511296752026,INFO,AGENT_EVENT,000000000000010000000000000000001000000000000000000000000000,0.025446749999999962,935.5753873052772
1511296752954,INFO,AGENT_EVENT,000001000000000000000000000000000010000000000000000000001000,0.08095719329469997,1900.7449906773704
1511296754016,INFO,AGENT_EVENT,010000000000100000000000000000000000000000000100000000000010,0.055137880709374976,1179.370734148974
1511296754622,INFO,CLICK_EVENT,000000000000000000000000000000000000000000000000000000000000,0,0
1511296755027,INFO,AGENT_EVENT,000000000000010000000000000000000000100000000001000000001000,0.1210396984263532,1422.537937129561
1511296756015,INFO,AGENT_EVENT,000001000000000000000001000000000000000000100000000000000000,0.10271033469822166,1787.856208338297
1511296756882,INFO,AGENT_EVENT,000000000000010000000000000000000000000000000000000000001000,0.06346157030135313,909.8621768806631
1511296757740,INFO,AGENT_EVENT,000000000000010000000000000000000000000000000100000000001000,0.06346157030135313,1350.2185854411462
1511296759311,INFO,CLICK_EVENT,000000000000000000000000010000000000001000100000100000010001,0.14189962005,1848.735903231867
1511296759451,INFO,AGENT_EVENT,001001010010001100000010010110000000010000100000000000000000,0.063455978827469,7573.228970916914
1511296760719,INFO,AGENT_EVENT,000000000000000000000001000001010000000000001000000000010100,0.12933003625483053,2680.739433698269
1511296761898,INFO,AGENT_EVENT,010000000000000000000000000001001000000000100000100000010000,0.11907984294970797,2486.111051864816
1511296762858,INFO,AGENT_EVENT,010000000000010000000000000000000000100000000000000000000010,0.047776882059375025,999.6781646397512
1511296763551,INFO,FILTER_EVENT,000000000000000000000000000000000000000000000000000001000000,-1,-1
1511296763691,INFO,FILTER_EVENT,000000000000000000000000000000000000000000000000000000000000,-1,-1
1511296763974,INFO,AGENT_EVENT,010000000000000000010000000000000010000000000000000000001000,0.07521649747349968,1327.451881349832
1511296765199,INFO,FILTER_EVENT,000000000000000000000000000000000000000000000000000001000000,-1,-1
1511296765933,INFO,FILTER_EVENT,000000000000000000000000000000000000000000000000000000000000,-1,-1
1511296766030,INFO,AGENT_EVENT,001001010010001100000000000000001000100000100000100000010001,0.16265078137501,6322.7853006885025
1511296768138,INFO,AGENT_EVENT,001011010010001100000000010110000000010000100000100000010001,0.16293216323483706,8877.896852965758
1511296768978,INFO,AGENT_EVENT,010000000000000000010000000000000000000000000000000000000000,0.038319135050000064,436.05796396264896
1511296769963,INFO,AGENT_EVENT,000000000000010000000000000000000000100000000101000000001000,0.08259795687983074,2089.504351100374
1511296771140,INFO,AGENT_EVENT,010000000000000000000000000000011000000000100000100000010001,0.16046170946250005,2052.0754134684676
1511296772225,INFO,AGENT_EVENT,010000000000000000000001100000000000000000000010000000000001,0.08459737812500001,1446.4142364204856
1511296773084,INFO,AGENT_EVENT,000000000000000000000010000000000000001000000000000000000000,0.0034305974999999655,922.7058240664466
1511296773582,INFO,CLICK_EVENT,010000000000000000000000000000011000000000100000100000010001,0.16046170946250005,2052.0754134684676
1511296774104,INFO,AGENT_EVENT,010000000000010000000000000000001000000000000000000000000010,0.047776882059375025,1415.7490493760283
1511296774875,INFO,AGENT_EVENT,000000000000010010000000000000000000000000000000000000000000,0.024158106118938094,1483.3986544356956
1511296776351,INFO,AGENT_EVENT,000000001000010000000000000000000001010000100000100000010001,0.1695329303672859,2423.529609079045
1511296776855,INFO,CLICK_EVENT,010000000000000000000000000000001000000000100000100000010001,0.16046170946250005,1923.9802392997663
1511296777685,INFO,AGENT_EVENT,000000000000010000000000000100000000010000100010100000010101,0.11195158839894181,3119.0940710896643
1511296778530,INFO,AGENT_EVENT,010000000000010000000000000000000000000000000000000000000000,0.02944290135000005,537.5100442745587
1511296778991,INFO,CLICK_EVENT,010000000000000000000000000000011000000000100000100000010001,0.16046170946250005,2052.0754134684676
1511296779378,INFO,AGENT_EVENT,000000000000010000000000000000000001100000010000000000000000,0.07959081562500003,942.2118579067508
1511296780091,INFO,AGENT_EVENT,010000000000000000000000000000010000000000000000000000000000,0.025446749999999962,435.7907839709003
1511296780911,INFO,AGENT_EVENT,010000000000000010000000000000011000000000010000000000000000,0.02944290135000005,1857.9638964115907
1511296782151,INFO,CLICK_EVENT,010000000000000000000000000000001000000000100000100000010001,0.16046170946250005,1923.9802392997663
1511296782235,INFO,AGENT_EVENT,000000100010000000000000000000000100010000100000100000010001,0.14940284433749995,2169.970319486966
1511296783692,INFO,AGENT_EVENT,000000000001001100000000010110000000000100100000100000010001,0.13110963236246165,6359.430553603609
1511296784925,INFO,AGENT_EVENT,000001000000010000000000000000000000000000000001000000101000,0.1585078709999833,2853.9182441826424
1511296785015,INFO,CLICK_EVENT,000000001000010000000000000000000001010000100000100000010001,0.1695329303672859,2423.529609079045
1511296785783,INFO,AGENT_EVENT,000000000000010000000000000000000000000000000000000000001000,0.06346157030135313,909.8621768806631
1511296787467,INFO,AGENT_EVENT,000000001100010000000000000000000001010000100000100000101000,0.18094536329861755,3613.432196255955
1511296788329,INFO,AGENT_EVENT,010000000000000000000000000000000000000001000000000000000000,0.059937080445186086,1286.7374368485457
1511296789332,INFO,AGENT_EVENT,000000000000010001000000000000000001000000010000000000000000,0.0836472545194975,1865.2474840730501
1511296790200,INFO,CLICK_EVENT,000000001100010000000000000000000001010000100000100000101000,0.18094536329861755,3613.432196255955
1511296790464,INFO,AGENT_EVENT,000001000000000000000001000000000000000000100000000000000001,0.10428283469822175,2129.7470085419313
1511296791779,INFO,AGENT_EVENT,000000001000010000000000000000000001010000100000100000010000,0.16350378036728586,2186.353219743821
1511296793206,INFO,AGENT_EVENT,000000101000010000000000000000000001010000100000100000010000,0.16886175259787006,2766.3416896859694
1511296794233,INFO,AGENT_EVENT,010000000000010000000000000010000000000000000010000000000001,0.08898928312499998,1744.2337448443604
1511296795140,INFO,AGENT_EVENT,000000000000000000000000000000010000010000100000100000000001,0.09356983696249999,1254.696411553297
1511296796203,INFO,AGENT_EVENT,010000000000000000000000000010010000010000100000100000000001,0.1191431395625,2046.3419457071627
1511296797109,INFO,AGENT_EVENT,010000000000000000000001000000000000000000000010000000000000,0.07959081562500003,846.0180637207694
1511296798142,INFO,AGENT_EVENT,010000100000000000010000000000000000000000000000000000000001,0.12954701326250007,1147.0933324588823
1511296798853,INFO,AGENT_EVENT,000000000000010000000000000000001010000000000000000000000000,0.025446749999999962,1215.5380598645447
1511296800241,INFO,AGENT_EVENT,000000001000010000000000000000010000010000100000100000010001,0.16744150536728597,2255.643904414748
1511296800344,INFO,CLICK_EVENT,001001010010001100000000000000001000100000100000100000010001,0.16265078137501,6322.785300688503
1511296801411,INFO,AGENT_EVENT,000001000000000000000000000000000001010000100000100000010000,0.1615030266232218,2257.7413908669846
1511296802540,INFO,AGENT_EVENT,010000000000000000000000000001000000000000100000100000010000,0.13021312569118004,1993.2266388357425
1511296803352,INFO,AGENT_EVENT,000000000000000000000001001000000000000000000010000000000000,0.05643801937500004,1255.3333438552472
1511296804931,INFO,AGENT_EVENT,000000001100010000010000000000000001010000100000100000100000,0.1643899584058326,2773.2331520687917
1511296805659,INFO,AGENT_EVENT,010000000000000000000000000000010010000000000000000000000000,0.025446749999999962,584.8331685661501
1511296807421,INFO,AGENT_EVENT,000000001100010001010000000000000001010000100000100000100000,0.15264867576652508,3888.5001309822615
1511296808102,INFO,AGENT_EVENT,000000000000000000000000010000000100000000000000000000000000,0.0,763.4052717416567
1511296808936,INFO,CLICK_EVENT,000000001100010000000000000000000001010000100000100000101000,0.18094536329861755,3613.432196255955
1511296810044,INFO,AGENT_EVENT,010000000100000000010000000000000000001000100000100000010001,0.18201647262909593,2514.234875381344
1511296811031,INFO,AGENT_EVENT,010000000010000000010000000000000000000000000000000000000000,0.03888745692499995,612.8940413433926
1511296811789,INFO,AGENT_EVENT,000000000000010000000000100000000000000000000000000000000000,0.025446749999999962,527.3177513668592
1511296811864,INFO,CLICK_EVENT,010000000100000000010000000000000000001000100000100000010001,0.18201647262909593,2514.234875381344
1511296812794,INFO,AGENT_EVENT,010000000100000000010000000000000000000000000000000000000000,0.057448505592516685,933.6115674843782
1511296813522,INFO,AGENT_EVENT,000000000000000000000000000000010000010000100000000000000000,0.021025948837499975,741.938900595966
1511296814524,INFO,AGENT_EVENT,010000000000000000000100000000000000000000000000000000000010,0.08423137824426363,928.5820254363413
1511296815710,INFO,AGENT_EVENT,000000000000010000000000000000010010010000100000100000010001,0.16046170946250005,1735.5218499008065
1511296816423,INFO,AGENT_EVENT,000000000000000000000000010000000000000000100000000000000000,0.021025948837499975,680.6151190727941
1511296817411,INFO,AGENT_EVENT,000000001000010000000000000000010000000000000000010000000000,0.03749477513017774,1364.0559623903232
1511296818223,INFO,AGENT_EVENT,010000000000000000000000000000011000000000100000000000000000,0.04570804758750002,1476.2867852085385
1511296819119,INFO,AGENT_EVENT,010000000000001000010000000000000000000000000000000000000000,0.04142178630000004,1018.0055263544507
1511296820317,INFO,AGENT_EVENT,000000001000010000000000000010000000000000000000000000001000,0.08043735679959718,2203.253616897206
1511296821468,INFO,AGENT_EVENT,010000000010000001010000000000000000000000000000000000000000,0.06377327983575576,1575.6727054939079
1511296823229,INFO,AGENT_EVENT,010000101000010000000000010000010000010000100000100000010001,0.17273391024082163,3345.517692169458
1511296824181,INFO,AGENT_EVENT,000000000000010000000000000000000001000000010000000000000010,0.09792479633437501,1008.4212880661427
1511296824481,INFO,CLICK_EVENT,000000001100010000000000000000000001010000100000100000101000,0.18094536329861755,3613.432196255955
1511296825484,INFO,AGENT_EVENT,010000101000010000000000000000000000000000000010000000001000,0.10212184235504229,2743.4449225071075
1511296826653,INFO,AGENT_EVENT,000000001000010000000000000000000000000000000000010000001000,0.07138871764778765,1868.2187934694107
1511296828119,INFO,AGENT_EVENT,000000000000010000000000000000010010010000100000100000010101,0.11195158839894181,2461.0615089194125
1511296828794,INFO,CLICK_EVENT,010000000100000000010000000000000000001000100000100000010001,0.18201647262909593,2514.234875381344
1511296829221,INFO,AGENT_EVENT,000000000000010000000000000000000000001000000000100000010001,0.140965063125,1513.479216538335
1511296830382,INFO,AGENT_EVENT,010000000000000000000000000000001000010000100000100000010001,0.16046170946250005,2086.2640686399336
1511296831609,INFO,AGENT_EVENT,011000000000000000000000000000010000010000100000100000010001,0.161501866875,2192.328630012662
1511296833160,INFO,AGENT_EVENT,000000001000010000000000000000010010010000100000100000010011,0.18172320041442425,3085.767943873149
1511296834716,INFO,AGENT_EVENT,000000001000010100000000000000000001010000100000100000010001,0.15338661661203123,3338.32473228612
1511296836124,INFO,AGENT_EVENT,000001000000000000001000000000001000000000100000100000010001,0.16898648502800762,3333.7911394201924
1511296837529,INFO,AGENT_EVENT,000000001000010000001000000000010000010000100000100000000010,0.09081868442796415,2758.6336799391793
1511296838582,INFO,AGENT_EVENT,010000000000010000010000000000000000000000000000000000000001,0.10023333884999996,982.3525991917597
1511296839552,INFO,AGENT_EVENT,010000000000000001000000000000000001000000010000000000000000,0.10481751536520245,1806.25718373763
1511296841117,INFO,AGENT_EVENT,000000001000010000000000000000000001010000100000101000010001,0.1619319556065265,3907.119217430717
1511296843008,INFO,AGENT_EVENT,000000101000000000001000000000101000000000100000100000010001,0.1664814336877689,4182.068331786277
1511296844293,INFO,AGENT_EVENT,000000000010010000000000000100000000000000000001000000001001,0.11740510151036676,2857.650375051027
1511296845713,INFO,AGENT_EVENT,110000000000010000010000000000000000000000000000000000010001,0.1460217438,1215.691537239661
1511296846066,INFO,CLICK_EVENT,000000001000010000000000000000010010010000100000100000010011,0.18172320041442425,3085.767943873149
1511296846712,INFO,AGENT_EVENT,000000000000010000000100100000000000000000000000000000000010,0.06053200698673744,1236.0178393528386
1511296847547,INFO,AGENT_EVENT,010000000000000000010000000000000000000000000000000000000000,0.038319135050000064,436.05796396264896
1511296849122,INFO,CLICK_EVENT,010000000100000000010000000000000000001000100000100000010001,0.18201647262909593,2514.234875381344
1511296849297,INFO,AGENT_EVENT,000000001100010000000000000000000001110000100000100000101000,0.18094536329861755,3761.0321555373985
1511296850971,INFO,AGENT_EVENT,110000000000010000010000000000000000010000100000101000010001,0.15384992801181152,3443.1614625908232
1511296852091,INFO,AGENT_EVENT,010000010000010000000000000000000001000000010000000000000000,0.09679927634999996,1139.670082280976
1511296853560,INFO,AGENT_EVENT,010000000000010010010000000000000000000000000000000000010001,0.12578783369970736,2303.87777324524
1511296853850,INFO,CLICK_EVENT,000000001100010000000000000000000001010000100000100000101000,0.18094536329861755,3613.432196255955
1511296855191,INFO,AGENT_EVENT,100000101000010000000000000000000001010000100000000000010001,0.16291579850267657,3171.627297746614
1511296856182,INFO,AGENT_EVENT,000000000000000000000000000000000001000010010000000000000010,0.08644952518437499,1247.0551345162967
1511296856923,INFO,AGENT_EVENT,000000000000000000000000010000000000000000000001000000000000,0.05757812812499996,639.0648131156311
1511296857968,INFO,AGENT_EVENT,000000001000010000000000000000011010010000100000000000000000,0.051791667717677736,2581.533900275546
1511296858874,INFO,AGENT_EVENT,000000000000000000000000010000000000000000000000000000000011,0.07591210883437505,745.5182934345597
1511296859051,INFO,CLICK_EVENT,010000000100000000010000000000000000001000100000100000010001,0.18201647262909593,2514.234875381344
1511296859925,INFO,AGENT_EVENT,000000000000000000000100000000000000000010000000000000000010,0.07922777281599602,1257.9424692979383
1511296861153,INFO,AGENT_EVENT,010001000000010000000000000000000000000000000001000000001000,0.14925330917050394,2618.075578082946
1511296862119,INFO,AGENT_EVENT,000000000010000000000010000000000000000000010000000000000000,0.018333980709374975,671.728840264858
1511296863128,INFO,AGENT_EVENT,000000000000000000000000000000010000010000000000100000010001,0.11621511757725,1001.4982900115282
1511296864032,INFO,AGENT_EVENT,001000000000010000000000000000000001000000010000000000000000,0.08035546687499995,1480.3223926841335
1511296865581,INFO,AGENT_EVENT,010000000001000000010000000000000000001000100000100000010001,0.17603308750000002,2257.0470902627303
1511296866209,INFO,AGENT_EVENT,000000000000000000000000000000000000000000000100000000000000,0.0,440.04113867618344
1511296867674,INFO,AGENT_EVENT,010000000000000000010000000000011010010000100000100000010001,0.16428496571250006,2655.4175903311
1511296868529,INFO,AGENT_EVENT,000000000000000000000000010000000000000000000100000000000010,0.018333980709374975,919.2929664685637
1511296868828,INFO,CLICK_EVENT,000000001000010000000000000000010010010000100000100000010011,0.18172320041442425,3085.767943873149
1511296869237,INFO,AGENT_EVENT,000100000000000000000000010000000000000000000000000000000000,0.003685949525120469,1133.9942108026216
1511296870414,INFO,AGENT_EVENT,010000000000000000000100000000000000000000000000100000010001,0.17388140764310833,1292.902002685741
1511296871338,INFO,AGENT_EVENT,110000000000000000000100000000000000000000000000000000000000,0.08861169753488862,892.1330130203439
1511296872705,INFO,AGENT_EVENT,010000000000000000000000000000000001010000100000101000010001,0.1555114933097016,3237.907852932086
1511296873570,INFO,AGENT_EVENT,010000000000000000000000010000000001000000000000000000000000,0.07959081562500003,803.2988909899937
1511296873739,INFO,CLICK_EVENT,010000000100000000010000000000000000001000100000100000010001,0.18201647262909593,2514.234875381344
1511296874572,INFO,AGENT_EVENT,000000000000000000000010000000000100000000010000000000000010,0.04876389562500005,1077.1526626366779
1511296875935,INFO,AGENT_EVENT,000000000001010000000000000000010010010000100000100000010001,0.16897529383749998,2072.4225605810047
1511296876824,INFO,AGENT_EVENT,010000000000001000000000000000000000000000000010000000000001,0.08378952937499995,1534.7184138947468
1511296878774,INFO,AGENT_EVENT,110000001100000000010000000000000000001000100000100000010001,0.1665769165214318,3285.3236287403215
1511296879865,INFO,AGENT_EVENT,000000000000010000000000000000000000100000000001010000001000,0.11760542439992894,1711.6831892196774
1511296881166,INFO,AGENT_EVENT,110000000001000000010000000000000000001000000000000000000000,0.1031034638134648,2130.327134216919
1511296881268,INFO,CLICK_EVENT,010001000000010000000000000000000000000000000001000000001000,0.14925330917050394,2618.075578082946
1511296881953,INFO,AGENT_EVENT,010000000000000000000000000000000000000000010000000000000000,0.025446749999999962,433.04327778784085
1511296882612,INFO,CLICK_EVENT,000000100010000000000000000000000100010000100000100000010001,0.14940284433749995,2169.970319486966
1511296883256,INFO,AGENT_EVENT,010000000000001000000100000000000000000000000001000000101000,0.16385505826308844,3356.0061304041246
1511296884526,INFO,AGENT_EVENT,110000000000010000010000000000000000000000000000000000010000,0.08793995317500003,950.6559803737158
1511296885939,INFO,AGENT_EVENT,000000000000000000000010000000110000010000100000100000010001,0.1395649162125,1860.7122441863874
1511296885988,INFO,CLICK_EVENT,001001010010001100000000010110000000010000100000100000010001,0.16341020819766083,7813.983715786817
1511296887212,INFO,CLICK_EVENT,001001010010001100000000010110000000010000100010100000010001,0.16341020819766083,7927.3784287844155
1511296887276,INFO,AGENT_EVENT,100000000000010000000000000000010000010000100000100000010001,0.16046170946250005,1845.6565665273124
1511296888497,INFO,AGENT_EVENT,000000100001010000000000010000000000000000000000000000000011,0.14104365329687496,1693.7294574269158
1511296889484,INFO,CLICK_EVENT,001011010010001100000000010110000000010000100000100000010001,0.16293216323483706,8877.896852965758
1511296889683,INFO,AGENT_EVENT,000000000000010000000000000000000000100000000000110000010000,0.08510082374999994,999.2152266183838
1511296890662,INFO,AGENT_EVENT,010000000010000000010000000000000000100000000000000000000000,0.03888745692499995,863.6935328521706
1511296891535,INFO,AGENT_EVENT,000000000000010000000000000010000000000000000001000000000000,0.08499313177500001,1264.0986297027578
1511296892878,INFO,AGENT_EVENT,010000000001000000010000000000000000000000000000000001000001,0.12388789678352707,2135.0076169314198
1511296892892,INFO,CLICK_EVENT,001001010010001100000000010110000000010000100010100000010001,0.16341020819766083,7927.3784287844155
1511296894510,INFO,AGENT_EVENT,000000000000000000000000010000000000010000100001100000010001,0.1399918563875,1682.7320353635123
1511296895668,INFO,CLICK_EVENT,001011010010001100000000010110000000010000100000100000010001,0.16293216323483706,8877.896852965758
1511296895799,INFO,AGENT_EVENT,010000000100010000010000000000000000000000000000000000000001,0.12774345224187555,1479.6914039777655
1511296896899,INFO,AGENT_EVENT,000000001100010000000000000000000000000000000000000000000001,0.10482295931967234,1565.4672696770829
1511296898454,INFO,AGENT_EVENT,000000001000010000000000000000010010000000100000100000010011,0.18172320041442425,2923.4841145329815
1511296899381,INFO,AGENT_EVENT,010000000000000000000001000000000000000000000110000000000000,0.07959081562500003,1254.3900490493877
1511296899597,INFO,CLICK_EVENT,000010000101010100000000000011000010000011000010000001100000,0.10110203857860489,9078.885778720569
1511296900638,INFO,AGENT_EVENT,000000000000000000000000000000010000010000100001100000010001,0.1399918563875,1581.9196128937442
1511296901441,INFO,AGENT_EVENT,010000000000010000000000000000000000000000000000000000000000,0.02944290135000005,537.5100442745587
1511296902865,INFO,AGENT_EVENT,110000000000010000010100000000000000000000000000000000010000,0.12029250749723164,1502.7130859154386
1511296903576,INFO,AGENT_EVENT,000100000000000000000000010000000000000000000000000000000000,0.003685949525120469,1133.9942108026216
1511296904915,INFO,AGENT_EVENT,000000000000010000000000000000000001000000010001000000101000,0.13597411326426156,2237.6249928703896
1511296905285,INFO,CLICK_EVENT,010000000100000000010000000000000000001000100000100000010001,0.18201647262909593,2514.234875381344
1511296906680,INFO,AGENT_EVENT,010000000101000000010000000000000000001000100000100000010001,0.1794435954048864,2968.7666975980605
1511296907970,INFO,AGENT_EVENT,010000000000010000000100000000000000000000000000100000010001,0.1685082918580999,1610.5374551663785
1511296908753,INFO,AGENT_EVENT,000000000000000000010000010000000000000000000000000000000000,0.010874309375000002,435.2057354501061
1511296909678,INFO,AGENT_EVENT,000000000000010000000000000000000000000000010000000000000010,0.04378073070937505,644.7055861785107
1511296910421,INFO,CLICK_EVENT,000000110001001100000000010110000000000000100000100000000000,0.12459219014544319,5485.9045147817715
1511296910872,INFO,AGENT_EVENT,010000000010000000000000000000000000000000000000100000010001,0.14076873374999999,1021.3762433090656
1511296912158,INFO,AGENT_EVENT,010000000000000000000100000000000000000000000000100000010011,0.1865969345442673,1973.9367321594523
1511296913087,INFO,AGENT_EVENT,000000001000000000000000010000000000000000000001000000000000,0.06366174825517779,1308.276177614262
1511296914149,INFO,AGENT_EVENT,010000000100010000000000000000000000000000000000000000000000,0.06514237412539192,1034.7488269064493
1511296914237,INFO,CLICK_EVENT,010000000000000000000100000000000000000000000000100000010011,0.1865969345442673,1973.9367321594523
1511296914994,INFO,AGENT_EVENT,000000000000000010000010000000000000000000010000000000000000,0.0011366437499999993,986.8241262583332
1511296915828,INFO,AGENT_EVENT,010000001000000000000000000000000000000000000000000000000000,0.01948691880409148,986.5205883898955
1511296916621,INFO,AGENT_EVENT,010000000000000000000000000000000000000000000000000000000001,0.08302487812500003,639.9710435273994
1511296917920,INFO,AGENT_EVENT,010000000010000000000000000000000000000001000000100000010001,0.16473047172229993,2039.4086690973895
1511296918979,INFO,AGENT_EVENT,010000000010000000000000000000000000000000000000000000100001,0.10435816008749998,1118.8575774553738
1511296919605,INFO,CLICK_EVENT,010000000100000000010000000000000000001000100000100000010001,0.18201647262909593,2514.234875381344
1511296920136,INFO,AGENT_EVENT,010000000110000000010000000000000000000000000000000000000000,0.053788032363117355,1222.9547816054
1511296921150,INFO,AGENT_EVENT,010000000000000000000000000000000000000000000000000000110001,0.13540940946250002,1015.6214655969617
1511296922163,INFO,AGENT_EVENT,000000000001010000000000000000010000000000000000001000000010,0.10595058195937501,1597.3529388323866
1511296923152,INFO,AGENT_EVENT,010000000000000000000000000000010000010000100000000000000001,0.10328617571249998,1381.9099441233652
1511296924158,INFO,CLICK_EVENT,010000000000000000000100000000000000000000000000100000010011,0.1865969345442673,1973.9367321594523
1511296924283,INFO,AGENT_EVENT,010000001000010000000000000000000000000000000000000000000001,0.09267643430503902,1626.491631917295
1511296925084,INFO,AGENT_EVENT,000000000000011000000000000000000000000000010000000000000000,0.026211401249999988,1038.8894477251001
1511296925956,INFO,AGENT_EVENT,000000001000000000000000000000000000000000000000000000000001,0.06366174825517779,1040.4773969658086
1511296926878,INFO,AGENT_EVENT,000000000000000000000010000000000000000000010000000000000100,0.04763921696807116,858.2693106828334
1511296927820,INFO,AGENT_EVENT,000000000000010000000000000000000000000000000001000000010000,0.11464444937500007,804.4429394027391
1511296928700,INFO,AGENT_EVENT,000000000000000000000000000000010000010000100000001000000001,0.08170037062500002,1687.9505002617802
1511296929761,INFO,AGENT_EVENT,000000000000010000000000000000000000000000000001000000110000,0.13490574696250002,1111.9149198634857
1511296930174,INFO,CLICK_EVENT,010000000000000000000100000000000000000000000000100000010001,0.17388140764310833,1292.902002685741
1511296931071,INFO,AGENT_EVENT,010000000000000000000000000001010000010000000000100000010001,0.1650905298910803,2225.2998224151484
1511296932258,INFO,AGENT_EVENT,010000000010000000000100000000000000000000000000100000010000,0.12313759065988861,1203.5734900979091
1511296933201,INFO,AGENT_EVENT,000000000000010000000100010000000000000000000000000000000000,0.042198026277362466,1033.8950858372345
1511296934022,INFO,CLICK_EVENT,010000000000000000000100000000000000000000000000100000010011,0.1865969345442673,1973.9367321594523
1511296934236,INFO,AGENT_EVENT,010000000000010000010000010000000000000000000000000000000000,0.042655210725,879.1229058028223
1511296935107,INFO,AGENT_EVENT,000000000000000000000010000000000100000000000001000000000000,0.05871477187499996,1072.6092081824393
1511296936052,INFO,AGENT_EVENT,110000000000000000000010000000000000000000010010000000000000,0.04929769375000004,968.5234874329594
1511296936845,INFO,AGENT_EVENT,000000000000010000000000010000000000000000010000000000000000,0.025446749999999962,700.9460714125773
1511296937446,INFO,CLICK_EVENT,010000000000000000000100000000000000000000000000100000010001,0.17388140764310833,1292.902002685741
1511296937753,INFO,AGENT_EVENT,010100000000000000000000000000000000000000000000000000000010,0.027052585879555502,1394.968785277826
1511296938294,INFO,CLICK_EVENT,010000000000010000000100000000000000000000000000100000010001,0.1685082918580999,1610.5374551663785
1511296938697,INFO,AGENT_EVENT,000000000000000000000000010000000000000000000001000000010000,0.08755420757724997,803.5907108901963
1511296939987,INFO,AGENT_EVENT,100000001000010000000000000000000000000000000001000000110000,0.14910210932232792,2079.173373833491
1511296940875,INFO,AGENT_EVENT,000001000000010000000000000000000000000000010000000000000000,0.06838912299334687,1442.2979043105718
1511296942023,INFO,AGENT_EVENT,000000000000010000010000000000010010010000100000100000000000,0.07027750696250001,1484.2290754877872
1511296943099,INFO,AGENT_EVENT,000000000000000000000000000000010000010010000000100000010001,0.12788367507040665,2135.3260960124567
1511296943215,INFO,CLICK_EVENT,010000000000000000000100000000000000000000000000100000010001,0.17388140764310833,1292.902002685741
1511296944577,INFO,AGENT_EVENT,110000000000010001010000000000000000000000000000000000010001,0.1616931102441248,2330.958516153131
1511296945833,INFO,AGENT_EVENT,000000001000010000000000000000010010000000100000100000010000,0.1093597147422859,1976.2382684825234
1511296946768,INFO,AGENT_EVENT,000000000000000000000000010000000001000001000000000000000000,0.0815398660972998,1552.6263057180956
1511296947820,INFO,AGENT_EVENT,000000000000010000000100000000000000000000010000000000000010,0.06053200698673744,1141.8008134250902
1511296949727,INFO,AGENT_EVENT,110000000000010000010010000000000000001000100000100000010001,0.17065422255000007,2536.583575085662
1511296950889,INFO,AGENT_EVENT,010000000010000000000000000000000001000000010100000000000010,0.10695496593749998,1572.5521088803248
1511296951794,INFO,AGENT_EVENT,010000000000000000000000000000000010000000000000000000100001,0.10378983821249999,1192.2582516413718
1511296952828,INFO,AGENT_EVENT,000000000000000000000000000000000000010000100000100000010001,0.13790043138750008,1150.6886813346564
1511296953946,INFO,AGENT_EVENT,110000000000010000000000010100000000000000000001000000000000,0.10973532947499998,2254.512332068323
1511296954367,INFO,CLICK_EVENT,010000000000000000000100000000000000000000000000100000010001,0.17388140764310833,1292.902002685741
1511296955374,INFO,AGENT_EVENT,010000000000000000010000000000000000000000000000110000010001,0.11932026144178609,1784.8529415328035
1511296955495,INFO,CLICK_EVENT,010000000000000000000100000000000000000000000000100000010011,0.1865969345442673,1973.9367321594523
1511296956730,INFO,AGENT_EVENT,010000000000010000000100000000000000000000000010100000010001,0.1685082918580999,1821.9150699052057
1511296957951,INFO,AGENT_EVENT,000000000000010000000100000000000000000000000010100000010001,0.1509836429703202,1553.210058844984
1511296959007,INFO,CLICK_EVENT,010000000000000000000100000000000000000000000000100000010001,0.17388140764310833,1292.902002685741
1511296959093,INFO,AGENT_EVENT,000000000000000000000010000000000000000000010010100000010000,0.05926997070225004,834.3763494613884
1511296960554,INFO,AGENT_EVENT,010000000001000000010010000000000000001000100000100000000010,0.18434854067500006,2224.037104679315
1511296961898,INFO,AGENT_EVENT,010000000100000000010000000000000000001100100000100000000010,0.09245551371760996,3690.992942552098
1511296962731,INFO,AGENT_EVENT,000000000000000000000010000000000000000000100000000000000000,0.022162592587499974,666.3364705828221
1511296963695,INFO,AGENT_EVENT,000000000000000000000000010000000000010000000000100000010001,0.11621511757725,1102.3107124812964
1511296965126,INFO,AGENT_EVENT,000000000000010000000000000000000000000000100001000000110011,0.15636265624687495,1803.8313520131787
1511296966561,INFO,AGENT_EVENT,110000000000000000000100000000000000000000001000100000010011,0.1876137902017324,2790.0505364517644
1511296967207,INFO,AGENT_EVENT,000000000000000000000000010000000000000000010000000000000000,0.0,432.19104927529804
1511296967980,INFO,AGENT_EVENT,000000000000010000000000000000000000000010000000000000000000,0.042400431350000045,866.7704659820408
1511296968922,INFO,AGENT_EVENT,010000000000000010000100000000000000000000000000000000000000,0.06037574946491486,1663.6633716179895
1511296969840,INFO,CLICK_EVENT,010000000000000000000100000000000000000000000000100000010011,0.1865969345442673,1973.9367321594523
1511296970237,INFO,AGENT_EVENT,000000000000010000000000000000000000000000100000110000010001,0.13612137373580735,2030.162738973107
1511296971270,INFO,AGENT_EVENT,000000000000010000000000000010000000000000000001000000010000,0.1156285762,1428.3946151072523
1511296972060,INFO,AGENT_EVENT,010000000000000000000000000000000000000000010000100000000000,0.0368039,683.9236300447743
1511296973404,INFO,AGENT_EVENT,000000100001010000000000010000000000000000000000000000100011,0.14255562119687504,1982.3184868195149
1511296974232,INFO,AGENT_EVENT,000000000000010000000000000000000000000000100000000000000000,0.04570804758750002,681.4673475853369
1511296975477,INFO,AGENT_EVENT,010000000010000000010000000000000000000000000000000000001001,0.10275396790463498,1716.1396086827303
1511296976741,INFO,AGENT_EVENT,000000000000010000000100001000000000000000000010100000010001,0.15327759672032015,2231.230350039684
1511296977694,INFO,AGENT_EVENT,010000000000000000010000000000000001000000000000000000000000,0.09246320067500002,800.2196784149776
1511296978443,INFO,AGENT_EVENT,010000000000000000000000000000000000000000010000000000000000,0.025446749999999962,433.04327778784085
1511296978752,INFO,CLICK_EVENT,110000000000000000000100000000000000000000001000100000010011,0.1876137902017324,2790.0505364517644
1511296979570,INFO,AGENT_EVENT,110000000000000000000100000000000000000000000000100000000001,0.13992383639310835,1404.8905239776745
1511296980354,INFO,AGENT_EVENT,000000000000000000000010100000000000000000010000000000000000,0.0011366437499999993,676.7703554307272
1511296981287,INFO,AGENT_EVENT,000010000000000000010000000000000000000000000000000000000001,0.07045051317499995,1168.5774471307122
1511296982147,INFO,AGENT_EVENT,010000000000000000010000000000001000000000000000000000000000,0.038319135050000064,1103.236792286126
1511296983370,INFO,AGENT_EVENT,110000000000010000010000000000000000000000000000100000000001,0.12345130135000004,1298.8637162764448
1511296984667,INFO,AGENT_EVENT,010000000000000000010000000000000000000000000100100000010001,0.144023668125,1451.7731110814343
1511296984977,INFO,CLICK_EVENT,010000000000000000000100000000000000000000000000100000010011,0.1865969345442673,1973.9367321594523
1511296985679,INFO,AGENT_EVENT,010000000000000000010000000000000000000000000000000001000000,0.07280946549518608,1454.2267468563473
1511296986476,INFO,AGENT_EVENT,000000000000000000000000010000000000000001010000000000000000,0.034053312929260615,1393.5757993120862
1511296987191,INFO,AGENT_EVENT,010000000000000000000000000000000010000000000000000000000000,0.025446749999999962,518.9882892351344
1511296988419,INFO,AGENT_EVENT,110000000000000000000100000000000000000000000000101000000001,0.13398797283217123,2858.4621932353684
1511296988609,INFO,CLICK_EVENT,110000000000000000000100000000000000000000001000100000010011,0.1876137902017324,2790.0505364517644
1511296989347,INFO,AGENT_EVENT,000000000000000000000010000001000000000000010000000000000000,0.03539378376604685,1420.336485774374
1511296990538,INFO,AGENT_EVENT,100000000000000000000100000000000000000000000000100000010001,0.15636777906709065,1283.4210182367146
1511296991895,INFO,AGENT_EVENT,010000000000000000000100000000010000000000000000100000010011,0.1865969345442673,2140.975579680691
1511296992790,INFO,AGENT_EVENT,010000000000000000000000000000000000000000000000100000000010,0.055137880709374976,629.6678375149086
1511296993682,INFO,AGENT_EVENT,011000000000000000000000010000000001000000000000000000000000,0.08035546687499995,1409.1949810865385
1511296994738,INFO,AGENT_EVENT,000000000000010000000000000000000100000000000001000000010000,0.11464444937500007,1252.179997578059
1511296994834,INFO,CLEAR_SCREEN,000000000000000000000000000000000000000000000000000000000000,N/A,N/A
1511297028398,INFO,EXPLORE_EVENT,010000000000000000000100000000000000000000000000000000000000,0.06589739753488864,717.2235917385208
1511297035292,INFO,EXPLORE_EVENT,010000000000000000000100000000000000000000000000100000010011,0.18659693454426723,1973.9367321594523
1511297039889,INFO,EXPLORE_EVENT,010000000000000000000100000000000000000000000000100000010001,0.17388140764310833,1292.902002685741
1511297043301,INFO,EXPLORE_EVENT,010000000000000000000100000000000000000000000000100000010011,0.18659693454426723,1973.9367321594523
1511297046833,INFO,EXPLORE_EVENT,110000000000000000000100000000000000000000000000100000010011,0.1876137902017324,2148.9563707539846
1511297050016,INFO,EXPLORE_EVENT,010000000000000000000100000000000000000000000000100000010011,0.18659693454426723,1973.9367321594523
1511297053354,INFO,EXPLORE_EVENT,010000000000000000010100000000000000000000000000100000010011,0.1898008416312919,2093.200101459692
1511297056250,INFO,EXPLORE_EVENT,010000000000000000000100000000000000000000000000100000010011,0.18659693454426723,1973.9367321594523
1511297064356,INFO,CLICK_EVENT,010000000000000000000100000000000000000000000000100000010011,0.18659693454426723,1973.9367321594523
1511297085511,INFO,CLEAR_SCREEN,000000000000000000000000000000000000000000000000000000000000,N/A,N/A
1511297484553,INFO,TREATMENT_3,000000000000000000000000000000000000000000000000000000000000,N/A,N/A
1511297492877,INFO,EXPLORE_EVENT,100000000000000000000000000000000000000000000000000000000000,0.021025948837500003,431.63363893128997
1511297493205,INFO,AGENT_EVENT,100000000000000000000000000000000001000000000000000000000000,0.0493589514053561,1449.5887859222548
1511297494134,INFO,AGENT_EVENT,100000000000000000000000001000000000000000000000000000000000,0.021025948837500003,1072.650525831711
1511297495251,INFO,AGENT_EVENT,100000010000000000000000000000000000000000000000000000000000,0.048690250087500005,608.5208736974487
1511297496677,INFO,AGENT_EVENT,100000000000000000000000000000000000000100000000000000000000,0.06752852205557114,871.695323412976
1511297498033,INFO,CLICK_EVENT,100000000000000000000000000000000000000100000000000000000000,0.06752852205557114,871.695323412976
1511297498043,INFO,AGENT_EVENT,100000000000000000000000000000000000000000000001000000000000,0.0493589514053561,1449.7716696358002
1511297498787,INFO,AGENT_EVENT,000000000000000000000000000000000000000000000000000000000000,0.0,0.0
1511297499972,INFO,AGENT_EVENT,100000000000000000000000000000000000000000000000001000000000,0.027109568967677765,1100.767724632562
1511297501120,INFO,AGENT_EVENT,100000000000000000000000000000000000001000000000000000000000,0.05904076913885316,1072.7135259543722
1511297503118,INFO,AGENT_EVENT,000000000000000000000000000000000000000100000000000000000000,0.04650257321807113,440.06168448168603
1511297503144,INFO,EXPLORE_EVENT,100000000000000000000000000000000000000100000000000000000000,0.06752852205557114,871.695323412976
1511297504503,INFO,AGENT_EVENT,100000000000000000000000000000001000000100000000000000000000,0.07012115321807114,1540.5355786243958
1511297505735,INFO,AGENT_EVENT,100000000000000000000000010000000000000100000000000000000000,0.06752852205557114,1035.9835790635375
1511297507010,INFO,AGENT_EVENT,100000000000000000000000001000000000000100000000000000000000,0.06752852205557114,1512.6441671039918
1511297508394,INFO,AGENT_EVENT,100000000000000000000010000000000000000100000000000000000000,0.06752852205557114,1495.7300769241235
1511297509767,INFO,AGENT_EVENT,100000000000000000000010000000000000000100000000000000000000,0.06752852205557114,1495.7300769241235
1511297511246,INFO,AGENT_EVENT,100000000000000000000000000000000000000101000000000000000000,0.07954132547162336,1346.0552929354558
1511297512581,INFO,AGENT_EVENT,100000000000000000000000000000100000000100000000000000000000,0.06752852205557114,1122.5559058333092
1511297513341,INFO,CLICK_EVENT,100000000000000000000000000000000000000101000000000000000000,0.07954132547162336,1346.0552929354558
1511297514079,INFO,AGENT_EVENT,100000000000000000000000000000000000000101000000000000000000,0.07954132547162336,1346.0552929354558
1511297515522,INFO,AGENT_EVENT,100000000000000000000000000000000000000100000000000001000000,0.12072642264855937,1237.485439327932
1511297516890,INFO,AGENT_EVENT,100000000010000000000000000000000000000100000000000000000000,0.06752852205557114,1432.0292237914903
1511297518358,INFO,AGENT_EVENT,100000000000000000000000000000000000000100000000000010000000,0.06809684393057114,1125.2702482544742
1511297519698,INFO,CLICK_EVENT,100000000000000000000000000000000000000100000000000001000000,0.12072642264855937,1237.485439327932
1511297519845,INFO,AGENT_EVENT,100000000000000000000000000000001000000100000000000000000000,0.07012115321807114,1540.5355786243958
1511297521204,INFO,AGENT_EVENT,100000000000000000000000000000000000000100000000000000100000,0.08199061955557113,1130.9753414714992
1511297524126,INFO,EXPLORE_EVENT,100000000000000000000000000000000000000100000000000001000000,0.12072642264855937,1237.485439327932
1511297524351,INFO,AGENT_EVENT,100000010000000000000000000000000000000100000000000001000000,0.14218764445267956,1414.4499528914498
1511297525993,INFO,AGENT_EVENT,101000000000000000000000000000000000000100000000000001000000,0.1211061337494084,2092.3443587957945
1511297527629,INFO,CLICK_EVENT,100000010000000000000000000000000000000100000000000001000000,0.14218764445267956,1414.4499528914498
1511297527694,INFO,AGENT_EVENT,100000000000000000000000000000000001000100000000000001000000,0.13539691965894604,2255.517865116256
1511297529294,INFO,AGENT_EVENT,100000000000000000000000100000000000000100000000000001000000,0.12204208622355937,1612.5766777680421
1511297530880,INFO,AGENT_EVENT,100000000000000000000000000000000000000100000000010001000000,0.13416053077355938,1301.8508715494602
1511297532375,INFO,AGENT_EVENT,100000000000000000000000000000000000000100001000000001000000,0.11607564768281577,2270.5020687621154
1511297535263,INFO,EXPLORE_EVENT,100000010000000000000000000000000000000100000000000001000000,0.14218764445267956,1414.4499528914498
1511297535575,INFO,AGENT_EVENT,100000011000000000000000000000000000000100000000000001000000,0.14243997936517958,2035.1741192871586
1511297537468,INFO,AGENT_EVENT,100000010000000000000000000000000000000110000000000001000000,0.14570380133780206,1594.4115153304576
1511297539506,INFO,AGENT_EVENT,100000010001000000000000000000000000000100000000000001000000,0.1206506412013673,2780.3630832364834
1511297541435,INFO,AGENT_EVENT,110000010000000000000000000000000000000100000000000001000000,0.15539995382767957,1480.8682090825498
1511297543166,INFO,AGENT_EVENT,100000010000000010000000000000000000000100000000000001000000,0.14218764445267956,1664.7332310663624
1511297544455,INFO,CLICK_EVENT,110000010000000000000000000000000000000100000000000001000000,0.15539995382767957,1480.8682090825498
1511297545274,INFO,AGENT_EVENT,100000010000000000000000000000000000000100000000000011000000,0.14275596632767956,1598.3606854106351
1511297547079,INFO,AGENT_EVENT,100000010000000000000000100000000000000100000000000001000000,0.14271548552767957,1789.5411913315597
1511297548823,INFO,AGENT_EVENT,100000010000000000000000000000000000000100010000000001000000,0.14108677627522262,1708.96882952108
1511297552971,INFO,EXPLORE_EVENT,100000000000000000000000000000000000000100000000000001000000,0.12072642264855937,1237.485439327932
1511297554210,INFO,EXPLORE_EVENT,100000010000000000000000000000000000000100000000000001000000,0.14218764445267956,1414.4499528914498
1511297556145,INFO,EXPLORE_EVENT,110000000000000000000000000000000000000100000000000001000000,0.13315320577355938,1303.8069748047387
1511297556242,INFO,EXPLORE_EVENT,110000010000000000000000000000000000000100000000000001000000,0.15539995382767957,1480.8682090825498
1511297556264,INFO,CLICK_EVENT,110000010000000000000000000000000000000100000000000001000000,0.15539995382767957,1480.8682090825498
1511297556971,INFO,EXPLORE_EVENT,110000010000000000000000000000000000000100000000000001000000,0.15539995382767957,1480.8682090825498
1511297557422,INFO,AGENT_EVENT,110000010000000000000000001000000000000100000000000001000000,0.15539995382767957,2121.96237478033
1511297559575,INFO,AGENT_EVENT,110000010000100000000000000000000000000100000000000001000000,0.15592779490267958,1908.6062299618861
1511297564967,INFO,AGENT_EVENT,110000010000000000000100000000000000000100000000000001000000,0.15539995382767957,2341.6342157611307
1511297567250,INFO,CLICK_EVENT,100000010000000000000000000000000000000100000000000001000000,0.14218764445267956,1414.4499528914498
1511297568041,INFO,AGENT_EVENT,110000010000000000000000000000000000000100000000000101000000,0.12944345686377878,2035.4322789226262
1511297568165,INFO,CLICK_EVENT,110000010000000000000000000000000000000100000000000001000000,0.15539995382767957,1480.8682090825498
1511297570109,INFO,AGENT_EVENT,110000010000000000000000000000000000000100000000000001100000,0.16776442882767958,1642.1214202748279
1511297571661,INFO,CLICK_EVENT,110000010000000000000000000000000000000100000000000001100000,0.16776442882767958,1642.1214202748279
1511297572508,INFO,AGENT_EVENT,110000010000000000000001000000000000000100000000000001000000,0.16885951439452793,2483.1961014403278
1511297574790,INFO,AGENT_EVENT,110001010000000000000000000000000000000100000000000001000000,0.16059012882767956,1775.3809765376725
1511297579701,INFO,EXPLORE_EVENT,110000010000000000000000000000000000000100000000000001100000,0.16776442882767958,1642.1214202748279
1511297579711,INFO,AGENT_EVENT,110000010000000000000000001000000000000100000000000001100000,0.16776442882767958,2283.215585972608
1511297582043,INFO,AGENT_EVENT,110000010010000000000000000000000000000100000000000001100000,0.15596669938099944,3217.2432312433466
1511297584194,INFO,AGENT_EVENT,110000010100000000000000000000000000000100000000000001100000,0.12914428168113942,2919.5727408415432
1511297586224,INFO,AGENT_EVENT,110000010000000000000000000100000000000100000000000001100000,0.16776442882767958,2082.094465741855
1511297588276,INFO,AGENT_EVENT,110000010000000000100000000000000000000100000000000001100000,0.16776442882767958,1900.6267927709096
1511297590405,INFO,AGENT_EVENT,110000011000000000000000000000000000000100000000000001100000,0.1680167637401796,2264.813592839599
1511297593572,INFO,AGENT_EVENT,100000010000000000000000000000001000000100000000000001100000,0.15559227686517957,2244.6887413019117
1511297593987,INFO,EXPLORE_EVENT,110000010000000000000000000000001000000100000000000001100000,0.16880458624017958,2311.106997493012
1511297598034,INFO,EXPLORE_EVENT,110000010000000000000000000000000000000100000000000001100000,0.16776442882767958,1642.1214202748279
1511297598149,INFO,AGENT_EVENT,110000010000000000000000000000010000000100000000000001100000,0.16776442882767958,1900.792234505188
1511297603173,INFO,EXPLORE_EVENT,110000010000000000000000000000000000000100000000000001101000,0.1728885126146511,3153.9358113161998
1511297603498,INFO,AGENT_EVENT,110000010000000000000000000000000000001100000000000001101000,0.1731657711793037,3597.596300341267
1511297607649,INFO,EXPLORE_EVENT,110000010000000000000000000000000000000100000000000001100000,0.16776442882767958,1642.1214202748279
1511297609251,INFO,EXPLORE_EVENT,110000010000000000000000000000000000000100000000000001100100,0.11795710220274036,2777.975205232466
1511297609644,INFO,AGENT_EVENT,111000010000000000000000000000000000000100000000000001100100,0.09086628712440384,3846.998537923845
1511297615649,INFO,EXPLORE_EVENT,110000010000000000000000000000000000000100000000000001100000,0.16776442882767958,1642.1214202748279
1511297617162,INFO,EXPLORE_EVENT,110000010000000000000000000000000000000100000000000001100010,0.15325723818670747,3062.416150507809
1511297617249,INFO,AGENT_EVENT,110000010000000000000000000000000100000100000000000001100010,0.15325723818670747,3856.5168917236697
1511297620789,INFO,EXPLORE_EVENT,110000010000000000000000000000000000000100000000000001100000,0.16776442882767958,1642.1214202748279
1511297620992,INFO,AGENT_EVENT,110000010000000000000000000000000000000100000000000001100100,0.11795710220274036,2777.975205232466
1511297623246,INFO,AGENT_EVENT,110000010000000000000010000000000000000100000000000001100000,0.1697326824776796,2266.30149579274
1511297626465,INFO,EXPLORE_EVENT,110000010000001000000000000000000000000100000000000001100000,0.16776442882767958,2308.9917965198833
1511297626566,INFO,AGENT_EVENT,110000010100001000000000000000000000000100000000000001100000,0.12914428168113942,3586.4431170865987
1511297632643,INFO,EXPLORE_EVENT,110000010000000000000000000000000000000100000000000001100000,0.16776442882767958,1642.1214202748279
1511297632855,INFO,EXPLORE_EVENT,110000010000000000000000001000000000000100000000000001100000,0.16776442882767958,2283.215585972608
1511297633178,INFO,AGENT_EVENT,110000010100000000000000001000000000000100000000000001100000,0.12914428168113942,3560.6669065393235
1511297637472,INFO,EXPLORE_EVENT,110000010000000000000000000000000000000100000000000001100000,0.16776442882767958,1642.1214202748279
1511297637870,INFO,AGENT_EVENT,111000010000000000000000000000000000000100000000000001100000,0.14133747763617424,2711.1447529662073
1511297643134,INFO,EXPLORE_EVENT,110000010000000000000000000000000000000100000000000001100001,0.1381986535004095,2918.17510862694
1511297643479,INFO,AGENT_EVENT,110000010000000000000000000000000000000100000000000011100001,0.13543407585214895,3244.961344493575
1511297648096,INFO,EXPLORE_EVENT,110000010000000000000000000000000000000100000001000001100000,0.15417135234642476,2453.981034143084
1511297648407,INFO,AGENT_EVENT,110010010000000000000000000000000000000100000001000001100000,0.15530799609642476,2652.534809191083
1511297654100,INFO,EXPLORE_EVENT,110000010000000000000000000000000000000100000000000001100000,0.16776442882767958,1642.1214202748279
1511297654622,INFO,EXPLORE_EVENT,110000010000000000000000000000000001000100000000000001100000,0.18243492583806623,2660.153846063152
1511297655452,INFO,AGENT_EVENT,110000010000000100000000000000000001000100000000000001100000,0.18243492583806623,3107.8292642727047
1511297658201,INFO,AGENT_EVENT,111000010000000000000000000000000001000100000000000001100000,0.1560079746465609,3729.1771787545313
1511297661020,INFO,AGENT_EVENT,110000010000000000000001000000000001000100000000000001100000,0.18833885371217735,3562.2238218776447
1511297667094,INFO,EXPLORE_EVENT,110000010000000000000000000000000000000100000000000001100000,0.16776442882767958,1642.1214202748279
1511297667575,INFO,EXPLORE_EVENT,110000010000000000000001000000000000000100000000000001100000,0.1812239893945279,2644.449312632606
1511297668175,INFO,AGENT_EVENT,110000010000000000000001000000000000100100000000000001100000,0.18137728903758538,3148.0383569815504
1511297674391,INFO,EXPLORE_EVENT,110000010000000000000000000000000000000100000000000001100000,0.16776442882767958,1642.1214202748279
1511297675097,INFO,EXPLORE_EVENT,110000010001000000000000000000000000000100000000000001100000,0.1393185716107071,3074.6506023358206
1511297675409,INFO,AGENT_EVENT,110000010001000000000000000000000000000100000000000000100000,0.08735422509379386,2806.6859798330174
1511297679640,INFO,EXPLORE_EVENT,110000010000000000000000000000000000000100000000000001100000,0.16776442882767958,1642.1214202748279
1511297680076,INFO,AGENT_EVENT,110000010000000000000000000000000000000100000000000001100001,0.1381986535004095,2918.17510862694
1511297682296,INFO,AGENT_EVENT,110000010000000000000000000000000000000100000000000001101000,0.1728885126146511,3153.9358113161998
1511297685257,INFO,AGENT_EVENT,110000010000000000000000000000000000000100000000000101100000,0.13050685044074448,2344.470745880246
1511297687382,INFO,AGENT_EVENT,110000010000000010000000000000000000000100000000000001100000,0.16776442882767958,1892.4046984497404
1511297689574,INFO,AGENT_EVENT,110000010000000000000010000000000000000100000000000001100000,0.1697326824776796,2266.30149579274
1511297691905,INFO,AGENT_EVENT,110000010000000000000000100000000000000100000000000001100000,0.1682922699026796,2017.2126587149378
1511297693854,INFO,AGENT_EVENT,110000010000000000000000000000000000000100000000000001000000,0.15539995382767957,1480.8682090825498
1511297695711,INFO,AGENT_EVENT,010000010000000000000000000000000000000100000000000001100000,0.14452092874017958,1309.5638460506393
1511297697938,INFO,AGENT_EVENT,110000010000000000000000000000000000000100010000000001100000,0.16666356065022261,1936.640296904458
1511297699812,INFO,AGENT_EVENT,010000010000000000000000000000000000000100000000000001100000,0.14452092874017958,1309.5638460506393
1511297702198,INFO,AGENT_EVENT,110000010000100000000000000000000000000100000000000001100000,0.1682922699026796,2069.859441154164
1511297704597,INFO,AGENT_EVENT,110000010000000000000000000000000000000100000000001001100000,0.13428744932639908,2576.9792230530293
1511297706802,INFO,AGENT_EVENT,110000010000000000000000000000000000000100000000000001110000,0.16737103935137923,2408.9679018653082
1511297708710,INFO,CLICK_EVENT,000000000000000000000000000000000000000000000000000000000000,0,0
1511297709410,INFO,AGENT_EVENT,110000010000000000000000000000000000000100000000010001100000,0.18456402950267958,1706.8309614249283
1511297711610,INFO,AGENT_EVENT,110000010000000000000100000000000000000100000000000001100000,0.16776442882767958,2502.8874269534085
1511297714229,INFO,AGENT_EVENT,110001010000000000000000000000000000000100000000000001100000,0.17194727882767957,1936.6341877299506
1511297714892,INFO,CLICK_EVENT,110000010000000000000000000000000000000100000000010001100000,0.18456402950267958,1706.8309614249283
1511297715079,INFO,CLICK_EVENT,110000010000000000000000000000000000000100000000010001100000,0.18456402950267958,1706.8309614249283
1511297716375,INFO,AGENT_EVENT,110000010000000000001000000000000000000100000000000001100000,0.16880458624017958,2320.1417114695278
1511297718833,INFO,AGENT_EVENT,110000010000000000000000000000000000000100000000001001100000,0.13428744932639908,2576.9792230530293
1511297724007,INFO,EXPLORE_EVENT,110000010000000000000000000000000000000100000000000000100000,0.11355920323469135,1374.1567977720247
1511297725449,INFO,EXPLORE_EVENT,110000010000000000000000000000000000000100000000000001100000,0.16776442882767958,1642.1214202748279
1511297727045,INFO,EXPLORE_EVENT,110000010000000000000000000000000000000100000000010001100000,0.18456402950267958,1706.8309614249283
1511297727833,INFO,AGENT_EVENT,110000010000000000000000000000000000000110000000010001100000,0.1880801863878021,1886.7925238639364
1511297730413,INFO,AGENT_EVENT,110000010000000000000000000000000000000100000100010001100000,0.16360817961805552,2303.2535544985867
1511297731410,INFO,CLICK_EVENT,110000010000000000000000000000000000000110000000010001100000,0.1880801863878021,1886.7925238639364
1511297733459,INFO,AGENT_EVENT,111000010000000000000000000000000000000100000000010001100000,0.16373046034466354,2775.8542941163078
1511297737474,INFO,AGENT_EVENT,100000010000000000000000000000000000000110000000010001100000,0.18463581138780208,1820.3742676728361
1511297738025,INFO,EXPLORE_EVENT,110000010000000000000000000000000000000110000000010001100000,0.1880801863878021,1886.7925238639364
1511297740240,INFO,AGENT_EVENT,110000010000001000000000000000000000000110000000010001100000,0.1880801863878021,2553.6629001089914
1511297742994,INFO,AGENT_EVENT,110000010000001000000000000000000000000110000000010001100000,0.1880801863878021,2553.6629001089914
1511297746037,INFO,AGENT_EVENT,110001010000000000000000000000000000000110000000010001100000,0.19226303638780207,2181.3052913190586
1511297748480,INFO,AGENT_EVENT,010000010000000000000000000000000000000110000000010001100000,0.1648366863003021,1554.2349496397478
1511297751319,INFO,AGENT_EVENT,110000010000000000000000000000000000000110001000010001100000,0.18326914056682897,2928.269961522413
1511297754149,INFO,AGENT_EVENT,110000010000000000000000100000000000000110000000010001100000,0.18860802746280209,2261.8837623040463
1511297755287,INFO,CLICK_EVENT,110001010000000000000000000000000000000110000000010001100000,0.19226303638780207,2181.3052913190586
1511297756576,INFO,AGENT_EVENT,110000010000000000000000000000000000000010000000010001100000,0.17080581584687504,1478.3059711631772
1511297758474,INFO,CLICK_EVENT,110001010000000000000000000000000000000110000000010001100000,0.19226303638780207,2181.3052913190586
1511297760319,INFO,AGENT_EVENT,110100010000000000000000000000000000000110000000010001100000,0.16398985772159022,2717.0810966862055
1511297763227,INFO,AGENT_EVENT,110000010000000000000000000000000000000110000000010001101000,0.18112925199478558,3465.8586338660616
1511297769899,INFO,EXPLORE_EVENT,010000010000000000000000000000000000000110000000010001100000,0.1648366863003021,1554.2349496397478
1511297770281,INFO,EXPLORE_EVENT,110000010000000000000000000000000000000110000000010001100000,0.1880801863878021,1886.7925238639364
1511297773483,INFO,EXPLORE_EVENT,110001010000000000000000000000000000000110000000010001100000,0.19226303638780207,2181.3052913190586
1511297773734,INFO,AGENT_EVENT,110001010000000000000000000000000000000110000000010011100000,0.2014373346219105,2992.414403107272
1511297777258,INFO,AGENT_EVENT,110001110000000000000000000000000000000110000000010001100000,0.1805130499363406,3269.8291348998555
1511297779968,INFO,AGENT_EVENT,100001010000000000000000000000000000000110000000010001100000,0.18881866138780207,2114.118640974242
1511297783139,INFO,AGENT_EVENT,110001010000000000010000000000000000000110000000010001100000,0.19226303638780207,2449.1565613100656
1511297786805,INFO,AGENT_EVENT,110001010000000000000000000000000000000110000001010001100000,0.17790698004127486,3013.3036902009862
1511297795755,INFO,EXPLORE_EVENT,010000000000100001010000000000000000000110000000010001100000,0.17326506420997018,2272.7690571870435
1511297796240,INFO,EXPLORE_EVENT,010000010000100001000000000000000000000110000000010001100000,0.1892808338878021,2255.999959528979
1511297796292,INFO,EXPLORE_EVENT,110000010000000001000000000000000000000110000000010001100000,0.19226303638780207,2250.7518032909948
1511297796526,INFO,EXPLORE_EVENT,010000000000100001010000000000000000000110000000010001100000,0.17326506420997018,2272.7690571870435
1511297801196,INFO,EXPLORE_EVENT,000000000000000000000000000000000000000110000000010001100000,0.1426138146974702,1211.8533939753875
1511297802075,INFO,EXPLORE_EVENT,000000000000010001010000000000000000000110000000010001100000,0.1467966646974702,1810.7803453233132
1511297802105,INFO,EXPLORE_EVENT,010000000000000001010000000000000000000110000000010001100000,0.1515797503997202,1913.7537001994156
1511297802953,INFO,EXPLORE_EVENT,000000000000000000000000000000000000000110000000010000100000,0.08803559024341177,952.5721373539886
1511297803153,INFO,EXPLORE_EVENT,000000000000000000000000000000000000000000000000000000000000,0.0,0.0
1511297804872,INFO,CLICK_EVENT,110001010000000000000000000000000000000110000000010011100000,0.2014373346219105,2992.414403107272
1511297826223,INFO,CLEAR_SCREEN,000000000000000000000000000000000000000000000000000000000000,N/A,N/A
1511297837468,INFO,EXPLORE_EVENT,100000010000000000000000000000000000000000000000000000000000,0.048690250087500005,608.5208736974487
1511297840428,INFO,EXPLORE_EVENT,110001010000000000000000000000000000000000000000000000000000,0.11655028758750001,969.4518973436714
1511297847333,INFO,EXPLORE_EVENT,110001010000000000000000000000000000000110000000010001100000,0.19226303638780207,2181.3052913190586
1511297856345,INFO,EXPLORE_EVENT,110001010000000000000000000000000000000110000000010001110000,0.18673208687325749,3003.324732394524
1511297861023,INFO,EXPLORE_EVENT,110001010000000000000000000000000000000110000000010001100000,0.19226303638780207,2181.3052913190586
1511297865577,INFO,CLICK_EVENT,110001010000000000000000000000000000000110000000010001100000,0.19226303638780207,2181.3052913190586
1511297900533,INFO,CLEAR_SCREEN,000000000000000000000000000000000000000000000000000000000000,N/A,N/A
