1509801095834,INFO,DEMO_TREATMENT,000000000000000000000000000000000000000000000000000000000000,N/A,N/A
1509801121271,INFO,EXPLORE_EVENT,000000000000000000000000000000000000000000000000000000001000,0.030751654416775135,1009.3045466820167
1509801154745,INFO,EXPLORE_EVENT,000000000000000000000000000100000000000000000000000000001000,0.04521375191677514,1260.1238559247881
1509801191930,INFO,CLICK_EVENT,000000000000000000000000000100000000000000000000000000001000,0.04521375191677514,1260.1238559247881
1509801194454,INFO,CLICK_EVENT,000000000000000000000000000100000000000000000000000000001000,0.04521375191677514,1260.1238559247881
1509801205104,INFO,CLICK_EVENT,000000000000000000000000000000000000000000000000000000001000,0.030751654416775135,1009.3045466820167
1509801209483,INFO,CLICK_EVENT,000000000000000000000000000100000000000000000000000000001000,0.04521375191677514,1260.1238559247881
1509801211893,INFO,CLICK_EVENT,000000000000000000000000000000000000000000000000000000001000,0.030751654416775135,1009.3045466820167
1509801319532,INFO,CLICK_EVENT,000000000000000000000000000000000000000000000000000000000000,0,0
1509801326938,INFO,CLEAR_SCREEN,000000000000000000000000000100000000000000000000000000001000,N/A,N/A
1509801343980,INFO,EXPLORE_EVENT,000000000000000000000000000100000000000000000000000000000000,0.0144620975,250.88035225693346
1509801345596,INFO,EXPLORE_EVENT,000000000000000000000000000000000000000000000000000000000000,0.0,0.0
1509801353742,INFO,CLEAR_SCREEN,000000000000000000000000000000000000000000000000000000000000,N/A,N/A
1509801469779,INFO,TREATMENT_3,000000000000000000000000000000000000000000000000000000000000,N/A,N/A
1509801486964,INFO,EXPLORE_EVENT,000000000000000000000000000000000000000000000000100000000000,0.0314321988375,431.63363893128997
1509801487198,INFO,AGENT_EVENT,000000000010000000000000000000000000000000000000100000000000,0.0314321988375,1061.5613485032095
1509801488318,INFO,AGENT_EVENT,000000000000000000000000000001000000000000000000100000000000,0.08901032696250001,802.7699032585551
1509801489334,INFO,AGENT_EVENT,000000000000000000000000000000000100000000000000100000000000,0.0314321988375,1225.657101349792
1509801490253,INFO,AGENT_EVENT,000000000000000000000000000100000000000000000000100000000000,0.0314321988375,871.6747776074733
1509801491392,INFO,AGENT_EVENT,000010000000000000000000000000000000000000000000100000000000,0.03256884258750001,685.2766069821934
1509801492354,INFO,AGENT_EVENT,000000000000000000000000000000000000000000001000100000000000,0.034024830000000006,1100.681308528448
1509801493351,INFO,AGENT_EVENT,000000000000000000000000000000000000000000001000100000000000,0.034024830000000006,1100.681308528448
1509801494265,INFO,AGENT_EVENT,000000000000000000000000000000010000000000000000100000000000,0.0314321988375,690.361395693307
1509801495324,INFO,AGENT_EVENT,000000000000000000000000000000000000000000000000100000001000,0.03543138750000001,1042.4627814326127
1509801496579,INFO,AGENT_EVENT,000000000000000000000000000000100000000000000000100000000000,0.0314321988375,682.4942213516233
1509801497664,INFO,AGENT_EVENT,000000000000000000000000000000000000000000000000100000100000,0.0602336488375,592.3408162745889
1509801498767,INFO,AGENT_EVENT,000000000000000000000000000000000100000000000000100000000000,0.0314321988375,1225.657101349792
1509801499872,INFO,AGENT_EVENT,000000000100000000000000000000000000000000000000100000000000,0.03346509767058793,1297.406035004916
1509801500720,INFO,CLICK_EVENT,000000000000000000000000000000100000000000000000100000000000,0.0314321988375,682.4942213516233
1509801501129,INFO,AGENT_EVENT,000000000000000000000000000000000000000000000000100100000000,0.06428298736535941,1047.4021947284205
1509801502048,INFO,AGENT_EVENT,000000000000001000000000000000000000000000000000100000000000,0.0314321988375,1098.4267363789863
1509801502987,INFO,AGENT_EVENT,000000000000000000000000000010000000000000000000100000000000,0.0314321988375,642.9339748727582
1509801504005,INFO,AGENT_EVENT,000000000100000000000000000000000000000000000000100000000000,0.03346509767058793,1297.406035004916
1509801505076,INFO,AGENT_EVENT,000000000000000000010000000000000000000000000000100000000000,0.0314321988375,699.5364325560265
1509801506024,INFO,AGENT_EVENT,000000000000000100000000000000000000000000000000100000000000,0.0314321988375,879.3706971066101
1509801507091,INFO,AGENT_EVENT,000000000010000000000000000000000000000000000000100000000000,0.0314321988375,1061.5613485032095
1509801508179,INFO,AGENT_EVENT,000000000000000000100000000000000000000000000000100000000000,0.0314321988375,690.1963681608697
1509801509358,INFO,AGENT_EVENT,000000000000000000000010000000000000000000000000100000000000,0.0314321988375,1055.7364356518428
1509801509813,INFO,CLICK_EVENT,000000000100000000000000000000000000000000000000100000000000,0.03346509767058793,1297.406035004916
1509801510355,INFO,AGENT_EVENT,000000000000000000000000000000000100000000000000100000000000,0.0314321988375,1225.657101349792
1509801511516,INFO,AGENT_EVENT,000000000000000000000010000000000000000000000000100000000000,0.0314321988375,1055.7364356518428
1509801512579,INFO,AGENT_EVENT,000000000000000000000000010000000000000000000000100000000000,0.0314321988375,595.9218945818515
1509801513505,INFO,CLICK_EVENT,000000000000000100000000000000000000000000000000100000000000,0.0314321988375,879.3706971066101
1509801513821,INFO,AGENT_EVENT,000000000000000000000000000000000000000000000000100100000000,0.06428298736535941,1047.4021947284205
1509801514959,INFO,AGENT_EVENT,000000010000000000000000000000000000000000000000100000000000,0.0561142975875,700.3886610685693
1509801515958,INFO,AGENT_EVENT,000000000000000000000000000010000000000000000000100000000000,0.0314321988375,642.9339748727582
1509801516307,INFO,CLICK_EVENT,000000000000000000000010000000000000000000000000100000000000,0.0314321988375,1055.7364356518428
1509801517165,INFO,AGENT_EVENT,000000000100000000000000000000000000000000000000100000000000,0.03346509767058793,1297.406035004916
1509801517474,INFO,CLICK_EVENT,000000000000000000000010000000000000000000000000100000000000,0.0314321988375,1055.7364356518428
1509801518355,INFO,AGENT_EVENT,000000000000000000000000000000000000001000000000100000000000,0.06944701913885316,1072.7135259543722
1509801519452,INFO,AGENT_EVENT,000000000000000000000000000000000010000000000000100000000000,0.046417626537500006,1029.62181505575
1509801520610,INFO,AGENT_EVENT,000000000000000000000000000000000000010000000000100000000000,0.0636201170125,595.9295212967081
1509801521792,INFO,AGENT_EVENT,000000000000000000000000000000000000000100000000100000000000,0.07793477205557113,871.695323412976
1509801522952,INFO,AGENT_EVENT,000000000000000000000000000000000000000000000000100100000000,0.06428298736535941,1047.4021947284205
1509801523943,INFO,AGENT_EVENT,000000000000001000000000000000000000000000000000100000000000,0.0314321988375,1098.4267363789863
1509801525092,INFO,AGENT_EVENT,000000000000000000000000000000000000000000000000100010000000,0.03200052071250001,608.8216651037712
1509801526266,INFO,AGENT_EVENT,001000000000000000000000000000000000000000000000100000000000,0.037515818967677764,1100.767724632562
1509801527303,INFO,AGENT_EVENT,000000000100000000000000000000000000000000000000100000000000,0.03346509767058793,1297.406035004916
1509801528295,INFO,AGENT_EVENT,000000000000001000000000000000000000000000000000100000000000,0.0314321988375,1098.4267363789863
1509801529306,INFO,AGENT_EVENT,000000000100000000000000000000000000000000000000100000000000,0.03346509767058793,1297.406035004916
1509801530461,INFO,AGENT_EVENT,000000000000000000000000000000000001000000000000100000000000,0.05976520140535611,1449.5887859222548
1509801531592,INFO,AGENT_EVENT,000000000000000001000000000000000000000000000000100000000000,0.08557626446250001,795.515639560989
1509801532782,INFO,AGENT_EVENT,000000000000000000000000000000000000001000000000100000000000,0.06944701913885316,1072.7135259543722
1509801534235,INFO,AGENT_EVENT,000100000000000000000000000000000000000000000000100000000000,0.07835451209412099,880.1022085325314
1509801535338,INFO,AGENT_EVENT,000000000000010000000000000000000000000000000000100000000000,0.0314321988375,598.669400764911
1509801536136,INFO,CLICK_EVENT,000000000000000000000000000001000000000000000000100000000000,0.08901032696250001,802.7699032585551
1509801536358,INFO,AGENT_EVENT,000000100000000000000000000000000000000000000000100000000000,0.04589429633750001,690.9136569898131
1509801537499,INFO,AGENT_EVENT,000000000000000000000000000000000000000000000000100100000000,0.06428298736535941,1047.4021947284205
1509801538490,INFO,AGENT_EVENT,000000000000000000000000000100000000000000000000100000000000,0.0314321988375,871.6747776074733
1509801539554,INFO,AGENT_EVENT,000000000000000000000010000000000000000000000000100000000000,0.0314321988375,1055.7364356518428
1509801540525,INFO,AGENT_EVENT,000000000000000000000000000000010000000000000000100000000000,0.0314321988375,690.361395693307
1509801541603,INFO,AGENT_EVENT,000000000000000000000000000000000010000000000000100000000000,0.046417626537500006,1029.62181505575
1509801542616,INFO,AGENT_EVENT,000000000000000000000000000000000000000000000000100000100000,0.0602336488375,592.3408162745889
1509801543693,INFO,AGENT_EVENT,000000001000000000000000000000000000000000000000100000000000,0.034024830000000006,1114.9261157624514
1509801544725,INFO,AGENT_EVENT,000000000000000000100000000000000000000000000000100000000000,0.0314321988375,690.1963681608697
1509801544882,INFO,CLICK_EVENT,000000000000000001000000000000000000000000000000100000000000,0.08557626446250001,795.515639560989
1509801545833,INFO,AGENT_EVENT,000000100000000000000000000000000000000000000000100000000000,0.04589429633750001,690.9136569898131
1509801546807,INFO,AGENT_EVENT,000000000000010000000000000000000000000000000000100000000000,0.0314321988375,598.669400764911
1509801547931,INFO,AGENT_EVENT,000000000010000000000000000000000000000000000000100000000000,0.0314321988375,1061.5613485032095
1509801549090,INFO,AGENT_EVENT,000000000000000000000000000000000000000000000000100001000000,0.09384472383750002,708.6913272842086
1509801549340,INFO,CLICK_EVENT,000000000000000000000000000001000000000000000000100000000000,0.08901032696250001,802.7699032585551
1509801550157,INFO,AGENT_EVENT,000000000000000000000000000000000000000000000000100000010000,0.059096500087500003,608.5208736974487
1509801551196,INFO,AGENT_EVENT,000000000000000000000000000000000000000000000000100000010000,0.059096500087500003,608.5208736974487
1509801552346,INFO,AGENT_EVENT,000000000000000000000000000000000000000000000000110000000000,0.0438589819625,497.8778956107376
1509801553482,INFO,AGENT_EVENT,000000000000000000000001000000000000000000000000100000000000,0.05926540569117999,1433.8842524917095
1509801554562,INFO,AGENT_EVENT,000000000000000000000000000000000000000000010000100000000000,0.060110448937500005,690.3848060184132
1509801555463,INFO,AGENT_EVENT,000000000000000000000000000000100000000000000000100000000000,0.0314321988375,682.4942213516233
1509801556644,INFO,AGENT_EVENT,000000000000000000000000000000000000000000000000100100000000,0.06428298736535941,1047.4021947284205
1509801557722,INFO,AGENT_EVENT,000000000000000000000000000001000000000000000000100000000000,0.08901032696250001,802.7699032585551
1509801558701,INFO,AGENT_EVENT,000000000000010000000000000000000000000000000000100000000000,0.0314321988375,598.669400764911
1509801559476,INFO,AGENT_EVENT,000000000000000000000000000000000000000000000000000000000000,0.0,0.0
1509801560521,INFO,AGENT_EVENT,000000000000000000000000000000000000000000001000100000000000,0.034024830000000006,1100.681308528448
1509801561714,INFO,AGENT_EVENT,000100000000000000000000000000000000000000000000100000000000,0.07835451209412099,880.1022085325314
1509801562931,INFO,AGENT_EVENT,000000000000000000000000000000000000010000000000100000000000,0.0636201170125,595.9295212967081
1509801564071,INFO,AGENT_EVENT,000010000000000000000000000000000000000000000000100000000000,0.03256884258750001,685.2766069821934
1509801565037,INFO,AGENT_EVENT,000000000000001000000000000000000000000000000000100000000000,0.0314321988375,1098.4267363789863
1509801566146,INFO,AGENT_EVENT,000000000000000000000000000001000000000000000000100000000000,0.08901032696250001,802.7699032585551
1509801567197,INFO,AGENT_EVENT,000000010000000000000000000000000000000000000000100000000000,0.0561142975875,700.3886610685693
1509801568357,INFO,AGENT_EVENT,000100000000000000000000000000000000000000000000100000000000,0.07835451209412099,880.1022085325314
1509801569591,INFO,AGENT_EVENT,000000000000000000000000000001000000000000000000100000000000,0.08901032696250001,802.7699032585551
1509801570187,INFO,CLICK_EVENT,000000000000000001000000000000000000000000000000100000000000,0.08557626446250001,795.515639560989
1509801570603,INFO,AGENT_EVENT,000000000000000000000000000000000000000000000000100000001000,0.03543138750000001,1042.4627814326127
1509801571638,INFO,AGENT_EVENT,000000000000000100000000000000000000000000000000100000000000,0.0314321988375,879.3706971066101
1509801573027,INFO,AGENT_EVENT,001000000000000000000000000000000000000000000000100000000000,0.037515818967677764,1100.767724632562
1509801573125,INFO,CLICK_EVENT,000000000000000000000000000000000000000000000000100001000000,0.09384472383750002,708.6913272842086
1509801574018,INFO,AGENT_EVENT,000000000000010000000000000000000000000000000000100000000000,0.0314321988375,598.669400764911
1509801575200,INFO,AGENT_EVENT,000000000001000000000000000000000000000000000000100000000000,0.0557599200919083,1440.8609068159476
1509801576389,INFO,AGENT_EVENT,000100000000000000000000000000000000000000000000100000000000,0.07835451209412099,880.1022085325314
1509801577442,INFO,AGENT_EVENT,000000000000000000000000000000000000000000000000100000000010,0.0314321988375,992.0355825192096
1509801578618,INFO,AGENT_EVENT,010000000000000000000000000000000000000000000000100000000000,0.0438589819625,598.9365807566595
1509801579668,INFO,AGENT_EVENT,000000000000000000001000000000000000000000000000100000000000,0.034024830000000006,1109.5766513286308
1509801580732,INFO,AGENT_EVENT,000000000100000000000000000000000000000000000000100000000000,0.03346509767058793,1297.406035004916
1509801581865,INFO,AGENT_EVENT,000001000000000000000000000000000000000000000000100000000000,0.08557626446250001,797.4917980556513
1509801583308,INFO,AGENT_EVENT,000001000000000000000000000000000000000000000000100000000000,0.08557626446250001,797.4917980556513
1509801585148,INFO,AGENT_EVENT,000000000000000000000000000000000001000000000000100000000000,0.05976520140535611,1449.5887859222548
1509801586578,INFO,AGENT_EVENT,000000000000000000000000000010000000000000000000100000000000,0.0314321988375,642.9339748727582
1509801587259,INFO,CLICK_EVENT,000000000000000000000000000000000001000000000000100000000000,0.05976520140535611,1449.5887859222548
1509801587550,INFO,AGENT_EVENT,000000000000001000000000000000000000000000000000100000000000,0.0314321988375,1098.4267363789863
1509801588731,INFO,AGENT_EVENT,000000000000000000000000000000000000001000000000100000000000,0.06944701913885316,1072.7135259543722
1509801589918,INFO,AGENT_EVENT,000000000000000000000000000000000000000000000000110000000000,0.0438589819625,497.8778956107376
1509801591268,INFO,AGENT_EVENT,010000000000000000000000000000000000000000000000100000000000,0.0438589819625,598.9365807566595
1509801592071,INFO,CLICK_EVENT,000000000000000000000000000001000000000000000000100000000000,0.08901032696250001,802.7699032585551
1509801592573,INFO,AGENT_EVENT,000000000000000000000000000000000000000000000000100000000100,0.010111347835178423,1490.7036366637658
1509801593664,INFO,AGENT_EVENT,000000000000000000000000000000000000000000100000100000000000,0.04589429633750001,682.5139911882234
1509801594202,INFO,CLICK_EVENT,000000000000000000000000000000000000000000000000100001000000,0.09384472383750002,708.6913272842086
1509801594688,INFO,AGENT_EVENT,000000000000000000010000000000000000000000000000100000000000,0.0314321988375,699.5364325560265
1509801595784,INFO,AGENT_EVENT,000000000000000000000000000000000000000000000000100000000010,0.0314321988375,992.0355825192096
1509801596796,INFO,AGENT_EVENT,000000000000000000100000000000000000000000000000100000000000,0.0314321988375,690.1963681608697
1509801597868,INFO,AGENT_EVENT,000000000000000000000000000000000010000000000000100000000000,0.046417626537500006,1029.62181505575
1509801599947,INFO,EXPLORE_EVENT,000000000000000000000000000000000000000000000000100001000000,0.09384472383750002,708.6913272842086
1509801600149,INFO,AGENT_EVENT,000000000010000000000000000000000000000000000000100001000000,0.09384472383750002,1338.696315653487
1509801601483,INFO,AGENT_EVENT,000000000000000000000000000000000000000100000000100001000000,0.13213999764855938,1148.6849685564894
1509801602687,INFO,AGENT_EVENT,000000000000000000000000000000000000000000000010100001000000,0.10883015153750003,1306.908620506563
1509801603613,INFO,AGENT_EVENT,000000000000000000000000000000000000000000000000100000000000,0.0314321988375,431.63363893128997
1509801605989,INFO,EXPLORE_EVENT,000000000000000000000000000000000000000000000000100000000000,0.0314321988375,431.63363893128997
1509801607024,INFO,EXPLORE_EVENT,000000000000000000000000000001000000000000000000100000000000,0.08901032696250001,802.7699032585551
1509801607250,INFO,AGENT_EVENT,000000000000000000000000000001000000000000000000110000000000,0.10143711008750002,869.0914387353616
1509801608344,INFO,AGENT_EVENT,000000000000000000000100000001000000000000000000100000000000,0.08901032696250001,1663.5359099371358
1509801609684,INFO,AGENT_EVENT,000000000000000000000000000001000000000000000000101000000000,0.08664047302717509,1657.6288227264174
1509801611031,INFO,AGENT_EVENT,000000000001000000000000000001000000000000000000100000000000,0.10437903104033558,1812.0744499405714
1509801612218,INFO,AGENT_EVENT,000000000000000000000000000001000000000000000000100000001000,0.09300951562500001,1413.6763245572367
1509801613170,INFO,AGENT_EVENT,000000000000000000000000000001000000000000000000000000000000,0.057578128125,371.2135431246241
1509801614354,INFO,AGENT_EVENT,000000000000000000000000000001000000000000000000100000001000,0.09300951562500001,1413.6763245572367
1509801615551,INFO,AGENT_EVENT,000000010000000000000000000001000000000000000000100000000000,0.1136924257125,1071.4749143187769
1509801616729,INFO,AGENT_EVENT,000000000100000000000000000001000000000000000000100000000000,0.09104322579558793,1668.61957812954
1509801618442,INFO,EXPLORE_EVENT,000000000000000000000000000000000000000000000000100000000000,0.0314321988375,431.63363893128997
1509801619808,INFO,EXPLORE_EVENT,000000000000000000000000000000000000000000000000100001000000,0.09384472383750002,708.6913272842086
1509801620132,INFO,AGENT_EVENT,000000000000000000000000000000000000000100000000100001000000,0.13213999764855938,1148.6849685564894
1509801621456,INFO,AGENT_EVENT,000000000000000000000000000000000000000000000000100011000000,0.09441304571250002,905.2535503687317
1509801623372,INFO,EXPLORE_EVENT,000000000000000000000000000000000000000000000000000001000000,0.06140520000000001,365.9354379217204
1509801623799,INFO,EXPLORE_EVENT,000000000000000000000000100000000000000000000000000001000000,0.08243114883750001,778.5516616562801
1509801624126,INFO,AGENT_EVENT,000000000000100000000000100000000000000000000000000001000000,0.08374681241250001,1168.7646972411667
1509801625409,INFO,AGENT_EVENT,000000000000000000000000100000000000000010000000000001000000,0.10076512954687503,990.0203126668096
1509801626602,INFO,AGENT_EVENT,000000000000000000000000100000000000000000000000000001001000,0.086031105,1372.5820149551246
1509801629047,INFO,EXPLORE_EVENT,000000000000000000000000000000000000000000000000000001000000,0.06140520000000001,365.9354379217204
1509801629448,INFO,EXPLORE_EVENT,100000000000000000000000000000000000000000000000000001000000,0.08243114883750001,797.4917980556513
1509801629966,INFO,AGENT_EVENT,100000000000000000000000000000000001000000000000000001000000,0.09917637944095165,1815.524223843975
1509801631177,INFO,AGENT_EVENT,100000000100000000000000000000000000000000000000000001000000,0.06792392551069351,1856.6390745854862
1509801633780,INFO,EXPLORE_EVENT,000000000000000000000000000000000000000000000000000001000000,0.06140520000000001,365.9354379217204
1509801634850,INFO,EXPLORE_EVENT,000000000000000000000000000000000000000000000000100001000000,0.09384472383750002,708.6913272842086
1509801635048,INFO,AGENT_EVENT,100000000000000000000000000000000000000000000000100001000000,0.09516038741250002,1140.2476874181395
1509801636530,INFO,AGENT_EVENT,000000000001000000000000000000000000000000000000100001000000,0.1080087641910639,1717.9958739662252
1509801637789,INFO,AGENT_EVENT,000000000000000000000000000000000000000000010000100001000000,0.12252297393749999,967.3856042571233
1509801640067,INFO,EXPLORE_EVENT,000000000000000000000000000000000000000000000000100000000000,0.0314321988375,431.63363893128997
1509801641408,INFO,EXPLORE_EVENT,000000000000000000000000000001000000000000000000100000000000,0.08901032696250001,802.7699032585551
1509801641486,INFO,AGENT_EVENT,000000000000000000000000010001000000000000000000100000000000,0.08901032696250001,861.0770719211146
1509801644327,INFO,EXPLORE_EVENT,000000000000000000000000000000000000000000000000100000000000,0.0314321988375,431.63363893128997
1509801644751,INFO,EXPLORE_EVENT,000000000000000000000000000000000000000000000000100001000000,0.09384472383750002,708.6913272842086
1509801644876,INFO,AGENT_EVENT,000000000000000000100000000000000000000000000000100001000000,0.09384472383750002,967.1966997802901
1509801646037,INFO,AGENT_EVENT,000000000000000000000000000000000000000000000000100001001000,0.09784391250000002,1330.3158438549303
1509801648768,INFO,EXPLORE_EVENT,000000000000000000000000000000000000000010000000100001000000,0.11217870454687504,920.159978294738
1509801648827,INFO,AGENT_EVENT,000000000000000000010000000000000000000010000000100001000000,0.11217870454687504,1188.0112482857448
1509801650407,INFO,AGENT_EVENT,000000000000000000000000000000000000000010000001100001000000,0.11607178558738633,1932.1496756260103
1509801651782,INFO,AGENT_EVENT,000000000000000000000000000000000000000010000000100001000100,0.03984862264995684,2202.411834434498
1509801653147,INFO,AGENT_EVENT,000000000000000000000000000000000000000010000000100001100000,0.14098015454687501,1101.900918174934
1509801654310,INFO,AGENT_EVENT,000000000000000000000000000000000000000010000000100000000000,0.04976617954687501,643.0250111444603
1509801655615,INFO,AGENT_EVENT,000000000000000000000000000000010000000010000000100001000000,0.11217870454687504,1178.830792525098
1509801657135,INFO,AGENT_EVENT,000000000000000000000000000000000000010010000000100001000000,0.144366622721875,979.8743684561821
1509801658692,INFO,AGENT_EVENT,000000000000000000000000000000000000000010000000100011000000,0.12120887415000002,1116.7222013792612
1509801660249,INFO,AGENT_EVENT,000000000000000000000000000000000001000010000000100001000000,0.12892393515032666,1938.1924040830618
1509801661592,INFO,AGENT_EVENT,000000000000000000000000000000010000000010000000100001000000,0.11217870454687504,1178.830792525098
1509801663021,INFO,AGENT_EVENT,000000000000000000000000000010000000000010000000100001000000,0.11217870454687504,1131.5375930335651
1509801664537,INFO,AGENT_EVENT,000000000000000000000000000000000000000010000000110001000000,0.12460548767187501,986.9788855408294
1509801666083,INFO,AGENT_EVENT,000000000000000000000000000000000000000010000000100001000001,0.08050146467083726,2358.2788892506
1509801667440,INFO,AGENT_EVENT,000000000000000000000000001000000000000010000000100001000000,0.11217870454687504,1561.254143992518
1509801668944,INFO,AGENT_EVENT,000000000000000000000000000000000000000011000000100001000000,0.11636155454687502,1157.173176375687
1509801670332,INFO,AGENT_EVENT,000000000000000000000000000010000000000010000000100001000000,0.11217870454687504,1131.5375930335651
1509801671690,INFO,AGENT_EVENT,000000000000000000000000000000100000000010000000100001000000,0.11217870454687504,1170.9594698035162
1509801673240,INFO,AGENT_EVENT,000000000000000000000000000000000001000010000000100001000000,0.12892393515032666,1938.1924040830618
1509801676428,INFO,EXPLORE_EVENT,000000000000000000000000000000000001000010000000100001000000,0.12892393515032666,1938.1924040830618
1509801676576,INFO,AGENT_EVENT,000000000000000000000000000000000001000010000000100001000010,0.12750966541530007,3531.3216438756253
1509801678211,INFO,AGENT_EVENT,000000000000000000000000000000000001000010000100100001000000,0.1170165113374799,2717.1771035505635
1509801679935,INFO,AGENT_EVENT,000000000000000000000000000001000001000010000000100001000000,0.13005723167126212,2349.644012641687
1509801681614,INFO,AGENT_EVENT,000000000000000000000000000000000001000010100000100001000000,0.14338603265032665,2087.6865795272192
1509801683451,INFO,AGENT_EVENT,000000000000000000000000000000000001000010000000100101000000,0.10904316555652092,2789.460707225644
1509801685418,INFO,AGENT_EVENT,000000000000000000000000000000000001000010000000100001000001,0.08983155370405663,3276.053398495639
1509801687270,INFO,AGENT_EVENT,000000000000000000000000000000000001000010000000100101000000,0.10904316555652092,2789.460707225644
1509801689829,INFO,AGENT_EVENT,000100000000000000000000000000000001000010000000100001000000,0.16421691674719793,2386.600767448652
1509801692051,INFO,AGENT_EVENT,000000000000000000000010000000000001000010000000100001000000,0.12990806197532664,2562.3724796009733
1509801693878,INFO,AGENT_EVENT,000000000000000000000000000000000001000010000000100011000000,0.13795410475345166,2134.754627167585
1509801695529,INFO,AGENT_EVENT,000000000000000000001000000000000001000010000000100001000000,0.13151656631282665,2616.212695277761
1509801697275,INFO,AGENT_EVENT,000000000000000000000000000000000001000011000000100001000000,0.1373879164003267,2175.205602164011
1509801698964,INFO,AGENT_EVENT,000000000000000000000000000000000001100010000000100001000000,0.13023959872532662,2225.040865945561
1509801700638,INFO,AGENT_EVENT,000000000100000000000000000000000001000010000000100001000000,0.13194096080841455,2804.0420789540467
1509801702328,INFO,AGENT_EVENT,000000000000000000000000000000000001000010001000100001000000,0.13151656631282665,2522.397395401738
1509801705902,INFO,EXPLORE_EVENT,000000000010000000000000000000000001000010000000100001000000,0.12990806197532664,2568.19739245234
1509801706061,INFO,AGENT_EVENT,000000000010000010000000000000000001000010000000100001000000,0.12990806197532664,2818.480670627253
1509801707854,INFO,AGENT_EVENT,000000000010000000000000000010000001000010000000100001000000,0.12753618704716535,2773.204996131735
1509801709738,INFO,AGENT_EVENT,000000000010000000000000000000000001000010000000110001000000,0.14433292077532664,2635.016299698432
1509801711190,INFO,AGENT_EVENT,000000000010000000000000000000000000000010000000100001000000,0.11316283137187502,1550.1649666640164
1509801712973,INFO,AGENT_EVENT,000000000010000000000000000000000001000010000000100001100000,0.15870951197532662,2749.9383323325364
1509801714783,INFO,AGENT_EVENT,000000000110000000000000000000000001000010000000100001000000,0.1331990085500847,3780.746843758051
1509801716768,INFO,AGENT_EVENT,000000000010000000000000000000000001000010000001100001000000,0.12958740123786208,3580.1870897836125
1509801718789,INFO,AGENT_EVENT,000010000010000000000000000000000001000010000000100001000000,0.15935385006595165,2760.7281837730616
1509801720692,INFO,AGENT_EVENT,000000000010000000000000000000000001000010000000110001000000,0.14433292077532664,2635.016299698432
1509801722270,INFO,AGENT_EVENT,000000000010000000000000000000000001000000000000100001000000,0.11058995444095164,2356.7287414418106
1509801724104,INFO,AGENT_EVENT,000000000010000000001000000000000001000010000000100001000000,0.13250069313782664,3246.21768364704
1509801725916,INFO,AGENT_EVENT,000000010010000000000000000000000001000010000000100001000000,0.15364961566783966,3421.591058518757
1509801727658,INFO,AGENT_EVENT,000000000010000000000000001000000001000010000000100001000000,0.121369312233946,2999.310501207022
1509801729067,INFO,CLICK_EVENT,000000000000000000000000000000000000010010000000100001000000,0.144366622721875,979.8743684561821
1509801729764,INFO,AGENT_EVENT,000000000010100000000000000000000001000010000000100001000000,0.13122372555032663,2995.9354133316765
1509801731657,INFO,AGENT_EVENT,000000000010000000000000100000000001000010000000100001000000,0.13284203044043397,3070.8782575940477
1509801733465,INFO,AGENT_EVENT,000000001010000000000000000000000001000010000000100001000000,0.135323895177231,4176.983869303816
1509801735444,INFO,AGENT_EVENT,000000000010000000000000000000000011000010000000100001000000,0.1439554508869637,3365.112900079439
1509801737307,INFO,AGENT_EVENT,000000100010000000000000000000000001000010000000100001000000,0.14644199816058354,3400.240990795252
1509801739234,INFO,AGENT_EVENT,000000000010000000000000000000000001000010000000101001000000,0.10078367471266844,3639.2464347418445
1509801740940,INFO,AGENT_EVENT,000000000010000000000000001000000001000010000000100001000000,0.121369312233946,2999.310501207022
1509801742734,INFO,AGENT_EVENT,000000000010000100000000000000000001000010000000100001000000,0.12990806197532664,3015.872810661893
1509801744414,INFO,AGENT_EVENT,000000000010000000000000000000100001000010000000100001000000,0.12635024958308472,2833.841820299366
1509801746209,INFO,AGENT_EVENT,000000000010000000000000000000001001000010000000100001000000,0.12918618580224447,3590.094600383103
1509801747839,INFO,CLICK_EVENT,000000000000000000000000000000000000000000010000100001000000,0.12252297393749999,967.3856042571233
1509801748150,INFO,AGENT_EVENT,000000000010000000010000000000000001000010000000100001000000,0.12990806197532664,2836.048662443347
1509801750317,INFO,AGENT_EVENT,000000000010000000000000000000000001000010000000100001100000,0.15870951197532662,2749.9383323325364
1509801752513,INFO,CLICK_EVENT,000000000000000000000000000000000000000010000000100001000000,0.11217870454687504,920.159978294738
1509801752569,INFO,AGENT_EVENT,000000000010000000000000000000000001000010000010100001000000,0.15972966947532663,3027.3749484228574
1509801754562,INFO,AGENT_EVENT,000000000010000000000000000000100001000010000000100001000000,0.12635024958308472,2833.841820299366
1509801755061,INFO,CLICK_EVENT,000000000000000000000000000000000000000000000000100001000000,0.09384472383750002,708.6913272842086
1509801756409,INFO,AGENT_EVENT,000000000010000000000000000010000001000010000000100001000000,0.12753618704716535,2773.204996131735
1509801757886,INFO,AGENT_EVENT,000000000010000000000000000000000001000000000000100001000000,0.11058995444095164,2356.7287414418106
1509801759607,INFO,AGENT_EVENT,000000000010000000000000000100000001000010000000100001000000,0.11880768731153178,2801.8014852848373
1509801763452,INFO,EXPLORE_EVENT,000000000010000000000000000000000001000010000000100101000000,0.11002729238152092,3419.465695594923
1509801763551,INFO,AGENT_EVENT,000000000010010000000000000000000001000010000000100101000000,0.11002729238152092,3586.5045431161616
1509801765815,INFO,AGENT_EVENT,000001000010000000000000000000000001000010000000100101000000,0.1415381183864831,3698.191494762077
1509801767865,INFO,AGENT_EVENT,000000000010000000000000001000000001000010000000100101000000,0.10242186099468639,3850.578804349604
1509801770025,INFO,AGENT_EVENT,100000000010000000000000000000000001000010000000100101000000,0.1190984727839309,3781.496289744854
1509801773574,INFO,EXPLORE_EVENT,000000000010000000000000000000000001000000000000100101000000,0.09070918484714592,3207.997044584393
1509801775012,INFO,EXPLORE_EVENT,000000000010000000000000000000000000000000000000100101000000,0.07558209003146847,2189.9646187960693
1509801775288,INFO,AGENT_EVENT,010000000010000000000000000000000000000000000000100101000000,0.08707262687497203,2256.3631138418377
1509801778235,INFO,EXPLORE_EVENT,000000000000000000000000000000000000000000000000100101000000,0.07558209003146847,1559.9596304267907
1509801778414,INFO,AGENT_EVENT,000000000000000000000000000000000000000000000000100101001000,0.06733503883418555,2637.750719345384
1509801780012,INFO,AGENT_EVENT,100000000000000000000000000000000000000000000000100101000000,0.08544723749946757,1991.515990560722
1509801781511,INFO,AGENT_EVENT,000000000000000000000010000000000000000000000000100101000000,0.07558209003146847,2184.1397059447027
1509801783216,INFO,AGENT_EVENT,000000000000000000000000000000000000000001000000100101000000,0.1077323581388573,1901.8504306304253
1509801784813,INFO,AGENT_EVENT,010000000000000000000000000000000000000000000000100101000000,0.08707262687497203,1727.2660567210469
1509801786463,INFO,AGENT_EVENT,000000000000000001000000000000000000000000000000100101000000,0.1077323581388573,1923.918909853849
1509801788079,INFO,AGENT_EVENT,000010000000000000000000000000000000000000000000100101000000,0.07671873378146847,1813.679877275053
1509801789704,INFO,AGENT_EVENT,000000000000000000000000000000000000001000000000100101000000,0.11359691033282163,2201.1167962472323
1509801791196,INFO,AGENT_EVENT,000000000000000000000000000000000000000000000010100101000000,0.09056751773146847,2158.1769236491455
1509801792766,INFO,AGENT_EVENT,000000000000000000000010000000000000000000000000100101000000,0.07558209003146847,2184.1397059447027
1509801793718,INFO,CLICK_EVENT,000000000000000000000000000000000000010010000000100001000000,0.144366622721875,979.8743684561821
1509801794478,INFO,AGENT_EVENT,010000000000000000000000000000000000000000000000100101000000,0.08707262687497203,1727.2660567210469
1509801795989,INFO,AGENT_EVENT,000000000000000000000000000000000000000000000100100101000000,0.08184890083604654,2354.195644302914
1509801797528,INFO,AGENT_EVENT,000000000000000000000000000000000000000000000000100101010000,0.06730192563983041,1876.8368339380727
1509801799105,INFO,AGENT_EVENT,000000000000000000000000000000000000100000000000100101000000,0.08544723749946757,1935.151896752747
1509801800746,INFO,AGENT_EVENT,001000000000000000000000000000000000000000000000100101000000,0.08166571016164623,2229.170994925422
1509801802873,INFO,AGENT_EVENT,000000000000000000000000000000000000000000100000100101000000,0.0897406725096682,1810.778939669562
1509801804548,INFO,AGENT_EVENT,000000000000000000000000000000000001000000000000100101000000,0.09070918484714592,2577.9920562151146
1509801805994,INFO,AGENT_EVENT,000000000000000100000000000000000000000000000000100101000000,0.07558209003146847,2007.635048636344
1509801807647,INFO,AGENT_EVENT,000010000000000000000000000000000000000000000000100101000000,0.07671873378146847,1813.679877275053
1509801810520,INFO,EXPLORE_EVENT,000000000000000000000000000000000000000000001000100101000000,0.07894481869506204,2229.084578821308
1509801810702,INFO,AGENT_EVENT,100000000000000000000000000000000000000000001000100101000000,0.08672420508696757,2660.640938955239
1509801812311,INFO,AGENT_EVENT,000000000000000000000000000000000000000000001000100101000010,0.06330414787317412,3219.6975812575356
1509801814057,INFO,AGENT_EVENT,000000000000000000000000000000000000000000001000101101000000,0.05515461186234333,2705.4287081943908
1509801815737,INFO,AGENT_EVENT,000000000000000000000000000000000000001000001000100101000000,0.1083449829440659,3235.150169248849
1509801817240,INFO,AGENT_EVENT,000000000000000000000000000000010000000000001000100101000000,0.07894481869506204,2487.755393051668
1509801818822,INFO,AGENT_EVENT,000000000000000000000000000000000000000000001010100101000000,0.0953781531076586,3693.536244477813
1509801820435,INFO,AGENT_EVENT,000000000000000000000000000000000000000000001000100101001000,0.071197954631023,3239.3678628894004
1509801821979,INFO,AGENT_EVENT,000000000000000000000000001000000000000000001000100101000000,0.07894481869506204,2870.1787445190876
1509801824220,INFO,AGENT_EVENT,001000000000000000000000000000000000000000001000100101000000,0.0850284388252398,2898.295943319939
1509801826500,INFO,AGENT_EVENT,000000000000000000001000000000000000000000001000100101000000,0.07973264119506204,2839.597065165507
1509801828200,INFO,AGENT_EVENT,000000000000000000000000000000000000000010001000100101000000,0.09727879940443704,2355.6332727559966
1509801829934,INFO,AGENT_EVENT,000000000000000000000000000000000000000000001000101101000000,0.05515461186234333,2705.4287081943908
1509801831797,INFO,AGENT_EVENT,000001000000000000000000000000000000000000001000100101000000,0.11109508680245087,2595.0200167430285
1509801833394,INFO,AGENT_EVENT,000000000000000000000000000000000010000000001000100101000000,0.09393024639506205,2827.150033743127
1509801834904,INFO,AGENT_EVENT,000000000000000000000000000000100000000000001000100101000000,0.07894481869506204,2479.884070330086
1509801836399,INFO,AGENT_EVENT,000000000000000000000000000010000000000000001000100101000000,0.07894481869506204,2440.4621935601353
1509801837915,INFO,AGENT_EVENT,000000000000000000000000000000010000000000001000100101000000,0.07894481869506204,2487.755393051668
1509801839674,INFO,AGENT_EVENT,000000000000000000000000000000001000000000001000100101000000,0.08126194369506204,2898.070156039492
1509801840901,INFO,CLICK_EVENT,000000000000000000000000000000000000000010000000100001000000,0.11217870454687504,920.159978294738
1509801841638,INFO,AGENT_EVENT,000000000000000000000000000000000010000000001000100101000000,0.09393024639506205,2827.150033743127
1509801842994,INFO,AGENT_EVENT,000000000000000000000000000000000000000000000000100101000000,0.07558209003146847,1559.9596304267907
1509801844796,INFO,AGENT_EVENT,000000000000000000000000000000000000000000001000100111000000,0.07240685878595306,2546.549283492654
1509801845529,INFO,CLICK_EVENT,000000000000000000000000000000000000010010000000100001000000,0.144366622721875,979.8743684561821
1509801846554,INFO,AGENT_EVENT,000000000000000000000000000000000000000000101000100101000000,0.10397624369506206,2385.2977219435656
1509801848239,INFO,AGENT_EVENT,000000000000100000000000000000000000000000001000100101000000,0.08672420508696757,2656.8225997006443
1509801850536,INFO,AGENT_EVENT,000100000000000000000000000000000000000000001000100101000000,0.09185644705406902,2677.4929421868983
1509801853689,INFO,EXPLORE_EVENT,000000000000000000000000000000000000000000001010100101000000,0.0953781531076586,3693.536244477813
1509801853719,INFO,AGENT_EVENT,000000000000000000000000010000000000000000001010100101000000,0.0953781531076586,3857.8245910461465
1509801855575,INFO,AGENT_EVENT,000000000000000000000000000000001000000000001010100101000000,0.09824793006138545,4362.5218216959975
1509801857426,INFO,AGENT_EVENT,000010000000000000000000000000000000000000001010100101000000,0.09763930958501302,3947.256491326076
1509801859122,INFO,AGENT_EVENT,000000000000000000000000000010000000000000001010100101000000,0.0953781531076586,3904.91385921664
1509801860961,INFO,AGENT_EVENT,000000000000000000000000000000000000000010001010100101000000,0.10367035542337047,3884.189519373135
1509801862625,INFO,AGENT_EVENT,000000000000000000000100000000000000000000001010100101000000,0.0953781531076586,4554.302251156394
1509801864648,INFO,AGENT_EVENT,000000000000000000000000000000000000000000001010100101000001,0.06789397810810838,4537.926886246581
1509801865854,INFO,CLICK_EVENT,000000000000000000000000000000000000000000000000000000000000,0,0
1509801866454,INFO,AGENT_EVENT,000000000000000000000000000000000000000000001010000101000000,0.08237985592301843,3054.076121812819
1509801867305,INFO,CLICK_EVENT,000000000000000000000000000000000000000000010000100001000000,0.12252297393749999,967.3856042571233
1509801868288,INFO,AGENT_EVENT,000000000000000000000000000000000000000000001010100101010000,0.08890914891204721,4010.4134479890954
1509801870696,INFO,CLICK_EVENT,000000000000000000000000000000000000000010000000110001000000,0.12460548767187501,986.9788855408294
1509801870914,INFO,AGENT_EVENT,000100000000000000000000000000000000000000001010100101000000,0.10828978146666557,4141.944607843403
1509801872588,INFO,AGENT_EVENT,000000000000000000000100000000000000000000001010100101000000,0.0953781531076586,4554.302251156394
1509801874343,INFO,AGENT_EVENT,000000000000001000000000000000000000000000001010100101000000,0.0953781531076586,4360.406620722869
1509801875696,INFO,CLICK_EVENT,000000000000000000000000000000000000000000010000100001000000,0.12252297393749999,967.3856042571233
1509801876322,INFO,AGENT_EVENT,000000000000000000000000000000000000100000001010100101000000,0.10056546857567925,4196.063729327164
1509801876584,INFO,CLICK_EVENT,000000000000000000000000000000000000000010000000100001000000,0.11217870454687504,920.159978294738
1509801878397,INFO,AGENT_EVENT,000000000000000000000000000001000000000000001010100101000000,0.12752842121504743,4035.3744312783683
1509801878954,INFO,CLICK_EVENT,000000000000000000000000000000000000000000000000100001000000,0.09384472383750002,708.6913272842086
1509801880236,INFO,AGENT_EVENT,000000010000000000000000000000000000000000001010100101000000,0.11538462878480144,3962.241255538035
1509801881907,INFO,AGENT_EVENT,000000000000000000000000000000000100000000001010100101000000,0.0953781531076586,4487.636985693674
1509801883537,INFO,AGENT_EVENT,000000000000000000000000000000100000000000001010100101000000,0.0953781531076586,3944.3357359865913
1509801885634,INFO,AGENT_EVENT,001000000000000000000000000000000000000000001010100101000000,0.10146177323783635,4362.747608976444
1509801888140,INFO,AGENT_EVENT,000100000000000000000000000000000000000000001010100101000000,0.10828978146666557,4141.944607843403
1509801890006,INFO,AGENT_EVENT,000000000000000000000010000000000000000000001010100101000000,0.10402145104604402,4218.188820495301
1509801890425,INFO,CLICK_EVENT,000000000000000000000000000000000000010010000000100001000000,0.144366622721875,979.8743684561821
1509801891985,INFO,AGENT_EVENT,000000000000000000000000000001000000000000001010100101000000,0.12752842121504743,4035.3744312783683
1509801893843,INFO,AGENT_EVENT,000000000000000001000000000000000000000000001010100101000000,0.12752842121504743,4057.4955239048713
1509801895650,INFO,AGENT_EVENT,000000001000000000000000000000000000000000001010100101000000,0.09671862756138547,4256.129533558683
1509801898893,INFO,EXPLORE_EVENT,000000000000000000000000000000000000000010001010100101000000,0.10367035542337047,3884.189519373135
1509801902879,INFO,EXPLORE_EVENT,000000000000000000000000010000000000000010001010100101000000,0.10367035542337047,4048.477865941468
1509801903921,INFO,EXPLORE_EVENT,000000000000001000000000010000000000000010001010100101000000,0.10367035542337047,4715.348242186524
1509801908497,INFO,EXPLORE_EVENT,000000100000001000000000010000000000000010001010100101000000,0.11676324195792631,4974.5722687977195
1509801909307,INFO,EXPLORE_EVENT,000000100000001000000000010000010000000010001010100101000000,0.11676324195792631,5127.818504535777
1509801912134,INFO,EXPLORE_EVENT,000000100000001000000000010000010100000010001010100101000000,0.11676324195792631,6002.057860815052
1509801913394,INFO,EXPLORE_EVENT,000000100001001000000000010000010100000010001010100101000000,0.11812556047679193,7059.252074657503
1509801913558,INFO,AGENT_EVENT,000000100001001000000000011000010100000010001010100101000000,0.11812556047679193,7488.958272040547
1509801916126,INFO,AGENT_EVENT,000000100001001000010000010000010100000010001010100101000000,0.11812556047679193,7374.340689215778
1509801918776,INFO,AGENT_EVENT,000000100001001000000000010000010100000010001110100101000000,0.10159373993824619,7668.560554249771
1509801921746,INFO,AGENT_EVENT,000000100001001000000000010000010100100010001010100101000000,0.12026699140243352,7595.519634228074
1509801924243,INFO,AGENT_EVENT,000000100001001000000000010000000100000010001010100101000000,0.11812556047679193,6780.839460221956
1509801927187,INFO,AGENT_EVENT,000000100001001000000001010000010100000010001010100101000000,0.11941090519652489,7887.594003799299
1509801931590,INFO,AGENT_EVENT,000100100001001000000000010000010100000010001010100101000000,0.11550381044979482,7324.643985669669
1509801934828,INFO,AGENT_EVENT,000000100001001000000000010000010100000010001010100111000000,0.11970773004401582,7376.71677932885
1509801937257,INFO,CLICK_EVENT,000000000000000000000000000000000000000000000000000000000000,0,0
1509801938039,INFO,CLICK_EVENT,000000000000000000000000000000000000010010000000100001000000,0.144366622721875,979.8743684561821
1509801938373,INFO,AGENT_EVENT,000000100001001000000000010000010101000010001010100101000000,0.11960797976006604,7776.954698436586
1509801941380,INFO,AGENT_EVENT,000001100001001000000000010000010100000010001010100101000000,0.11756961810889258,7546.076171669967
1509801943991,INFO,AGENT_EVENT,000000100001000000000000010000010100000010001010100101000000,0.11812556047679193,6392.381698412448
1509801952229,INFO,EXPLORE_EVENT,000000100001001000000000010000010100000010001010100101000000,0.11812556047679193,7059.252074657503
1509801952578,INFO,AGENT_EVENT,000000100011001000000000010000010100000010001010100101000000,0.12056798512354364,7948.284963374186
1509801955691,INFO,AGENT_EVENT,000000100001001000000000010000010100100010001010100101000000,0.12026699140243352,7595.519634228074
1509801957977,INFO,AGENT_EVENT,000000100001001000000000010000010100000010001010100001000000,0.14027758404919832,6207.983771514921
1509801960833,INFO,AGENT_EVENT,000000100001001000000000010000010100000010000010100101000000,0.12088958108107747,5461.220514528533
1509801961371,INFO,CLICK_EVENT,000000100001001000000000010000010100000010001010100001000000,0.14027758404919832,6207.983771514921
1509801964536,INFO,AGENT_EVENT,000000100001001000000000010000010100000010001011100101000000,0.1031807778950782,7806.067124754369
1509801966031,INFO,CLICK_EVENT,000000000000000000000000000000000000000000000000000000000000,0,0
1509801967741,INFO,AGENT_EVENT,001000100001001000000000010000010100000010001010100101000000,0.11880402223268258,7539.671045546404
1509801970695,INFO,AGENT_EVENT,000000100001001000000000010000010100010010001010100101000000,0.14028189319493323,7166.233984117691
1509801973772,INFO,AGENT_EVENT,000000100001001000000000010000010100000010001010100101000010,0.11163457939195692,7950.818323397914
1509801976642,INFO,AGENT_EVENT,000000100001001000000000010000010100100010001010100101000000,0.12026699140243352,7595.519634228074
1509801979294,INFO,AGENT_EVENT,000000100001011000000000010000010100000010001010100101000000,0.11812556047679193,7187.347248826205
1509801981929,INFO,AGENT_EVENT,000000100001001000000100010000010100000010001010100101000000,0.11812556047679193,7731.941982277174
1509801987806,INFO,EXPLORE_EVENT,000000100001001000000000010000010100000010001010100101000000,0.11812556047679193,7059.252074657503
1509801989211,INFO,EXPLORE_EVENT,000000100001001000000000010000010100000010001010000101000000,0.11096702408311115,6419.791951992509
1509801989432,INFO,AGENT_EVENT,000000100001001000000000010000010100000010001010100101000000,0.11812556047679193,7059.252074657503
1509801993453,INFO,EXPLORE_EVENT,000000100001001000000000000000010100000010001010000101000000,0.11096702408311115,6312.108798895462
1509801993893,INFO,AGENT_EVENT,000000100001001000000000000001010100000010001010000101000000,0.11223202187150505,6724.102930240808
1509801998741,INFO,EXPLORE_EVENT,000000100001000000000000000000010100000010001010000101000000,0.11096702408311115,5645.238422650407
1509802000430,INFO,EXPLORE_EVENT,000000100001000000000000000000010100000010001010000001000000,0.11229409457188486,5090.674352810331
1509802002100,INFO,EXPLORE_EVENT,000000100001000000000000000000010100000000001010000001000000,0.10427815900363445,4900.021077915009
1509802003598,INFO,EXPLORE_EVENT,000000100001000000000000000000010100000000001010000000000000,0.05210963371267145,4534.085639993289
1509802003998,INFO,EXPLORE_EVENT,000000100001000000000000000000010100000000001000000000000000,0.03578374893980657,3069.633974336784
1509802005416,INFO,EXPLORE_EVENT,000000100001000000000000000000010100000000000000000000000000,0.03168577234553629,2400.509025942267
1509802006347,INFO,EXPLORE_EVENT,000000100001000000000000000000000100000000000000000000000000,0.03168577234553629,2110.5189816695083
1509802007899,INFO,EXPLORE_EVENT,000000000001000000000000000000000100000000000000000000000000,0.030751654416775135,1803.4052878978778
1509802008144,INFO,AGENT_EVENT,000000000001000000000000000000000100000001000000000000000000,0.0793707653652024,2174.671320365055
1509802010169,INFO,EXPLORE_EVENT,000000000000000000000000000000000100000000000000000000000000,0.0,794.100741215861
1509802010206,INFO,AGENT_EVENT,000000000000000000000000010000000100000000000000000000000000,0.0,913.3613241501189
1509802011066,INFO,AGENT_EVENT,000000000000000000000000000100000100000000000000000000000000,0.0,1036.2491324109994
1509802011896,INFO,AGENT_EVENT,000000000000000000000000001000000100000000000000000000000000,0.0,1225.8320324264607
1509802012898,INFO,EXPLORE_EVENT,000000000000000000000000000000000000000000000000000000000000,0.0,0.0
1509802059071,INFO,CLEAR_SCREEN,000000000000000000000000000000000000000000000000000000000000,N/A,N/A
1509802064626,INFO,EXPLORE_EVENT,000000000000000000000000000000000000000000000000100000000000,0.0314321988375,431.63363893128997
1509802069058,INFO,EXPLORE_EVENT,000000000000000000000000000000000000010000000000100000000000,0.0636201170125,595.9295212967081
1509802076699,INFO,EXPLORE_EVENT,000000000000000000000000000000000000010010000000100000000000,0.08195409772187501,702.7394013059045
1509802081251,INFO,EXPLORE_EVENT,000000000000000000000000000000000000010010000000100001000000,0.144366622721875,979.8743684561821
1509802088651,INFO,EXPLORE_EVENT,000000000000000000000000000000000000010010000000100000000000,0.08195409772187501,702.7394013059045
1509802105901,INFO,CLEAR_SCREEN,000000000000000000000000000000000000010010000000100000000000,N/A,N/A
1509802901246,INFO,TREATMENT_1,000000000000000000000000000000000000000000000000000000000000,N/A,N/A
1509802909138,INFO,EXPLORE_EVENT,000000000000000000000000000000000000000000000000100000000000,0.0144620975,250.88035225693346
1509802915432,INFO,EXPLORE_EVENT,000000000000000000000000000000000000010000000000100000000000,0.0144620975,509.6081090189506
1509802921224,INFO,EXPLORE_EVENT,000000000000000000000000000000000000010010000000100000000000,0.026667790327037436,1643.3179294740598
1509802930628,INFO,EXPLORE_EVENT,000000000000000000000000000000000000010010000000100001000000,0.04675555231799296,2676.4181110185937
1509802936742,INFO,EXPLORE_EVENT,000000000000000000000000000000000000010000000000100001000000,0.03454985949095552,1542.5903050176653
1509802939579,INFO,EXPLORE_EVENT,000000000000000000000000000000000000010000000000100000000000,0.0144620975,509.6081090189506
1509802945319,INFO,EXPLORE_EVENT,000000000000000000000000000000000000010000000000100000100000,0.049827398837499995,825.1668519833229
1509802983662,INFO,CLICK_EVENT,000000000000000000000000000000000000010000000000100000100000,0.049827398837499995,825.1668519833229
1509802985970,INFO,CLICK_EVENT,000000000000000000000000000000000000010000000000100000100000,0.049827398837499995,825.1668519833229
1509802986722,INFO,CLICK_EVENT,000000000000000000000000000000000000000000000000000000000000,0,0
1509802993017,INFO,EXPLORE_EVENT,000000000000000000000000000000000000010000010000100000100000,0.049827398837499995,884.0306200593543
1509803005611,INFO,EXPLORE_EVENT,000000000000000000000000000000000000010000010000100000100010,0.068161379546875,997.1001511032002
1509803015417,INFO,EXPLORE_EVENT,000000000000000000000000000000000001010000010000100000100010,0.12230544517187501,1361.0594305302584
1509803028504,INFO,EXPLORE_EVENT,000000000000000000000000000000000001010000010000100000100110,0.10863939544406595,2168.395650752684
1509803031669,INFO,EXPLORE_EVENT,000000000000000000000000000000000001010000010000100000100010,0.12230544517187501,1361.0594305302584
1509803041305,INFO,EXPLORE_EVENT,000000000000000000000000000000100001010000010000100000000010,0.10846975517187502,1380.2624186503094
1509803070240,INFO,EXPLORE_EVENT,000000000000000000000000000000100001110000010000000000000010,0.09400765767187502,1392.883445196302
1509803077307,INFO,EXPLORE_EVENT,000000000000000000000000100000100001010000010000000000000010,0.09400765767187502,1411.019545279395
1509803081955,INFO,EXPLORE_EVENT,000000000000100000000000000000100001010000010000000000000010,0.10846975517187502,1489.9922698173475
1509803086354,INFO,EXPLORE_EVENT,100000000000000000000000000000100001010000010000000000000010,0.10846975517187502,1489.9922698173475
1509803090095,INFO,EXPLORE_EVENT,000000000000000000000000000000100001010000010000100000000010,0.10846975517187502,1380.2624186503094
1509803094054,INFO,EXPLORE_EVENT,000000000000000000000000000000100001000000010000100000000010,0.10846975517187502,1227.0161829122512
1509803095601,INFO,EXPLORE_EVENT,000000000000000000000000010000100001000000010000100000000010,0.10846975517187502,1418.8604099404197
1509803098506,INFO,EXPLORE_EVENT,000000000000010000000000000000100001000000010000100000000010,0.130046906421875,1495.721193972473
1509803121077,INFO,EXPLORE_EVENT,000000000000010000000000000000000001000000110000100000000010,0.129543243921875,1465.5088028151279
1509803126514,INFO,EXPLORE_EVENT,000000000000010000000000000000000001000000010000100000100010,0.143882596421875,1476.518205852422
1509803131130,INFO,EXPLORE_EVENT,000000100000010000000000000000000001000000010000100000000010,0.139949493921875,1589.4718236442309
1509803134724,INFO,EXPLORE_EVENT,000000000000010000100000000000000001000000010000100000000010,0.132525446421875,1497.731326147527
1509803138937,INFO,EXPLORE_EVENT,000000000000010000000000000000100001000000010000100000000010,0.130046906421875,1495.721193972473
1509803141340,INFO,EXPLORE_EVENT,000000000000010000000000000000000001000000010000100000000010,0.10928194633437502,1157.9154635103
1509803143131,INFO,EXPLORE_EVENT,000000100000010000000000000000000001000000010000100000000010,0.139949493921875,1589.4718236442309
1509803148756,INFO,EXPLORE_EVENT,000000000000010000100000000000000001000000010000100000000010,0.132525446421875,1497.731326147527
1509803152913,INFO,EXPLORE_EVENT,000000000000010000000000000000000001000000110000100000000010,0.129543243921875,1465.5088028151279
1509803156048,INFO,EXPLORE_EVENT,000000000000010000000000000000000001000000010000100000000010,0.10928194633437502,1157.9154635103
1509803157761,INFO,EXPLORE_EVENT,000000100000010000000000000000000001000000010000100000000010,0.139949493921875,1589.4718236442309
1509803168849,INFO,EXPLORE_EVENT,000000100000010000000000000000000000000000010000100000000011,0.1421463301872817,2012.9512511855505
1509803172501,INFO,EXPLORE_EVENT,000000100000010000000000000000000000000000010001100000000010,0.143383556421875,1490.7449094360231
1509803176356,INFO,EXPLORE_EVENT,000000100000010000000000000000000001000000010000100000000010,0.139949493921875,1589.4718236442309
1509803179985,INFO,EXPLORE_EVENT,000000100000010000000001000000000000000000010000100000000010,0.140453156421875,1494.6982911260875
1509803183411,INFO,EXPLORE_EVENT,000000100000010000000000000000000001000000010000100000000010,0.139949493921875,1589.4718236442309
1509803189754,INFO,EXPLORE_EVENT,000000100000010000000001000000000000000000010000100000000010,0.140453156421875,1494.6982911260875
1509803193052,INFO,EXPLORE_EVENT,000000100001010000000000000000000000000000010000100000000010,0.14821795329687498,1502.6475113674505
1509803203288,INFO,EXPLORE_EVENT,000000100001010000000000000000000000000000000000100000010010,0.193532674546875,1397.3840937105492
1509803212161,INFO,EXPLORE_EVENT,000000100001010000000000000000000000000000010000100000000010,0.14821795329687498,1502.6475113674505
1509803220767,INFO,EXPLORE_EVENT,000000100001010000010000000000000000000000000000100000000010,0.161430262671875,1412.0357094032556
1509803224321,INFO,EXPLORE_EVENT,000000110001010000000000000000000000000000000000100000000010,0.16109033834687497,1405.1780720452086
1509803228733,INFO,EXPLORE_EVENT,000000100001010000000000000000000000000000000000100000010010,0.193532674546875,1397.3840937105492
1509803237080,INFO,EXPLORE_EVENT,000000100001010000000000000000000000000000000010100000010000,0.1751986938375,1498.3514647664406
1509803243294,INFO,EXPLORE_EVENT,000000100001010000000000000000000010000000000000100000010000,0.1751986938375,1537.2571282025256
1509803248288,INFO,EXPLORE_EVENT,000000100001010000000010000000000000000000000000100000010000,0.1763353375875,1463.8564540165276
1509803252896,INFO,EXPLORE_EVENT,000000100011010000000000000000000000000000000000100000010000,0.1757670157125,1483.5360731121364
1509803256515,INFO,EXPLORE_EVENT,000000100001010000000000000000000000000000000000100000010010,0.193532674546875,1397.3840937105492
1509803274378,INFO,EXPLORE_EVENT,000000100001010000000000000000000100000000000000100000010010,0.193532674546875,1845.059511920102
1509803279158,INFO,EXPLORE_EVENT,000000100001010000000000000000000000000000000000100000010010,0.193532674546875,1397.3840937105492
1509803290931,INFO,EXPLORE_EVENT,000000100001010000000000000010000000000000000000100000010010,0.195500928196875,2021.5641692284612
1509803297055,INFO,EXPLORE_EVENT,000000100001010000000000000011000000000000000000100000010010,0.20760266172400169,3373.3786574520673
1509803301733,INFO,EXPLORE_EVENT,000000100001010000000000000001000000000000000000100000010010,0.21120220049971059,2399.711986068328
1509803332250,INFO,EXPLORE_EVENT,000000100001010000000000000001000000000000000000100000010010,0.21120220049971059,2399.711986068328
1509803345544,INFO,EXPLORE_EVENT,000000100001010000000000000000000000000000000000100000010010,0.193532674546875,1397.3840937105492
1509803348975,INFO,EXPLORE_EVENT,000000100001010000000000000001000000000000000000100000010010,0.21120220049971059,2399.711986068328
1509803363173,INFO,EXPLORE_EVENT,000000100001010000000000000011000000000000000000100000010010,0.20760266172400169,3373.3786574520673
1509803366400,INFO,EXPLORE_EVENT,000000100001010000000000000000000000000000000000100000010010,0.193532674546875,1397.3840937105492
1509803375059,INFO,EXPLORE_EVENT,000000100001010000000000000000000000000000000000100000010000,0.1751986938375,1286.973850027613
1509803376609,INFO,EXPLORE_EVENT,000000100001010000000000000000000000000000000000100000000000,0.12988397258749998,1228.215647587202
1509803378364,INFO,EXPLORE_EVENT,000000100001010000000000000000000000000000000000000000000000,0.1185268225875,977.3963383444304
1509803380458,INFO,EXPLORE_EVENT,000000100001000000000000000000000000000000000000000000000000,0.09384472383750002,708.6913272842086
1509803382791,INFO,EXPLORE_EVENT,000000000001000000000000000000000000000000000000000000000000,0.06140520000000001,365.9354379217204
1509803386075,INFO,EXPLORE_EVENT,000000000000000000000000000000000000000000000000000000000000,0.0,0.0
1509803393909,INFO,CLEAR_SCREEN,000000000000000000000000000000000000000000000000000000000000,N/A,N/A
1509803399845,INFO,EXPLORE_EVENT,000000000000000000000000000000000000000000000000100000000000,0.0144620975,250.88035225693346
1509803405618,INFO,EXPLORE_EVENT,000000000000000000000000000000000000000000000000100000010000,0.05813332695225,309.5775116831827
1509803408204,INFO,EXPLORE_EVENT,000000000000000000000000000000000000000000010000100000000000,0.0144620975,415.168607907495
1509803410726,INFO,EXPLORE_EVENT,000000000000000000000000000000000000000000000000100000010000,0.05813332695225,309.5775116831827
1509803413500,INFO,EXPLORE_EVENT,000000000000000000000000000000000000000000000000100000010010,0.076467307661625,419.9877553661189
1509803418026,INFO,EXPLORE_EVENT,000000000000000000000000010000000000000000000000100000010010,0.076467307661625,687.8390253571258
1509803420622,INFO,EXPLORE_EVENT,000000000000010000000000000000000000000000000000100000010010,0.10045260195937501,688.6927664263408
1509803424307,INFO,EXPLORE_EVENT,000000000000010000100000000000000000000000000000100000010010,0.123696102046875,1028.5086290635675
1509803426190,INFO,EXPLORE_EVENT,000000000001010000100000000000000000000000000000100000010010,0.18510130204687503,1394.444066985288
1509803444690,INFO,EXPLORE_EVENT,000000000001010000100000000000000000000000000000000000010010,0.160049002046875,1245.6393527911425
1509803447769,INFO,EXPLORE_EVENT,000000000001010000100000000000000000000000000000000000000010,0.12842943079687502,1185.9249626296985
1509803449446,INFO,EXPLORE_EVENT,000000000001010000100000000000000000000000000000000000000000,0.1100954500875,974.4563116191691
1509803450900,INFO,EXPLORE_EVENT,000000000001000000100000000000000000000000000000000000000000,0.08243114883750001,797.4917980556513
1509803452281,INFO,EXPLORE_EVENT,000000000001000000000000000000000000000000000000000000000000,0.06140520000000001,365.9354379217204
1509803454360,INFO,EXPLORE_EVENT,000000000000000000000000000000000000000000000000000000000000,0.0,0.0
1509803455898,INFO,CLEAR_SCREEN,000000000000000000000000000000000000000000000000000000000000,N/A,N/A
1509803867732,INFO,TREATMENT_2,000000000000000000000000000000000000000000000000000000000000,N/A,N/A
1509803935500,INFO,AGENT_EVENT,000100000000000000100100000000000010000000000000000000000000,0.06191831971147099,2163.535147774318
1509803936368,INFO,AGENT_EVENT,010100000000000000000000000000000000010000000000000000000000,0.007734478345180595,1442.1709484976568
1509803938003,INFO,AGENT_EVENT,000100000011000001000100000010011010110000100000000000100000,0.06661815437551455,6140.623926521478
1509803939732,INFO,AGENT_EVENT,101101000000001001000000000000000000000011000000000000001000,0.08521138953197993,7663.986142612603
1509803940821,INFO,AGENT_EVENT,000000000000000001000000000000000000000000010000101000001000,0.06880373291839115,3105.411765530427
1509803942383,INFO,AGENT_EVENT,000000000000000000010000000000100110000000000001000000110100,0.12297085833052401,2953.307403695323
1509803942864,INFO,CLICK_EVENT,010100000000000000000000000000000000010000000000000000000000,0.007734478345180595,1442.1709484976568
1509803943779,INFO,AGENT_EVENT,000000000000000000000000000000100110000000000001000100110100,0.08558471015144886,3378.8939124284616
1509803944812,INFO,AGENT_EVENT,000000000000111000000000000000100000000000000010001000000000,0.05995300304022966,3112.5515994659613
1509803945564,INFO,AGENT_EVENT,100000000000000000000000000000000000000000011000000000000000,0.014462097500000048,1019.3292340898995
1509803946743,INFO,AGENT_EVENT,000000000000111000000000000000100000000000100100000001000000,0.08744059641428681,4261.131979858047
1509803947917,INFO,AGENT_EVENT,001010000000010000000010000000000010000000000000000000001000,0.08134225804855666,3575.8195242652446
1509803948961,INFO,AGENT_EVENT,000000100000000001000010000000000100000000000000000000000000,0.05356482505408122,2206.7332944906725
1509803949967,INFO,AGENT_EVENT,000000000100000000001000000000000000000000000110000000000000,0.05676770982758783,1737.3693279316667
1509803951131,INFO,AGENT_EVENT,000000000000100000000100000000000000000000100001000000010000,0.14953132423627247,1584.990318320016
1509803952857,INFO,AGENT_EVENT,000000000100001000001000000000010000000000000000000100110100,0.07862201147619352,4055.932971060738
1509803953911,INFO,AGENT_EVENT,100000000100000000001000000000000000000000000100000000000000,0.05453481719775899,1856.788913392441
1509803955768,INFO,AGENT_EVENT,000000000000000010000000011000000000001010100011000000010001,0.13109406765384857,5109.0557807396435
1509803957136,INFO,AGENT_EVENT,001000000000010000000000000000000000000001000110000000000000,0.04182966409310307,2403.570472363006
1509803958133,INFO,AGENT_EVENT,010100000000000000100100000000000010000000000000000000000000,0.06587345699750435,2481.1856071706297
1509803959430,INFO,AGENT_EVENT,001000000000010000000100000000100001000000000100000001000000,0.13347678766572546,3609.3669363328754
1509803961004,INFO,AGENT_EVENT,000000000100100000000100000000000000000000100001000000010000,0.1647445698545671,2033.398681685606
1509803962974,INFO,AGENT_EVENT,000001000011000001000100000010011010110000100000010000000000,0.11879505602327367,6142.384030463822
1509803963832,INFO,AGENT_EVENT,001000000000000000000000000000100000001000000000000000000000,0.024406402500000035,1712.585135799845
1509803965115,INFO,AGENT_EVENT,000000000100000000001000000000000000000000000000101000001000,0.10899777954867096,3049.4386001442986
1509803965978,INFO,AGENT_EVENT,010000000000000000000000000000000000000000000000000000010000,0.057066321249999996,433.05090450269745
1509803966667,INFO,AGENT_EVENT,000000000000000000000000000000000010000000011000000000000000,0.0,1010.3884856536167
1509803967669,INFO,AGENT_EVENT,000000000100001000000000000000010000000000000100000100000000,0.05978916387311106,2533.0260258585
1509803968431,INFO,AGENT_EVENT,000000000000010000000000000000000000000000011000000000000000,0.025446749999999962,1028.8102185389262
1509803969563,INFO,AGENT_EVENT,000100000000000000100000100000000010000010000000000010000010,0.06439824022199547,3036.3456171098965
1509803971023,INFO,AGENT_EVENT,000010000000010000000100000000100001000000000100000001100000,0.13604122952633335,4058.939123769218
1509803972217,INFO,AGENT_EVENT,000000000000000000000000000000000001000010000100100000010100,0.11544151892698884,2535.6085919633274
1509803973131,INFO,AGENT_EVENT,100000100000000000000000000000000000000000000000000000010000,0.09086909326250003,761.8302977182569
1509803973877,INFO,AGENT_EVENT,000000000000000000000000000000000000000000011000000100000000,0.0037756079503907802,1554.3412213548274
1509803974979,INFO,AGENT_EVENT,010110000000000000100100000000000010000000000000000000000000,0.06644470728886709,3469.288571997161
1509803976042,INFO,AGENT_EVENT,001000000000000000000000000001000000000000000100000001000000,0.0432190738363033,3043.6292344583308
1509803977071,INFO,AGENT_EVENT,000110000000000000100100000000000010000000000000000000000000,0.06205077367803258,3140.2399125783218
1509803978364,INFO,AGENT_EVENT,001000000000010000000001000000100001000000000000100000001000,0.14377885641120813,2837.9822672810833
1509803979474,INFO,AGENT_EVENT,000000001000000000000000000000000000000000100001000000010000,0.11827545354228586,1506.5971793918648
1509803982538,INFO,CLICK_EVENT,000000000000000000000000000000000010000000011000000000000000,0.0,1010.3884856536167
1509803984970,INFO,AGENT_EVENT,000000000100100000000100000000000000100000100001000000010100,0.1508328851831705,2577.8476269528173
1509803986364,INFO,AGENT_EVENT,010000000100100110001000010000000110000000010000000000100000,0.07770962000715509,5016.341270335593
1509803987572,INFO,AGENT_EVENT,010000010000000000000000000000000000000000100001000000010000,0.1415706657125,1179.767370557594
1509803989017,INFO,AGENT_EVENT,000010100010010010000000011000000000001000000000000000010000,0.10113469798850516,4309.599697467028
1509803990061,INFO,AGENT_EVENT,001000000000010000000000000000100000000001000110000000000000,0.05957824389865185,2831.308493242342
1509803991258,INFO,AGENT_EVENT,001000000000010000000000000000100001000000000010100001000000,0.12307757671281183,3149.136882104106
1509803992231,INFO,AGENT_EVENT,000000000000000000000000000000000000010000100001000000010000,0.11129565763750005,1003.3881225170708
1509803993490,INFO,AGENT_EVENT,000000000000000000000000011000000000001010000011000000010001,0.10735054063000782,3982.602537492836
1509803994491,INFO,AGENT_EVENT,000000000000000000000000000000100110000000000001000000010000,0.0968211536979503,1897.6021270035092
1509803995608,INFO,AGENT_EVENT,000000000000000000000000000000100110000000000001000000010001,0.09941624119795023,2162.8914735195613
1509804001941,INFO,AGENT_EVENT,000000000100100000000110000000000000100000100001000000010100,0.15124650263059292,2864.8517862505587
1509804002713,INFO,AGENT_EVENT,000000000000000000000000001000000000000000000000000000000000,0.0022939537499999663,678.0202911946997
1509804003853,INFO,AGENT_EVENT,010000010000000100000000000000000000000000100001000000000000,0.11903504642058793,1881.3210600240843
1509804006769,INFO,CLICK_EVENT,010000010000000000000000000000000000000000100001000000010000,0.1415706657125,1179.767370557594
1509804006777,INFO,CLICK_EVENT,010000010000000000000000000000000000000000100001000000010000,0.1415706657125,1179.767370557594
1509804007165,INFO,AGENT_EVENT,000000000000000000000000000000000001000010100100100000010100,0.12240035556997797,3108.9530190817773
1509804008172,INFO,CLICK_EVENT,000000000000000000000000000000000000000000000000000000000000,0,0
1509804008180,INFO,AGENT_EVENT,011000000000000000000000000000000000000000000000000000010000,0.05783097250000002,1038.8970865612614
1509804008771,INFO,CLICK_EVENT,101101000000001001000000000000000000000011000000000000001000,0.08521138953197993,7663.986142612603
1509804010056,INFO,AGENT_EVENT,000000000011000001000100000010011010110000000001000000010000,0.12201751753578816,5233.331111785322
1509804011108,INFO,AGENT_EVENT,000000000100000000000000001000000000000000000000000001000000,0.07305328045909976,2144.643964062159
1509804012601,INFO,AGENT_EVENT,010000010000000100000000000000000000110000100001000000010100,0.14330674577421676,3569.49284071131
1509804013720,INFO,AGENT_EVENT,100100000100001000000000000000010000000000000000000010000000,0.0387396901993875,2872.8939495815634
1509804015667,INFO,AGENT_EVENT,000010100010010010100000011000000000001010000000000010000000,0.08704023552906859,6640.952266316808
1509804017088,INFO,AGENT_EVENT,000001000000000000000000000000000001000010000100100000010100,0.14545450026941187,3544.913138645344
1509804018298,INFO,AGENT_EVENT,000000000100100000001000000000000000000000000000000000010000,0.09665781180203692,1579.96280274009
1509804019748,INFO,AGENT_EVENT,010000010000000110000000000000000000000000000011000000010001,0.12770568854975806,3092.019855720044
1509804020669,INFO,AGENT_EVENT,000000000000000000000000001000000000000000000000000010010000,0.04746922394999997,1349.8146606576897
1509804021571,INFO,AGENT_EVENT,010000000000000000100000000000000000010000000000000000000000,0.04570804758750002,959.1164178305864
1509804022853,INFO,AGENT_EVENT,100000000000100000000100000000000000000000100001000000010000,0.15738324595684605,1844.2143449312114
1509804027530,INFO,AGENT_EVENT,000000000100100000000100000000000000101000100001000000010100,0.14341304728531568,4285.624558827523
1509804028774,INFO,AGENT_EVENT,000000000010000000000000000000000001000010000100000001100000,0.09344745919274366,3549.9192197091593
1509804029835,INFO,AGENT_EVENT,000000000000000010000000000000000000000000100001000000010000,0.11227978446249998,1467.390803262512
1509804030666,INFO,AGENT_EVENT,000000000000000000000001000000000000000000011000000000000000,0.05414406562499996,1126.0406454004246
1509804031784,INFO,AGENT_EVENT,000001000000000000000000000000000000010000100001000000010000,0.13540191537322177,2012.6926691990875
1509804032578,INFO,AGENT_EVENT,010000000000000000000000010000000000010000000000000000000000,0.025446749999999962,795.385572524033
1509804033349,INFO,AGENT_EVENT,000000000000000010000000010000000000000000000000000000000000,0.0,897.8562583602854
1509804035002,INFO,AGENT_EVENT,000000000100100000000100000000000000000000100001010000010000,0.18513038029346762,2186.6711621061986
1509804036389,INFO,AGENT_EVENT,000100000000000000000001000000000000100000100001000000010100,0.14225613114086455,2584.8413274993495
1509804037520,INFO,AGENT_EVENT,000001000000000000000000000000001000010000100001000000010000,0.13540191537322177,2679.563045444143
1509804038677,INFO,AGENT_EVENT,000001000000000000000000000000000000010000101001000000010000,0.09462350291958188,3133.081466465118
1509804045079,INFO,AGENT_EVENT,000000000100100000000110000000000000000000100001000000010100,0.15124650263059292,2707.6813167929845
1509804047925,INFO,AGENT_EVENT,000000000000010010000000000000000000000000000000000000000000,0.024158106118938094,1483.3986544356956
1509804049127,INFO,AGENT_EVENT,010000000000000000000000000000000000000000100001000000011000,0.1588738627048818,1701.9834851114956
1509804050840,INFO,AGENT_EVENT,000000000100100000000100000001000000000000000000000000010000,0.11116461883338613,2362.6367445546457
1509804052180,INFO,AGENT_EVENT,010000000000000100000000000000000000000010000100101000010100,0.08598143892735521,4334.45098472711
1509804053259,INFO,AGENT_EVENT,000000000000000000000000000000000000000000000001000000011000,0.11062939043606257,1131.402187687159
1509804054050,INFO,AGENT_EVENT,000000000001000000000000000000000000000000011000000000000000,0.06140520000000005,1126.0406454004246
1509804055195,INFO,AGENT_EVENT,000000000000010010000000000000000000000000100001000000010000,0.13446886440501304,2320.784469328929
1509804056566,INFO,AGENT_EVENT,100000000000100000000100001000000000000000000000000010010000,0.09998859265688786,2356.6431906956677
1509804058047,INFO,AGENT_EVENT,000000000001000000000000000000010001000010000100100000010100,0.12241359080198877,2965.4418882257314
1509804059319,INFO,AGENT_EVENT,000000000000100000000100100000000000000000100001000000010000,0.14953132423627247,1843.4956908160977
1509804060508,INFO,CLICK_EVENT,000010100010010010100000011000000000001010000000000010000000,0.08704023552906859,6640.952266316808
1509804060704,INFO,AGENT_EVENT,000000000010000000000100000000000000000000100001000000010000,0.1520166410023407,1539.514425107086
1509804061672,INFO,AGENT_EVENT,100000000000100000000100000000000000000000000000000000000000,0.0540718424568879,1006.8285300379778
1509804063395,INFO,AGENT_EVENT,000000000100100000000100000100000000000000100001000000010000,0.1647445698545671,2894.1646883641865
1509804063830,INFO,CLICK_EVENT,010000000000000100000000000000000000000010000100101000010100,0.08598143892735521,4334.45098472711
1509804064494,INFO,AGENT_EVENT,000000000000000000000001000000000000000000011000000000010010,0.10245412578662494,1397.2236865723983
1509804065868,INFO,AGENT_EVENT,000000011000000000000000000000000000000000100001000000010000,0.11919996458278292,1635.47269275352
1509804066950,INFO,CLICK_EVENT,000001000011000001000100000010011010110000100000010000000000,0.11879505602327367,6142.384030463822
1509804067698,INFO,AGENT_EVENT,000000000100100000000100000010000000000000100001000000010000,0.16671282350456706,2657.578757203518
1509804068570,INFO,AGENT_EVENT,000001000000000000000000000000000000100000000000000000000000,0.0429423729933468,1260.1040381907949
1509804069418,INFO,AGENT_EVENT,000000000000000001000000000000000000100000000000000000000000,0.030751654416775187,1260.1040381907949
1509804071697,INFO,AGENT_EVENT,000001000100100000000100000000000000000000100001010000010000,0.18224953358072216,3009.5816485233627
1509804072632,INFO,AGENT_EVENT,000000000000000001000000000000000000100000000000000000000000,0.030751654416775187,1260.1040381907949
1509804073462,INFO,CLICK_EVENT,000000000011000001000100000010011010110000000001000000010000,0.12201751753578816,5233.331111785322
1509804073613,INFO,AGENT_EVENT,010000000000000000100000000000000000010000000001000000000000,0.10328617571249998,1221.3162718384683
1509804074356,INFO,AGENT_EVENT,000000000000000000000000010000000000000000000000000000100000,0.021025948837499975,680.7157024948986
1509804075475,INFO,AGENT_EVENT,000000000000000100000000000000000000000000100001000000010000,0.11332855647058793,1703.2354897642188
1509804076526,INFO,CLICK_EVENT,000000000000000000000000011000000000001010000011000000010001,0.10735054063000782,3982.602537492836
1509804080344,INFO,AGENT_EVENT,000000000100100000000100000000000000000000100001010000010100,0.15337812686117758,2712.188373743825
1509804081470,INFO,AGENT_EVENT,011000000000000000000000000000000000000000000000001000010000,0.060956795000000064,1549.6127507019764
1509804082359,INFO,CLICK_EVENT,000000000100100000000100000000000000000000100001010000010000,0.18513038029346762,2186.6711621061986
1509804082426,INFO,AGENT_EVENT,000000000000000000000000001000000000000000000000000000010000,0.033822506952249975,842.3162765991942
1509804083419,INFO,AGENT_EVENT,000000000000000000000001000000000000000100011000000000010000,0.08412014507724996,1862.9376146909394
1509804084294,INFO,AGENT_EVENT,000000000000000000000000001000000000000001000000000000000000,0.03678428419518609,1696.0527169830234
1509804091001,INFO,AGENT_EVENT,000000000100100000000110000000000000000010100100101000010100,0.09063302885340896,5256.257752004467
1509804094886,INFO,AGENT_EVENT,000000000100110000000000000000000000000000000000000000010000,0.12399304522567767,1056.6594599341506
1509804095991,INFO,AGENT_EVENT,000000000010000000100011000000000000000000000000000000000000,0.09400765767187502,1158.9737972169942
1509804098400,INFO,AGENT_EVENT,000001000100100000000100000000001000000000100001010000010000,0.18224953358072216,3676.452024768418
1509804099581,INFO,AGENT_EVENT,000000000010000000000100000000000000000000110001000000000000,0.1198287228273407,1448.8489699115494
1509804101294,INFO,AGENT_EVENT,000000000100100000000100000010001000000000100001000000010000,0.16671282350456706,3652.0740627130795
1509804102830,INFO,AGENT_EVENT,000000000100101000000100000000000000000000100000000000010000,0.11920032107082612,2828.562551126941
1509804104010,INFO,AGENT_EVENT,000000000001000000000000010000000000000000100001000000010000,0.11980924201249998,1442.2592770258786
1509804106308,INFO,AGENT_EVENT,000001000100100000000100000100001000000000100001010000010000,0.18224953358072216,4349.14193238809
1509804106981,INFO,AGENT_EVENT,000000000000000000000000000000000000000000011000000000000000,0.0,760.1052074787042
1509804108147,INFO,AGENT_EVENT,000000000000000000000000000000000000000000100001000000011000,0.13476011087988182,1433.2784740512739
1509804109106,INFO,AGENT_EVENT,010000000010000000100000000000000000010000000000000000000000,0.04627636946250002,1135.8147894134277
1509804110297,INFO,AGENT_EVENT,000000000010000000000100000000000000000000101001000000000000,0.08842804770016321,2387.351379564358
1509804111931,INFO,AGENT_EVENT,010000000000100000000100000000000000000000100001000000010100,0.16248368798713453,2240.973805189875
1509804113081,INFO,AGENT_EVENT,100000010000100000000100000000000000000000000000000000000000,0.07864130183188789,1080.2214370694826
1509804114877,INFO,AGENT_EVENT,000000000100101000000100000000000000000000100001010000010000,0.1889864911555551,3242.308637301712
1509804116457,INFO,AGENT_EVENT,100000010000100000000100000000000010000000100001010000010000,0.19399791151642254,2321.1630105582212
1509804118137,INFO,AGENT_EVENT,000000000100100000000100000000000000000000100001001000010000,0.1698316277526999,2611.477730020637
1509804119250,INFO,AGENT_EVENT,000000000000001000000000000000000000100000000001000000011000,0.11447581793606254,1956.2341604399533
1509804120729,INFO,AGENT_EVENT,000000000100100000000100000000000000000000100001000000000000,0.1341091254295671,1869.1026962811115
1509804122196,INFO,AGENT_EVENT,000000000000100000010100100000000000000000100001000000010000,0.1606579988078779,1971.8121180742132
1509804123386,INFO,AGENT_EVENT,000000000000100000000100000000000000000100100001000000010000,0.08809657067905396,2757.0991160490994
1509804124640,INFO,AGENT_EVENT,010000000000000000000000000000000000000000000001100000011000,0.1399880537457574,1662.2144539946498
1509804126470,INFO,AGENT_EVENT,100000010000100000000100000000000010000000100001011000010000,0.19503806892892261,2895.8653660697983
1509804127691,INFO,AGENT_EVENT,000000000000000000000000000000000010000010100001010000010000,0.14571026896583672,2715.7661218458347
1509804128073,INFO,CLICK_EVENT,100000010000100000000100000000000010000000100001010000010000,0.19399791151642254,2321.1630105582212
1509804128853,INFO,AGENT_EVENT,100000010000100000000100000100000000000000000000000000000000,0.07864130183188789,1940.9874437480632
1509804130267,INFO,AGENT_EVENT,010000000000000000000101000000000000000000011000000000010010,0.12945928483731373,2220.4927674726964
1509804131322,INFO,CLICK_EVENT,000000000100100000000100000100000000000000100001000000010000,0.1647445698545671,2894.1646883641865
1509804132354,INFO,AGENT_EVENT,000000000100111000000100000000000000000000100001000000011000,0.19513962858177747,4008.4008180030837
1509804133948,INFO,AGENT_EVENT,100000010000100000000100000000000000000000000001011000010000,0.1739976026789226,2343.7058015307707
1509804135088,INFO,AGENT_EVENT,010000000000100000000100000000000001000000000000000000000000,0.11518922576898194,1380.2687939140624
1509804136176,INFO,AGENT_EVENT,010000000000100000000000000000000000000000000000010000010000,0.07374367375000002,845.6921736908068
1509804137074,INFO,CLICK_EVENT,000000000100100000000100000000000000100000100001000000010100,0.1508328851831705,2577.8476269528173
1509804137680,INFO,AGENT_EVENT,000000000010000000101011000000000000000000000000000000010000,0.08846811853753223,2531.4538170424516
1509804139201,INFO,AGENT_EVENT,000000000000100000000100100000000000000001100001000000010000,0.11574637557044931,3223.55879077863
1509804140251,INFO,AGENT_EVENT,010000000000000000100000001000000000010000000001000000000000,0.10432633312499995,1899.3365630331682
1509804143071,INFO,AGENT_EVENT,000000000100111001000100000000000000000000100001000000011000,0.19438532489927507,4874.742716974026
1509804143578,INFO,CLICK_EVENT,000000000001000000000000010000000000000000100001000000010000,0.11980924201249998,1442.2592770258786
1509804144046,INFO,AGENT_EVENT,010000000000000000000100000000000100000000000000000000000000,0.06589739753488866,1164.960649913841
1509804144970,INFO,CLICK_EVENT,000000001000000000000000000000000000000000100001000000010000,0.11827545354228586,1506.5971793918648
1509804145313,INFO,AGENT_EVENT,100000010000100000000100000000000010000000100100000000000000,0.08751786741757872,2342.9945691305998
1509804146130,INFO,CLICK_EVENT,000000011000000000000000000000000000000000100001000000010000,0.11919996458278292,1635.4726927535198
1509804146256,INFO,AGENT_EVENT,010000000000000000000000000000000000100000000000000000010000,0.057066321249999996,683.9114869230309
1509804147404,INFO,AGENT_EVENT,010000000000100000000100000000000001000000000000100000000000,0.12209689825392256,1631.0881031568338
1509804149539,INFO,AGENT_EVENT,000000000100111001000100000000000000000000000000000000010000,0.10092338824716907,3605.760228327247
1509804150428,INFO,AGENT_EVENT,000000000000000000000000010000000000000000001000000000010000,0.029976079452250004,1073.55827718843
1509804150970,INFO,CLICK_EVENT,000000000001000000000000010000000000000000100001000000010000,0.11980924201249998,1442.2592770258786
1509804153480,INFO,AGENT_EVENT,000000000100111001100100000000000000000000100001000000011000,0.19732782813388183,5520.512427975194
1509804178516,INFO,CLICK_EVENT,000000011000000000000000000000000000000000100001000000010000,0.11919996458278292,1635.4726927535198
1509804182164,INFO,CLICK_EVENT,000000000000000000000000000000000000000000000001000000011000,0.11062939043606257,1131.402187687159
1509804185324,INFO,CLICK_EVENT,000000000010000000100011000000000000000000000000000000000000,0.09400765767187502,1158.9737972169942
1509804191132,INFO,CLICK_EVENT,010000000000000000000000000000000000000000100001000000011000,0.1588738627048818,1701.9834851114956
1509804194532,INFO,CLICK_EVENT,000000000010000000000100000000000000000000100001000000010000,0.1520166410023407,1539.514425107086
1509804197949,INFO,CLICK_EVENT,010000010000000000000000000000000000000000100001000000010000,0.1415706657125,1179.767370557594
1509804201822,INFO,CLICK_EVENT,000000000000000000000000000000000000000000000000000000000000,0,0
1509804202453,INFO,CLICK_EVENT,100000000000100000000100000000000000000000100001000000010000,0.15738324595684605,1844.2143449312116
1509804230678,INFO,CLICK_EVENT,000000000000000000000000000000000000000000011000000100000000,0.0037756079503907802,1554.3412213548274
1509804233007,INFO,CLICK_EVENT,010100000000000000000000000000000000010000000000000000000000,0.007734478345180595,1442.1709484976568
1509804235470,INFO,CLICK_EVENT,000000000000000000000000000000000000000000000000000000000000,0,0
1509804236655,INFO,CLICK_EVENT,100000000000000000000000000000000000000000011000000000000000,0.014462097500000048,1019.3292340898995
1509804242078,INFO,CLEAR_SCREEN,000000000000000000000000000000000000000000000000000000000000,N/A,N/A
1509804264262,INFO,EXPLORE_EVENT,100000000000000000000000000000000000000000000000000000000000,0.0144620975,259.2800180585232
1509804268504,INFO,EXPLORE_EVENT,100000000000000000000000000000000000000000000000000000000000,0.0144620975,259.2800180585232
1509804271506,INFO,EXPLORE_EVENT,100000000000000000000100000000000000000000000000000000000000,0.06138441075662101,707.7485876597647
1509804281459,INFO,EXPLORE_EVENT,100000000000000000000100000000000000000000000000000000000010,0.07971839146599602,919.1010409873147
1509804285206,INFO,EXPLORE_EVENT,100000000000000000000100000000000000000000000001000000000010,0.1305268678242157,1290.3145841119388
1509804292568,INFO,EXPLORE_EVENT,100000000000000000000100000000100000000000000001000000000010,0.15155281666171566,1718.0526049912755
1509804317488,INFO,CLEAR_SCREEN,100000000000000000000100000000100000000000000001000000000010,N/A,N/A
