1509984115235,INFO,DEMO_TREATMENT,000000000000000000000000000000000000000000000000000000000000,N/A,N/A
1509984929446,INFO,EXPLORE_EVENT,000000000000000000000000000000000000000000000000100000000000,0.046922313256621,448.4685696012415
1509984960999,INFO,EXPLORE_EVENT,000000000000000000000000100000000000000000000000100000000000,0.05471943621986902,888.5302540829275
1509984984671,INFO,CLICK_EVENT,000000000000000000000000100000000000000000000000100000000000,0.05471943621986902,888.5302540829275
1509984990328,INFO,CLICK_EVENT,000000000000000000000000000000000000000000000000100000000000,0.046922313256621,448.4685696012415
1509984993460,INFO,CLICK_EVENT,000000000000000000000000100000000000000000000000100000000000,0.05471943621986902,888.5302540829275
1509985153255,INFO,EXPLORE_EVENT,000000000000000000000000100000000000000000000000100000010000,0.052448476899196385,1834.9520018300482
1509985159717,INFO,EXPLORE_EVENT,000000010000000000000000100000000000000000000000100000000000,0.05471943621986902,1512.5820801557825
1509985165162,INFO,EXPLORE_EVENT,000000000000000000010000100000000000000000000000100000000000,0.06970486391986902,1486.4674595596896
1509985170376,INFO,EXPLORE_EVENT,000000000000000000010000100000000000000000001000100000000000,0.09663616062101078,2495.7720062417065
1509985176743,INFO,EXPLORE_EVENT,000000000000000000010000000000000000000000001000100000000000,0.09335203174729585,2055.7783649694256
1509985189095,INFO,EXPLORE_EVENT,000000000000000000010000000000000000000000001000110000000000,0.09147168919274411,2329.008400845331
1509985193406,INFO,EXPLORE_EVENT,000000000000000000010000000000000000010000001000100000000000,0.09009722372875369,2373.9753344345977
1509985197859,INFO,EXPLORE_EVENT,000000000000000000010000010000000000000000001000100000000000,0.11067206360667084,2267.247015979955
1509985211525,INFO,EXPLORE_EVENT,000000000001000000010000010000000000000000001000100000000000,0.11067206360667084,2934.1173922250105
1509985219634,INFO,EXPLORE_EVENT,000000000000000000010001010000000000000000001000100000000000,0.10394351063884671,3216.6564066038545
1509985226068,INFO,EXPLORE_EVENT,000000000001000000010000010000000000000000001000100000000000,0.11067206360667084,2934.1173922250105
1509985231386,INFO,EXPLORE_EVENT,000000000001000000010000010000000000000000000000100000000000,0.079227772815996,1924.8128455429937
1509985233390,INFO,EXPLORE_EVENT,000000000001000000010000010000000000000000001000100000000000,0.11067206360667084,2934.1173922250105
1509985239675,INFO,EXPLORE_EVENT,000000000000000000010000010000000000000000001000100000000000,0.11067206360667084,2267.247015979955
1509985245217,INFO,EXPLORE_EVENT,000000000000000000010000010000000001000000001000100000000000,0.1339184460310361,2885.3754047737775
1509985293073,INFO,CLICK_EVENT,000000000000000000010000010000000001000000001000100000000000,0.1339184460310361,2885.3754047737775
1509985299459,INFO,CLICK_EVENT,000000000000000000000000000000000000000000000000000000000000,0,0
1509985311003,INFO,EXPLORE_EVENT,000000000000000000010000010000000001000000001000100000100010,0.11777716329270095,3675.9287031554313
1509985315406,INFO,EXPLORE_EVENT,000000000000000000010000010000000001000000001000100000100000,0.11356986949562287,3551.0586144593544
1509985321692,INFO,EXPLORE_EVENT,000000000000000000010000010000000001000000001000100000000000,0.1339184460310361,2885.3754047737775
1509985331185,INFO,EXPLORE_EVENT,000000000000000000010000000000000001000000001000000000000000,0.0959426209947,2248.5271674242767
1509985332882,INFO,EXPLORE_EVENT,000000000000000000010000000000000001000000000000000000000000,0.05300024800135316,1239.2226207422602
1509985334376,INFO,EXPLORE_EVENT,000000000000000000010000000000000000000000000000000000000000,0.014985427700000003,598.065454921819
1509985335988,INFO,EXPLORE_EVENT,000000000000000000000000000000000000000000000000000000000000,0.0,0.0
1509985358244,INFO,CLICK_EVENT,000000000000000000000000000000000000000000000000000000000000,0,0
1509985360530,INFO,CLEAR_SCREEN,000000000000000000000000000000000000000000000000000000000000,N/A,N/A
1509985393830,INFO,TREATMENT_1,000000000000000000000000000000000000000000000000000000000000,N/A,N/A
1509985397947,INFO,EXPLORE_EVENT,000000000000000000000000000000000000000000000000100000000000,0.0144620975,250.88035225693346
1509985400952,INFO,EXPLORE_EVENT,000000000000000000000000000000000000000000100000100000000000,0.0354880463375,663.592677704991
1509985404824,INFO,EXPLORE_EVENT,000000000000000000000000000001000000000000100000100000000000,0.06332125319117998,1665.7634253351096
1509985409662,INFO,EXPLORE_EVENT,000000000000000010000000000001000000000000100000100000000000,0.06332125319117998,2295.768413704388
1509985413735,INFO,EXPLORE_EVENT,000010000000000000000000000001000000000000100000100000000000,0.06332125319117998,2295.768413704388
1509985417687,INFO,EXPLORE_EVENT,000010000000000000000000000001000000000000000000100000000000,0.048719237516046836,1883.1521899698282
1509985421682,INFO,EXPLORE_EVENT,000010000000000000000000000000000000000000100000100000000000,0.0354880463375,1293.4405213466096
1509985426561,INFO,EXPLORE_EVENT,000000000000000000000000000001000000000010100000100000000000,0.07830668089118,2189.0847203371054
1509985431058,INFO,EXPLORE_EVENT,000000000000000000000000000001000000000010100000100100000000,0.07107948569027,3006.956259267321
1509985435089,INFO,EXPLORE_EVENT,000000000000000100000000000001000000000010100000100000000000,0.08033957972426792,3054.934395208091
1509985439171,INFO,EXPLORE_EVENT,000000000000000101000000000000000000000010100000100000000000,0.058586778985493485,2895.7833126956048
1509985442599,INFO,EXPLORE_EVENT,000001000000000100000000000000000000000010100000100000000000,0.08729823024222516,3061.911049532329
1509985452731,INFO,EXPLORE_EVENT,000000000000000100000000000000000000000010100000100000000000,0.05250637287058793,2052.606502850312
1509985457921,INFO,EXPLORE_EVENT,000001000000000000000000000000000000000010100000100000000000,0.08526533140913722,2196.061374661344
1509985462673,INFO,EXPLORE_EVENT,000001000000000000000000000000000000000010100000100100000000,0.07803813620822722,3013.9329135915596
1509985466628,INFO,EXPLORE_EVENT,000001000000000000000000000000000000000010100000100000000000,0.08526533140913722,2196.061374661344
1509985468933,INFO,EXPLORE_EVENT,000001000000000000000000000000000000100010100000000000000000,0.06634534937141294,2960.2260282361426
1509985472825,INFO,EXPLORE_EVENT,000001000000000000000000000000000000100110100000000000000000,0.04589325923238021,3541.320808678506
1509985477891,INFO,EXPLORE_EVENT,000101000000000000000000000000000000100010100000000000000000,0.043722870937582564,3659.9479662704043
1509985482034,INFO,EXPLORE_EVENT,000001000000000000000000000000000000000010100000100000000000,0.08526533140913722,2196.061374661344
1509985495179,INFO,EXPLORE_EVENT,000001000000000000000000000000000000000010100000000000000000,0.07080323390913723,1945.2420654185726
1509985497037,INFO,EXPLORE_EVENT,000001000000000000000000000000000000000010000000000000000000,0.05792780069334685,1607.3700016038356
1509985498435,INFO,EXPLORE_EVENT,000001000000000000000000000000000000000000000000000000000000,0.04294237299334684,1009.3045466820167
1509985499723,INFO,EXPLORE_EVENT,000000000000000000000000000000000000000000000000000000000000,0.0,0.0
1509985508057,INFO,CLEAR_SCREEN,000000000000000000000000000000000000000000000000000000000000,N/A,N/A
1509985550061,INFO,EXPLORE_EVENT,000000000000000000000000000000000000000000000000100000000000,0.0144620975,250.88035225693346
1509985553842,INFO,EXPLORE_EVENT,000000000000000000000000000000000000000000100000100000000000,0.0354880463375,663.592677704991
1509985556085,INFO,EXPLORE_EVENT,000000000000000000000000000000000000000001100000100000000000,0.05193477754470431,1838.9213190433002
1509985560577,INFO,EXPLORE_EVENT,000010000000000000000000000000000000000001100000100000000000,0.05193477754470431,2468.9263074125784
1509985564400,INFO,EXPLORE_EVENT,000000000000000010000000000000000000000001100000100000000000,0.05193477754470431,2468.9263074125784
1509985568259,INFO,EXPLORE_EVENT,000000000000000010000000000000100000000001000000100000000000,0.0638210489053561,2326.59474427971
1509985572830,INFO,EXPLORE_EVENT,000000000000000010000000000000100000000101000000100000000000,0.04321522885600621,2914.4934307998938
1509985575633,INFO,EXPLORE_EVENT,000000000000000010000000000000100000000001000000100000000000,0.0638210489053561,2326.59474427971
1509985579218,INFO,EXPLORE_EVENT,000000000000000010000000000000100000000001000000101000000000,0.0769830075678561,2901.113526553713
1509985591889,INFO,CLICK_EVENT,000000000000000010000000000000100000000001000000100000000000,0.0638210489053561,2326.59474427971
1509985607924,INFO,CLEAR_SCREEN,000000000000000010000000000000100000000001000000101000000000,N/A,N/A
1509986369756,INFO,TREATMENT_3,000000000000000000000000000000000000000000000000000000000000,N/A,N/A
1509986400811,INFO,EXPLORE_EVENT,000000000000000000000000010000000000000000000000000000000000,0.0,164.28522499456358
1509986401032,INFO,EXPLORE_EVENT,000000000000000000000000110000000000000000000000000000000000,0.021025948837500003,471.88168587316125
1509986401145,INFO,AGENT_EVENT,000000000000000000000000110100000000000000000000000000000000,0.009105333842036396,1121.1585758936483
1509986402192,INFO,AGENT_EVENT,000000000000000000000000110000000000000000100000000000000000,0.0354880463375,722.7009951159328
1509986403513,INFO,AGENT_EVENT,000000000000000000000000110000000000000000000001000000000000,0.0493589514053561,1490.0969953750305
1509986404761,INFO,AGENT_EVENT,000000000000000000000000110000000000000000000000010000000000,0.0334527319625,639.3155189905557
1509986405858,INFO,AGENT_EVENT,000000000100000000000000110000000000000000000000000000000000,0.023058847670587926,1337.7313607441463
1509986408099,INFO,EXPLORE_EVENT,000000000000000000000000010000000000000000000000000000000000,0.0,164.28522499456358
1509986408648,INFO,EXPLORE_EVENT,000000000000000000000000010000000000000000000000100000000000,0.0314321988375,595.9218945818515
1509986409167,INFO,EXPLORE_EVENT,000000000000000000000000000000000000000000000000100000000000,0.0314321988375,431.63363893128997
1509986409343,INFO,AGENT_EVENT,000000000010000000000000000000000000000000000000100000000000,0.0314321988375,1061.5613485032095
1509986410534,INFO,AGENT_EVENT,000000000000000000000000000000000000000000000000101000000000,0.029062344902175095,1286.4152796017934
1509986411503,INFO,AGENT_EVENT,000000000000000000000100000000000000000000000000100000000000,0.0314321988375,1292.3223668125117
1509986413936,INFO,EXPLORE_EVENT,000000000000000000000000100000000000000000000000000000000000,0.021025948837500003,412.61622373455975
1509986414702,INFO,EXPLORE_EVENT,000000000000000000000000110000000000000000000000000000000000,0.021025948837500003,471.88168587316125
1509986416109,INFO,EXPLORE_EVENT,000000000000000000000000110100000000000000000000000000000000,0.009105333842036396,1121.1585758936483
1509986416879,INFO,EXPLORE_EVENT,000000000000000000000000111100000000000000000000000000000000,0.005694138247005433,1554.0898782311765
1509986417169,INFO,AGENT_EVENT,000001000000000000000000111100000000000000000000000000000000,0.05983820387200543,1920.025316152897
1509986419609,INFO,EXPLORE_EVENT,000000000000000011000000111100000000000000000000000000000000,0.05983820387200543,2077.4638429419783
1509986421575,INFO,EXPLORE_EVENT,000000000000000011000000111100000000000000100000000000000000,0.07409322249238408,2328.28315218475
1509986421622,INFO,AGENT_EVENT,000000000000000011000000111110000000000000100000000000000000,0.07373308470245339,2519.9759835517793
1509986425230,INFO,EXPLORE_EVENT,000000000000000011000000111100000000000000100000000000010000,0.09643502499238409,2596.9881632449715
1509986425623,INFO,EXPLORE_EVENT,000000000000000011000000111100000000000000100000000000011000,0.09784875589303778,3202.8842533415173
1509986425746,INFO,AGENT_EVENT,000000000000000011000000111100000100000000100000000000011000,0.09464100898414231,3789.3445633654665
1509986427952,INFO,AGENT_EVENT,000000000000000011000001111100000000000000100000000000011000,0.08315611433866374,4487.523471901637
1509986430152,INFO,AGENT_EVENT,000000000000000011000000111100000000000000100000000000011010,0.0903631748426599,4888.612294640202
1509986430890,INFO,CLICK_EVENT,000000000000000011000000111100000000000000100000000000011000,0.09784875589303778,3202.8842533415173
1509986432310,INFO,AGENT_EVENT,000000000000000011000000111100000010000000100000000000011000,0.10701825170735497,4089.9531518074755
1509986434459,INFO,AGENT_EVENT,000000000000000011000000111100000000100000100000000000011000,0.1283375512,3518.5609818517087
1509986436654,INFO,AGENT_EVENT,000000000000000011000000111101000000000000100000000000011000,0.10341988443906519,3613.055343366508
1509986441582,INFO,EXPLORE_EVENT,000000000000000011000000011100000000000000100000000000011000,0.09171261687500001,2639.6381335709702
1509986441719,INFO,EXPLORE_EVENT,000000000000000011000000111100000000000000100000000000011000,0.09784875589303778,3202.8842533415173
1509986444796,INFO,EXPLORE_EVENT,000000000000000011000000111100000000000000100000000000001000,0.07703625589303777,3011.6529078132708
1509986445126,INFO,EXPLORE_EVENT,000000000000000011000000111100000000000000100000000000011000,0.09784875589303778,3202.8842533415173
1509986445854,INFO,AGENT_EVENT,000000000000000011000000111100000000000000100000001000011000,0.08879766917317546,4380.109006422833
1509986446201,INFO,CLICK_EVENT,000000000000000011000000111100000000100000100000000000011000,0.1283375512,3518.5609818517087
1509986447747,INFO,AGENT_EVENT,000000000000000011000000111100000000000000100000000000011100,0.0807613577254449,4590.28120238085
1509986449634,INFO,AGENT_EVENT,000000000000000011000000111100000000000000100000000000011010,0.0903631748426599,4888.612294640202
1509986452797,INFO,EXPLORE_EVENT,000000000000000011000000011100000000100000100000000000011000,0.126588773125,2955.3148620811617
1509986452858,INFO,AGENT_EVENT,000000000000000011100000011100000000100000100000000000011000,0.126588773125,3135.5294569306325
1509986455181,INFO,AGENT_EVENT,010000000000000011000000011100000000100000100000000000011000,0.13946115817500002,3122.621288375418
1509986457264,INFO,AGENT_EVENT,000000100000000011000000011100000000100000100000000000011000,0.126588773125,3214.5388886923574
1509986459511,INFO,AGENT_EVENT,000000000001000011000000011100000000100000100000000000011000,0.14539153970283558,3964.6194087631784
1509986459698,INFO,CLICK_EVENT,010000000000000011000000011100000000100000100000000000011000,0.13946115817500002,3122.621288375418
1509986461424,INFO,AGENT_EVENT,000000000000000001000000011100000000100000100000000000011000,0.126588773125,2795.9001767974178
1509986462216,INFO,CLICK_EVENT,000000000001000011000000011100000000100000100000000000011000,0.14539153970283558,3964.6194087631784
1509986463644,INFO,AGENT_EVENT,000000000000000011000000011100000000100001100000000000011000,0.132617923125,3190.5190540244575
1509986465656,INFO,AGENT_EVENT,000000000000100011000000011100000000100000100000000000011000,0.12807656245000001,3287.444382900635
1509986467693,INFO,AGENT_EVENT,100000000000000011000000011100000000100000100000000000011000,0.12757289995,3349.6412291951146
1509986471258,INFO,EXPLORE_EVENT,100000000000000011000000011100000000100000100000000000011000,0.12757289995,3349.6412291951146
1509986471544,INFO,AGENT_EVENT,100000010000000011000000011100000000100000100000000000011000,0.130584924475,3526.605742758633
1509986473550,INFO,AGENT_EVENT,100000000000000011000000011000000000100000100000000000011000,0.12757289995,3118.9026782131887
1509986478719,INFO,EXPLORE_EVENT,100000000001000011000000011100000000100000100000000000011000,0.14601056538516616,4573.305317592983
1509986479079,INFO,AGENT_EVENT,100000000001000011000000011100000010100000100000000000011000,0.1565947351315442,5461.402237880623
1509986481680,INFO,AGENT_EVENT,100000000001000011000010011100000000100000100000000000011000,0.13911296937385173,5997.8074856816065
1509986484257,INFO,AGENT_EVENT,100000000001000011100000011100000000100000100000000000011000,0.14601056538516616,4753.519912442453
1509986486940,INFO,EXPLORE_EVENT,000000000001000011000000011100000000100000100000000000011000,0.14539153970283558,3964.6194087631784
1509986487588,INFO,AGENT_EVENT,000000000001000011000000011100000000100000100000000100011000,0.151619618693458,4914.543341144198
1509986490025,INFO,AGENT_EVENT,000000000001000011000000011101000000100000100000000000011000,0.14696403970283556,4371.731132119797
1509986492298,INFO,AGENT_EVENT,000000000001000011000100011100000000100000100000000000011000,0.10583274942774137,5096.0324436071405
1509986494182,INFO,AGENT_EVENT,000000000001000011000000011100000000100000100000000000001000,0.12457903970283557,3773.388063234933
1509986496301,INFO,AGENT_EVENT,000000000001000011000000011000000000100000100000000000011000,0.14539153970283558,3733.8808577812524
1509986501870,INFO,EXPLORE_EVENT,000000000000000011000000011100000000100000100000000000011000,0.126588773125,2955.3148620811617
1509986502606,INFO,EXPLORE_EVENT,000000000001000011000000011100000000100000100000000000011000,0.14539153970283558,3964.6194087631784
1509986502798,INFO,AGENT_EVENT,000000000001000011000100011100000000100000100000000000011000,0.10583274942774137,5096.0324436071405
1509986503747,INFO,CLICK_EVENT,100000000001000011000000011100000010100000100000000000011000,0.1565947351315442,5461.402237880623
1509986504848,INFO,AGENT_EVENT,000000000001000010000000011100000000100000100000000000011000,0.0967724287544083,3691.528722227289
1509986505667,INFO,CLICK_EVENT,000000000001000011000000011100000000100000100000000000011000,0.14539153970283558,3964.6194087631784
1509986506914,INFO,AGENT_EVENT,000000000000000011000000011100000000100000100000000000011000,0.126588773125,2955.3148620811617
1509986515385,INFO,EXPLORE_EVENT,000000000001000011000000011100000000100000100000000000111000,0.13999912706431472,4961.837127910193
1509986515457,INFO,EXPLORE_EVENT,000000000001000011000000011100000000100000100000000000111000,0.13999912706431472,4961.837127910193
1509986519164,INFO,EXPLORE_EVENT,000000000001000011000000011100000000100000100000000000111000,0.13999912706431472,4961.837127910193
1509986521924,INFO,EXPLORE_EVENT,000000010001000011000000011100000000100000100000000000011000,0.14481546416020044,4292.314720158821
1509986522249,INFO,EXPLORE_EVENT,000000010001000011100000011100000000100000100000000000011000,0.14481546416020044,4472.529315008291
1509986522946,INFO,EXPLORE_EVENT,000000010001000011000000011100000000100000100000000000111000,0.13898652265791792,5289.532439305835
1509986525521,INFO,EXPLORE_EVENT,000000010001000011100000011000000000100000100000000000011000,0.14481546416020044,4241.790764026365
1509986529200,INFO,EXPLORE_EVENT,000000010001000011000000011000000000100100100000000000011000,0.13959942146699775,4775.8872406666005
1509986529837,INFO,EXPLORE_EVENT,000000010001000011100000011000000000100100100000000000011000,0.13959942146699775,4956.10183551607
1509986529905,INFO,EXPLORE_EVENT,000000010001000011000000011000100000100100100000000000011000,0.13959942146699775,5037.942719387203
1509986531953,INFO,EXPLORE_EVENT,000000010001000011000000011000000000100100100000000000011000,0.13959942146699775,4775.8872406666005
1509986536571,INFO,EXPLORE_EVENT,000000010001000011100000011000000000100100100000000000011000,0.13959942146699775,4956.10183551607
1509986536579,INFO,EXPLORE_EVENT,000000010001000010100000011000000000100100100000000000011000,0.09193022308163262,4667.189074321586
1509986537189,INFO,EXPLORE_EVENT,000000010001000010100000011001000000100100100000000000011000,0.11915704649794964,5131.960211359486
1509986537753,INFO,EXPLORE_EVENT,000000010001000010100000011001000000100000100000000000011000,0.12300097068041636,4417.64913986978
1509986542082,INFO,EXPLORE_EVENT,000000010001000010100000011001000000100000100000000000001000,0.1074923159174526,4226.417794341533
1509986542934,INFO,EXPLORE_EVENT,000000010001000010100000011001000000000000100000000000011000,0.09322992687733041,4101.972411359588
1509986542961,INFO,EXPLORE_EVENT,000000010001000010100000011001000000100000100000000000011000,0.12300097068041636,4417.64913986978
1509986543700,INFO,EXPLORE_EVENT,000000010001000010100000011001000000100000100000000000011000,0.12300097068041636,4417.64913986978
1509986545531,INFO,EXPLORE_EVENT,000000000001000010100000011001000000100000100000000000011000,0.12357704622305146,4089.9538284741375
1509986545879,INFO,AGENT_EVENT,000000000001000110100000011001000000100000100000000000011000,0.12357704622305146,4699.750170605785
1509986550421,INFO,AGENT_EVENT,000000000001000010100000011101000000100000100000000000001000,0.08846403509975942,4124.640066189888
1509986550563,INFO,EXPLORE_EVENT,000000000001000010100000011101000000100000100000000000011000,0.10927653509975943,4315.8714117181335
1509986551730,INFO,CLICK_EVENT,000000000001000011000000011000000000100000100000000000011000,0.14539153970283558,3733.8808577812524
1509986552966,INFO,AGENT_EVENT,000000000001000110100000011101000000100000100000000000011000,0.10927653509975943,4925.667753849781
1509986555664,INFO,AGENT_EVENT,000000000001000010100000011101000000100000100000000100011000,0.11550461409038183,5265.795344099152
1509986562437,INFO,EXPLORE_EVENT,000000000001000010100000011101000000100000100000000000010000,0.10823637768725942,3709.975321621589
1509986564812,INFO,EXPLORE_EVENT,000000000001000010100000011101000000100000100000000000010000,0.10823637768725942,3709.975321621589
1509986565877,INFO,EXPLORE_EVENT,000000000001000010000000011101000000100000100000000000011000,0.10927653509975943,4151.478891527259
1509986566263,INFO,EXPLORE_EVENT,000000000001000010100000011101000000100000100000000000011000,0.10927653509975943,4315.8714117181335
1509986567372,INFO,AGENT_EVENT,010000000001000010100000011101000000100000100000000000011000,0.1163426074859538,4436.651955480888
1509986570725,INFO,CLICK_EVENT,010000000000000011000000011100000000100000100000000000011000,0.13946115817500002,3122.621288375418
1509986570938,INFO,AGENT_EVENT,000001000001000010100000011101000000100000100000000000011000,0.11405090996961595,4763.924963225895
1509986573598,INFO,AGENT_EVENT,000000000001000010100000011101000000100000100100000000011000,0.0791141442236613,5388.3633548303505
1509986578237,INFO,EXPLORE_EVENT,000000000001000010100000011100000000100000100000000000011000,0.0967724287544083,3855.9212424181633
1509986578632,INFO,AGENT_EVENT,000000000001000010100000111100000000100000100000000000011000,0.09852120682940829,4419.167362188709
1509986580819,INFO,AGENT_EVENT,000000000001000011100000011100000000100000100000000000011000,0.14539153970283558,4144.834003612648
1509986582393,INFO,CLICK_EVENT,000000000001000011000000011000000000100000100000000000011000,0.14539153970283558,3733.8808577812524
1509986583357,INFO,AGENT_EVENT,000000000001000010100000011100000000110000100000000000011000,0.1307300000044083,3914.6812150343485
1509986585595,INFO,CLICK_EVENT,010000000000000011000000011100000000100000100000000000011000,0.13946115817500002,3122.621288375418
1509986585630,INFO,AGENT_EVENT,000000000101000010100000011100000000100000100000000000011000,0.08055801244799349,4555.6431804524245
1509986591412,INFO,EXPLORE_EVENT,000000000001000010100000011100000000100000100000000000011000,0.0967724287544083,3855.9212424181633
1509986592100,INFO,AGENT_EVENT,000000000001000010100001011100000000100000100000000000011000,0.1034473191032327,5058.640129533729
1509986598217,INFO,EXPLORE_EVENT,000000000001000011100000011100000000100000100000000000011000,0.14539153970283558,4144.834003612648
1509986598332,INFO,EXPLORE_EVENT,000000000001000011000000011100000000100000100000000000011000,0.14539153970283558,3964.6194087631784
1509986598899,INFO,AGENT_EVENT,000000000001100011000000011100000000100000100000000000011000,0.1468793290278356,4296.748929582652
1509986601185,INFO,AGENT_EVENT,000000000001000011000000011100000000100001100000000000011000,0.14798662720283556,4199.823600706474
1509986603694,INFO,AGENT_EVENT,000100000001000011000000011100000000100000100000000000011000,0.14783955709255125,4226.633711863916
1509986606046,INFO,AGENT_EVENT,000000000001000011000000011100000000100000100000001000011000,0.13744205912886262,5141.844161844495
1509986608287,INFO,AGENT_EVENT,000000000001000011000000011100000000100001100000000000011000,0.14798662720283556,4199.823600706474
1509986610941,INFO,AGENT_EVENT,000000000001000011000000011100000000101000100000000000011000,0.1547054392197104,4878.494997554481
1509986616669,INFO,EXPLORE_EVENT,000000000001000011000000011100000000100000100000000000000000,0.12277423104033557,3090.0183076064122
1509986619702,INFO,EXPLORE_EVENT,000000000001000011000000011100000000100000000000000000100000,0.10843487854033557,3195.463271705872
1509986620522,INFO,EXPLORE_EVENT,000000000001000011000000011100000000000000000000000000100000,0.09383286286520241,2782.7462964646443
1509986623712,INFO,EXPLORE_EVENT,000000000001000011000000001100000000010000000000000000000000,0.10934684481745241,2580.5377127794063
1509986624013,INFO,EXPLORE_EVENT,000000000001000011000000000000000000000000000000000000000000,0.0793707653652024,1532.6785113928188
1509986624088,INFO,EXPLORE_EVENT,000000000001000011000000000100000000000000000000000000000000,0.0793707653652024,1972.651556859846
1509986624164,INFO,EXPLORE_EVENT,000000000001000011000000000100000000010000000000000000000000,0.10934684481745241,2136.947542264341
1509986625260,INFO,EXPLORE_EVENT,000000000000000000000000000000000000000000000000000000000000,0.0,0.0
1509986625794,INFO,CLEAR_SCREEN,000000000000000000000000000000000000000000000000000000000000,N/A,N/A
1509986630912,INFO,CLICK_EVENT,000000000000000000000000000000000000000000000000000000000000,0,0
1509986648963,INFO,EXPLORE_EVENT,000000000000000000000000000000000000100000100000000000000000,0.049827398837499995,566.4960377529628
1509986652568,INFO,EXPLORE_EVENT,000000000000000000000000011100000000100000100000000000000000,0.049827398837499995,1557.3397962135932
1509986657654,INFO,EXPLORE_EVENT,000000000000000000000000011100000000100000100000000011000000,0.1118009207125,2107.1859666544988
1509986662706,INFO,EXPLORE_EVENT,000000000001000000000000011100000000100000100000000011000000,0.12596496106606386,3116.4905133365155
1509986670447,INFO,EXPLORE_EVENT,000000000001000001010000011100000000100000100000000011000000,0.12910996106606387,3651.0843932662874
1509986681236,INFO,EXPLORE_EVENT,000000000001000011000000011100000000100000100000000000010000,0.1443513822903356,3358.7233186666335
1509986688838,INFO,CLICK_EVENT,000000000001000011000000011100000000100000100000000000010000,0.1443513822903356,3358.7233186666335
1509986700056,INFO,CLEAR_SCREEN,000000000001000011000000011100000000100000100000000000010000,N/A,N/A
1509987188274,INFO,TREATMENT_2,000000000000000000000000000000000000000000000000000000000000,N/A,N/A
1509987257113,INFO,AGENT_EVENT,101001000000010000000000100000110101010000010100000010000100,0.11219875417113123,6808.561746491992
1509987257866,INFO,AGENT_EVENT,000000000000100000000000000000000000000000000000000100000000,0.01823770545039083,1053.4600404873186
1509987258786,INFO,AGENT_EVENT,000000000000000100000000001000000000010000100000100000000000,0.039325753833087895,2369.5893283831833
1509987259986,INFO,AGENT_EVENT,000100000000000000000100000000000001101000100000010000000000,0.15033732771429997,3084.3411435130497
1509987261065,INFO,AGENT_EVENT,000000000000000000000000001101000000000000001000001000000010,0.03188551014181895,4123.376752416353
1509987262159,INFO,AGENT_EVENT,100000000000000000000000010000001000000110000000000000001001,0.08057850025074353,4051.356124697937
1509987263534,INFO,AGENT_EVENT,000000000000000100000100000000100000000011000010000000000010,0.08111653098533078,3866.2972526677013
1509987264483,INFO,AGENT_EVENT,000010000001000000000000001000000100000000000000010000000000,0.09311947118471509,2647.5412620760117
1509987265730,INFO,AGENT_EVENT,000000001000000000000000010000000000001000010000100000010001,0.1254888672320359,2255.0718853132503
1509987266633,INFO,AGENT_EVENT,000000000001000000000000001000000000000000000000100000000000,0.07816125125000006,1294.7750383591915
1509987268284,INFO,AGENT_EVENT,000000000001101000001000010000010000000000000101000000010000,0.11490863691546105,3761.6614760636735
1509987269190,INFO,CLICK_EVENT,000100000000000000000100000000000001101000100000010000000000,0.15033732771429997,3084.3411435130497
1509987269325,INFO,AGENT_EVENT,000000001000000000000000010000000000001000100000000000000000,0.03110875763017773,1942.1586394705687
1509987270265,INFO,AGENT_EVENT,000000010001000000000000000000000000000000000000000100000000,0.07706244232539083,1224.5368840193719
1509987272997,INFO,AGENT_EVENT,100100000000000000100010010000000000100000000001110011000111,0.16087269862571396,5926.517140870296
1509987273191,INFO,CLICK_EVENT,000000001000000000000000010000000000001000010000100000010001,0.1254888672320359,2255.0718853132503
1509987274189,INFO,AGENT_EVENT,010000001001000000000000010000000000001000010000100000000000,0.05987840572941472,2743.5144029310395
1509987275584,INFO,CLICK_EVENT,000000000000100000000000000000000000000000000000000100000000,0.018237705450390825,1053.4600404873186
1509987275590,INFO,AGENT_EVENT,000000000000000100000100010010000000001000010000100000010001,0.1318371664418465,3901.7816761495474
1509987277055,INFO,AGENT_EVENT,000000000000000100001100000010000100000000010011000010100000,0.11218994690646777,4393.043344505298
1509987278163,INFO,AGENT_EVENT,000000000000000010000000001100000000000000000001001000010000,0.09695777187499999,3593.489579269184
1509987279394,INFO,AGENT_EVENT,100100000000000001100010010000000000000000000000100000000000,0.04950326859010712,3673.3846996405105
1509987280662,INFO,AGENT_EVENT,000000010001000100000000001000000000010000100000110000000000,0.1497625163830879,2960.6090811956688
1509987281749,INFO,AGENT_EVENT,000010000000000000000000100000010000000100000101000000010000,0.038704105855649096,2626.2090071403577
1509987282247,INFO,CLICK_EVENT,100100000000000000100010010000000000100000000001110011000111,0.16087269862571396,5926.517140870296
1509987283263,INFO,AGENT_EVENT,000000010001000000000000000000000000001000010000100000010001,0.13150527692500003,1719.2753937253387
1509987284426,INFO,AGENT_EVENT,000100000000000100000000001000000000010000100000100000100000,0.059518462390588,3551.115731764359
1509987285454,INFO,AGENT_EVENT,000000010001000000000000000000000000001000000010000000000000,0.07713326187500003,1225.6987101886548
1509987287021,INFO,AGENT_EVENT,000000010000000000001000010000010000000001000101000000010000,0.06218660156678113,3069.2311474353683
1509987288071,INFO,AGENT_EVENT,000000000001000000100000100001000000001100000010000000000000,0.0978282718880461,4122.708263708648
1509987289083,INFO,AGENT_EVENT,000000000000000100000000001000100000010000100000100000000000,0.042307956333087926,2685.620715192615
1509987289934,INFO,AGENT_EVENT,000000010000000000000000000000000000100000000000000100000000,0.014649917325390782,1212.641261325433
1509987291519,INFO,AGENT_EVENT,000000001000100010100000000000001000000010000001000000100010,0.1500713550806858,5418.281745239593
1509987292359,INFO,AGENT_EVENT,000000000000000000010000000000000000000000000000000100000000,0.014649917325390782,961.7806789050996
1509987293538,INFO,AGENT_EVENT,000000001000000000000000010000000000001000011000100000010000,0.0655393771847238,3027.5261168677316
1509987295166,INFO,AGENT_EVENT,000100000000000000000100000000000001101000110110010000000000,0.1338187921300794,4542.656054468792
1509987296560,INFO,AGENT_EVENT,000000010001000000000001000000000000001000000010010000010000,0.132585679425,1909.2026139354623
1509987297596,INFO,AGENT_EVENT,010000001000010000000000010000000000000000000000000000000000,0.03509830618003895,1523.0768694411245
1509987298957,INFO,AGENT_EVENT,001010000001000000000000001000000100001000000010010000010000,0.11292202517568506,5287.568369660075
1509987300082,INFO,AGENT_EVENT,000000000000001000100010000000000010000000000000000000001000,0.07129198497631528,2132.6354977544265
1509987301243,INFO,AGENT_EVENT,000000000000000000000000010000001000000010010001000000100010,0.10689611516092412,3206.52724643017
1509987302656,INFO,AGENT_EVENT,000000000000000100000101000000000000000000000000000000010000,0.050928159852873134,1780.8642114666143
1509987304035,INFO,AGENT_EVENT,000000010001000000000100000000100000000000000010000000000010,0.15435189916171566,1729.2935201375317
1509987304824,INFO,CLICK_EVENT,000000010001000000000000000000000000001000010000100000010001,0.13150527692500003,1719.2753937253387
1509987305435,INFO,AGENT_EVENT,000000000001000000100000001000010001000000110000100010000000,0.11979920723979276,3636.3329649364314
1509987306088,INFO,CLICK_EVENT,000000010001000000000100000000100000000000000010000000000010,0.15435189916171566,1729.2935201375317
1509987306339,INFO,AGENT_EVENT,000000000000000001000000001000000000000000000000000000000000,0.03304560816677515,1687.3248378767164
1509987307151,INFO,AGENT_EVENT,000000000001000000000000001000000000000000000000000000000000,0.06369915375000001,1043.9557291164201
1509987307951,INFO,AGENT_EVENT,000010000000000000000000110000000000000000000000000100000000,0.0037756079503907802,1866.1298302454095
1509987309077,INFO,AGENT_EVENT,100100000000000000100010010000000000100000000000000000100000,0.03193397715892499,2666.0939991945424
1509987310273,INFO,AGENT_EVENT,000000010001010000000100000000100000000000000010000000000000,0.13284082137164743,1835.4603216076398
1509987311353,INFO,AGENT_EVENT,000000000001000100000000001000000100000000000000000000000100,0.10497864913304522,3151.8949516316497
1509987313395,INFO,AGENT_EVENT,000000010101000000000000000000000000001000010000100000010100,0.09625808818257375,2615.09650582735
1509987314684,INFO,AGENT_EVENT,000000000010000100000100010010000000001000010000100000000000,0.03686989011086128,3830.5326039806523
1509987316418,INFO,AGENT_EVENT,000100000000000001000100000000000001101000110100010000000000,0.11717678480068416,5174.766637594339
1509987317452,INFO,CLICK_EVENT,101001000000010000000000100000110101010000010100000010000100,0.11219875417113123,6808.561746491992
1509987318259,INFO,AGENT_EVENT,000001000000110011000001000000010001000000000010000000000010,0.1315988849658739,5008.355857456476
1509987319790,INFO,AGENT_EVENT,100100000000000000100010010000000000100000110100010000010000,0.08976283570307464,3677.7082933053807
1509987320955,INFO,AGENT_EVENT,000000010001000000000000000000000000000000000000000000110000,0.12043377508749997,902.2972358218883
1509987321924,INFO,AGENT_EVENT,000000000100100000000000000000000000000000000000000100000000,0.07195730762311103,1502.2263247394949
1509987322983,INFO,AGENT_EVENT,000010000000000000000000010000000000001000110000100000000001,0.09756902562500003,2474.4753903734954
1509987325168,INFO,AGENT_EVENT,000001000000010011000001000000010001000000110000100000010011,0.20005451472196223,5961.382961808381
1509987326667,INFO,AGENT_EVENT,000000001000100010100100001000000000000000000000100000000000,0.0731038196867192,3959.5581227455227
1509987327590,INFO,AGENT_EVENT,000000010000000000000000000000000000000000000000010010000000,0.047037076936596756,1560.1615345732052
1509987329343,INFO,AGENT_EVENT,010000000001010010000100001000110101001000000000000000000000,0.1255529244405421,5601.326996492082
1509987330280,INFO,AGENT_EVENT,000000000001000000000000001000000000000000100000100000000000,0.09869805500000006,1707.3912620937513
1509987331263,INFO,AGENT_EVENT,000000000000000100000100000000000000000000000000010000000000,0.04312267466624975,1372.785850024081
1509987332497,INFO,CLICK_EVENT,000000010001000000000000000000000000000000000000000000110000,0.12043377508749997,902.2972358218883
1509987333005,INFO,AGENT_EVENT,000000010001000000000001000000100000001000000010010000010000,0.153122483175,2336.9406348147986
1509987334629,INFO,AGENT_EVENT,000000010001000000000001000001100000000000000000000100000000,0.10971562762525322,3228.8091177365736
1509987335519,INFO,AGENT_EVENT,000001000000000000000000000000000010000000000000000000000000,0.0429423729933468,1259.5878248569293
1509987335922,INFO,CLICK_EVENT,000000010001000000000100000000100000000000000010000000000010,0.15435189916171566,1729.2935201375317
1509987336795,INFO,AGENT_EVENT,000000010001000000000100000000100000000000000010000100000000,0.14282903887804177,2312.0608830031256
1509987337650,INFO,CLICK_EVENT,000001000000010011000001000000010001000000110000100000010011,0.20005451472196223,5961.382961808381
1509987337938,INFO,AGENT_EVENT,000001000000000000100000000000000010000000000000000000000100,0.0899031146342093,2131.137826263141
1509987338977,INFO,AGENT_EVENT,000000000000000100000100000000000001000000000000010000000000,0.09728405306625221,1736.7451294511393
1509987340067,INFO,AGENT_EVENT,000000010001000000000000000000000000001000000011000000000000,0.08131611187499999,1452.1780290453544
1509987340950,INFO,AGENT_EVENT,000010000000000000000000100000000000000000000000000001000000,0.034490330445186124,1906.725670367229
1509987342066,INFO,AGENT_EVENT,000000000100110000000000000000000000000000100000100000000000,0.1126347715631777,1555.568545997675
1509987342885,INFO,AGENT_EVENT,000000000000000000000000000000000000000000000000000000110000,0.05321386701249997,471.9963656786398
1509987344190,INFO,AGENT_EVENT,000000010001000000000001000000100000001000100000000000000000,0.10581924494999995,2192.327315336947
1509987346547,INFO,AGENT_EVENT,000000010001000000000001010000010001000000110000100000010011,0.174536047856661,3070.564758764356
1509987347421,INFO,AGENT_EVENT,001000000000000000000000001000000100000000000000010000000000,0.030995375100000055,2422.180230168099
1509987348330,INFO,AGENT_EVENT,000000000000000000000000001000000000000001000000010000000000,0.06469788304518609,1954.7469939559383
1509987349676,INFO,AGENT_EVENT,000000010000000000000000000000000000001000010000100000010001,0.12299169254999998,1485.3156771178683
1509987351185,INFO,AGENT_EVENT,000000000100100000000000000000000000000001000000000100000000,0.09203254463480082,2519.9008296412326
1509987351954,INFO,CLICK_EVENT,000000010001000000000001010000010001000000110000100000010011,0.174536047856661,3070.564758764356
1509987352374,INFO,AGENT_EVENT,000000000000000100010100000000000001000000000000010000000000,0.09968617805679059,1861.6152181472166
1509987353641,INFO,AGENT_EVENT,000100010001000000000000000000100000000000000010000000000010,0.05829628992347313,2322.13787991981
1509987354657,INFO,AGENT_EVENT,000000000001000000000000001000000000000000100010100000000000,0.09869805500000006,1830.1596506635653
1509987355642,INFO,AGENT_EVENT,000001000000000000000000000000000010000000000000000000010000,0.0729184524455968,1423.8838102614238
1509987357130,INFO,AGENT_EVENT,000000010001000000000100000000100001000000000010000000000010,0.15853474916171573,2003.3205091474265
1509987358596,INFO,AGENT_EVENT,000000010001000000000000000000001000001000010000100000010001,0.13150527692500003,2386.145769970394
1509987359383,INFO,AGENT_EVENT,000000000000100000000000000000000000000000000100000100000000,0.01823770545039083,1493.7988938144367
1509987360629,INFO,AGENT_EVENT,000000010001000000000001000000000000001000010010010000000000,0.10866136380000002,1909.2130291486385
1509987361509,INFO,AGENT_EVENT,000000000001000000000000000000000000100000000000000110000000,0.06764758580515973,2324.1480130683303
1509987362723,INFO,AGENT_EVENT,000000010000000000000000000000000000001000010000100000010000,0.06490990192500001,1219.1045605411218
1509987363968,INFO,AGENT_EVENT,000000010001000000000000000000000000000000000001000000100010,0.11838208767187497,1307.7535933558688
1509987365233,INFO,AGENT_EVENT,000000010000000100000000000000000000001000010000100000010000,0.0669428007580879,2084.9542354121068
1509987366251,INFO,AGENT_EVENT,000000010001000000000000000000000000000000100000000100000000,0.09964086491289081,1637.1531077539316
1509987367513,INFO,AGENT_EVENT,000000010001000000000000000000011000000000000000010000010000,0.127638178175,1542.8348863820925
1509987368640,INFO,AGENT_EVENT,000000000000000000000000001000000000000000000000100000010011,0.1310481134378607,1934.8436489283401
1509987369715,INFO,AGENT_EVENT,000001000010000000000000000000000010000000000000000000010000,0.06840107021933406,1742.080779726596
1509987371348,INFO,AGENT_EVENT,000000010001010000000100000000100000000000000010000010000011,0.1618341598765629,3550.7508045452096
1509987372373,INFO,AGENT_EVENT,000000010000000000000000000000100000001000010000100000000000,0.04915129120000006,1588.084378980047
1509987373440,INFO,AGENT_EVENT,000000000000000000000000000000000000000000010010100000010001,0.11621511757725,846.8672191898725
1509987374586,INFO,AGENT_EVENT,100000000000000000000000001000000000000000010000100000010001,0.11850907132724997,1677.3212926341575
1509987375839,INFO,AGENT_EVENT,000000000000100000000000000000001000001000010000100100010001,0.04571939770429967,3327.814552179295
1509987376789,INFO,AGENT_EVENT,000000010001000000000000000000010000000000000000000000000000,0.07328683437500005,597.3397176644874
1509987378206,INFO,AGENT_EVENT,000000010001010000000000000000000000000000000010010000010000,0.12862230499999994,1227.9519617673845
1509987379764,INFO,AGENT_EVENT,000000010001000000000100000100100000000000000010000010000011,0.1467624823321011,4281.567288290422
1509987382049,INFO,AGENT_EVENT,000000000000000000010001000000010001000000110000100000011011,0.13867181271785411,2956.109652421978
1509987383116,INFO,AGENT_EVENT,000000010001000000000000000000000011000000000000000000000000,0.07746968437500001,953.6748348540506
1509987385463,INFO,AGENT_EVENT,100100000001000000000001010000010011000000110000100000010011,0.16439030845580094,5113.098085423218
1509987385598,INFO,CLEAR_SCREEN,000000000000000000000000000000000000000000000000000000000000,N/A,N/A
1509987407766,INFO,EXPLORE_EVENT,010000010000000000000000000000000000000000000000000000000000,0.038659059375,342.3815556643603
1509987410145,INFO,EXPLORE_EVENT,010000010000000000000001000000000000000000000000000000000000,0.092803125,708.3169935860807
1509987414432,INFO,EXPLORE_EVENT,010000010000000000000001100000010000000000000000000000000000,0.092803125,1039.8341792667982
1509987416520,INFO,EXPLORE_EVENT,010000010000000000000001100000010001000000000000000000000000,0.0978096875,1296.5883588668682
1509987422019,INFO,EXPLORE_EVENT,010000010000000000000001100000010001000000000110000000000000,0.0978096875,1916.3379589343137
1509987431004,INFO,EXPLORE_EVENT,010000010000000000000001100000010001000000000110110000000000,0.1264883925,2327.8761508463226
1509987436082,INFO,EXPLORE_EVENT,010000010000000000000001100000010001000000000010110000000000,0.1264883925,1919.5041655177042
1509987439976,INFO,EXPLORE_EVENT,010000010000000000000001100000010001000000000110110000000000,0.1264883925,2327.8761508463226
1509987442305,INFO,CLICK_EVENT,010000010000000000000001100000010001000000000010110000000000,0.1264883925,1919.5041655177042
1509987452688,INFO,CLEAR_SCREEN,010000010000000000000001100000010001000000000110110000000000,N/A,N/A
