1509891622004,INFO,DEMO_TREATMENT,000000000000000000000000000000000000000000000000000000000000,N/A,N/A
1509891630219,INFO,EXPLORE_EVENT,000000000000000000000000000000000000100000000000000000000000,0.05068408969741005,448.4685696012415
1509891663369,INFO,EXPLORE_EVENT,000000000000001000000000000000000000100000000000000000000000,0.09976598377340135,819.6219064902141
1509891687928,INFO,CLICK_EVENT,000000000000000000000000000000000000100000000000000000000000,0.05068408969741005,448.4685696012415
1509891699583,INFO,CLICK_EVENT,000000000000001000000000000000000000100000000000000000000000,0.09976598377340135,819.6219064902141
1509891706609,INFO,EXPLORE_EVENT,000000000000001000000000000000000000100000000000000010000000,0.11874106805166898,1088.326917550436
1509891713297,INFO,EXPLORE_EVENT,000000000000001000000000000000000000100000000000000010100000,0.10809052755898058,2003.1220407575108
1509891909396,INFO,EXPLORE_EVENT,000000000000001000000000000000000000000000000000000010000000,0.083024878125,639.918554184846
1509891911387,INFO,EXPLORE_EVENT,000000000000000000000000000000000000000000000000000010000000,0.02544675,268.75502213727935
1509891911994,INFO,EXPLORE_EVENT,000000000000000000000000000000000000000000000000000000000000,0.0,0.0
1509891915825,INFO,CLICK_EVENT,000000000000000000000000000000000000000000000000000000000000,0,0
1509891920130,INFO,CLEAR_SCREEN,000000000000000000000000000000000000000000000000000000000000,N/A,N/A
1509891941442,INFO,TREATMENT_3,000000000000000000000000000000000000000000000000000000000000,N/A,N/A
1509891961843,INFO,EXPLORE_EVENT,000000000010000000000000000000000000000000000000000000000000,0.0,630.0049883692784
1509891962057,INFO,AGENT_EVENT,000000000010000001000000000000000000000000000000000000000000,0.054144065624999994,993.9642677963366
1509891962917,INFO,AGENT_EVENT,000000000010000000000000000000100000000000000000000000000000,0.0,880.8044798780566
1509891963923,INFO,AGENT_EVENT,000000000010000010000000000000000000000000000000000000000000,0.0,880.288266544191
1509891965003,INFO,AGENT_EVENT,000000000010000000000000000000000000000000000000100000000000,0.0314321988375,1061.5613485032095
1509891965948,INFO,AGENT_EVENT,000000000010000000000100000000000000000000000000000000000000,0.0,1490.7709950478593
1509891967006,INFO,AGENT_EVENT,000000000010000000000000000001000000000000000000000000000000,0.057578128125,1001.2185314939024
1509891968064,INFO,EXPLORE_EVENT,000000000000000000000000000000000000000000000000000000000000,0.0,0.0
1509891977052,INFO,AGENT_EVENT,100000000000000000000000000000000000000000000000000000100000,0.021025948837500003,431.63363893128997
1509891977052,INFO,EXPLORE_EVENT,100000000000000000000000000000000000000000000000000000000000,0.021025948837500003,431.63363893128997
1509891977997,INFO,AGENT_EVENT,100000000000000000100000000000000000000000000000000000000000,0.021025948837500003,690.1963681608697
1509891979042,INFO,AGENT_EVENT,100000001000000000000000000000000000000000000000000000000000,0.025025137500000003,1042.4627814326127
1509891979970,INFO,AGENT_EVENT,100000000000000000000000000100000000000000000000000000000000,0.021025948837500003,871.6747776074733
1509891980759,INFO,EXPLORE_EVENT,000000000000000000000000000000000000000000000000000000000000,0.0,0.0
1509891983494,INFO,EXPLORE_EVENT,000000000000100000000000000000000000000000000000000000000000,0.039359929546875005,639.2066718898658
1509891983495,INFO,AGENT_EVENT,000000000000100000000000000000000000000010000000000000000000,0.039359929546875005,639.2066718898658
1509891984615,INFO,AGENT_EVENT,000000000100100000000000000000000000000000000000000000000000,0.023058847670587926,1293.5876957503215
1509891985714,INFO,AGENT_EVENT,000000000000100000000000000000000010000000000000000000000000,0.0360113765375,1025.8034758011554
1509891986928,INFO,AGENT_EVENT,000000000000100000000000000000000001000000000000000000000000,0.0493589514053561,1445.7704466676603
1509891987998,INFO,AGENT_EVENT,000000000000100000000000000000000000000000000100000000000000,0.024801556787890828,1221.9740347554598
1509891989021,INFO,AGENT_EVENT,000000000000100000000000000100000000000000000000000000000000,0.021025948837500003,867.8625197662691
1509891990054,INFO,AGENT_EVENT,000000000000100000000100000000000000000000000000000000000000,0.003939672374318015,1476.1899571051865
1509891991175,INFO,AGENT_EVENT,000000000000100000000000000000000000000000010000000000000000,0.04970419893749999,686.5725481772089
1509891992209,INFO,AGENT_EVENT,000000000000100000000000000000010000000000000000000000000000,0.021025948837500003,686.5491378521027
1509891993958,INFO,EXPLORE_EVENT,000000000000000000000000000000000000000000000000000000000000,0.0,0.0
1509891994513,INFO,AGENT_EVENT,000000000000000000000000000000000000000000000000000000000000,0.0,0.0
1509891994759,INFO,EXPLORE_EVENT,000000000000000000000000100000000000000000000000000000000000,0.021025948837500003,412.61622373455975
1509891995571,INFO,AGENT_EVENT,000000000000000000000000100010000000000000000000000000000000,0.021025948837500003,535.3846123043738
1509891996668,INFO,AGENT_EVENT,000000000000000000000000100000000000000000100000000000000000,0.0354880463375,663.592677704991
1509891997769,INFO,AGENT_EVENT,100000000000000000000000100000000000000000000000000000000000,0.022341612412500003,806.8212411837891
1509891998827,INFO,AGENT_EVENT,000000000000000000000010100000000000000000000000000000000000,0.021025948837500003,1036.7962992524715
1509892000502,INFO,EXPLORE_EVENT,000000000000000000000000000000000000000000000000000000000000,0.0,0.0
1509892001743,INFO,EXPLORE_EVENT,000000000000000000000000000000000000100000000000000000000000,0.021025948837500003,412.71697524122806
1509892001983,INFO,AGENT_EVENT,000001000000000000000000000000000000100000000000000000000000,0.0751700144625,778.6524131629484
1509892002963,INFO,AGENT_EVENT,000000000000000000000000000000000100100000000000000000000000,0.021025948837500003,1206.817716457089
1509892004020,INFO,AGENT_EVENT,000000000000000000000000000000000000100000010000000000000000,0.0526864014375,575.0395863422294
1509892005184,INFO,AGENT_EVENT,000000000000000000000000000000000000101000000000000000000000,0.05191599884602187,1204.6951433157794
1509892006261,INFO,AGENT_EVENT,000000000000000000000000000000000000100000010000000000000000,0.0526864014375,575.0395863422294
1509892007311,INFO,AGENT_EVENT,000000000000000000000000000100000000100000000000000000000000,0.021025948837500003,852.8540475463453
1509892008151,INFO,AGENT_EVENT,000000000000000000000000000000000000000000000000000000000000,0.0,0.0
1509892009361,INFO,AGENT_EVENT,000000000000000000000000000000000000100000000000000100000000,0.07171003853491004,861.2814784714035
1509892010411,INFO,AGENT_EVENT,000000000000000000000000000000000000100000001000000000000000,0.025025137500000003,1005.3851926292102
1509892011365,INFO,AGENT_EVENT,000000000000000000010000000000000000100000000000000000000000,0.021025948837500003,680.7157024948986
1509892012403,INFO,AGENT_EVENT,000000000000000000000000000000000000100000100000000000000000,0.049827398837499995,566.4960377529628
1509892013516,INFO,AGENT_EVENT,000000000000000000000000000001000000100000000000000000000000,0.07860407696249999,783.9305183658521
1509892014564,INFO,AGENT_EVENT,000000000100000000000000000000000000100000000000000000000000,0.023058847670587926,1278.566650112213
1509892015647,INFO,AGENT_EVENT,000000000010000000000000000000000000100000000000000000000000,0.021025948837500003,1042.7219636105065
1509892017743,INFO,EXPLORE_EVENT,000000000000000000000000000000000000000000000000100000000000,0.0314321988375,431.63363893128997
1509892017932,INFO,AGENT_EVENT,000000010000000000000000000000000000000000000000100000000000,0.0561142975875,700.3886610685693
1509892019102,INFO,AGENT_EVENT,000000000000000000000000000000000000000000000000100100000000,0.06428298736535941,1047.4021947284205
1509892020181,INFO,AGENT_EVENT,000000000000000000000000000000000000000000100000100000000000,0.04589429633750001,682.5139911882234
1509892021403,INFO,AGENT_EVENT,000000000000000000000000000000000001000000000000100000000000,0.05976520140535611,1449.5887859222548
1509892022627,INFO,AGENT_EVENT,000000000000000000000001000000000000000000000000100000000000,0.05926540569117999,1433.8842524917095
1509892023601,INFO,AGENT_EVENT,000000000000000000000000000100000000000000000000100000000000,0.0314321988375,871.6747776074733
1509892024384,INFO,AGENT_EVENT,000000000000000000000000000000000000000000000000000000000000,0.0,0.0
1509892025370,INFO,AGENT_EVENT,000000000000000000100000000000000000000000000000100000000000,0.0314321988375,690.1963681608697
1509892026425,INFO,AGENT_EVENT,000000100000000000000000000000000000000000000000100000000000,0.04589429633750001,690.9136569898131
1509892027446,INFO,EXPLORE_EVENT,000000000000000000000000000000000000000000000000000000000000,0.0,0.0
1509892028194,INFO,EXPLORE_EVENT,000000000000000000000000100000000000000000000000000000000000,0.021025948837500003,412.61622373455975
1509892028448,INFO,AGENT_EVENT,000000000000000000000000100000000000000010000000000000000000,0.039359929546875005,624.0848747450891
1509892029219,INFO,AGENT_EVENT,000000000000000000000000000000000000000000000000000000000000,0.0,0.0
1509892030381,INFO,AGENT_EVENT,000000000000000000000000100000000000000000000000100000000000,0.0327478624125,806.8212411837891
1509892031436,INFO,AGENT_EVENT,000000000000000000000000100000000000000000000000000000000010,0.021025948837500003,1042.6212121038382
1509892032589,INFO,AGENT_EVENT,000010000000000000000000100000000000000000000000000000000000,0.022162592587500002,666.3364705828221
1509892033670,INFO,AGENT_EVENT,000000000000000000000000100000000000000000000000000001000000,0.08243114883750001,778.5516616562801
1509892034805,INFO,AGENT_EVENT,000000000000000000000000100000000000000000000000000001000000,0.08243114883750001,778.5516616562801
1509892035604,INFO,AGENT_EVENT,000000000000000000000000000000000000000000000000000000000000,0.0,0.0
1509892036648,INFO,AGENT_EVENT,000000000000000000000000100000001000000000000000000000000000,0.025025137500000003,1005.096004980931
1509892037614,INFO,AGENT_EVENT,000000000000001000000000100000000000000000000000000000000000,0.021025948837500003,1079.486599979615
1509892038838,INFO,AGENT_EVENT,000000000000000000000001100000000000000000000000000000000000,0.04885915569117999,1414.9441160923382
1509892040364,INFO,EXPLORE_EVENT,000000000000000000000000100000000000000000000000001000000000,0.027109568967677765,1081.8275882331907
1509892040449,INFO,AGENT_EVENT,000000000000000000100000100000000000000000000000001000000000,0.027109568967677765,1340.3329607292721
1509892041704,INFO,AGENT_EVENT,000000000000000000000000101000000000000000000000001000000000,0.02091198941390386,1873.6228123533378
1509892043147,INFO,AGENT_EVENT,000100000000000000000000100000000000000000000000001000000000,0.07403188222429877,1530.235951598781
1509892044504,INFO,AGENT_EVENT,000000000000000000000001100000000000000000000000001000000000,0.05494277582135775,2084.155480590969
1509892045692,INFO,AGENT_EVENT,000000000000000000000000110000000000000000000000001000000000,0.027109568967677765,1141.0930503717923
1509892046908,INFO,AGENT_EVENT,000000000000000000100000100000000000000000000000001000000000,0.027109568967677765,1340.3329607292721
1509892048184,INFO,AGENT_EVENT,000000000000000000000000100000000010000000000000001000000000,0.04209499666767776,1605.1488832351865
1509892051329,INFO,EXPLORE_EVENT,000000000000000000000000100000000000000000000000000000000000,0.021025948837500003,412.61622373455975
1509892051659,INFO,EXPLORE_EVENT,000000000000000000000000100000000000001000000000000000000000,0.05904076913885316,1053.773389555001
1509892051963,INFO,AGENT_EVENT,000000000000000000000000100000000000001000000000000010000000,0.061893522600458536,1307.4936364032633
1509892053235,INFO,AGENT_EVENT,000000000000000000100000100000000000001000000000000000000000,0.05904076913885316,1312.2787620510826
1509892054422,INFO,AGENT_EVENT,000000000000000000000000100100000000001000000000000000000000,0.04722638303821331,1653.647019706646
1509892055715,INFO,AGENT_EVENT,000000000000000000000000100000000010001000000000000000000000,0.07402619683885316,1577.094684556997
1509892057227,INFO,AGENT_EVENT,001000000000000000000000100000000000001000000000000000000000,0.08157029640806635,1722.984754053632
1509892058398,INFO,AGENT_EVENT,000000000000000000000100100000000000001000000000000000000000,0.05904076913885316,1914.5393962335816
1509892059759,INFO,AGENT_EVENT,000000000000000000000000100000000000001000000000100000000000,0.07076268271385316,1447.8047643944822
1509892061066,INFO,AGENT_EVENT,000000000000000000000000100000000000001000000010000000000000,0.05566121024675666,1960.4754321788769
1509892062492,INFO,AGENT_EVENT,000100000000000000000000100000000000001000000000000000000000,0.10596308239547417,1502.181752920591
1509892063840,INFO,AGENT_EVENT,000001000000000000000000100000000000001000000000000000000000,0.11318483476385316,1419.7088274767214
1509892065295,INFO,AGENT_EVENT,000000000000000000000000100000000001001000000000000000000000,0.07584995628010949,2229.25917562097
1509892067748,INFO,EXPLORE_EVENT,000000000000001000000000100000000000001000000000000000000000,0.05904076913885316,1720.6437658000564
1509892067798,INFO,AGENT_EVENT,000000000000001000010000100000000000001000000000000000000000,0.05904076913885316,2035.7323803583308
1509892069127,INFO,AGENT_EVENT,000000000000001000000000100000001000001000000000000000000000,0.06303995780135317,2313.1235470464276
1509892070553,INFO,AGENT_EVENT,000000000000001000000000100000000000001000000000000000000100,0.0627267186639736,2586.4934406710413
1509892073342,INFO,EXPLORE_EVENT,000000000000000000000000100000000000001000000000000000000000,0.05904076913885316,1053.773389555001
1509892074021,INFO,EXPLORE_EVENT,001000000000000000000000100000000000001000000000000000000000,0.08157029640806635,1722.984754053632
1509892074266,INFO,AGENT_EVENT,001000000000000000001000100000000000001000000000000000000000,0.08416292757056634,2401.005045248332
1509892075944,INFO,AGENT_EVENT,001000000000000000000000100000000000001000000000000000000100,0.08525624593318679,2588.834428924617
1509892077745,INFO,AGENT_EVENT,001000000000000000000000100000000000001000000001000000000000,0.07651821649268511,2531.2513499228653
1509892079536,INFO,AGENT_EVENT,001000000000000000000000100000000000001010000000000000000000,0.08307748051835918,1911.4246280375428
1509892081373,INFO,AGENT_EVENT,011000000000000000000000100000000000001000000000000000000000,0.08802437621424258,1851.8602674152876
1509892083081,INFO,AGENT_EVENT,001000000000000000000000100000000000001010000000000000000000,0.08307748051835918,1911.4246280375428
1509892084872,INFO,AGENT_EVENT,001000000000000000000000100000000000011000000000000000000000,0.09905515044476208,1842.016232795726
1509892086509,INFO,AGENT_EVENT,001000000000000000000000100000000000001000000000000000000100,0.08525624593318679,2588.834428924617
1509892088249,INFO,AGENT_EVENT,001000000000000000000000100000000000001000000000000000000001,0.11636215377970356,2732.289300735649
1509892090013,INFO,AGENT_EVENT,001000000001000000000000100000000000001000000000000000000000,0.08864493473974219,2559.6882741429445
1509892091762,INFO,AGENT_EVENT,001000000000000000000000100000000000001010000000000000000000,0.08307748051835918,1911.4246280375428
1509892094398,INFO,EXPLORE_EVENT,001000010000000000000000100000000000001000000000000000000000,0.09335083909010855,2040.2939779448966
1509892094592,INFO,AGENT_EVENT,001000010000000000000000100000000000001000001000000000000000,0.0845335049890812,3074.3273509465125
1509892096318,INFO,AGENT_EVENT,001000010000010000000000100000000000001000000000000000000000,0.09335083909010855,2207.3328254661355
1509892100883,INFO,EXPLORE_EVENT,001000000000000000000000100000000000001000000000000000000000,0.08157029640806635,1722.984754053632
1509892101235,INFO,EXPLORE_EVENT,001000000000000000010000100000000000001000000000000000000000,0.08157029640806635,1990.836024044639
1509892101695,INFO,AGENT_EVENT,001000000000000000010000100000000000001000000000100000000000,0.09329220998306634,2384.86739888412
1509892103283,INFO,AGENT_EVENT,001000000000000000010000100010000000001000000000000000000000,0.08157029640806635,2113.6044126144534
1509892106963,INFO,EXPLORE_EVENT,001000000000000000000000100000000000001000000000000000000000,0.08157029640806635,1722.984754053632
1509892107624,INFO,EXPLORE_EVENT,001000000000000000000000100000000000001000000000000000010000,0.10625239515806634,1991.6897651138538
1509892107763,INFO,AGENT_EVENT,001000000000010000000000100000000000001000000000000000010000,0.10625239515806634,2158.7286126350928
1509892109579,INFO,AGENT_EVENT,001000000000000000000000100000000000001000000000000000011000,0.10729255257056634,2597.585855210399
1509892111359,INFO,AGENT_EVENT,001000100000000000000000100000000000001000000000000000010000,0.1111977708005812,2289.7368545852282
1509892113181,INFO,AGENT_EVENT,001000000000000000000000110000000000001000000000000000010000,0.10625239515806634,2050.955227252455
1509892115023,INFO,AGENT_EVENT,001000000000000000000000100000000000001000000000000000110000,0.12896669515806633,2166.709403708386
1509892116924,INFO,AGENT_EVENT,001000000000000000000000100000000000001000000000000001010000,0.16866492015806633,2260.875512022769
1509892118787,INFO,AGENT_EVENT,001001000000000000000000100000000000001000000000000000010000,0.1360306416954781,2475.2081252681514
1509892120542,INFO,AGENT_EVENT,001000001000000000000000100000000000001000000000000000010000,0.10631678496702329,3050.2719873370943
1509892122419,INFO,AGENT_EVENT,001000000000000000000000100000000000001000000000000010010000,0.10682071703306634,2168.5723691027683
1509892124131,INFO,AGENT_EVENT,001000000000000000000000100010000000001000000000000000010000,0.10625239515806634,2114.458153683668
1509892125918,INFO,AGENT_EVENT,001000000000000000000000100100000000001000000000000000010000,0.0948676631562572,2591.563395265499
1509892127792,INFO,AGENT_EVENT,001000010000000000000000100000000000001000000000000000010000,0.10790456865998559,2308.9989890051183
1509892129657,INFO,AGENT_EVENT,001000000000100000000000100000000000001000000000000000010000,0.10776436305806635,2381.9028006987405
1509892131995,INFO,EXPLORE_EVENT,001000000000000000000000100000000000000000000000000000010000,0.051791667717677764,1350.5325992934127
1509892132183,INFO,AGENT_EVENT,001000000000000000000000100000000000000000001000000000010000,0.053815951955177764,2019.6575476879293
1509892133609,INFO,AGENT_EVENT,001000000000000000000000100000000000000000000000000000010010,0.05085112266019077,2565.2262426688862
1509892135153,INFO,AGENT_EVENT,001000000000100000000000100000000000000000000000000000010000,0.053303635617677765,1740.7456348782994
1509892136599,INFO,AGENT_EVENT,001000000000000000000000100000000000000000000000100000010000,0.06570796129267777,1652.8234766361898
1509892138824,INFO,EXPLORE_EVENT,001000000000000000000000101000000000000000000000000000010000,0.04581947570714356,2142.3278234135596
1509892138982,INFO,AGENT_EVENT,001000000000000000000000101000001000000000000000000000010000,0.04457028652392918,3172.8090895836845
1509892140600,INFO,AGENT_EVENT,001000000000000000000000101001000000000000000000000000010000,0.07594767032997507,2623.1391449093585
1509892143761,INFO,EXPLORE_EVENT,001000000000000000000000100000000000000000000000000000010000,0.051791667717677764,1350.5325992934127
1509892145473,INFO,EXPLORE_EVENT,001000000000001000000000100000000000000000000000000000010000,0.051791667717677764,2017.4029755384677
1509892145500,INFO,AGENT_EVENT,001000000000001000000100100000000000000000000000000000010000,0.051791667717677764,2690.09288315814
1509892146946,INFO,AGENT_EVENT,001000000000001100000000100000000000000000000000000000010000,0.051791667717677764,2272.6149510004125
1509892149707,INFO,EXPLORE_EVENT,001000000000000000000000100000000000000000000000000000010000,0.051791667717677764,1350.5325992934127
1509892149964,INFO,AGENT_EVENT,001000001000000000000000100000000000000000000000000000010000,0.05336238276865782,2409.114821516653
1509892151357,INFO,AGENT_EVENT,001000000000000000000000100000000010000000000000000000010000,0.06874534906767776,1873.8538942954087
1509892152524,INFO,AGENT_EVENT,001000000000000000000000000000000000000000000000000000010000,0.03153037013017776,937.9163755588529
1509892153939,INFO,AGENT_EVENT,001000000000000000000000100010000000000000000000000000010000,0.051791667717677764,1473.3009878632267
1509892155556,INFO,AGENT_EVENT,001000000000000000000000100000000000000000000000000000010010,0.05085112266019077,2565.2262426688862
1509892157069,INFO,AGENT_EVENT,001000000000000000000001100000000000000000000000000000010000,0.07962487457135774,2352.860491651191
1509892158631,INFO,AGENT_EVENT,001000000000000000000000100000000000000000000001000000010000,0.08012467028553386,2368.7479087952815
1509892160115,INFO,AGENT_EVENT,001000000000000000000000100000000000000001000000000000010000,0.10936979584267777,1721.79863176059
1509892162319,INFO,EXPLORE_EVENT,001000000000000000000000100000000000000000000000000000010000,0.051791667717677764,1350.5325992934127
1509892162546,INFO,AGENT_EVENT,001000000000000001000000100000000000000000000000000000010000,0.10593573334267777,1714.4918787204706
1509892163994,INFO,AGENT_EVENT,001000000000000000000000100000000000000000100000000000010000,0.06314881771767776,1601.351908536184
1509892165441,INFO,AGENT_EVENT,001001000000000000000000100000000000000000000000000000010000,0.08324209310512984,1834.0509594477103
1509892166873,INFO,AGENT_EVENT,001000000000000000000000100000000000000000000000000001010000,0.11420419271767776,1619.7183462023272
1509892169875,INFO,EXPLORE_EVENT,001000000000000000000000100000000000000000000000000000010000,0.051791667717677764,1350.5325992934127
1509892170274,INFO,EXPLORE_EVENT,001000000000000000000000100000000000000000010000000000000000,0.05578781906767777,1340.5218652061053
1509892170539,INFO,EXPLORE_EVENT,001000000000000000000000100000000000000000010000000000010000,0.05775607271767777,1609.226876266327
1509892171171,INFO,AGENT_EVENT,001000000000000000000000100000000000000000010000000000011000,0.05879623013017776,2215.122966362872
1509892172765,INFO,AGENT_EVENT,001000000000000000001000100000000000000000010000000000010000,0.05879623013017776,2287.247167461027
1509892175772,INFO,EXPLORE_EVENT,001000000000000000000000100000000000000000000000000000010000,0.051791667717677764,1350.5325992934127
1509892176114,INFO,EXPLORE_EVENT,001000000000000000000000100000010000000000000000000000010000,0.051791667717677764,1512.81642863358
1509892176577,INFO,AGENT_EVENT,001000000000100000000000100000010000000000000000000000010000,0.053303635617677765,1903.3390043519025
1509892180532,INFO,EXPLORE_EVENT,001000000000000000000000100000000000000000000000000000010000,0.051791667717677764,1350.5325992934127
1509892180928,INFO,EXPLORE_EVENT,001000000000000000010000100000000000000000000000000000010000,0.051791667717677764,1618.3838692844197
1509892181066,INFO,AGENT_EVENT,001000000000000000010000100000000000000000001000000000010000,0.053815951955177764,2287.508817678937
1509892182803,INFO,AGENT_EVENT,001000000000000000010000100000000000000000000000000000010010,0.05085112266019077,2833.0775126598933
1509892184357,INFO,CLICK_EVENT,001000000000000000000000100000000000001000000000000001010000,0.16866492015806633,2260.875512022769
1509892184628,INFO,AGENT_EVENT,001000000001000000010000100000000000000000000000000000010000,0.06273812839221607,2455.087389373732
1509892186036,INFO,AGENT_EVENT,001000000000000000010000100000100000000000000000000000010000,0.051791667717677764,1772.1296582407076
1509892187428,INFO,AGENT_EVENT,001000000000000000010000100010000000000000000000000000010000,0.051791667717677764,1741.1522578542335
1509892188901,INFO,AGENT_EVENT,001000000000000000010000100000000000000000000000000000110000,0.07450596771767776,1793.4035078789516
1509892190448,INFO,AGENT_EVENT,001000000000000000010000100001000000000000000000000000010000,0.10987345834267777,1878.8574750385987
1509892191991,INFO,AGENT_EVENT,001000000000000000010000100000000000000001000000000000010000,0.10936979584267777,1989.6499017515976
1509892193611,INFO,AGENT_EVENT,001000000000000000010000100000000000000000000001000000010000,0.08012467028553386,2636.5991787862886
1509892196538,INFO,EXPLORE_EVENT,001000000000000000000000100000000000000000000000000000010000,0.051791667717677764,1350.5325992934127
1509892196748,INFO,AGENT_EVENT,001000000000000000000000100000000000000000000010000000010000,0.06874534906767776,1948.749892515767
1509892198431,INFO,AGENT_EVENT,001000000000000000000000100000000001000000000000000000010000,0.06900305017488209,2526.0183853593817
1509892199911,INFO,AGENT_EVENT,001000000000000000001000100000000000000000000000000000010000,0.053815951955177764,2028.552890488112
1509892204654,INFO,EXPLORE_EVENT,001000000000000000000000100000000000001000000000000000010000,0.10625239515806634,1991.6897651138538
1509892204822,INFO,EXPLORE_EVENT,001000000000000000000000100000000000001000000000000000000000,0.08157029640806635,1722.984754053632
1509892205758,INFO,EXPLORE_EVENT,001000000000000000000000100000000000001000000000000000010000,0.10625239515806634,1991.6897651138538
1509892206302,INFO,EXPLORE_EVENT,001000000000000000000000100000000000001000000000000001010000,0.16866492015806633,2260.875512022769
1509892207253,INFO,AGENT_EVENT,001000000000000000000000100000000000001000000001000001010000,0.15481951956404244,3069.142107892002
1509892209437,INFO,AGENT_EVENT,001000000000000000000000100000000000001000000000010001010000,0.17799604515806633,2340.733088857
1509892211364,INFO,AGENT_EVENT,001000000000000000000010100000000000001000000000000001010000,0.17266107150806634,2885.055587540681
1509892213340,INFO,AGENT_EVENT,001000010000000000000000100000000000001000000000000001010000,0.1703170936599856,2578.184735914033
1509892215370,INFO,AGENT_EVENT,001000000000000000000000100000000000001000000000000011010000,0.16184047248458022,3024.493402574027
1509892217467,INFO,AGENT_EVENT,001000000000000000000000100000000000011000000000000001010000,0.18558142726976207,2379.9069907648623
1509892219410,INFO,AGENT_EVENT,001000000000000000000000100000000010001000000000000001010000,0.18561860150806633,2784.196807024765
1509892221624,INFO,AGENT_EVENT,001001000000000000000000100000000000001000000000000001010000,0.16995886728199047,2744.3938721770664
1509892222757,INFO,CLICK_EVENT,001000000000000000000000100000000000011000000000000001010000,0.18558142726976207,2379.9069907648623
1509892223645,INFO,AGENT_EVENT,001000000000001000000000100000000000001000000000000001010000,0.16866492015806633,2927.7458882678243
1509892225670,INFO,AGENT_EVENT,001000000000000000000000100000000000001000000000000001110000,0.1702096826091789,3017.019884758111
1509892230312,INFO,EXPLORE_EVENT,001000000000000000000000100000000000011000000000000001010000,0.18558142726976207,2379.9069907648623
1509892230618,INFO,AGENT_EVENT,001000000000000000000000100000000000011100000000000001010000,0.17325017254946554,2610.6748201279197
1509892232948,INFO,AGENT_EVENT,001000000000000000000000100000000000011000000000000001010100,0.11712979804397697,3526.223856037969
1509892235293,INFO,AGENT_EVENT,001000000000000000000000100000000000011000000010000001010000,0.1750819766893621,3274.360688157308
1509892237403,INFO,AGENT_EVENT,001000000000000000000000100000000100011000000000000001010000,0.16895897023291795,3329.548249125194
1509892241519,INFO,EXPLORE_EVENT,001000000000000000000100100000000000011000000000000001010000,0.18558142726976207,3240.672997443443
1509892242065,INFO,AGENT_EVENT,011000000000000000000100100000000000011000000000000001010000,0.1853086218718496,3369.548510805099
1509892244496,INFO,AGENT_EVENT,001000000000000001000100100000000000011000000000000001010000,0.18976427726976208,3720.085962176773
1509892250332,INFO,EXPLORE_EVENT,001000000000000000000000100000000000011000000000000001010000,0.18558142726976207,2379.9069907648623
1509892250365,INFO,EXPLORE_EVENT,001000000000000000000000100000000100011000000000000001010000,0.16895897023291795,3329.548249125194
1509892251326,INFO,AGENT_EVENT,001000000010000000000000100000000100011000000000000001010000,0.16614220778112482,4293.823349998529
1509892259149,INFO,EXPLORE_EVENT,001000000000000000000000100000000000011000000000000001010000,0.18558142726976207,2379.9069907648623
1509892259822,INFO,EXPLORE_EVENT,001000000100000000000000100000000000011000000000000001010000,0.17955501018436446,3058.849143717309
1509892259942,INFO,AGENT_EVENT,001000000110000000000000100000000000011000000000000001010000,0.18181416476996892,4042.1221751903304
1509892262357,INFO,AGENT_EVENT,001000001100000000000000100000000000011000000000000001010000,0.181655492824551,4131.685034811115
1509892267566,INFO,EXPLORE_EVENT,001000000000000000000000100000000000011000000000000001010000,0.18558142726976207,2379.9069907648623
1509892268306,INFO,EXPLORE_EVENT,001000000000000000000000100000000000011000000000000001010100,0.11712979804397697,3526.223856037969
1509892269486,INFO,AGENT_EVENT,001000000000000000000000100001000000011000000000000001010100,0.16715319650832594,3757.7842160120663
1509892273886,INFO,EXPLORE_EVENT,001000000000000000000000100000000000011000000000000001010000,0.18558142726976207,2379.9069907648623
1509892274195,INFO,AGENT_EVENT,001000000000000000000001100000000000011000000000000001010000,0.20325095322259767,3382.234883122641
1509892276417,INFO,AGENT_EVENT,001000000000000000000000100000000100011000000000000001010000,0.16895897023291795,3329.548249125194
1509892278690,INFO,AGENT_EVENT,001000000000000000000000100000000000011000000010000001010000,0.1750819766893621,3274.360688157308
1509892280969,INFO,AGENT_EVENT,001000000000000000000000101000000000011000000000000001010000,0.17960923525922787,3171.702214885009
1509892283377,INFO,AGENT_EVENT,001001000000000000000000100000000000011000000000000001010000,0.1868753743936862,2863.42535091916
1509892285634,INFO,AGENT_EVENT,001000000000000000000000100010000000011000000000000001010000,0.18558142726976207,2502.675379334676
1509892290512,INFO,EXPLORE_EVENT,001000000000000000000001100000000000011000000000000001010000,0.20325095322259767,3382.234883122641
1509892290695,INFO,AGENT_EVENT,001000000000000000000001100000000000011000000000000001011000,0.18979145679555404,4905.328241328362
1509892293251,INFO,AGENT_EVENT,001000000000000000000001100000001000011000000000000001010000,0.20648549063509766,3974.714664369012
1509892295773,INFO,AGENT_EVENT,001000000000000000001001100000000000011000000000000001010000,0.20030186063091027,4447.952592878424
1509892299945,INFO,EXPLORE_EVENT,001000000000000000000000100000000000011000000000000001010000,0.18558142726976207,2379.9069907648623
1509892300243,INFO,AGENT_EVENT,001000000000000000000000100000000000011000000000000001010001,0.14873434886951153,3666.806019304907
1509892305967,INFO,EXPLORE_EVENT,001000000000000000000000100000000000011000000000000101010000,0.15609582788847765,3091.6265981001925
1509892306174,INFO,AGENT_EVENT,001000100000000000000000100000000000011000000000000101010000,0.1611375437363674,3389.673687571567
1509892311422,INFO,EXPLORE_EVENT,001000000000000000000000100000000000011000000000000001010000,0.18558142726976207,2379.9069907648623
1509892311501,INFO,AGENT_EVENT,001000000000000000000000110000000000011000000000000001010000,0.18558142726976207,2439.1724529034636
1509892313699,INFO,AGENT_EVENT,001000000000000000000000100000100000011000000000000001010000,0.18558142726976207,2533.65277972115
1509892316252,INFO,AGENT_EVENT,001000000000000000000000100000000001011000000000000001010000,0.19131956445460135,3555.3927768308313
1509892318558,INFO,AGENT_EVENT,001000000000000000000000100000000000011000000100000001010000,0.15561056093419146,2952.676222918697
1509892321056,INFO,AGENT_EVENT,001000000100000000000000100000000000011000000000000001010000,0.17955501018436446,3058.849143717309
1509892322837,INFO,AGENT_EVENT,001000000000000000000000100000000000010000000000000001010000,0.1467199397422859,1784.014331606822
1509892325283,INFO,AGENT_EVENT,001001000000000000000000100000000000011000000000000001010000,0.1868753743936862,2863.42535091916
1509892330471,INFO,AGENT_EVENT,001000000000000000001000100000000000011000000000000000010000,0.12420905968226209,2788.741535050647
1509892330694,INFO,EXPLORE_EVENT,001000000000000000001000100000000000011000000000000001010000,0.1866215846822621,3057.9272819595617
1509892333022,INFO,AGENT_EVENT,001000000000000000001000100000000000011000000100000001010000,0.15665071834669145,3630.696514113397
1509892340285,INFO,EXPLORE_EVENT,001000000000000000000000100000000000011000000000000001010000,0.18558142726976207,2379.9069907648623
1509892340378,INFO,EXPLORE_EVENT,001000001000000000000000100000000000011000000000000001010000,0.1846297707466658,3438.4892129881027
1509892341249,INFO,AGENT_EVENT,001000001000000000000000100000000000011000000000001001010000,0.1387859054477684,4383.221656152544
1509892344061,INFO,AGENT_EVENT,001000001000000000000000100000000000011000000000001001010000,0.1387859054477684,4383.221656152544
1509892349246,INFO,EXPLORE_EVENT,001000000000000000000000100000000000011000000000000001010000,0.18558142726976207,2379.9069907648623
1509892349674,INFO,EXPLORE_EVENT,001000000000000000000000100000001000011000000000000001010000,0.18881596468226208,2972.386772011233
1509892350117,INFO,AGENT_EVENT,001000000000000000000000100000001000011000001000000001010000,0.17950407092046583,3993.47193221826
1509892356734,INFO,EXPLORE_EVENT,001000000000000000000000100000000000011000000000000001010000,0.18558142726976207,2379.9069907648623
1509892357174,INFO,EXPLORE_EVENT,001000000000000000000000100000000000011000001000000001010000,0.17502542525796583,3400.992150971889
1509892357387,INFO,AGENT_EVENT,001000000000000000000100100000000000011000001000000001010000,0.17502542525796583,4261.758157650469
1509892364094,INFO,EXPLORE_EVENT,001000000000000000000000100000000000011000000000000001010000,0.18558142726976207,2379.9069907648623
1509892364627,INFO,EXPLORE_EVENT,001000000000000000000000100000000000011000000000000001011000,0.17131310757717635,3903.000348970584
1509892365562,INFO,AGENT_EVENT,001000000000000000000000100000000000011000000000001001011000,0.13601887998281165,4378.518919623702
1509892369519,INFO,EXPLORE_EVENT,001000000000000000000000100000000000011000000000000001010000,0.18558142726976207,2379.9069907648623
1509892369675,INFO,AGENT_EVENT,001000000100000000000000100000000000011000000000000001010000,0.17955501018436446,3058.849143717309
1509892372113,INFO,AGENT_EVENT,001000000000000001000000100000000000011000000000000001010000,0.18976427726976208,2743.86627019192
1509892374296,INFO,CLICK_EVENT,001000000000000000000001100000001000011000000000000001010000,0.20648549063509766,3974.714664369012
1509892374946,INFO,AGENT_EVENT,001000000000000001000000100000000000011000000000000001010000,0.18976427726976208,2743.86627019192
1509892377172,INFO,AGENT_EVENT,001000000000000010000000100000000000011000000000000001010000,0.18558142726976207,2630.190268939775
1509892379739,INFO,AGENT_EVENT,001000000000000000000010100000000000011000000000000001010000,0.18757950294476208,3004.087066282774
1509892384428,INFO,EXPLORE_EVENT,001000000000000000000000100000001000011000000000000001010000,0.18881596468226208,2972.386772011233
1509892387475,INFO,EXPLORE_EVENT,001000000000000000000001100000001000011000000000000001010000,0.20648549063509766,3974.714664369012
1509892387730,INFO,AGENT_EVENT,001000100000000000000001100000001000011000000000000001010000,0.2113989467705593,4272.761753840386
1509892390659,INFO,AGENT_EVENT,001000000000000000000001100000001000011000000000100001010000,0.21767956313509762,4302.34613481044
1509892393687,INFO,AGENT_EVENT,001000000000000000000001100000001000011000000000100001010000,0.21767956313509762,4302.34613481044
1509892394056,INFO,CLICK_EVENT,001000000000000000000001100000001000011000000000100001010000,0.21767956313509762,4302.34613481044
1509892396873,INFO,AGENT_EVENT,001000000000000000000001100000001000011000000000000011010000,0.20025503416633128,4738.33255492027
1509892399932,INFO,AGENT_EVENT,001010000000000000000001100000001000011000000000000001010000,0.20492665140355842,4262.4779891720245
1509892406771,INFO,EXPLORE_EVENT,001000000000000000000001100000001000011000000000000001010000,0.20648549063509766,3974.714664369012
1509892407080,INFO,AGENT_EVENT,001000000000000000000001100000001000011000000000000001010000,0.21767956313509762,4302.34613481044
1509892407081,INFO,EXPLORE_EVENT,001000000000000000000001100000001000011000000000100001010000,0.21767956313509762,4302.34613481044
1509892410008,INFO,AGENT_EVENT,001000000000000000000001100000001000011000000100100001010000,0.18770869679952704,4875.115366964275
1509892412985,INFO,AGENT_EVENT,001000000100000000000001100000001000011000000000100001010000,0.21165314604970004,4981.288287762887
1509892415820,INFO,AGENT_EVENT,001000000000000000000101100000001000011000000000100001010000,0.20323013725106387,4994.70113920015
1509892418797,INFO,AGENT_EVENT,001000000000000000000001100000001000011000000100100001010000,0.18770869679952704,4875.115366964275
1509892422107,INFO,AGENT_EVENT,001000000000000000000001100000001000011001000000100001010000,0.21003768636695058,4713.884648725548
1509892425210,INFO,AGENT_EVENT,001000000000000000000001100000001000011000001000100001010000,0.20834449812330136,5323.431295017467
1509892431462,INFO,EXPLORE_EVENT,001000000000000000000011100000001000011000000000100001010000,0.21509397320938878,5276.0128061941805
1509892432296,INFO,AGENT_EVENT,001000000000000000000011100000001000011000000000100001010010,0.18581616221494923,6999.724753916711
1509892439532,INFO,EXPLORE_EVENT,001000000000000000000001100000001000011000000000100001010000,0.21767956313509762,4302.34613481044
1509892442017,INFO,EXPLORE_EVENT,001000000000000000000001100000001000011000000000100001010010,0.18327288700922784,6026.058082532971
1509892448586,INFO,EXPLORE_EVENT,001000000000000000000001100000001000011000000000100001010000,0.21767956313509762,4302.34613481044
1509892449237,INFO,EXPLORE_EVENT,001000000010000000000001100000001000011000000000100001010000,0.21584692750830453,5266.621235683775
1509892449895,INFO,AGENT_EVENT,001000000010000000000001100000001001011000000000100001010000,0.2202760087817182,6750.722709671862
1509892459865,INFO,EXPLORE_EVENT,001000000000000000000001100000001000011000000000100001010000,0.21767956313509762,4302.34613481044
1509892460183,INFO,EXPLORE_EVENT,001000000000000000000011100000001000011000000000100001010000,0.21509397320938878,5276.0128061941805
1509892461251,INFO,AGENT_EVENT,001000000000000000000011100000001010011000000000100001010000,0.23001027302015847,6844.425262621933
1509892470685,INFO,EXPLORE_EVENT,001000000000000000000001100000001000011000000000100001010000,0.21767956313509762,4302.34613481044
1509892471303,INFO,EXPLORE_EVENT,001000000000000000000001100000001010011000000000100001010000,0.23060485222765775,5969.134554741298
1509892471825,INFO,AGENT_EVENT,001000000000000000000001100000001010011000100000100001010000,0.23116234519675127,6231.241809988567
1509892475609,INFO,AGENT_EVENT,001000100000000000000001100000001010011000000000100001010000,0.2355183083631194,6267.181644212673
1509892484655,INFO,EXPLORE_EVENT,001000000000000000000001100000001000011000000000100001010000,0.21767956313509762,4302.34613481044
1509892484905,INFO,EXPLORE_EVENT,001000000000000000000001100000001000011000000010100001010000,0.20822748637139127,5196.799832202886
1509892485672,INFO,AGENT_EVENT,001001000000000000000001100000001000011000000010100001010000,0.20952143349531543,5680.318192357184
1509892494647,INFO,EXPLORE_EVENT,001000000000000000000001100000001000011000000000100001010000,0.21767956313509762,4302.34613481044
1509892495190,INFO,EXPLORE_EVENT,001000000000000000000001100000001000011000000000100001010010,0.18327288700922784,6026.058082532971
1509892495774,INFO,AGENT_EVENT,001000000000000000000001100000001000011100000000100001010010,0.1723313199079218,6256.825911896029
1509892501450,INFO,EXPLORE_EVENT,001000000000000000000001100000001000011000000000100001010000,0.21767956313509762,4302.34613481044
1509892501762,INFO,AGENT_EVENT,001000000000000000000001100000001000011000001000100001010000,0.20834449812330136,5323.431295017467
1509892507377,INFO,EXPLORE_EVENT,001000000000000000000001100000001000011000000000100001010000,0.21767956313509762,4302.34613481044
1509892507796,INFO,AGENT_EVENT,001000000000000000000001100000001000111000000000100001010000,0.21700695947004178,4786.473468873858
1509892510998,INFO,AGENT_EVENT,001000000000010000000001100000001000011000000000100001010000,0.21739737125306402,4422.1536113173
1509892514321,INFO,AGENT_EVENT,001000000000000000000001100000001000111000000000100001010000,0.21700695947004178,4786.473468873858
1509892522611,INFO,EXPLORE_EVENT,001000000000000000000001100000001000011000000000100001010000,0.21767956313509762,4302.34613481044
1509892523885,INFO,EXPLORE_EVENT,001000000000000000000001100000001001011000000000100001010000,0.2221086444085113,5786.447608798528
1509892524143,INFO,AGENT_EVENT,001000000000000000000001100100001001011000000000100001010000,0.2221086444085113,6009.227299416832
1509892532910,INFO,EXPLORE_EVENT,001000000000000000000001100000001000011000000000100001010000,0.21767956313509762,4302.34613481044
1509892533092,INFO,EXPLORE_EVENT,001000000000000000000001100000001000011000000001100001010000,0.19262463744070235,4999.903535631007
1509892542759,INFO,EXPLORE_EVENT,001000000000000000000001100000001000011000000000100001010000,0.21767956313509762,4302.34613481044
1509892544228,INFO,EXPLORE_EVENT,001000000001000000000001100000001000011000000000100001010000,0.2131893214542144,5139.049654899753
1509892544970,INFO,AGENT_EVENT,001000000001000000000001100000001000011000000000110001010000,0.2155273214542144,5206.236305244569
1509892553384,INFO,EXPLORE_EVENT,001000000000000000000001100000001000011000000000100001010000,0.21767956313509762,4302.34613481044
1509892554469,INFO,EXPLORE_EVENT,001000000000000000000001100000001000011000000000100001010001,0.16678612581566044,5878.063058492755
1509892555177,INFO,AGENT_EVENT,001000000000000000000001100000001000011000000100100001010001,0.13681525948008982,6450.832290646589
1509892561691,INFO,AGENT_EVENT,001000000000000000000001100010001000011000000000100001010000,0.21767956313509762,4410.784346522899
1509892561720,INFO,EXPLORE_EVENT,001000000000000000000001100000001000011000000000100001010000,0.21767956313509762,4302.34613481044
1509892564922,INFO,AGENT_EVENT,001000000000000000000001100000001000011000000010100001010000,0.20822748637139127,5196.799832202886
1509892567996,INFO,AGENT_EVENT,001000000000000000000001100000001000011010000000100001010000,0.21779882813518392,4481.2083503401045
1509892571056,INFO,AGENT_EVENT,001000000000000000000001100000001000011000000000100001110000,0.2139551033125317,5325.550580908402
1509892574303,INFO,AGENT_EVENT,001000000000000000000001100000001000011000000001100001010000,0.19262463744070235,4999.903535631007
1509892580038,INFO,EXPLORE_EVENT,001100000000000000000001100000001000011000000000100001010000,0.22915460341592941,4558.630996461493
1509892580752,INFO,AGENT_EVENT,001100000000000000000001100000001000011000000000110001010000,0.23149260341592942,4625.817646806309
1509892591142,INFO,EXPLORE_EVENT,001000000000000000000001100000001000011000000000100001010000,0.21767956313509762,4302.34613481044
1509892591226,INFO,EXPLORE_EVENT,001000000000000100000001100000001000011000000000100001010000,0.20609855488962314,4563.0390141059315
1509892600128,INFO,EXPLORE_EVENT,001000000000000000000001100000001000011000000000100001010000,0.21767956313509762,4302.34613481044
1509892600744,INFO,EXPLORE_EVENT,001000000000000000000001100100001000011000000000100001010000,0.21716724679759764,5309.373919627187
1509892605881,INFO,EXPLORE_EVENT,001000000000000000000001100000001000011000000000100001010000,0.21767956313509762,4302.34613481044
1509892606779,INFO,EXPLORE_EVENT,001000000000000000000001100000001000011100000000100001010000,0.20575386920879163,4533.113964173498
1509892606982,INFO,AGENT_EVENT,001000000100000000000001100000001000011100000000100001010000,0.19057569417018833,5212.056117125945
1509892616729,INFO,EXPLORE_EVENT,001000000000000000000001100000001000011000000000100001010000,0.21767956313509762,4302.34613481044
1509892617434,INFO,EXPLORE_EVENT,001000000000000000000001100000001000011000000000100101010000,0.17934554166241523,5276.917721749659
1509892618624,INFO,AGENT_EVENT,001000000000000000000001100000001000011000000010100101010000,0.16989346489870888,6171.371419142106
1509892624644,INFO,EXPLORE_EVENT,001000000000000000000001100000001000011000000000100001010000,0.21767956313509762,4302.34613481044
1509892625104,INFO,AGENT_EVENT,001000000000000000000001100000001000011100000000100001010000,0.20575386920879163,4533.113964173498
1509892627596,INFO,AGENT_EVENT,001000000000000000000001100000001000001000000000100001010000,0.2007630560234019,4183.314656068347
1509892630741,INFO,AGENT_EVENT,001000000000000000000001100000001000011010000000100001010000,0.21779882813518392,4481.2083503401045
1509892634208,INFO,AGENT_EVENT,001000000000000000000001100000001000011000000001100001010000,0.19262463744070235,4999.903535631007
1509892640980,INFO,EXPLORE_EVENT,001000000000000000000001100000001000001000000000100001010000,0.2007630560234019,4183.314656068347
1509892641989,INFO,EXPLORE_EVENT,001000000000000000000001100000001000011000000000100001010000,0.21767956313509762,4302.34613481044
1509892643026,INFO,AGENT_EVENT,001000000100000000000001100000001000011000000000100001010000,0.21165314604970004,4981.288287762887
1509892650768,INFO,EXPLORE_EVENT,001000000000000000000001100000001000011000000000110001010000,0.22001756313509763,4369.532785155257
1509892650873,INFO,AGENT_EVENT,001000000000000000000001100000001000011000000000110001010100,0.1544400127542299,5854.844526012942
1509892661147,INFO,AGENT_EVENT,001000000000000000000001100000001000001000000000100001010000,0.2007630560234019,4183.314656068347
1509892661742,INFO,EXPLORE_EVENT,001000000000000000000001100000001000011000000000100001010000,0.21767956313509762,4302.34613481044
1509892661862,INFO,EXPLORE_EVENT,001000000000000000000001100000001000011000000000100001010000,0.21767956313509762,4302.34613481044
1509892664614,INFO,AGENT_EVENT,001000000000000000000011100000001000011000000000100001010000,0.21509397320938878,5276.0128061941805
1509892673942,INFO,EXPLORE_EVENT,001000000000000000000001110000001000001000000000100001010000,0.2007630560234019,4242.130047449043
1509892674273,INFO,EXPLORE_EVENT,001000000000000000000001100000001000011000000000100001010000,0.21767956313509762,4302.34613481044
1509892675631,INFO,EXPLORE_EVENT,001000000000000000000001110000001000011000000000100001010000,0.21767956313509762,4361.1615261911365
1509892682745,INFO,EXPLORE_EVENT,001000000000000000000001100000001000011000000000100001010000,0.21767956313509762,4302.34613481044
1509892683275,INFO,EXPLORE_EVENT,001000000000010000000001100000001000011000000000100001010000,0.21739737125306402,4422.1536113173
1509892688977,INFO,EXPLORE_EVENT,001000000000000000000001100000001000011000000000100001010000,0.21767956313509762,4302.34613481044
1509892690578,INFO,EXPLORE_EVENT,011000000000000000000001100000001000011000000000100001010000,0.21740675773718515,4431.221648172096
1509892691895,INFO,EXPLORE_EVENT,001000000000000000000001100000001000011000000000100001010000,0.21767956313509762,4302.34613481044
1509892692721,INFO,AGENT_EVENT,001000000000000001000001100000001000011000000000100001010000,0.218680817463264,4797.640672111813
1509892698558,INFO,EXPLORE_EVENT,001000000000000000000001100000001000011000000000100011010000,0.20697352555611076,5361.723231391541
1509892699045,INFO,AGENT_EVENT,001000000000100000000001100000001000011000000000100011010000,0.20660842441344135,5997.732134829244
1509892700804,INFO,CLICK_EVENT,001100000000000000000001100000001000011000000000110001010000,0.23149260341592942,4625.817646806309
1509892702617,INFO,CLICK_EVENT,001100000000000000000001100000001000011000000000110001010000,0.23149260341592942,4625.817646806309
1509892702853,INFO,AGENT_EVENT,001000000000000000000001100000001000011000000000100011011000,0.1855628582844422,6448.810479565731
1509892711328,INFO,EXPLORE_EVENT,001100000000000000000001100000001000011000000000100011010000,0.21844856583694255,5618.008093042594
1509892712105,INFO,AGENT_EVENT,001100000000000000000001100000001000011000000000100011010010,0.18750458375841014,6688.59515262821
1509892717470,INFO,AGENT_EVENT,001100000000000000000000100000001000011000000000100001010000,0.21145443412493733,3556.3031041037148
1509892717822,INFO,EXPLORE_EVENT,001100000000000000000001100000001000011000000000100001010000,0.22915460341592941,4558.630996461493
1509892721890,INFO,AGENT_EVENT,001100000000000000000001100000001000011100000000100001010000,0.19527157255445482,4789.398825824551
1509892722192,INFO,CLICK_EVENT,001100000000000000000001100000001000011000000000110001010000,0.23149260341592942,4625.817646806309
1509892723385,INFO,CLICK_EVENT,001100000000000000000001100000001000011000000000110001010000,0.23149260341592942,4625.817646806309
1509892723626,INFO,CLICK_EVENT,001100000000000000000001100000001000011000000000110001010000,0.23149260341592942,4625.817646806309
1509892723893,INFO,CLICK_EVENT,001100000000000000000001100000001000011000000000110001010000,0.23149260341592942,4625.817646806309
1509892725117,INFO,CLICK_EVENT,001100000000000000000001100000001000011000000000110001010000,0.23149260341592942,4625.817646806309
1509892725363,INFO,CLICK_EVENT,001100000000000000000001100000001000011000000000110001010000,0.23149260341592942,4625.817646806309
1509892725910,INFO,AGENT_EVENT,001100000000000000000001100000001000011000000000100001110000,0.22543014359336344,5581.835442559453
1509892729552,INFO,AGENT_EVENT,001101000000000000000001100000001000011000000000100001010000,0.2319491680279542,5030.526144254803
1509892738881,INFO,EXPLORE_EVENT,001100000000000000000001100000001000011000000000110001010000,0.23149260341592942,4625.817646806309
1509892739755,INFO,AGENT_EVENT,001100000000000000000001100000001000011000000000111001010000,0.17889212482950537,5886.035007247761
1509892743641,INFO,AGENT_EVENT,001100000000000000000001000000001000011000000000110001010000,0.23149260341592942,4326.450237631852
1509892747728,INFO,AGENT_EVENT,001100000000000000100001100000001000011000000000110001010000,0.22725365938695938,4930.603368759625
1509892757532,INFO,EXPLORE_EVENT,001100000000000000000001100000001000011000010000110001010000,0.21664883941062227,4903.337866749535
1509892757648,INFO,AGENT_EVENT,001100000000000000000011100000001000011000010000110001010000,0.2112745501921672,5877.004538133275
1509892771012,INFO,EXPLORE_EVENT,001100000000000000000001100000011000011000000000110001000000,0.21079589892223993,4583.394407844342
1509892771198,INFO,EXPLORE_EVENT,001100000000000000000001100000001000011000000000110001010000,0.23149260341592942,4625.817646806309
1509892782798,INFO,EXPLORE_EVENT,001100000000000000000001100000001000011000000000110001010000,0.23149260341592942,4625.817646806309
1509892782845,INFO,AGENT_EVENT,001100000000000000010001100000001000011000000000110001000000,0.20557441819781325,4756.859992601022
1509892782978,INFO,EXPLORE_EVENT,001100000000000000010001100000001000011000000000110001010000,0.22627112269150276,4950.801655414393
1509892793765,INFO,EXPLORE_EVENT,001100000000000000000001100000001000011000000000110001010000,0.23149260341592942,4625.817646806309
1509892794535,INFO,EXPLORE_EVENT,001100010000000000000001100000001000011000000000110001010000,0.23143705361037686,4936.167151667747
1509892794658,INFO,AGENT_EVENT,001100010000000000000001100000101000011000000000110001010000,0.23143705361037686,5078.61562547506
1509892803644,INFO,EXPLORE_EVENT,001100000000000000000001100000001000011000000000110001010000,0.23149260341592942,4625.817646806309
1509892803889,INFO,AGENT_EVENT,101100000000000000000001100000001000011000000000110001010000,0.23134198754836607,5234.284271730972
1509892809091,INFO,AGENT_EVENT,001100000000000000000001100000001001011000000000110001010000,0.23502567146835834,6109.919120794397
1509892814005,INFO,AGENT_EVENT,001100000010000000000001100000001000011000000000110001010000,0.23192036080205503,5580.129581674531
1509892818148,INFO,AGENT_EVENT,001100000000000000000001100000001000011000000000010001010000,0.22029853091592944,4310.857102854295
1509892826303,INFO,EXPLORE_EVENT,001100000000000100000001100000001000011000000000110001010000,0.21979359957842828,4886.5105261018
1509892826767,INFO,AGENT_EVENT,001100000000000100000001100000001000011000010000110001010000,0.20494983557312113,5164.030746045026
1509892836218,INFO,CLICK_EVENT,001100000000000000000001000000001000011000000000110001010000,0.23149260341592942,4326.450237631852
1509892837827,INFO,CLICK_EVENT,001100000000000000000001000000001000011000000000110001010000,0.23149260341592942,4326.450237631852
1509892838065,INFO,CLICK_EVENT,001100000000000000000001000000001000011000000000110001010000,0.23149260341592942,4326.450237631852
1509892838553,INFO,EXPLORE_EVENT,001100000000000000000001100000001000011000000000110001010000,0.23149260341592942,4625.817646806309
1509892839317,INFO,EXPLORE_EVENT,001100000000000000000001100100001000011000000000110001010000,0.23098028707842944,5632.845431623056
1509892840345,INFO,AGENT_EVENT,001100000000000000000011100100001000011000000000110001010000,0.22760407353497436,6606.512103006795
1509892849653,INFO,EXPLORE_EVENT,001100000000000000000001100000001000011000000000110001010000,0.23149260341592942,4625.817646806309
1509892851313,INFO,CLICK_EVENT,001100000000000000000001000000001000011000000000110001010000,0.23149260341592942,4326.450237631852
1509892851683,INFO,CLICK_EVENT,001100000000000000000001000000001000011000000000110001010000,0.23149260341592942,4326.450237631852
1509892851956,INFO,EXPLORE_EVENT,001100000000000000000001000000001000011000000000110001010000,0.23149260341592942,4326.450237631852
1509892852330,INFO,AGENT_EVENT,001100000000000000000001000001001000011000000000110001010000,0.23794193466592944,4574.547402121619
1509892856843,INFO,AGENT_EVENT,001100000000000000000001000000001000011000000010110001010000,0.22153668416711142,5220.903935024298
1509892860888,INFO,AGENT_EVENT,001100000000000000000001000000001000011000000010110001010000,0.22153668416711142,5220.903935024298
1509892862668,INFO,CLICK_EVENT,001100000000000000000001000001001000011000000000110001010000,0.23794193466592944,4574.547402121619
1509892862898,INFO,CLICK_EVENT,001100000000000000000001000001001000011000000000110001010000,0.23794193466592944,4574.547402121619
1509892865408,INFO,AGENT_EVENT,001100000000000000000001001000001000011000000000110001010000,0.23098028707842944,5332.296407210142
1509892876767,INFO,EXPLORE_EVENT,001100000000000000000001000001001000011000000000110000010000,0.22836653276520114,4308.739198726639
1509892877244,INFO,EXPLORE_EVENT,001100000000000000000001000001001000011000000000110001010000,0.23794193466592944,4574.547402121619
1509892878185,INFO,AGENT_EVENT,001100000000000000000001000001001000011000000000110001010001,0.2011623507663196,6206.906225362858
1509892881680,INFO,AGENT_EVENT,001100000000000000000001000001001000011000000000100001010000,0.23560393466592944,4507.360751776801
1509892885917,INFO,AGENT_EVENT,001100000000000000000001000001001000011000100000110001010000,0.23544706747991662,4836.6546573688875
1509892890013,INFO,AGENT_EVENT,001100000000001000000001000001001000011000000000110001010000,0.2277684689964013,5067.431815150692
1509892894262,INFO,AGENT_EVENT,001100000000000000000001000001001000011010000000110001010000,0.23700592026444467,4753.409617651283
1509892897729,INFO,AGENT_EVENT,001100000000000000000001000001001000001000000000110001010000,0.22814929428513253,4455.515923379525
1509892901284,INFO,AGENT_EVENT,001100000000000000000001000001001000001000000000110001010000,0.22814929428513253,4455.515923379525
1509892914211,INFO,EXPLORE_EVENT,001100000000000000000001000001001000011000000000010001010000,0.21044061157829624,4222.843839581315
1509892914953,INFO,EXPLORE_EVENT,001100000000000000000001000001001000011000000000000001010000,0.20810261157829624,4142.986262747084
1509892918696,INFO,EXPLORE_EVENT,001100000000000000000001000001001000000000000000000001010000,0.14061206262130319,3382.797618184548
1509892919228,INFO,EXPLORE_EVENT,001100000000000000000001000001001000001000000000000001010000,0.19131684619749934,4023.95478400499
1509892919920,INFO,EXPLORE_EVENT,000000000000000000000001000001001000000000000000000001010000,0.1169002353652024,2457.301392034865
1509892919947,INFO,EXPLORE_EVENT,000100000000000000000001000001001000000000000000000001010000,0.14811928194741908,2905.709755400455
1509892922098,INFO,EXPLORE_EVENT,000000000000000000000000000001001000000000000000000001010000,0.09280677625000001,1454.9734996770867
1509892922128,INFO,EXPLORE_EVENT,000000000000000000000000000000001000000000000000000001010000,0.08862392625000001,1206.8763351873208
1509892922472,INFO,EXPLORE_EVENT,000000000000000000000000000000001000000000000000000000010000,0.026211401250000002,937.690588278406
1509892923405,INFO,EXPLORE_EVENT,000000000000000000000000000000001000000000000000000000000000,0.0022939537500000005,668.9855772181842
1509892923980,INFO,EXPLORE_EVENT,000000000000000000000000000000000000000000000000000000000000,0.0,0.0
1509892930369,INFO,CLICK_EVENT,000000000000000000000000000000000000000000000000000000000000,0,0
1509892935009,INFO,CLEAR_SCREEN,000000000000000000000000000000000000000000000000000000000000,N/A,N/A
1509892952119,INFO,EXPLORE_EVENT,000000000000000000000000000000000000000000000000100000000000,0.0314321988375,431.63363893128997
1509892956475,INFO,EXPLORE_EVENT,000000000000000000000000000000000000000000000000110001010000,0.1347213344625,969.4518973436714
1509892959150,INFO,EXPLORE_EVENT,000000000000000000000000001100000000000000000000110001010000,0.1347213344625,1853.0151133257646
1509892966442,INFO,EXPLORE_EVENT,000000000100000000000000001100000000000000000000110001010000,0.13675423329558792,2718.8647881967495
1509892972750,INFO,EXPLORE_EVENT,000000000000000000000100001100000000000000000000110001010000,0.1347213344625,2713.781120004345
1509892979531,INFO,EXPLORE_EVENT,000000000000000000000100001000000000000000000000110001010000,0.1347213344625,2471.312069720032
1509892997678,INFO,EXPLORE_EVENT,000000101000000000000100001000000000000000000000110001010000,0.158475791875,3334.364071758063
1509893017182,INFO,EXPLORE_EVENT,000000101000000000000100001000000000000000000000000001010000,0.11133822625000002,2902.802932383528
1509893019278,INFO,EXPLORE_EVENT,000000101000000000000100000000000000000000000000000001010000,0.11133822625000002,2261.708766685748
1509893021555,INFO,EXPLORE_EVENT,000000000000000000000000000000000000000000000000000001010000,0.08785927500000001,537.8907579691365
1509893024826,INFO,EXPLORE_EVENT,000000000000000000000000000000000000000000000000000000000000,0.0,0.0
1509893028943,INFO,CLEAR_SCREEN,000000000000000000000000000000000000000000000000000000000000,N/A,N/A
1509893031150,INFO,CLICK_EVENT,000000000000000000000000000000000000000000000000000000000000,0,0
1509893433545,INFO,TREATMENT_1,000000000000000000000000000000000000000000000000000000000000,N/A,N/A
1509893452459,INFO,EXPLORE_EVENT,000000000000000000000000100000000000000000000000000000000000,0.0,258.5627292295798
1509893459036,INFO,EXPLORE_EVENT,000000000000000000000000000000000000100000000000000000000000,0.0,250.8605824203334
1509893467545,INFO,EXPLORE_EVENT,000000000000000000000000000000000000000000000000100000000000,0.0144620975,250.88035225693346
1509893478701,INFO,EXPLORE_EVENT,000000000000000000000000000000000000000000000000110000000000,0.05215720135,411.53819191200853
1509893489057,INFO,EXPLORE_EVENT,000000000000000000000000000000000000000000000000111000000000,0.03964326181548245,1798.9517204896574
1509893492329,INFO,EXPLORE_EVENT,000000000000000000000000000000000000001000000000110000000000,0.052921852600000006,1080.5237691301927
1509893498463,INFO,EXPLORE_EVENT,000000000000000000000000001000000000000000000000110000000000,0.052921852600000006,1089.558483106708
1509893503179,INFO,EXPLORE_EVENT,000000000000001000000000000000000000000000000000110000000000,0.052921852600000006,1094.9079475405288
1509893508623,INFO,EXPLORE_EVENT,001000000000000000000000000000000000000000000000110000000000,0.052921852600000006,1094.9079475405288
1509893516799,INFO,EXPLORE_EVENT,000000000000000000000000000000000000000000000000110000000000,0.05215720135,411.53819191200853
1509893520255,INFO,CLICK_EVENT,000000000000000000000000000000000000000000000000110000000000,0.05215720135,411.53819191200853
1509893524390,INFO,EXPLORE_EVENT,000000000000000000000000000000000000000000000000010000000000,0.02944290135,258.7511670871233
1509893526010,INFO,EXPLORE_EVENT,000000000000000000000000000000000000000000000000110000000000,0.05215720135,411.53819191200853
1509893533307,INFO,EXPLORE_EVENT,000000000000000000000000000000000000000100000000110000000000,0.05215720135,1205.6389331278697
1509893536680,INFO,EXPLORE_EVENT,000000000000000000000000000100000000000000000000110000000000,0.05215720135,1272.3041985905893
1509893540033,INFO,EXPLORE_EVENT,000000000000000100000000000000000000000000000000110000000000,0.054190100183087925,1277.3878667829936
1509893543354,INFO,EXPLORE_EVENT,000100000000000000000000000000000000000000000000110000000000,0.05584315087512044,1277.3878667829936
1509893547631,INFO,EXPLORE_EVENT,000000000000000000000000000000000000000000000000110100000000,0.01126515928620257,1350.0364352306813
1509893550369,INFO,EXPLORE_EVENT,000000000000000000000000000000000000000000000000110000000000,0.05215720135,411.53819191200853
1509893554885,INFO,EXPLORE_EVENT,000000000000000000000000000000000000000000000000110010000000,0.04025482027596018,1672.4028774989638
1509893558306,INFO,EXPLORE_EVENT,000000000000000000000000000000000000000010000000110000000000,0.06511473135000001,1009.6036468338275
1509893563381,INFO,EXPLORE_EVENT,000000000000000000000000000010000000000000000000110000000000,0.054125455,1035.7182674299202
1509893566271,INFO,EXPLORE_EVENT,000000000000000010000000000000000000000000000000110000000000,0.054125455,1041.5431802812868
1509893569593,INFO,EXPLORE_EVENT,000010000000000000000000000000000000000000000000110000000000,0.054125455,1041.5431802812868
1509893578128,INFO,EXPLORE_EVENT,000000000000000000000000000000000000000000000000110000000000,0.05215720135,411.53819191200853
1509893584522,INFO,EXPLORE_EVENT,000000000000000000000000000000000000000001000000110000000000,0.08664753179518607,1429.5706177003324
1509893589320,INFO,EXPLORE_EVENT,000000000000000000000000000001000000000000000000110000000000,0.08641434136604682,1413.8660842697868
1509893592896,INFO,EXPLORE_EVENT,000000000000000001000000000000000000000000000000110000000000,0.08290885576677513,1420.8427385940254
1509893596491,INFO,EXPLORE_EVENT,000001000000000000000000000000000000000000000000110000000000,0.09509957434334684,1420.8427385940254
1509893605871,INFO,EXPLORE_EVENT,000001000000000000000000000000000000000000000000110000100000,0.11019255880913723,1731.9798589503494
1509893609646,INFO,EXPLORE_EVENT,000001000000000000000000000000000000000000100000110000000000,0.10721035630913722,1833.4589623285851
1509893613377,INFO,EXPLORE_EVENT,000001000000000000000000000000100000000000000000110000000000,0.10721035630913722,1848.580759473362
1509893617161,INFO,EXPLORE_EVENT,000001000000000000100000000000000000000000000000110000000000,0.10721035630913722,1852.3990987279562
1509893620853,INFO,EXPLORE_EVENT,000001100000000000000000000000000000000000000000110000000000,0.10154499866841775,2066.7586404438075
1509893623953,INFO,EXPLORE_EVENT,000001000000000000000000000000000000000000000000110000000000,0.09509957434334684,1420.8427385940254
1509893629943,INFO,EXPLORE_EVENT,000001000000000000000000000000000000000000000000110000010000,0.12607494309334685,1489.0152707314005
1509893636891,INFO,CLICK_EVENT,000001000000000000000000000000000000000000000000110000010000,0.12607494309334685,1489.0152707314005
1509893643817,INFO,EXPLORE_EVENT,000001000000000000000000000000000000000000000000110000010000,0.12607494309334685,1489.0152707314005
1509893655495,INFO,EXPLORE_EVENT,000001000000000000000000000000000000000000000000110000011000,0.09713769166090636,2325.9783775120227
1509893658836,INFO,EXPLORE_EVENT,000001000000000000000000000000000000000000001000110000010000,0.12607494309334685,2130.1094364291803
1509893662746,INFO,EXPLORE_EVENT,000001000000000000000000000000001000000000000000110000010000,0.12607494309334685,2155.885646976456
1509893666716,INFO,EXPLORE_EVENT,000001000000000000001000000000000000000000000000110000010000,0.13305473899813275,2158.2266352300317
1509893671004,INFO,EXPLORE_EVENT,000001001000000000000000000000000000000000000000110000010000,0.11398386600792249,1985.6256086373273
1509893674478,INFO,EXPLORE_EVENT,000001000000000000000000000000000000000000000000110000010000,0.12607494309334685,1489.0152707314005
1509893677538,INFO,EXPLORE_EVENT,000001000000000000000000000000000000000000000000110000010100,0.08910425019937039,2123.6874793370453
1509893681051,INFO,EXPLORE_EVENT,000001000000000000000000000000000000000000000100110000010000,0.12607494309334685,1928.9883161984278
1509893685944,INFO,EXPLORE_EVENT,000001000000000000000000000000000100000000000000110000010000,0.12607494309334685,1936.6906889409534
1509893690208,INFO,EXPLORE_EVENT,000001000000000000000100000000000000000000000000110000010000,0.1550275084255635,1937.4236340969906
1509893693539,INFO,CLICK_EVENT,000001000000000000000100000000000000000000000000110000010000,0.1550275084255635,1937.4236340969906
1509893693773,INFO,CLICK_EVENT,000001000000000000000100000000000000000000000000110000010000,0.1550275084255635,1937.4236340969906
1509893703975,INFO,EXPLORE_EVENT,000001000000000000000100000000000000000000000000110000010000,0.1550275084255635,1937.4236340969906
1509893709583,INFO,EXPLORE_EVENT,000001000000000000000100000000000000000000000000110000010001,0.16959115067018657,2806.5544142259323
1509893713978,INFO,EXPLORE_EVENT,000001000000000000000100000000000000000000000001110000010000,0.20192003691464805,2308.6371772216144
1509893717569,INFO,CLICK_EVENT,000001000000000000000100000000000000000000000001110000010000,0.20192003691464805,2308.6371772216144
1509893717796,INFO,CLICK_EVENT,000001000000000000000100000000000000000000000001110000010000,0.20192003691464805,2308.6371772216144
1509893728661,INFO,EXPLORE_EVENT,000001000000000000000100000000000000000000000001110000010010,0.20080856954595386,2894.607550548595
1509893732865,INFO,EXPLORE_EVENT,000001000000000000000100000000000000000000000011110000010000,0.20192003691464805,2414.9221625571386
1509893737216,INFO,EXPLORE_EVENT,000001000000000000000100000000000010000000000001110000010000,0.20192003691464805,2558.9204553965274
1509893741523,INFO,EXPLORE_EVENT,000001000000000000000110000000000000000000000001110000010000,0.19972505019596515,2581.86721309752
1509893746918,INFO,EXPLORE_EVENT,000001000010000000000100000000000000000000000001110000010000,0.19804242183439244,2626.834146686787
1509893750432,INFO,EXPLORE_EVENT,000001000000000000000100000000000000000000000001110000010000,0.20192003691464805,2308.6371772216144
1509893756026,INFO,EXPLORE_EVENT,000001000000000000000100000000000000000000000001110000010001,0.18966117886656006,3177.7679573505566
1509893759984,INFO,EXPLORE_EVENT,000001000000000000000100000000000000000000000001110000010000,0.20192003691464805,2308.6371772216144
1509893764256,INFO,EXPLORE_EVENT,000001000000000000000100000000000001000000000001110000010000,0.20694570183333355,2643.221100324604
1509893768992,INFO,EXPLORE_EVENT,000001000000000000000101000000000000000000000001110000010000,0.20005386079981707,2751.3529652937527
1509893773777,INFO,EXPLORE_EVENT,000001000001000000000100000000000000000000000001110000010000,0.19854741744433146,2780.15381834866
1509893777191,INFO,EXPLORE_EVENT,000001000000000000000100000000000000000000000001110000010000,0.20192003691464805,2308.6371772216144
1509893780629,INFO,EXPLORE_EVENT,000001000000000000000100000000000000000000000001110000010100,0.15450398456779135,2943.3093858272596
1509893784908,INFO,EXPLORE_EVENT,000001000000000000000100000000000000000000000101110000010000,0.17166369429600603,2851.793968591087
1509893789130,INFO,EXPLORE_EVENT,000001000000000000000100000000000100000000000001110000010000,0.20192003691464805,2756.312595431167
1509893794142,INFO,EXPLORE_EVENT,000001000000000000000100000000000000000000000001110000010000,0.20192003691464805,2308.6371772216144
1509893800679,INFO,EXPLORE_EVENT,000001000100000000000100000000000000000000000001110000010000,0.19059452566733898,2570.6514803223517
1509893803301,INFO,EXPLORE_EVENT,000001000000000000000100000000000000000000000001110000010000,0.20192003691464805,2308.6371772216144
1509893807625,INFO,EXPLORE_EVENT,000001000000000100000100000000000000000000000001110000010000,0.18557446166394279,2974.320386907191
1509893812297,INFO,EXPLORE_EVENT,000101000000000000000100000000000000000000000001110000010000,0.18762544631751712,3008.3591152558756
1509893819756,INFO,EXPLORE_EVENT,000001000000000000000100000000000000000000000001110000010000,0.20192003691464805,2308.6371772216144
1509893830182,INFO,EXPLORE_EVENT,000001000000000000000100000000000000000000000001110000010000,0.20192003691464805,2308.6371772216144
1509893836119,INFO,EXPLORE_EVENT,000001000000000000000100000000000000100000000001110000010000,0.20192003691464805,2450.0993943458884
1509893840533,INFO,EXPLORE_EVENT,000001000000000000000100100000000000000000000001110000010000,0.20192003691464805,2567.142549717696
1509893844896,INFO,EXPLORE_EVENT,000001000000100000000100000000000000000000000001110000010000,0.19790080509211838,2607.833317282807
1509893849726,INFO,EXPLORE_EVENT,100001000000000000000100000000000000000000000001110000010000,0.19636478356486764,2615.7508709932454
1509893853921,INFO,EXPLORE_EVENT,000001000000000000000100000000000000000000000001110000010000,0.20192003691464805,2308.6371772216144
1509893855162,INFO,CLICK_EVENT,000001000000000000000100000000000001000000000001110000010000,0.20694570183333355,2643.221100324604
1509893856536,INFO,CLICK_EVENT,000001000000000000000100000000000001000000000001110000010000,0.20694570183333355,2643.221100324604
1509893875038,INFO,EXPLORE_EVENT,000001000000000000000100001110000000000000000001110000010000,0.20447976562126347,5226.775664777614
1509893880281,INFO,EXPLORE_EVENT,000001000000000000000100000100000000000000000001110000010000,0.20192003691464805,3169.4031839001955
1509893884787,INFO,EXPLORE_EVENT,000001000000000000000100001010000000000000000001110000010000,0.20752272411188938,4522.56230132826
1509893889683,INFO,EXPLORE_EVENT,000001000000000000000100000010000000000000000001110000010000,0.20388829056464802,2932.8172527395263
1509893891735,INFO,EXPLORE_EVENT,000001000000000000000100000000000000000000000001110000010000,0.20192003691464805,2308.6371772216144
1509893896214,INFO,EXPLORE_EVENT,000001000000000000000100000000000000001110000001110000010000,0.16603146860242016,5125.81261237983
1509893901635,INFO,EXPLORE_EVENT,000001000000000000000100000000000000000000000001111010010000,0.16645233738309012,4608.068926216652
1509893907842,INFO,EXPLORE_EVENT,000001000000001110000100000000000000000000000001110000010000,0.1871884428090393,5075.38703552114
1509893915837,INFO,EXPLORE_EVENT,001111000000000000000100000000000000000000000001110000010000,0.1894755419874292,5147.547491814273
1509893920167,INFO,EXPLORE_EVENT,000001000000000000000100000000000000000000000001110000010000,0.20192003691464805,2308.6371772216144
1509893947453,INFO,EXPLORE_EVENT,000001000000000000000100110000010000000000000001110000010000,0.20192003691464805,2814.0634950896224
1509893952669,INFO,EXPLORE_EVENT,000001000000000000000100000000000000000000000001110000010000,0.20192003691464805,2308.6371772216144
1509893961131,INFO,EXPLORE_EVENT,000001000000000000000100001010001000000000000001110000010000,0.20547803575901097,5009.20768376253
1509893965745,INFO,EXPLORE_EVENT,000001000000000000000100000000000000000000000001110000010000,0.20192003691464805,2308.6371772216144
1509893976979,INFO,EXPLORE_EVENT,000001000000000000000100100000000000000000000001110000010000,0.20192003691464805,2567.142549717696
1509893982324,INFO,EXPLORE_EVENT,000001000000000000000100010000000000000000000001110000010000,0.20192003691464805,2576.4884472126214
1509893984962,INFO,EXPLORE_EVENT,000001000000000000000100000000000000000000000001110000010000,0.20192003691464805,2308.6371772216144
1509893987396,INFO,EXPLORE_EVENT,000001000000000000000100001000000000000000000001110000010000,0.20268468816464802,2986.6574684163143
1509893993273,INFO,EXPLORE_EVENT,000001000000000000000100000100000000000000000001110000010000,0.20192003691464805,3169.4031839001955
1509893999001,INFO,EXPLORE_EVENT,000001000000000000000100000010000000000000000001110000010000,0.20388829056464802,2932.8172527395263
1509894006405,INFO,EXPLORE_EVENT,000001000000000000000100000001000000000000000001110000010000,0.20893100811319143,3310.965069579393
1509894010668,INFO,EXPLORE_EVENT,000001000000000000000100000000000000000000000001110000010000,0.20192003691464805,2308.6371772216144
1509894015649,INFO,EXPLORE_EVENT,000001000000000000000100000000100000000000000001110000010000,0.2140308188804384,2736.375198100951
1509894019357,INFO,CLICK_EVENT,000001000000000000000100000000100000000000000001110000010000,0.2140308188804384,2736.375198100951
1509894025861,INFO,EXPLORE_EVENT,000001000000000000000100000000100000000000001001110000010000,0.19266078740356565,3468.223086591028
1509894030441,INFO,EXPLORE_EVENT,000001000000000000000100000000101000000000000001110000010000,0.20867732886875257,3584.1989982074283
1509894035087,INFO,EXPLORE_EVENT,000001000000000000001100000000100000000000000001110000010000,0.20923177752798278,3213.463060885045
1509894039505,INFO,EXPLORE_EVENT,000001001000000000000100000000100000000000000001110000010000,0.21084233187251045,3232.9855360068786
1509894043567,INFO,EXPLORE_EVENT,000001000000000000000100000000100000000000000001110000010000,0.2140308188804384,2736.375198100951
1509894046575,INFO,EXPLORE_EVENT,000001000000000000000100000000100000000000000001111000010000,0.19372794847880015,4161.588015899435
1509894050342,INFO,EXPLORE_EVENT,000001000000000000000100000000100000000000000001110000010000,0.2140308188804384,2736.375198100951
1509894060825,INFO,EXPLORE_EVENT,000001000000000000000100000000100000000000000011110000010000,0.2140308188804384,2842.6601834364747
1509894066282,INFO,EXPLORE_EVENT,000001000000000000000100000000100010000000000001110000010000,0.2140308188804384,2908.630178192223
1509894071156,INFO,EXPLORE_EVENT,000001000000000000000110000000100000000000000001110000010000,0.2118358321617555,3009.605233976856
1509894076532,INFO,EXPLORE_EVENT,000001000010000000000100000000100000000000000001110000010000,0.21105881664703946,3054.572167566123
1509894081526,INFO,EXPLORE_EVENT,000001000000000000000100000000100000000000000001110000010010,0.21374633350731634,3322.3455714279316
1509894084967,INFO,EXPLORE_EVENT,000001000000000000000100000000100000000000000001110000010000,0.2140308188804384,2736.375198100951
1509894089426,INFO,CLICK_EVENT,000001000000000000000100000000100000000000000001110000010000,0.2140308188804384,2736.375198100951
1509894089636,INFO,CLICK_EVENT,000001000000000000000100000000100000000000000001110000010000,0.2140308188804384,2736.375198100951
1509894113536,INFO,EXPLORE_EVENT,000001000000000000000100000000100000000000000000000000000000,0.09124203726308625,1885.4509309269433
1509894115272,INFO,EXPLORE_EVENT,000001000000000000000100000000000000000000000000000000000000,0.07836660404729585,1457.7129100476068
1509894116634,INFO,EXPLORE_EVENT,000001000000000000000000000000000000000000000000000000000000,0.04294237299334684,1009.3045466820167
1509894118094,INFO,EXPLORE_EVENT,000000000000000000000000000000000000000000000000000000000000,0.0,0.0
1509894120993,INFO,CLICK_EVENT,000000000000000000000000000000000000000000000000000000000000,0,0
1509894124409,INFO,CLEAR_SCREEN,000000000000000000000000000000000000000000000000000000000000,N/A,N/A
1509894137137,INFO,EXPLORE_EVENT,000000000000000000000000000000000000000000000000110000010000,0.08313257010000001,479.71072404938377
1509894140469,INFO,EXPLORE_EVENT,000001000000000000000000000000000000000000000000110000010000,0.12607494309334685,1489.0152707314005
1509894146479,INFO,EXPLORE_EVENT,000001000000000000000100000000100000000000000001110000010000,0.2140308188804384,2736.375198100951
1509894154176,INFO,CLICK_EVENT,000001000000000000000100000000100000000000000001110000010000,0.2140308188804384,2736.375198100951
1509894173265,INFO,CLEAR_SCREEN,000001000000000000000100000000100000000000000001110000010000,N/A,N/A
1509894199605,INFO,CLICK_EVENT,000000000000000000000000000000000000000000000000000000000000,0,0
1509894466441,INFO,TREATMENT_2,000000000000000000000000000000000000000000000000000000000000,N/A,N/A
1509894488410,INFO,FILTER_EVENT,000000000000000000000000000000000000000000000000100000000000,-1,-1
1509894488437,INFO,FILTER_EVENT,000000000000000000000000000000000000000000000000110000000000,-1,-1
1509894489989,INFO,FILTER_EVENT,000000000000000000000000000000000000000000000000100000000000,-1,-1
1509894490014,INFO,FILTER_EVENT,000000000000000000000000000000000000000000000000000000000000,-1,-1
1509894496504,INFO,FILTER_EVENT,000000000000000000000000000000000000000000000000010000000000,-1,-1
1509894497022,INFO,FILTER_EVENT,000000000000000000000000000000000000000000000000110000000000,-1,-1
1509894498632,INFO,FILTER_EVENT,000000000000000000000000000000000000000000000000110000010000,-1,-1
1509894534278,INFO,FILTER_EVENT,000000000000000000000000000000000000000000000000010000000000,-1,-1
1509894534339,INFO,FILTER_EVENT,000000000000000000000000000000000000000000000000000000000000,-1,-1
1509894549927,INFO,AGENT_EVENT,000101000000000000000110100000100000000000100000000000000010,0.10417960582909758,3604.45009060585
1509894552083,INFO,AGENT_EVENT,010000000000000010000001000001100001000000000000000000000000,0.11310547428992701,3300.7234491692875
1509894554491,INFO,AGENT_EVENT,100011000000000000000110100000100000000000100000000000000010,0.11455833162985785,4199.92148875572
1509894555884,INFO,AGENT_EVENT,000000000000000000010000000000000000000000000000010000000001,0.09938312817499995,688.4479641604158
1509894559945,INFO,AGENT_EVENT,000001001110100000010000000010000000001000100100000001010000,0.1120064883713443,6091.9573766542835
1509894563042,INFO,AGENT_EVENT,000001001110100000010000000010000000001000100100100000000000,0.0779129552006943,5316.493400507126
1509894564847,INFO,CLICK_EVENT,000000000000000000010000000000000000000000000000010000000001,0.09938312817499993,688.4479641604158
1509894566567,INFO,AGENT_EVENT,101010000000100000011000000010000001000010000000000001000010,0.14935788551251894,6293.318687671423
1509894569146,INFO,AGENT_EVENT,000001000000000001000000010001000001000000000000100000001010,0.10562223862521813,4921.7251946782135
1509894569493,INFO,FILTER_EVENT,000000000000000000000000000000000000000000000000010000000000,-1,-1
1509894569859,INFO,FILTER_EVENT,000000000000000000000000000000000000000000000000010000000001,-1,-1
1509894570822,INFO,AGENT_EVENT,000000000000100000000101000000000000100001000000000000000000,0.07552340116292555,2513.2148283547663
1509894572805,INFO,AGENT_EVENT,100000000000000000100000100000000110110010000000000000101001,0.10944711763226433,5005.684385903137
1509894574302,INFO,AGENT_EVENT,000001100000000010000000000000000100000000000001000000000000,0.09672049426107165,3104.114398235254
1509894575599,INFO,FILTER_EVENT,000000000000000000010000000000000000000000000000010000000001,-1,-1
1509894576136,INFO,AGENT_EVENT,000011000000000000010000000000100000000000000000010000000001,0.1369826294830413,3113.4153518693893
1509894578762,INFO,AGENT_EVENT,010001000110010000000001000000000100000000000001000100000000,0.11529368906252935,4028.6417536679173
1509894581352,INFO,AGENT_EVENT,000101000000100000000001000001100001000000000000000000000001,0.10845492373907895,4701.393584606543
1509894583301,INFO,AGENT_EVENT,000000001000000000000001100000000110110000000000010001000001,0.09097063527274984,4195.157972605264
1509894585593,INFO,AGENT_EVENT,000000000000100000000101000000000000100001000001100100000000,0.07835150503855515,4005.7415069522876
1509894586094,INFO,FILTER_EVENT,000000000100000000010000000000000000000000000000010000000001,-1,-1
1509894587250,INFO,AGENT_EVENT,001000001000000000000001100000000000100001000000000000000000,0.08389243476789254,3635.9112507750233
1509894589220,INFO,AGENT_EVENT,001000000000010000000001000010000011010100000010101000000000,0.11486701754999995,5198.0839627757305
1509894591012,INFO,AGENT_EVENT,000000000100000000000100000000010000100000100000000000000000,0.07791339307414935,1630.5372771701018
1509894593241,INFO,AGENT_EVENT,000000000010100000000001000001100001000000000000000000000001,0.09869299231492701,3246.0873467385277
1509894595564,INFO,AGENT_EVENT,000010110000100000000101000000000000100001000100000000000000,0.10698733496519597,3814.6424394248093
1509894596753,INFO,AGENT_EVENT,000010000000000000010000000000000000000000000000000000000000,0.01287238504999999,797.3114146635346
1509894597935,INFO,AGENT_EVENT,000000001000000000000000000000000000000000100000000000000000,0.0271095689676778,1081.8275882331907
1509894599200,INFO,AGENT_EVENT,000000000100000000000000000000000000000000000001000000000000,0.09976598377340129,819.6219064902141
1509894600443,INFO,AGENT_EVENT,000000000000000000000001000000001000000001000000000000000000,0.0815398660972998,2050.8382399550997
1509894601700,INFO,AGENT_EVENT,000000001000000000000000100000000000000000100000000000000000,0.0271095689676778,1340.3329607292721
1509894603240,INFO,AGENT_EVENT,100000000000000000000100000001000000100000000000000000000000,0.08587005102933865,1960.759773843342
1509894604768,INFO,AGENT_EVENT,000000100000000000001000000000000100000000000001000100000000,0.0988695550430686,2713.892699842862
1509894608209,INFO,AGENT_EVENT,000010010001000101010000001110100100000000000001010001000000,0.1334669406612956,9011.027871788425
1509894609882,INFO,AGENT_EVENT,000011000000000000010000001000000000000000100000000000000000,0.06334950932872796,3255.172308053153
1509894610858,INFO,AGENT_EVENT,000000000000000000000000010000000000000000100000000000000000,0.021025948837499975,680.6151190727941
1509894614428,INFO,AGENT_EVENT,000010110001000101010000001110100100000000000000000000000110,0.16894128108771456,8740.897533998097
1509894618053,INFO,AGENT_EVENT,000010110001000101010000001110100100000000001000000001000010,0.14808860633811594,9886.192194046564
1509894619019,INFO,AGENT_EVENT,001000000000000000000000010000000000000000000000000000000000,0.0022939537499999663,951.2210256195274
1509894621200,INFO,AGENT_EVENT,000000000100000000000110000000010000100000100000000000000000,0.0783863447204215,1903.447622819172
1509894623440,INFO,AGENT_EVENT,010000000000000000000001000001100001000010000000000000000001,0.126063004289927,3697.884354680028
1509894627346,INFO,AGENT_EVENT,000010110001000101010000001110100000000000000000000000000100,0.16613750026113916,8313.630866897927
1509894628825,INFO,AGENT_EVENT,100000000000000000000000000000000000100001000100000000001000,0.06758217201092376,2425.124930369507
1509894631106,INFO,AGENT_EVENT,010000000000000000000001000001100001000000000000010000000001,0.11507372793992698,3249.9665324727694
1509894643641,INFO,AGENT_EVENT,000000000100000000000100000001100001000000000000010000000101,0.10542365107607576,4162.125589309024
1509894647447,INFO,AGENT_EVENT,000010110001000101010100001110100000000000000000010000000001,0.15970125115240763,8611.25092893633
1509894649837,INFO,AGENT_EVENT,000000001000000000000001101001100001000000000000000000000001,0.08387836389148262,4933.389925020035
1509894651294,INFO,AGENT_EVENT,000000000000000000010000000000000000000100000000010000000001,0.09938312817499995,1482.5487053762768
1509894655133,INFO,AGENT_EVENT,000010100001000101010000001110100001000010000000000000000001,0.1337603097801192,9151.08106750591
1509894657525,INFO,AGENT_EVENT,000011000000000010000000101000000001000011010000000000000000,0.10551076613684018,6472.618140634988
1509894701378,INFO,FILTER_EVENT,000000000000000000010000000000000000000000000000010000000001,-1,-1
1509894706261,INFO,FILTER_EVENT,000000000000000000010000000000000000000000000000000000000001,-1,-1
1509894706519,INFO,FILTER_EVENT,000000000000000000010000000000000000000000000000000000000001,-1,-1
1509894706582,INFO,FILTER_EVENT,000000000000000000010000000000000000000000000000000000000001,-1,-1
1509894706609,INFO,FILTER_EVENT,000000000000000000010000000000000000000000000000010000000001,-1,-1
1509894707152,INFO,FILTER_EVENT,000000000000000000010000000000000000000000000000110000000001,-1,-1
1509894711103,INFO,FILTER_EVENT,000000000000000000010000000000000000000000000000110000010001,-1,-1
1509894715310,INFO,CLICK_EVENT,000000000000000000000000000000000000000000000000000000000000,0,0
1509894715847,INFO,CLICK_EVENT,000011000000000000010000000000100000000000000000010000000001,0.1369826294830413,3113.4153518693893
1509894721035,INFO,FILTER_EVENT,000000000000000000010000000000000000000000000000110000000001,-1,-1
1509894721524,INFO,FILTER_EVENT,000000000000000000010000000000000000000000000000010000000001,-1,-1
1509894725129,INFO,FILTER_EVENT,000000000000000000010000000000100000000000000000010000000001,-1,-1
1509894729259,INFO,FILTER_EVENT,000010000000000000010000000000100000000000000000010000000001,-1,-1
1509894731236,INFO,FILTER_EVENT,000011000000000000010000000000100000000000000000010000000001,-1,-1
1509894759883,INFO,FILTER_EVENT,000011000000000000010000000000100000000000000000000000000001,-1,-1
1509894760073,INFO,FILTER_EVENT,000011000000000000010000000000100000000000000000010000000001,-1,-1
1509894770592,INFO,CLICK_EVENT,000011000000000000010000000000100000000000000000010000000001,0.1369826294830413,3113.4153518693893
1509894796278,INFO,CLICK_EVENT,000011000000000000010000000000100000000000000000010000000001,0.1369826294830413,3113.4153518693893
1509894796514,INFO,CLICK_EVENT,000011000000000000010000000000100000000000000000010000000001,0.1369826294830413,3113.4153518693893
1509894808475,INFO,AGENT_EVENT,010001000110010000000001000010000001000010000001000001110101,0.14608070026626008,7180.779105634425
1509894809646,INFO,AGENT_EVENT,000000000000000000010000000000010000000000000000000000000000,0.010874309375000002,334.33870365899054
1509894811379,INFO,AGENT_EVENT,000000000000000000000000010000000010000000100000000000101001,0.08508713777697441,2523.963855934638
1509894814995,INFO,AGENT_EVENT,000010110001000101010000001110100100000001000000000000000000,0.14263290952913787,9038.716839531848
1509894817691,INFO,AGENT_EVENT,010000000000000000001001000001100001000000000001000100000000,0.11775182699445996,4680.796586962462
1509894821670,INFO,AGENT_EVENT,000010110001000101010000001110100100000000000000000000000101,0.1636241556294663,8981.20345087518
1509894825441,INFO,AGENT_EVENT,101010000001100000011000000010000001000010000000000001000010,0.14888942807077532,6817.884261394116
1509894826014,INFO,FILTER_EVENT,000011000000000000010000000000100000000000000000000000000000,-1,-1
1509894826179,INFO,FILTER_EVENT,000011000000000000010000000000100000000000000000010000000000,-1,-1
1509894826422,INFO,FILTER_EVENT,000011000000000000010000000000100000000000000000000000000000,-1,-1
1509894828050,INFO,AGENT_EVENT,010000000000000000000001000001000001000000000000010000000001,0.11228240939812062,2624.3013115592876
1509894830315,INFO,FILTER_EVENT,000011000000000000010000000000000000000000000000000000000000,-1,-1
1509894831064,INFO,FILTER_EVENT,000011000000000000000000000000000000000000000000000000000000,-1,-1
1509894831355,INFO,FILTER_EVENT,000001000000000000000000000000000000000000000000000000000000,-1,-1
1509894831889,INFO,FILTER_EVENT,000000000000000000000000000000000000000000000000000000000000,-1,-1
1509894832511,INFO,AGENT_EVENT,000010110001000101010100001110100000000000000000010000010001,0.18090371570235853,8674.418170919284
1509894833431,INFO,AGENT_EVENT,100000000000000000010000000000000000000000000000000000100000,0.046362355712500025,839.3958687540546
1509894834421,INFO,AGENT_EVENT,000000000100000000000000000000000000000000000000000000010000,0.08066016914966001,612.7644519666596
1509894836214,INFO,AGENT_EVENT,010000000000000000000001000001100001000000000000011000000001,0.11608254439821841,4688.582411432651
1509894839811,INFO,CLICK_EVENT,000000000000000000000000000000000000000000000000000000000000,0,0
1509894840901,INFO,CLEAR_SCREEN,000000000000000000000000000000000000000000000000000000000000,N/A,N/A
1509894841777,INFO,CLICK_EVENT,000000000000000000000000000000000000000000000000000000000000,0,0
1509894848439,INFO,EXPLORE_EVENT,000000000000000000000000000000000000000000000000010000000000,0.02944290135,258.7511670871233
1509894849896,INFO,EXPLORE_EVENT,000000000000000000000000000000000000000000000000010000010000,0.0604182701,317.56846582508695
1509894855091,INFO,EXPLORE_EVENT,000011000000000000000000000000000000000000000000110000010000,0.11730760349501015,2476.940090879021
1509894864773,INFO,EXPLORE_EVENT,000011000000000000000000000000100000000000000000110000010000,0.13145601436622792,2904.6781117583573
1509894869966,INFO,EXPLORE_EVENT,000011000000000000010000000000100000000000000000110000000001,0.13680207265976943,3834.505816878832
1509894880667,INFO,CLICK_EVENT,000011000000000000000000000000100000000000000000110000010000,0.13145601436622792,2904.6781117583573
1509894890844,INFO,CLICK_EVENT,000000000000000000000000000000000000000000000000000000000000,0,0
1509894893750,INFO,EXPLORE_EVENT,000011000000000000010000000000100000000000000000000000000001,0.10938301265804129,2963.5398464704076
1509894902597,INFO,EXPLORE_EVENT,000011000000000000000000000000000000000000000000000000000000,0.032206779745010135,1997.229366829637
1509894904048,INFO,EXPLORE_EVENT,000000000000000000000000000000000000000000000000000000000000,0.0,0.0
1509894904874,INFO,CLEAR_SCREEN,000000000000000000000000000000000000000000000000000000000000,N/A,N/A
