1511279500966,INFO,DEMO_TREATMENT,000000000000000000000000000000000000000000000000000000000000,N/A,N/A
1511279822575,INFO,EXPLORE_EVENT,100000000000000000000000000000000000000000000000000000000000,0.0,447.73705817532016
1511279856302,INFO,EXPLORE_EVENT,100000000000000000000000000000000000000000100000000000000000,0.0036859495251204424,1313.8284753532052
1511279903423,INFO,EXPLORE_EVENT,100000000000000000000000000000100000000000000000000000000000,0.0037756079503908245,1242.2147952550504
1511279905042,INFO,EXPLORE_EVENT,100000000000000000000010000000100000000000000000000000000000,0.0037756079503908245,1406.5030509056119
1511279916136,INFO,EXPLORE_EVENT,100000000000000000000010000000100001000000000000000000000000,0.01062345042058329,1838.0212727633627
1511279920939,INFO,EXPLORE_EVENT,100000000000000000000010000000100001000000000000000000000000,0.01062345042058329,1838.0212727633627
1511279922622,INFO,EXPLORE_EVENT,100000000000000000000010000000100001000000010000000000000000,0.01062345042058329,2468.026261132641
1511279928126,INFO,EXPLORE_EVENT,100000000000000000000010000000100001000000010000000000000000,0.01062345042058329,2468.026261132641
1511279930438,INFO,EXPLORE_EVENT,100000000000000000000010000000100001000000010000000000000000,0.01062345042058329,2468.026261132641
1511279943053,INFO,CLICK_EVENT,100000000000000000000010000000100001000000000000000000000000,0.01062345042058329,1838.0212727633627
1511279949823,INFO,EXPLORE_EVENT,100000000000000000000010000000100001000000010000000000000000,0.01062345042058329,2468.026261132641
1511279960136,INFO,CLICK_EVENT,100000000000000000000010000000100000000000000000000000000000,0.0037756079503908245,1406.5030509056119
1511279963366,INFO,CLICK_EVENT,100000000000000000000000000000100000000000000000000000000000,0.0037756079503908245,1242.2147952550504
1511279967224,INFO,CLICK_EVENT,100000000000000000000010000000100001000000010000000000000000,0.01062345042058329,2468.026261132641
1511279968171,INFO,CLICK_EVENT,100000000000000000000010000000100001000000000000000000000000,0.01062345042058329,1838.0212727633627
1511280051534,INFO,EXPLORE_EVENT,100000000000000000000010000000000001000000010000000000000000,0.03801482030135316,1883.1259189676057
1511280052928,INFO,EXPLORE_EVENT,100000000000000000000000000000000001000000010000000000000000,0.03801482030135316,1718.8375723992726
1511280056763,INFO,EXPLORE_EVENT,000000000000000000000000000000000000000000000000000000000000,0.0,0.0
1511280066032,INFO,CLEAR_SCREEN,000000000000000000000000000000000000000000000000000000000000,N/A,N/A
1511280069071,INFO,CLICK_EVENT,000000000000000000000000000000000000000000000000000000000000,0,0
1511280118985,INFO,TREATMENT_3,000000000000000000000000000000000000000000000000000000000000,N/A,N/A
1511280146803,INFO,EXPLORE_EVENT,000000000000000000000000000000100000000000000000000000000000,0.0,250.8605824203334
1511280147178,INFO,AGENT_EVENT,000000000000000000000000000000100000000000000000000100000000,0.05068408969741005,699.3291520215748
1511280148279,INFO,AGENT_EVENT,000000000000000000000000000000100000000000000000000000000001,0.04294237299334684,1260.1040381907949
1511280149281,INFO,AGENT_EVENT,000000001000000000000000000000100000000000000000000000000000,0.0022939537500000005,934.1692471372985
1511280150369,INFO,AGENT_EVENT,000000000000000001000000000000100000000000000000000000000000,0.054144065624999994,614.7587709358362
1511280151618,INFO,AGENT_EVENT,000000000000000000000001000000100000000000000000000000000000,0.03425714001604683,1253.1273838665566
1511280152770,INFO,AGENT_EVENT,010000000000000000000000000000100000000000000000000000000000,0.010874309375,418.163524245703
1511280154023,INFO,AGENT_EVENT,000000000000000000000000000000100000000000000000000100000000,0.05068408969741005,699.3291520215748
1511280155008,INFO,AGENT_EVENT,000000000000000000001000000000100000000000000000000000000000,0.0022939537500000005,928.8197827034778
1511280156073,INFO,AGENT_EVENT,000001000000000000000000000000100000000000000000000000000000,0.054144065624999994,616.7349294304985
1511280157881,INFO,EXPLORE_EVENT,000000000000000000000000000000000000000000100000000000000000,0.0144620975,250.88035225693346
1511280158100,INFO,AGENT_EVENT,000000000000000000000000000000000000000000100000001000000000,0.020545717630177762,920.0306737414026
1511280159197,INFO,AGENT_EVENT,000000000000000000000000000000000000000000100000000000000010,0.0144620975,880.8242976120499
1511280160435,INFO,AGENT_EVENT,000000000000000000000000000000000000000000100001000000000000,0.03454985949095552,1283.9194907873052
1511280161458,INFO,AGENT_EVENT,000000000000000010000000000000000000000000100000000000000000,0.0144620975,501.10258741768405
1511280163788,INFO,EXPLORE_EVENT,000000000000000000100000000000000000000000000000000000000000,0.0,258.5627292295798
1511280163866,INFO,AGENT_EVENT,000000000000000000100000010000000000000000000000000000000000,0.0,422.8509848801413
1511280164920,INFO,AGENT_EVENT,000001000000000000100000000000000000000000000000000000000000,0.054144065624999994,624.4408104178019
1511280165900,INFO,AGENT_EVENT,000000000000000000100000000000000000000000000010000000000000,0.014985427700000003,856.722665718436
1511280167053,INFO,AGENT_EVENT,000000000000000000100000000000000000000100000000000000000000,0.04650257321807113,698.6244137112658
1511280169556,INFO,EXPLORE_EVENT,000000100000000000000000000000000000000000000000000000000000,0.0144620975,259.2800180585232
1511280169615,INFO,AGENT_EVENT,000000100000000000000100000000000000000000000000000000000000,0.0144620975,1119.990033289776
1511280170759,INFO,AGENT_EVENT,000000100010000000000000000000000000000000000000000000000000,0.016445002672952846,1462.0485867121902
1511280172003,INFO,AGENT_EVENT,000000100000000000000000000000000000000000000000001000000000,0.020545717630177762,928.4353911098264
1511280173229,INFO,AGENT_EVENT,000000100000000000000000000000000000000000000000000000000001,0.05740447049334684,1268.528573293212
1511280173927,INFO,EXPLORE_EVENT,000000000000000000000000000000000000000000000000000000000000,0.0,0.0
1511280175163,INFO,EXPLORE_EVENT,000000000000000000000000000000000000000000000000000000100000,0.0144620975,259.2800180585232
1511280175220,INFO,AGENT_EVENT,000000000000000100000000000000000000000000000000000000100000,0.0144620975,707.0170762338433
1511280176303,INFO,AGENT_EVENT,000000000000010000000000000000000000000000000000000000100000,0.0144620975,426.31577989214406
1511280177398,INFO,AGENT_EVENT,000000000100000000000000000000000000000000000000000000100000,0.016494996333087927,1125.0737014821802
1511280178587,INFO,AGENT_EVENT,000010000000000000000000000000000000000000000000000000100000,0.01559874125,512.9442734594577
1511280179666,INFO,AGENT_EVENT,100000000000000000000000000000000000000000000000000000100000,0.0354880463375,690.9136569898131
1511280181682,INFO,EXPLORE_EVENT,000000000000000000000000000000000000000000000000000000000000,0.0,0.0
1511280181890,INFO,EXPLORE_EVENT,000000000000000000000000000000000000000000100000000000000000,0.0144620975,250.88035225693346
1511280182084,INFO,AGENT_EVENT,000000000001000000000000000000000000000000100000000000000000,0.0144620975,250.88035225693346
1511280183187,INFO,AGENT_EVENT,000000000000000000100000000000000000000000100000000000000000,0.0144620975,509.4430814865133
1511280184111,INFO,EXPLORE_EVENT,000000000000000000000000000000000000000000000000000000000000,0.0,0.0
1511280187717,INFO,EXPLORE_EVENT,000000000000000000000000000000000000001000000000000000000000,0.0432691435355119,883.6541302973482
1511280187718,INFO,AGENT_EVENT,000000000000000000000000000000000000001100000000000000000000,0.0432691435355119,883.6541302973482
1511280188934,INFO,AGENT_EVENT,000000000000000000000000000000000000001000000000000000000100,0.04170076982647361,1507.0068406914263
1511280190182,INFO,AGENT_EVENT,100000000000000000000000000000000000001000000000000000000000,0.05904076913885316,1072.7135259543722
1511280191383,INFO,AGENT_EVENT,000000000010000000000000000000000000001000000000000000000000,0.03801482030135316,1271.1621541897198
1511280194349,INFO,EXPLORE_EVENT,001000000000000000000000000000000000000000000000000000000000,0.006083620130177763,669.211364498631
1511280194492,INFO,AGENT_EVENT,001000100000000000000000000000000000000000000000000000000000,0.014425986768062862,967.2584539700053
1511280195707,INFO,AGENT_EVENT,001000001000000000000000000000000000000000000000000000000000,0.007496602603475985,1727.7935867218716
1511280197023,INFO,AGENT_EVENT,001000000000000001000000000000000000000000000000000000000000,0.06022768575517776,1033.170643925689
1511280198200,INFO,AGENT_EVENT,001000000000000010000000000000000000000000000000000000000000,0.006083620130177763,919.4946426735436
1511280199334,INFO,AGENT_EVENT,001000000000000010000000000000000000000000000000000000000000,0.006083620130177763,919.4946426735436
1511280200729,INFO,EXPLORE_EVENT,000000000000000000000000000000000000000000000000000000000000,0.0,0.0
1511280201224,INFO,EXPLORE_EVENT,000000000000001000000000000000000000000000000000000000000000,0.034490330445186075,1685.0856857469244
1511280201224,INFO,AGENT_EVENT,000000000000001000000000000000000000000000000001000000000000,0.034490330445186075,1685.0856857469244
1511280202316,INFO,AGENT_EVENT,000000000000001000000000000000000000000010000000000000000000,0.018333980709375003,878.3390272555848
1511280203237,INFO,AGENT_EVENT,000000000000001000000000000000010000000000000000000000000000,0.0,925.5411904754155
1511280205410,INFO,EXPLORE_EVENT,000000000000000000000000001000000000000000000000000000000000,0.0,641.09416569778
1511280205514,INFO,AGENT_EVENT,000000000000000000000010001000000000000000000000000000000000,0.0,1265.2742412156917
1511280206598,INFO,AGENT_EVENT,000000000000000000000000001000000000010000000000000000000000,0.02997607945225,805.6554835636936
1511280207500,INFO,AGENT_EVENT,000000000000001000000000001000000000000000000000000000000000,0.0,1307.9645419428352
1511280208628,INFO,AGENT_EVENT,000000000000000000000000001000000000000000000001000000000000,0.034490330445186075,1659.3094751996491
1511280209593,INFO,EXPLORE_EVENT,000000000000000000000000000000000000000000000000000000000000,0.0,0.0
1511280212449,INFO,EXPLORE_EVENT,000000000000000000000000000000000000000000000000001000000000,0.006083620130177763,669.211364498631
1511280213761,INFO,EXPLORE_EVENT,000000000000000000000000000000000000001000000000000000000000,0.03801482030135316,641.1571658204413
1511280214031,INFO,AGENT_EVENT,000000000000000000000000000100000000001000000000000000000000,0.03801482030135316,1081.1302112874687
1511280215506,INFO,AGENT_EVENT,001000000000000000000000000000000000001000000000000000000000,0.060544347570566336,1310.3685303190723
1511280216757,INFO,EXPLORE_EVENT,000000000000000000000000000000000000000000000000000000000000,0.0,0.0
1511280220397,INFO,AGENT_EVENT,010000000000000001000000000000000000000000000000000000000000,0.010874309375,167.30294182536957
1511280220398,INFO,EXPLORE_EVENT,010000000000000000000000000000000000000000000000000000000000,0.010874309375,167.30294182536957
1511280221541,INFO,AGENT_EVENT,010000000000000000000000000000100000000000000000000000000000,0.010874309375,418.163524245703
1511280222757,INFO,AGENT_EVENT,010000000000000000000000000000000000000000000000000000100000,0.025336406875000002,426.5829598838927
1511280225189,INFO,EXPLORE_EVENT,000000000000000000000000000000000000010000000000000000000000,0.02997607945225,164.2924476480789
1511280225252,INFO,AGENT_EVENT,000000000000000000000000000000000100010000000000000000000000,0.02997607945225,958.638621409718
1511280226394,INFO,AGENT_EVENT,000000000000000000000000000000010000010000000000000000000000,0.02997607945225,423.0236391274352
1511280227712,INFO,AGENT_EVENT,000000000000000000000001000000000000010000000000000000000000,0.06423321946829683,1166.623877762273
1511280228881,INFO,AGENT_EVENT,000000000000000000000000000000000000010000001000000000000000,0.03616050695225,742.3750337395252
1511280230233,INFO,AGENT_EVENT,000000000000000000000000000000000000010000000000000000000001,0.07291845244559685,1173.6005320865113
1511280231454,INFO,AGENT_EVENT,000000000000000000000000000000000000010000010000000000000000,0.0604182701,317.56846582508695
1511280232741,INFO,AGENT_EVENT,000000000000000001000000000000000000010000000000000000000000,0.08412014507724999,528.2552648315526
1511280234120,INFO,AGENT_EVENT,000100000000000000000000000000000000010000000000000000000000,0.076898392708871,612.7644519666596
1511280236472,INFO,AGENT_EVENT,000000000000000000000000000000000000100000000000000000000000,0.021025948837500003,412.71697524122806
1511280236968,INFO,EXPLORE_EVENT,000000000000000000000000000000000000110000000000000000000000,0.05321386701250001,471.9963656786398
1511280239935,INFO,EXPLORE_EVENT,000000000000000000000000000000000000111000000000000000000000,0.06786732567508107,1312.4121881670167
1511280242132,INFO,EXPLORE_EVENT,000000000000000000000000000000000000111100000000000000000000,0.05486077973796723,1554.438788411885
1511280244163,INFO,EXPLORE_EVENT,000000000000000000000000000000000000111110000000000000000000,0.05491227309694646,1746.3946594241875
1511280246164,INFO,EXPLORE_EVENT,000000000000000000000000000000000000111111000000000000000000,0.061602758383996314,2212.6321379731453
1511280248101,INFO,EXPLORE_EVENT,000000000000000000000000000000000000111111100000000000000000,0.06245600021351179,2470.4284089910398
1511280248783,INFO,EXPLORE_EVENT,000000000000000000000000000000000000111111110000000000000000,0.057912329436286276,2779.3234698175406
1511280249203,INFO,AGENT_EVENT,000000001000000000000000000000000000111111110000000000000000,0.06635335345668575,3462.6932254460608
1511280257251,INFO,EXPLORE_EVENT,000000000000000000000000000000000000111111111000000000000000,0.05401025650210374,3809.466014764862
1511280258715,INFO,EXPLORE_EVENT,000000000000000000000000000000000000111111111100000000000000,0.02957064986601021,4381.436088357907
1511280259178,INFO,AGENT_EVENT,000000000000000000000000000000000000111111111100000000100000,0.05294067476646165,4640.660114969101
1511280262207,INFO,AGENT_EVENT,000000000000000000000000000000000000111111011100000000000000,0.02859939550934534,4125.671323266392
1511280272365,INFO,EXPLORE_EVENT,000000000000000000000000000000000000011111111100000000000000,0.02735258275886244,3815.7211818124088
1511280273039,INFO,EXPLORE_EVENT,100000000000000000000000000000000000011111111100000000000000,0.05200057824903183,4247.27754194634
1511280273488,INFO,AGENT_EVENT,100000000000000100000000000000000000011111111100000000000000,0.05200057824903183,4694.9529601558925
1511280282340,INFO,EXPLORE_EVENT,000000000000000000000000000000000000011111111100000000000000,0.02735258275886244,3815.7211818124088
1511280283140,INFO,EXPLORE_EVENT,000000000000000000000000000000000000110111111100000000000000,0.029568763627595446,3977.654897120332
1511280284400,INFO,EXPLORE_EVENT,000000000000000000000000000000000000111111111100000000000000,0.02957064986601021,4381.436088357907
1511280285925,INFO,EXPLORE_EVENT,000000000000001000000000000000000000110111111100000000000000,0.029568763627595446,4644.525273365387
1511280289184,INFO,EXPLORE_EVENT,000000000000000000000000000000000000110111111100000000000000,0.029568763627595446,3977.654897120332
1511280290955,INFO,EXPLORE_EVENT,001000000000000000000000000000000000110111111100000000000000,0.05034640989399694,4646.866261618963
1511280293078,INFO,EXPLORE_EVENT,000000000000000000000000000000000000110111111100000000000000,0.029568763627595446,3977.654897120332
1511280296227,INFO,EXPLORE_EVENT,000000000000000000000000001000000000110111111100000000000000,0.029568763627595446,4618.749062818112
1511280297940,INFO,EXPLORE_EVENT,000000000000000000000000000000000000110111111100000000000000,0.029568763627595446,3977.654897120332
1511280301875,INFO,EXPLORE_EVENT,000000000000000000000000000000000000111111111100000000000000,0.02957064986601021,4381.436088357907
1511280303637,INFO,EXPLORE_EVENT,000000000000000000000000000000000000110111111100000000000000,0.029568763627595446,3977.654897120332
1511280305041,INFO,EXPLORE_EVENT,000000000000000000000000001000000000110111111100000000000000,0.029568763627595446,4618.749062818112
1511280308326,INFO,EXPLORE_EVENT,000000000000001000000000000000000000110111111100000000000000,0.029568763627595446,4644.525273365387
1511280311052,INFO,EXPLORE_EVENT,001000000000000000000000000000000000110111111100000000000000,0.05034640989399694,4646.866261618963
1511280314548,INFO,EXPLORE_EVENT,000000000000001000000000000000000000110111111100000000000000,0.029568763627595446,4644.525273365387
1511280314759,INFO,EXPLORE_EVENT,000000000000000000000000000000000000110111111100000000000000,0.029568763627595446,3977.654897120332
1511280317486,INFO,EXPLORE_EVENT,000000000000000000000000000000000000111111111100000000000000,0.02957064986601021,4381.436088357907
1511280322529,INFO,EXPLORE_EVENT,000000000000000000000000000000000000111011111100000000000000,0.027566666238367205,4161.4117808514875
1511280323591,INFO,EXPLORE_EVENT,000100000000000000000000000000000000111011111100000000000000,0.07908829100957443,4609.8201442170775
1511280325142,INFO,EXPLORE_EVENT,000000000000000000000000000000000000111011111100000000000000,0.027566666238367205,4161.4117808514875
1511280328016,INFO,EXPLORE_EVENT,000000000000000100000000000000000000111011111100000000000000,0.027566666238367205,4609.08719906104
1511280329550,INFO,EXPLORE_EVENT,000000000000000000000000000100000000111011111100000000000000,0.027566666238367205,4601.384826318515
1511280331818,INFO,EXPLORE_EVENT,000000000000000000000000000000000000111011111100000000000000,0.027566666238367205,4161.4117808514875
1511280333106,INFO,EXPLORE_EVENT,000000000000000000000000000000000000111011111100000100000000,0.08125629902635477,4609.8201442170775
1511280336586,INFO,EXPLORE_EVENT,000000000000000000000000000000000000111011111100000000000000,0.027566666238367205,4161.4117808514875
1511280336993,INFO,EXPLORE_EVENT,000000000000000000000000000100000000111011111100000000000000,0.027566666238367205,4601.384826318515
1511280339240,INFO,EXPLORE_EVENT,000000000000000000000000000000000000111111111100000000000000,0.02957064986601021,4381.436088357907
1511280347346,INFO,EXPLORE_EVENT,000000000000000000000000000100000000111011111100000000000000,0.027566666238367205,4601.384826318515
1511280347495,INFO,AGENT_EVENT,000000000000000000000000000100000000111010111100000000000000,0.021903365640673283,4136.768426852686
1511280347883,INFO,EXPLORE_EVENT,000000000000000000000000000000000000111011111100000000000000,0.027566666238367205,4161.4117808514875
1511280348060,INFO,EXPLORE_EVENT,000000000000000000000000000100000000111011111100000000000000,0.027566666238367205,4601.384826318515
1511280353480,INFO,EXPLORE_EVENT,000000000000000000000000000000000000111011111100000000000000,0.027566666238367205,4161.4117808514875
1511280353892,INFO,AGENT_EVENT,000000010000000000000000000000000000111011111100000000000000,0.05567639628062912,4430.11679191171
1511280356725,INFO,CLICK_EVENT,000100000000000000000000000000000000111011111100000000000000,0.07908829100957443,4609.8201442170775
1511280357510,INFO,AGENT_EVENT,000000010000000000000000000000000000111011111100000000000000,0.05567639628062912,4430.11679191171
1511280360856,INFO,AGENT_EVENT,000100000000000000000000000000000000111011111100000000000000,0.07908829100957443,4609.8201442170775
1511280366238,INFO,EXPLORE_EVENT,000100000000000000000000000000000000111011111100000000000000,0.07908829100957443,4609.8201442170775
1511280366907,INFO,AGENT_EVENT,010100000000000000000000000000000000111011111100000000000000,0.08417487386013553,4729.083513517317
1511280371083,INFO,AGENT_EVENT,000100000000000000000000000000000000111011111100001000000000,0.10235172425557795,5279.031508715709
1511280379371,INFO,EXPLORE_EVENT,000100000000000000000000000000000000111001111100000000000000,0.07835982540450268,4395.872446341462
1511280380360,INFO,EXPLORE_EVENT,000110000000000000000000000000000000111001111100000000000000,0.0776084060414136,4669.102482217368
1511280381401,INFO,AGENT_EVENT,000110000000000001000000000000000000111001111100000000000000,0.12429331418637095,4982.9569228932005
1511280384847,INFO,AGENT_EVENT,000110000010000000000000000000000000111001111100000000000000,0.06710202945720772,5673.526429918231
1511280388621,INFO,AGENT_EVENT,000110000000000000000000000000000000111011111100000000000000,0.09069580815156343,4883.050180092983
1511280394401,INFO,EXPLORE_EVENT,000110000000000000000000000000000000111000111100000001000000,0.12621758496072152,4569.14617745544
1511280394814,INFO,AGENT_EVENT,000110000000000001000000000000000000111000111100000001000000,0.1293625849607215,4933.105456882498
1511280400466,INFO,EXPLORE_EVENT,000110000000000000000000000000100000111000011100000001000000,0.12425240413450944,4549.830030813582
1511280400642,INFO,AGENT_EVENT,000110000000000000000000000010100000111000011100000001000000,0.12425240413450944,4659.870158618365
1511280403463,INFO,AGENT_EVENT,000100000000000000000000000000100000111000011100000001000000,0.12468605812354615,4276.5999949376765
1511280409959,INFO,EXPLORE_EVENT,000110000000000000000000000000000000111000111100000001000000,0.12621758496072152,4569.14617745544
1511280411025,INFO,AGENT_EVENT,000110000000000000000000000000000000111100111100000001000000,0.12808981883444134,4789.174427001013
1511280416278,INFO,EXPLORE_EVENT,000110000000000000000000000000010000111000101100000001000000,0.12429759671949223,4540.843561781079
1511280416403,INFO,AGENT_EVENT,000110000100000000000000000000010000111000101100000001000000,0.09375390247280102,5252.657166129181
1511280424145,INFO,EXPLORE_EVENT,000110000000000000000000000000000000111000111100000001000000,0.12621758496072152,4569.14617745544
1511280428106,INFO,EXPLORE_EVENT,000110000000000000000000000000000000111000101100000001000000,0.12429759671949223,4282.17274755072
1511280429864,INFO,EXPLORE_EVENT,000110000000000000000000000000000000111000101100000001010000,0.14707887392023766,4454.128067598136
1511280432232,INFO,EXPLORE_EVENT,000110000000000000000000000000000000111000101100000001000000,0.12429759671949223,4282.17274755072
1511280433802,INFO,EXPLORE_EVENT,000110000000000000010000000000000000111000101100000001000000,0.12429759671949223,4550.024017541727
1511280437668,INFO,CLICK_EVENT,000110000000000000000000000000000000111000101100000001010000,0.14707887392023766,4454.128067598136
1511280439522,INFO,EXPLORE_EVENT,000110000000000000010000000000001000111000100100000001000000,0.13070275497064962,4198.984160396436
1511280439630,INFO,EXPLORE_EVENT,000110000000000000010000000000000000111000100100000001000000,0.12510873656992805,3529.998583178252
1511280440109,INFO,EXPLORE_EVENT,000110001000000000010000000000000000111000100100000001000000,0.12021284596560651,4625.8244711215275
1511280440688,INFO,AGENT_EVENT,000110001000000000010000000000000000111000100100000001000100,0.08238328950033132,5610.44184816757
1511280448231,INFO,EXPLORE_EVENT,000110001000000000000000000000000000111000100100000001000000,0.12021284596560651,4357.9732011305205
1511280450744,INFO,EXPLORE_EVENT,000110001000000000000000000000000000111000100100000000000000,0.06509494188176347,3992.0377632088002
1511280451546,INFO,CLICK_EVENT,000110000000000000000000000000000000111000101100000001010000,0.14707887392023766,4454.128067598136
1511280452427,INFO,EXPLORE_EVENT,000110001000000000000000000000000000111000100100000001000000,0.12021284596560651,4357.9732011305205
1511280453084,INFO,CLICK_EVENT,000110000000000000000000000000000000111000101100000001010000,0.14707887392023766,4454.128067598136
1511280454932,INFO,CLICK_EVENT,000110000000000000000000000000000000111000101100000001010000,0.14707887392023766,4454.128067598136
1511280455829,INFO,EXPLORE_EVENT,000110000000000000000000000000000000111000100100000001000000,0.12510873656992805,3262.147313187245
1511280456011,INFO,CLICK_EVENT,000110000000000000000000000000000000111000101100000001010000,0.14707887392023766,4454.128067598136
1511280456798,INFO,EXPLORE_EVENT,000110000000000000000000000000000000111000100100000001010000,0.14794915930386823,3434.102633234661
1511280459273,INFO,EXPLORE_EVENT,000110000000000000000000000000000000111000101100000001010000,0.14707887392023766,4454.128067598136
1511280460026,INFO,EXPLORE_EVENT,000110000000000000000000000000000000111000001100000001010000,0.14497539052118957,4178.5602240066755
1511280461932,INFO,EXPLORE_EVENT,000110000000000000000000000000000000111000101100000001010000,0.14707887392023766,4454.128067598136
1511280462030,INFO,AGENT_EVENT,000100000000000000000000000000000000111000101100000001010000,0.14652594440648709,4180.89803172223
1511280465662,INFO,AGENT_EVENT,000110000000000000000000000000000000111000111100000001010000,0.14893791091811456,4741.101497502856
1511280469067,INFO,AGENT_EVENT,000110000000000000000000100000000000111000101100000001010000,0.17042774056214433,4866.744291332696
1511280477777,INFO,EXPLORE_EVENT,000000000000000000000000000000000000111000101100000000010000,0.047187715097348384,3463.3039214477258
1511280478068,INFO,EXPLORE_EVENT,000000000000000000000000000000000000111000101100000001010000,0.1096002400973484,3732.4896683566403
1511280480180,INFO,EXPLORE_EVENT,000110000000000000000000000000000000111000111100000001000000,0.12621758496072152,4569.14617745544
1511280480376,INFO,EXPLORE_EVENT,000110000000000000000000000000000000111000101100000001010000,0.14707887392023766,4454.128067598136
1511280484411,INFO,EXPLORE_EVENT,000000000000000000000000000000000000111000101100000001010000,0.1096002400973484,3732.4896683566403
1511280485218,INFO,EXPLORE_EVENT,000000000000000000000000000000000000001000101100000011010000,0.09800201743674396,3816.5135757493063
1511280485747,INFO,EXPLORE_EVENT,000000000000000000000000000000000000111000101100000011010000,0.10662604180166846,4496.107558907899
1511280486094,INFO,EXPLORE_EVENT,000000000000000000000000000000000000011000101100000011010000,0.10338387851393646,3921.8679941007185
1511280488477,INFO,EXPLORE_EVENT,000000000000000000000000000000000000000000101100000011010000,0.09025357617989754,3392.3343314024587
1511280488929,INFO,EXPLORE_EVENT,000000000000000000000000000000000000000000101100000001010000,0.09486631336312527,2628.7164408512
1511280488948,INFO,EXPLORE_EVENT,000000000000000000000000000000000000000000101100000000010000,0.03245378836312526,2359.5306939422853
1511280489028,INFO,EXPLORE_EVENT,000000000000000000000000000000000000000000101100000000000000,0.0077388726638773706,2090.8256828820636
1511280490935,INFO,EXPLORE_EVENT,000000000000000000000000000000000000000000000100000000000000,0.0037756079503908245,794.2360138761233
1511280491042,INFO,EXPLORE_EVENT,000000000000000000000000000000000000000000000100000000101000,0.03188880920039083,1657.2880159141537
1511280491075,INFO,EXPLORE_EVENT,000000000000000000000000000000000000000000000100000000001000,0.006069561700390824,1477.6057695046436
1511280491682,INFO,EXPLORE_EVENT,000000000000000000000000000000000000000000000000000000000000,0.0,0.0
1511280503004,INFO,CLEAR_SCREEN,000000000000000000000000000000000000000000000000000000000000,N/A,N/A
1511280528472,INFO,EXPLORE_EVENT,000000000000000000000000000000000000100000000000000000000000,0.021025948837500003,412.71697524122806
1511280531570,INFO,EXPLORE_EVENT,000000000000000000000000000000000000110000000000000000000000,0.05321386701250001,471.9963656786398
1511280570147,INFO,CLICK_EVENT,000000000000000000000000000000000000110000000000000000000000,0.05321386701250001,471.9963656786398
1511280598608,INFO,CLEAR_SCREEN,000000000000000000000000000000000000000000000000000000000000,N/A,N/A
1511281193787,INFO,TREATMENT_2,000000000000000000000000000000000000000000000000000000000000,N/A,N/A
1511281265218,INFO,AGENT_EVENT,000000000000000000000000000010001001000000000000000000000000,0.0233336781524911,2107.904353762452
1511281266928,INFO,AGENT_EVENT,010110000000100000000001000001000000000000100110001000010000,0.14341294611754285,5646.5851574733615
1511281268085,INFO,AGENT_EVENT,000000000000000000000001000010000100000000000000000000010000,0.08477951004999995,1912.990901177446
1511281269186,INFO,AGENT_EVENT,000000000000000000000000000000010000001010000100010000000001,0.09392680286729793,3044.3681429867715
1511281270669,INFO,AGENT_EVENT,000000000000000000000011100101100000000000000000000000000010,0.11210472446846187,3391.5368525623517
1511281271844,INFO,AGENT_EVENT,000000000000000000000000000000011000001010000100001001000000,0.036828779119499666,5191.60264848961
1511281273055,INFO,AGENT_EVENT,000000000000000000000000001100010000001010000100010000000001,0.09416384559653324,5036.124115934763
1511281274067,INFO,AGENT_EVENT,000000000000000000000000000000000000100000100000001000010000,0.057356675675000024,1308.7370464303729
1511281275637,INFO,AGENT_EVENT,000000000000000000010000000000000000100000100000001000010100,0.0842662110958523,2312.9798210921736
1511281276675,INFO,AGENT_EVENT,001000000000000000000000000000000000000001000000000000000001,0.08383381984729987,2072.6682138840215
1511281278487,INFO,AGENT_EVENT,000000010000110101000000010000010000001010000100010000000001,0.112453686866683,5714.259321913303
1511281279157,INFO,FILTER_EVENT,000000000000000000000000000000000000000000000000100000000000,-1,-1
1511281279753,INFO,AGENT_EVENT,000001000000000000000000000100001000000000000000010000000001,0.11978146533243139,2870.0063684129036
1511281283964,INFO,AGENT_EVENT,010000010001101100100011000000100000100000100000001000001000,0.16949855549734927,6953.157336914382
1511281284712,INFO,CLICK_EVENT,000000000000000000000000000000000000100000100000001000010000,0.057356675675000024,1308.7370464303729
1511281287401,INFO,AGENT_EVENT,000100001000001010000000000010110001101000000001000000001000,0.14938082991078194,8417.28828758602
1511281289834,INFO,AGENT_EVENT,000000000001000010100000010000000000100001010101000000001000,0.1281860910964998,4314.038022272289
1511281290831,INFO,CLICK_EVENT,000001000000000000000000000100001000000000000000010000000001,0.11978146533243139,2870.0063684129036
1511281291196,INFO,AGENT_EVENT,000000000000000000000000000000000000000001010000000000000000,0.034053312929260615,1125.7245293210792
1511281292732,INFO,CLICK_EVENT,000000000001000010100000010000000000100001010101000000001000,0.1281860910964998,4314.038022272289
1511281293601,INFO,CLICK_EVENT,000000000000000000000000000000000000000000000000000000000000,0,0
1511281294883,INFO,AGENT_EVENT,000001000001001000000000100000000000010000100000100001000100,0.10241660902018568,4454.021107479167
1511281295044,INFO,CLICK_EVENT,000110000000000000000000000000000000111000101100000001000000,0.12429759671949223,4282.17274755072
1511281295416,INFO,CLICK_EVENT,000000000001000010100000010000000000100001010101000000001000,0.1281860910964998,4314.038022272289
1511281296175,INFO,CLICK_EVENT,000000000000000000000000000000000000000000000000000000000000,0,0
1511281298063,INFO,CLICK_EVENT,010110000000100000000001000001000000000000100110001000010000,0.14341294611754285,5646.5851574733615
1511281298355,INFO,AGENT_EVENT,000000001000100000000001100000100000000000000000100011000100,0.12335016861914139,4189.572117248608
1511281302425,INFO,AGENT_EVENT,100001000000101100100011000000100000100000100001000000001000,0.16043216976693264,6975.674184585406
1511281304135,INFO,AGENT_EVENT,000000001000000000000000000001010000000000000000100000000000,0.054368794822259536,2042.1660426060394
1511281304369,INFO,FILTER_EVENT,000000000000000000000000000000000000000000000000000000000000,-1,-1
1511281305396,INFO,AGENT_EVENT,000000001001000000000000000000000000000000000000000000010000,0.07337263206640543,1317.0257100574233
1511281305758,INFO,FILTER_EVENT,000000000000000000000000100000000000000000000000000000000000,-1,-1
1511281307538,INFO,AGENT_EVENT,000000000001000010000000100000000000011000000000100001000100,0.09152552147964377,3613.3313377933882
1511281309284,INFO,AGENT_EVENT,000001000000000000000000000000001001000000000000000000010000,0.09970984990744547,2319.297082851234
1511281311141,INFO,AGENT_EVENT,000000000000000000010000000000000000000001010000000000000010,0.06326160301363559,1504.4996066258648
1511281313508,INFO,AGENT_EVENT,010000000001000000000011100101100000000000000000000000000000,0.09884246886049264,3717.958959520959
1511281315922,INFO,AGENT_EVENT,001010000000000000000000000000000000000001000000001000010100,0.08636571828339523,4956.160614506452
1511281316449,INFO,FILTER_EVENT,000000000000000000000000000000000000000000000000000000000000,-1,-1
1511281317826,INFO,AGENT_EVENT,000001000001001000000001000000000100000000000000000000001001,0.1195416219760237,3967.435548244457
1511281318471,INFO,FILTER_EVENT,000000000000000000000000000100000000000000000000000000000000,-1,-1
1511281318981,INFO,AGENT_EVENT,000000000000000010000000000000000000000000000000001001000000,0.030038667547717002,2670.454328845758
1511281320564,INFO,AGENT_EVENT,000000010000000000000000000000000000000001010000000000000000,0.044927622304260506,1293.0309556153354
1511281321565,INFO,AGENT_EVENT,000000000000000000000000000000000100000000000000000000000000,0.0,447.73705817532016
1511281323783,INFO,AGENT_EVENT,000001000000000000001000000100001000000000000000010000010000,0.11034043899813273,3335.644660870462
1511281324429,INFO,FILTER_EVENT,000000000000000000000000000100100000000000000000000000000000,-1,-1
1511281330220,INFO,AGENT_EVENT,010001000010100001000100010000100000000010000000000000000100,0.11462042251210292,4876.545481033416
1511281332818,INFO,AGENT_EVENT,011100000000100000000001000001000000000000000000001001000000,0.10993995553689795,5614.168979575062
1511281333735,INFO,FILTER_EVENT,000000000000000000000000000100000000000000100000000000000000,-1,-1
1511281335655,INFO,AGENT_EVENT,000000000001000010100000010000000001100001010101000000001000,0.1281860910964998,4580.780632211054
1511281338010,INFO,CLICK_EVENT,000000000000000000000000000000000000000000000000000000000000,0,0
1511281338412,INFO,AGENT_EVENT,100000000000001000000010001000000000000000100001000000010000,0.12714673379999997,2647.8678455746135
1511281342160,INFO,FILTER_EVENT,000000000000000000000000000100000000000010100000000000000000,-1,-1
1511281343122,INFO,AGENT_EVENT,010000010001101100100001100000100000000000100000100011000100,0.16285596741356434,7409.122903752614
1511281344408,INFO,AGENT_EVENT,000000000000000000000000000000000000001001000000000000000000,0.030038667547717002,2039.9296337190872
1511281347991,INFO,AGENT_EVENT,100001000000101110100000010000000000110001010101000000001000,0.10095607557315012,8468.656823375813
1511281350763,INFO,AGENT_EVENT,000000000000000000000011100100100000000000100000100001000100,0.10417347726799686,4240.540900653894
1511281352033,INFO,AGENT_EVENT,000000000000000000000000000000000000000000000010000000000010,0.018333980709374975,422.8462657493566
1511281355025,INFO,AGENT_EVENT,010100000000100000000001000001000000000001100110001000010000,0.1465203084941542,5379.526825729636
1511281356717,INFO,AGENT_EVENT,000000000001000000000000000000000000000000000000000000000011,0.08288418070937498,814.4172870131988
1511281359354,INFO,AGENT_EVENT,000001000001001000000001000000000100000100000000000000001001,0.1195416219760237,4761.536289460319
1511281360860,INFO,AGENT_EVENT,001000001000000000000000000000000000100000100000000000000000,0.028935391467763916,2294.1555994127193
1511281362734,INFO,AGENT_EVENT,000001000000100000001000000100001000000000000010000000000000,0.05736835976140975,3527.5008992555768
1511281363937,INFO,FILTER_EVENT,000000000000000000000000000100000000000010100000000001000000,-1,-1
1511281365645,INFO,AGENT_EVENT,010000000001000000000011100101100000001000000000000000000010,0.14893999090315324,4598.413187749673
1511281366709,INFO,AGENT_EVENT,000000000000000000000000001000000000000000000010000000000000,0.0022939537499999663,889.3979059335269
1511281367145,INFO,FILTER_EVENT,000000000000000000000000000100000000000010000000000001000000,-1,-1
1511281369081,INFO,FILTER_EVENT,000000000000000000000000000000000000000010000000000001000000,-1,-1
1511281369379,INFO,AGENT_EVENT,010000010000100000000001100000100000000000000000001001100000,0.1465115092029743,4005.327120264082
1511281370545,INFO,FILTER_EVENT,000000000000000000000000000000000000000000000000000001000000,-1,-1
1511281371795,INFO,FILTER_EVENT,000000000000000000000000000000000000000000000000000000000000,-1,-1
1511281372301,INFO,AGENT_EVENT,010000010001101100100000100000100000000000100000000000010000,0.1578824204732724,4638.584350273004
1511281373935,INFO,AGENT_EVENT,010000010001101100000000000000000000000100000000000000000011,0.13021727425383167,4100.201313806574
1511281375597,INFO,AGENT_EVENT,000001000100000000001000000100001000000000000000010000010000,0.10142124188943302,3597.6589639711997
1511281376320,INFO,FILTER_EVENT,000000000000000000000000000000000010000000000000000000000000,-1,-1
1511281377335,INFO,AGENT_EVENT,001000000000000000000000001000000000000000100001000000011000,0.1373527420423818,2794.668520874494
1511281379100,INFO,AGENT_EVENT,000000000001000000000100000000000000000001000010000000000000,0.11739464862786453,2037.3838307550288
1511281381256,INFO,AGENT_EVENT,001000000000000000000010001000000000000000100001000000001000,0.12875504060131526,2929.357288980663
1511281384633,INFO,AGENT_EVENT,010000010001101100100100100000100000000000000000001001000000,0.15704552830277752,6286.060601881532
1511281386157,INFO,FILTER_EVENT,000000000000000000000000000000000010000000001000000000000000,-1,-1
1511281386639,INFO,AGENT_EVENT,001000000000000100000010001000000000000000100000000000000001,0.08413111455126154,3308.4134052364457
1511281388560,INFO,AGENT_EVENT,001000001000000000000000000000000000000001000000000000000010,0.06224210002366204,2957.294663520725
1511281389793,INFO,AGENT_EVENT,000000000001000000000000000000000000000000000000010000000000,0.09084810134999999,624.6297148946351
1511281392134,INFO,AGENT_EVENT,000000000000101100100000100000101000000000100000000000010000,0.06557457468378614,5001.1525744881865
1511281393503,INFO,FILTER_EVENT,000000000000000000010000000000000010000000001000000000000000,-1,-1
1511281394148,INFO,AGENT_EVENT,000000000000001000000001000000001100000000000000000000001001,0.09287902561608252,2931.6459376087732
1511281397153,INFO,AGENT_EVENT,010100001000000000000011100101100000000000000000000000000010,0.11976106454562652,5070.704659647183
1511281397638,INFO,FILTER_EVENT,000000000000000000000000000000000010000000001000000000000000,-1,-1
1511281398120,INFO,FILTER_EVENT,000000000000000000000000000000010010000000001000000000000000,-1,-1
1511281399054,INFO,AGENT_EVENT,000000000001000001000100000000000000000000000010000000000000,0.08567067556078811,1848.631902443302
1511281400622,INFO,AGENT_EVENT,000001000001001000000000000000001000000000000010000000000000,0.05835571248571281,3071.8142907455335
1511281400667,INFO,FILTER_EVENT,000000000000000000000000000000010010000000000000000000001000,-1,-1
1511281403314,INFO,AGENT_EVENT,011000000001000000000011100101100000001000000000000000000000,0.09620808448639973,5842.529677018669
1511281403408,INFO,FILTER_EVENT,000000000000000000000000000000000010000000000000000000001000,-1,-1
1511281403509,INFO,FILTER_EVENT,000000000000000000000000000000000000000000000000000000001000,-1,-1
1511281403971,INFO,FILTER_EVENT,000000000000000000000000000000000000000000000000000000011000,-1,-1
1511281405993,INFO,FILTER_EVENT,000000000000000000000000000000000000000000000000000000011010,-1,-1
1511281406517,INFO,AGENT_EVENT,010000001000100000000001100000101000000000000000100011000100,0.12226442039042218,5487.197900158423
1511281407803,INFO,AGENT_EVENT,000000000000000000000000000000010000000000000000000000010000,0.029976079452250004,331.2253066338594
1511281408821,INFO,FILTER_EVENT,000000000000000000000000000000000000000000001000000000010010,-1,-1
1511281408857,INFO,FILTER_EVENT,000000000000000000000000000000000000000000011000000000000010,-1,-1
1511281408885,INFO,FILTER_EVENT,000000000000000000000000000000000000000000011010000000000000,-1,-1
1511281409128,INFO,FILTER_EVENT,000000000000000000000000000000001000000000010000000000000000,-1,-1
1511281409155,INFO,FILTER_EVENT,000000000000000000000000000000001000000000000000000000000000,-1,-1
1511281409222,INFO,FILTER_EVENT,000000000000000000000000000000000000000000000000000000000000,-1,-1
1511281409488,INFO,FILTER_EVENT,000000000000000000000010000000000000000000000000000000000000,-1,-1
1511281409514,INFO,FILTER_EVENT,000000000000000000001010000000000000000000000000000000000000,-1,-1
1511281409551,INFO,FILTER_EVENT,000000000000000000011011000000000000000000000000000000000000,-1,-1
1511281409902,INFO,AGENT_EVENT,000000000001000000000000000000000000000000000000000010010011,0.1118971692337204,2199.0079345826834
1511281411950,INFO,AGENT_EVENT,000000000000001000000001000000000100000000100001000000010000,0.11519189129999996,2216.113778543269
1511281413551,INFO,FILTER_EVENT,000000000000000000011000000000000001000000000000000000000000,-1,-1
1511281413579,INFO,FILTER_EVENT,000000000000000000010000000000001001000000000000000000000000,-1,-1
1511281413805,INFO,FILTER_EVENT,000000000000000000010000000000001011000000000000000000000000,-1,-1
1511281413937,INFO,AGENT_EVENT,000001000000000000000100000100001000000000000000010000000001,0.14873403066464808,3318.4147317784937
1511281418012,INFO,AGENT_EVENT,000001010001101100100011000000100000100000100000000000001000,0.13238188152148533,7055.3439447791025
1511281418335,INFO,FILTER_EVENT,000000000000000000000000000000001011000000000000000000000000,-1,-1
1511281418858,INFO,FILTER_EVENT,000000000000000000000000000000001001000000000000000000000000,-1,-1
1511281418921,INFO,FILTER_EVENT,000000000000000000000000000000000001000000000000000000000000,-1,-1
1511281419058,INFO,FILTER_EVENT,000000000000000000000000000000001001000000000000000000000000,-1,-1
1511281419717,INFO,FILTER_EVENT,000000000000000000000000000000000001000000000000000000000000,-1,-1
1511281419809,INFO,FILTER_EVENT,000000000000000000000000000000000000000000000000000000000000,-1,-1
1511281419902,INFO,AGENT_EVENT,010000000000000000000000001000000000000000100000000000011000,0.1018322294923818,2119.530170552016
1511281420249,INFO,FILTER_EVENT,000000000000000000000000000000000001000000000000000000000000,-1,-1
1511281424256,INFO,AGENT_EVENT,010100000000101100100001100000100000000000100000101011000100,0.07816133414312243,9115.31291000274
1511281427495,INFO,AGENT_EVENT,010100000000100000000001000001000000000000100110011000011000,0.14826218110337985,5969.735663050435
1511281430139,INFO,AGENT_EVENT,001000000000000000000000001000001000000000100001000000011000,0.1373527420423818,3830.596831003906
1511281430457,INFO,CLICK_EVENT,010000010001101100100000100000100000000000100000000000010000,0.1578824204732724,4638.584350273004
1511281432813,INFO,FILTER_EVENT,000000000000000000000000000000000000000000000000000000000000,-1,-1
1511281432850,INFO,AGENT_EVENT,001100000000100000000001000001000000000000100110001000010000,0.13981657972670192,5342.57165579432
1511281433959,INFO,AGENT_EVENT,001000000000000000000010101000000000000000000010000000000000,0.005794065000000015,2004.7657547219787
1511281435895,INFO,AGENT_EVENT,010000010001101100100100100000100000000000000010000010000000,0.15679968391721044,5176.270913973482
1511281437529,INFO,AGENT_EVENT,000000000000000000000001000001000000000001100110000000010000,0.11915034650726541,3456.6944319350305
1511281437886,INFO,CLICK_EVENT,000001000000000000000100000100001000000000000000010000000001,0.14873403066464808,3318.4147317784937
1511281438703,INFO,AGENT_EVENT,000000000001000000000000000000000000010000000000000000000011,0.08288418070937498,1073.0881012435589
1511281440392,INFO,AGENT_EVENT,001001000000000000000011000000100000100000100000000000001000,0.1457762537995062,4236.0928301701415
1511281442494,INFO,CLICK_EVENT,010000010001101100100000100000100000000000100000000000010000,0.1578824204732724,4638.584350273004
1511281442861,INFO,AGENT_EVENT,010000010001101100100011000000100001100000100000000000000000,0.1381745073673013,5674.451497430062
1511281443825,INFO,AGENT_EVENT,000000001000000000000000000000000000100000100000000000000000,0.0271095689676778,1235.5733771894788
1511281444824,INFO,AGENT_EVENT,000001000000000000000000000100001000000000000000010000000000,0.07238527434334685,2607.559107519659
1511281447369,INFO,AGENT_EVENT,100001000000101100100011000000100000100000100001000000010000,0.15076836230397406,6498.813004169459
1511281449031,INFO,AGENT_EVENT,000000001000000000100000100000100000000000100000100000010000,0.08732627774228585,2372.6617919532923
1511281449174,INFO,CLICK_EVENT,000001000000000000000100000100001000000000000000010000000001,0.14873403066464808,3318.4147317784937
1511281450648,INFO,AGENT_EVENT,000100000000001010000000000011110000000000000000010000000000,0.07245486113016741,6110.633211902798
1511281453384,INFO,AGENT_EVENT,010000010001101100100011000000100000100000100000000100000010,0.14813469895389852,6390.877858898198
1511281454070,INFO,CLICK_EVENT,010000010001101100100011000000100000100000100000001000001000,0.16949855549734927,6953.157336914381
1511281455072,INFO,AGENT_EVENT,010000000000001000000010001000100000000000100001000000010000,0.140568413125,2973.5252121455223
1511281455991,INFO,AGENT_EVENT,000000000000000000000000000000010010000000000000000000000010,0.018333980709374975,527.5968085164576
1511281458633,INFO,AGENT_EVENT,010000000001000000000011100101100000001001000001000000011000,0.1799719368606323,6831.338436389948
1511281458807,INFO,CLICK_EVENT,100001000000101100100011000000100000100000100001000000001000,0.16043216976693264,6975.674184585407
1511281460096,INFO,AGENT_EVENT,000000000001000000000000000000000000000000100101000000011000,0.12823680519118696,2554.6324194387535
1511281462825,INFO,AGENT_EVENT,010000010001101101100100100000100000000000000000000000011000,0.18544945885781372,6020.76114522052
1511281464333,INFO,AGENT_EVENT,010000000000001000100000100000100000000000100000001000010000,0.08543675682500007,2948.4959976755918
1511281466057,INFO,AGENT_EVENT,000001000000000001000100000100001000000000000000010000000001,0.1453539537120736,4141.325218195658
1511281466947,INFO,AGENT_EVENT,000000000000000000010000000000000000000000000010000000000000,0.010874309375000002,378.6840410330834
1511281467791,INFO,CLICK_EVENT,010000010001101101100100100000100000000000000000000000011000,0.18544945885781372,6020.76114522052
1511281468820,INFO,AGENT_EVENT,010000000001000000000011100101100000001010000000000000000000,0.120298287282255,5850.894847628055
1511281471223,INFO,AGENT_EVENT,010000010001101100110000100000100000000000100000000000010000,0.15785955923986894,4763.051109191945
1511281473290,INFO,AGENT_EVENT,000000000001101100100011000000100000100000110000000000001000,0.1414944263750172,5848.607875748013
1511281474573,INFO,AGENT_EVENT,001000000000000000000010001000000000000000100000000000010000,0.05694314192500005,2192.022502810537
1511281475865,INFO,AGENT_EVENT,000000000001000000000000000000000001000000000000000000010000,0.09452627945225,894.1907027532731
1511281476463,INFO,CLICK_EVENT,000000000000000000000000000000000000000000000000000000000000,0,0
1511281477576,INFO,AGENT_EVENT,010100000000100000000001000101000000000000100110011000000000,0.11675232762959853,5442.506411303204
1511281477638,INFO,CLICK_EVENT,010000000001000000000011100101100000001000000000000000000010,0.14893999090315324,4598.413187749673
1511281478554,INFO,AGENT_EVENT,000000000000000000000000100000010010000000000000000000000010,0.018333980709374975,706.8527125426534
1511281479335,INFO,CLICK_EVENT,010000010000100000000001100000100000000000000000001001100000,0.1465115092029743,4005.3271202640817
1511281481307,INFO,AGENT_EVENT,010000010001101100100011000000100000100000100000000001010000,0.16200333638154507,6526.356990501702
1511281481800,INFO,CLICK_EVENT,010000010001101100100000100000100000000000100000000000010000,0.1578824204732724,4638.584350273004
1511281482209,INFO,AGENT_EVENT,000000000000000000000000000000000000100010100000000000000000,0.03155349199977575,1950.9214815541259
1511281482744,INFO,CLICK_EVENT,010000010001101100110000100000100000000000100000000000010000,0.15785955923986894,4763.051109191945
1511281483769,INFO,AGENT_EVENT,100000000000000000000011000000100000100000100010000000001000,0.13642680051381528,2520.193904587127
1511281485237,INFO,AGENT_EVENT,000000000001000000010100000000000000000001000010000000000000,0.12182425719106571,2156.6472000552685
1511281485544,INFO,CLICK_EVENT,000001000000000001000100000100001000000000000000010000000001,0.1453539537120736,4141.325218195658
1511281486177,INFO,CLICK_EVENT,010000010000100000000001100000100000000000000000001001100000,0.1465115092029743,4005.3271202640817
1511281486268,INFO,AGENT_EVENT,000000000000001000000000000000010000000000000000000000010000,0.033822506952249975,1014.7045885542537
1511281486696,INFO,CLICK_EVENT,001001000000000000000011000000100000100000100000000000001000,0.1457762537995062,4236.0928301701415
1511281487376,INFO,CLICK_EVENT,010000000001000000000011100101100000001000000000000000000010,0.14893999090315324,4598.413187749673
1511281487571,INFO,AGENT_EVENT,010000000000000000000000000001000000000001000000000000000000,0.0663718700863033,2188.807412663039
1511281489080,INFO,AGENT_EVENT,000000000001000000010000000000000001000000000000000000010000,0.09900890067500001,1061.4971290475291
1511281489328,INFO,CLICK_EVENT,010000010001101100100100100000100000000000000010000010000000,0.15679968391721044,5176.270913973482
1511281490701,INFO,AGENT_EVENT,000000000001001000000000000000000000000000100101000000011000,0.13179456829304803,3238.002175067274
1511281491504,INFO,CLICK_EVENT,010100000000100000000001000001000000000000100110011000011000,0.14826218110337985,5969.735663050435
1511281491827,INFO,AGENT_EVENT,000000000001000000000000000000000000000001000000000010000000,0.09929318618078165,1982.1851569323985
1511281493768,INFO,CLICK_EVENT,010000010001101100100100100000100000000000000000001001000000,0.15704552830277752,6286.060601881532
1511281494552,INFO,AGENT_EVENT,010000010001101100100011000000100001100000100000000000001000,0.17735630137740632,6315.608663250502
1511281496001,INFO,CLICK_EVENT,010000010001101100100011000000100000100000100000000001010000,0.16200333638154507,6526.356990501701
1511281496093,INFO,AGENT_EVENT,001000000000100000000010001000100000000000100000000000010000,0.07204714567500003,2688.393877022749
1511281497333,INFO,AGENT_EVENT,000000000001000000000000100000000001000000000000000000010000,0.09452627945225,1054.3107576425002
1511281498465,INFO,AGENT_EVENT,010000000001000000000000000000010010000000000000000000010000,0.11947884625000005,1018.3149008795593
1511281498649,INFO,CLICK_EVENT,100001000000101100100011000000100000100000100001000000001000,0.16043216976693264,6975.674184585407
1511281499866,INFO,AGENT_EVENT,001000000000000000000000000000000000010000100101000000011000,0.08228079904510577,3220.068384309122
1511281501204,INFO,AGENT_EVENT,000001000000000000000100000100001000001000000000010000000000,0.10210249092556345,3724.953048103433
1511281501937,INFO,CLICK_EVENT,010000010001101100100001100000100000000000100000100011000100,0.16285596741356434,7409.122903752614
1511281503007,INFO,AGENT_EVENT,010000000000000000000011100101100000000000001000010000000001,0.09838471448549257,4581.905811228019
1511281503385,INFO,CLICK_EVENT,010000010001101101100100100000100000000000000000000000011000,0.18544945885781372,6020.76114522052
1511281504692,INFO,AGENT_EVENT,000000000001001000000000000000010000000000100101000000011000,0.13179456829304803,3405.041022588513
1511281506146,INFO,FILTER_EVENT,000000000000000000000000000000000000000000001000000000000000,-1,-1
1511281506460,INFO,AGENT_EVENT,010000000001000000000100001000000000000000100001000000010000,0.17864414701810838,2472.7919816425774
1511281513332,INFO,FILTER_EVENT,000000000000000000000000000000000000000100001000000000000000,-1,-1
1511281514927,INFO,FILTER_EVENT,000000000000000000000000000000000000000101001000000000000000,-1,-1
1511281520767,INFO,FILTER_EVENT,000000000000000000000000000000000000000101001000000001000000,-1,-1
1511281521775,INFO,AGENT_EVENT,010000010001101110100011000000100001100000100000000000001000,0.1799006000445723,7390.643225770406
1511281523733,INFO,AGENT_EVENT,000000000101000000000000000000000000000000000000000000000010,0.0818758427803764,1131.9681587723262
1511281524308,INFO,CLICK_EVENT,010000000001000000000100001000000000000000100001000000010000,0.17864414701810838,2472.7919816425774
1511281525530,INFO,AGENT_EVENT,100000000001000000000000000000000000000000000000010000000000,0.10321257635000003,785.8829260869131
1511281526872,INFO,FILTER_EVENT,000000000000000000000000000000000000000101000000000001000000,-1,-1
1511281528198,INFO,AGENT_EVENT,010000000001000000010000000000000001000000000000000000010010,0.145818933209375,1340.3395048624243
1511281530788,INFO,AGENT_EVENT,010000000001000100010000000000000001000000000000000000010000,0.1295081148642102,2052.879691365346
1511281531921,INFO,FILTER_EVENT,000000000000000000000000000000000000000100000000000001000000,-1,-1
1511281532457,INFO,FILTER_EVENT,000000000000000000000000000000000000000100000000000000000000,-1,-1
1511281534520,INFO,FILTER_EVENT,000000000000000000000000000000000000000000000000000000000000,-1,-1
1511281534776,INFO,AGENT_EVENT,010000010001101101100010000000100000100000100010000000001000,0.1741232635949741,6521.585057683522
1511281536099,INFO,AGENT_EVENT,010000000000001000000100000100000000000000000000010000000001,0.1178931246126329,3162.0049885084613
1511281537481,INFO,AGENT_EVENT,000000000001000000000100000000000001000000000000000000000010,0.12303684219921562,1389.771731724898
1511281539202,INFO,CLICK_EVENT,010000010001101101100100100000100000000000000000000000011000,0.18544945885781372,6020.76114522052
1511281540204,INFO,AGENT_EVENT,000000000001000000000011100101100000001001000001000010011000,0.14606778280645583,7553.836813734977
1511281540842,INFO,CLICK_EVENT,010000010001101100100100100000100000000000000010000010000000,0.15679968391721044,5176.270913973482
1511281542605,INFO,AGENT_EVENT,010000000101000000000100001000000000000000100001000000000010,0.1557840248209359,3231.684254583942
1511281542914,INFO,CLICK_EVENT,010000010001101101100100100000100000000000000000000000011000,0.18544945885781372,6020.76114522052
1511281544684,INFO,CLICK_EVENT,000000000000000000000000000000000000000000000000000000000000,0,0
1511281545319,INFO,AGENT_EVENT,011000010001101101100100100000100000000000000010000000001000,0.1573516915636417,7688.426309533597
1511281547245,INFO,AGENT_EVENT,010000000101100000010000000000000001000000000000000000010000,0.15343433107988647,2110.4825637787194
1511281547379,INFO,CLICK_EVENT,010000010001101100100100100000100000000000000010000010000000,0.15679968391721044,5176.270913973482
1511281548487,INFO,AGENT_EVENT,000000000001000000000100000000001000000001000010000000000000,0.11739464862786453,2704.254207000084
1511281549409,INFO,AGENT_EVENT,000000000000000000000000000000010000100000000000000000010000,0.029976079452250004,582.1922266193724
1511281552024,INFO,AGENT_EVENT,011000010001101100110000100000100000000000100000000000010000,0.14220152554587795,6338.370137508287
1511281554547,INFO,AGENT_EVENT,010000010001101101100010000000100000000000000000000000011000,0.18311987424590614,5998.388015590368
1511281556571,INFO,CLICK_EVENT,010000010001101100100100100000100000000000000000001001000000,0.15704552830277752,6286.060601881532
1511281556774,INFO,AGENT_EVENT,110000010001101100100011000000100000000000000010000000000000,0.12990085621815306,5878.839657657629
1511281558214,INFO,AGENT_EVENT,010000000001000000000000100001000001000000000000000000010000,0.14005646923063586,2490.2147789840337
1511281559361,INFO,AGENT_EVENT,000000000001000000000000000000000000100001000000000010000000,0.09470915247565137,2247.8295847794247
1511281560283,INFO,CLICK_EVENT,011000010001101100110000100000100000000000100000000000010000,0.14220152554587795,6338.370137508287
1511281560309,INFO,AGENT_EVENT,001000000000000000000000010000000000000000000000010000000000,0.030207552599999965,1209.915302592442
1511281561391,INFO,AGENT_EVENT,000000000001000000000000000000000000000000000000010000000001,0.09603827635000006,857.9738708399152
1511281562135,INFO,AGENT_EVENT,000000000000000000000000000000000000000000010010000000000000,0.0,271.07859092994323
1511281564379,INFO,CLICK_EVENT,010000010001101100100011000000100001100000100000000000000000,0.13817450736730133,5674.451497430062
1511281564887,INFO,AGENT_EVENT,010000010011101101100100100000010010000000000000000000010000,0.13152749407231057,6140.180078277903
1511281567305,INFO,AGENT_EVENT,000000000001000001000100000000000000001001000001000000011000,0.159442475213588,4750.633764573463
1511281568618,INFO,AGENT_EVENT,010000000001000000000100000000000000000001000010000000000000,0.1373770579061322,2209.339150802445
1511281569916,INFO,CLICK_EVENT,000000000001101100100011000000100000100000110000000000001000,0.1414944263750172,5848.607875748013
1511281570388,INFO,AGENT_EVENT,000000000000000000000011100101100000001000100000000000000010,0.1359832440832034,4359.889838954993
1511281571892,INFO,AGENT_EVENT,000000000001000000010100000000000001000000000000000000000010,0.12750062749591917,1509.0351010251377
1511281574404,INFO,AGENT_EVENT,010000010001101101110000100000100000000000100000000000000001,0.14361115166669325,5855.160873046256
1511281575890,INFO,AGENT_EVENT,100000000001000000000000000000000000000000000000010010011000,0.1203139534784411,2455.8350025438826
1511281578443,INFO,AGENT_EVENT,010000000101000000000100001000000000000000100001000000101000,0.17530232492385667,4224.9107468891925
1511281581051,INFO,AGENT_EVENT,010000000101100000010100000000000001000000000000000000001010,0.1594065576903888,3319.0876152207748
1511281582491,INFO,AGENT_EVENT,010000000101100000000010000000000000000000000000010000000000,0.09225157012786667,1942.67441666186
1511281583548,INFO,AGENT_EVENT,000000000000000000010010000000000000000000000010000000000000,0.012010953125000001,531.4651300133879
1511281584774,INFO,AGENT_EVENT,010000000000000000000100001000000000000001000010000000000000,0.0866634427018822,2618.17369508823
1511281586193,INFO,CLEAR_SCREEN,000000000000000000000000000000000000000000000000000000000000,N/A,N/A
1511281628723,INFO,EXPLORE_EVENT,000000000000100000000000000000000000000000000000000000000000,0.0144620975,259.2800180585232
1511281633520,INFO,EXPLORE_EVENT,000000000000100000000000000000000000100000000000000000000000,0.0144620975,510.14060047885664
1511281639584,INFO,EXPLORE_EVENT,000000000000100010000000000000000000100000000000000000000000,0.016445002672952846,1712.848078220968
1511281642745,INFO,EXPLORE_EVENT,000000100000100010000000000000000000100000000000000000000000,0.04796613502275692,2144.404438354899
1511281647351,INFO,EXPLORE_EVENT,000000100000100010000000000000010000100000000000000000000000,0.04796613502275692,2311.4432858761384
1511281649782,INFO,EXPLORE_EVENT,000000100000100010000000000000010000100000000000000000000000,0.04796613502275692,2311.4432858761384
1511281652184,INFO,EXPLORE_EVENT,000000100000100010000000000000010000100000100000000000000000,0.05046222974775692,2589.775556404922
1511281657490,INFO,EXPLORE_EVENT,000000100000100010000000000000011000100000100000000000000000,0.05046222974775692,3217.70225929744
1511281660731,INFO,EXPLORE_EVENT,000000100000100010000100000000011000100000100000000000000000,0.07186589266928955,3464.796441770737
1511281666019,INFO,CLICK_EVENT,000000100000100010000100000000011000100000100000000000000000,0.07186589266928955,3464.796441770737
1511281681700,INFO,CLEAR_SCREEN,000000100000100010000100000000011000100000100000000000000000,N/A,N/A
1511282136775,INFO,TREATMENT_1,000000000000000000000000000000000000000000000000000000000000,N/A,N/A
1511282149885,INFO,EXPLORE_EVENT,000000000000100000000000000000000000000000000000000000000000,0.0144620975,259.2800180585232
1511282154931,INFO,EXPLORE_EVENT,000000000000000000000000100000000000000000000000000000000000,0.0,258.5627292295798
1511282157598,INFO,EXPLORE_EVENT,100000000000000000000000000000000000000000000000000000000000,0.0144620975,259.2800180585232
1511282161775,INFO,EXPLORE_EVENT,100000000000100000000000000000000000000000000000000000000000,0.0144620975,518.5600361170464
1511282165150,INFO,EXPLORE_EVENT,100000000000000000000000100000000000000000000000000000000000,0.0144620975,517.842747288103
1511282168524,INFO,EXPLORE_EVENT,100000000000000000000000000000000000100000000000000000000000,0.0144620975,510.14060047885664
1511282170976,INFO,EXPLORE_EVENT,100000000000000000000000000000000000000000000000000000000000,0.0144620975,259.2800180585232
1511282173259,INFO,EXPLORE_EVENT,100000000000000100000000000000000000000000000000000000000000,0.016494996333087927,1125.0737014821802
1511282175995,INFO,EXPLORE_EVENT,100000000000000000000000000100000000000000000000000000000000,0.0144620975,1119.990033289776
1511282178968,INFO,EXPLORE_EVENT,100000000000000100000000000000000000000000000000000000000000,0.016494996333087927,1125.0737014821802
1511282179993,INFO,EXPLORE_EVENT,100000000000000000000000000000000000000000000000000000000000,0.0144620975,259.2800180585232
1511282181679,INFO,EXPLORE_EVENT,100000000000000000000000000000000000000000000000000100000000,0.018237705450390825,1053.4600404873186
1511282187764,INFO,CLICK_EVENT,100000000000000000000000000000000000000000000000000000000000,0.0144620975,259.2800180585232
1511282190867,INFO,EXPLORE_EVENT,100000000000000000000000000000000000000000000000000000000000,0.0144620975,259.2800180585232
1511282194450,INFO,EXPLORE_EVENT,100000000000000000000000000000000000000000000000000100000000,0.018237705450390825,1053.4600404873186
1511282199740,INFO,EXPLORE_EVENT,100000000000000000000000000000000000000100000000000000000000,0.0144620975,1053.3247678270563
1511282202764,INFO,EXPLORE_EVENT,100000000000000000000000000000000000000000000000000000000000,0.0144620975,259.2800180585232
1511282204625,INFO,EXPLORE_EVENT,100000000000000000000000000100000000000000000000000000000000,0.0144620975,1119.990033289776
1511282206732,INFO,EXPLORE_EVENT,100000000000000000000000000100000000000010000000000000000000,0.0294475252,1718.0554882115948
1511282210862,INFO,EXPLORE_EVENT,100000000000000000000000000100000000000011000000000000000000,0.04574612152588742,3035.050757844201
1511282213587,INFO,EXPLORE_EVENT,100000000000000000000000000100000000000011100000000000000000,0.048031672538108534,3601.490641871602
1511282217241,INFO,EXPLORE_EVENT,100000000000000000000000000100000000000011110000000000000000,0.04771555938194684,3717.920320264163
1511282220578,INFO,EXPLORE_EVENT,100000000000000000000000000100000000000011111000000000000000,0.03679219176038263,4123.418608993054
1511282229860,INFO,EXPLORE_EVENT,100000000000000000000000000100001000000011110000000000000000,0.04771555938194684,4196.714597450309
1511282235329,INFO,EXPLORE_EVENT,100000000000000000001000000100000000000011110000000000000000,0.053799179512124595,4387.131684762794
1511282239397,INFO,EXPLORE_EVENT,100000000100000000001000000100000000000011110000000000000000,0.07734181143449612,4875.512161578381
1511282244626,INFO,EXPLORE_EVENT,100000000100000000001000000100000010000011110000000000000000,0.07734181143449612,5164.132906416201
1511282258298,INFO,EXPLORE_EVENT,100000000100000000001000000100000010000011110001000000000000,0.08889892083760384,5627.912834737203
1511282262217,INFO,EXPLORE_EVENT,100000000100000000001000000100000011000011110000000000000000,0.08467554964848642,5669.533154454565
1511282264049,INFO,CLICK_EVENT,100000000100000000001000000100000011000011110000000000000000,0.08467554964848642,5669.533154454565
1511282272756,INFO,EXPLORE_EVENT,100000000100000000001001000100000010000011110000000000000000,0.10390783092898007,5647.651266570499
1511282282278,INFO,EXPLORE_EVENT,100000000100000000001001000100000010000011110000000000000000,0.10390783092898007,5647.651266570499
1511282289660,INFO,EXPLORE_EVENT,100000000100000000001001000111100010000000010000000000000000,0.08958082629647027,5813.288625891969
1511282299850,INFO,EXPLORE_EVENT,100000000100000000001001000101100010000010010000000000000000,0.10496619353042023,5249.0299312431525
1511282303444,INFO,EXPLORE_EVENT,100000000100000000001001000101100010000010010000000000000000,0.10496619353042023,5249.0299312431525
1511282308497,INFO,EXPLORE_EVENT,100000000100000001101001000100000010000010010000000000000000,0.08942524904940427,5196.646125592993
1511282315711,INFO,EXPLORE_EVENT,000000000000000000000000000000000000000000000000000000000000,0.0,0.0
1511282318681,INFO,EXPLORE_EVENT,100000000000000000000000000000000000000000000000000000000000,0.0144620975,259.2800180585232
1511282324374,INFO,EXPLORE_EVENT,100000000000010000000000001000000000000000000000000000000000,0.03756855125,1205.949328866117
1511282326887,INFO,EXPLORE_EVENT,100000000000010000000000001000000000000100000000000000000000,0.03756855125,2000.050070081978
1511282330299,INFO,EXPLORE_EVENT,100000000000010000000000001000000000000100000000000010000000,0.054522232600000005,2598.2673633043323
1511282332416,INFO,CLICK_EVENT,100000000000010000000000001000000000000100000000000010000000,0.054522232600000005,2598.2673633043323
1511282337287,INFO,EXPLORE_EVENT,100000000000010000000000001000000000000100000010000010000000,0.054522232600000005,2794.25965810729
1511282347403,INFO,EXPLORE_EVENT,100000000000010000000000001000001000000100000010000010000000,0.054208993124106056,3830.1879682367016
1511282352009,INFO,EXPLORE_EVENT,100000000000010000000000001000000000000100000010000010001000,0.07520723945210203,3743.9015733292526
1511282360356,INFO,EXPLORE_EVENT,100000000000010000000000001000000000000100000010000010001100,0.08073134829954846,3969.270828470325
1511282366895,INFO,EXPLORE_EVENT,100000000000010000100000001000000000000100000010000010001100,0.10578623700911426,4309.086691107552
1511282375866,INFO,EXPLORE_EVENT,100000000000010000100000001000010000000100000011000010001100,0.11348193271832344,4846.647004790322
1511282381749,INFO,EXPLORE_EVENT,100001000000010000100000001000010000000100000011000010001100,0.13262171948021417,5903.841218632775
1511282390182,INFO,EXPLORE_EVENT,100001000000010000100000001000010100000100000011000010001000,0.12763783716158159,6554.895110590767
1511282398698,INFO,EXPLORE_EVENT,100001000000010000100100001000010000000100000011000010001000,0.12313632352284551,6453.478935139987
1511282403442,INFO,EXPLORE_EVENT,100001000100010000100000001000010000000100000011000010001000,0.12540791919244487,5943.863874503868
1511282409778,INFO,EXPLORE_EVENT,100001000000010000100000001000010100000100000011000010001000,0.12763783716158159,6554.895110590767
1511282420097,INFO,EXPLORE_EVENT,100001000000010000100000001000010000000100000111000010001000,0.12730116445535153,5905.36223548568
1511282425361,INFO,EXPLORE_EVENT,100001000000110000100000001000010000000100000111000010001000,0.1452569954461909,6081.2999655182275
1511282430971,INFO,EXPLORE_EVENT,100001000000110000100000011000010000000100000111000010001000,0.1452569954461909,6271.319472976704
1511282434634,INFO,EXPLORE_EVENT,100001000000110000100000011000010000000100000111000010001000,0.1452569954461909,6271.319472976704
1511282439051,INFO,EXPLORE_EVENT,100001000000110000100000011000010000001100000111000010001000,0.14508921742813238,7380.327905541681
1511282446653,INFO,EXPLORE_EVENT,101001000000110000100000011000010000000100000111000010001000,0.14138425560638773,7348.7091804524025
1511282454623,INFO,EXPLORE_EVENT,100001000000110000100000011000010000000100000111000010001000,0.1452569954461909,6271.319472976704
1511282461193,INFO,EXPLORE_EVENT,100101000000110000100000011000010000000100000111000010001000,0.12780370927291923,6957.656274517558
1511282472888,INFO,EXPLORE_EVENT,100001100000110000100000011000010000000100000111000010001000,0.14485982812459686,6907.234467987773
1511282487332,INFO,EXPLORE_EVENT,110001000000110000100000001000010000000100000111000010001000,0.1401210545960921,6413.570501875143
1511282492202,INFO,EXPLORE_EVENT,110001000000110000100000001000010000000100000110000010001001,0.14921238630954073,6397.836105141323
1511282498356,INFO,EXPLORE_EVENT,110001000000110000100000001000110000000100000110000010001001,0.14921238630954073,6753.003793310872
1511282502385,INFO,CLICK_EVENT,110001000000110000100000001000010000000100000110000010001001,0.14921238630954073,6397.836105141323
1511282512906,INFO,EXPLORE_EVENT,110001000000110000100000001000110000000100000111000010001000,0.1401210545960921,6768.738190044694
1511282530543,INFO,EXPLORE_EVENT,110001000000110000100000001000110001000100000110000010001000,0.18356101843515663,6585.101665620161
1511282587467,INFO,EXPLORE_EVENT,110001000000110000100000001000110001000100000111000010001000,0.18565244343515663,7001.089934906622
1511282616580,INFO,EXPLORE_EVENT,110001000000111000100000001000110001000100000110000010001001,0.17118201808403877,8725.067695197722
1511282623570,INFO,EXPLORE_EVENT,111001000000110000100000001000110001000100000110000010001001,0.1791568238275631,8049.586171313133
1511282629578,INFO,EXPLORE_EVENT,110001000000110000100000001000110001000100000110000010001001,0.1815505427215927,6985.82792166529
1511282639674,INFO,EXPLORE_EVENT,110001000000110000100000001000110001000100000110000010011001,0.18981177896970086,7092.085398667088
1511282650530,INFO,EXPLORE_EVENT,110001000000110000100000001000110001000100010110000010001001,0.1815505427215927,7114.092921852038
1511282668327,INFO,EXPLORE_EVENT,110001000000110000100000001000110001000100000111000010011000,0.19522113235615662,7107.873068417286
1511282673798,INFO,CLICK_EVENT,110001000000110000100000001000110001000100000111000010011000,0.19522113235615662,7107.873068417286
1511282691752,INFO,EXPLORE_EVENT,110001000000110000100000001000110001000100000110000010011001,0.18981177896970086,7092.085398667088
1511282708516,INFO,EXPLORE_EVENT,110001000000110000100000001000110001000100000110000010011001,0.18981177896970086,7092.085398667088
1511282721938,INFO,EXPLORE_EVENT,110001000000110001100000001000110001000100000110000010011001,0.17028220776426717,8589.135668466184
1511282731494,INFO,EXPLORE_EVENT,110001000000110000100000001000110001000101000110000010011001,0.19880251971452015,7808.399504734258
1511282748444,INFO,EXPLORE_EVENT,110001000000110000100000001000110001000101001010000010010101,0.19556974731044469,7809.8977683611865
1511282764082,INFO,EXPLORE_EVENT,110001000000110000100000001000110001000101001001000010010110,0.19935748513964072,7804.708180862022
1511282791251,INFO,EXPLORE_EVENT,110001000000100000100001011000110000000101001001000010010110,0.1857203927628834,7811.177366149732
1511282815128,INFO,EXPLORE_EVENT,110001000000110000100000001000110001000101011000000010000111,0.1902916336044203,7810.173862989781
1511282846463,INFO,EXPLORE_EVENT,000000000000000000000000000000000000000000100001000001111000,0.11204231999295106,2797.303030404588
1511282851971,INFO,EXPLORE_EVENT,000000000000000000000000000000000000000000000000000000110000,0.05321386701250001,471.9963656786398
1511282859224,INFO,EXPLORE_EVENT,000000000000000000000000000000000000000000000001000000000000,0.057578128125,371.2135431246241
1511282863476,INFO,EXPLORE_EVENT,000000000000000000000000000000000000000000000000000000000000,0.0,0.0
1511282874069,INFO,EXPLORE_EVENT,000000000000000000000000100000000000100000000000000000000000,0.0,509.4233116499132
1511282875933,INFO,EXPLORE_EVENT,000000000000000000000000100000000000110000000000000000000000,0.0,669.9945822954137
1511282880572,INFO,EXPLORE_EVENT,000000000000001000000000101000000000110000000000000100000000,0.008433029200390825,2745.393116810344
1511282897410,INFO,EXPLORE_EVENT,000101010000001100100000101010000000110010000000000001100000,0.07164155501982382,9928.560010674202
1511282900152,INFO,CLICK_EVENT,000101010000001100100000101010000000110010000000000001100000,0.07164155501982382,9928.560010674202
1511282918828,INFO,EXPLORE_EVENT,000101010000101010000000110010000000001100000000010001100000,0.07765872903205961,9628.812234086357
1511282928638,INFO,EXPLORE_EVENT,010001100000101010000000110010000000001100000000000101010000,0.09084255400393859,9600.793738640961
1511282935700,INFO,EXPLORE_EVENT,010001100000101010000000110100000000001010000000000101010000,0.10436204148303957,9519.541382745118
1511282958474,INFO,EXPLORE_EVENT,000000000000000000000000000000000000000000000000011011100000,0.03297817884329935,3812.2257465996217
1511282960678,INFO,EXPLORE_EVENT,000000000000000000000000000000000000000000000000000000000000,0.0,0.0
1511282961932,INFO,EXPLORE_EVENT,000000000000000000000000000000000000000000000000000000100000,0.021025948837500003,412.71697524122806
1511282977973,INFO,EXPLORE_EVENT,000000000000101001000000110000000000011000000000000000000000,0.036635806810477,3602.3966095929895
1511282980327,INFO,EXPLORE_EVENT,000000100000101001000000110000000000011000000000000000000000,0.06215281917068145,4033.952969726921
1511282989283,INFO,EXPLORE_EVENT,000000100000101001000000110000000000011000100000000000000000,0.06513502167068146,4320.424535391979
1511283001474,INFO,EXPLORE_EVENT,000000101000101001000000110000010000011000100000000000000000,0.06557113074972647,5238.820944727841
1511283009100,INFO,EXPLORE_EVENT,000000000000000000000000000000000000000000000000000000000000,0.0,0.0
1511283014024,INFO,EXPLORE_EVENT,000000000000000000000000000000000000000000100000000000000000,0.021025948837500003,412.61622373455975
1511283015202,INFO,EXPLORE_EVENT,000000000000000000000000000000000000000000110000000000000000,0.021025948837500003,471.88168587316125
1511283016750,INFO,EXPLORE_EVENT,000000000000000000000000000000000000000000110000000000010000,0.05321386701250001,636.3084595306043
1511283022273,INFO,EXPLORE_EVENT,000000000000000000000000000000000000000000000000000000000000,0.0,0.0
1511283034006,INFO,EXPLORE_EVENT,000000000000000000000000000110000000000110000000000000000000,0.0037484542507329496,3429.985051023319
1511283040771,INFO,EXPLORE_EVENT,000110000000000110000000000000000000000000000000000000000000,0.009341577259971487,3685.1088793499775
1511283046770,INFO,EXPLORE_EVENT,000000000000000110000000000110000000000000000000000000000000,0.003543809652499956,3666.38763293757
1511283050523,INFO,EXPLORE_EVENT,000010000000000100000000000010000000000000000000000000000000,0.017018326533087925,2120.034738758175
1511283055710,INFO,EXPLORE_EVENT,000000000000000010000000000100000000000010000000000000000000,0.022366309999999997,2033.047954437011
1511283067247,INFO,EXPLORE_EVENT,000000000000110000000000110000000000000000000000000011000000,0.0839651252276555,2801.2218872782923
1511283073384,INFO,EXPLORE_EVENT,000000000000000000000000000000000000000000000000000010000000,0.014985427700000003,598.2172932223544
1511283074291,INFO,EXPLORE_EVENT,000000000000000000000000000000000000000000000000000000000000,0.0,0.0
1511283081859,INFO,EXPLORE_EVENT,000011000000000011000000000000000000000000000000000000000000,0.042897800091121985,3994.458733659274
1511283086447,INFO,EXPLORE_EVENT,000000000000000011000000000011000000000000000000000000000000,0.03214288999094997,3973.2239305711555
1511283090890,INFO,EXPLORE_EVENT,000000000000000000000000000011000000000011000000000000000000,0.03912786212887658,3693.9122485780745
1511283096435,INFO,EXPLORE_EVENT,000000000000000000000000000000000000000011000000000011000000,0.03750398240097653,3830.6691341779556
1511283101630,INFO,EXPLORE_EVENT,000000000000000000000000000000000000000000000000000000010000,0.02997607945225,164.2924476480789
1511283106483,INFO,EXPLORE_EVENT,000000000000000000000000000000000000000000000000000100010000,0.00914879962501614,913.5201622406413
1511283113834,INFO,EXPLORE_EVENT,000000000000000000000000000000000000000000000000000000010000,0.02997607945225,164.2924476480789
1511283119248,INFO,EXPLORE_EVENT,000000000000000000000000000000000000000000000000000000000000,0.0,0.0
1511283151159,INFO,EXPLORE_EVENT,000000000000000000000000000000000000000000000000000001000000,0.034490330445186075,1018.2153095018691
1511283156480,INFO,CLEAR_SCREEN,000000000000000000000000000000000000000000000000000001000000,N/A,N/A
1511283165888,INFO,EXPLORE_EVENT,000000000000000000000000000000000000000000000000000000000000,0.0,0.0
1511283172971,INFO,EXPLORE_EVENT,000000000000110000000000110000000000000000000000000000000000,0.048161050000000004,885.6134776547617
1511283176683,INFO,EXPLORE_EVENT,000000000000110000000000110000000000001100000000000100000000,0.05206587952828196,3512.974678720728
1511283181054,INFO,EXPLORE_EVENT,001100000000111100000000110000000000000000000000000000000000,0.014362004014071773,4944.156459019037
1511283205769,INFO,EXPLORE_EVENT,000000000100110000000100111100000000001111000000000000000000,0.07749808778100203,7458.067391926212
1511283213926,INFO,EXPLORE_EVENT,000000000100110000000100111100000000001111000000000010000000,0.09852192864199716,8056.2846851485665
1511283220596,INFO,CLICK_EVENT,000000000100110000000100111100000000001111000000000010000000,0.09852192864199716,8056.2846851485665
1511283243707,INFO,CLEAR_SCREEN,000000000100110000000100111100000000001111000000000011000000,N/A,N/A