1509826696055,INFO,DEMO_TREATMENT,000000000000000000000000000000000000000000000000000000000000,N/A,N/A
1509826707706,INFO,EXPLORE_EVENT,000000000000000000000000000001000000000000000000000000000000,0.0022939537500000005,669.124948394517
1509826744269,INFO,EXPLORE_EVENT,000000000000000000000000000001000000000000000000000000000001,0.008377573880177763,1338.336312893148
1509826764452,INFO,CLICK_EVENT,000000000000000000000000000001000000000000000000000000000001,0.008377573880177763,1338.336312893148
1509826777414,INFO,CLICK_EVENT,000000000000000000000000000001000000000000000000000000000000,0.0022939537500000005,669.124948394517
1509826781130,INFO,CLICK_EVENT,000000000000000000000000000001000000000000000000000000000001,0.008377573880177763,1338.336312893148
1509826852205,INFO,EXPLORE_EVENT,000000000000000000000000000001010000000000000000000000000001,0.024921613982194824,2802.7879785496534
1509826856898,INFO,EXPLORE_EVENT,000000000000000000000000000001010000000000000000000000000001,0.024921613982194824,2802.7879785496534
1509826858882,INFO,EXPLORE_EVENT,000000000000000000000000000001010000000000000000000000000001,0.024921613982194824,2802.7879785496534
1509826861093,INFO,EXPLORE_EVENT,000000000000000000000000000001010000000000000000000000000001,0.024921613982194824,2802.7879785496534
1509826866384,INFO,EXPLORE_EVENT,000000000000000000000000000001010000000000000000000000000001,0.024921613982194824,2802.7879785496534
1509826868349,INFO,EXPLORE_EVENT,000000000000000000000000000001010000000000000000000000000001,0.024921613982194824,2802.7879785496534
1509826870778,INFO,CLICK_EVENT,000000000000000000000000000001000000000000000000000000000001,0.008377573880177763,1338.336312893148
1509826873983,INFO,CLICK_EVENT,000000000000000000000000000001010000000000000000000000000001,0.024921613982194824,2802.7879785496534
1509826902540,INFO,EXPLORE_EVENT,000000000000000000000000000001010000000000100000000000000001,0.028607563507315265,3668.6376534206383
1509826904508,INFO,CLICK_EVENT,000000000000000000000000000001010000000000100000000000000001,0.028607563507315265,3668.6376534206383
1509826938007,INFO,EXPLORE_EVENT,000000000000000000000000000001010000000000100000000000000001,0.028607563507315265,3668.6376534206383
1509826945028,INFO,CLICK_EVENT,000000000000000000000000000001010000000000000000000000000001,0.024921613982194824,2802.7879785496534
1509826948139,INFO,CLICK_EVENT,000000000000000000000000000001010000000000100000000000000001,0.028607563507315265,3668.6376534206383
1509826967701,INFO,EXPLORE_EVENT,000000000000000000000000000000000000000000100000000000000001,0.009769569655298207,1535.061039369616
1509826970434,INFO,EXPLORE_EVENT,000000000000000000000000000000000000000000000000000000000001,0.006083620130177763,669.211364498631
1509826972273,INFO,EXPLORE_EVENT,000000000000000000000000000000000000000000000000000000000000,0.0,0.0
1509826977051,INFO,CLICK_EVENT,000000000000000000000000000000000000000000000000000000000000,0,0
1509826981197,INFO,CLEAR_SCREEN,000000000000000000000000000000000000000000000000000000000000,N/A,N/A
1509827027166,INFO,TREATMENT_2,000000000000000000000000000000000000000000000000000000000000,N/A,N/A
1509827091603,INFO,AGENT_EVENT,000000000010000000010000000000100000000001000000010010100000,0.0992723439247124,3768.2712534833136
1509827092889,INFO,AGENT_EVENT,100000000000000010100000000000000000000000000100001000000010,0.05661096253437503,2486.9062969266374
1509827094080,INFO,AGENT_EVENT,000010000000000010100010000000000000000000000100001000000010,0.08536982765000001,3058.4590311549987
1509827095970,INFO,AGENT_EVENT,000101000000000001000010000000000010010001001000000011010000,0.062151853913217314,6857.193075102145
1509827097028,INFO,AGENT_EVENT,000000000000001000000010000000011000000000000000100000000100,0.05005577979608944,2387.6782514422935
1509827098270,INFO,AGENT_EVENT,000101000001000000000000001000000000000100000000001000000001,0.07305150567508178,4515.960231327171
1509827100137,INFO,AGENT_EVENT,010001000000001000000000000000000000000000100000010010110000,0.11289587852785277,4508.0434741612935
1509827101395,INFO,AGENT_EVENT,000000100010000100000000000100000010000000000000101000110000,0.09961119830808796,3793.983199763059
1509827102587,INFO,AGENT_EVENT,000000010000000000000000000000100000000000000000000011010000,0.06877024324359005,2617.1360968644894
1509827103565,INFO,AGENT_EVENT,000000000010000100000000000000000000000000011000000000000010,0.02939704914558794,2091.143780208481
1509827104392,INFO,AGENT_EVENT,000000000000000000000000000001000000000000000001000000000000,0.08287625096447404,1373.5414354824024
1509827105676,INFO,AGENT_EVENT,000001010000000000000000000100000010000000000000101000110000,0.12297623179073947,3485.982381999155
1509827107487,INFO,AGENT_EVENT,000010110000010010000000000000000000010000000000000011011001,0.13408392247801237,5612.572035925419
1509827108699,INFO,AGENT_EVENT,000000000010000100000000000100000010100000000000101000110000,0.08841712580808792,3726.2667047824093
1509827109962,INFO,AGENT_EVENT,000000001000000010100000000000000000000000000100000011010000,0.09142777470756236,4023.5062107758704
1509827111146,INFO,AGENT_EVENT,000000000010000000010010000000011000000000000000000000000100,0.07571086330244614,1808.7669538088608
1509827112572,INFO,AGENT_EVENT,000001010000000000000000000100000010000000000000101000110010,0.12989362147860772,4662.641617809177
1509827113790,INFO,AGENT_EVENT,000010000000000010100010100000000000000000000100001000000010,0.08536982765000001,3316.9644036510804
1509827115093,INFO,AGENT_EVENT,000000000010000000010010000000011000000000000000000000001000,0.06932044563596185,2009.9304783570215
1509827116573,INFO,AGENT_EVENT,000000010000010010000000000000000000010000000000000001011001,0.08470144608898666,3934.1601049092114
1509827117870,INFO,AGENT_EVENT,000001010000000000100010000000000100000000000100001000000010,0.11388039663725702,3422.2288615543284
1509827119239,INFO,AGENT_EVENT,000101000001000010000000001000000010000000000000101000110000,0.10308997048137647,4826.059581638453
1509827120540,INFO,AGENT_EVENT,000000000010000100000000000100000010100000100000101000110000,0.0892049483080879,4041.8292259644786
1509827121462,INFO,AGENT_EVENT,001001010000000000000000000000000000000000000000000000000000,0.04301031346927042,2210.6957352558034
1509827122551,INFO,AGENT_EVENT,000000100010000000000000000000000000000000000000000000001010,0.08081566560981879,1438.4187049081231
1509827124752,INFO,AGENT_EVENT,000001000100000000000001101001011000000001000000010010100000,0.15308078207308684,7513.185038935309
1509827126231,INFO,AGENT_EVENT,000010000000000010100010000000001000000000000100001000000010,0.08536982765000001,3725.329407400054
1509827128403,INFO,AGENT_EVENT,000001000100000000000001001001011000000001010000010010100000,0.15266577718460772,7293.243012032557
1509827130200,INFO,AGENT_EVENT,000001010000000010100010000000100000000001000000010010100000,0.12473624593132016,5469.739573484238
1509827131578,INFO,AGENT_EVENT,000110000001101000100000000000000000000000000000000001001010,0.09806594427788351,5208.009515912252
1509827132518,INFO,AGENT_EVENT,000000010000000000100000000000000000000000000100000000000010,0.05178671267187496,1250.6400278235128
1509827133621,INFO,AGENT_EVENT,000000000000000000000000000001000000000000100010001000000011,0.1189085410114823,2588.592367453679
1509827135207,INFO,AGENT_EVENT,000000000010000000010000000010100010000000000000000000111001,0.10602682792948948,3321.168871297918
1509827136444,INFO,AGENT_EVENT,000001010000000000001000000100000010000000000000000000001000,0.1064140716874662,3589.8403722802445
1509827137537,INFO,AGENT_EVENT,000000000000000000000000000001000000000000000000100000001010,0.07499169281539986,2096.2984111734595
1509827139226,INFO,AGENT_EVENT,101000010001000000000000000010101001101000000000000000001010,0.14950216154614937,6522.020939359926
1509827140622,INFO,AGENT_EVENT,000000010000000000100100000000000001101000000000000000001010,0.16227389014533222,3233.4278506916685
1509827141317,INFO,AGENT_EVENT,000000000000000000000000000000000001000000000000000000000000,0.05414406562499996,363.9592794270581
1509827142658,INFO,AGENT_EVENT,101000000010000000010010000000011000000000000000000000000100,0.10342614230578362,3432.4822732412213
1509827143520,INFO,AGENT_EVENT,000001000000100000000000000000000000001000000000000000000000,0.059698424243346815,1937.514150511396
1509827144675,INFO,AGENT_EVENT,000000000000000000000000000000000001101000000000000000001011,0.09614106892895935,2436.781927420119
1509827146404,INFO,AGENT_EVENT,000000000100000000000001101001011000000001000000010010110000,0.18286249643459984,6797.247965711637
1509827147581,INFO,AGENT_EVENT,000001000100000000000000000000000000000000000000000000001010,0.07818702745404138,2100.915889587106
1509827149204,INFO,AGENT_EVENT,000000000100000000000000101001011000000001000000010010110000,0.13367731109431435,6431.312527789917
1509827150752,INFO,AGENT_EVENT,000000000100000000000001101001011000010001000000010010100000,0.15722111109313408,6973.088958057084
1509827151903,INFO,AGENT_EVENT,000001010000000000100010000000000100001000000000000000000000,0.06625314476225697,2855.56775097628
1509827152669,INFO,AGENT_EVENT,000000000000010000000000000000000000000000000000000000000001,0.08302487812500003,639.9710435273994
1509827154454,INFO,AGENT_EVENT,000000000100000000000001101001011000010001000000000011010000,0.14065320938418657,6930.653696136139
1509827155255,INFO,AGENT_EVENT,000000000000000000000000000001000000000010000000000000000000,0.04924256771604685,1600.3933472795975
1509827156603,INFO,AGENT_EVENT,000010110000010010000000000000000000010000000000000000001010,0.11944351221534655,3632.0272352379297
1509827157525,INFO,AGENT_EVENT,000000000000000000000000000000000000000000000000000000000110,0.04900403336841175,619.9552037112885
1509827158368,INFO,AGENT_EVENT,000000000000010000000000000010000000000000000000000000000001,0.08499313177500001,1264.1511190453111
1509827159448,INFO,AGENT_EVENT,000000000000000000000000000101000010000000000000101000110000,0.09115845540838818,3207.0452384835125
1509827161038,INFO,AGENT_EVENT,100000000100000001000000000010101001101000000000000000001010,0.13747337171920648,6175.147390104974
1509827162340,INFO,AGENT_EVENT,000001010000000010001000000100000010000000000000000000001000,0.10260382867590312,4554.115473153579
1509827163778,INFO,AGENT_EVENT,000001000000100000000000000000000000010001000000110010100000,0.10253092708737599,4705.895760667299
1509827164932,INFO,AGENT_EVENT,000000000000010000000000000000000000100000000000000000000001,0.08302487812500003,890.7705350361775
1509827167152,INFO,AGENT_EVENT,100000000100000000010000000010100010000000000000000000111101,0.11930526491561377,4039.819501887744
1509827168268,INFO,AGENT_EVENT,000000000000000000010000000001000000000000000000000000001010,0.08437619903931637,1999.2313584563865
1509827169877,INFO,AGENT_EVENT,000000000100000000000000101001011000100001000000010010110000,0.1310162230561942,6698.314854289602
1509827171358,INFO,AGENT_EVENT,000010000000000010100010000000000001000000000100010010100000,0.13249601895556873,4428.079266178454
1509827172098,INFO,AGENT_EVENT,000000000000000000000000100000000000100000000000000000000001,0.05757812812499996,880.5708964720372
1509827173595,INFO,AGENT_EVENT,000000100010000000010000000010100010000000000000010010100000,0.08862669083056873,3752.2415762673554
1509827174752,INFO,AGENT_EVENT,000010110000010000000000001000000000000000000000000000000100,0.11232440949719136,2447.079670294724
1509827176578,INFO,AGENT_EVENT,000000000100000000000001101001011100010001000000000000000100,0.1242085911944193,5688.4906845396545
1509827178178,INFO,AGENT_EVENT,000100000000000000000001101001011000000001000000010010110000,0.1576467107432742,7214.689277217033
1509827179598,INFO,AGENT_EVENT,000000000100000000000001101001011000000000000000010000001010,0.14920810618627056,4914.644361937304
1509827180659,INFO,AGENT_EVENT,000000000000000000000000000000000000001000000000100000001011,0.06431181843079747,2240.37991421654
1509827181725,INFO,AGENT_EVENT,000000000000010000000000000000000000000000000000000000001110,0.0659569713458833,1329.7746739790464
1509827183583,INFO,AGENT_EVENT,000000010000000000000001001001011000000001000000010010101000,0.1372381826614386,6499.180532978402
1509827184309,INFO,CLICK_EVENT,000000000010000100000000000000000000000000011000000000000010,0.02939704914558794,2091.143780208481
1509827184808,INFO,AGENT_EVENT,100000000100000001000000000000000000000000000000000000001001,0.1246297322991281,2860.154617448137
1509827185789,INFO,AGENT_EVENT,000001000000010000000000000010000000000000000000000000000001,0.11724990513243139,2273.455665727328
1509827186930,INFO,AGENT_EVENT,000000010000000000000000010001000000000000000000000000001010,0.07734327625456505,2324.2153670644702
1509827188002,INFO,AGENT_EVENT,000000000000000000000000000001000000000000000010001000000011,0.1040078479238491,2264.585369888132
1509827189732,INFO,AGENT_EVENT,000000001000000000010000000010100010000000000000000000111001,0.11115552388112526,3736.6599889482864
1509827191461,INFO,AGENT_EVENT,100000000100000001000000000010101001101000000000000000101010,0.14125053245221508,6688.7338950712765
1509827194038,INFO,AGENT_EVENT,000100000000000000000001101011011000000001000000010010110011,0.15335798898761133,8779.958765981466
1509827195498,INFO,AGENT_EVENT,000100000000000000000001101011011000000101000000000000000100,0.11671355465653999,7198.27101190734
1509827196332,INFO,AGENT_EVENT,000000000000010000000000000000000000000000100000000000000001,0.10328617571249998,1052.5872672619591
1509827197563,INFO,AGENT_EVENT,000000000000000000000000000000000001101001000010001000000011,0.09992556792346874,3879.655898946487
1509827198491,INFO,AGENT_EVENT,101100000000000000000000000000000001000000100000000000000000,0.08459534234376154,3016.445891857485
1509827199604,INFO,AGENT_EVENT,000000000100000000000000000000000000000000000000000000011010,0.1041384082925485,1387.459223457789
1509827201255,INFO,AGENT_EVENT,000000010100000000000001101001011000000000000000000000000100,0.1207010293724411,4363.672830318565
1509827203715,INFO,AGENT_EVENT,110000000100000000000001001001011000000001000000010010100000,0.15972486308140577,6977.276743630913
1509827204918,INFO,AGENT_EVENT,000001000001010000000000000010000000000000000000000000001010,0.12604125234445307,3232.6786705156164
1509827206041,INFO,AGENT_EVENT,000010110000010000000000000000000000000000010100000000000010,0.09030286584687497,2092.070952231874
1509827207787,INFO,AGENT_EVENT,000010000000000010100010000000000001000000000100110010100000,0.14150437440364516,4697.9436756483565
1509827209181,INFO,AGENT_EVENT,000001010000000000100010000010000000000000000000000000001001,0.13064610221139783,3466.3323984057924
1509827210090,INFO,AGENT_EVENT,000100000000000000010000100000000000100000000000000000000001,0.07213838702512043,1913.7269976372786
1509827211038,INFO,AGENT_EVENT,000000000000000000000000000000000000000100000001010010100000,0.06023649578364787,3241.790188420226
1509827212729,INFO,AGENT_EVENT,000101000000000000000001101001011000000001000000000000001010,0.13458277225450088,6812.405490146122
1509827213609,INFO,AGENT_EVENT,000000010000000000000000000000000000000000000000000100000001,0.02422114998905922,1441.2833006185285
1509827214475,INFO,AGENT_EVENT,000000010000000000000100000000000000000000000000000000000000,0.057796622631621,615.771511426611
1509827218222,INFO,AGENT_EVENT,110000000100000000000001001001011000000001100000010010100011,0.1558582213398474,8170.094136332797
1509827219566,INFO,AGENT_EVENT,000001000100000000000000000010100000000000000000000000001010,0.09706663335776755,3081.199182601495
1509827221502,INFO,AGENT_EVENT,110000000100000000000011001001011000000001000000010010100000,0.16226085585389127,7161.187476150097
1509827222872,INFO,AGENT_EVENT,000001010000100000100010000000000100000000000100001000000010,0.1411293728872569,3606.547403434854
1509827224497,INFO,AGENT_EVENT,000000000010000010010000000010100010000000100010001000000011,0.13090673483750004,3673.8691679366466
1509827226077,INFO,AGENT_EVENT,000100000100000000000001101001011000000001000000010000000010,0.14749834025414288,5757.4827896155475
1509827227042,INFO,AGENT_EVENT,000000000000000000100010000010000000000000000000000000000001,0.08072484753749998,1604.2677730888606
1509827227761,INFO,AGENT_EVENT,000000000000000000000000000000000000000100000000000000000001,0.05757812812499996,1165.3667736830387
1509827229565,INFO,AGENT_EVENT,000001010001000000100010000010000000010001000000010010100000,0.12721842456882193,5866.435858673126
1509827231185,INFO,AGENT_EVENT,000000000110000000000001101001011000000000000000010000001010,0.14909328124922872,5187.87439781321
1509827232377,INFO,AGENT_EVENT,000000010000000000000100000000000000000000100000000000000011,0.14951750228671568,1505.9980368379588
1509827233476,INFO,AGENT_EVENT,000000010000000000100100000000010000000000000000000000000001,0.11824701163577445,1753.4877243977921
1509827234496,INFO,AGENT_EVENT,000000000000000000100100000000010000000000000000000000100001,0.11989796899340366,1850.6408406097812
1509827235929,INFO,AGENT_EVENT,000000000110000000100010000010000010000000000000000000001001,0.1481060479421188,3234.996616758316
1509827237073,INFO,AGENT_EVENT,000000000000000000000000000001000000000000000001001000000011,0.1098405053831919,2424.421298273929
1509827238063,INFO,AGENT_EVENT,000000000000010000000010000010010000000000000000000000000001,0.08711390235000005,1506.8330181311972
1509827238953,INFO,AGENT_EVENT,000000000100000000000000010000000000100000000000000000000001,0.09976598377340129,1338.3251573325526
1509827240265,INFO,AGENT_EVENT,000000010000000100100100000000010000000000000000000000001001,0.08852105235931573,3176.868512752936
1509827241345,INFO,AGENT_EVENT,000000000000000000000000000001000000000000000010001000000011,0.1040078479238491,2264.585369888132
1509827242578,INFO,AGENT_EVENT,000000000010000000010000000000000000000010010000000000001001,0.092262823579635,2195.8994445605654
1509827244239,INFO,AGENT_EVENT,101000010001000000000000000010101001001000000000000000001010,0.14950216154614937,6365.5170891168045
1509827245804,INFO,AGENT_EVENT,000000000100000000000001101001001000010001000000010010100000,0.15722111109313408,6836.410721665867
1509827247301,INFO,AGENT_EVENT,000000000110000000100010000110000010000000000000000000001001,0.1481060479421188,4585.965563500892
1509827247648,INFO,CLICK_EVENT,000000010000000000000000000000000000000000000000000100000001,0.02422114998905922,1441.2833006185285
1509827248608,INFO,AGENT_EVENT,000100000000000000000000000010101001001000000000000000001010,0.08232920221063833,5127.9106816477615
1509827249832,INFO,AGENT_EVENT,000000000100000000000000000000000000000000000001000000011010,0.1532203023685399,1758.6727665824133
1509827251869,INFO,AGENT_EVENT,110000000100100000000011001001011000000001000000010010100000,0.17807103957206283,7322.8624885302
1509827252983,INFO,AGENT_EVENT,100000000100000000000001101001000000000000000000000000000000,0.11193612863997793,3484.2353023111946
1509827255074,INFO,AGENT_EVENT,100000000100100000000011001011011000000001000000010010100000,0.1743183533666539,7944.604214719223
1509827256913,INFO,AGENT_EVENT,101000010001000000000000000010101001001001000000000000001010,0.16230780348980323,7682.902739570226
1509827258189,INFO,AGENT_EVENT,000000000100000000000000000000000000000000000000010000011010,0.09872096672061037,1686.874562598161
1509827259072,INFO,AGENT_EVENT,000000000000011000000000000000000000000000000000000000000001,0.08378952937499995,1245.8671336239445
1509827260712,INFO,AGENT_EVENT,000100010000000000100100000000000001101000000010001000000011,0.14275033432162965,5124.90301695807
1509827261919,INFO,AGENT_EVENT,000000000000010000000100000000000000000000100000000000000011,0.13346802015602244,1656.32706302434
1509827262794,INFO,AGENT_EVENT,000000010000000000000000000000000000000000000000000000000100,0.057376882593071166,607.3646263070556
1509827263853,INFO,AGENT_EVENT,000000000000000000000000000010000000000000000000000000011010,0.05741990789756457,1563.230935610111
1509827265335,INFO,AGENT_EVENT,110000000100000000000100000000000000000000100000000000000010,0.10786175763191264,2136.145484466058
1509827266326,INFO,AGENT_EVENT,000000000000010000100000000000000000000000100000000000000001,0.10679621928750005,1354.8781446047362
1509827267285,INFO,AGENT_EVENT,101000000000000000000000000000000000000000000000000000100100,0.08335113001978056,1875.763758224238
1509827268378,INFO,CLICK_EVENT,100000000100100000000011001011011000000001000000010010100000,0.1743183533666539,7944.604214719224
1509827268415,INFO,AGENT_EVENT,000000000100000000000001100000010000000000010000000000100001,0.1233870201109013,1954.5062714135076
1509827270195,INFO,AGENT_EVENT,101000010001000000000001000010101001101000000000000000000001,0.12257735500188194,6400.250137680929
1509827272159,INFO,AGENT_EVENT,010000000000010000000101001001011000000001000000010010100000,0.12509245029302984,7066.004435718502
1509827273040,INFO,AGENT_EVENT,000000000000010000100000100000000000100000000000000000000001,0.10626837821250001,1489.091770169486
1509827274183,INFO,AGENT_EVENT,000000010000011000000000000000000000000000000000000000001010,0.07911031368791632,1871.504567255375
1509827275191,INFO,AGENT_EVENT,000000000100011000000000000000000000100000000000000000000001,0.11950571930166898,1945.0749884983127
1509827276631,INFO,AGENT_EVENT,001000000001000000000000000010101001001000000000000000001010,0.12361061247665428,5154.518580071145
1509827278025,INFO,AGENT_EVENT,100000000100000001000000001000000000000000100000000000000011,0.1522172110531923,3325.2125884816114
1509827280091,INFO,AGENT_EVENT,110000000100100000000011001001011000000001000000000000001010,0.21624113593209193,6184.375304807489
1509827280988,INFO,AGENT_EVENT,000000000000010000000000000010010000000000000000000000000001,0.08499313177500001,1329.9504141422824
1509827282271,INFO,AGENT_EVENT,000000010000000000100100000000000000010000100000000000000011,0.1503513746527787,2230.0602523799425
1509827284139,INFO,AGENT_EVENT,100000000100100000000011001011111000000001000000000000000000,0.13433010278948265,6766.671649573094
1509827285578,INFO,AGENT_EVENT,000000000000010000100100000000000000010000100000000001000011,0.10244042429069822,3603.610254629738
1509827287149,INFO,AGENT_EVENT,110000000100000000000100000000000000000000100000000000000011,0.15694365170790392,2402.3438568990814
1509827288335,INFO,AGENT_EVENT,000000000100000000000001100000010000000000010000001000100001,0.12738620877340134,2542.094615259527
1509827290102,INFO,AGENT_EVENT,000000000000000000000011001001011000000001000000011010100000,0.12233597253146589,6986.4543271574275
1509827291548,INFO,AGENT_EVENT,101000010001000000000000000010000000000000100000010000000001,0.14973256746379748,3699.7990324368902
1509827292739,INFO,AGENT_EVENT,000000010001000000100100000000000000000000000000000000000001,0.1272642585107744,1819.5938650753033
1509827294919,INFO,AGENT_EVENT,000100010000000000000000000000000000000000000000000000000000,0.005708750998433376,986.7336685646567
1509827295862,INFO,AGENT_EVENT,000000000000010000100000000000000000000100100000000000000001,0.10679621928750005,2274.100131783488
1509827297744,INFO,AGENT_EVENT,110000000100000000000001001001011000000011000000000000001010,0.16024250198109413,6739.336389733211
1509827299385,INFO,AGENT_EVENT,110000000100000000000100000000000000000000100000001000001010,0.12565156049863258,3780.3083455118613
1509827300321,INFO,AGENT_EVENT,001000000000000000000000000000000000000000000000000000000110,0.05249917793921488,1303.3249593398089
1509827301450,INFO,AGENT_EVENT,100000010000010000100000000000000000000000100000000000000001,0.14472090433749996,1687.4950782474364
1509827302864,INFO,AGENT_EVENT,110000000100000000000100000000000000000010100000000000000000,0.10648145827253763,2447.9981284575247
1509827304566,INFO,AGENT_EVENT,000000010000000000100100000000010000000000000000000100001110,0.08856708773677313,3035.840560343409
1509827307161,INFO,AGENT_EVENT,000000000100000000000011001001011000000001000000000000001110,0.18912557295028365,5638.929032552071
1509827308310,INFO,AGENT_EVENT,000000000000000000000000000000000000000000000001000000000111,0.09477231530232233,1486.3074303765593
1509827309089,INFO,AGENT_EVENT,000000000000000000000000000000000000000000000001000100000000,0.06135373607539085,1165.4495570007473
1509827310061,INFO,AGENT_EVENT,100000000000000000000000000000000000000000000000000000000110,0.0634661308684118,879.1792303224838
1509827311181,INFO,AGENT_EVENT,000000010000000000100000000000000001101000000000000000001000,0.1272830954984997,2429.1421421132686
1509827312578,INFO,AGENT_EVENT,000000010000000000100100000000100000010000100000000000000011,0.1503513746527787,2657.798273259279
1509827314253,INFO,AGENT_EVENT,000000000100000000000001101001011000000001010000010000000011,0.1614279026518861,5941.771399596082
1509827315419,INFO,AGENT_EVENT,000000000000000000000100000000000000000000100000000000001011,0.1271345987441349,2161.8791665585254
1509827316303,INFO,AGENT_EVENT,000000000000010000100000000000000000001000100000000000000000,0.04973040750000002,1576.8738600900901
1509827317180,INFO,AGENT_EVENT,000100000000000000000000000000000000000000000001000000000010,0.08058218518449545,1448.5318690061385
1509827318389,INFO,AGENT_EVENT,100000000100000000000100000000000000000000000000001000000000,0.06606008024323162,1865.1378151868894
1509827319862,INFO,AGENT_EVENT,000000000100000000000001101001011000000001010000000000000010,0.14013371896320126,5041.958644975883
1509827320900,INFO,AGENT_EVENT,000000000000010000000000000000000000000010100000000000000011,0.13755988892187498,1682.3095532403304
1509827321836,INFO,AGENT_EVENT,000000000100000000000000010000000000000000100000000000000001,0.12079193261090138,1500.1418895583342
1509827323106,INFO,AGENT_EVENT,000000000100000000000000010000000000010000000001000000011010,0.1532203023685399,2176.3653940931117
1509827324356,INFO,AGENT_EVENT,000000000000010000000100000000000000000001100000000000000011,0.1381153062533098,2831.812849090309
1509827363382,INFO,AGENT_EVENT,100000000100000000000011001001011000000001000000000001001110,0.18928195248934143,6652.133604037403
1509827364637,INFO,AGENT_EVENT,000000000000010000000100000000010001101000000000000000001010,0.1386665529290605,2848.6609038559027
1509827366876,INFO,AGENT_EVENT,110000000100000100000001001001011000000011000000000000000100,0.10213184938387876,7334.350368247184
1509827368572,INFO,AGENT_EVENT,000000000100000000000001001001011000000001010000010000000011,0.1614478780412325,5613.52970771906
1509827370293,INFO,AGENT_EVENT,000000000100000000000001001001011001000001010000010000000001,0.14901132630036296,5506.9645442960955
1509827371348,INFO,AGENT_EVENT,100000000100000000000000000000000000000000000001000000010000,0.1277575500904733,1283.114031955901
1509827372433,INFO,AGENT_EVENT,000000000100000000100000000000000000000010100000000000000001,0.1370930238859014,2150.3657382418105
1509827374067,INFO,AGENT_EVENT,000000000100000000000001001001001000000001000000000000001010,0.16307104787604665,5102.098187138053
1509827376546,INFO,AGENT_EVENT,000000000100000000000101001001011000000001010000010000000011,0.1607929839424429,6168.0937775591365
1509827377574,INFO,AGENT_EVENT,000000000000010000010000000010010000000000000000000000000001,0.09820544114999996,1403.626958746421
1509827378781,INFO,AGENT_EVENT,000000010000000000000000000100000000000000000000000000011010,0.056940697110272054,1967.123293065036
1509827379751,INFO,AGENT_EVENT,000000000000000000000100000000000000000000000000000000000011,0.1160647703242157,926.0753868091429
1509827380893,INFO,AGENT_EVENT,000000010000000000000000010000000000010000000001000000001010,0.10769718714826948,1785.8096367339306
1509827382082,INFO,AGENT_EVENT,100000000100000000001000000000000000000000000000000000000011,0.13274299556128044,1894.4828913689662
1509827383142,INFO,AGENT_EVENT,000000000100000000000000000000000000000000100000000000000011,0.13912591332027635,1338.6916105437026
1509827384772,INFO,AGENT_EVENT,100000000100010000001000000000000000000000000000010010110000,0.12197221140542958,3809.182728537233
1509827385949,INFO,AGENT_EVENT,100000000100000000000000000000000000000000100000000000000011,0.1380856494207312,1637.887750604895
1509827387781,INFO,AGENT_EVENT,100000000100000000000001001001011100000001010000010000000011,0.16079377511783266,6176.381848583034
1509827388633,INFO,AGENT_EVENT,000000000000010000000000000010000000010000000000000000000000,0.027415003650000047,1151.5559008084938
1509827389439,INFO,CLICK_EVENT,000100010000000000000000000000000000000000000000000000000000,0.005708750998433376,986.7336685646567
1509827390379,INFO,AGENT_EVENT,000000000100000000000001101001001000000001010000010000000011,0.16142906747590513,5805.093163204864
1509827392329,INFO,AGENT_EVENT,000000010001000100100100001001001000000001000000000000001010,0.15641482973704213,6457.332927592094
1509827393403,INFO,AGENT_EVENT,000000000000010000000000000000000000000010100010000000000011,0.13755988892187498,1791.6908908805894
1509827395653,INFO,AGENT_EVENT,000000000000010000000100001001011000000001000000001000001110,0.09383311163653407,6554.765839498798
1509827397583,INFO,AGENT_EVENT,110000000100000000000001001001011000000001010000010100000011,0.1359079638948837,6815.332129807839
1509827398640,INFO,AGENT_EVENT,000000000100000000000000000000000000000100100000000000000011,0.12187613305813516,2288.3328689040345
1509827399588,INFO,AGENT_EVENT,000000000000000000000010000000000000000000000001000000010000,0.08869085132724996,789.229775377381
1509827400478,INFO,AGENT_EVENT,000000000100000000000010000000000000000000000000000000000000,0.051820733447410006,702.1286102138524
1509827402813,INFO,AGENT_EVENT,110000000100100000000011001001011000000001001000000000011010,0.21735882022758535,6726.939214021542
1509827403794,INFO,AGENT_EVENT,000000000000000000001000000000000000000000000001000000010000,0.09453400348203589,1204.7208930277498
1509827405175,INFO,AGENT_EVENT,000000010000000000000000000001011000000000000000000000001110,0.06919168406496967,2842.8846214795276
1509827406305,INFO,AGENT_EVENT,000000000000000000000000000000000001000000100000000010000011,0.10524218963535936,2491.865986099187
1509827407313,INFO,AGENT_EVENT,000000000000010000100001000000000000100000000000000000000001,0.10886346571250005,1494.9555387112673
1509827408538,INFO,AGENT_EVENT,000000010000000000000100000000000000000000110000000000000011,0.14951750228671568,1565.2634989765602
1509827409991,INFO,AGENT_EVENT,100000010000010000100010000000000000000000000001000000010000,0.16790014946249998,1673.4383491850551
1509827411891,INFO,AGENT_EVENT,000000000000010000000011001001011000000001001100000000011010,0.17786412103264637,6498.850785340502
1509827412756,INFO,AGENT_EVENT,000000100000010000000000000000000000100000000000000000000001,0.11369242571250004,1322.3268951701084
1509827414129,INFO,AGENT_EVENT,000000010000011000100010000000000000000000000001000000010000,0.1356426782131639,3278.6605704577723
1509827415165,INFO,AGENT_EVENT,000000010000000000000000000000000000000000000101000000010000,0.05665690910603394,1245.972746192847
1509827416125,INFO,AGENT_EVENT,000000010000000000000100000000000000000000000000010000000000,0.08175198508488868,874.5226785137343
1509827417003,INFO,AGENT_EVENT,000000010000000000000000000000000001010000000000000000000000,0.06501837499999996,790.1924130397153
1509827418736,INFO,AGENT_EVENT,110000100100000000000100000000000000000000100000000000000011,0.16033379807131098,2978.9337558496213
1509827419851,INFO,AGENT_EVENT,000000000100000000000000000000000000000010100000000000000011,0.1530973921702763,1862.0129055456985
1509827421102,INFO,AGENT_EVENT,000000010000000000000100000000000000000000100000100000000011,0.16125037706119227,2176.7325468174704
1509827422231,INFO,AGENT_EVENT,000000000000000000000000000000000000000000000001000000001110,0.09498743946556265,1432.2832060434487
1509827423812,INFO,AGENT_EVENT,000001010000000000100100000000000001101000000000000000000011,0.15960177556557975,3815.0913241293106
1509827424784,INFO,AGENT_EVENT,000000000000000000000010010000000000000000000001000000010000,0.08869085132724996,1057.081045368388
1509827425652,INFO,AGENT_EVENT,000000010000000000000000000000000000000000000000000000000010,0.029208290084374977,378.77507730478555
1509827426835,INFO,AGENT_EVENT,000000000100000000000000000000000000000000100000000000010011,0.17181749399527635,1397.5771025972663
1509827427639,INFO,AGENT_EVENT,000000010000000000000000000000000000000000000010000000000000,0.010874309375000002,378.6840410330834
1509827428899,INFO,AGENT_EVENT,000000000100000000000000000000000000000000100000000000010011,0.17181749399527635,1397.5771025972663
1509827430314,INFO,AGENT_EVENT,001000010000000000100100000000000001101000000000000000000001,0.126945685257416,3260.5339991884516
1509827431481,INFO,AGENT_EVENT,000000000000000001000000000000000001000000000000000000000110,0.11756923317482038,1993.2190298203634
1509827431689,INFO,CLICK_EVENT,000101000000000001000010000000000010010001001000000011010000,0.062151853913217314,6857.193075102145
1509827476675,INFO,AGENT_EVENT,100000000100000100000011001001011000000001000000000001001110,0.11298381945865554,8069.133424645044
1509827478023,INFO,AGENT_EVENT,000000000000010000000001001001011000000001001100000000010000,0.1287931577667608,4960.478020101538
1509827479289,INFO,AGENT_EVENT,100000000100000000000001000000000000000000000001000000010000,0.12933005009047327,1619.6741135535528
1509827480485,INFO,AGENT_EVENT,000000000100000000000000000100000000000000100000000000010011,0.17181749399527635,2258.343109275847
1509827481431,INFO,AGENT_EVENT,000000000000000000000000000000000000000000000000000010000110,0.0424683282447611,1535.2623504999651
1509827483117,INFO,AGENT_EVENT,000000010000010000000011001000000000000000100000000000010011,0.18566691729320228,3066.911055199793
1509827484025,INFO,AGENT_EVENT,100000000101000000000000000000000000000000000000000000000000,0.060141423568754515,1229.5379747194165
1509827484961,INFO,AGENT_EVENT,000000000100010000000000000000000001000000000000000000000000,0.11874106805166895,1081.07265385287
1509827485843,INFO,AGENT_EVENT,000000000000110000000000000000000000000000000000000000000100,0.08846054377219137,883.7182909270346
1509827486905,INFO,AGENT_EVENT,100000010000000000000100000000010000000000000000010000000000,0.1068042850848887,1206.9618258241146
1509827488066,INFO,AGENT_EVENT,110010000100100000000000000000000001000000000000000000000000,0.10749957239604091,2657.9792397246188
1509827488997,INFO,AGENT_EVENT,000000000000000000000000000000000000000000000000000001000100,0.03263522186981471,1251.8532551405367
1509827495095,INFO,AGENT_EVENT,100000000100000000000011001001011000000001000000000001001100,0.15463417747531427,6473.83285883379
1509827497371,INFO,AGENT_EVENT,100000000100100000000011001001011000000001001000000000011010,0.21102581207001436,6410.891471092946
1509827498340,INFO,AGENT_EVENT,000001010000000000000000000000000000100000000000000000000001,0.09473684915369018,1752.1506144207274
1509827499940,INFO,AGENT_EVENT,110000000100100000000011001000000010000000000001000000010000,0.14989183161842945,3143.8707000004347
1509827501546,INFO,AGENT_EVENT,000000010010010000000011001000000000000000000001000000010000,0.13688766506194838,2805.7506271947054
1509827502497,INFO,AGENT_EVENT,000000000000110000000000000000000000000100000000000000000100,0.08846054377219137,1677.8190321428956
1509827503526,INFO,AGENT_EVENT,000000000000000000000000000000000000000100100000000000010011,0.11044683686668377,1898.8099975920081
1509827504629,INFO,AGENT_EVENT,000000000100000000000000000000000000000000000000000000010011,0.14857970643502638,984.9608788627066
1509827505526,INFO,AGENT_EVENT,000000010000000000000000000000000000000000000000000000000100,0.057376882593071166,607.3646263070556
1509827506432,INFO,AGENT_EVENT,000000010000000000000000000100000000000000000000000000000100,0.057376882593071166,1468.3818352493065
1509827507400,INFO,AGENT_EVENT,000000000100000000100000000000000000000000100000000000000000,0.07302570210991,1255.2898107850306
1509827508335,INFO,AGENT_EVENT,000000100100000000000000000000000001000000000000000000000000,0.11338902944777507,1411.3614741554786
1509827509167,INFO,AGENT_EVENT,000000000100001000000000000000000000000000000000000000000000,0.052978043447410084,1131.7781189941104
1509827510085,INFO,AGENT_EVENT,000000000000000000000000000000000000000000000000000000000110,0.04900403336841175,619.9552037112885
1509827511128,INFO,AGENT_EVENT,000000000000010000000000000000000000000000000000000000010011,0.13348209258437504,805.2575265573385
1509827512304,INFO,AGENT_EVENT,000000000100000000000000000000000000000000100000000100000011,0.08857723992119615,2323.8575515488196
1509827513363,INFO,AGENT_EVENT,000000000100010000000000000000000000000000000000000000000011,0.13707504876104393,1194.7803978693646
1509827514630,INFO,AGENT_EVENT,000000000100000000000000001000000000000000000000000000010011,0.15242613393502635,1662.9811700574064
1509827515867,INFO,AGENT_EVENT,000000000000000000000000000000000001000000000000001000001110,0.09229820696662006,2454.107734317334
1509827517185,INFO,AGENT_EVENT,000000000100000000000000000000000000001000000001000000011010,0.15837157241625,2333.2465292258826
1509827517955,INFO,AGENT_EVENT,000000010000000000000000000000000100000000000010000000000000,0.010874309375000002,826.6114702114551
1509827518743,INFO,AGENT_EVENT,000000010000000000000000100000000000000000000000000000000000,0.010874309375000002,425.8656710549494
1509827519612,INFO,AGENT_EVENT,000000000000000000000010000000000000000000000000000000000001,0.05871477187499996,624.98627931544
1509827521689,INFO,AGENT_EVENT,100000000100100000000011001001011000000001001000000000010001,0.15651580001064058,5872.170919131934
1509827522638,INFO,CLICK_EVENT,000000000100000000000000000000000000000000100000000000010011,0.17181749399527635,1397.5771025972663
1509827523332,INFO,AGENT_EVENT,000000110000000000000001001001001000000001000000000000001010,0.16395805627738413,5151.5677193832
1509827524458,INFO,AGENT_EVENT,000000000100010000000000000000010000000000000001000000010000,0.15036063930166899,1419.9472708376015
1509827527040,INFO,AGENT_EVENT,110000000100100000100011001001011000000001001000000000011010,0.23810539490810423,7954.032660009449
1509827528003,INFO,AGENT_EVENT,000000010000000000000010000000000000100000000000000000000001,0.06958908124999996,1043.0921971184744
1509827529184,INFO,AGENT_EVENT,000000000100010000000000001000010000000000000001000000010000,0.151125290551669,1995.9861108598802
1509827530311,INFO,AGENT_EVENT,000000000101000000000000000000000000000000000001000000010000,0.12476918705586448,1426.6336799668468
1509827531537,INFO,AGENT_EVENT,010000000100000000000000000000000000000000100000000000010011,0.16679156298979814,1715.2125550779037
1509827533421,INFO,AGENT_EVENT,100000000100000000000011001001011000010000100000000000010011,0.21124392336447406,5041.64051898001
1509827534556,INFO,AGENT_EVENT,100000000000000000000000000001000000000000000000000000010011,0.14615207112609907,1798.1044344660904
1509827535750,INFO,AGENT_EVENT,000000000100010000000000000000000000000000000000000000010011,0.16919828251104396,1253.6658899229285
1509827536476,INFO,AGENT_EVENT,000000000000000000000000000000000000100000000000000000000001,0.05757812812499996,622.0655239759557
1509827537533,INFO,AGENT_EVENT,100000000100000000000000000000000000000000000001000000010000,0.1277575500904733,1283.114031955901
1509827538820,INFO,AGENT_EVENT,000000010000000000000000000000000000010000100000000010010011,0.11661355842870991,2627.372009941194
1509827539861,INFO,AGENT_EVENT,000000010000000000000100001000000001000000000000000000000000,0.1129551889898407,1566.9978587659082
1509827540763,INFO,AGENT_EVENT,000000010000000000001000000000000000000000000000000000000000,0.014030849029785908,836.816953157669
1509827542059,INFO,AGENT_EVENT,000000000100000000000000000001011000010000100000000000010001,0.16160521210289114,3067.402280627311
1509827542919,INFO,CLICK_EVENT,000000010000010000000011001000000000000000100000000000010011,0.18566691729320228,3066.911055199793
1509827544477,INFO,AGENT_EVENT,110000000100100000000011001001011000000001000000000000010011,0.22287593373305126,5862.23773045902
1509827545579,INFO,AGENT_EVENT,110000000000000000000010000000000000000000000001000000000001,0.10844832187499998,1439.924472094818
1509827546868,INFO,AGENT_EVENT,000000010000010000000011001000000000000000100000010000000000,0.11458208272867665,2818.1458667168254
1509827548192,INFO,AGENT_EVENT,001000000000000000000010000000000000000000000001000000010011,0.14275961820225003,1844.8560610985232
1509827549396,INFO,AGENT_EVENT,000000010000000000000000001000000000000000000000000000010011,0.11472089950937503,1381.8792329860726
1509827551691,INFO,AGENT_EVENT,000000000100000001000011001001011000000001000000000000010011,0.18757887352821045,6366.171114885345
1509827552598,INFO,AGENT_EVENT,000000010000000000000000000000000010000000000000000000000010,0.029208290084374977,629.0583554796981
1509827554066,INFO,AGENT_EVENT,000000000100000000000000000101011000000001000000000000001010,0.11326298742351593,4480.785411498162
1509827555141,INFO,AGENT_EVENT,000000010000000000000100000000000000000000000000000000100001,0.1316871840773407,1288.9847520660835
1509827556049,INFO,AGENT_EVENT,000000010000000000000000000000100001000000000000000000000000,0.08810046008750005,869.0714361834875
1509827556826,INFO,AGENT_EVENT,110100000000000000000000000000000000000000000000000000000000,0.010893975930124311,1489.904820472551
1509827557795,INFO,AGENT_EVENT,000000010001000000000000000000000000000000000000000000000010,0.09162081508437503,641.7695211537779
1509827558817,INFO,AGENT_EVENT,000000010000000000000000000000000000000000100000000000000011,0.10936484079687503,1057.5896734723685
1509827559666,INFO,AGENT_EVENT,000000000000000000000100000000000000000000000000000000000001,0.09773078961484072,819.6743958327677
1509827560841,INFO,AGENT_EVENT,000000100100000000000000000000000000000000100000000000001010,0.1130563467510124,2252.0904729728823
1509827561550,INFO,AGENT_EVENT,000000000000000000000000000000000000000000010001000000000000,0.05757812812499996,429.5207117871836
1509827563097,INFO,AGENT_EVENT,110000000100010000010000000000000000000000000000000000010011,0.17209498210791674,1942.5863175168558
1509827565497,INFO,AGENT_EVENT,000000000100000101000011001001011000000001000000000000010011,0.19152587376575902,7095.592434149392
1509827567089,INFO,AGENT_EVENT,110000000100010000010000000000000000000000010000000000010011,0.17209498210791674,2106.874664085189
1509827567974,INFO,AGENT_EVENT,000000000100000000010000000000000000000000000000000000000000,0.06155839907241001,615.771511426611
1509827569410,INFO,AGENT_EVENT,000000000100010000010000000000000000000000000100000000010011,0.17535953876104404,1767.3154799940944
1509827570411,INFO,AGENT_EVENT,000000010001000000000000000000000000000000000000000000100010,0.11419923767187501,965.9154065553133
1509827571441,INFO,AGENT_EVENT,000000000000000000000100000000000100000000000000000000000011,0.1160647703242157,1373.7508050186957
1509827572287,INFO,AGENT_EVENT,000010000100000000000000000000000000000000000010000000000000,0.03875842153331355,1606.3359752965948
1509827573436,INFO,AGENT_EVENT,001000000000000000000100000000000000000000000000000000010011,0.15039093977646567,1668.330634491227
1509827574220,INFO,AGENT_EVENT,000000000000100000000000000000000001000000000000000000000000,0.06860616312500001,623.1833060382535
1509827575163,INFO,AGENT_EVENT,000000000000000000000000000000000000000000000000000000010011,0.10639185078662505,536.5525154971166
1509827576175,INFO,AGENT_EVENT,000000000000000000000000000000100000000000000000000000010011,0.12962963834687502,964.290536376453
1509827577204,INFO,AGENT_EVENT,000001000000010000000000000000000000000000000000000000100010,0.09883388566851226,1813.6240941543033
1509827578539,INFO,AGENT_EVENT,000000010100000000000000000000000000000000100000000000010011,0.17605015383201394,1516.840471897506
1509827579491,INFO,AGENT_EVENT,000001010001000000000000000000000000000000000000000000000000,0.06051653153572423,1631.5106053418622
1509827581088,INFO,AGENT_EVENT,000000010000010000000011001000000000000000000000000000001110,0.16383234957891268,3207.905028928176
1509827582014,INFO,AGENT_EVENT,000000000000001000000100000000000000000000000000000000000001,0.09211224344937718,1882.658465370677
1509827582900,INFO,AGENT_EVENT,000000010000000000000000000000001000000000000000000000000010,0.029208290084374977,1045.645453549841
1509827584012,INFO,AGENT_EVENT,000000000100100000000000000000000000000000100000000000000011,0.1535880108202763,1597.915637154898
1509827584803,INFO,AGENT_EVENT,000000000000010000000000000000000001000000000000000000000000,0.07959081562500003,632.6642904872799
1509827585711,INFO,AGENT_EVENT,000000000000010000000000000000000000000000000001000000000001,0.08459737812500001,1011.1845866520237
1509827586472,INFO,AGENT_EVENT,000000000000000100000000000000000001000000000000000000000000,0.05617696445808795,1229.808954298043
1509827587656,INFO,AGENT_EVENT,000000000100000000010000000000000000000000000000000010000011,0.12394837945371462,2383.2718759463046
1509827588786,INFO,AGENT_EVENT,000100000100000000000000000000000000000000000000000000010011,0.12068409623682297,1650.644088548283
1509827589867,INFO,AGENT_EVENT,000010000000010000000000000000000000000000000000000000010011,0.13646429508437508,1435.2625149266169
1509827591029,INFO,AGENT_EVENT,000000000000010000000000000001000000000000000000000000010011,0.15878021542384912,1807.5854189151169
1509827591906,INFO,AGENT_EVENT,000010000000010000000000100000000000000000000001000000000000,0.08702102947500001,1528.428915050206
1509827592971,INFO,AGENT_EVENT,000000000000010000000000000000000000010000000000000000010011,0.13348209258437504,1063.9283407876987
1509827594062,INFO,AGENT_EVENT,000000000000010100000000000000000000000000000000000000010011,0.11426276616758857,1720.0526497644132
1509827595093,INFO,AGENT_EVENT,000000000000100000000100000000000000000000000000000000000011,0.11475599994751462,1225.2715268703353
1509827596666,INFO,AGENT_EVENT,110000000100100000100011001101011000000000000000000000000000,0.14226529649874897,6379.722620420919
1509827597887,INFO,AGENT_EVENT,000000000100000000000000000000000000000000000000000000011011,0.11876742542562746,1857.0876812585325
1509827599046,INFO,AGENT_EVENT,000100000100000000000000000000000000000000000000000000010011,0.12068409623682297,1650.644088548283
1509827599976,INFO,AGENT_EVENT,000000010100000000000000000000000000000000000100000000000000,0.05507845224768926,1007.8301803046614
1509827601365,INFO,AGENT_EVENT,000000000100010000000000000001010000000000000001000000000011,0.1617592182516322,2688.1293098586257
1509827602515,INFO,AGENT_EVENT,000010000000010000000000000000000000010000000000000000010011,0.13646429508437508,1693.9333291569772
1509827603599,INFO,AGENT_EVENT,100000000100000000000000000000000000000000000000010000000011,0.12713258328270294,1912.4311070281942
1509827605433,INFO,AGENT_EVENT,000000000100000000000000000000001000000000100000000000011110,0.10431901885698458,2697.1011237942753
1509827606952,INFO,AGENT_EVENT,000000000100000000000011001001011000000000000000000000000011,0.1639075062420915,4108.566709479686
1509827608069,INFO,AGENT_EVENT,000000000100000000000000000000000000000000000001000010010000,0.1433887802234013,1491.4162759532041
1509827610017,INFO,AGENT_EVENT,000000000100000000000011001001011000010000100000000000110011,0.21532633437290494,5068.265034815784
1509827611638,INFO,AGENT_EVENT,000000000100010001010000000000000000000000000100000000010011,0.1725095935381079,2882.582458907564
1509827613116,INFO,AGENT_EVENT,100000000101100000000000000000000000000000000000000000010011,0.1527195844750857,1996.2214667864944
1509827614322,INFO,CLICK_EVENT,000100000000000000000001101011011000000001000000010010110011,0.15335798898761133,8779.958765981466
1509827614845,INFO,AGENT_EVENT,110000000100100000000010000000000000010000100000000000010011,0.2151437804059294,2609.4745893117015
1509827616063,INFO,AGENT_EVENT,000000000000000000010000000000000000000000010100000000010011,0.11087447200937506,1255.3955051849734
1509827616925,INFO,AGENT_EVENT,000001000000000000000000000000000000000000010001000000000000,0.08983490148243134,1438.8252584692004
1509827619171,INFO,AGENT_EVENT,000000000100100000100011011001011000000001001000000000011010,0.2509893465804264,7689.553026793227
1509827620389,INFO,AGENT_EVENT,000000000000010000000000000000000001010000000000000000010011,0.13557351758437508,1398.7945701735225
1509827621515,INFO,AGENT_EVENT,000000000000110000000000000000000000010000000000000000010011,0.156196392584375,1238.9479793822306
1509827622713,INFO,AGENT_EVENT,000000010000000000000000000000100000000000000000000000010011,0.13443702142187497,1131.5969626707092
1509827624395,INFO,AGENT_EVENT,110000000100100000000011001001001000000001000000000000000000,0.14050859151393813,5233.330775222777
1509827625123,INFO,AGENT_EVENT,000000000000000000000000000000000000000000000101000000000000,0.022198208431033928,914.3703344940961
1509827626884,INFO,AGENT_EVENT,110000000100100000000011001001011000000011000000000000000000,0.14036746130504407,6255.3250948281475
1509827627979,INFO,AGENT_EVENT,100000000000000000000100000000000000000000000000000100000011,0.07984538056691592,2170.465354425455
1509827628882,INFO,AGENT_EVENT,000000000000010000001000000000000001000000000000000000000000,0.07363098442909155,1350.4798678169536
1509827630258,INFO,AGENT_EVENT,000000000100010000010000000000000000000010000100000000010010,0.13304651816787172,2405.672803866517
1509827631656,INFO,AGENT_EVENT,000000001000000000000010000000000000010000100000000000010011,0.1670393491672859,2034.3841799187371
1509827633085,INFO,AGENT_EVENT,110000000100100000000011011000000000000000010001000000000000,0.11925638719342935,3043.0593315890796
1509827634099,INFO,AGENT_EVENT,000000000000100000000000000000000000000000000000000000010011,0.12085394828662499,795.7765421083119
1509827635182,INFO,AGENT_EVENT,100000000100101000000000000000000000000000000000000000000010,0.0892324524831627,1822.1251564753422
1509827636592,INFO,AGENT_EVENT,000000010000010000000000000000000000000000000000000000011011,0.10288671817436223,1844.6907552474204
1509827638007,INFO,AGENT_EVENT,110000000100100000000000000000000000010000000000000010010011,0.1480124846069798,3466.712617769145
1509827639035,INFO,AGENT_EVENT,100000000100100000000010000000000000010000000000000000000000,0.058384011773787714,1440.6450920416214
1509827640409,INFO,AGENT_EVENT,000000000000110000000000000000011100010000100000000000110011,0.176985531246875,2919.842462136121
1509827642373,INFO,AGENT_EVENT,100000010000010000110010000000000000000000000001000000010011,0.21812248883749996,2113.875897200988
1509827643697,INFO,AGENT_EVENT,000000010001000000000000000000000100000000000100000000010011,0.119388056384375,1825.4087992757113
1509827645800,INFO,AGENT_EVENT,000000000100100000000011001001011010000001000000000000010011,0.21965463814107555,5627.170710033433
1509827647893,INFO,AGENT_EVENT,110000000100100000000011001001011000000001000010000000010010,0.214720308028986,5831.921959688596
1509827648887,INFO,AGENT_EVENT,000000100000100000000000000000000001000000000000000000000001,0.10504492446250002,1396.6304663758187
1509827650059,INFO,AGENT_EVENT,000000000100000000000000000000000000000100100000000000010011,0.152634692515085,2347.218360957598
1509827651929,INFO,AGENT_EVENT,100000000100000000000011001001011000000000100000000000010011,0.21124392336447406,4879.356689639842
1509827653000,INFO,AGENT_EVENT,000000000000010000000000000000000000000000000000001000010011,0.13490881440362945,2277.7658480311693
1509827654278,INFO,AGENT_EVENT,000000010000000000000001000000000000000000000000000000010011,0.11296589700937498,1040.7013296718592
1509827656470,INFO,AGENT_EVENT,110000000100100000100011001001011000000001000000000000001010,0.23277204421479192,7411.468750795397
1509827658868,INFO,AGENT_EVENT,110000000100100000000011001001011000000001000000010000010011,0.23576522519549026,6574.7758604713945
1509827659896,INFO,AGENT_EVENT,000000000000000001000100000000000000000000000000000000000001,0.08184360368578814,1642.5848822499318
1509827661102,INFO,AGENT_EVENT,000000100000010000000000000000000000000000100000000000010011,0.16467748124687498,1611.9051251313795
1509827662542,INFO,AGENT_EVENT,000000000000010000000000000000000000000001001000000001011010,0.07543895494506447,3471.5571518148213
1509827663410,INFO,AGENT_EVENT,000000000000100000000000000000000001000000000000010000000000,0.09494411697500005,881.8775830111682
1509827664868,INFO,AGENT_EVENT,110000000100100000000000000000000000000000100100000000010011,0.17158035541349526,2871.9186423498954
1509827665637,INFO,AGENT_EVENT,000000000000100000000000000000000000000000000010100000000000,0.014462097500000048,721.420950592794
1509827666989,INFO,AGENT_EVENT,000000000100010000000000000000000000000001000000000000010011,0.18937681078702795,2271.6983157112522
1509827669028,INFO,AGENT_EVENT,100000010000010000110010000000010000000000000001000000010011,0.21812248883749996,2280.914744722227
1509827670008,INFO,AGENT_EVENT,000000010100000000000000000000000001000000000000000000000000,0.1041790053123759,931.6310120928879
1509827670946,INFO,AGENT_EVENT,000000000000000000000000000000000000000000000000000000010011,0.10639185078662505,536.5525154971166
1509827671777,INFO,AGENT_EVENT,000001000000000000000000000000000001000000000000000000000000,0.08983490148243134,1373.263826109075
1509827672613,INFO,AGENT_EVENT,000000000000100000000000100000000000000000000000000000010000,0.04443817695224994,682.1386296535211
1509827674385,INFO,AGENT_EVENT,000000000100000000000000000000000000000000000000000000010111,0.09047545200052387,1671.9183540354286
1509827675534,INFO,AGENT_EVENT,000000000000010001000000000000000000000000000000000000010011,0.13312034215387247,1873.5523735747752
1509827676630,INFO,AGENT_EVENT,000000000000000000000100000000000000000000000000000000010011,0.1465445122764657,984.9608788627066
1509827678670,INFO,AGENT_EVENT,000000010000010000110010000000010000000000000011000000010011,0.1954081888375,2221.889222709307
1509827679885,INFO,AGENT_EVENT,000000000100000000000000000000000000000000110000000000010011,0.17181749399527635,1456.8425647358679
1509827680981,INFO,AGENT_EVENT,000000010000000000000000000000000000000001000000000000000011,0.11074815618167477,1663.0058755261327
1509827681593,INFO,AGENT_EVENT,000000000000000000000000000000010000000000000000000000000000,0.0,167.03576183362094
1509827682518,INFO,AGENT_EVENT,000000000100000010000000000000000001000000000000000000000000,0.09976598377340129,1442.3726311619266
1509827684254,INFO,AGENT_EVENT,000000001100100000000011001001011010000001000000000000000000,0.13041646801014428,5596.799107361645
1509827685231,INFO,AGENT_EVENT,100000010000010000000000000000010000001000000000000000000000,0.0641360863,1437.346369442345
1509827686938,INFO,AGENT_EVENT,000000000100010000010000000010010000000000000011000000010011,0.18155486709921564,2494.820333602098
1509827688699,INFO,AGENT_EVENT,000000000000000010000011001001011000000001000000000000010011,0.1650089396641342,6062.462179254577
1509827690085,INFO,AGENT_EVENT,000000010000000000000000000000011000000001001000000000011000,0.07750562548773998,3171.6061558135543
1509827690707,INFO,AGENT_EVENT,000000000000000000000000100000010000000000000000000000000000,0.0,331.5171856807175
1509827691953,INFO,AGENT_EVENT,000000000100100000000000000000000000000000000000000000010011,0.16304180393502632,1244.1849054739018
1509827692942,INFO,CLICK_EVENT,000000000100100000100011011001011000000001001000000000011010,0.2509893465804264,7689.553026793228
1509827692981,INFO,AGENT_EVENT,000000000000000000001000000000100000000000000000000000000000,0.0271095689676778,1096.9493853779675
1509827694096,INFO,AGENT_EVENT,001000000000010000000000000000000000010000000000000000010011,0.13424674383437507,1747.298096416219
1509827694865,INFO,AGENT_EVENT,000000000000000000000000000000000000000010000001000000000000,0.06993892425624582,1582.0287489926802
1509827695718,INFO,AGENT_EVENT,000000000001000000000000000000000001000000000000000000000000,0.0645502,729.8947173487785
1509827697583,INFO,AGENT_EVENT,000000000000000000000011011001011000000001001010000000011010,0.16161100995042865,6049.923622293214
1509827698575,INFO,AGENT_EVENT,000000000000000000000000010000000000000000000000000000010011,0.10639185078662505,804.4037854881235
1509827700980,INFO,AGENT_EVENT,110000000100110000000011001001011000000001000000000000010011,0.2097879068918279,6759.972686232832
1509827701878,INFO,AGENT_EVENT,000000000000000000000010000000000000000000000000000000000010,0.04876389562500005,465.18889785879173
1509827704074,INFO,AGENT_EVENT,100000010000010000110010000000110000000000000001000000010011,0.2186503299125,2607.3946583654706
1509827704754,INFO,AGENT_EVENT,000000000000100000000000000000010000000000000000000000000000,0.014462097500000048,426.3157798921441
1509827706050,INFO,AGENT_EVENT,000000010100000000000000000000000000000000000000000000010011,0.15248760441951392,1104.2242481629464
1509827707089,INFO,AGENT_EVENT,000000000000000000000000010010000000000000000000000000010011,0.10857145681535774,2006.2333677718857
1509827708040,INFO,AGENT_EVENT,000000000000100000000000000100010000000000000001000000010000,0.10201630507725001,1775.473898225031
1509827708953,INFO,AGENT_EVENT,000000000100010000000000000010010000000000000000000000000000,0.07162742762567764,1407.0927450406948
1509827710640,INFO,AGENT_EVENT,100000010000010000110000000000000000000000000000000100010011,0.1084140725576439,2578.2545012741793
1509827711708,INFO,AGENT_EVENT,000000000000010000000000000000010000000000000000000000010011,0.13348209258437504,972.2963740785773
1509827712394,INFO,AGENT_EVENT,000000000000100000000000000000000000000000000000000000000000,0.014462097500000048,259.2800180585232
1509827713410,INFO,AGENT_EVENT,000000000000100000000000000000000000000100000000000000010011,0.12085394828662499,1589.8772833241728
1509827714169,INFO,AGENT_EVENT,000000000000000000000000000000000000000000000010000000001000,0.03801482030135317,852.5347805592685
1509827715723,INFO,AGENT_EVENT,000000000100000000000000000001011000000001000000000000001010,0.11326298742351593,3810.288444681428
1509827716492,INFO,AGENT_EVENT,000000010000000000000000000000000000010000000000000000000000,0.010874309375000002,426.0306985873867
1509827718661,INFO,AGENT_EVENT,000000010100000000100011001000011000000001001000000000011010,0.22535521915360968,5694.973582037203
1509827719626,INFO,AGENT_EVENT,000000000000000000000000000000001000000000000000000000010011,0.10639185078662505,1203.422891742172
1509827720499,INFO,AGENT_EVENT,000000001000000000000000000000000000000000000001000000000000,0.06366174825517779,1040.4249076232552
1509827722859,INFO,AGENT_EVENT,110000000100100000100011001001011000000000010000000000010011,0.2279335873842553,6335.845013770222
1509827725353,INFO,AGENT_EVENT,000000000000000000000000001000000000000000000000000000000000,0.0022939537499999663,678.0202911946997
1509827726503,INFO,CLICK_EVENT,000000000000000000000000000000000000000000000000000000000000,0,0
1509827727199,INFO,CLICK_EVENT,000000000100000000000001101001011000000000000000010000001010,0.14920810618627056,4914.644361937304
1509827727615,INFO,CLICK_EVENT,000000000100000000000001101001011000000000000000010000001010,0.14920810618627056,4914.644361937304
1509827728810,INFO,AGENT_EVENT,110000000100100010100011001000000000000000110000000000010011,0.1986262044401833,5691.502084610872
1509827730580,INFO,AGENT_EVENT,000000000000010000110010001000010000000000000001000000010011,0.19644834624999996,2524.622171463238
1509827732258,INFO,AGENT_EVENT,000000010100000000100011000000000000000000000000000000010011,0.20857149374763895,1980.3847484904438
1509827733438,INFO,AGENT_EVENT,000000000000100000000000000000000000000000010001000000010011,0.12294537328662503,1225.2972538954955
1509827734212,INFO,AGENT_EVENT,000000010000000000000000000000000010000000000000000000000000,0.010874309375000002,417.58970446916874
1509827735498,INFO,AGENT_EVENT,000000000100100000000001000000000000000000000000000000010011,0.16513322893502635,1483.0564779354709
1509827736393,INFO,AGENT_EVENT,000000010000000000000000000000000000000100000000000000000010,0.029208290084374977,1172.8758185206466
1509827738156,INFO,AGENT_EVENT,110000000000100000000011001001011000000000000000000000010011,0.19971252491312652,4324.535624513356
1509827739160,INFO,AGENT_EVENT,100000000000000000000000000000000000000000000000000000010011,0.12085394828662499,795.7765421083119
1509827742279,INFO,AGENT_EVENT,000000000100100000100011001001011000000000010000000000010111,0.22476144888707217,6383.260133692203
1509827743483,INFO,AGENT_EVENT,000000000100100000000000000100000000000000000000000000010011,0.16304180393502632,2104.9509121524825
1509827745669,INFO,AGENT_EVENT,100000010000010000110010100000110000000000000001000000010011,0.2186503299125,2771.8140661897633
1509827747317,INFO,AGENT_EVENT,000000000000000000100011001001011000000000010000000000010011,0.17022821986949654,4238.831688974659
1509827748162,INFO,AGENT_EVENT,000000000000000000000000000000000000000000000000000000010010,0.04831006016162498,271.1830411719735
1509827751480,INFO,AGENT_EVENT,000010000100100000100011001001011000000000010000000000010111,0.21319542279324932,7329.810130884381
1509827752520,INFO,AGENT_EVENT,000000000000100000000000100000000000000000000000000000010011,0.12085394828662499,1054.2819146043935
1509827754809,INFO,AGENT_EVENT,000000000100100000100011011001011000000001010000000100010011,0.2293965646535897,7943.77970846905
1509827756272,INFO,AGENT_EVENT,000000010100000000000001000000000000000000000000000000010011,0.15457902941951396,1441.0666360434327
1509827758819,INFO,AGENT_EVENT,000000000110100000100011001001011000000001001000000000011010,0.24538811934314042,7612.018812895565
1509827759888,INFO,AGENT_EVENT,000000000000010100000000000000000000000000000000000000010011,0.11426276616758857,1720.0526497644132
1509827761447,INFO,AGENT_EVENT,000000000000000000000000000001011000000001001000000000111010,0.08654939860382704,4484.754013435322
1509827762249,INFO,AGENT_EVENT,000000010000000000000000000000000000000000000000000000100000,0.03345273196249998,580.1158506955315
1509827763723,INFO,AGENT_EVENT,000000010100000000100011101000011000000001001000000000000000,0.13719673911438246,5055.678353296074
1509827765138,INFO,AGENT_EVENT,100000010000010000000000000000000000000000000001000000010011,0.16444907383437501,1509.0880033246626
1509827766013,INFO,AGENT_EVENT,000000010000000000000000000100000000000000000001000000000000,0.06845243749999996,1399.285976097461
1509827767093,INFO,AGENT_EVENT,000000000000000100000000000000000000000000100000000000010011,0.13264666400496294,1815.0184141026612
1509827768318,INFO,AGENT_EVENT,000000000001010000000000000000000000000000000000000000010011,0.14199567695937498,1142.0999144378247
1509827770538,INFO,AGENT_EVENT,000000000100100000100011001001011000000000010000000001010011,0.22515339434954285,6853.307947868821
1509827772743,INFO,AGENT_EVENT,110000000100100000100011001001011000000001001000000000001010,0.22309949109162863,7844.578839721602
1509827774995,INFO,AGENT_EVENT,110000000100100000100011000001010000000000000011000000010011,0.24166941078581528,5190.336990907818
1509827776389,INFO,AGENT_EVENT,000000010000110000000000000000000000010000010000000000010011,0.16001964883437503,1465.118173752518
1509827778217,INFO,AGENT_EVENT,000000000100100000000011001000011010000001000000000000010011,0.2181448540730193,4834.690039694635
1509827779571,INFO,AGENT_EVENT,000000000100000000000000000000000001000000100000000000011010,0.17699488056075574,2164.0347266194067
1509827781925,INFO,AGENT_EVENT,000000001100100000000011001001011010000001000000000000010011,0.2109334620141795,6104.258572817527
1509827783066,INFO,AGENT_EVENT,000000000010000000000000010000000000000000000000000000010011,0.11542202038975002,1058.1240323363859
1509827784222,INFO,AGENT_EVENT,000000010000000000000000000000000000000000000000000000010011,0.11087447200937506,703.8589417913728
1509827785037,INFO,AGENT_EVENT,000000000100000000000000100000010000000000010000000000000000,0.050684089697410006,944.3654924975988
1509827786807,INFO,AGENT_EVENT,000000010100100000100011000000000000000000000000000000010011,0.23477622717083024,3013.745826930627
1509827787799,INFO,AGENT_EVENT,000000010100000000000000000010010000000000000000000000000000,0.057076527922689246,1257.6511032807127
1509827789195,INFO,CLICK_EVENT,000000000000000000000000000000000000000000000000000000000000,0,0
1509827789230,INFO,AGENT_EVENT,000000010100000000000001000000000000000000100000000000010010,0.17554649133201394,1617.4064354940833
1509827790353,INFO,AGENT_EVENT,000000000000000000000000000000000000000001000000000000010011,0.1303535887589249,1554.5849412854404
1509827791394,INFO,AGENT_EVENT,000000000000100000000000010000000000000000000000000000010011,0.12085394828662499,1063.6278120993188
1509827793554,INFO,AGENT_EVENT,110000000100000000100011000001010000000000000011000000010011,0.22362813646081015,4133.769121961357
1509827794790,INFO,AGENT_EVENT,000000000100000000000000000000000000000000100000010000010011,0.17475169875494567,2134.2840558136663
1509827795760,INFO,AGENT_EVENT,000000000000000000000000010000000000000000000000000000010011,0.10639185078662505,804.4037854881235
1509827797712,INFO,AGENT_EVENT,000000000100100000100001011001011000000001001000000000010011,0.2148032641337052,6209.7792705124
1509827798471,INFO,AGENT_EVENT,000000000000000000000010000000010000000000000000000000000000,0.0011366437499999993,420.7590943695012
1509827800288,INFO,AGENT_EVENT,000000000100000000000000000000000000000000100000000000010111,0.11458709278983281,2084.5345777699886
1509827801342,INFO,AGENT_EVENT,000000000100100000000000000000000000000000000000000000010001,0.14470782322565134,1137.2177218973322
1509827803361,INFO,AGENT_EVENT,110000000000010000110010000000110000000000000001000000010011,0.22064840558749999,2718.5023743775246
1509827805244,INFO,AGENT_EVENT,000000000000100000000011001001011000000001010000010000010011,0.2041279907236473,5619.423279090286
1509827806227,INFO,AGENT_EVENT,000000000000000000000000000000000000000000001000000000010011,0.10639185078662505,1177.6466811948967
1509827807269,INFO,AGENT_EVENT,000000000000000000010000000000000000000000000000000000010010,0.052792681384374984,438.4894674662297
1509827809710,INFO,AGENT_EVENT,000000000100100000100011011001011010000001001000000000011010,0.2509893465804264,8040.828170378806
1509827810495,INFO,CLEAR_SCREEN,000000000000000000000000000000000000000000000000000000000000,N/A,N/A
1509827925626,INFO,EXPLORE_EVENT,000000000000000000000000000000000000000000000000010000000000,0.02944290135,258.7511670871233
1509827928329,INFO,EXPLORE_EVENT,000000000000000000000000000000000000000000000000010010000000,0.03536119219322756,1392.855108278949
1509827931765,INFO,EXPLORE_EVENT,000000000000000000000000000000000000000000000000010011100000,0.03669591508379837,2766.5525481718314
1509827933910,INFO,EXPLORE_EVENT,000000000000000000000000000000000000000000000000010011110000,0.045613296968743396,2872.752942097557
1509827946644,INFO,EXPLORE_EVENT,000000000000000001000000000000000000000000000000010011110000,0.061691846228894384,3787.434625014134
1509827955697,INFO,EXPLORE_EVENT,000000000000000001000000001000000000000000000000010011110000,0.06915691791210635,4465.454916208833
1509827962418,INFO,EXPLORE_EVENT,000000000000000001000000001000000000000000000001010011110000,0.11979067886053363,4836.668459333458
1509827989672,INFO,EXPLORE_EVENT,000000000000000000000000000000000000000000000000000000000000,0.0,0.0
1509827991044,INFO,CLICK_EVENT,000000000000000000000000000000000000000000000000000000000000,0,0
1509827991910,INFO,CLEAR_SCREEN,000000000000000000000000000000000000000000000000000000000000,N/A,N/A
1509828370894,INFO,TREATMENT_3,000000000000000000000000000000000000000000000000000000000000,N/A,N/A
1509828398370,INFO,EXPLORE_EVENT,100000000000000000000000000000000000000000000000000000000000,0.021025948837500003,431.63363893128997
1509828398498,INFO,AGENT_EVENT,100000100000000000000000000000000000000000000000000000000000,0.049827398837499995,592.3408162745889
1509828399688,INFO,AGENT_EVENT,100000000000100000000000000000000000000000000000000000000000,0.022341612412500003,859.4550200213755
1509828400843,INFO,AGENT_EVENT,100000000000000000001000000000000000000000000000000000000000,0.023618580000000004,1109.5766513286308
1509828401965,INFO,AGENT_EVENT,100000000000000000000000000000000000000000000000000000000010,0.021025948837500003,1061.5613485032095
1509828403986,INFO,EXPLORE_EVENT,100000000000010000000000000000000000000000000000000000000000,0.021025948837500003,598.669400764911
1509828404099,INFO,AGENT_EVENT,100000000000010000000000000000000000000000000000000000000100,0.024711898362620447,1464.7608179427962
1509828405333,INFO,AGENT_EVENT,100000010000010000000000000000000000000000000000000000000000,0.048690250087500005,775.7426183544928
1509828407496,INFO,EXPLORE_EVENT,100000000000010000000000001000000000000000000000000000000000,0.021025948837500003,1240.0290019631864
1509828407914,INFO,AGENT_EVENT,100000000000010000000000001000000000000000000000010000000000,0.0334527319625,1407.331943788556
1509828409341,INFO,AGENT_EVENT,110000000000010000000000001000000000000000000000000000000000,0.0334527319625,1306.3877858429798
1509828412090,INFO,EXPLORE_EVENT,100000000000010000000000001000000000000100000000000000000000,0.06752852205557114,1680.0906864448725
1509828412273,INFO,AGENT_EVENT,100000000000010000000000001000000000000100000000000000001000,0.07012115321807114,2363.052770253751
1509828413667,INFO,AGENT_EVENT,100000000000000000000000001000000000000100000000000000000000,0.06752852205557114,1512.6441671039918
1509828414998,INFO,AGENT_EVENT,100000000000010000000000000000000000000100000000000000000000,0.06752852205557114,1038.7310852465969
1509828417615,INFO,AGENT_EVENT,100000000000010000000000001000100000000100000000000010000000,0.06809684393057114,2207.1533516322766
1509828417642,INFO,EXPLORE_EVENT,100000000000010000000000001000000000000100000000000010000000,0.06809684393057114,1933.4032614734929
1509828419463,INFO,AGENT_EVENT,100000000000010000000000001000000000000100000000100010000000,0.07981875750557113,2288.504679729002
1509828421350,INFO,AGENT_EVENT,100000000000010000000000101000000000000100000000000010000000,0.06941250750557114,2428.283145340386
1509828425121,INFO,AGENT_EVENT,100001000000010000000100001000000000000100000000000010000000,0.11797133514855937,3024.2397241872486
1509828425197,INFO,EXPLORE_EVENT,100001000000010000000000001000000000000100000000000010000000,0.11797133514855937,2210.5382286237705
1509828427273,INFO,AGENT_EVENT,100001000000010001000000001000000000000100000000000010000000,0.12006276014855938,2471.3565188702732
1509828429555,INFO,AGENT_EVENT,100011000000010000000000001000000000000100000000000010000000,0.13573699398293437,2407.1004517082933
1509828434351,INFO,EXPLORE_EVENT,100001000000010000100000001000000000000100000000000010000000,0.11797133514855937,2375.016566783249
1509828436949,INFO,EXPLORE_EVENT,100001000000010000100000001000010000000100000000000010000000,0.11797133514855937,2664.1039270193014
1509828440575,INFO,AGENT_EVENT,100001000000010000100000001000010000000000001000000010000100,0.08188957034109934,3802.656089504764
1509828440991,INFO,EXPLORE_EVENT,100001000000010000100000001000010000000100001000000010000100,0.11833231155887458,4606.541411816711
1509828445957,INFO,EXPLORE_EVENT,100001000010010000100000001000010000000100001000000010000100,0.11823898895074832,6199.670651609273
1509828448805,INFO,EXPLORE_EVENT,100001000010010000100001001000010000000100001000000010000100,0.12963322937065883,7294.711359149693
1509828449092,INFO,AGENT_EVENT,100001000010010000100001001000010000000100001000100010000100,0.1344312929472191,7963.545415194743
1509828451468,INFO,AGENT_EVENT,100001000010010000100001001000010000000000001000000010000100,0.09976630791321262,6490.826036837747
1509828454457,INFO,AGENT_EVENT,100001000010010000100001001000010000000100001000000010001100,0.13164529145305331,8521.468023767336
1509828457105,INFO,AGENT_EVENT,100001000010010000000001001000010000000100001000000010000100,0.13434491876101776,6990.288834793193
1509828459497,INFO,AGENT_EVENT,100001000010010000100000001000010000000100001000000010000100,0.11823898895074832,6199.670651609273
1509828463645,INFO,AGENT_EVENT,100001000010010000100001001000010000000100001001000010000100,0.1225114509237249,7999.266388618405
1509828463787,INFO,CLICK_EVENT,100000000000000000000000000000000000000000000000000000000000,0.021025948837500003,431.63363893128997
1509828466117,INFO,AGENT_EVENT,100001000010010000100001001000010000000100001000000000000100,0.1277345309115804,6997.4199318091905
1509828468805,INFO,AGENT_EVENT,100001000010000000100001001000010000000100001000000010000100,0.12988840716055944,7175.26708023965
1509828474535,INFO,AGENT_EVENT,100001000010010000100001001000010000000100001000000010000110,0.1448258257569962,8313.45613787826
1509828477694,INFO,AGENT_EVENT,100001000010010000100001101000010000000100001000000010000100,0.13279123569530607,7792.917089448031
1509828480743,INFO,AGENT_EVENT,100001000010010000100001001000010000001100001000000010000100,0.13410067119428698,7720.949268341825
1509828483771,INFO,AGENT_EVENT,100001000010010000100011001000010000000100001000000010000100,0.13645088214449866,8270.525076947228
1509828486080,INFO,AGENT_EVENT,100001000010010000100000001000010000000100001000000010000100,0.11823898895074832,6199.670651609273
1509828488660,INFO,AGENT_EVENT,100001000010010000100001001000010000000100000000000010000100,0.1339749088027031,6261.694729715511
1509828491653,INFO,AGENT_EVENT,100001000010110000100001001000010000000100001000000010000100,0.12930978108064467,7922.474998449086
1509828494967,INFO,AGENT_EVENT,100001000110010000100001001000010000000100001000000010000100,0.07808808885377604,8029.849963797071
1509828498094,INFO,AGENT_EVENT,100001000010010000100001001000010000000100001000010010000100,0.13425629829502783,7438.470741623738
1509828500470,INFO,AGENT_EVENT,100001000010010000100000001000010000000100001000000010000100,0.11823898895074832,6199.670651609273
1509828503585,INFO,AGENT_EVENT,110001000010010000100001001000010000000100001000000010000100,0.13890374368750902,7419.454287584942
1509828506481,INFO,AGENT_EVENT,100001000010010000100011001000010000000100001000000010000100,0.13645088214449866,8270.525076947228
1509828509480,INFO,AGENT_EVENT,100001000010010000100001001000010000000100101000000010000100,0.13438868515205887,7572.032654028602
1509828512386,INFO,AGENT_EVENT,100001000010010000100011001000010000000100001000000010000100,0.13645088214449866,8270.525076947228
1509828515770,INFO,AGENT_EVENT,100001000011010000100001001000010000000100001000000010000100,0.08299651336360483,8181.631935865684
1509828521203,INFO,CLICK_EVENT,100001000010010000100001001000010000000100001000000010000110,0.1448258257569962,8313.45613787826
1509828522519,INFO,EXPLORE_EVENT,100001000010010000100001000000010000000100001000000010000100,0.12963322937065883,6623.200647446221
1509828522886,INFO,EXPLORE_EVENT,100001000010010000100001001000010000000100001000000010000100,0.12963322937065883,7294.711359149693
1509828523409,INFO,AGENT_EVENT,100001001010010000100001001000010000000100001000000010000100,0.11358305243847876,8565.896000491985
1509828526522,INFO,AGENT_EVENT,100001000010010000100011001000010000000100001000000010000100,0.13645088214449866,8270.525076947228
1509828529853,INFO,AGENT_EVENT,101001000010010000100001001000010000000100001000000010000100,0.0945321910337455,7804.809382765849
1509828532458,INFO,AGENT_EVENT,100000000010010000100001001000010000000100001000000010000100,0.08360272135296312,5984.926374592132
1509828535559,INFO,AGENT_EVENT,100001000010010000100001001000010000000100011000000010000100,0.13392850409782736,7588.032184204772
1509828538848,INFO,AGENT_EVENT,100001000010010000100001001000010000000100001000001010000100,0.1301774602968111,7786.476152347208
1509828542250,INFO,AGENT_EVENT,100001000010010000100001001000010000000110001000000010000100,0.13631788490237673,7483.133729812995
1509828544975,INFO,AGENT_EVENT,100001000010010000000001001000010000000100001000000010000100,0.13434491876101776,6990.288834793193
1509828548086,INFO,AGENT_EVENT,100001000010010000100001001000010000000100001100000010000100,0.11563380559257047,7879.397481711532
1509828551237,INFO,AGENT_EVENT,100001000010010000100001001000010000000100001000000011000100,0.1329083559962585,7806.485904964669
1509828554307,INFO,AGENT_EVENT,100001000010010000100001001000010100000100001000000010000100,0.12963322937065883,7879.860312071281
1509828557209,INFO,AGENT_EVENT,100001000010011000100001001000010000000100001000000010000100,0.12527780378346992,7771.081035356956
1509828559818,INFO,AGENT_EVENT,000001000010010000100001001000010000000100001000000010000100,0.11469522411770725,5901.621579609355
1509828563066,INFO,AGENT_EVENT,100001000010011000100001001000010000000100001000000010000100,0.12527780378346992,7771.081035356956
1509828565720,INFO,CLICK_EVENT,000000000000000000000000000000000000000000000000000000000000,0,0
1509828567442,INFO,AGENT_EVENT,100001000010010000101001001000010000000100001000000010000100,0.12744786829567076,8479.556868119129
1509828569451,INFO,CLICK_EVENT,000000000000000000000000000000000000000000000000000000000000,0,0
1509828569901,INFO,CLICK_EVENT,100001000010010000100001001000010000000100001000000010000110,0.1448258257569962,8313.45613787826
1509828570200,INFO,CLICK_EVENT,100001000010010000100001001000010000000100001000000010000110,0.1448258257569962,8313.45613787826
1509828571267,INFO,AGENT_EVENT,100001000010110000100001001000010000000100001000000010000100,0.12930978108064467,7922.474998449086
1509828574053,INFO,AGENT_EVENT,100001000000010000100001001000010000000100001000000010000100,0.12966471768009408,5701.582119357131
1509828577558,INFO,AGENT_EVENT,100001000010010000100001001000010000010100001000000010000100,0.14464015450115028,7401.0124705503
1509828586382,INFO,CLICK_EVENT,100001000010010000100001001000010000000100001000000010000100,0.12963322937065883,7294.711359149693
1509828586602,INFO,EXPLORE_EVENT,100001000010000000100001001000010000000100001000000010000100,0.12988840716055944,7175.26708023965
1509828587525,INFO,AGENT_EVENT,100001000010010000100001000000010000000100001000000010000100,0.12963322937065883,6623.200647446221
1509828587558,INFO,EXPLORE_EVENT,100001000010010000100001001000010000000100001000000010000100,0.12963322937065883,7294.711359149693
1509828589346,INFO,CLICK_EVENT,100001000110010000100001001000010000000100001000000010000100,0.07808808885377604,8029.849963797071
1509828590994,INFO,AGENT_EVENT,100001000010010000100001001000010000000101001000000010000100,0.12829764878149644,7703.169179191789
1509828594044,INFO,AGENT_EVENT,100001000010010000100001000000010000000100001000000010000100,0.12963322937065883,6623.200647446221
1509828596765,INFO,AGENT_EVENT,100001000010010000100001001000010000000100001000000010000000,0.12467517602721939,6385.2905037864675
1509828600139,INFO,AGENT_EVENT,100001000110010000100001001000010000000100001000000010000100,0.07808808885377604,8029.849963797071
1509828603244,INFO,AGENT_EVENT,100001000010010000100001001000010010000100001000000010000100,0.14945406995834049,8086.045855658811
1509828606391,INFO,AGENT_EVENT,100001000010010000100001001001010000000100001000000010000100,0.13309204175404796,7703.846213071267
1509828609692,INFO,AGENT_EVENT,100001000010010000100001001000010000000110001000000010000100,0.13631788490237673,7483.133729812995
1509828612844,INFO,AGENT_EVENT,100001000010010000100001001000010000000100001000100010000100,0.1344312929472191,7963.545415194743
1509828615774,INFO,AGENT_EVENT,100001000010010000100001011000010000000100001000000010000100,0.12963322937065883,7402.0947530402245
1509828619092,INFO,AGENT_EVENT,101001000010010000100001001000010000000100001000000010000100,0.0945321910337455,7804.809382765849
1509828622156,INFO,AGENT_EVENT,100001000010010000100001001000010000000100001000000010100100,0.13265793000786025,7613.471337387793
1509828625020,INFO,AGENT_EVENT,100001000010010000100001001000000000000100001000000010000100,0.12963322937065883,7005.623998913642
1509828628252,INFO,AGENT_EVENT,100001000010010000100001001000010000000100001000001010000100,0.1301774602968111,7786.476152347208
1509828631529,INFO,AGENT_EVENT,100001000010010000100001001000010000000100001000000011000100,0.1329083559962585,7806.485904964669
1509828634458,INFO,AGENT_EVENT,100001000010010000100001001000110000000100001000000010000100,0.12963322937065883,7559.660829445236
1509828637362,INFO,AGENT_EVENT,100001000010010000100001001010010000000100001000000010000100,0.12963322937065883,7474.41756475466
1509828640436,INFO,AGENT_EVENT,100001000010010000101001001000010000000100001000000010000100,0.12744786829567076,8479.556868119129
1509828643467,INFO,AGENT_EVENT,100001000010010000100001001000010000000100001000000010001100,0.13164529145305331,8521.468023767336
1509828646693,INFO,AGENT_EVENT,100001000010010000100001001000010000100100001000000010000100,0.13215885782682504,7797.651662001108
1509828650826,INFO,AGENT_EVENT,100101000010010000100001001000010000000100001000000010000100,0.08512571638858689,7543.463424935942
1509828653968,INFO,AGENT_EVENT,100001000010010000100001001000010000000100011000000010000100,0.13392850409782736,7588.032184204772
1509828656936,INFO,AGENT_EVENT,100001000010010000100001001000010100000100001000000010000100,0.12963322937065883,7879.860312071281
1509828660093,INFO,AGENT_EVENT,100001000010010000100001101000010000000100001000000010000100,0.13279123569530607,7792.917089448031
1509828662730,INFO,AGENT_EVENT,100001000010010000100001001000010000000100000000000010000100,0.1339749088027031,6261.694729715511
1509828665754,INFO,AGENT_EVENT,100001000010010000100001001000000000000100001000000010000100,0.12963322937065883,7005.623998913642
1509828668468,INFO,AGENT_EVENT,100001000010010000100001001000010000000100001000000010000000,0.12467517602721939,6385.2905037864675
1509828672620,INFO,AGENT_EVENT,100101000010010000100001001000010000000100001000000010000100,0.08512571638858689,7543.463424935942
1509828675243,INFO,AGENT_EVENT,100001000010010000100001001000010000000100001000000000000100,0.1277345309115804,6997.4199318091905
1509828677901,INFO,AGENT_EVENT,000001000010010000100001001000010000000100001000000010000100,0.11469522411770725,5901.621579609355
1509828680012,INFO,CLICK_EVENT,100011000000010000000000001000000000000100000000000010000000,0.13573699398293437,2407.1004517082933
1509828681324,INFO,AGENT_EVENT,100001000010010000100001001000110000000100001000000010000100,0.12963322937065883,7559.660829445236
1509828684511,INFO,AGENT_EVENT,100001000010010000100001001000010000100100001000000010000100,0.13215885782682504,7797.651662001108
1509828687610,INFO,AGENT_EVENT,100001000010010000100001001000010000000100001000100010000100,0.1344312929472191,7963.545415194743
1509828690633,INFO,AGENT_EVENT,100001000010010000101001001000010000000100001000000010000100,0.12744786829567076,8479.556868119129
1509828693661,INFO,AGENT_EVENT,100001000010010000100001001000010000000100001000000010010100,0.13718941417024014,7635.370148693861
1509828697099,INFO,AGENT_EVENT,100001000110010000100001001000010000000100001000000010000100,0.07808808885377604,8029.849963797071
1509828700138,INFO,AGENT_EVENT,100001000010010000100001001000010000000100101000000010000100,0.13438868515205887,7572.032654028602
1509828703307,INFO,AGENT_EVENT,100001000010010000100001001000010000001100001000000010000100,0.13410067119428698,7720.949268341825
1509828706513,INFO,AGENT_EVENT,100001000010010000100001001001010000000100001000000010000100,0.13309204175404796,7703.846213071267
1509828709645,INFO,AGENT_EVENT,100001000010010000100001001001010000000100001000000010000100,0.13309204175404796,7703.846213071267
1509828713764,INFO,AGENT_EVENT,100101000010010000100001001000010000000100001000000010000100,0.08512571638858689,7543.463424935942
1509828716650,INFO,AGENT_EVENT,100001000010010010100001001000010000000100001000000010000100,0.12754133837064507,7607.860903734121
1509828719799,INFO,AGENT_EVENT,100001000010010000100001001000010000000100001000000010000110,0.1448258257569962,8313.45613787826
1509828723014,INFO,AGENT_EVENT,100001000010010000100001001000010000010100001000000010000100,0.14464015450115028,7401.0124705503
1509828725678,INFO,AGENT_EVENT,100001000010010000100001001000010000000100000000000010000100,0.1339749088027031,6261.694729715511
1509828729008,INFO,AGENT_EVENT,100001000010010000100001001000010001000100001000000010000100,0.1350543909979713,8009.262667673509
1509828731449,INFO,AGENT_EVENT,100001000010010000100000001000010000000100001000000010000100,0.11823898895074832,6199.670651609273
1509828734602,INFO,AGENT_EVENT,100001000010010000100011001000010000000100001000000010000100,0.13645088214449866,8270.525076947228
1509828738654,INFO,AGENT_EVENT,100101000010010000100001001000010000000100001000000010000100,0.08512571638858689,7543.463424935942
1509828741690,INFO,AGENT_EVENT,100001000010010000100001001000010000000100011000000010000100,0.13392850409782736,7588.032184204772
1509828744798,INFO,AGENT_EVENT,100001000010010000100001101000010000000100001000000010000100,0.13279123569530607,7792.917089448031
1509828751723,INFO,EXPLORE_EVENT,100001000010010000100001001000010000000100001000000000000100,0.1277345309115804,6997.4199318091905
1509828752380,INFO,EXPLORE_EVENT,100001000010010000100001001000010000000100001000000000000000,0.12210877847721939,6131.570256938205
1509828754484,INFO,EXPLORE_EVENT,100001000010010000100001001000010000000100000000000000000000,0.12605433288375162,5098.553627504022
1509828756610,INFO,EXPLORE_EVENT,100001000010010000100001001000000000000000000000000000000000,0.09151802051620646,4369.47262599569
1509828756665,INFO,EXPLORE_EVENT,100001000010010000100001001000000000000100000000000000000000,0.12605433288375162,4809.46626726797
1509828758038,INFO,EXPLORE_EVENT,100001000010010000100001000000000000000000000000000000000000,0.09151802051620646,3728.3784602979094
1509828758117,INFO,EXPLORE_EVENT,100001000010010000100000000000000000000000000000000000000000,0.07363995640586443,2633.337752757489
1509828759392,INFO,EXPLORE_EVENT,100001000010000000100000000000000000000000000000000000000000,0.07363995640586443,2560.3259395728533
1509828761120,INFO,EXPLORE_EVENT,100001000010000000000000000000000000000000000000000000000000,0.07363995640586443,2301.8205670767716
1509828761285,INFO,AGENT_EVENT,100001000010000000000000000000000000000000000000000000010000,0.10233875641209608,2570.5255781369933
1509828763064,INFO,EXPLORE_EVENT,000000000000000000000000000000000000000000000000000000000000,0.0,0.0
1509828773727,INFO,CLEAR_SCREEN,000000000000000000000000000000000000000000000000000000000000,N/A,N/A
1509828795059,INFO,CLICK_EVENT,000000000000000000000000000000000000000000000000000000000000,0,0
1509828796107,INFO,CLICK_EVENT,000000000000000000000000000000000000000000000000000000000000,0,0
1509828810959,INFO,EXPLORE_EVENT,100000000000000000000000000000000000000000000000000000000000,0.021025948837500003,431.63363893128997
1509828816155,INFO,EXPLORE_EVENT,100010000000000000000000000000000000000000000000000000000000,0.022162592587500002,608.8216651037712
1509828822422,INFO,EXPLORE_EVENT,100010000000010000000000000000000000000000000000000000000000,0.022162592587500002,775.86051262501
1509828826601,INFO,EXPLORE_EVENT,100010000000010000000000001000000000000000000000000000000000,0.022162592587500002,1416.9546783227902
1509828830000,INFO,EXPLORE_EVENT,100010000000010000000000001000000000000100000000000000000000,0.06866516580557114,1856.948319595071
1509828834047,INFO,EXPLORE_EVENT,100010000000010000000000001000000000000100000000000010000000,0.08586250276494614,2110.668566443333
1509828852914,INFO,EXPLORE_EVENT,000000000000000000000000000000000000000000000000000000000000,0.0,0.0
1509828855118,INFO,CLEAR_SCREEN,000000000000000000000000000000000000000000000000000000000000,N/A,N/A
1509829166565,INFO,TREATMENT_1,000000000000000000000000000000000000000000000000000000000000,N/A,N/A
1509829196251,INFO,EXPLORE_EVENT,100000000000000000000000000000000000000000000000000000000000,0.0144620975,259.2800180585232
1509829198974,INFO,EXPLORE_EVENT,100000000000010000000000000000000000000000000000000000000000,0.0368039,528.0350401958026
1509829202391,INFO,EXPLORE_EVENT,100000000000010000000000001000000000000000000000000000000000,0.03756855125,1205.949328866117
1509829205358,INFO,EXPLORE_EVENT,100000000000010000000000001000000000000100000000000000000000,0.03756855125,2000.050070081978
1509829207226,INFO,EXPLORE_EVENT,100000000000010000000000001000000000000100000000000010000000,0.054522232600000005,2598.2673633043323
1509829210564,INFO,EXPLORE_EVENT,100001000000010000000000001000000000000100000000000010000000,0.08370886243694965,3655.4615771467843
1509829215423,INFO,EXPLORE_EVENT,100001000000010000100000001000000000000100000000000010000000,0.10043577233552498,3995.277439784011
1509829221774,INFO,EXPLORE_EVENT,100001000000010000100000001000010000000100001000000010000100,0.11736027387322262,5238.151550311382
1509829224660,INFO,EXPLORE_EVENT,100001000010010000100000001000010000000100001000000010000100,0.11512730988806252,5557.991653082647
1509829227828,INFO,EXPLORE_EVENT,100001000010010000100001001000010000000100001000000010000100,0.1634514394081263,5851.736026384053
1509829235397,INFO,CLICK_EVENT,100000000000000000000000000000000000000000000000000000000000,0.0144620975,259.2800180585232
1509829238180,INFO,CLICK_EVENT,100001000010010000100001001000010000000100001000000010000100,0.1634514394081263,5851.736026384053
1509829286310,INFO,EXPLORE_EVENT,100001000010010000100001001000010000000100001000000010000100,0.1634514394081263,5851.736026384053
1509829318252,INFO,EXPLORE_EVENT,100000000000000000000000000000000000000000000000000000000000,0.0144620975,259.2800180585232
1509829323021,INFO,EXPLORE_EVENT,100000000000010000000000000000000000000000000000000000000000,0.0368039,528.0350401958026
1509829331285,INFO,EXPLORE_EVENT,100000000000010000000000001000000000000000000000000000000001,0.09514667937500002,1577.2153613332944
1509829335507,INFO,EXPLORE_EVENT,000000000000000000000000000000000000000000000000000000000000,0.0,0.0
1509829345380,INFO,EXPLORE_EVENT,100000000000000000000000000000000000000000000000000000000000,0.0144620975,259.2800180585232
1509829347852,INFO,EXPLORE_EVENT,100000000000010000000000000000000000000000000000000000000000,0.0368039,528.0350401958026
1509829355132,INFO,EXPLORE_EVENT,100000000000010000000000001000000000000100000000000000000000,0.03756855125,2000.050070081978
1509829359896,INFO,EXPLORE_EVENT,100000000000010000000000001000000000000100000000000010000000,0.054522232600000005,2598.2673633043323
1509829369996,INFO,EXPLORE_EVENT,100001000000010000100000001000010000000100000000000010000000,0.10043577233552498,4060.620356494261
1509829379577,INFO,EXPLORE_EVENT,100001000000010000100000001000010000000100001000000010000100,0.11736027387322262,5238.151550311382
1509829384797,INFO,EXPLORE_EVENT,100001000010010000100001001000010000000100001000000010000100,0.1634514394081263,5851.736026384053
1509829386358,INFO,CLICK_EVENT,100001000010010000100001001000010000000100001000000010000100,0.1634514394081263,5851.736026384053
1509829429882,INFO,EXPLORE_EVENT,000000000000000000000000000000000000000000000000000000000000,0.0,0.0
1509829448187,INFO,CLEAR_SCREEN,000000000000000000000000000000000000000000000000000000000000,N/A,N/A
1509829448730,INFO,CLICK_EVENT,000000000000000000000000000000000000000000000000000000000000,0,0
1509829469524,INFO,EXPLORE_EVENT,100000000000000000000000000000000000000000000000000000000000,0.0144620975,259.2800180585232
1509829472548,INFO,EXPLORE_EVENT,100000000000010000000000000000000000000000000000000000000000,0.0368039,528.0350401958026
1509829474739,INFO,EXPLORE_EVENT,100000000000010000000000001000000000000000000000000000000000,0.03756855125,1205.949328866117
1509829476434,INFO,EXPLORE_EVENT,100000000000010000000000001000000000000100000000000000000000,0.03756855125,2000.050070081978
1509829478386,INFO,EXPLORE_EVENT,100000000000010000000000001000000000000100000000000010000000,0.054522232600000005,2598.2673633043323
1509829483901,INFO,EXPLORE_EVENT,100001000000010000100000001000000000000100000000000010000000,0.10043577233552498,3995.277439784011
1509829486163,INFO,EXPLORE_EVENT,100001000000010000100000001000010000000100000000000010000000,0.10043577233552498,4060.620356494261
1509829491196,INFO,EXPLORE_EVENT,100001000000010000100000001000010000000100001000000010000100,0.11736027387322262,5238.151550311382
1509829494140,INFO,EXPLORE_EVENT,100001000010010000100000001000010000000100001000000010000100,0.11512730988806252,5557.991653082647
1509829499537,INFO,EXPLORE_EVENT,100001000010010000100001001000010000000100001000000010000100,0.1634514394081263,5851.736026384053
1509829518978,INFO,EXPLORE_EVENT,000000000000000000000000000000000000000000000000000000000000,0.0,0.0
1509829528311,INFO,CLEAR_SCREEN,000000000000000000000000000000000000000000000000000000000000,N/A,N/A
