1511298931944,INFO,DEMO_TREATMENT,000000000000000000000000000000000000000000000000000000000000,N/A,N/A
1511299152417,INFO,EXPLORE_EVENT,000000000000000000000000100000000000000000000000000000000000,0.04650257321807113,440.06168448168603
1511299169041,INFO,EXPLORE_EVENT,000000000000100000000000000000000000000000000000000000000000,0.0,440.04113867618344
1511299174459,INFO,EXPLORE_EVENT,000000000000000000000000000000000000100000000000000000000000,0.05068408969741005,448.4685696012415
1511299193093,INFO,EXPLORE_EVENT,000000000000000000000000000000000000000000000000100000000000,0.046922313256621,448.4685696012415
1511299196526,INFO,EXPLORE_EVENT,000000000000000000000000000000000000100000000000000000000000,0.05068408969741005,448.4685696012415
1511299204369,INFO,EXPLORE_EVENT,000000000000000000000000000000000000100100000000000000000000,0.04845119706758127,747.6045034267825
1511299208448,INFO,EXPLORE_EVENT,000000000000000000000000000000000000100000000000000000000000,0.05068408969741005,448.4685696012415
1511299213983,INFO,CLICK_EVENT,000000000000000000000000000000000000100000000000000000000000,0.05068408969741005,448.4685696012415
1511299218910,INFO,CLICK_EVENT,000000000000000000000000000000000000100100000000000000000000,0.04845119706758127,747.6045034267825
1511299226782,INFO,CLICK_EVENT,000000000000000000000000000000000000000000000000100000000000,0.046922313256621,448.4685696012415
1511299228678,INFO,CLICK_EVENT,000000000000000000000000000000000000100000000000000000000000,0.05068408969741005,448.4685696012415
1511299235403,INFO,EXPLORE_EVENT,000000000000000000000000000001000000100000000000000000000000,0.05297804344741005,1117.5333117601072
1511299240061,INFO,EXPLORE_EVENT,000000000000000001000000000000000000100000000000000000000000,0.05297804344741005,1117.393940583774
1511299251572,INFO,EXPLORE_EVENT,000000000000000000000000000000000000100001000000000000000000,0.044200620963234044,1511.3924329034994
1511299258523,INFO,EXPLORE_EVENT,000000000000000000000000000000000000100000000000000001000000,0.05297804344741005,1131.7781189941104
1511299261044,INFO,EXPLORE_EVENT,000000000000000000000000000000000000100000000000000001100000,0.0554677160749847,2383.3613449746917
1511299265332,INFO,EXPLORE_EVENT,000000000000000000000000000000100000100000000000000001000000,0.05978916387311107,1926.0141328702339
1511299274753,INFO,EXPLORE_EVENT,000000000000000000000000000000100000100000000000000101000000,0.08560841137311108,2105.6963792797437
1511299282640,INFO,EXPLORE_EVENT,000000000000000000001000000000100000100000000000000101000000,0.10568364838480082,3123.7288050680672
1511299286642,INFO,EXPLORE_EVENT,000000001000000000000000000000100000100000000000000101000000,0.10716280563932862,3108.0242716375224
1511299293576,INFO,EXPLORE_EVENT,000000001000000010000000000000100000100000000000000101000000,0.10716280563932862,3366.695085867882
1511299297920,INFO,EXPLORE_EVENT,000000001000000000000000000010100000100000000000000101000000,0.11240820390299502,3398.0801438188
1511299309600,INFO,CLICK_EVENT,000000001000000000000000000010100000100000000000000101000000,0.11240820390299502,3398.0801438188
1511299318225,INFO,EXPLORE_EVENT,000000001000000000000000000010100000100000000000000000000000,0.08338965069535678,2535.02814178077
1511299328250,INFO,EXPLORE_EVENT,000000001000000000000000000000100000100000000000000000000000,0.0790496043893286,2244.9722695994915
1511299329920,INFO,EXPLORE_EVENT,000000001000000000000000000000100000000000000000000000000000,0.03803274796643766,1796.563906233902
1511299331292,INFO,EXPLORE_EVENT,000000001000000000000000000000000000000000000000000000000000,0.03425714001604683,1002.3278923577784
1511299333468,INFO,EXPLORE_EVENT,000000000000000000000000000000000000000000000000000000000000,0.0,0.0
1511299383086,INFO,CLEAR_SCREEN,000000000000000000000000000000000000000000000000000000000000,N/A,N/A
1511299383875,INFO,CLICK_EVENT,000000000000000000000000000000000000000000000000000000000000,0,0
1511299385820,INFO,TREATMENT_2,000000000000000000000000000000000000000000000000000000000000,N/A,N/A
1511299450893,INFO,AGENT_EVENT,000000001010000010000000000000000001010000000000100101000000,0.07563068857502253,4093.833672802668
1511299451728,INFO,AGENT_EVENT,000000000000000000000000000000000000000000010000000000001000,0.03801482030135317,805.7106802782448
1511299453045,INFO,AGENT_EVENT,110000000000000000000000000000000010000000000100110100100010,0.06348648440733085,3257.467716660894
1511299454351,INFO,AGENT_EVENT,000000010001000000010100000000000010000000000000100000000000,0.13216071958655728,1499.075190226762
1511299456018,INFO,AGENT_EVENT,100000100000010010010010100000000010001001000000000000010000,0.13762419270640236,5145.486983906316
1511299457085,INFO,AGENT_EVENT,000000000000000000000000001000000010001001000000000000010000,0.06450391604101458,2945.7220937689017
1511299458092,INFO,AGENT_EVENT,000000000010000001000000000000001000000000000010000000000000,0.03131997629177519,2141.2727845141617
1511299459468,INFO,AGENT_EVENT,000000000000000000010100000000000010000000010100110000100010,0.12104216736294093,2907.057043433328
1511299460511,INFO,AGENT_EVENT,000000010000000100000000010000110000000000000000000010000000,0.051455185320587904,2300.3984228365543
1511299461447,INFO,AGENT_EVENT,000000000010000000000000000000000000000000000000000000100001,0.07967606133750005,926.9902092544996
1511299462413,INFO,AGENT_EVENT,000010000000000000100000000000000000000000000000000000010000,0.054197993837500014,1225.8573339077038
1511299463442,INFO,AGENT_EVENT,010000000000100000000000000000100001000000000000000000000000,0.11171292571250002,1229.6940475606484
1511299464639,INFO,CLICK_EVENT,000000000000000000010100000000000010000000010100110000100010,0.12104216736294093,2907.057043433328
1511299464947,INFO,AGENT_EVENT,000001000000000000000100000000000010000000000100110100100010,0.0963011461003298,4271.455977053747
1511299466060,INFO,AGENT_EVENT,000000000000000000000000000000000000000010000000000000100001,0.09409316716250005,1271.3354173280563
1511299467069,INFO,AGENT_EVENT,110000000000000000000000000010000000000000000000000000000010,0.07147530888437503,1279.373376183195
1511299468126,INFO,AGENT_EVENT,100000000000000000001000100000000000000000000000000000010000,0.051417972857035865,1351.6526409858204
1511299468856,INFO,AGENT_EVENT,000000000000000000000000001000000000000000010000000000000000,0.0022939537499999663,842.308637763033
1511299469904,INFO,AGENT_EVENT,000000000000000000001000000000000000000000010000000000001000,0.06054434757056637,1474.6568768874056
1511299471063,INFO,AGENT_EVENT,010000010000100000000000000000100001000000000000000000000000,0.12492523508749998,1303.370592164787
1511299473185,INFO,AGENT_EVENT,000000000000011000001100000001000011001000001000000001010000,0.09442726829280301,6682.985414135979
1511299473537,INFO,CLICK_EVENT,000001000000000000000100000000000010000000000100110100100010,0.0963011461003298,4271.455977053747
1511299474676,INFO,AGENT_EVENT,000000010001000000010100000000000000000000000000010000100001,0.16781739072765567,1808.518543890396
1511299475687,INFO,AGENT_EVENT,010000000000000000001000000000000000000000000000000000010000,0.06404611715478592,1102.564915834997
1511299477913,INFO,AGENT_EVENT,100000100000010010010010100000000010001001000000001101001000,0.13330907348116183,8010.107315580675
1511299479036,INFO,AGENT_EVENT,110000000000000000000000000000000001000100000000000000100001,0.12859556321249999,2246.1416081748193
1511299479505,INFO,CLICK_EVENT,000000000000000000000000000000000000000010000000000000100001,0.09409316716250005,1271.3354173280563
1511299480173,INFO,AGENT_EVENT,010000000000000000010100000000000010000000001000100000000000,0.08376679343030835,1978.5734968415156
1511299481043,INFO,AGENT_EVENT,110000000000000000000000000010000000000000000100000000000000,0.052157201350000015,1507.877770639693
1511299482237,INFO,AGENT_EVENT,000000000000000010000000000001000000000010000000000000100001,0.12034823913960724,2847.8798025224455
1511299483595,INFO,AGENT_EVENT,000000000001000000010100000000000010000000000100000000010000,0.1354926026843073,1788.1594796339846
1511299485015,INFO,AGENT_EVENT,000010100000000000000000000000001000001000100001100000100001,0.12494457802500003,3676.003556227789
1511299485752,INFO,CLICK_EVENT,000001000000000000000100000000000010000000000100110100100010,0.0963011461003298,4271.455977053747
1511299486266,INFO,AGENT_EVENT,000000000000000000000000000000000000000001010000001101001000,0.047060946906539614,4154.640846399933
1511299487644,INFO,AGENT_EVENT,000000000000000000110100000000000010000010000000000000100001,0.14103692679064905,2659.0539084376983
1511299488504,INFO,CLICK_EVENT,000000000000011000001100000001000011001000001000000001010000,0.09442726829280301,6682.985414135979
1511299489058,INFO,AGENT_EVENT,110000000000000010000000110000001000000100100010010000100001,0.1369627136125,4774.289553017426
1511299489921,INFO,AGENT_EVENT,000000000000000000000000000000100001000000010000000000000000,0.07567367696250005,866.0533564575646
1511299491635,INFO,AGENT_EVENT,000000000000000000110100000000000010000010000000000000100101,0.1027560820001121,3436.837247467563
1511299492429,INFO,AGENT_EVENT,000000100000000000000000000000000000000000010000000000000000,0.031432198837500036,595.9218945818515
1511299493545,INFO,AGENT_EVENT,000010000000000000000000100000001000001000100000000000010000,0.058197182500000055,2762.4139433267324
1511299494649,INFO,AGENT_EVENT,110000000000000000000000000010001000000000000100000000010000,0.08177869692500006,2666.669061553749
1511299494833,INFO,CLICK_EVENT,000000010001000000010100000000000000000000000000010000100001,0.16781739072765567,1808.518543890396
1511299496166,INFO,AGENT_EVENT,000000010001010000010100000000000000000100000000000000100001,0.14243105028437297,2763.451000092446
1511299496929,INFO,AGENT_EVENT,000010000000000000000000000000000100000000000000000000000000,0.0,1077.6804065788313
1511299498028,INFO,AGENT_EVENT,010001000000100000000000000000100001000000000000000000000000,0.11962593516103692,2297.9888945780854
1511299498868,INFO,AGENT_EVENT,000000000000000000010000000000000000000000010000000000000000,0.010874309375000002,331.4719614588343
1511299500072,INFO,AGENT_EVENT,000000000000000000110100000000000010000110000000000000100000,0.08044333889213218,3506.908461425787
1511299501018,INFO,AGENT_EVENT,000010000000010000000000000000000000000000000000000000001000,0.06745772165135322,1539.8671652499415
1511299501761,INFO,AGENT_EVENT,000010000000000000000000000000000000000100000000000000000000,0.0,1424.1057295851394
1511299502582,INFO,AGENT_EVENT,000000000000000000000000100000000000000000000100000000010000,0.029976079452250004,862.8997502711813
1511299503407,INFO,AGENT_EVENT,000000000000000000000000000001000000000000010000000000000000,0.03425714001604685,1166.6162389261117
1511299504629,INFO,AGENT_EVENT,000000010001001000000000000000000000000000000000000000100001,0.10283704245000003,1758.0275636489155
1511299505833,INFO,CLICK_EVENT,100000100000010010010010100000000010001001000000001101001000,0.13330907348116183,8010.107315580675
1511299506083,INFO,AGENT_EVENT,000000000001000000010100000000000010000000000100010000010000,0.15986365626515564,1941.431960054577
1511299507140,INFO,AGENT_EVENT,010000000000100000000000000010100001000000000000000000000000,0.11369590641209604,2801.3339403127397
1511299508410,INFO,AGENT_EVENT,000010000000000000100000000000000000010000000000000000010000,0.054197993837500014,1484.5281481380641
1511299508434,INFO,CLICK_EVENT,000000000000011000001100000001000011001000001000000001010000,0.09442726829280301,6682.985414135979
1511299509303,INFO,AGENT_EVENT,000000000000000000010000000000001000000000010000000000000000,0.010874309375000002,998.7700257994081
1511299510553,INFO,AGENT_EVENT,000000000000000000010100000000000010000000000110010000010000,0.10520272615307147,1755.2730767332746
1511299511432,INFO,AGENT_EVENT,000000100000100000000000001000000000000000010000000000000000,0.047699104999999964,1533.0890245081591
1511299512736,INFO,AGENT_EVENT,000000000000000000010100000000000010000000000110010100010000,0.06652990653850832,2629.705220638402
1511299513782,INFO,AGENT_EVENT,000000100000000000000000100001000000000000000000000000010000,0.08681445605723337,1902.9659598495193
1511299514571,INFO,AGENT_EVENT,100000000000000000000000110000000000000000000000000000000000,0.014462097500000048,701.1128546112031
1511299515252,INFO,AGENT_EVENT,000000000000000000000000000000010000000000010000000000000000,0.0,331.2180839803441
1511299516072,INFO,AGENT_EVENT,000000000000000000000000000000000010000000000000110000000000,0.052157201350000015,661.8214700869211
1511299517447,INFO,AGENT_EVENT,000010000000000000100000000000001000000010000000000000100001,0.10278971303749995,2906.908482497538
1511299519480,INFO,CLICK_EVENT,000000010001000000010100000000000000000000000000010000100001,0.16781739072765567,1808.518543890396
1511299519846,INFO,AGENT_EVENT,000000100000000000000000000000000000000100100010010001100001,0.08165045285996952,4209.647685161017
1511299521227,INFO,AGENT_EVENT,000000000001000000010000000000000010000000000100000000000000,0.07227950937500005,1223.4981878579165
1511299522545,INFO,AGENT_EVENT,000000000001000000000000000000000010000000000000110000000000,0.11356240135000006,1027.7569080086414
1511299523301,INFO,FILTER_EVENT,000000000000000000000000000000000000000000000000000000010000,-1,-1
1511299524253,INFO,AGENT_EVENT,010000000000100000000000000000100001100000000000000000000001,0.11723841321250006,1822.384339273061
1511299524946,INFO,FILTER_EVENT,000000000000000000000000000000000000000000000000000000000000,-1,-1
1511299525488,INFO,AGENT_EVENT,000010000000000000000000100000000000000000000000000000010000,0.031619571250000034,1052.8063462698544
1511299525571,INFO,FILTER_EVENT,000000000000000000000000000000000000000000000000000000010000,-1,-1
1511299525802,INFO,FILTER_EVENT,000000000000000000000000000000000000000000000000000000000000,-1,-1
1511299526141,INFO,FILTER_EVENT,000000000000000000000000000000000000000000000000000000010000,-1,-1
1511299526392,INFO,FILTER_EVENT,000000000000000000000000000000000000000000000000000000000000,-1,-1
1511299527203,INFO,AGENT_EVENT,000000000000000000000000000000100001100000000000000000001001,0.11161102070358253,2002.162296079218
1511299528637,INFO,AGENT_EVENT,000000000001000000010000000000000010000000000000100000000000,0.08674160687499999,1034.3444516336606
1511299530431,INFO,FILTER_EVENT,000000000000000000000000000000000000000000000000000000010000,-1,-1
1511299530558,INFO,FILTER_EVENT,000000000000000000000000000000000000000000000000000000000000,-1,-1
1511299530778,INFO,AGENT_EVENT,000000110001000000010100000000000010000000000000100000000000,0.1642522833968073,1844.284554613814
1511299531924,INFO,AGENT_EVENT,000000000000000000000000110000000000000001000000000000000000,0.034490330445186124,1459.9212537883318
1511299532242,INFO,FILTER_EVENT,000000000000000000000000000000000000000000000000000000010000,-1,-1
1511299532350,INFO,FILTER_EVENT,000000000000000000000000000000000000000000000000000000000000,-1,-1
1511299532831,INFO,FILTER_EVENT,000000000000000000000000000000000000000000000000000000010000,-1,-1
1511299532933,INFO,FILTER_EVENT,000000000000000000000000000000000000000000000000000000000000,-1,-1
1511299533013,INFO,CLICK_EVENT,000000110001000000010100000000000010000000000000100000000000,0.1642522833968073,1844.2845546138137
1511299533188,INFO,FILTER_EVENT,000000000000000000000000000000000000000000000000000000010000,-1,-1
1511299533217,INFO,AGENT_EVENT,000000000000000000000000000000000010000000000000000000100001,0.07910773946249994,923.5532405811498
1511299533301,INFO,FILTER_EVENT,000000000000000000000000000000000000000000000000000000000000,-1,-1
1511299533454,INFO,FILTER_EVENT,000000000000000000000000000000000000000000000000000000010000,-1,-1
1511299533568,INFO,FILTER_EVENT,000000000000000000000000000000000000000000000000000000000000,-1,-1
1511299534426,INFO,AGENT_EVENT,000000000000000000000000000000110001000000010000000000000000,0.07567367696250005,932.2470837147423
1511299536243,INFO,AGENT_EVENT,000010000000000000000001000000000000000010000000000000100001,0.10356547446249997,2182.5743235572972
1511299536661,INFO,FILTER_EVENT,000000000000000000000000000000000000000000000000000000010000,-1,-1
1511299536788,INFO,FILTER_EVENT,000000000000000000000000000000000000000000000000000000000000,-1,-1
1511299537314,INFO,AGENT_EVENT,000000000010000000000000000000000000000000010000000000000000,5.683218749999996E-4,418.2076262011475
1511299537843,INFO,FILTER_EVENT,000000000000000000000000000000000000000000000000000000010000,-1,-1
1511299538111,INFO,FILTER_EVENT,000000000000000000000000000000000000000000000000000000000000,-1,-1
1511299539857,INFO,AGENT_EVENT,000000010001000000010100000000000100001000010000000001000000,0.13973418448979902,3206.083953084183
1511299539869,INFO,FILTER_EVENT,000000000000000000000000000000000000000000000000000000010000,-1,-1
1511299539960,INFO,FILTER_EVENT,000000000000000000000000000000000000000000000000000000000000,-1,-1
1511299540585,INFO,FILTER_EVENT,000000000000000000000000000000000000000000000000000000010000,-1,-1
1511299540689,INFO,FILTER_EVENT,000000000000000000000000000000000000000000000000000000000000,-1,-1
1511299543483,INFO,AGENT_EVENT,000000001111000100011000000000100011101000010000100000000000,0.12776443669368498,5205.696206138784
1511299544857,INFO,AGENT_EVENT,000010000000000000000000000000000000000001100000000000000000,0.03783513597875632,2218.1069981698074
1511299545952,INFO,AGENT_EVENT,000000000000000100000000000000000000000000010000000000000000,0.0020328988330878817,1030.3796728284465
1511299548076,INFO,AGENT_EVENT,000000010001100000000000000000100001000000000000000000000000,0.11295773071250004,1391.2899066436753
1511299549858,INFO,AGENT_EVENT,000000000000000000000000000000110001000000010000000001010000,0.1137755551212607,2058.1795657962775
1511299551332,INFO,CLICK_EVENT,000000000000011000001100000001000011001000001000000001010000,0.09442726829280301,6682.985414135979
1511299551398,INFO,AGENT_EVENT,000000000010000000000000000000000000000000000000001000100001,0.08367524999999998,1514.1775021794306
1511299553107,INFO,AGENT_EVENT,000000000010000000000000000000100000000000000000001000100001,0.08525089499999994,1905.3623637154337
1511299554094,INFO,AGENT_EVENT,000000000000000000000000001000000010000000010000000000000000,0.0022939537499999663,1026.8514451873311
1511299556412,INFO,AGENT_EVENT,001000110001000000010100000000000010000000000000100000000000,0.1705894720593073,2467.9208472256396
1511299557307,INFO,AGENT_EVENT,000000000000000000000000000000000100000000010000000000000000,0.0,612.0253138258817
1511299559782,INFO,AGENT_EVENT,000000010001000000010100000000000000001000000000110000000000,0.16386999189015572,2078.496371939271
1511299561499,INFO,CLICK_EVENT,000000000000000000000000000000000100000000010000000000000000,0.0,612.0253138258817
1511299562621,INFO,AGENT_EVENT,000000000001000000011000000000100011101000010000000001000000,0.11886697053484252,3958.283657010519
1511299563614,INFO,AGENT_EVENT,000000000000000000000000000000000000000000010000001000000000,0.0022939537499999663,833.4132949628503
1511299565196,INFO,AGENT_EVENT,000000000001000000010000000000000010000000000000110100000000,0.08523461552591316,2133.5615776215704
1511299566545,INFO,AGENT_EVENT,000000000000000000000010000000000010000000000000110000000000,0.053293845100000015,915.5417169351834
1511299568393,INFO,AGENT_EVENT,000000000000000000010100000000000010000010000100000000010000,0.0854864144900851,2325.95083990983
1511299571369,INFO,AGENT_EVENT,001000110001000000010100000000000000000000100000100000000000,0.17137729455930728,2592.7288074908365
1511299571894,INFO,CLICK_EVENT,000010000000000000000000000000000000000100000000000000000000,0.0,1424.1057295851394
1511299572527,INFO,AGENT_EVENT,000000000010000000000000000000001000000000010000000000000000,5.683218749999996E-4,1084.878969661651
1511299573901,INFO,AGENT_EVENT,000000000000000000000000000000001000000000100000000000100001,0.08042340303749995,1752.7565623858522
1511299575342,INFO,FILTER_EVENT,000000000000000000000000000000000000000000000000000100000000,-1,-1
1511299575443,INFO,FILTER_EVENT,000000000000000000000000000000000000000000000000000000000000,-1,-1
1511299575704,INFO,AGENT_EVENT,001000000001000000000000000000000010000000000100010000010000,0.12359544634999997,1967.7905806875917
1511299576859,INFO,AGENT_EVENT,000000000000000000000000000000000010000000000100110000000000,0.052157201350000015,1101.7945155539485
1511299578367,INFO,AGENT_EVENT,010000000001000000010000000100000010000000000100000000000000,0.10073166005,2294.5569812468207
1511299579364,INFO,AGENT_EVENT,000000000000000000000000000000000000000000010010000000000000,0.0,271.07859092994323
1511299579946,INFO,CLICK_EVENT,000000000000000000000000000000000000000000010010000000000000,0.0,271.07859092994323
1511299580494,INFO,AGENT_EVENT,000000000001000000000000000000000000000000010000000000000000,0.06140520000000005,530.2237844900537
1511299581333,INFO,CLICK_EVENT,000000000010000000000000000000000000000000010000000000000000,5.683218749999996E-4,418.2076262011475
1511299582909,INFO,AGENT_EVENT,000000010001000000010100000000000011000000000000100000000000,0.13634356958655736,1772.1658767626518
1511299585185,INFO,CLICK_EVENT,000000000000000000000000001000000010000000010000000000000000,0.0022939537499999663,1026.8514451873311
1511299585649,INFO,AGENT_EVENT,000000000001000000010100000000000010000000000100110100100010,0.12690339683497753,3747.35023759369
1511299587423,INFO,AGENT_EVENT,010000010000100000100000000000000000000000000000000000100001,0.1442106179875,1570.9221702990712
1511299589266,INFO,AGENT_EVENT,010000010000100000100000000000000000000000000000000000001000,0.1215142218859997,1575.8795377593906
1511299590796,INFO,AGENT_EVENT,000000000010000000000000000000000000000000000000000001100000,0.03840345785375632,1842.260096617508
1511299592343,INFO,CLICK_EVENT,100000100000010010010010100000000010001001000000001101001000,0.13330907348116183,8010.107315580675
1511299592683,INFO,AGENT_EVENT,001000010000100000000000000000100001000000000000000000000000,0.10515289250000004,1710.2895517946554
1511299594632,INFO,AGENT_EVENT,000000010001000000000000000000100011000000000000000000000000,0.1000481069625,1323.0343486935012
1511299596287,INFO,AGENT_EVENT,000000010001000000000000010000000000000000000000000000100001,0.1000481069625,1342.509078011402
1511299597682,INFO,AGENT_EVENT,000000000001000000000000000000000000000000010000000000010000,0.09138127945225005,694.7175760320084
1511299599181,INFO,AGENT_EVENT,000000000000000000000000000001000100000000000000110000000000,0.06860062855770244,1674.5589635652777
1511299599678,INFO,CLICK_EVENT,001000110001000000010100000000000000000000100000100000000000,0.17137729455930728,2592.7288074908365
1511299601946,INFO,AGENT_EVENT,000000010001000000010100000000000010000000010000000000000100,0.12382935106710402,1852.5378688246049
1511299601975,INFO,CLICK_EVENT,000000010001000000010100000000000000000000000000010000100001,0.16781739072765567,1808.518543890396
1511299602677,INFO,CLICK_EVENT,000000010001000000010100000000000000000000000000010000100001,0.16781739072765567,1808.518543890396
1511299603730,INFO,AGENT_EVENT,001000010000100000000000000000100001000000000000000000000000,0.10515289250000004,1710.2895517946554
1511299605505,INFO,AGENT_EVENT,010000010000100000100000000100000000000000010000000000000000,0.08461685946249997,1959.7767251858634
1511299606182,INFO,CLICK_EVENT,000000001111000100011000000000100011101000010000100000000000,0.12776443669368498,5205.696206138784
1511299606984,INFO,AGENT_EVENT,000000000001000000000000000000000000100000010000000000000001,0.0645502,1017.3738055448257
1511299608365,INFO,AGENT_EVENT,000000000000000000000000000000000011000010000000100000000000,0.083591590825,1372.2587288753925
1511299609816,INFO,CLICK_EVENT,000000000000000000000000000000000000000000000000000000000000,0,0
1511299610288,INFO,AGENT_EVENT,010000010000100000000000000010000011000000000000100000000000,0.09756855994298352,2800.3010243177528
1511299612089,INFO,CLICK_EVENT,100000100000010010010010100000000010001001000000000000010000,0.13762419270640236,5145.486983906316
1511299612751,INFO,AGENT_EVENT,001000010000100000000000000000100001000000000000100000010000,0.14107856062500002,2019.8670634778382
1511299615039,INFO,CLICK_EVENT,110000000000000010000000110000001000000100100010010000100001,0.1369627136125,4774.289553017426
1511299615133,INFO,AGENT_EVENT,000000010001000000010100100000000000000000000000010000100000,0.1636345407276557,1831.5175616473891
1511299617453,INFO,AGENT_EVENT,000000000001000000010100000000000110000000000100010000010000,0.15986365626515564,2405.0073253258324
1511299619808,INFO,AGENT_EVENT,000000000001000000010000000000000010000000000000000001010000,0.10218764845407513,1909.4576244724244
1511299619857,INFO,CLICK_EVENT,000000010001000000010100000000000000000000000000010000100001,0.16781739072765567,1808.518543890396
1511299621303,INFO,AGENT_EVENT,000000000000000000000000000000000000000000000000000000011000,0.05305126231106261,760.1886445625349
1511299622625,INFO,CLICK_EVENT,000000000001000000010100000000000010000000000100010000010000,0.15986365626515564,1941.4319600545768
1511299622726,INFO,AGENT_EVENT,000000000000000000000010000000000010000000000100110000000000,0.053293845100000015,1355.5147624022109
1511299624335,INFO,CLICK_EVENT,000000000000000000000000000000000000000000000000000000000000,0,0
1511299625126,INFO,AGENT_EVENT,000000010001000000010100000000000110000000000000100000000000,0.13216071958655728,1962.6505554980176
1511299626172,INFO,CLICK_EVENT,000001000000000000000100000000000010000000000100110100100010,0.0963011461003298,4271.455977053747
1511299626824,INFO,AGENT_EVENT,010001010000000000000000000000000000000000010000000000000000,0.04907257823547462,1621.9368811461634
1511299629351,INFO,AGENT_EVENT,000000010001000000010100000000000010000000000000100001000000,0.1385018023523481,2532.1753717712963
1511299630953,INFO,AGENT_EVENT,000000100000000000000000000000000000000010000000100000000000,0.06087972403749997,1280.4411242985213
1511299633076,INFO,AGENT_EVENT,010000010000100000000000000000100001000100010000000000000000,0.12492523508749998,2216.731916314906
1511299633409,INFO,CLICK_EVENT,001000110001000000010100000000000010000000000000100000000000,0.1705894720593073,2467.9208472256396
1511299634376,INFO,AGENT_EVENT,100000000000000000000000000000000000000000000000000000010000,0.04443817695224994,423.57590042394133
1511299636023,INFO,AGENT_EVENT,000000010000000000001000000000000010000000000000110000000000,0.06717217720478597,1498.3392608798083
1511299636466,INFO,CLICK_EVENT,000000000000000000000000000000000000000000000000000000000000,0,0
1511299637881,INFO,AGENT_EVENT,000001000000000000010100000000000010000000000000100000000000,0.09743874315942891,2078.0788667655306
1511299638462,INFO,CLICK_EVENT,001000110001000000010100000000000000000000100000100000000000,0.17137729455930728,2592.7288074908365
1511299639296,INFO,AGENT_EVENT,000000000000000000000000000000000010000000000000110000010000,0.08313257009999997,729.9940022242963
1511299640305,INFO,AGENT_EVENT,000000000000000010000000000000000000000000000000000000000000,0.0,630.0049883692784
1511299643094,INFO,AGENT_EVENT,010000110000100000100000000000000000000000000000010000100001,0.15959714616249998,2069.7101329898287
1511299643382,INFO,CLICK_EVENT,000000000000000000000000000000000000000001010000001101001000,0.047060946906539614,4154.640846399933
1511299644365,INFO,AGENT_EVENT,000000000000000000000000000010000000000000010010000000000001,0.05757812812499996,1266.5246989150326
1511299646275,INFO,AGENT_EVENT,010000010000100000100000000000000010000000000000110000000000,0.09058126446250003,1596.5438420258702
1511299647602,INFO,AGENT_EVENT,000000000000000000000000000000000000000000000000000000011000,0.05305126231106261,760.1886445625349
1511299649962,INFO,AGENT_EVENT,010000010000100000100000000000000010000000000000110000000100,0.11889982765376961,2192.3712040037426
1511299651303,INFO,AGENT_EVENT,100000000000000000000000000000000001000000010000000000000000,0.06860616312500001,787.7299881614134
1511299652202,INFO,CLICK_EVENT,000000000001000000000000000000000000000000010000000000010000,0.09138127945225005,694.7175760320084
1511299652561,INFO,AGENT_EVENT,000000000000000000000000000000010000000000000000000000100001,0.07910773946249994,840.3088099274761
1511299654644,INFO,AGENT_EVENT,000010010001000000010100000000000000000000010000000000000000,0.1169050151769695,2505.9282265578636
1511299657462,INFO,AGENT_EVENT,001000110000000000010100000000000000000000100000110000000000,0.14446499302807148,2464.7226266979524
1511299659363,INFO,AGENT_EVENT,100000000000000000000000000000000000000001000000010000100001,0.13992975215746983,2116.5730526996094
1511299660337,INFO,CLICK_EVENT,000000000001000000000000000000000010000000000000110000000000,0.11356240135000006,1027.7569080086414
1511299661371,INFO,AGENT_EVENT,001000010000100000000000000000100001000000000000000000000001,0.11067837999999997,2052.18035199829
1511299663110,INFO,AGENT_EVENT,100000010001000000000000000000100011000000000000000000000000,0.12665288071250003,1484.631668814352
1511299664354,INFO,AGENT_EVENT,000000000001000000000000000000000011000000000000000000000000,0.0645502,889.3094026325225
1511299666327,INFO,AGENT_EVENT,000100010001100000000000000000100001000000000000000000000000,0.10103571823712754,2432.5426297915437
1511299667826,INFO,AGENT_EVENT,000000000000000000000000000000000000000001010000000000010000,0.06402939238151051,1290.0205147255738
1511299669000,INFO,AGENT_EVENT,000000000000000000000000000000000000000000100000101000000000,0.04865000500000005,1237.9543152513345
1511299670761,INFO,AGENT_EVENT,000000010001000000000000101000000000000000000000000000010000,0.10071765317500003,1450.8949930541116
1511299671940,INFO,AGENT_EVENT,000000000000000000000000000000100010000000000000000000010000,0.05321386701249997,764.2889863751029
1511299674751,INFO,AGENT_EVENT,100000010001000000000100000000000010000000000100110001100010,0.16838623650619478,4072.294033192602
1511299675790,INFO,AGENT_EVENT,000000000000000000000000000000000100000000010000000000100000,0.021025948837499975,1024.8382226960437
1511299677073,INFO,AGENT_EVENT,000000000000000000000000100000000000000000100000000000010000,0.05321386701249997,835.5709370430554
1511299678348,INFO,AGENT_EVENT,000000000001000000010000000000000010000000000010000000000000,0.07227950937500005,994.9027571297163
1511299680311,INFO,AGENT_EVENT,010000010000100000100000010000000000000000000000000000010000,0.10918537758750002,1372.1981813837997
1511299680885,INFO,CLICK_EVENT,000010100000000000000000000000001000001000100001100000100001,0.12494457802500003,3676.003556227789
1511299681751,INFO,AGENT_EVENT,000000000001000001000000000000000010000000000000000000000000,0.08199317351593072,1625.5232627786497
1511299684129,INFO,AGENT_EVENT,000000010001000000010100000000000010000000010000100000000000,0.13216071958655728,1663.3635367950956
1511299685760,INFO,AGENT_EVENT,000000000001000000000000000000000010000000010000000000010100,0.11237684019587457,1332.0815238790974
1511299686725,INFO,AGENT_EVENT,000000000000000000000000000000001010000000000000100000000000,0.014462097500000048,1197.6523580470944
1511299688887,INFO,AGENT_EVENT,000000010001100000000000000000100001000000010000000001000000,0.1297029613159516,2573.7935627138777
1511299690772,INFO,AGENT_EVENT,000000000000000000010100000000000000000000000000011000100001,0.12578978913579664,3123.1604966920213
1511299692487,INFO,AGENT_EVENT,000000000001000000000000000000000000000001000000000000100001,0.10864768569095162,2028.3248015871907
1511299694527,INFO,AGENT_EVENT,000000000001000000010100000000000000000000000000010000010000,0.15986365626515564,1251.175636412637
1511299695611,INFO,AGENT_EVENT,001000000000000000000000000000000000000000010000000000000000,0.0022939537499999663,847.6581021968536
1511299696987,INFO,CLICK_EVENT,000000000000000000000000000000000000000000000000000000000000,0,0
1511299697803,INFO,AGENT_EVENT,000000010001000000010100000100000010000000000110000000000000,0.11769862208655735,2767.1089543929247
1511299699493,INFO,AGENT_EVENT,100000010001000000000100000000000010000000000000000000000000,0.14159674336484063,1290.5898318046015
1511299701556,INFO,AGENT_EVENT,100000010101000000000000100000000000000000000000000000010000,0.10031400293250492,1771.6151821515869
1511299702856,INFO,AGENT_EVENT,000010000001000000000000000000000000000000010000000000000000,0.06140520000000005,1073.0191341047662
1511299703913,INFO,AGENT_EVENT,000000000001000000000000000000000000000000000000000000000000,0.06140520000000005,365.9354379217204
1511299706836,INFO,AGENT_EVENT,000000000001000000000100000000000010000001000100110001100010,0.1433685593335805,4657.9947540040175
1511299709405,INFO,AGENT_EVENT,000000110001000000010100000010000000000000000000000000100001,0.15802160437180734,2574.6093011083476
1511299710884,INFO,AGENT_EVENT,000000000001000000000000000000000000000000000000000001010000,0.09822214070776225,1491.8679200032557
1511299712188,INFO,AGENT_EVENT,000000000001000000000000000100000010000000000000110000000000,0.11356240135000006,1926.8603813501297
1511299714519,INFO,AGENT_EVENT,000000110001000000010100000000000110000000000000100000000000,0.1642522833968073,2307.859919885069
1511299715329,INFO,CLEAR_SCREEN,000000000000000000000000000000000000000000000000000000000000,N/A,N/A
1511299750222,INFO,EXPLORE_EVENT,000000000000000000010000000000000000000000000000000000000000,0.010874309375,167.30294182536957
1511299753973,INFO,EXPLORE_EVENT,000000100000000000010000000000000000000000000000000000000000,0.0438589819625,598.9365807566595
1511299756432,INFO,EXPLORE_EVENT,000000100001000000010000000000000000000000000000000000000000,0.10627150696250003,875.9977535784648
1511299760897,INFO,EXPLORE_EVENT,000000100001000000010000000000000000000000000000000000000000,0.10627150696250003,875.9977535784648
1511299762859,INFO,EXPLORE_EVENT,000000100001000000010000000000000000000000000000000000000000,0.10627150696250003,875.9977535784648
1511299764840,INFO,EXPLORE_EVENT,000000100001000000010000000000000000000000000000000000000000,0.10627150696250003,875.9977535784648
1511299769369,INFO,EXPLORE_EVENT,000000100001000000010000000000000000000000000000000000010001,0.13502287508750002,1276.3280617096525
1511299773975,INFO,EXPLORE_EVENT,000000100001000000010000000000000000000001000000000000010001,0.15604923694095166,2294.3604874979765
1511299809945,INFO,CLICK_EVENT,000000100001000000010000000000000000000000000000000000010001,0.13502287508750002,1276.3280617096525
1511299834251,INFO,CLICK_EVENT,000000000000000000000000000000000000000000000000000000000000,0,0
1511299836025,INFO,CLEAR_SCREEN,000000000000000000000000000000000000000000000000000000000000,N/A,N/A
1511300501513,INFO,TREATMENT_3,000000000000000000000000000000000000000000000000000000000000,N/A,N/A
1511300511363,INFO,EXPLORE_EVENT,000000000000000000000000000001000000000000000000000000000000,0.057578128125,371.2135431246241
1511300511672,INFO,AGENT_EVENT,000000000000000000000001000001000000000000000000000000000000,0.0828762509644741,1373.5414354824024
1511300512858,INFO,AGENT_EVENT,000000000000000000000010000001000000000000000000000000000000,0.057578128125,995.3936186425358
1511300513933,INFO,AGENT_EVENT,000000000000000000000000000001000010000000000000000000000000,0.06993892425624576,1582.0287489926804
1511300515051,INFO,AGENT_EVENT,000000000000000000000000000001000000000000000000100000000000,0.08901032696250001,802.7699032585551
1511300516164,INFO,AGENT_EVENT,000000000010000000000000000001000000000000000000000000000000,0.057578128125,1001.2185314939024
1511300517284,INFO,AGENT_EVENT,000000000000000000000000000001000000100000000000000000000000,0.07860407696249999,783.9305183658521
1511300519002,INFO,EXPLORE_EVENT,000000000000000000000000000001000000000010000000000000000000,0.07591210883437499,582.6821941351535
1511300519017,INFO,AGENT_EVENT,000000000000000000010000000001000000000010000000000000000000,0.07591210883437499,850.5334641261604
1511300520360,INFO,AGENT_EVENT,100000000000000000000000000001000000000010000000000000000000,0.096938057671875,1014.2385542690845
1511300521838,INFO,AGENT_EVENT,000000000000000000000000000001000000000010000000001000000000,0.08399923477700025,1251.8935586337846
1511300523261,INFO,AGENT_EVENT,000000000000000000000000000001000000000010000000000000000001,0.10816888219180634,1591.98674081717
1511300525911,INFO,EXPLORE_EVENT,000000000000000000000000000001000000000000000000000000000000,0.057578128125,371.2135431246241
1511300526012,INFO,EXPLORE_EVENT,000000000000000010000000000001000000000000000000000000000000,0.057578128125,621.4968212995367
1511300527572,INFO,EXPLORE_EVENT,000000000000000010000000000001000000000000010000000000000000,0.087021029475,880.1910982724514
1511300527868,INFO,AGENT_EVENT,000000000000000010000000000001000000000000010000000001000000,0.09399310135000002,1216.751179870103
1511300530933,INFO,EXPLORE_EVENT,000000000000000010000000000001000000000000010000000000010000,0.088989283125,1148.8961093326734
1511300531157,INFO,AGENT_EVENT,000000000000000010000000000001000000000000010010000000010000,0.10036911042099037,2283.0569406387076
1511300534211,INFO,EXPLORE_EVENT,000000000000000010000000000001000000000000010000000000000000,0.087021029475,880.1910982724514
1511300534609,INFO,EXPLORE_EVENT,000000000000000010010000000001000000000000010000000000000000,0.087021029475,1055.5936595228663
1511300534987,INFO,AGENT_EVENT,000000000000000010010000000001000000000000010000000100000000,0.12273721940166897,1504.0020228884564
1511300536289,INFO,AGENT_EVENT,000000000000000010010000000011000000000000010000000000000000,0.087021029475,1161.8786448583903
1511300538010,INFO,AGENT_EVENT,000000000000000010010000000001000000000001010000000000000000,0.08961611697500001,1318.0409204161115
1511300539020,INFO,CLICK_EVENT,000000000000000010010000000001000000000000010000000100000000,0.12273721940166897,1504.0020228884564
1511300539598,INFO,AGENT_EVENT,000000000000000010010000000001000000000000010000000100000000,0.12273721940166897,1504.0020228884564
1511300540926,INFO,AGENT_EVENT,000000000000100010010000000001000000000000010000000000000000,0.1072823270625,1424.5680524449122
1511300542269,INFO,AGENT_EVENT,000000000000000010010000000001000000000000011000000000000000,0.087785680725,1630.9436305561408
1511300544518,INFO,EXPLORE_EVENT,000000000000000010010000000000000000000000010000000000000000,0.02944290135,684.3801163982424
1511300545548,INFO,EXPLORE_EVENT,000000000000000010010000000001000000000000010000000000000000,0.087021029475,1055.5936595228663
1511300546313,INFO,EXPLORE_EVENT,000000000000000010000000000001000000000000010000000000000000,0.087021029475,880.1910982724514
1511300547737,INFO,EXPLORE_EVENT,000000000000000010010000000001000000000000010000000000000000,0.087021029475,1055.5936595228663
1511300548161,INFO,EXPLORE_EVENT,000000000000000000010000000001000000000000010000000000000000,0.087021029475,897.7590900885459
1511300549612,INFO,EXPLORE_EVENT,000000000000000000010000000001000000000000010000000100000000,0.12273721940166897,1346.1674534541357
1511300550082,INFO,AGENT_EVENT,000000000000000000010000100001000000000000010000000100000000,0.14350217948916896,1648.0437398182507
1511300550358,INFO,CLICK_EVENT,000000000000000010010000000001000000000000010000000100000000,0.12273721940166897,1504.0020228884564
1511300551891,INFO,AGENT_EVENT,010000000000000000010000000001000000000000010000000100000000,0.13459565560166897,1513.8175070385125
1511300555542,INFO,EXPLORE_EVENT,000000000000000000010000000001000000000000010000000000000000,0.087021029475,897.7590900885459
1511300556927,INFO,EXPLORE_EVENT,000000000000000000010000000001000000000000010000000100000000,0.12273721940166897,1346.1674534541357
1511300557381,INFO,EXPLORE_EVENT,000000000000000000010000000001000000000000000000000100000000,0.09976598377340135,1087.4731764812211
1511300558437,INFO,EXPLORE_EVENT,000000000000000000010000000001000000000000010000000100000000,0.12273721940166897,1346.1674534541357
1511300558717,INFO,EXPLORE_EVENT,000000000000000000010000000000000000000000010000000100000000,0.0736553253256777,975.1225303131012
1511300559747,INFO,EXPLORE_EVENT,000000000000000010010000000000000000000000010000000100000000,0.0736553253256777,1132.7884797638326
1511300560732,INFO,EXPLORE_EVENT,000000000000000010010000000001000000000000010000000100000000,0.12273721940166897,1504.0020228884564
1511300561543,INFO,EXPLORE_EVENT,000000000000000010000000000001000000000000010000000100000000,0.12273721940166897,1328.5994616380415
1511300561736,INFO,EXPLORE_EVENT,000000000000000010010000000001000000000000010000000100000000,0.12273721940166897,1504.0020228884564
1511300562474,INFO,AGENT_EVENT,000000000000000010010000000001000100000000010000000100000000,0.08169053702205786,2406.494444656996
1511300562837,INFO,CLICK_EVENT,000000000000000000010000100001000000000000010000000100000000,0.14350217948916896,1648.0437398182507
1511300564187,INFO,CLICK_EVENT,000000000000000000010000100001000000000000010000000100000000,0.14350217948916896,1648.0437398182507
1511300564368,INFO,AGENT_EVENT,000000000000000010010000000001000000000000010000000100100000,0.12054482851906556,1803.198162949649
1511300566208,INFO,AGENT_EVENT,010000000000000010010000000001000000000000010000000100000000,0.13459565560166897,1671.3084491827126
1511300569934,INFO,EXPLORE_EVENT,000000100000000010010000000001000000000000010000000100000000,0.134094369401669,1763.2260494996517
1511300570084,INFO,EXPLORE_EVENT,000000100000000000010000000001000000000000010000000100000000,0.134094369401669,1605.7945832716664
1511300570696,INFO,AGENT_EVENT,000000100000000000010000000001000000000000010000000100010000,0.12785654651687559,1923.0269325459685
1511300572494,INFO,AGENT_EVENT,000000100000000000010000000001000000000000010000000100100000,0.1274525010040063,1904.5876201265237
1511300574336,INFO,AGENT_EVENT,000000110000000000010000000001000000000000010000000100000000,0.14741977305166898,1789.8921031088894
1511300576037,INFO,AGENT_EVENT,000000100000000000110000000001000000000000010000000100000000,0.134094369401669,1779.4290380743319
1511300580112,INFO,EXPLORE_EVENT,000000000000000000010000000001000000000000010000000100000000,0.12273721940166897,1346.1674534541357
1511300583702,INFO,EXPLORE_EVENT,000000000000000000010000100001000000000000010000000100000000,0.14350217948916896,1648.0437398182507
1511300583940,INFO,AGENT_EVENT,000000000000000000010000100001000000000001010000000100000000,0.14772925417734065,1910.4910007114959
1511300585881,INFO,AGENT_EVENT,000000000000000000010000100001000000000000010000000100000001,0.12917854799848702,2470.9542262354153
1511300587859,INFO,AGENT_EVENT,000000000000000000010000100001000000000000010000000100000001,0.12917854799848702,2470.9542262354153
1511300589681,INFO,AGENT_EVENT,010000000000000000010000100001000000000000010000000100000000,0.15536061568916898,1815.350166112507
1511300591412,INFO,AGENT_EVENT,000000000000000000010000100001000000000000110000000100000000,0.16621647948916898,1800.8876547573445
1511300593075,INFO,AGENT_EVENT,000000000000001000010000100001000000000000010000000100000000,0.14350217948916896,2362.1514606305736
1511300594725,INFO,AGENT_EVENT,000000000000000000010000110001000000000000010000000100000000,0.14350217948916896,1721.6742700272089
1511300596402,INFO,AGENT_EVENT,000000000000000000011000100001000000000000010000000100000000,0.14454233690166896,2247.812813172606
1511300601667,INFO,EXPLORE_EVENT,000100000000000000010000100001000000000000010000000100000000,0.14970553402840828,2096.452103183841
1511300603399,INFO,EXPLORE_EVENT,010100000000000000010000100001000000000000010000000100000000,0.1556774056306452,2215.7154724840802
1511300604640,INFO,EXPLORE_EVENT,010000000000000000010000100001000000000000010000000100000000,0.15536061568916898,1815.350166112507
1511300604996,INFO,AGENT_EVENT,010000000000000000010000100001000000000000010000000100000100,0.1310829520680864,2481.0333757980834
1511300606951,INFO,AGENT_EVENT,010000000000000000010000100001010000000000010000000100000000,0.15536061568916898,1981.352473736344
1511300608999,INFO,AGENT_EVENT,010000000000000000010000100001000010000000010000000100000000,0.1617896689756933,3290.1747144696033
1511300612952,INFO,EXPLORE_EVENT,010000000000000000010000100001000000000100010000000100000000,0.14978110419844942,2291.168407041503
1511300613197,INFO,AGENT_EVENT,110000000000000000010000100001000000000100010000000100000000,0.15030894527344943,2584.6694265094206
1511300615845,INFO,AGENT_EVENT,010000000000001000010000100001000000000100010000000100000000,0.14978110419844942,3005.276127853826
1511300619728,INFO,EXPLORE_EVENT,010000000000000000010000100001000000000000010000000100000000,0.15536061568916898,1815.350166112507
1511300620267,INFO,EXPLORE_EVENT,010000000000000000010000100001000000000000010000000100000000,0.15536061568916898,1815.350166112507
1511300620329,INFO,AGENT_EVENT,010000000000000000010100100001000000000000010000000100000000,0.15536061568916898,2718.368024350223
1511300624345,INFO,EXPLORE_EVENT,010000000000000000010000100001000000000000010000000100000000,0.15536061568916898,1815.350166112507
1511300624660,INFO,AGENT_EVENT,110000000000000000010000100001000000000000010000000100000000,0.15588845676416896,2108.8511855804245
1511300627342,INFO,CLICK_EVENT,000000000000000000010000100001000000000000110000000100000000,0.16621647948916898,1800.8876547573445
1511300627380,INFO,AGENT_EVENT,010000000000000000010000100001000001000000010000000100000000,0.1232062039940284,3195.4132660750392
1511300630115,INFO,AGENT_EVENT,010100000000000000010000100001000000000000010000000100000000,0.1556774056306452,2215.7154724840802
1511300632490,INFO,AGENT_EVENT,010000000000000000010000100001000000000000010000000100000001,0.14103698419848704,2638.2606525296715
1511300636721,INFO,AGENT_EVENT,010000000000000000010000100001000000000000010000000000100000,0.13100157576250002,1626.1658293581122
1511300636934,INFO,EXPLORE_EVENT,010000000000000000010000100001000000000000010000000100100000,0.15316822480656558,2114.5463061736996
1511300643517,INFO,EXPLORE_EVENT,010000000000000000010000100001000000000000110000000100000000,0.178074915689169,1968.1940810516007
1511300643666,INFO,EXPLORE_EVENT,010000000000000000010000100001100000000000010000000100000000,0.15536061568916898,1972.5206355700816
1511300644981,INFO,EXPLORE_EVENT,010000000000000000110000100001000000000000010000000100000000,0.15536061568916898,1989.3877241215077
1511300645386,INFO,AGENT_EVENT,110000000000000000110000100001000000000000010000000100000000,0.15588845676416896,2282.8887435894258
1511300646465,INFO,CLICK_EVENT,010000000000000000010000100001000000000000110000000100000000,0.178074915689169,1968.1940810516007
1511300647546,INFO,AGENT_EVENT,010000000000000000110000100001010000000000010000000100000000,0.15536061568916898,2155.390031745345
1511300649607,INFO,AGENT_EVENT,010000000000000100110000100001000000000000010000000100000000,0.15536061568916898,2606.5745147520574
1511300651684,INFO,AGENT_EVENT,010000000100000000110000100001000000000000010000000100000000,0.15100526103551884,2808.8149663919085
1511300657074,INFO,CLICK_EVENT,010000000000000000010000100001000010000000010000000100000000,0.1617896689756933,3290.1747144696033
1511300657759,INFO,EXPLORE_EVENT,010000000000000000010000100001000000000000010000000100000000,0.15536061568916898,1815.350166112507
1511300658066,INFO,EXPLORE_EVENT,010000000000000000010000100001000000000000110000000100000000,0.178074915689169,1968.1940810516007
1511300658318,INFO,AGENT_EVENT,010000000000000000010000100001000000000000110000000100000100,0.1537972520680864,2633.8772907371767
1511300660688,INFO,AGENT_EVENT,010001000000000000010000100001000000000000110000000100000000,0.180166340689169,2202.2752791205107
1511300662955,INFO,AGENT_EVENT,010000000000000000110000100001000000000000110000000100000000,0.178074915689169,2142.2316390606015
1511300665164,INFO,AGENT_EVENT,010000000100000000010000100001000000000000110000000100000000,0.17371956103551883,2787.6213233220014
1511300667248,INFO,AGENT_EVENT,010000000000000000010000101001000000000000110000000100000000,0.14713817994516862,2980.3270209133675
1511300671835,INFO,EXPLORE_EVENT,010000000000000000010010100001000000000000110000000100000000,0.180043169339169,3170.0236633353634
1511300672099,INFO,AGENT_EVENT,010000000000000000010010100001000000000000110000001100000000,0.1650099823308326,3647.1115261194564
1511300676976,INFO,EXPLORE_EVENT,010000000010000000010000100001000000000000110000000100000000,0.180043169339169,2497.2911381723916
1511300677180,INFO,AGENT_EVENT,010000000010000000010000100001000000000000110100000100000000,0.15408233579749428,3435.789381491064
1511300679723,INFO,AGENT_EVENT,010000000010000000010000100001000000001000110000000100000000,0.17669642792217843,3281.060089650872
1511300683450,INFO,EXPLORE_EVENT,010000000000000000010000100001000000000000110000000100000000,0.178074915689169,1968.1940810516007
1511300683763,INFO,AGENT_EVENT,010000000000000000010000100001000000000001110000000100000000,0.1713492300206691,2798.8878920151947
1511300686130,INFO,AGENT_EVENT,010000000001000000010000100001000000000000110000000100000000,0.18175649394282475,2930.972745202116
1511300688280,INFO,AGENT_EVENT,010000000000000000010000100001010000000000110000000100000000,0.178074915689169,2134.196388675438
1511300690426,INFO,AGENT_EVENT,010000000100000000010000100001000000000000110000000100000000,0.17371956103551883,2787.6213233220014
1511300694032,INFO,EXPLORE_EVENT,010000000000001000010000100001000000000000110000000100000000,0.178074915689169,2682.301801863924
1511300694811,INFO,AGENT_EVENT,010100000000001000010000100001000000000000110000000100000000,0.17839170563064521,3082.667108235497
1511300699134,INFO,EXPLORE_EVENT,010000000000000000010000100001000000000000110000000100000000,0.178074915689169,1968.1940810516007
1511300699168,INFO,AGENT_EVENT,010000000000000000010100100001000000000000110000000100000000,0.178074915689169,2871.2119392893164
1511300703371,INFO,EXPLORE_EVENT,010000000000000010010000100001000000000000110000000100000000,0.178074915689169,2126.0286504859214
1511300703619,INFO,AGENT_EVENT,010000000000000010010000100001000000000000111000000100000000,0.16672153469205758,3513.4421790635706
1511300705855,INFO,AGENT_EVENT,010000000000000010010000100001000100000000110000000100000000,0.1197274923224423,3298.137448215005
1511300708220,INFO,AGENT_EVENT,010000010000000010010000100001000000000000110000000100000000,0.181397042514169,2301.1037798560255
1511300710609,INFO,AGENT_EVENT,010000000000000010010000100001000001000000110000000100000000,0.1459205039940284,3506.0917504484532
1511300713063,INFO,AGENT_EVENT,010000000000000010010001100001000000000000110000000100000000,0.18731044520376772,3339.5084903257457
1511300717656,INFO,EXPLORE_EVENT,010000000000000010010000100001000000000000110000000110000000,0.17390256507592552,2399.2586863618267
1511300717988,INFO,AGENT_EVENT,010000000000000010010000100001000000000000110000001110000000,0.1613550929750759,2904.4202292093014
1511300722916,INFO,EXPLORE_EVENT,010000000000000010010000100001000000000000110000000100000000,0.178074915689169,2126.0286504859214
1511300724383,INFO,EXPLORE_EVENT,010000000000000010010000100011000000000000110000000100000000,0.178074915689169,2255.4581858365823
1511300724699,INFO,AGENT_EVENT,010001000000000010010000100011000000000000110000000100000000,0.180166340689169,2489.6454841138498
1511300726981,INFO,AGENT_EVENT,010000000100000010010000100011000000000000110000000100000000,0.17371956103551883,3074.8854281069825
1511300729369,INFO,AGENT_EVENT,010000100000000010010000100011000000000000110000000100000000,0.18041291568916898,2420.768693185026
1511300731709,INFO,AGENT_EVENT,010000000000001010010000100011000000000000110000000100000000,0.178074915689169,3111.865930974939
1511300732252,INFO,CLICK_EVENT,010000010000000010010000100001000000000000110000000100000000,0.181397042514169,2301.1037798560255
1511300734022,INFO,AGENT_EVENT,010000000000000010010000100011000000000000110000000100000100,0.1537972520680864,2921.1413955221587
1511300736472,INFO,AGENT_EVENT,010000000000000011010000100011000000000000110000000100000000,0.180166340689169,3087.4398739246426
1511300738947,INFO,AGENT_EVENT,010000000000000010010000100011000010000000110000000100000000,0.16952626461549375,3794.8602013130158
1511300741237,INFO,AGENT_EVENT,010000000000000010010000100001000000000000110000000100000000,0.178074915689169,2126.0286504859214
1511300743890,INFO,AGENT_EVENT,010000000000000010010000100011000000000000110000000100010000,0.17085296597937558,2573.0936383172198
1511300746232,INFO,AGENT_EVENT,010000000000000010010000100011000000000000111000000100000000,0.16672153469205758,3642.871714414231
1511300751022,INFO,EXPLORE_EVENT,010000000000000010010000100111000000000000110000000100000000,0.13177779405557885,3127.572972985038
1511300751202,INFO,AGENT_EVENT,010000000000000010010000100111100000000000110000000100000000,0.1288186653607222,3397.7501246021047
1511300753131,INFO,AGENT_EVENT,010000000000000010010000100111000000000000110000000000000000,0.09114476701334925,2679.1646096194477
1511300758962,INFO,EXPLORE_EVENT,010000000000000010010000100011000000000000110000000100000000,0.178074915689169,2255.4581858365823
1511300759352,INFO,EXPLORE_EVENT,010000000000000010010000100111000000000000110000000100000000,0.13177779405557885,3127.572972985038
1511300759737,INFO,EXPLORE_EVENT,010000000000000010010000100011000000000000110000000100000000,0.178074915689169,2255.4581858365823
1511300761615,INFO,EXPLORE_EVENT,010000000000000010010000100011000000000000110000000000000000,0.14235872576250003,1807.0498224709922
1511300761973,INFO,AGENT_EVENT,010000000000000010010000100011000000000000110000100000000000,0.1532928168375,2201.6727038696395
1511300766334,INFO,EXPLORE_EVENT,010000000000000010010000100011000000000000110000000100000000,0.178074915689169,2255.4581858365823
1511300766530,INFO,AGENT_EVENT,010000000000010010010000100011000000000000110000000100000000,0.178074915689169,2336.272438795684
1511300768716,INFO,AGENT_EVENT,010000000000001010010000100011000000000000110000000100000000,0.178074915689169,3111.865930974939
1511300772884,INFO,EXPLORE_EVENT,110000000000000010010000100011000000000000110000000100000000,0.17860275676416898,2549.09617641778
1511300773390,INFO,AGENT_EVENT,110000000000000010010000100011000000010000110000000100000000,0.202527072389169,2617.268708555155
1511300778870,INFO,EXPLORE_EVENT,010000000000000010010000100011000000000000110000000100000000,0.178074915689169,2255.4581858365823
1511300780980,INFO,AGENT_EVENT,010000000000000010010000001011000000000000110000000100000000,0.13211745051308396,2753.374198911812
1511300780996,INFO,EXPLORE_EVENT,010000000000000010010000000011000000000000110000000100000000,0.15730995560166897,1930.4373494573304
1511300785597,INFO,EXPLORE_EVENT,010000000000000010010000100011000000000000110000000100000000,0.178074915689169,2255.4581858365823
1511300785807,INFO,AGENT_EVENT,010000000000000010010010100011000000000000110000000100000000,0.180043169339169,3605.1880962179375
1511300792100,INFO,EXPLORE_EVENT,010000000000000010000000100011000000000000110000000100000000,0.178074915689169,2080.055624586167
1511300792657,INFO,EXPLORE_EVENT,010000000000000010010000100011000000000000110000000100000000,0.178074915689169,2255.4581858365823
1511300793256,INFO,AGENT_EVENT,010000000000000010010000100011000000000001110000000100000000,0.1713492300206691,3086.1519968001758
1511300794799,INFO,CLICK_EVENT,110000000000000010010000100011000000010000110000000100000000,0.202527072389169,2617.268708555155
1511300795974,INFO,AGENT_EVENT,010000000000000010010010100011000000000000110000000100000000,0.180043169339169,3605.1880962179375
1511300798313,INFO,AGENT_EVENT,010000000000000010010000100011000000000000110000100100000000,0.1779570195588407,2817.518538464129
1511300800924,INFO,AGENT_EVENT,010000000000000010010000100011000000000000110000010100000000,0.18102033425348732,2374.7215551368217
1511300803277,INFO,AGENT_EVENT,010000000100000010010000100011000000000000110000000100000000,0.17371956103551883,3074.8854281069825
1511300807568,INFO,EXPLORE_EVENT,110000000000000010010000100011000000000000110000000100000000,0.17860275676416898,2549.09617641778
1511300807983,INFO,AGENT_EVENT,110000000000000011010000100011000000000000110000000100000000,0.180694181764169,3381.045375474815
1511300810992,INFO,AGENT_EVENT,110000000000000010010000100011000000000000110000000100010000,0.17138080705437558,2866.7316288984175
1511300813655,INFO,AGENT_EVENT,110000000000000010010000100011000000000000100000000100000000,0.14715984306090135,2388.377293748543
1511300816235,INFO,AGENT_EVENT,110000000000000010000000100011000000000000110000000100000000,0.17860275676416898,2373.693615167365
1511300818924,INFO,AGENT_EVENT,110000000000000010010000100011000100000000110000000100000000,0.13675137014667152,3751.38822738861
1511300819984,INFO,CLICK_EVENT,010000000000000010010000100011000000000000110000010100000000,0.18102033425348732,2374.7215551368217
1511300821740,INFO,CLICK_EVENT,010000010000000010010000100001000000000000110000000100000000,0.181397042514169,2301.1037798560255
1511300822282,INFO,AGENT_EVENT,110100000000000010010000100011000000000000110000000100000000,0.17884484631958505,3225.7236577878875
1511300830306,INFO,EXPLORE_EVENT,110000000000000010000000100011000000000000110000000100000000,0.17860275676416898,2373.693615167365
1511300830724,INFO,EXPLORE_EVENT,110000000000000010010000100011000000000000110000000100000000,0.17860275676416898,2549.09617641778
1511300830850,INFO,AGENT_EVENT,110000000000000010010000100011000000000000111000000100000000,0.16729432774846104,3936.5097049954293
1511300834735,INFO,EXPLORE_EVENT,010000000000000010010000100011000000000000110000000100000000,0.178074915689169,2255.4581858365823
1511300835248,INFO,AGENT_EVENT,010000000000000010010000100011000000000000110000000101000000,0.1744838532822798,2698.742184661064
1511300836806,INFO,CLICK_EVENT,110000000000000010010000100011000000010000110000000100000000,0.202527072389169,2617.268708555155
1511300838135,INFO,AGENT_EVENT,010010000000000010010000100011000000000000110000000100000000,0.179211559439169,2408.239274816887
1511300844807,INFO,EXPLORE_EVENT,110000000000000010010000100011000000000000110000000100000000,0.17860275676416898,2549.09617641778
1511300846029,INFO,EXPLORE_EVENT,100000000000000010010000100011000000010000110000000100000000,0.197719689314169,2550.947173078349
1511300846494,INFO,AGENT_EVENT,100000010000000010010000100011000000010000110000000100000000,0.202670145464169,2727.9116866418663
1511300848125,INFO,CLICK_EVENT,100000010000000010010000100011000000010000110000000100000000,0.202670145464169,2727.9116866418663
1511300849002,INFO,AGENT_EVENT,100000000000000010010000100010000000010000110000000100000000,0.14813413273817772,2283.4479749123184
1511300851751,INFO,AGENT_EVENT,100000000000000010010000100011000000010000110100000100000000,0.14382310760941905,3542.9646043604707
1511300854423,INFO,AGENT_EVENT,100000000000000010010000100011001000010000110000000100000000,0.19999371070638405,4182.914697564262
1511300860803,INFO,EXPLORE_EVENT,100000000000000010010000100010000000010000110000000100000000,0.14813413273817772,2283.4479749123184
1511300861983,INFO,EXPLORE_EVENT,100000000000000010010000100011000000010000110000000100000000,0.197719689314169,2550.947173078349
1511300864161,INFO,EXPLORE_EVENT,100000000000000000010000100011000000010000110000000100000000,0.197719689314169,2393.1126036440282
1511300864736,INFO,EXPLORE_EVENT,100000000000000010010000100011000000010000110000000100000000,0.197719689314169,2550.947173078349
1511300869058,INFO,EXPLORE_EVENT,110000000000000010010000100011000000010000110000000100000000,0.202527072389169,2617.268708555155
1511300869822,INFO,EXPLORE_EVENT,100000000000000010010000100011000000010000110000000100000000,0.197719689314169,2550.947173078349
1511300870748,INFO,EXPLORE_EVENT,100000000000000010010000100011000000010000110000000100000000,0.197719689314169,2550.947173078349
1511300871076,INFO,EXPLORE_EVENT,110000000000000010010000100011000000010000110000000100000000,0.202527072389169,2617.268708555155
1511300872852,INFO,AGENT_EVENT,100000000000000010010000100011000000010000110001000100000000,0.15830995779594678,3770.2770778374315
1511300875478,INFO,AGENT_EVENT,100000000000000010010000100011000000010000110000000100001000,0.1915033019735182,3613.931242616258
1511300878196,INFO,AGENT_EVENT,100000000000000010011000100011000000010000110000000100000000,0.19805294209540125,3992.393600079544
1511300881059,INFO,AGENT_EVENT,100000000000000011010000100011000000010000110000000100000000,0.199811114314169,3382.896372135383
1511300883741,INFO,AGENT_EVENT,100000000000000010010000100011000010010000110000000100000000,0.1956969414296853,4061.302280381178
1511300888409,INFO,EXPLORE_EVENT,100000000000000010010000100011000000010000110000000100001000,0.1915033019735182,3613.931242616258
1511300888762,INFO,AGENT_EVENT,100000000000000010010000100011000000010000110000000100011000,0.1873117831642302,3927.063843250545
1511300895069,INFO,EXPLORE_EVENT,100000000000000010010000100011000000010000110000000100000000,0.197719689314169,2550.947173078349
1511300895958,INFO,EXPLORE_EVENT,100000000000000010011000100011000000010000110000000100000000,0.19805294209540125,3992.393600079544
1511300896188,INFO,AGENT_EVENT,100000000000000010011000100011000000010000110000000100000100,0.17377527847431865,4658.07680976512
1511300900162,INFO,AGENT_EVENT,100000000000000010011001100011000000010000110000000100000000,0.20621015004317023,4869.0272716992995
1511300904986,INFO,EXPLORE_EVENT,100000001000000010010000100011000000010000110000000100000000,0.201214208151669,3161.8535943770303
1511300905139,INFO,AGENT_EVENT,100000001000000010010000100011000010010000110000000100000000,0.19968890861934693,4672.2087016798605
1511300911864,INFO,EXPLORE_EVENT,100000000000000010010000100011000000010000110000000100000000,0.197719689314169,2550.947173078349
1511300914000,INFO,AGENT_EVENT,100000000000000010010100100011000000010000110000000100000100,0.1734420256930864,4277.881513399345
1511300914029,INFO,EXPLORE_EVENT,100000000000000010010000100011000000010000110000000100000100,0.1734420256930864,3216.630382763925
1511300921212,INFO,EXPLORE_EVENT,100000000000000010010000100011000000010000110000000100000000,0.197719689314169,2550.947173078349
1511300922063,INFO,EXPLORE_EVENT,100000000100000010010000100011000000010000110000000100000000,0.20517804119772542,3610.094449608184
1511300923173,INFO,AGENT_EVENT,100100000100000010010000100011000000010000110000000100000000,0.21090891381542518,3858.6684845425216
1511300926025,INFO,AGENT_EVENT,100000000100000010010010100011000000010000110000000100000000,0.2081304216727254,4959.8243599895395
1511300929067,INFO,AGENT_EVENT,100000000100000010010000100011000000010000110000000100010000,0.1983946633520567,3927.7299020888213
1511300929901,INFO,CLICK_EVENT,100100000100000010010000100011000000010000110000000100000000,0.21090891381542518,3858.6684845425216
1511300932747,INFO,AGENT_EVENT,100000000100000010010000100011000000010100110000000100000000,0.162797871377263,4244.766658213828
1511300935393,INFO,AGENT_EVENT,100000000100000110010000100011000000010000110000000100000000,0.20517804119772542,4229.527855113519
1511300937778,INFO,AGENT_EVENT,100000000100000010010000000011000000010000110000000100000000,0.18525821674187615,3322.0070919642158
1511300940544,INFO,AGENT_EVENT,100000000100001010010000100011000000010000110000000100000000,0.20517804119772542,4466.50219474654
1511300942955,INFO,AGENT_EVENT,100000000100000010010000100011000000010000100000000100000000,0.18807447999445778,3439.9612372419824
1511300948588,INFO,AGENT_EVENT,100100000100000000010000100011000000010000110000000100000000,0.21090891381542518,3700.833915108201
1511300948651,INFO,EXPLORE_EVENT,100100000100000010010000100011000000010000110000000100000000,0.21090891381542518,3858.6684845425216
1511300955091,INFO,EXPLORE_EVENT,100000000100000010010000100011000000010000110000000100000000,0.20517804119772542,3610.094449608184
1511300957962,INFO,EXPLORE_EVENT,100000000101000010010000100011000000010000110000000100000000,0.20907173331452164,4469.407647460457
1511300957991,INFO,AGENT_EVENT,100000000101000010010000100011000100010000110000000100000000,0.14729968271306343,5671.699698431287
1511300964192,INFO,EXPLORE_EVENT,100000000100000010010000100011000000010000110000000100000000,0.20517804119772542,3610.094449608184
1511300965756,INFO,EXPLORE_EVENT,100000000100000010010000100011000000010000110000000100000010,0.19743582834595,4556.644446800361
1511300966247,INFO,AGENT_EVENT,100000000100000010010000100011000000010000110001000100000010,0.153983714702679,5775.974351559444
1511300971530,INFO,EXPLORE_EVENT,100000000100000010010000100011000000010000110000000100000000,0.20517804119772542,3610.094449608184
1511300972078,INFO,AGENT_EVENT,101000000100000010010000100011000000010000110000000100000000,0.2093025424941644,4099.610219414159
1511300978853,INFO,EXPLORE_EVENT,100000000100000010011000100011000000010000110000000100000000,0.20551129397895768,5051.540876609379
1511300979178,INFO,AGENT_EVENT,100000000100000010011000100011000000010000110000000100000010,0.19776908112718225,5998.090873801556
1511300986650,INFO,EXPLORE_EVENT,100000000100000010010000100011000000010000110000000100000000,0.20517804119772542,3610.094449608184
1511300987482,INFO,EXPLORE_EVENT,100000000100000010010000100011000000010000110000000100001000,0.19854837706907064,4673.078519146094
1511300987843,INFO,AGENT_EVENT,100000000100000010010000100011000000010000110000100100001000,0.2010270470462413,5304.517451580615
1511300990411,INFO,AGENT_EVENT,100000000100000010010000100011000000010000110000000000001000,0.16751829035726132,3845.0558418711134
1511300993770,INFO,EXPLORE_EVENT,100000000100000010010000100011000000010000110000000100000000,0.20517804119772542,3610.094449608184
1511300994255,INFO,AGENT_EVENT,100000000100000010010000100011000000010000110000000110000000,0.20154397280876263,3883.3244854840887
1511300996759,INFO,AGENT_EVENT,000000000100000010010000100011000000010000110000000100000000,0.20167826501832808,3022.173966550686
1511300999592,INFO,AGENT_EVENT,100000000100000010010000100011000100010000110000000100000000,0.1440093952193236,4812.386500579013
1511301002513,INFO,AGENT_EVENT,100000001100000010010000100011000000010000110000000100000000,0.20805428847058788,4713.712608829381
1511301010109,INFO,EXPLORE_EVENT,100000000100000010010000000011000000010000110000000100000000,0.18525821674187615,3322.0070919642158
1511301010920,INFO,EXPLORE_EVENT,100000000100000010010000000000000000010000110000000100000000,0.13617632266588486,2844.5085635040673
1511301014662,INFO,EXPLORE_EVENT,100000000100000010010000100000000000010000110000000100000000,0.15559248462173414,3219.599801944177
1511301015268,INFO,EXPLORE_EVENT,100000000100000010010000100010000000010000110000000100000000,0.15559248462173414,3342.5952514421533
1511301016410,INFO,EXPLORE_EVENT,100000000100000010010000100011000000010000110000000100000000,0.20517804119772542,3610.094449608184
1511301017369,INFO,EXPLORE_EVENT,100000000100000000010000100011000000010000110000000100000000,0.20517804119772542,3452.259880173863
1511301020776,INFO,EXPLORE_EVENT,100000000100000010010000100011000000010000110000000100000000,0.20517804119772542,3610.094449608184
1511301021305,INFO,EXPLORE_EVENT,100000000100000010010000100011000000010000100000000100000000,0.18807447999445778,3439.9612372419824
1511301022488,INFO,EXPLORE_EVENT,100000000100000010010000100011000000010000110000000100000000,0.20517804119772542,3610.094449608184
1511301022808,INFO,EXPLORE_EVENT,100000000100000010010000100010000000010000110000000100000000,0.15559248462173414,3342.5952514421533
1511301026219,INFO,EXPLORE_EVENT,100000000100000010010000100011000000010000110000000100000000,0.20517804119772542,3610.094449608184
1511301028911,INFO,EXPLORE_EVENT,100000000100000010010000100011000000000000000000000100000000,0.13006961056945776,3130.3837255587996
1511301029007,INFO,EXPLORE_EVENT,100000000100000010010000100011000000010000100000000100000000,0.18807447999445778,3439.9612372419824
1511301029900,INFO,AGENT_EVENT,000000000000000010010000100001000000000000000000000100000000,0.12129559511090134,1676.6135676303174
1511301029901,INFO,EXPLORE_EVENT,000000000000000010010000100011000000000000000000000100000000,0.12129559511090134,1676.6135676303174
1511301032061,INFO,AGENT_EVENT,000000000000000010010001100011000000000000000000000100000000,0.13053112462550004,2890.0934074701418
1511301034384,INFO,AGENT_EVENT,000000000000000010010000100011000001000000000000000100000000,0.08533590396137825,3127.0707531587886
1511301036602,INFO,AGENT_EVENT,000000001000000010010000100011000000000000000000000100000000,0.12388822627340133,2359.983323258838
1511301038520,INFO,AGENT_EVENT,000000010000000010010000100011000000000000000000000100000000,0.13950602813916896,1945.3185786905392
1511301040350,INFO,AGENT_EVENT,000000000000000010010000100011000000000000000000000100001000,0.1157540257755474,2739.597637168227
1511301042335,INFO,AGENT_EVENT,000000000000000010010000100011000001000000000000000100000000,0.08533590396137825,3127.0707531587886
1511301042713,INFO,CLEAR_SCREEN,000000000000000010010000100011000000000000000000000100000000,N/A,N/A
1511301085879,INFO,EXPLORE_EVENT,100000000100000000000000000000000000000000000000000000000000,0.006518725510693511,1490.7036366637658
1511301095490,INFO,EXPLORE_EVENT,100000000100000010010000100011000000000000000000000000000000,0.0854258776697613,2681.9753621932095
1511301099571,INFO,EXPLORE_EVENT,100000000100000010010000100011000000010000110000000000000000,0.1670059740197613,3161.686086242594
1511301111890,INFO,EXPLORE_EVENT,100000000100000010010000100011000000010000110000000101000000,0.20120919664588605,4053.3459594016394
1511301121876,INFO,CLICK_EVENT,100000000100000010010000100011000000010000110000000101000000,0.20120919664588605,4053.3459594016394
1511301140821,INFO,CLEAR_SCREEN,100000000100000010010000100011000000010000110000000101000000,N/A,N/A
1511301595777,INFO,TREATMENT_1,000000000000000000000000000000000000000000000000000000000000,N/A,N/A
1511301603549,INFO,EXPLORE_EVENT,100000000000000000000000000000000000000000000000000000000000,0.0144620975,259.2800180585232
1511301606744,INFO,EXPLORE_EVENT,000000000000100000000000000000000000000000000000000000000000,0.0144620975,259.2800180585232
1511301613583,INFO,EXPLORE_EVENT,000000000000000000000000100000000000000000000000000000000000,0.0,258.5627292295798
1511301616449,INFO,EXPLORE_EVENT,000000000000000000000000000000000000100000000000000000000000,0.0,250.8605824203334
1511301619183,INFO,EXPLORE_EVENT,000000000000000000000000000000000000000000000000100000000000,0.0144620975,250.88035225693346
1511301623640,INFO,EXPLORE_EVENT,000000000000100000000000000000000000000000000000100000000000,0.0144620975,510.1603703154566
1511301626408,INFO,EXPLORE_EVENT,100000000000000000000000000000000000000000000000100000000000,0.0144620975,510.1603703154566
1511301630745,INFO,EXPLORE_EVENT,000000000000000000000000000000000000000000000000100000000000,0.0144620975,250.88035225693346
1511301634110,INFO,EXPLORE_EVENT,010000000000000000000000000000000000000000000000100000000000,0.0368039,519.6353743942128
1511301637114,INFO,EXPLORE_EVENT,000000000000010000000000000000000000000000000000100000000000,0.0368039,519.6353743942128
1511301641388,INFO,EXPLORE_EVENT,000000000000000000000000000000000000000000000000100000000000,0.0144620975,250.88035225693346
1511301642816,INFO,EXPLORE_EVENT,000000000000000000000000010000000000000000000000100000000000,0.0144620975,518.78314588167
1511301645829,INFO,EXPLORE_EVENT,000000000000000000000000000000000000010000000000100000000000,0.0144620975,509.6081090189506
1511301649371,INFO,EXPLORE_EVENT,010000000000000000000000000000000000000000000000100000000000,0.0368039,519.6353743942128
1511301656837,INFO,EXPLORE_EVENT,010000000000010000000000000000000000000000000000100000000000,0.040800051350000005,788.3903965314921
1511301660916,INFO,EXPLORE_EVENT,010000000000000000000000000000000000000000000000100000000000,0.0368039,519.6353743942128
1511301664280,INFO,EXPLORE_EVENT,010000000000001000000000000000000000000000000000100000000000,0.03756855125,1202.8940759315137
1511301667330,INFO,EXPLORE_EVENT,010000000000000000000000000000000000001000000000100000000000,0.03756855125,1188.5098975211774
1511301671795,INFO,EXPLORE_EVENT,010000000000000000000000001000000000000000000000100000000000,0.03756855125,1197.544611497693
1511301676600,INFO,EXPLORE_EVENT,011000000000000000000000000000000000000000000000100000000000,0.03756855125,1125.4204103995382
1511301679214,INFO,EXPLORE_EVENT,010000000000000000000000000000000000000000000000100000000000,0.0368039,519.6353743942128
1511301684987,INFO,EXPLORE_EVENT,010000000000000000000000000000000000000100000000100000000000,0.0368039,1313.9781134385128
1511301688293,INFO,EXPLORE_EVENT,010000000000000100000000000000000000000000000000100000000000,0.03883679883308793,1385.726791572098
1511301691009,INFO,EXPLORE_EVENT,010000000000000000000000000100000000000000000000100000000000,0.0368039,1380.652583336464
1511301693688,INFO,EXPLORE_EVENT,010100000000000000000000000000000000000000000000100000000000,0.02139998975671229,1434.3194435100681
1511301697066,INFO,EXPLORE_EVENT,010000000000000000000000000000000000000000000000100100000000,0.030868192396434863,1337.3958592332087
1511301699345,INFO,EXPLORE_EVENT,010000000000000000000000000000000000000000000000100000000000,0.0368039,519.6353743942128
1511301703684,INFO,EXPLORE_EVENT,010000000000000000000000000000000000000000000000100010000000,0.05429786403537261,1645.4936823961639
1511301708261,INFO,EXPLORE_EVENT,010000000000000000000000000000000000000010000000100000000000,0.05375758135,1117.5897752248122
1511301711841,INFO,EXPLORE_EVENT,010000000000000000000000000010000000000000000000100000000000,0.040800051350000005,1143.7043958209051
1511301714503,INFO,EXPLORE_EVENT,010000000000000010000000000000000000000000000000100000000000,0.040800051350000005,1149.5293086722718
1511301717264,INFO,EXPLORE_EVENT,010010000000000000000000000000000000000000000000100000000000,0.035515256118938056,1734.2179636784672
1511301720465,INFO,EXPLORE_EVENT,010000000000000000000000000000000000000010000000100000000000,0.05375758135,1117.5897752248122
1511301725816,INFO,EXPLORE_EVENT,010001000000000000000000000000000000000010000000100000000000,0.07385803774582181,2185.884622242249
1511301730227,INFO,EXPLORE_EVENT,010000000000000001000000000000000000000010000000100000000000,0.08450923576677513,2126.8943219068287
1511301733249,INFO,EXPLORE_EVENT,010000000000000000000000000001000000000010000000100000000000,0.08801472136604682,2119.9176675825906
1511301736095,INFO,EXPLORE_EVENT,010000000000000000000000000000000000000011000000100000000000,0.07260797522765548,2434.5850448574183
1511301740686,INFO,EXPLORE_EVENT,010000000000000001000000000001000000000010000000100000000000,0.09290379829637432,3129.2222142646074
1511301745300,INFO,EXPLORE_EVENT,010000000000000000000000000001000000000010000000100001000000,0.08788653504914026,3054.118994070209
1511301749514,INFO,EXPLORE_EVENT,010000000000000001000000000001000000000010000000100000000000,0.09290379829637432,3129.2222142646074
1511301755859,INFO,EXPLORE_EVENT,010000000000000001000000000001000000000010000000100000100000,0.12108051522150752,3444.8989427747983
1511301759455,INFO,EXPLORE_EVENT,010000000000000001000000000001000000000010100000100000000000,0.10674116272150751,3467.094278079344
1511301763210,INFO,EXPLORE_EVENT,010000000000000001000000000001100000000010000000100000000000,0.09646193874241507,3765.23111770231
1511301766501,INFO,EXPLORE_EVENT,010000000000000001100000000001000000000010000000100000000000,0.09657687269648954,3775.138116114389
1511301770606,INFO,EXPLORE_EVENT,010000100000000001000000000001000000000010000000100000000000,0.1201296152215075,3469.038076901834
1511301777773,INFO,EXPLORE_EVENT,010000000000000001000000000001000000000010100000100000010000,0.1490736814715075,3525.8524805197558
1511301784775,INFO,EXPLORE_EVENT,010000000000000001000000000001010000000010100000100000010000,0.1489848473786512,3645.6599570266144
1511301789313,INFO,EXPLORE_EVENT,010000000000000001010000000001000000000010100000100000010000,0.15289693772150753,3646.6330242825106
1511301794198,INFO,EXPLORE_EVENT,010000010000000001000000000001000000000010100000100000010000,0.15289693772150753,3599.529025123894
1511301798679,INFO,EXPLORE_EVENT,010000000000000001000000000001000000000010100000100000010000,0.1490736814715075,3525.8524805197558
1511301803335,INFO,EXPLORE_EVENT,010000000000000001000000000001010000000010100000100000010000,0.1489848473786512,3645.6599570266144
1511301807788,INFO,EXPLORE_EVENT,010000000000000001010000000001000000000010100000100000010000,0.15289693772150753,3646.6330242825106
1511301811981,INFO,EXPLORE_EVENT,010000010000000001000000000001000000000010100000100000010000,0.15289693772150753,3599.529025123894
1511301817078,INFO,EXPLORE_EVENT,010000010000000001000000000001000000000010100000100000011000,0.1525168200507438,4312.247413250515
1511301820989,INFO,EXPLORE_EVENT,010000010000000001000000000001000000000010101000100000010000,0.1367283539999628,4774.804881086792
1511301824761,INFO,EXPLORE_EVENT,010000010000000001000000000001001000000010100000100000010000,0.15009254924209015,4092.4134381529666
1511301828784,INFO,EXPLORE_EVENT,010000010000000001001000000001000000000010100000100000010000,0.15415955358342187,4096.139363029821
1511301833049,INFO,EXPLORE_EVENT,010000011000000001000000000001000000000010100000100000010000,0.14472141706019015,4367.408510087755
1511301837411,INFO,EXPLORE_EVENT,010000010000000001000000000001000000000010100000100000010000,0.15289693772150753,3599.529025123894
1511301840671,INFO,EXPLORE_EVENT,010000010000000001000000000001000000000010100000100000010100,0.14305820645182796,4117.900982312388
1511301844623,INFO,EXPLORE_EVENT,010000010000000001000000000001000000000010100100100000010000,0.13370956344387813,4580.635777170381
1511301848285,INFO,EXPLORE_EVENT,010000010000000001000000000001000100000010100000100000010000,0.1493914521222358,3860.2219044193844
1511301853299,INFO,EXPLORE_EVENT,010000010000000001000100000001000000000010100000100000010000,0.17174912535030712,3861.5433282246313
1511301863358,INFO,EXPLORE_EVENT,010000010100000001000100000001000000000010100000100000010000,0.16503755840480072,4413.8542234164615
1511301874583,INFO,EXPLORE_EVENT,010000010000000001000100000001000000000010100000100000010100,0.148415202912545,4379.915285413125
1511301882855,INFO,EXPLORE_EVENT,010000010000000001000100000001000000000010100000100000010010,0.18906915720968215,3971.9535719075675
1511301889589,INFO,EXPLORE_EVENT,010000010000000001000100000001000000000010100010100000010010,0.18906915720968215,4081.334909547826
1511301895385,INFO,EXPLORE_EVENT,010000010000000001000100000001000010000010100000100000010010,0.18427066610954476,4281.03025262847
1511301901939,INFO,EXPLORE_EVENT,010000010000000001000110000001000000000010100000100000010010,0.19664040461922772,4277.841162287055
1511301908806,INFO,EXPLORE_EVENT,010000010010000001000100000001000000000010100000100000010010,0.19711519998780713,4141.546308433255
1511301916178,INFO,EXPLORE_EVENT,010000010010000001000100000001000000000010100000100000010011,0.238792202056375,4978.3819108007765
1511301924263,INFO,EXPLORE_EVENT,010000010010000001000100000001000000000010100001100000010011,0.24247347822302567,6190.358769910057
1511301933116,INFO,EXPLORE_EVENT,010000010010000001000100000001000001000010100000100000010011,0.23516095896935862,5420.372903846808
1511301942834,INFO,EXPLORE_EVENT,010000010010000001000101000001000000000010100000100000010011,0.2401686626618278,5409.777216918472
1511301952845,INFO,EXPLORE_EVENT,010000010011000001000100000001000000000010100000100000010011,0.2460646694398363,5838.005257039492
1511301959798,INFO,EXPLORE_EVENT,010000010010000001000100000001000000000010100000100000010011,0.238792202056375,4978.3819108007765
1511302007845,INFO,EXPLORE_EVENT,010000010010000001000100000001000000000010100000000000010011,0.22179709097689165,4258.1110685642525
1511302017362,INFO,EXPLORE_EVENT,010000010010000001000100000001000000000010100000100000010001,0.22069776503939165,4297.347181327065
1511302025063,INFO,EXPLORE_EVENT,010000010010000001000100000001000000000010100000100000000011,0.2099031337721548,4869.9600864902
1511302034625,INFO,EXPLORE_EVENT,010000010010000001000100000001000000000010100000100000010010,0.19711519998780713,4141.546308433255
1511302041448,INFO,EXPLORE_EVENT,010000010010000001000100000001000000000010100000100000010011,0.238792202056375,4978.3819108007765
1511302048932,INFO,CLICK_EVENT,010000010010000001000100000001000000000010100001100000010011,0.24247347822302567,6190.358769910057
1511302069997,INFO,EXPLORE_EVENT,010000010010000001000100000001000000000010100001100000010011,0.24247347822302567,6190.358769910057
1511302072373,INFO,CLICK_EVENT,010000010011000001000100000001000000000010100000100000010011,0.2460646694398363,5838.005257039492
1511302080901,INFO,EXPLORE_EVENT,010000010010000001000100000001000000000010100000100000010011,0.238792202056375,4978.3819108007765
1511302087895,INFO,EXPLORE_EVENT,010000010011000001000100000001000000000010100000100000010011,0.2460646694398363,5838.005257039492
1511302096986,INFO,EXPLORE_EVENT,010000010010000001000100000001000000000010100000100000010011,0.238792202056375,4978.3819108007765
1511302126285,INFO,EXPLORE_EVENT,000000000000000000000100000000000000000010100000100000010011,0.2037460981299088,2641.1692398357864
1511302137735,INFO,EXPLORE_EVENT,000000000000000000000100000000000000000010100000000000000000,0.082933689794121,1384.3458821021457
1511302141058,INFO,EXPLORE_EVENT,000000000000000000000100000000000000000000000000000000000000,0.046922313256621,448.4685696012415
1511302142203,INFO,EXPLORE_EVENT,000000000000000000000000000000000000000000000000000000000000,0.0,0.0
1511302147022,INFO,CLEAR_SCREEN,000000000000000000000000000000000000000000000000000000000000,N/A,N/A
1511302177788,INFO,EXPLORE_EVENT,000000000000000010000000000001000000000000000000000000000000,0.03425714001604683,1632.3328807270568
1511302180202,INFO,EXPLORE_EVENT,000000000000000011000000000001000000000000000000000000000000,0.039146216946374345,2999.5572591874156
1511302182904,INFO,EXPLORE_EVENT,000000000000000001000100000001000000000000000000000000000000,0.06136367075047479,2273.6467421405323
1511302189400,INFO,EXPLORE_EVENT,000000000000000001000100000001000000000000000000100000010011,0.17951278680615176,3530.470099874173
1511302197534,INFO,EXPLORE_EVENT,010000000000000001000100000001000000000000000000100000010011,0.2003317450731706,3799.175110934394
1511302201846,INFO,EXPLORE_EVENT,010000010000000001000100000001000000000000000000100000010011,0.20408851055653468,3872.851655538533
1511302207131,INFO,EXPLORE_EVENT,010000110000000001000100000001000000000000000000100000010011,0.23131432748166786,4205.409229762721
1511302217814,INFO,EXPLORE_EVENT,010000110000000001000100000001000000000010100000100000010011,0.24488914681411655,5104.544212037833
1511302224912,INFO,CLICK_EVENT,010000110000000001000100000001000000000010100000100000010011,0.24488914681411655,5104.544212037833
1511302248793,INFO,CLEAR_SCREEN,010000110000000001000100000001000000000010100000100000010011,N/A,N/A
