1511628863432,INFO,DEMO_TREATMENT,000000000000000000000000000000000000000000000000000000000000,N/A,N/A
1511628916552,INFO,EXPLORE_EVENT,100000000000000000000000000000000000000000000000000000000000,0.0,447.73705817532016
1511628924622,INFO,EXPLORE_EVENT,000000000000000000000000000000000000000000000000100000000000,0.046922313256621,448.4685696012415
1511628929675,INFO,EXPLORE_EVENT,000000000000000000000000000000000000010000000000100000000000,0.047490635131621,702.1286102138524
1511628933754,INFO,EXPLORE_EVENT,000000000000000000000000001000000000010000000000100000000000,0.09829911148984066,1073.39464268103
1511628938021,INFO,EXPLORE_EVENT,000000000000000100000000001000000000010000000000100000000000,0.09829911148984066,1324.1941341898082
1511628942280,INFO,EXPLORE_EVENT,000010000000000100000000001000000000010000000000100000000000,0.09829911148984066,1592.0454041808152
1511628948154,INFO,EXPLORE_EVENT,000100000000000010000000001000000000010000000000100000000000,0.09829911148984066,1590.570829407472
1511628965778,INFO,EXPLORE_EVENT,000100000000000010000000001000000000010000000000100000000001,0.08566097721345417,2067.658692191565
1511628970228,INFO,EXPLORE_EVENT,000100000000000010000000001000000010010000000000100000000001,0.11884889713936443,2125.9779916449343
1511628976337,INFO,CLICK_EVENT,000100000000000010000000001000000010010000000000100000000001,0.11884889713936443,2125.9779916449343
1511628976509,INFO,EXPLORE_EVENT,000100000000000010001000001000000010010000000000100000000001,0.13706653375165728,3166.724251395208
1511628997206,INFO,CLICK_EVENT,000100000000000010001000001000000010010000000000100000000001,0.13706653375165728,3166.724251395208
1511629033912,INFO,EXPLORE_EVENT,000100000000000010001000001000000010010000000100100000000001,0.16581733061469145,3521.825669650717
1511629034056,INFO,CLICK_EVENT,000000000000000000000000000000000000000000000000000000000000,0,0
1511629035505,INFO,CLICK_EVENT,000100000000000010001000001000000010010000000100100000000001,0.16581733061469145,3521.825669650717
1511629043123,INFO,EXPLORE_EVENT,000100000000000010011000001000000010010000000100100000000001,0.16989548127019993,4421.356590416746
1511629044989,INFO,CLICK_EVENT,000100000000000010011000001000000010010000000100100000000001,0.16989548127019993,4421.356590416746
1511629045857,INFO,CLICK_EVENT,000000000000000000000000000000000000000000000000000000000000,0,0
1511629051145,INFO,EXPLORE_EVENT,000100100000000010011000001000000010010000000100100000000001,0.16989548127019993,5314.011717936044
1511629052594,INFO,CLICK_EVENT,000100100000000010011000001000000010010000000100100000000001,0.16989548127019993,5314.011717936044
1511629059479,INFO,EXPLORE_EVENT,000100100000000010011000001000000010010000000100100001000001,0.16917293406245812,6371.180051950083
1511629065255,INFO,EXPLORE_EVENT,000100100000000010011000001000000010010001000100100000000001,0.17528778066603212,5946.385106591346
1511629072371,INFO,CLICK_EVENT,000100100000000010011000001000000010010001000100100000000001,0.17528778066603212,5946.385106591346
1511629085302,INFO,EXPLORE_EVENT,000100100000000010011000001000000010010001000100100000000001,0.17528778066603212,5946.385106591346
1511629087580,INFO,CLICK_EVENT,000000000000000000000000000000000000000000000000000000000000,0,0
1511629094262,INFO,EXPLORE_EVENT,000100100000000010011000001000000010010001000100100000000001,0.17528778066603212,5946.385106591346
1511629096254,INFO,CLICK_EVENT,000000000000000000000000000000000000000000000000000000000000,0,0
1511629098237,INFO,EXPLORE_EVENT,000100100000000010011000001001000010010001000100100000000001,0.17920142566603212,6454.260831896319
1511629099890,INFO,CLICK_EVENT,000100100000000010011000001000000010010000000100100000000001,0.16989548127019993,5314.011717936044
1511629100637,INFO,CLICK_EVENT,000000000000000000000000000000000000000000000000000000000000,0,0
1511629101738,INFO,CLICK_EVENT,000100100000000010011000001001000010010001000100100000000001,0.17920142566603212,6454.260831896319
1511629106180,INFO,CLICK_EVENT,000100000000000010001000001000000010010000000100100000000001,0.16581733061469145,3521.825669650717
1511629222059,INFO,EXPLORE_EVENT,000100100000000010011000001001000010010001000100100010000001,0.17990270150307835,6764.610336757756
1511629222252,INFO,CLICK_EVENT,000000000000000000000000000000000000000000000000000000000000,0,0
1511629225316,INFO,CLICK_EVENT,000000000000000000000000000000000000000000000000000000000000,0,0
1511629227495,INFO,EXPLORE_EVENT,000100100000000010011000001001000010010001000100100000000001,0.17920142566603212,6454.260831896319
1511629235219,INFO,EXPLORE_EVENT,000101100000000010011000001001000010010000000100100000000001,0.1762192231660321,6890.052131770897
1511629243628,INFO,EXPLORE_EVENT,001101100000000010011000000001000010010000000100100000000001,0.1328149767556569,7111.045212626052
1511629258793,INFO,EXPLORE_EVENT,000101100000000010011000000001000010010000000100100000000000,0.13713437914443244,6150.514861306492
1511629268287,INFO,EXPLORE_EVENT,000100100000000010011000000000000000010000000000000000000000,0.029152071706326863,3603.828741610305
1511629271526,INFO,EXPLORE_EVENT,000100100000000010011000000000000000000000000000000000000000,0.02620651227299469,3350.108494762042
1511629273168,INFO,EXPLORE_EVENT,000100100000000000011000000000000000000000000000000000000000,0.03128402402588742,3066.221224569805
1511629274669,INFO,EXPLORE_EVENT,000100100000000000010000000000000000000000000000000000000000,0.014985427700000003,1749.2259549371988
1511629275801,INFO,EXPLORE_EVENT,000100100000000000000000000000000000000000000000000000000000,0.0,1151.16050001538
1511629277226,INFO,EXPLORE_EVENT,000100000000000000000000000000000000000000000000000000000000,0.0,258.5627292295798
1511629279086,INFO,EXPLORE_EVENT,000000000000000000000000000000000000000000000000000000000000,0.0,0.0
1511629287750,INFO,CLEAR_SCREEN,000000000000000000000000000000000000000000000000000000000000,N/A,N/A
1511629289163,INFO,CLICK_EVENT,000000000000000000000000000000000000000000000000000000000000,0,0
1511629301148,INFO,TREATMENT_1,000000000000000000000000000000000000000000000000000000000000,N/A,N/A
1511629332946,INFO,EXPLORE_EVENT,100000000000000000000000000000000000000000000000000000000000,0.0144620975,259.2800180585232
1511629336684,INFO,EXPLORE_EVENT,100000000000010000000000000000000000000000000000000000000000,0.0368039,528.0350401958026
1511629339714,INFO,EXPLORE_EVENT,100000000000010000000000001000000000000000000000000000000000,0.03756855125,1205.949328866117
1511629342224,INFO,EXPLORE_EVENT,100000000000010000000000001000000000000100000000000000000000,0.03756855125,2000.050070081978
1511629345494,INFO,EXPLORE_EVENT,100000000000010000000000001000000000000100000000000010000000,0.054522232600000005,2598.2673633043323
1511629348122,INFO,CLICK_EVENT,100000000000010000000000001000000000000100000000000000000000,0.03756855125,2000.050070081978
1511629351616,INFO,CLICK_EVENT,000000000000000000000000000000000000000000000000000000000000,0,0
1511629367014,INFO,EXPLORE_EVENT,000010000000000100000000001000000000010000000000100000000000,0.018788950083087928,2683.365077908095
1511629375855,INFO,CLICK_EVENT,000010000000000100000000001000000000010000000000100000000000,0.018788950083087928,2683.365077908095
1511629380463,INFO,CLICK_EVENT,100000000000010000000000001000000000000100000000000010000000,0.054522232600000005,2598.2673633043323
1511629392507,INFO,EXPLORE_EVENT,100000000000010000000000001000000000000100000000000010000000,0.054522232600000005,2598.2673633043323
1511629394305,INFO,CLICK_EVENT,000000000000000000000000000000000000000000000000000000000000,0,0
1511629400679,INFO,EXPLORE_EVENT,100000000000010000000000001000000000000101000000000010000000,0.06392868635777803,3410.097734396979
1511629402729,INFO,CLICK_EVENT,100000000000010000000000001000000000000101000000000010000000,0.06392868635777803,3410.097734396979
1511629403891,INFO,CLICK_EVENT,000000000000000000000000000000000000000000000000000000000000,0,0
1511629405902,INFO,EXPLORE_EVENT,100000000000010000000000001001000000000100000000000010000000,0.08299099263860238,3988.292674223194
1511629409088,INFO,EXPLORE_EVENT,100000000000010001000000001000000000000100000000000010000000,0.0664640032230496,3666.5622103217693
1511629411995,INFO,EXPLORE_EVENT,100001000000010000000000001000000000000100000000000010000000,0.08370886243694965,3655.4615771467843
1511629413588,INFO,CLICK_EVENT,000000000000000000000000000000000000000000000000000000000000,0,0
1511629414286,INFO,CLICK_EVENT,100001000000010000000000001000000000000100000000000010000000,0.08370886243694965,3655.4615771467843
1511629421028,INFO,EXPLORE_EVENT,100001000000010000100000001000000000000100000000000010000000,0.10043577233552498,3995.277439784011
1511629421513,INFO,CLICK_EVENT,000000000000000000000000000000000000000000000000000000000000,0,0
1511629424682,INFO,EXPLORE_EVENT,100001000000010000000000001000100000000100000000000010000000,0.09964794983552498,4008.70840911723
1511629427180,INFO,EXPLORE_EVENT,100001000000010000000000001000000000000100100000000010000000,0.08511342756286103,4223.618318025815
1511629430760,INFO,EXPLORE_EVENT,100001000000010000000000001000000000000100000000000010100000,0.09745356983552497,3993.48598576523
1511629435306,INFO,EXPLORE_EVENT,100001000000010000100000001000000000000100000000000010000000,0.10043577233552498,3995.277439784011
1511629439187,INFO,EXPLORE_EVENT,100001000000010000100000001000010000000100000000000010000000,0.10043577233552498,4060.620356494261
1511629441993,INFO,EXPLORE_EVENT,100001000000010000100000001000000000000100010000000010000000,0.10043577233552498,4114.538022718269
1511629444628,INFO,EXPLORE_EVENT,100001000000010000100000001000000000000100000000000010010000,0.12907314108552498,4068.8545160246467
1511629450887,INFO,EXPLORE_EVENT,100001001000010000100000001000000000000100000000000010010000,0.12259929385008292,4549.2734869135475
1511629453259,INFO,EXPLORE_EVENT,100001000000010000101000001000000000000100000000000010010000,0.11608490444297498,5082.538773214816
1511629457209,INFO,EXPLORE_EVENT,100001000000010000100000001000001000000100000000000010010000,0.128560824748025,5104.782826154059
1511629460007,INFO,EXPLORE_EVENT,100001000000010000100000001000000000000100001000000010010000,0.12907314108552498,4500.585807235246
1511629463080,INFO,EXPLORE_EVENT,100001000000010000100000001000000000000100000000000010011000,0.1317246412514724,5051.7024885166375
1511629467453,INFO,EXPLORE_EVENT,100001001000010000100000001000000000000100000000000010010000,0.12259929385008292,4549.2734869135475
1511629471198,INFO,CLICK_EVENT,100001000000010000100000001000000000000100000000000010010000,0.12907314108552498,4068.8545160246467
1511629479320,INFO,EXPLORE_EVENT,100001000000010000100000001000000000000100000000000010010000,0.12907314108552498,4068.8545160246467
1511629484066,INFO,EXPLORE_EVENT,100001000000010000100000001000000100000100000000000010010000,0.128560824748025,4870.9504223966105
1511629487533,INFO,EXPLORE_EVENT,100001000000010000100000001000000000000100000100000010010000,0.12907314108552498,4311.002907219785
1511629491043,INFO,EXPLORE_EVENT,100001000000010000100000001000000000000100000000000010010100,0.12682348078368338,4848.19033299868
1511629495190,INFO,EXPLORE_EVENT,100001000000010000100100001000000000000100000000000010010000,0.1256043456508492,4843.861487672932
1511629498212,INFO,EXPLORE_EVENT,100001000100010000100000001000000000000100000000000010010000,0.1252957336360429,4334.246427036813
1511629503002,INFO,EXPLORE_EVENT,100001000000010000100000001000000000000100000000000010010100,0.12682348078368338,4848.19033299868
1511629507660,INFO,EXPLORE_EVENT,100001000000010000100000001000000000000100000000000010010000,0.12907314108552498,4068.8545160246467
1511629512805,INFO,EXPLORE_EVENT,100001000000010000100000001000000010000100000000000010010000,0.12907314108552498,4253.397323448945
1511629516567,INFO,EXPLORE_EVENT,100001000000010000100000001000000000000100000010000010010000,0.12907314108552498,4264.846810827605
1511629519767,INFO,EXPLORE_EVENT,100001000000010000100000001000000000000100000000000010010010,0.14540904611989997,4182.406149840206
1511629522806,INFO,CLICK_EVENT,000000000000000000000000000000000000000000000000000000000000,0,0
1511629523596,INFO,CLICK_EVENT,100001000000010000100000001000000000000100000000000010010010,0.14540904611989997,4182.406149840206
1511629528793,INFO,EXPLORE_EVENT,100001000000010000100000001000000000000100000100000010010010,0.14540904611989997,4424.554541035344
1511629532133,INFO,EXPLORE_EVENT,100001000000010000100000001000000000000100000000000010010110,0.12941552911313997,5040.185880961433
1511629536184,INFO,EXPLORE_EVENT,100001000000010000100000001000000100000100000000000010010010,0.14489672978239998,4984.50205621217
1511629539812,INFO,EXPLORE_EVENT,100001000000010000100100001000000000000100000000000010010010,0.1419402506852242,4957.413121488491
1511629543379,INFO,EXPLORE_EVENT,100001000100010000100000001000000000000100000000000010010010,0.1416316386704179,4447.798060852372
1511629550901,INFO,EXPLORE_EVENT,100001000000010000100000001000000000000100000000100010010010,0.1439855869819474,5084.246421850934
1511629555060,INFO,EXPLORE_EVENT,100001000000010000100000001000000000100100000000000010010010,0.14540904611989997,4456.804623475522
1511629558199,INFO,EXPLORE_EVENT,100001000000010000100000101000000000000100000000000010010010,0.14540904611989997,4360.683996151875
1511629561413,INFO,EXPLORE_EVENT,100001000000110000100000001000000000000100000000000010010010,0.16336487711073935,4358.343879872755
1511629564392,INFO,CLICK_EVENT,100001000000110000100000001000000000000100000000000010010010,0.16336487711073935,4358.343879872755
1511629572234,INFO,EXPLORE_EVENT,110001000000110000100000001000000000000100000000000010010010,0.15822893626064055,4690.614416229671
1511629573259,INFO,CLICK_EVENT,000000000000000000000000000000000000000000000000000000000000,0,0
1511629576333,INFO,EXPLORE_EVENT,100001000000110000100000001000000000000100000000000010010010,0.16336487711073935,4358.343879872755
1511629583560,INFO,EXPLORE_EVENT,100001000000110000100000011000000000000100000000000010010010,0.16336487711073935,4547.943932023418
1511629587517,INFO,EXPLORE_EVENT,100001000000110000100000001000000000010100000000000010010010,0.16336487711073935,4648.333924145514
1511629591650,INFO,EXPLORE_EVENT,100001000000110000100000001000000000000100000000010010010010,0.14727250360193667,5276.9169747500455
1511629598087,INFO,EXPLORE_EVENT,100001000000110000100000001000000000000100000000001010010010,0.15128179268531278,5884.320074702191
1511629601446,INFO,EXPLORE_EVENT,100001000000110000100000001000000000001100000000000010010010,0.16336487711073935,5275.55861377176
1511629604631,INFO,EXPLORE_EVENT,100001000000110000100000001000000000000100000000000010010010,0.16336487711073935,4358.343879872755
1511629608329,INFO,EXPLORE_EVENT,100001000000111000100000001000000000000100000000000010010010,0.14758155426259703,6097.583653405187
1511629612071,INFO,EXPLORE_EVENT,101001000000110000100000001000000000000100000000000010010010,0.1594921372709362,5435.733587348455
1511629618302,INFO,EXPLORE_EVENT,100001000000110000100000001000000000000100000000000110010010,0.12273940494901803,5575.512141144385
1511629621825,INFO,EXPLORE_EVENT,100001000000110000100000001000000000000100000000000010010010,0.16336487711073935,4358.343879872755
1511629627199,INFO,EXPLORE_EVENT,100001000000110000100000001100000000000100000000000010010010,0.16285256077323937,5597.582986908128
1511629630774,INFO,EXPLORE_EVENT,100001000000110100100000001000000000000100000000000010010010,0.12096044930993169,5700.147200861873
1511629634225,INFO,EXPLORE_EVENT,100101000000110000100000001000000000000100000000000010010010,0.1468957177624677,5044.680681413609
1511629638609,INFO,EXPLORE_EVENT,100001000000110000100000001000000000000100000000000010010010,0.16336487711073935,4358.343879872755
1511629653490,INFO,EXPLORE_EVENT,100001000000010000100000001000000000000100000000000010010010,0.14540904611989997,4182.406149840206
1511629658875,INFO,EXPLORE_EVENT,100001000000010000100000001000000000000100000000000000010010,0.13343564294489998,3668.2431877336303
1511629670544,INFO,EXPLORE_EVENT,100001000000010000100000001000000000000100000000000000000000,0.08348209098552498,3397.0601465616573
1511629674062,INFO,EXPLORE_EVENT,100001000000010000100000000000000000000000000000000000000000,0.08244193357302497,1924.939114151096
1511629675337,INFO,EXPLORE_EVENT,100001000000000000100000000000000000000000000000000000000000,0.05698056840088985,1747.9746005875782
1511629677027,INFO,EXPLORE_EVENT,000001000000000000100000000000000000000000000000000000000000,0.05581780620913722,1440.8609068159476
1511629678297,INFO,EXPLORE_EVENT,000000000000000000100000000000000000000000000000000000000000,0.021025948837500003,431.63363893128997
1511629679337,INFO,EXPLORE_EVENT,000000000000000000000000000000000000000000000000000000000000,0.0,0.0
1511629709225,INFO,CLEAR_SCREEN,000000000000000000000000000000000000000000000000000000000000,N/A,N/A
1511629718447,INFO,CLICK_EVENT,000000000000000000000000000000000000000000000000000000000000,0,0
1511629741961,INFO,EXPLORE_EVENT,100000000000000000000000000000000000000000000000000000000000,0.0144620975,259.2800180585232
1511629743549,INFO,EXPLORE_EVENT,100000000000010000000000000000000000000000000000000000000000,0.0368039,528.0350401958026
1511629745662,INFO,EXPLORE_EVENT,100000000000010000000000001000000000000000000000000000000000,0.03756855125,1205.949328866117
1511629747884,INFO,EXPLORE_EVENT,100000000000010000000000001000000000000100000000000000000000,0.03756855125,2000.050070081978
1511629749857,INFO,EXPLORE_EVENT,100000000000010000000000001000000000000100000000000010000000,0.054522232600000005,2598.2673633043323
1511629752894,INFO,EXPLORE_EVENT,100000000000010000000000000000000000000100000000000010000000,0.05375758135,1920.2470721096324
1511629755996,INFO,EXPLORE_EVENT,100000000000010000000000000000000000000000000000000010000000,0.05375758135,1126.1463308937716
1511629760977,INFO,EXPLORE_EVENT,100000000000000000000000000000000000000000000000000010000000,0.0294475252,857.4413198335498
1511629763309,INFO,EXPLORE_EVENT,100000000000010000000000000000000000000000000000000010000000,0.05375758135,1126.1463308937716
1511629765011,INFO,EXPLORE_EVENT,100000000000010001000000000000000000000000000000000010000000,0.06417004947304959,2194.4411779112083
1511629767652,INFO,EXPLORE_EVENT,100000100000010001000000000000000000000000000000000010000000,0.10483648836363554,2527.557967574602
1511629771338,INFO,EXPLORE_EVENT,100000100000010001010000000000000000000000000000000010000000,0.10978318149413643,2648.206644074773
1511629780771,INFO,CLICK_EVENT,100000100000010001010000000000000000000000000000000010000000,0.10978318149413643,2648.206644074773
1511629867406,INFO,CLEAR_SCREEN,000000000000000000000000000000000000000000000000000000000000,N/A,N/A
1511630143898,INFO,TREATMENT_3,000000000000000000000000000000000000000000000000000000000000,N/A,N/A
1511630148215,INFO,EXPLORE_EVENT,100000000000000000000000000000000000000000000000000000000000,0.021025948837500003,431.63363893128997
1511630148516,INFO,AGENT_EVENT,100000000001000000000000000000000000000000000000000000000000,0.03432705782835571,1655.2204485317989
1511630149547,INFO,AGENT_EVENT,100000000000000000000000000000000000000000100000000000000000,0.0354880463375,682.5139911882234
1511630150579,INFO,AGENT_EVENT,100000000000000000000000000000000000000000010000000000000000,0.04970419893749999,690.3848060184132
1511630151738,INFO,AGENT_EVENT,100000000000000000000001000000000000000000000000000000000000,0.04885915569117999,1433.8842524917095
1511630152852,INFO,AGENT_EVENT,100000000000000000000000000000000000000000000000000010000000,0.021594270712500002,685.2766069821934
1511630154125,INFO,AGENT_EVENT,100000000000000000000000000000000001000000000000000000000000,0.0493589514053561,1449.5887859222548
1511630155347,INFO,AGENT_EVENT,100000000000000000000000000000000000000000000000000000000001,0.05581780620913722,1440.8609068159476
1511630156382,INFO,AGENT_EVENT,100000000000000000000000000000000000000001000000000000000000,0.07860407696249999,802.8223926011085
1511630156456,INFO,CLICK_EVENT,100000000000000000000000000000000000000000010000000000000000,0.04970419893749999,690.3848060184132
1511630157428,INFO,AGENT_EVENT,100000000000000000000000000000000000000000000100000000000000,0.024801556787890828,1225.7923740100541
1511630158354,INFO,AGENT_EVENT,100000000000000000000000000000000100000000000000000000000000,0.021025948837500003,1225.657101349792
1511630159527,INFO,AGENT_EVENT,100000000000000000000000000000000000000000000000000010000000,0.021594270712500002,685.2766069821934
1511630160514,INFO,AGENT_EVENT,100000100000000000000000000000000000000000000000000000000000,0.049827398837499995,592.3408162745889
1511630161515,INFO,AGENT_EVENT,100000000000000000000000000000000000000000000100000000000000,0.024801556787890828,1225.7923740100541
1511630163163,INFO,EXPLORE_EVENT,100000000000000000000000000000000000000000010000000000000000,0.04970419893749999,690.3848060184132
1511630163302,INFO,CLICK_EVENT,100000000000000000000000000000000000000001000000000000000000,0.07860407696249999,802.8223926011085
1511630163306,INFO,AGENT_EVENT,100000000000000000000000000000001000000000010000000000000000,0.050744356350000006,1359.2362143250298
1511630169363,INFO,AGENT_EVENT,100000000000000000000000100000000000000000010000000000000000,0.05023204001250001,1065.5724082709125
1511630171532,INFO,EXPLORE_EVENT,000000000000000000000000000000000000000000010000000000000000,0.02944290135,258.7511670871233
1511630171913,INFO,EXPLORE_EVENT,100000000000000000000000000000000000000000010000000000000000,0.04970419893749999,690.3848060184132
1511630172085,INFO,EXPLORE_EVENT,100000000000000000000000000000000000000000000000000000000000,0.021025948837500003,431.63363893128997
1511630172166,INFO,CLICK_EVENT,000000000000000000000000000000000000000000000000000000000000,0,0
1511630172537,INFO,EXPLORE_EVENT,100000000000000000000000000000000000000001000000000000000000,0.07860407696249999,802.8223926011085
1511630174441,INFO,CLICK_EVENT,100000000000000000000000000000000000000001000000000000000000,0.07860407696249999,802.8223926011085
1511630175665,INFO,AGENT_EVENT,100000000000000000000000000000000000000001000001000000000000,0.06313586447113648,1914.1328730899477
1511630176597,INFO,CLICK_EVENT,000000000000000000000000000000000000000000000000000000000000,0,0
1511630180377,INFO,CLICK_EVENT,100000000000000000000000000000000000000001000000000000000000,0.07860407696249999,802.8223926011085
1511630181910,INFO,CLICK_EVENT,000000000000000000000000000000000000000000000000000000000000,0,0
1511630182582,INFO,AGENT_EVENT,100000000000100000000000000000000000000001000000000000000000,0.07991974053749999,1230.560413480445
1511630183785,INFO,AGENT_EVENT,100000000000000000010000000000000000000001000000000000000000,0.07860407696249999,1070.6736625921155
1511630185228,INFO,AGENT_EVENT,100000000000000000000000000000000000000001000000000001000000,0.0855761488375,1139.3825982592857
1511630186150,INFO,AGENT_EVENT,100000000000000000000000000000000000000000000000000000000000,0.021025948837500003,431.63363893128997
1511630187413,INFO,AGENT_EVENT,100000000100000000000000000000000000000001000000000000000000,0.06409685363569351,1861.9696691309434
1511630188553,INFO,AGENT_EVENT,100000000100000000000000000000000000000001000000000000000000,0.06409685363569351,1861.9696691309434
1511630189887,INFO,AGENT_EVENT,100000010000000000000000000000000000000001000000000000000000,0.1062683782125,979.7869061646263
1511630191621,INFO,CLICK_EVENT,100000010000000000000000000000000000000001000000000000000000,0.1062683782125,979.7869061646263
1511630193191,INFO,AGENT_EVENT,100000000000000000000000000000000000000001000000100000000000,0.09032599053750003,1234.3787527350396
1511630195268,INFO,EXPLORE_EVENT,000000000000000000000000000000000000000001000000000000000000,0.057578128125,371.2660324671776
1511630195919,INFO,EXPLORE_EVENT,100000000000000000000000000000000000000001000000000000000000,0.07860407696249999,802.8223926011085
1511630196039,INFO,EXPLORE_EVENT,000000000000000000000000000000000000000001000000000000000000,0.057578128125,371.2660324671776
1511630197564,INFO,EXPLORE_EVENT,100000000000000000000000000000000000000001000000000000000000,0.07860407696249999,802.8223926011085
1511630197809,INFO,CLICK_EVENT,000000000000000000000000000000000000000000000000000000000000,0,0
1511630198083,INFO,EXPLORE_EVENT,100000010000000000000000000000000000000001000000000000000000,0.1062683782125,979.7869061646263
1511630203922,INFO,AGENT_EVENT,100000010000000000000000000000000000000011000000000000000000,0.124602358921875,1086.1878971410015
1511630205469,INFO,AGENT_EVENT,100000010001000000000000000000000000000001000000000000000000,0.08734367635621983,2345.7000365096596
1511630205614,INFO,CLICK_EVENT,100000010000000000000000000000000000000011000000000000000000,0.124602358921875,1086.1878971410015
1511630209601,INFO,AGENT_EVENT,101000010000000000000000000000000000000001000000000000000000,0.08913047937982914,1993.471163354795
1511630211905,INFO,CLICK_EVENT,000000000000000000000000000000000000000000000000000000000000,0,0
1511630213348,INFO,EXPLORE_EVENT,100000010000000000000000000000000000000011000000000000000000,0.124602358921875,1086.1878971410015
1511630214623,INFO,AGENT_EVENT,100000010000000000000100000000000000000011000000000000000000,0.124602358921875,1946.9539038195821
1511630216288,INFO,AGENT_EVENT,100000010000000000000010000000000000000011000000000000000000,0.127554739396875,1710.3679726589132
1511630219600,INFO,AGENT_EVENT,100000010000010000000000000000000000000011000000000000000000,0.124602358921875,1253.2267446622402
1511630221178,INFO,AGENT_EVENT,100000110000000000000000000000000000000011000000000000000000,0.147316658921875,1262.1256271735504
1511630222400,INFO,CLICK_EVENT,000000000000000000000000000000000000000000000000000000000000,0,0
1511630222881,INFO,CLICK_EVENT,100000110000000000000000000000000000000011000000000000000000,0.147316658921875,1262.1256271735504
1511630225885,INFO,AGENT_EVENT,100000010000000000000000001000000000000011000000000000000000,0.124602358921875,1727.2820628387817
1511630230548,INFO,EXPLORE_EVENT,000000010000000000000000000000000000000011000000000000000000,0.10135885883437501,746.3720345037746
1511630230571,INFO,EXPLORE_EVENT,100000010000000000000000000000000000000011000000000000000000,0.124602358921875,1086.1878971410015
1511630230582,INFO,EXPLORE_EVENT,000000000000000000000000000000000000000011000000000000000000,0.07591210883437499,477.6670234435528
1511630231791,INFO,EXPLORE_EVENT,000000010000000000000000000000000000000011000000000000000000,0.10135885883437501,746.3720345037746
1511630233515,INFO,EXPLORE_EVENT,100000010000000000000000000000000000000011000000000000000000,0.124602358921875,1086.1878971410015
1511630233737,INFO,EXPLORE_EVENT,100000110000000000000000000000000000000011000000000000000000,0.147316658921875,1262.1256271735504
1511630234012,INFO,AGENT_EVENT,100000110000000000000001000000000000000011000000000000000000,0.16619084859898225,2264.4535195313288
1511630235635,INFO,AGENT_EVENT,100000110000000000000000000000000010000011000000000000000000,0.163256391421875,1860.1910820953692
1511630235926,INFO,CLICK_EVENT,000000000000000000000000000000000000000000000000000000000000,0,0
1511630237178,INFO,AGENT_EVENT,100000110000000000000100000000000000000011000000000000000000,0.147316658921875,2122.8916338521312
1511630238946,INFO,AGENT_EVENT,100000110000000000000000100000000000000011000000000000000000,0.14784449999687502,1637.2168656136605
1511630240505,INFO,AGENT_EVENT,100000110000000000000100000000000000000011000000000000000000,0.147316658921875,2122.8916338521312
1511630241841,INFO,AGENT_EVENT,100000110000000000000000000000000000000001000000000000000000,0.1289826782125,1155.7246361971752
1511630243671,INFO,AGENT_EVENT,100000110100000000000000000000000000000011000000000000000000,0.09052636812678225,2603.928948162669
1511630244964,INFO,CLICK_EVENT,100000110000000000000000000000000010000011000000000000000000,0.163256391421875,1860.1910820953692
1511630245167,INFO,AGENT_EVENT,100000010000000000000000000000000000000011000000000000000000,0.124602358921875,1086.1878971410015
1511630246812,INFO,AGENT_EVENT,100000110000000000000000000000000000000011000000000000001000,0.148356816334375,1945.4953828020707
1511630248405,INFO,AGENT_EVENT,100000110000000000000000000000000000000011001000000000000000,0.148860478834375,1835.338466521524
1511630251493,INFO,EXPLORE_EVENT,100000110000000000000000000000000010000011000000000000000000,0.163256391421875,1860.1910820953692
1511630251741,INFO,AGENT_EVENT,100000110000000000000000000000000010000011000000000000010000,0.163256391421875,2128.896093155591
1511630253230,INFO,AGENT_EVENT,100000110000000000000000000000000010000001000000000000000000,0.1459363595625,1753.790091118994
1511630254823,INFO,CLICK_EVENT,000000000000000000000000000000000000000000000000000000000000,0,0
1511630255156,INFO,AGENT_EVENT,100000110000000000000000000000000010100011000000000000000000,0.16428789499687502,2148.434209318327
1511630256899,INFO,AGENT_EVENT,100000110000000000000000000000010010000011000000000000000000,0.16195919565124736,2654.6242474048386
1511630258997,INFO,AGENT_EVENT,100000110010000000000000000000000010000011000000000000000000,0.1418210750096312,3455.556401034898
1511630259722,INFO,CLICK_EVENT,000000000000000000000000000000000000000000000000000000000000,0,0
1511630260817,INFO,AGENT_EVENT,100000110000000000000000000010000010000011000000000000000000,0.163256391421875,1988.033111611434
1511630262957,INFO,AGENT_EVENT,100000110000000000100000000000000010000011000000000000000000,0.163256391421875,2118.696454591451
1511630264868,INFO,AGENT_EVENT,100000110000100000000000000000000010000011000000000000000000,0.16378423249687502,2287.929102974706
1511630266758,INFO,AGENT_EVENT,100000110000000000000000000000000010000010000000000000000000,0.10567826329687499,1593.992709662346
1511630269181,INFO,AGENT_EVENT,100010110000000000000000000000000010000011000000000000000000,0.17419756840185424,2838.998989943741
1511630271499,INFO,AGENT_EVENT,100000110000000000000000000000000010100011000000000000000000,0.16428789499687502,2148.434209318327
1511630272688,INFO,CLICK_EVENT,100010110000000000000000000000000010000011000000000000000000,0.17419756840185424,2838.998989943741
1511630273720,INFO,AGENT_EVENT,100000110000000000000100000000000010000011000000000000000000,0.163256391421875,2720.95708877395
1511630275754,INFO,AGENT_EVENT,100000110000000000000000000001000010000011000000000000000000,0.16457594934329897,2844.1543761662306
1511630277760,INFO,AGENT_EVENT,100000110000000001000000000000000010000011000000000000000000,0.164828891421875,2194.9651871703527
1511630279607,INFO,AGENT_EVENT,100000110000000000000000000000000010000011000000000000001000,0.164296548834375,2543.5608377238896
1511630281620,INFO,AGENT_EVENT,100000110000000000000001000000000010000011000000000000000000,0.18213058109898225,2862.5189744531476
1511630285367,INFO,EXPLORE_EVENT,100010110000000000000000000000000010000011000000000000000000,0.17419756840185424,2838.998989943741
1511630285501,INFO,AGENT_EVENT,100010110000000000000010000000000010000011000000000000000000,0.17862607022685423,3407.3905699289853
1511630288063,INFO,AGENT_EVENT,101010110000000000000000000000000010000011000000000000000000,0.13415121226621252,3323.7043869106656
1511630288125,INFO,CLICK_EVENT,000000000000000000000000000000000000000000000000000000000000,0,0
1511630290343,INFO,AGENT_EVENT,100010110000000000000000000000000010000011001000000000000000,0.1765752923341807,3412.211829291715
1511630292242,INFO,CLICK_EVENT,100000110000000000000001000000000010000011000000000000000000,0.18213058109898225,2862.5189744531476
1511630292364,INFO,AGENT_EVENT,100010110000000000000000010000000010000011000000000000000000,0.17419756840185424,2912.5607391006315
1511630294530,INFO,AGENT_EVENT,100010110000000000000000000000000010000011000000000000001000,0.1760716298341807,3522.368745572261
1511630296317,INFO,CLICK_EVENT,000000000000000000000000000000000000000000000000000000000000,0,0
1511630296662,INFO,AGENT_EVENT,100010110000000000000000000000000010000011001000000000000000,0.1765752923341807,3412.211829291715
1511630300560,INFO,EXPLORE_EVENT,100010110000000000000001000000000010000011000000000000000000,0.19307175807896146,3841.3268823015196
1511630300645,INFO,AGENT_EVENT,100010111000000000000001000000000010000011000000000000000000,0.1706800062353557,4972.176283167763
1511630303084,INFO,AGENT_EVENT,100010110000000000000001000000000010100011000000000000000000,0.19824487892107656,4129.5700095244765
1511630304280,INFO,CLICK_EVENT,000000000000000000000000000000000000000000000000000000000000,0,0
1511630305359,INFO,AGENT_EVENT,100010110000000000000001000000000010000010000000000000000000,0.14445264713053418,3575.1285098684957
1511630305554,INFO,CLICK_EVENT,100000110000000000000001000000000010000011000000000000000000,0.18213058109898225,2862.5189744531476
1511630307690,INFO,AGENT_EVENT,100010110000000000000101000000000010000011000000000000000000,0.17741766847065604,4533.681886691229
1511630309958,INFO,AGENT_EVENT,100010010000000000000001000000000010000011000000000000000000,0.18886206918960727,2883.3722577363865
1511630311064,INFO,CLICK_EVENT,000000000000000000000000000000000000000000000000000000000000,0,0
1511630313218,INFO,CLICK_EVENT,000000000000000000000000000000000000000000000000000000000000,0,0
1511630313560,INFO,AGENT_EVENT,100010110010000000000001000000000010000011000000000000000000,0.1646975993021852,4831.701589198908
1511630313854,INFO,CLICK_EVENT,100010110000000000000001000000000010100011000000000000000000,0.19824487892107656,4129.5700095244765
1511630316038,INFO,AGENT_EVENT,100010110000000000000001010000000010000011000000000000000000,0.19307175807896146,3914.8886314584097
1511630318592,INFO,AGENT_EVENT,100010110000000000000001000000001010000011000000000000000000,0.19373402622746277,5376.197315486796
1511630320909,INFO,AGENT_EVENT,100010110000000100000001000000000010000011000000000000000000,0.18028608610921532,4102.01976159701
1511630324169,INFO,CLICK_EVENT,000000000000000000000000000000000000000000000000000000000000,0,0
1511630326862,INFO,EXPLORE_EVENT,100010110000000000000001000000000010100011000000000000000000,0.19824487892107656,4129.5700095244765
1511630327166,INFO,AGENT_EVENT,100010110000000001000001000000000010100011000000000000000000,0.1966539245922041,4596.025274643416
1511630329999,INFO,AGENT_EVENT,100010110000000000000001000100000010100011000000000000000000,0.19314743233494608,4875.204398267251
1511630332697,INFO,AGENT_EVENT,100010110000000000000001000000000110100011000000000000000000,0.19189190806526907,5238.432094546732
1511630335443,INFO,CLICK_EVENT,100010010000000000000001000000000010000011000000000000000000,0.18886206918960727,2883.3722577363865
1511630336002,INFO,AGENT_EVENT,100010110001000000000001000000000010100011000000000000000000,0.16293261498159156,5005.838524422509
1511630338808,INFO,AGENT_EVENT,100010110000000000000001000000000010110011000000000000000000,0.22688224767107656,4188.828359320041
1511630341575,INFO,AGENT_EVENT,100010110000000001000001000000000010100011000000000000000000,0.1966539245922041,4596.025274643416
1511630345245,INFO,CLICK_EVENT,000000000000000000000000000000000000000000000000000000000000,0,0
1511630346173,INFO,CLICK_EVENT,100010110000000000000001000000000010110011000000000000000000,0.22688224767107656,4188.828359320041
1511630347680,INFO,EXPLORE_EVENT,100010110000000000000001000000000010000011000000000000000000,0.19307175807896146,3841.3268823015196
1511630348401,INFO,CLICK_EVENT,000000000000000000000000000000000000000000000000000000000000,0,0
1511630348468,INFO,EXPLORE_EVENT,100010010000000000000001000000000010000011000000000000000000,0.18886206918960727,2883.3722577363865
1511630349488,INFO,AGENT_EVENT,100110010000000000000001000000000010000011000000000000000000,0.1588043508920353,3780.985359677683
1511630351673,INFO,AGENT_EVENT,100010010000000010000001000000000010000011000000000000000000,0.185997996378262,3192.44893845729
1511630353787,INFO,AGENT_EVENT,100010010000000000000001000010000010000011000000000000000000,0.18886206918960727,3011.214287252451
1511630356102,INFO,AGENT_EVENT,100010010000000000000001000000000010001011000000000000000000,0.18688816022522975,3706.559813751209
1511630358441,INFO,AGENT_EVENT,100010010000000000000001000000000010010011000000000000000000,0.21800310043960727,2942.25774978995
1511630360949,INFO,CLICK_EVENT,100010010000000000000001000000000010010011000000000000000000,0.21800310043960727,2942.25774978995
1511630360949,INFO,AGENT_EVENT,100010010000000000000001000000000010000011000001000000000000,0.16301047302476787,3990.6315042190645
1511630362990,INFO,AGENT_EVENT,100010000000000000000001000000000010000011000000000000000000,0.1592295142896073,2686.8820358269213
1511630365174,INFO,AGENT_EVENT,100010010000000000100001000000000010000011000000000000000000,0.1845659599725894,3188.157979689702
1511630369105,INFO,AGENT_EVENT,000010010000000000000001000000000010010011000000000000000000,0.2011835335144741,2582.5334778258502
1511630369310,INFO,EXPLORE_EVENT,100010010000000000000001000000000010010011000000000000000000,0.21800310043960727,2942.25774978995
1511630371722,INFO,AGENT_EVENT,100010010000100000000001000000000010010011000000000000000000,0.21810837339490058,3578.266653227653
1511630373223,INFO,CLICK_EVENT,000000000000000000000000000000000000000000000000000000000000,0,0
1511630374472,INFO,AGENT_EVENT,100010010000000001000001000000000010010011000000000000000000,0.21641214611073484,3408.4592370500886
1511630376790,INFO,AGENT_EVENT,100010010000000000000001000000000010010010000000000000000000,0.16888032699118,2676.8882754648075
1511630379232,INFO,AGENT_EVENT,100010010000000000000001000000100010010011000000000000000000,0.2173288969284422,3720.6353082583228
1511630381738,INFO,AGENT_EVENT,100010010000000000000001000000000010010011000000000000001000,0.21904325785210726,3625.6275054184707
1511630383669,INFO,CLICK_EVENT,000000000000000000000000000000000000000000000000000000000000,0,0
1511630384407,INFO,AGENT_EVENT,100010010000000000000001000000000010110011000000000000000000,0.21853094151460728,3230.8737347549086
1511630386990,INFO,AGENT_EVENT,100010010100000000000001000000000010010011000000000000000000,0.1619016591511556,4304.237033721742
1511630389377,INFO,AGENT_EVENT,100010010000001000000001000000000010010011000000000000000000,0.20788996883420136,3435.1421628190237
1511630391785,INFO,AGENT_EVENT,100010010000000000000001000000010010010011000000000000000000,0.21670590466897963,3736.6909150994197
1511630394424,INFO,AGENT_EVENT,100010010000000000000001000000000010010011000000100000000000,0.22893719151460729,3373.814109923881
1511630396864,INFO,AGENT_EVENT,100010010000000000000001000000000010010010000000000000000000,0.16888032699118,2676.8882754648075
1511630397190,INFO,CLICK_EVENT,100010010000000000000001000000000010010011000000100000000000,0.22893719151460729,3373.814109923881
1511630399431,INFO,AGENT_EVENT,100010010000010000000001000000000010010011000000000000000000,0.2176764915111455,3062.0652262968088
1511630401541,INFO,AGENT_EVENT,100010010000000000000000000000000010010011000000000000000000,0.1991289107625,1939.929857432172
1511630406499,INFO,EXPLORE_EVENT,100010010000000000000001000000000010010011000000100000000000,0.22893719151460729,3373.814109923881
1511630406686,INFO,AGENT_EVENT,100010010000000000000011000000000010010011000000100000000000,0.22692152951408046,4291.692285774954
1511630408098,INFO,CLICK_EVENT,000000000000000000000000000000000000000000000000000000000000,0,0
1511630409610,INFO,AGENT_EVENT,100010010000000000000001000000000010010011000000100001000000,0.2362461121653356,3621.8560270329244
1511630412032,INFO,AGENT_EVENT,100010010000000000000001000000000000010011000000100000000000,0.21696378833960728,2775.748655002062
1511630414639,INFO,AGENT_EVENT,100010010000000000000001000010000010010011000000100000000000,0.22893719151460729,3501.656139439946
1511630417565,INFO,AGENT_EVENT,100010010000000000000001000000000011010011000000100000000000,0.23315426518039767,4594.069994072111
1511630419809,INFO,AGENT_EVENT,100010010000000000000000000000000010010011000000100000000000,0.21006300183749999,2371.486217566103
1511630422725,INFO,AGENT_EVENT,100010010000000000000001000000000010010011000000101000000000,0.2303408685749773,4228.6730293917435
1511630425463,INFO,AGENT_EVENT,100010010000000000000001000000000010010011001000100000000000,0.23049042238079964,4846.3224313977125
1511630428386,INFO,AGENT_EVENT,100010010000000000000001000000000010010011000000110000000000,0.2327604477646073,3440.1356454006873
1511630431011,INFO,AGENT_EVENT,100010010000000000000001000000000010010011000000100000000100,0.22517619944329842,4432.961386453716
1511630434042,INFO,AGENT_EVENT,100010010000000000000001000000000010010111000000100000000000,0.20046514863610637,4060.7715850966033
1511630437098,INFO,AGENT_EVENT,100010010000000000000001000000000010010011000000100000010000,0.22893719151460729,3550.7786234873984
1511630439844,INFO,AGENT_EVENT,100010010000000000000001000000000010010011000000100000100000,0.25165149151460725,3534.598566064539
1511630441899,INFO,CLICK_EVENT,100010010000000000000001000000000010010011000000100000100000,0.25165149151460725,3534.598566064539
1511630442543,INFO,AGENT_EVENT,100010010000000000000001000000010010010011000000100000000000,0.2276399957439796,4168.247275233351
1511630445595,INFO,AGENT_EVENT,100010010000000000000001000000000010010011000000101000000000,0.2303408685749773,4228.6730293917435
1511630448596,INFO,AGENT_EVENT,100010010000000000000001000000000010010011000001100000000000,0.1845516072751346,4529.828890287122
1511630453632,INFO,EXPLORE_EVENT,100010010000000000000001000000000010010011000000100000100000,0.25165149151460725,3534.598566064539
1511630453960,INFO,AGENT_EVENT,100010010000000000000001100000000010010011000000100000100000,0.25165149151460725,3835.668093417832
1511630456523,INFO,AGENT_EVENT,100010010000000000000000000000000010010011000000100000100000,0.2327773018375,2532.270673706761
1511630459476,INFO,AGENT_EVENT,100010011000000000000001000000000010010011000000100000100000,0.24267962401613963,5305.1312946857
1511630462170,INFO,AGENT_EVENT,100010010000000000000001000000000000010011000000100000100000,0.23967808833960727,2936.5331111427204
1511630464818,INFO,AGENT_EVENT,100010010000000000000001000000000000010011000000100000100000,0.23967808833960727,2936.5331111427204
1511630467882,INFO,AGENT_EVENT,100010010000000000000001000000000010010011000000100000110000,0.25165149151460725,3726.716353519948
1511630470573,INFO,CLICK_EVENT,000000000000000000000000000000000000000000000000000000000000,0,0
1511630470784,INFO,AGENT_EVENT,100010010000010000000001000000000010010011000000100000100000,0.2513248825861455,3654.406042571398
1511630473532,INFO,AGENT_EVENT,100010010000000000000001001000000010010011000000100000100000,0.24802845797531925,4484.007956688439
1511630476281,INFO,AGENT_EVENT,100010010000000000000001000000000000010011000000100000100000,0.23967808833960727,2936.5331111427204
1511630479277,INFO,AGENT_EVENT,100010010000000000010001000000000010010011000000100000100000,0.24635959539298258,3859.582574672623
1511630482816,INFO,AGENT_EVENT,101010010000000000000001000000000010010011000000100000100000,0.22858889481617603,4667.071203427308
1511630485393,INFO,AGENT_EVENT,100010010000000000000000000000000010010011000000100000100000,0.2327773018375,2532.270673706761
1511630488461,INFO,AGENT_EVENT,100010010000100000000001000000000010010011000000100000100000,0.2512289233949006,4170.607469502242
1511630491708,INFO,AGENT_EVENT,100010010000000010000001000000000010010011000000100000100000,0.248787418703262,3843.675246785442
1511630492504,INFO,CLICK_EVENT,100010010000000000000001000000000010010011000000100000100000,0.25165149151460725,3534.598566064539
1511630495152,INFO,AGENT_EVENT,100010010001000000000001000000000010010011000000100000100000,0.21931147236396983,5046.404832883244
1511630495351,INFO,CLICK_EVENT,000000000000000000000000000000000000000000000000000000000000,0,0
1511630497524,INFO,CLICK_EVENT,000000000000000000000000000000000000000000000000000000000000,0,0
1511630498135,INFO,AGENT_EVENT,100010010000000000000001000000000010010011001000100000100000,0.2532047223807996,5007.10688753837
1511630501293,INFO,AGENT_EVENT,100010010000000000000001000100000010010011000000100000100000,0.2470372546045216,4280.232954807313
1511630502363,INFO,CLICK_EVENT,100010010000000000000000000000000010010011000000100000100000,0.2327773018375,2532.270673706761
1511630504806,INFO,AGENT_EVENT,100010010000000000000001000000000010010011000000100010100000,0.25165149151460725,3735.3979567742463
1511630508078,INFO,AGENT_EVENT,100010010000000000000001000000000010010011000000100001100000,0.25896041216533555,3803.596966913121
1511630510733,INFO,CLICK_EVENT,000000000000000000000000000000000000000000000000000000000000,0,0
1511630511186,INFO,AGENT_EVENT,100010010000000000000001000000000010010011100000100000100000,0.2503116557403592,4254.869408301063
1511630513347,INFO,CLICK_EVENT,100010010000000000000000000000000010010011000000100000100000,0.2327773018375,2532.270673706761
1511630514838,INFO,AGENT_EVENT,100010010000000000000001000000000010010011000000100000100010,0.2523431237745426,4989.545572635804
1511630520142,INFO,EXPLORE_EVENT,100010010000000000000000000000000010010011000000100000100000,0.2327773018375,2532.270673706761
1511630520214,INFO,AGENT_EVENT,100010010000000000000000000000001010010011000000100000100000,0.23268919967900004,4067.141106892038
1511630522879,INFO,AGENT_EVENT,100010010000000000000000000000000010010011000000100000101000,0.233289618175,3156.713222923019
1511630525669,INFO,AGENT_EVENT,100010010000000000000001000000000010010011000000100000100000,0.25165149151460725,3534.598566064539
1511630528595,INFO,AGENT_EVENT,110010010000000000000000000000000010010011000000100000100000,0.2389385580875,2600.4516916300718
1511630530913,INFO,AGENT_EVENT,100010010000000000000000000000000010010010000000100000100000,0.1746955112125,2266.9011993816175
1511630533381,INFO,AGENT_EVENT,100010010000000000000000000000010010010011000000100000100000,0.23148010606687236,3326.7038390162306
1511630536097,INFO,AGENT_EVENT,100010010000000000000010000000000010010011000000100000100000,0.2372058036625,3100.662253692005
1511630539067,INFO,AGENT_EVENT,100010010000000000000000000000000010010011000000100000100001,0.22762747715719084,3892.2630928968883
1511630539354,INFO,CLICK_EVENT,110010010000000000000000000000000010010011000000100000100000,0.2389385580875,2600.4516916300718
1511630542090,INFO,AGENT_EVENT,100010010000000000000000000000000010010011000000100010100000,0.2327773018375,2733.0700644164685
1511630544716,INFO,AGENT_EVENT,100010010000000000000000000000000010010011000000100000100100,0.21000873157066996,3747.742696228969
1511630550920,INFO,EXPLORE_EVENT,110010010000000000000000000000000010010011000000100000100000,0.2389385580875,2600.4516916300718
1511630551102,INFO,AGENT_EVENT,110010010000000000000000000000001010010011000000100000100000,0.23885045592900006,4135.322124815349
1511630553948,INFO,AGENT_EVENT,110010010000000000000000000000000010010011000000100000000000,0.2162242580875,2439.667235489414
1511630557092,INFO,AGENT_EVENT,110010010000001000000000000000000010010011000000100000100000,0.2389385580875,3267.3220678751277
1511630560441,INFO,AGENT_EVENT,110010010000000000000000100000000010010011000000100000100000,0.2389385580875,2901.5212189833646
1511630563689,INFO,AGENT_EVENT,110010010000000000000000000000000010010011010000100000100000,0.2259213009842242,3337.1586448464714
1511630566502,INFO,AGENT_EVENT,110010000000000000000000000000000010010011000000100000100000,0.2140392800125,2423.72617583234
1511630570425,INFO,AGENT_EVENT,110010010000000000000000000000000010010011000000101000100000,0.2225689145128642,3609.0589665699167
1511630573506,INFO,AGENT_EVENT,110010010000000000100000000000000010010011000000100000100000,0.2389385580875,2858.9570641261535
1511630576312,INFO,AGENT_EVENT,110010010000000000000000000000000010010010000000100000100000,0.1808567674625,2335.0822173049287
1511630579456,INFO,AGENT_EVENT,110010010000000000000000000000000010010011000000100000100100,0.21616998782066996,3815.9237141522804
1511630582691,INFO,AGENT_EVENT,110010010000000000000100000000000010010011000000100000100000,0.2389385580875,3461.217698308653
1511630583775,INFO,CLICK_EVENT,100010010000000000000001000000000010010011000000100001100000,0.25896041216533555,3803.596966913121
1511630586166,INFO,AGENT_EVENT,110010010000000000000000000000001010010011000000100000100000,0.23885045592900006,4135.322124815349
1511630591035,INFO,CLICK_EVENT,000000000000000000000000000000000000000000000000000000000000,0,0
1511630592963,INFO,EXPLORE_EVENT,110010010000000000000001000000000010010011000000100000100000,0.2578127477646073,3602.77958398785
1511630595750,INFO,EXPLORE_EVENT,110010010000000000000001000000000010010011000000100001100000,0.2651216684153356,3871.7779848364316
1511630596087,INFO,AGENT_EVENT,110010010000000000000001000000000010010011000000100001110000,0.25292043830409827,4906.815410768842
1511630598348,INFO,CLICK_EVENT,110010010000000000000001000000000010010011000000100001100000,0.2651216684153356,3871.7779848364316
1511630600538,INFO,AGENT_EVENT,110010010000000000000001100000000010010011000000100001100000,0.2651216684153356,4172.8475121897245
1511630601780,INFO,CLICK_EVENT,000000000000000000000000000000000000000000000000000000000000,0,0
1511630604915,INFO,AGENT_EVENT,110010010000000000000001000000000011010011000000100001100000,0.26987864087178326,5092.033868984661
1511630609102,INFO,AGENT_EVENT,110010010000000000000001000001000010010011000000100001100000,0.27320968258675954,4803.140211299742
1511630612416,INFO,AGENT_EVENT,110010010000000000000001000000000010010011000000000001100000,0.24283042734033558,3508.534366786025
1511630616446,INFO,AGENT_EVENT,110010010000000000000001000000000010010011010000100001100000,0.2604548136772414,4584.316114848807
1511630616640,INFO,CLICK_EVENT,000000000000000000000000000000000000000000000000000000000000,0,0
1511630620299,INFO,AGENT_EVENT,110010010000000000000101000000000010010011000000100001100000,0.2506722425313018,4564.132989226141
1511630623956,INFO,CLICK_EVENT,110010010000000000000001000001000010010011000000100001100000,0.27320968258675954,4803.140211299742
1511630624315,INFO,AGENT_EVENT,110010010000000000000001000000100010010011000000100001100000,0.26444746490417054,4650.155543304804
1511630628527,INFO,AGENT_EVENT,110010010000000100000001000000000010010011000000100001100000,0.2535406601698611,4132.470864131923
1511630632637,INFO,AGENT_EVENT,110010110000000000000001000000000010010011000000100001100000,0.2532821814771391,4886.152770080082
1511630636554,INFO,AGENT_EVENT,110010010000000000001001000000000010010011000000100001100000,0.2616447347486482,4937.495694592215
1511630640812,INFO,AGENT_EVENT,110011010000000000000001000000000010010011000000100001100000,0.26067459421617006,5085.039402448794
1511630644495,INFO,AGENT_EVENT,110010010000000000000001000100000010010011000000100001100000,0.2605074315052499,4617.412373579205
1511630648017,INFO,AGENT_EVENT,110010010000000000000001000000000010010001000000100001100000,0.22047661904033555,3764.648827511737
1511630652250,INFO,AGENT_EVENT,110010010000000000000001100000000010010011000000100001100000,0.2651216684153356,4172.8475121897245
1511630656616,INFO,AGENT_EVENT,110010010000100000000001000000000010010011000000100001100000,0.26475656727266617,4507.786888274135
1511630660077,INFO,CLICK_EVENT,000000000000000000000000000000000000000000000000000000000000,0,0
1511630661065,INFO,AGENT_EVENT,110010010000000000000001000000000010010011000000100001000000,0.24240736841533558,3690.037044956236
1511630663236,INFO,CLEAR_SCREEN,110010010000000000000001000000000010010011000000100001100000,N/A,N/A
1511630742548,INFO,EXPLORE_EVENT,100000000000000000000000000000000000000000000000000000000000,0.021025948837500003,431.63363893128997
1511630744792,INFO,EXPLORE_EVENT,100000100000000000000000000000000000000000000000000000000000,0.049827398837499995,592.3408162745889
1511630746789,INFO,EXPLORE_EVENT,100000110000000000000000000000000000000000000000000000000000,0.07140455008749999,784.4586037299975
1511630748906,INFO,EXPLORE_EVENT,100010110000000000000000000000000000000000000000000000000000,0.06078726137512622,1763.2665115783693
1511630750519,INFO,EXPLORE_EVENT,100010110000000000000000000000000000000001000000000000000000,0.11836538950012622,2134.5325440455467
1511630753987,INFO,EXPLORE_EVENT,100010110000000000000000000000000000000001000000000000000000,0.11836538950012622,2134.5325440455467
1511630767256,INFO,EXPLORE_EVENT,100010110000000000000001000000000010010001000000001100001100,0.20605660908648404,6459.39555931388
1511630776179,INFO,EXPLORE_EVENT,100010110000000000000001000000000010010101000000001100001100,0.1747441712070343,7051.871845962116
1511630778584,INFO,CLICK_EVENT,100010110000000000000001000000000010010001000000001100001100,0.20605660908648404,6459.39555931388
1511630808634,INFO,CLEAR_SCREEN,000000000000000000000000000000000000000000000000000000000000,N/A,N/A
1511631052021,INFO,TREATMENT_2,000000000000000000000000000000000000000000000000000000000000,N/A,N/A
1511631052812,INFO,CLICK_EVENT,000000000000000000000000000000000000000000000000000000000000,0,0
1511631131683,INFO,AGENT_EVENT,001001001000000000100000000000010000000001000001000000000010,0.09361178424294403,4759.410239720783
1511631134705,INFO,AGENT_EVENT,000000010000000000001011000000100010000001111000000001000001,0.09288093350563642,5716.956171577937
1511631136175,INFO,AGENT_EVENT,100000000001000000000000000000000000000000000001100110010001,0.11113930964213525,3352.536750108763
1511631137307,INFO,AGENT_EVENT,010000000001000000000000010100000100000000001000000000110000,0.1397401438375,3086.5610832413486
1511631138825,INFO,CLICK_EVENT,000000000000000000000000000000000000000000000000000000000000,0,0
1511631138839,INFO,AGENT_EVENT,001011000000000001000000000000000001000010100000000000000000,0.12916773719731045,5371.3543055158025
1511631139476,INFO,CLICK_EVENT,010000000001000000000000010100000100000000001000000000110000,0.1397401438375,3086.5610832413486
1511631140748,INFO,AGENT_EVENT,000100001011010010010000001000100000000001000000000000000010,0.12161543156919374,6023.243943573114
1511631141653,INFO,AGENT_EVENT,000000000000000000000001000000000000000000001000000000001000,0.09215888592635313,1648.1867694399416
1511631142631,INFO,AGENT_EVENT,100000000000000000001000000001000000000000000000000000000000,0.05480285764622461,1930.7632834676047
1511631142705,INFO,CLICK_EVENT,100010010000000000000001000000000010000011000000000000000000,0.18886206918960727,2883.3722577363865
1511631143787,INFO,AGENT_EVENT,000000100000000000001000000000010000000000011000010000000001,0.12427585969267774,2549.0533174986645
1511631145083,INFO,AGENT_EVENT,100000010000000000100000000000000000000000001000000000001010,0.09930225536076953,2234.864499278763
1511631145329,INFO,CLICK_EVENT,010000000001000000000000010100000100000000001000000000110000,0.1397401438375,3086.5610832413486
1511631146829,INFO,AGENT_EVENT,000100001011010010010000001000101000000001000000000000000000,0.08607450012280515,7131.302765187117
1511631147545,INFO,AGENT_EVENT,000000000000000000000000000000100100000000000000000000000000,0.009610412913109045,1038.9592565732744
1511631148336,INFO,AGENT_EVENT,000000000000001000000000000010000000100000000000000000000000,0.0022939537499999663,1558.3493226552102
1511631149287,INFO,AGENT_EVENT,100000000000000000100000000000010000000001000000000000000000,0.06382104890535611,1875.851660054689
1511631150961,INFO,CLICK_EVENT,000000100000000000001000000000010000000000011000010000000001,0.12427585969267774,2549.0533174986645
1511631151193,INFO,AGENT_EVENT,100000010000000000001100000000100001000000010000010000100001,0.1705978187291045,2897.795694545274
1511631152203,INFO,AGENT_EVENT,100000000000000000000001000000000000000000001000000000001000,0.10662098342635318,1907.410796051137
1511631153443,INFO,AGENT_EVENT,010000000001000000100000010100000100000000001000000000000100,0.1402127669526796,3486.11471896892
1511631153786,INFO,CLICK_EVENT,100000010000000000001100000000100001000000010000010000100001,0.1705978187291045,2897.795694545274
1511631155446,INFO,AGENT_EVENT,000000110101000010010000010010000000000000000000000001001000,0.12251533955193261,5297.633860598598
1511631157108,INFO,AGENT_EVENT,000000100000100000101011000000000000000000000010100000000010,0.11833516777028641,3438.513560676621
1511631159017,INFO,AGENT_EVENT,100000010000000000001100000000100001000000010001010000100001,0.17577562185410456,3133.7729070442706
1511631160474,INFO,AGENT_EVENT,100000010000000000001100000000010001000110000000000000100000,0.14868710450208877,3805.6148127454267
1511631161644,INFO,AGENT_EVENT,010000000001010000000000010100000100000001000000000000000000,0.11475798483078159,3260.207988713474
1511631163166,INFO,AGENT_EVENT,100000010000000000110000000000000000010000000001000000001000,0.15997544693599974,1992.7068957181946
1511631163274,INFO,CLICK_EVENT,000000000000000000000000000000000000000000000000000000000000,0,0
1511631163684,INFO,CLICK_EVENT,100000010000000000001100000000100001000000010001010000100001,0.17577562185410456,3133.7729070442706
1511631164377,INFO,AGENT_EVENT,000001000000000001000000000000000101000000100000000000000000,0.07989462073309017,3346.849782695864
1511631164491,INFO,CLICK_EVENT,000000000000000000000000000000000000000000000000000000000000,0,0
1511631165808,INFO,AGENT_EVENT,100000010000000010110000000000000000010000000000000001000000,0.09383295895535615,2669.8637841424515
1511631166194,INFO,CLICK_EVENT,000000000000000000000000000000000000000000000000000000000000,0,0
1511631166757,INFO,AGENT_EVENT,100000010000000000000000000000100000100000000000000000000000,0.060057505712500014,1011.3882908125479
1511631166962,INFO,CLICK_EVENT,100000010000000000001100000000100001000000010001010000100001,0.17577562185410456,3133.7729070442706
1511631168189,INFO,AGENT_EVENT,100000010000000000100000000000010000000001000000000000001010,0.12763525792862562,2778.841606890546
1511631169879,INFO,AGENT_EVENT,100000010000000000001100000000100001010000011000010000000001,0.16708777515410456,3489.4815224241734
1511631171690,INFO,CLICK_EVENT,000000000000000000000000000000000000000000000000000000000000,0,0
1511631171949,INFO,AGENT_EVENT,100000010100000000001100000000100001000000010001010000000000,0.16168775401877766,3162.142002764058
1511631173454,INFO,AGENT_EVENT,000000010001000010000000001000000001000000010001110000000000,0.13235979062500003,2823.3926785979274
1511631175030,INFO,AGENT_EVENT,100000010000000000100000000000010000000001000001110001000000,0.11674721774924679,3986.466318898098
1511631176431,INFO,AGENT_EVENT,010100100000000000110000000000000000000000000001000000001000,0.14371316477270568,3339.818203930442
1511631177939,INFO,CLICK_EVENT,100010010000000000000001000000010010010011000000100000000000,0.2276399957439796,4168.247275233351
1511631178027,INFO,AGENT_EVENT,100000010000000000110000000000000000010000000001000000000011,0.14298456522187508,1829.216753341306
1511631179491,INFO,AGENT_EVENT,100000010000000000110000000100010000000001000000000000000000,0.09383295895535615,2829.267598126479
1511631180866,INFO,AGENT_EVENT,010000000001010010000000000000010001000110000000000000100000,0.13518789718065938,4468.01538317454
1511631182685,INFO,AGENT_EVENT,100000010000000000001100010000100001000000010000010000100001,0.1705978187291045,3089.639921573442
1511631184598,INFO,AGENT_EVENT,100000010010000000001100000000100001000000010001100000000000,0.14719849214961445,2778.9907254780856
1511631185588,INFO,AGENT_EVENT,100000000000000000001000001000000000000000000000000000000000,0.02283967138017773,1606.455682304526
1511631186888,INFO,AGENT_EVENT,100000010000000000000000000000100000101000000000000000001000,0.09974380362349977,2226.67503078006
1511631188237,INFO,AGENT_EVENT,000000000000000001110000000000000000000000000001000000001000,0.12752918869019148,2790.6148810845925
1511631189820,INFO,CLICK_EVENT,000000000000000000000000000000000000000000000000000000000000,0,0
1511631190434,INFO,AGENT_EVENT,100000011000000000001100000000100001000000010000010000001000,0.172877903742771,3812.6038923648784
1511631191259,INFO,CLICK_EVENT,100000010000000000001100000000100001000000010001010000100001,0.17577562185410456,3133.7729070442706
1511631192342,INFO,AGENT_EVENT,100000010010000000001100000010100001000000010001100000000000,0.1505341531979295,4350.630618230177
1511631193421,INFO,AGENT_EVENT,000100000000000000100000000000010000000001000000000000000010,0.07236300846485155,2693.945959325008
1511631194765,INFO,AGENT_EVENT,000000100000000000100000000000100000101000000000000000101000,0.07264176206229578,3252.27239713357
1511631196240,INFO,AGENT_EVENT,100000010000000010110000000000000000010000000000000001000010,0.10066484277160836,2875.106822982384
1511631196785,INFO,CLICK_EVENT,000000000000000000000000000000000000000000000000000000000000,0,0
1511631198016,INFO,AGENT_EVENT,000000100100000000101011000000000000000000010000010000100001,0.15320378777442767,4098.757304381774
1511631198315,INFO,CLICK_EVENT,100000010000000000001100000000100001000000010001010000100001,0.17577562185410456,3133.7729070442706
1511631198829,INFO,CLICK_EVENT,100000010000000000001100000000100001000000010001010000100001,0.17577562185410456,3133.7729070442706
1511631198976,INFO,AGENT_EVENT,000100000000000000100000000000000000000000001000000000001000,0.06272671866397361,2579.657366523137
1511631200110,INFO,AGENT_EVENT,000000000000000000000100000000000000000000000000010001000010,0.07643884994913286,1950.35497045672
1511631202028,INFO,AGENT_EVENT,100000010000000000001100000000100001000000010000010000100011,0.1846170509594257,3740.871438194207
1511631202997,INFO,AGENT_EVENT,100000010000000000001000000000000000000000000000000000000000,0.042188096529785946,1001.8282981413311
1511631204639,INFO,AGENT_EVENT,100000010000000000001100000000100001000000001000000000001000,0.190383867462951,3242.1295011998363
1511631205964,INFO,AGENT_EVENT,000000000000000000110000000000000000010000000001000010000011,0.11865309958535941,2786.4898825415116
1511631206908,INFO,AGENT_EVENT,000000000000000000000000000010000010100000011000010000000001,0.08949294562499999,2344.593209139178
1511631207743,INFO,AGENT_EVENT,000000000000000000000000000000100000000100000000000000000001,0.07860407696250005,1593.1047945623752
1511631208765,INFO,CLICK_EVENT,100000010000000000001100000000100001000000001000000000001000,0.190383867462951,3242.1295011998363
1511631209806,INFO,AGENT_EVENT,100000010000000100001100000000100001000000010000010000100011,0.1737931010182644,4408.257440365158
1511631211020,INFO,AGENT_EVENT,000000000100000000001000000000001000000000000000000000001000,0.11122843726797638,2425.647269929718
1511631212698,INFO,AGENT_EVENT,000000100000000010001100000000100001000000010000010000100001,0.14399817585357322,3951.047055904727
1511631213745,INFO,AGENT_EVENT,000000000000000000001000000000010000000000001000010000000001,0.09360831210517773,1998.4859155838094
1511631215507,INFO,AGENT_EVENT,000000000100000000000000000000010000000001000000000000001110,0.0967610359591512,2694.5492995939776
1511631216991,INFO,AGENT_EVENT,100010010000000000110000000000010000000000001000010000000001,0.15006620006176052,3411.256086549856
1511631218066,INFO,AGENT_EVENT,100000010100000000000000000000100000100000000000000000000000,0.07947816274586406,1554.4584430730129
1511631219201,INFO,AGENT_EVENT,000000000100000000001000000000001000000001000000000000000000,0.0768429468392775,2802.5225298976
1511631220264,INFO,AGENT_EVENT,000000000000000000000000000000100000000000010000010000001001,0.08555649359046047,1984.5581685303955
1511631221871,INFO,AGENT_EVENT,100000010000000000001000000000010000000000011000010000010001,0.1491782834547859,2513.2015491900866
1511631224041,INFO,AGENT_EVENT,100000010000000000001100000000100001010000011000010000110001,0.19218413435410453,3829.818746542862
1511631224965,INFO,AGENT_EVENT,100000000000000000000001000000000000000000000000000000000010,0.08694014383437498,836.6281155434451
1511631225866,INFO,AGENT_EVENT,100000000000000010000001000000000000000000000000000000000000,0.06860616312500001,1167.9548141476282
1511631226816,INFO,AGENT_EVENT,100000000000000000000001000000000000000000000000000010000000,0.083591590825,1223.3767577552703
1511631228554,INFO,AGENT_EVENT,000000100000000000101011010000000000010000000001000000000011,0.1341658976820248,3753.2787210496936
1511631228949,INFO,CLICK_EVENT,000000000000000000000000000000000000000000000000000000000000,0,0
1511631229606,INFO,AGENT_EVENT,000000001000000000000001000000000000000000000000000000000010,0.08056517227700022,1246.6154534308807
1511631231554,INFO,AGENT_EVENT,100000010000000000001100000000100001000000000001010000100001,0.17577562185410456,3075.345534777496
1511631233535,INFO,AGENT_EVENT,110000010000000000001100000000100001000000010000010000100001,0.17158194555410455,3072.901119126069
1511631234870,INFO,AGENT_EVENT,000000000000000000001000100000010000000000001000010000000001,0.09360831210517773,2162.9642537432883
1511631236300,INFO,AGENT_EVENT,000000000100000000001000000000001000000001000000000000001000,0.13130367427966616,3443.679695718042
1511631237335,INFO,AGENT_EVENT,000000000000000000000001000000000000000000001000010000001000,0.09809963850086445,1937.332021530058
1511631238758,INFO,AGENT_EVENT,000000100000000000100000000000000000001000000001000000001000,0.13012144092635314,2450.057191856397
1511631239733,INFO,CLICK_EVENT,000000000000000000000000000000000000000000000000000000000000,0,0
1511631240189,INFO,CLICK_EVENT,100000010000000000001100000000100001010000011000010000110001,0.19218413435410453,3829.818746542862
1511631240681,INFO,AGENT_EVENT,100000010000000000001100000000100000010000011000010000010001,0.18658266577910454,3307.645296544896
1511631241961,INFO,AGENT_EVENT,101000010000000000001100000000100000000000000000000000000000,0.09211195197377908,2282.568420067615
1511631243550,INFO,CLICK_EVENT,000000000000000000000000000000000000000000000000000000000000,0,0
1511631243959,INFO,AGENT_EVENT,000000010100000000001100010000100001000000010001010000000000,0.16051038657665218,3045.7370317731575
1511631245849,INFO,AGENT_EVENT,100000011000000000001100000000100001000000010000010000000001,0.16331900319967996,3374.3399073725154
1511631247005,INFO,AGENT_EVENT,000000000000000000000000010000100001000000110001010000000000,0.11040525563750003,1833.140920430867
1511631249173,INFO,AGENT_EVENT,100010010000000000001100000000100001000000010000010000100000,0.16762077752738969,3913.477627494094
1511631251500,INFO,AGENT_EVENT,100000010000000000001101000000100001010000011000010000000000,0.16492244748961715,3728.0325142722036
1511631253378,INFO,AGENT_EVENT,100000010000000000001100000000100001000000001000000000000000,0.142445189985415,2600.972335379395
1511631254343,INFO,AGENT_EVENT,100001000000000000000001000000000000000000000000000000000000,0.08936775531691643,1682.3536783753677
1511631255859,INFO,AGENT_EVENT,100000010000000000001100000000100001000000001000100000000000,0.142445189985415,2851.791644622166
1511631258666,INFO,AGENT_EVENT,100000010010100000001100000000100001000000010001100000000000,0.14419910035157701,3069.7938544380468
1511631260439,INFO,AGENT_EVENT,110000010000000000000100000000100000000000000000000000001000,0.15898266692088836,2025.0259082888629
1511631261437,INFO,AGENT_EVENT,000000000000000000000000000000000000001000000001000100001000,0.07099919479558325,2171.84481375357
1511631263761,INFO,AGENT_EVENT,100000000000000000001100000000100001000000010000010100100001,0.1368006124257518,4053.322038194031
1511631265025,INFO,AGENT_EVENT,100000010000000000001000000000000000000001000000000000000000,0.07667842697497196,2019.8607239296548
1511631265231,INFO,CLICK_EVENT,100000010000000000001100000000100001010000011000010000110001,0.19218413435410453,3829.818746542862
1511631266786,INFO,AGENT_EVENT,100000010000000000001100000000100001000000001000010000001000,0.18694928671208322,3531.274753289953
1511631268631,INFO,AGENT_EVENT,110000010000000000000100000000100000010000011000010000110001,0.20445820755560828,3282.56100056437
1511631270310,INFO,AGENT_EVENT,100100010100000000110000000000000000010000000001000000001000,0.15138087537969502,3204.0605732428826
1511631271311,INFO,CLICK_EVENT,110000010000000000000100000000100000010000011000010000110001,0.20445820755560828,3282.5610005643694
1511631271345,INFO,AGENT_EVENT,000000000000000000001001000000000000000000000000000000000010,0.06352304743443327,1364.1983756634581
1511631273251,INFO,AGENT_EVENT,100000010000000000000100000000100000010001011000010000110001,0.2118483473716437,3917.684254572631
1511631275356,INFO,AGENT_EVENT,100000010000000000001100000000100001000000000001010001100001,0.16904611209262632,4521.809707327627
1511631285777,INFO,AGENT_EVENT,010000100000000000110100000000100000010000011000010010110001,0.16556978667023003,5722.532805501528
1511631287504,INFO,CLICK_EVENT,100000010000000000000100000000100000010001011000010000110001,0.2118483473716437,3917.684254572631
1511631287935,INFO,AGENT_EVENT,100000010000000010001100000000100001010000011000010000110000,0.18709263327644776,4548.482767202884
1511631289004,INFO,AGENT_EVENT,010000100000000000001000000001000000000000000000000000000000,0.09301332707135779,2280.060130553858
1511631290102,INFO,AGENT_EVENT,100000010000000000000000000000000000100000000000010000001000,0.07842245382175528,1513.7188430620358
1511631292266,INFO,AGENT_EVENT,100000010100000000001100000000100001000000110001010000000000,0.1622155950937776,3442.7138502372804
1511631293978,INFO,AGENT_EVENT,100100010000000000001100010000100001000000010001010000000000,0.14268732974718856,3761.730991946567
1511631294845,INFO,AGENT_EVENT,000000000100000000000000000010000000100000000000000000000000,0.050684089697410006,1323.38793039228
1511631296079,INFO,AGENT_EVENT,100000010000000000110000001000000000000000000000000010000000,0.08127624389999999,2106.732413670492
1511631297143,INFO,AGENT_EVENT,100000000000001000000001000000000000000000001000000000001000,0.10941859967635315,2501.4411493499815
1511631299010,INFO,AGENT_EVENT,110000010000000000000100100000100000010000011000010000110001,0.20445820755560828,3442.048296882471
1511631300697,INFO,AGENT_EVENT,100000010000000000001100010000100001000000000000010000001000,0.18694928671208322,3082.0248146203407
1511631302249,INFO,AGENT_EVENT,100000010000000010001100000000100000000000000000000000001000,0.1355963530555402,3281.320281360384
1511631304083,INFO,AGENT_EVENT,110000010000000000000100000000101001010000011000010000110000,0.18341901966367158,4353.221081632686
1511631306114,INFO,AGENT_EVENT,000000010100000000001100010000110001000000010001010000000000,0.16051038657665218,3112.2622094191374
1511631307771,INFO,AGENT_EVENT,000000000000100000000001000000100001000000010001010000100001,0.12992241126250004,2402.8483963658855
1511631308807,INFO,AGENT_EVENT,100000010000000000001000000000000000000000000000001000000000,0.04448205027978591,1670.953246535848
1511631310534,INFO,AGENT_EVENT,100000010000000000001100000000100001000000010000010010100000,0.17240538547597528,4025.6406499230825
1511631311845,INFO,AGENT_EVENT,100000010000000000110000000000000000010000000000000000001000,0.10239731881099967,1730.322809304239
1511631313321,INFO,AGENT_EVENT,000000000000000000000001000000100000010000011000010000110001,0.14436282688750002,2663.6140356623036
1511631314436,INFO,AGENT_EVENT,100000010000000000010001000000000000000000000000000000000000,0.09846237070225006,762.9178037859485
1511631315902,INFO,AGENT_EVENT,000010000000000000001100000000100001000000001000000000001000,0.15523349496295102,3539.5175559264144
1511631317422,INFO,AGENT_EVENT,100000010001000000000100000000100000010001011000000000000000,0.1698637182183761,3315.838172922445
1511631318913,INFO,AGENT_EVENT,100000010000000000000100000000100001000000000000010000100001,0.18397919010560826,2256.419485192847
1511631319920,INFO,AGENT_EVENT,100000000000000000000001000000001000000000000000000000001000,0.10662098342635318,1933.1870065984122
1511631321081,INFO,AGENT_EVENT,000000000100000000000001000000000000000000000001000000001000,0.13935330407475455,1797.339153908307
1511631322395,INFO,AGENT_EVENT,100000000000000000000001000000000000000000010000010000110001,0.15519213581250002,1658.6773681758966
1511631323320,INFO,AGENT_EVENT,100000010000000000000000000000100100000000000000000000000000,0.048292467641793624,1371.5761902159745
1511631324908,INFO,AGENT_EVENT,110000010000000000000100000000100000010000010000010000000011,0.18895789314581624,2866.229928376225
1511631325752,INFO,AGENT_EVENT,000000000000000000000100000000000000000000000000010000000000,0.06989354888488863,707.2197366883647
1511631326697,INFO,AGENT_EVENT,100000000000000000000001000000100000000000000000000010000000,0.10461753966249998,1651.1147786346064
1511631328357,INFO,AGENT_EVENT,110000010000100000000100000000100001000000000000010000001000,0.198904481979981,2887.3942894500665
1511631329410,INFO,AGENT_EVENT,000010000000000000000100000000000000000000010001010000000000,0.12267027889310833,1766.6283404949668
1511631330578,INFO,AGENT_EVENT,100010000000000000000100000000000000100000010001010000000000,0.13618820109066931,2744.8447781412024
1511631332335,INFO,AGENT_EVENT,100000010000000000110000000000100001000000000000010000001010,0.16123874333735633,2642.4883813339293
1511631334074,INFO,AGENT_EVENT,100000010000000000000100100000101000010000011000010000110001,0.20347408073060835,4247.259431320226
1511631335841,INFO,AGENT_EVENT,100000010000000000110000000000000001000000000101010000100001,0.15892037246250001,2828.2153353052254
1511631337351,INFO,AGENT_EVENT,100000010000000100110000000000000001000000001000000000001000,0.14120117580943536,3592.476078179806
1511631339013,INFO,AGENT_EVENT,110000010000000000000010010000100001000000110001010000000000,0.14943676241250003,2652.1728465535393
1511631340988,INFO,AGENT_EVENT,100000010000000000010001000000000000010001011000010000110001,0.18091876216490044,3479.9409592740158
1511631342373,INFO,AGENT_EVENT,110000010000000000000100000000000000000000000000010010000010,0.1281682927729959,2542.1552469215544
1511631343294,INFO,AGENT_EVENT,000000000000001000000001000000000000000000000000000000001000,0.09495650217635321,1601.122957041006
1511631344641,INFO,AGENT_EVENT,000010000000000000000100000000100000010000010010010000000011,0.15139951484142933,3099.5031918771624
1511631345833,INFO,AGENT_EVENT,100000110000000000010001000000000000000000000000000000000000,0.1335361370125,1093.9353922227408
1511631346771,INFO,AGENT_EVENT,000000000000000000000001000000000010000000001000000000001000,0.09215888592635313,1898.4700476148544
1511631347779,INFO,AGENT_EVENT,000000000000001000000001000000000000000000000000010000001000,0.1025449083331259,1890.2682091311226
1511631348969,INFO,AGENT_EVENT,010000100000000000110000000000000010000000000000000000001000,0.10939408863599975,1997.83921330354
1511631351303,INFO,AGENT_EVENT,100000010000000000001100000001100001010000011000010000110001,0.20660543712283297,5251.341387226264
1511631352835,INFO,AGENT_EVENT,100000010000000000001100000000100001000000000000010000100000,0.1685063937291046,2497.702574714521
1511631354388,INFO,AGENT_EVENT,100000010010000000110000000000000000010000000001000000001000,0.16282820039760515,2160.734583204564
1511631355743,INFO,AGENT_EVENT,010000100000000000110000000000000000000000000000000000001100,0.11169989544191083,1990.0528996055345
1511631357367,INFO,AGENT_EVENT,100000010000000000000100000000101001000000000001000000000011,0.17485392587536042,3334.1430302908793
1511631359053,INFO,AGENT_EVENT,110000010000000000001000000000100001000000010000010000100001,0.15443886081728597,2816.6162574750165
1511631360549,INFO,AGENT_EVENT,110000010000000000000100000000100000000000000001001000001000,0.20244514895869026,3430.2728244151035
1511631361462,INFO,AGENT_EVENT,100000000000000000000001000000000000000000000010010000000000,0.09494411697500005,1095.2313562446575
1511631363128,INFO,AGENT_EVENT,000000000000100000000001000000100001010000010001010000100001,0.12992241126250004,2557.6882346986395
1511631364313,INFO,AGENT_EVENT,110000010000000000000100010000000000000000000000010000000000,0.10778841190988864,1483.0510088644053
1511631365848,INFO,AGENT_EVENT,000000000000000000001100000000100001000010010000010000100001,0.14775969080544427,3072.5176184129496
1511631367071,INFO,AGENT_EVENT,110000010000000000000100010000001000000000000000010000000000,0.10778841190988864,2196.78398936533
1511631367862,INFO,AGENT_EVENT,000000000000000000000001000100000000000000000000000000000000,0.05414406562499996,1226.701444600301
1511631368524,INFO,CLICK_EVENT,000000000000000000000000000000000000000000000000000000000000,0,0
1511631368949,INFO,CLEAR_SCREEN,000000000000000000000000000000000000000000000000000000000000,N/A,N/A
1511631414572,INFO,EXPLORE_EVENT,100000000000000000000000000000000000000000000000000000000000,0.0144620975,259.2800180585232
1511631420212,INFO,EXPLORE_EVENT,100000000000000000000000000000000000000000000000110100100000,0.03685240585074327,2193.8703787721556
1511631432986,INFO,EXPLORE_EVENT,100000000000001000000000000000000010000001011100110100100000,0.05199873694012068,4927.00553750801
1511631436741,INFO,EXPLORE_EVENT,100000000000001000000000000000000011000001011100110100100000,0.10341797634949107,5200.096224043899
1511631442215,INFO,EXPLORE_EVENT,110000000000001010000000000000000011000001011100110100100000,0.12708647532729794,6940.018556679693
1511631459858,INFO,CLICK_EVENT,110000000000001010000000000000000011000001011100110100100000,0.12708647532729794,6940.018556679693
1511631483305,INFO,CLEAR_SCREEN,000000000000001000000000110000000010000001011100110100100000,N/A,N/A