1511381825849,INFO,DEMO_TREATMENT,000000000000000000000000000000000000000000000000000000000000,N/A,N/A
1511381836430,INFO,EXPLORE_EVENT,000000000000000000000000000000000000100000000000000000000000,0.05068408969741005,448.4685696012415
1511381857779,INFO,EXPLORE_EVENT,000000000000000000000000000000000000100000000000010000000000,0.05182073344741005,702.1286102138524
1511381861762,INFO,EXPLORE_EVENT,000000000000000000000000001000000000100000000000010000000000,0.10090262752340134,1073.39464268103
1511381871476,INFO,EXPLORE_EVENT,000000010010000000001000001000000000100000000000010000000000,0.12206528262438522,2781.4064390842373
1511381883971,INFO,CLICK_EVENT,000000010010000000001000001000000000100000000000010000000000,0.12206528262438522,2781.4064390842373
1511381894714,INFO,CLICK_EVENT,000000000000000000000000000000000000100000000000010000000000,0.05182073344741005,702.1286102138524
1511381933093,INFO,EXPLORE_EVENT,000000010010000000001000001000000000100000000000000000000000,0.11994451204938522,2527.6861922359744
1511381940202,INFO,CLICK_EVENT,000000010010000000001000001000000000100000000000010000000000,0.12206528262438522,2781.4064390842373
1511381942373,INFO,CLICK_EVENT,000000010010000000001000001000000000100000000000000000000000,0.11994451204938522,2527.6861922359744
1511381957377,INFO,CLICK_EVENT,000000000000000000000000000000000000100000000000010000000000,0.05182073344741005,702.1286102138524
1511382026328,INFO,EXPLORE_EVENT,000000010010000000001000000000000000000000000000000000000000,0.034490330445186075,1708.011796403207
1511382028805,INFO,EXPLORE_EVENT,000000000010000000001000000000000000000000000000000000000000,0.034490330445186075,1185.0712733095627
1511382030615,INFO,EXPLORE_EVENT,000000000010000000000000000000000000000000000000000000000000,0.0,167.03576183362094
1511382032429,INFO,EXPLORE_EVENT,000000000000000000000000000000000000000000000000000000000000,0.0,0.0
1511382037635,INFO,CLEAR_SCREEN,000000000000000000000000000000000000000000000000000000000000,N/A,N/A
1511382043594,INFO,CLICK_EVENT,000000000000000000000000000000000000000000000000000000000000,0,0
1511382061619,INFO,TREATMENT_1,000000000000000000000000000000000000000000000000000000000000,N/A,N/A
1511382073839,INFO,EXPLORE_EVENT,100000000000000000000000000000000000000000000000000000000000,0.0144620975,259.2800180585232
1511382078265,INFO,EXPLORE_EVENT,110000000000000000000000000000000000000000000000000000000000,0.048161050000000004,443.7246496547539
1511382081372,INFO,EXPLORE_EVENT,111000000000000000000000000000000000000000000000000000000000,0.038236676283312516,1871.8188203037812
1511382087419,INFO,EXPLORE_EVENT,110000000000000000000000000000000000000000000000000000000000,0.048161050000000004,443.7246496547539
1511382094729,INFO,EXPLORE_EVENT,110100000000000000000000000000000000000000000000000000000000,0.010893975930124344,1489.904820472551
1511382099062,INFO,EXPLORE_EVENT,110000000000000000000000000000000000000000000000000000000000,0.048161050000000004,443.7246496547539
1511382101892,INFO,EXPLORE_EVENT,110010000000000000000000000000000000000000000000000000000000,0.03248068009560907,1778.5481984148691
1511382104692,INFO,EXPLORE_EVENT,110000000000000000000000000000000000000000000000000000000000,0.048161050000000004,443.7246496547539
1511382105990,INFO,EXPLORE_EVENT,110000000000000010000000000000000000000000000000000000000000,0.05215720135,1073.7296380240323
1511382108061,INFO,EXPLORE_EVENT,110000000000000010000000000000000000000000000000000000000000,0.05215720135,1073.7296380240323
1511382110700,INFO,EXPLORE_EVENT,110000000000000010000000000000000000000000000000000000000000,0.05215720135,1073.7296380240323
1511382113779,INFO,EXPLORE_EVENT,110000000000000110000000000000000000000000000000000000000000,0.054464021099758085,2286.2790893297424
1511382118422,INFO,EXPLORE_EVENT,110000000000001110000000000000000000000000000000000000000000,0.054921505056309064,3411.1865251054496
1511382126398,INFO,EXPLORE_EVENT,110001110000001110000000000000000000000000000000000000000000,0.0591968771479301,5372.1294328902295
1511382133639,INFO,EXPLORE_EVENT,110000000000001110000000000001110000000000000000000000000000,0.09198933340743934,5171.361347745684
1511382148825,INFO,EXPLORE_EVENT,100000000000010000000000001001110000000100000000000010000000,0.0864018577358696,4754.522558537669
1511382153791,INFO,EXPLORE_EVENT,100000000000010000000000001000000000000100000000000010000000,0.054522232600000005,2598.2673633043323
1511382168723,INFO,EXPLORE_EVENT,100000000000010000000000001000000000000100000000000000000000,0.03756855125,2000.050070081978
1511382170049,INFO,EXPLORE_EVENT,100000000000010000000000001000000000000000000000000000000000,0.03756855125,1205.949328866117
1511382171595,INFO,EXPLORE_EVENT,100000000000010000000000000000000000000000000000000000000000,0.0368039,528.0350401958026
1511382173041,INFO,EXPLORE_EVENT,100000000000000000000000000000000000000000000000000000000000,0.0144620975,259.2800180585232
1511382177135,INFO,EXPLORE_EVENT,000000000000100000000000000000000000000000000000000000000000,0.0144620975,259.2800180585232
1511382182350,INFO,EXPLORE_EVENT,000000000000000000000000100000000000000000000000000000000000,0.0,258.5627292295798
1511382185106,INFO,EXPLORE_EVENT,000000000000000000000000000000000000100000000000000000000000,0.0,250.8605824203334
1511382187572,INFO,EXPLORE_EVENT,000000000000000000000000000000000000000000000000100000000000,0.0144620975,250.88035225693346
1511382195304,INFO,EXPLORE_EVENT,100000000000000000000000000000000000000000000000000000000000,0.0144620975,259.2800180585232
1511382198020,INFO,EXPLORE_EVENT,000000000000000000000000000000000000000000000000000000000000,0.0,0.0
1511382200392,INFO,EXPLORE_EVENT,010000000000000000000000000000000000000000000000000000000000,0.02544675,268.75502213727935
1511382203162,INFO,EXPLORE_EVENT,000000000000010000000000000000000000000000000000000000000000,0.02544675,268.75502213727935
1511382207043,INFO,EXPLORE_EVENT,000000000000000000000000010000000000000000000000000000000000,0.0,267.90279362473655
1511382208886,INFO,EXPLORE_EVENT,000000000000000000000000000000000000010000000000000000000000,0.0,258.7277567620171
1511382211400,INFO,EXPLORE_EVENT,000000000000000000000000000000000000000000000000010000000000,0.02944290135,258.7511670871233
1511382225894,INFO,EXPLORE_EVENT,100000000000000000000000000000000000000000000000010000000000,0.040800051350000005,518.0311851456465
1511382228586,INFO,EXPLORE_EVENT,000000000000100000000000000000000000000000000000010000000000,0.040800051350000005,518.0311851456465
1511382232223,INFO,EXPLORE_EVENT,100000000000000000000000000000000000000000000000010000000000,0.040800051350000005,518.0311851456465
1511382238106,INFO,EXPLORE_EVENT,101000000000000000000000000000000000000000000000010000000000,0.052921852600000006,1121.7462790109453
1511382241513,INFO,EXPLORE_EVENT,100000000000001000000000000000000000000000000000010000000000,0.0415647026,1201.2880592126303
1511382243744,INFO,EXPLORE_EVENT,100000000000000000000000001000000000000000000000010000000000,0.0415647026,1195.9385947788096
1511382246226,INFO,EXPLORE_EVENT,100000000000000000000000000000000000001000000000010000000000,0.0415647026,1186.9038808022942
1511382248731,INFO,EXPLORE_EVENT,100000000000000000000000000000000000000000000000011000000000,0.0415647026,1093.2682746173843
1511382251687,INFO,EXPLORE_EVENT,101000000000000000000000000000000000000000000000010000000000,0.052921852600000006,1121.7462790109453
1511382261286,INFO,EXPLORE_EVENT,101100000000000000000000000000000000000000000000010000000000,0.0365321345722568,2498.5646656687823
1511382264209,INFO,EXPLORE_EVENT,101000000000000100000000000000000000000000000000010000000000,0.05495475143308792,1987.5959538819302
1511382266578,INFO,EXPLORE_EVENT,101000000000000000000000000100000000000000000000010000000000,0.052921852600000006,1982.512285689526
1511382269152,INFO,EXPLORE_EVENT,101000000000000000000000000000000000000100000000010000000000,0.052921852600000006,1915.8470202268063
1511382271203,INFO,EXPLORE_EVENT,101000000000000000000000000000000000000000000000010100000000,0.037311634266979844,1947.3438880954318
1511382275037,INFO,EXPLORE_EVENT,101000000000000000000000000000000000000100000000010000000000,0.052921852600000006,1915.8470202268063
1511382276588,INFO,EXPLORE_EVENT,101000000000000000000000000000000000000000000000010000000000,0.052921852600000006,1121.7462790109453
1511382280888,INFO,EXPLORE_EVENT,101010000000000000000000000000000000000000000000010000000000,0.0499320464301238,2796.012293150218
1511382283298,INFO,EXPLORE_EVENT,101000000000000010000000000000000000000000000000010000000000,0.05489010625,1751.7512673802235
1511382286043,INFO,EXPLORE_EVENT,101000000000000000000000000010000000000000000000010000000000,0.05489010625,1745.9263545288568
1511382288484,INFO,EXPLORE_EVENT,101000000000000000000000000000000000000010000000010000000000,0.06587938260000001,1719.8117339327641
1511382291785,INFO,EXPLORE_EVENT,101000000000000000000000000000000000000000000000010010000000,0.060441047206572146,2255.9071103169795
1511382294445,INFO,EXPLORE_EVENT,101000000000000000000000000000000000000010000000010000000000,0.06587938260000001,1719.8117339327641
1511382298350,INFO,EXPLORE_EVENT,101001000000000000000000000000000000000010000000010000000000,0.0819290602137396,3250.567679824081
1511382301013,INFO,EXPLORE_EVENT,101000000000000001000000000000000000000010000000010000000000,0.09663103701677514,2729.116280614781
1511382303980,INFO,EXPLORE_EVENT,101000000000000000000000000001000000000010000000010000000000,0.10013652261604683,2722.1396262905428
1511382306606,INFO,EXPLORE_EVENT,101000000000000000000000000000000000000011000000010000000000,0.08600567525353953,3036.8070035653705
1511382309332,INFO,EXPLORE_EVENT,101000000000000000000000000000000000000010000000010001000000,0.08044716228525588,2760.7871249512373
1511382312229,INFO,EXPLORE_EVENT,101000000000000001000000000000000000000010000000010000000000,0.09663103701677514,2729.116280614781
1511382320215,INFO,EXPLORE_EVENT,101000100000000001000000000000000000000010000000010000000000,0.1233445376044083,3082.8476440675977
1511382323045,INFO,EXPLORE_EVENT,101000000000000001100000000000000000000010000000010000000000,0.10036275265676738,3375.0321824645634
1511382325951,INFO,EXPLORE_EVENT,101000000000000001000000000000100000000010000000010000000000,0.11074390760440829,3156.854301494117
1511382328562,INFO,EXPLORE_EVENT,101000000000000001000000000000000000000010100000010000000000,0.11074390760440829,3066.9883444295174
1511382331096,INFO,EXPLORE_EVENT,101000000000000001000000000000000000000010000000010000100000,0.11372611010440829,3045.4615899840956
1511382334126,INFO,EXPLORE_EVENT,101000100000000001000000000000000000000010000000010000000000,0.1233445376044083,3082.8476440675977
1511382338683,INFO,EXPLORE_EVENT,101000100000000001000000000000000000000010000000010000000000,0.1233445376044083,3082.8476440675977
1511382345064,INFO,EXPLORE_EVENT,101000110000000001000000000000000000000010000000010000000000,0.1365568469794083,3151.1516074452966
1511382349140,INFO,EXPLORE_EVENT,101000100000000001010000000000000000000010000000010000000000,0.12843441136832104,3203.6281878303525
1511382352692,INFO,EXPLORE_EVENT,101000100000000001000000000000010000000010000000010000000000,0.1233445376044083,3249.886491588836
1511382355315,INFO,EXPLORE_EVENT,101000100000000001000000000000000000000010010000010000000000,0.1233445376044083,3156.4093932244878
1511382358533,INFO,EXPLORE_EVENT,101000100000000001000000000000000000000010000000010000010000,0.1543199063544083,3141.7218329197694
1511382362651,INFO,EXPLORE_EVENT,101000100000000001000000000000000000000010000000010000010000,0.1543199063544083,3141.7218329197694
1511382365308,INFO,EXPLORE_EVENT,101000101000000001000000000000000000000010000000010000010000,0.13044191573120004,4598.608396669499
1511382368701,INFO,EXPLORE_EVENT,101000100000000001001000000000000000000010000000010000010000,0.14967468996455935,3638.3321708256963
1511382371747,INFO,EXPLORE_EVENT,101000100000000001000000000000001000000010000000010000010000,0.1543199063544083,3808.5922091648254
1511382374803,INFO,EXPLORE_EVENT,101000100000000001000000000000000000000010001000010000010000,0.1506968728151203,4091.13122354367
1511382377987,INFO,EXPLORE_EVENT,101000100000000001000000000000000000000010000000010000011000,0.1521781296758405,3861.862231600443
1511382380831,INFO,EXPLORE_EVENT,101000100000000001000000000000000000000010000000010000010000,0.1543199063544083,3141.7218329197694
1511382383750,INFO,EXPLORE_EVENT,101000100100000001000000000000000000000010000000010000010000,0.14210985015108363,4375.156802693284
1511382387204,INFO,EXPLORE_EVENT,101000100000000001000100000000000000000010000000010000010000,0.15508032814995656,3403.736136020507
1511382390265,INFO,EXPLORE_EVENT,101000100000000001000000000000000100000010000000010000010000,0.1543199063544083,3589.3972511293223
1511382393395,INFO,EXPLORE_EVENT,101000100000000001000000000000000000000010000100010000010000,0.14970566944432262,3887.3562216625437
1511382396603,INFO,EXPLORE_EVENT,101000100000000001000000000000000000000010000000010000010100,0.14561754154497666,3667.2390445573965
1511382399322,INFO,EXPLORE_EVENT,101000100000000001000000000000000000000010000000010000010000,0.1543199063544083,3141.7218329197694
1511382405572,INFO,EXPLORE_EVENT,101000100010000001000000000000000000000010000000010000010000,0.1532789180221577,4477.091898675975
1511382409219,INFO,EXPLORE_EVENT,101000100000000001000010000000000000000010000000010000010000,0.15310893814158116,3459.9188023849415
1511382412396,INFO,EXPLORE_EVENT,101000100000000001000000000000000010000010000000010000010000,0.1543199063544083,3392.0051110946824
1511382415400,INFO,EXPLORE_EVENT,101000100000000001000000000000000000000010000010010000010000,0.1543199063544083,3269.5638624358344
1511382418756,INFO,EXPLORE_EVENT,101000100000000001000000000000000000000010000000010000010010,0.17163993821378332,3252.821855791528
1511382425711,INFO,EXPLORE_EVENT,101000100001000001000000000000000000000010000000010000010010,0.21069065047417418,4725.407150841289
1511382429132,INFO,EXPLORE_EVENT,101000100000000001000001000000000000000010000000010000010010,0.18676081422005752,3753.7138532426425
1511382432523,INFO,EXPLORE_EVENT,101000100000000001000000000000000001000010000000010000010010,0.22025904916221056,3616.7811352185854
1511382436558,INFO,EXPLORE_EVENT,101000100000000001000000000000000000000010000001010000010010,0.21817316295551323,4236.7851498623895
1511382440090,INFO,EXPLORE_EVENT,101000100000000001000000000000000000000010000000010000010011,0.20361053939716092,4097.412835808199
1511382443865,INFO,EXPLORE_EVENT,101000100000000001000000000000000000000010000001010000010010,0.21817316295551323,4236.7851498623895
1511382450277,INFO,EXPLORE_EVENT,101000100000000001000000000000000000000010000001010000010010,0.21817316295551323,4236.7851498623895
1511382458682,INFO,EXPLORE_EVENT,001000100000000001000000000000000000000010000001010000010010,0.19545886295551324,4062.4645658041545
1511382463982,INFO,EXPLORE_EVENT,101000100000000001000000000000000000000010000001010000010010,0.21817316295551323,4236.7851498623895
1511382467116,INFO,EXPLORE_EVENT,100000100000000001000000000000000000000010000001010000010010,0.21792082804301321,3612.342600646131
1511382473990,INFO,EXPLORE_EVENT,101000100000000001000000000000000000000010000001010000010010,0.21817316295551323,4236.7851498623895
1511382479801,INFO,EXPLORE_EVENT,100000100000000001000000000000000000000010000001010000010010,0.21792082804301321,3612.342600646131
1511382483974,INFO,EXPLORE_EVENT,100000100000000000000000000000000000000010000001010000010010,0.20230246104588379,2603.038053964114
1511382487541,INFO,EXPLORE_EVENT,100000100000000001000000000000000000000010000001010000010010,0.21792082804301321,3612.342600646131
1511382490466,INFO,EXPLORE_EVENT,100000100000000001000000000000000000000000000001010000010010,0.20806313309971058,2401.5273947780747
1511382494684,INFO,EXPLORE_EVENT,100000100000000001000000000000000000000010000001010000010010,0.21792082804301321,3612.342600646131
1511382497301,INFO,EXPLORE_EVENT,100000100000000001000000000000000000000010000000010000010010,0.1713876033012833,2628.3793065752698
1511382501455,INFO,EXPLORE_EVENT,100000100000000001000000000000000000000010000001000000010010,0.1929492793573225,3454.857153121259
1511382505421,INFO,EXPLORE_EVENT,100000100000000001000000000000000000000010000001010000000010,0.18694545929301323,3553.2833628881754
1511382509821,INFO,EXPLORE_EVENT,100000100000000001000000000000000000000010000001010000010000,0.20052852557294748,3501.242577774373
1511382513270,INFO,EXPLORE_EVENT,100000100000000001000000000000000000000010000001010000010010,0.21792082804301321,3612.342600646131
1511382519358,INFO,EXPLORE_EVENT,100000100000000001000000000010000000000000000001010000010010,0.21101551357471057,3025.7074702959862
1511382522796,INFO,EXPLORE_EVENT,100000100000000001000000000000000000000010000001010000010010,0.21792082804301321,3612.342600646131
1511382536623,INFO,EXPLORE_EVENT,100000100000000001000000000000000000000010000001110000010010,0.2042055245360256,4249.35520932565
1511382541557,INFO,EXPLORE_EVENT,100000100000000001000000000000000000000010000001010000010010,0.21792082804301321,3612.342600646131
1511382547874,INFO,EXPLORE_EVENT,100000100000000001000000000000000000000010000001010000010011,0.21374741234067052,4456.933580662802
1511382551603,INFO,EXPLORE_EVENT,100000100000000001000000000000000000000010000001010000010010,0.21792082804301321,3612.342600646131
1511382555698,INFO,EXPLORE_EVENT,100000100000000001000000000000000001000010000001010000010010,0.22132627217113454,3923.7008124656377
1511382560358,INFO,EXPLORE_EVENT,100000100000000001000001000000000000000010000001010000010010,0.21625485487813306,4060.6335304896947
1511382564116,INFO,EXPLORE_EVENT,100000100001000001000000000000000000000010000001010000010010,0.2275663553218628,3857.832983928396
1511382578559,INFO,CLICK_EVENT,000000000000000000000000000000000000000000000000000000000000,0,0
1511382579922,INFO,EXPLORE_EVENT,100000100001000001000000000000000000000010000001010000010010,0.2275663553218628,3857.832983928396
1511382580365,INFO,CLICK_EVENT,100000000000010000000000000000000000000000000000000000000000,0.0368039,528.0350401958026
1511382584800,INFO,CLICK_EVENT,110001110000001110000000000000000000000000000000000000000000,0.0591968771479301,5372.1294328902295
1511382590966,INFO,CLICK_EVENT,100000100000000001000000000000000000000000000001010000010010,0.20806313309971058,2401.5273947780747
1511382594829,INFO,CLICK_EVENT,101000000000000001000000000000000000000010000000010000000000,0.09663103701677514,2729.116280614781
1511382603253,INFO,CLICK_EVENT,100000100000000001000000000000000000000000000001010000010010,0.20806313309971058,2401.5273947780747
1511382605088,INFO,CLICK_EVENT,100000100000000001000000000000000000000010000001010000010010,0.21792082804301321,3612.342600646131
1511382606507,INFO,CLICK_EVENT,100000100000000001000000000010000000000000000001010000010010,0.21101551357471057,3025.7074702959862
1511382616575,INFO,CLICK_EVENT,100000100001000001000000000000000000000010000001010000010010,0.2275663553218628,3857.832983928396
1511382621242,INFO,EXPLORE_EVENT,100000100001000001000000000000000000000000000001010000010010,0.2158757162504389,2670.243489343822
1511382635615,INFO,EXPLORE_EVENT,100000100001000001000000000000000000000010000001010000010010,0.2275663553218628,3857.832983928396
1511382649647,INFO,EXPLORE_EVENT,100000000001000001000000000000000000000010000001010000010010,0.18891111778603895,3494.5893658779905
1511382654448,INFO,EXPLORE_EVENT,100000100001000001000000000000000000000010000001010000010010,0.2275663553218628,3857.832983928396
1511382684634,INFO,CLICK_EVENT,000000000000000000000000000000000000000000000000000000000000,0,0
1511382685132,INFO,CLICK_EVENT,110001110000001110000000000000000000000000000000000000000000,0.0591968771479301,5372.1294328902295
