1510162207447,INFO,DEMO_TREATMENT,000000000000000000000000000000000000000000000000000000000000,N/A,N/A
1510162220380,INFO,EXPLORE_EVENT,000000000000000000000000000000000000000000000000000000001000,0.030751654416775135,1009.3045466820167
1510162222771,INFO,EXPLORE_EVENT,000000000000000000000000000000000000000000000000000000000000,0.0,0.0
1510162224830,INFO,CLEAR_SCREEN,000000000000000000000000000000000000000000000000000000000000,N/A,N/A
1510162230695,INFO,DEMO_TREATMENT,000000000000000000000000000000000000000000000000000000000000,N/A,N/A
1510162270963,INFO,EXPLORE_EVENT,000000000000000000000000000000000000000000000000100000000000,0.046922313256621,448.4685696012415
1510162290515,INFO,EXPLORE_EVENT,000000000000000000000000000000000000100000000000000000000000,0.05068408969741005,448.4685696012415
1510162295064,INFO,EXPLORE_EVENT,000000000000000000000000100000000000000000000000000000000000,0.04650257321807113,440.06168448168603
1510162298331,INFO,EXPLORE_EVENT,000000000000100000000000000000000000000000000000000000000000,0.0,440.04113867618344
1510162301894,INFO,EXPLORE_EVENT,000000000000000000000000000000000000000000000000000000000000,0.0,0.0
1510162309610,INFO,CLICK_EVENT,000000000000000000000000100000000000000000000000000000000000,0.04650257321807113,440.06168448168603
1510162312293,INFO,EXPLORE_EVENT,100000000000000000000000000000000000000000000000000000000000,0.0,447.73705817532016
1510162313670,INFO,CLICK_EVENT,000000000000000000000000000000000000100000000000000000000000,0.05068408969741005,448.4685696012415
1510162316798,INFO,CLICK_EVENT,000000000000000000000000000000000000000000000000100000000000,0.046922313256621,448.4685696012415
1510162318939,INFO,CLICK_EVENT,000000000000000000000000000000000000100000000000000000000000,0.05068408969741005,448.4685696012415
1510162328082,INFO,EXPLORE_EVENT,100000000000000000000000000000000000100000000000000000000000,0.05068408969741005,896.2056277765616
1510162329339,INFO,EXPLORE_EVENT,000000000000000000000000000000000000100000000000000000000000,0.05068408969741005,448.4685696012415
1510162333100,INFO,EXPLORE_EVENT,000000000000000000000000000000000000100000000000000000000000,0.05068408969741005,448.4685696012415
1510162359792,INFO,CLICK_EVENT,000000000000000000000000000000000000100000000000000000000000,0.05068408969741005,448.4685696012415
1510162366050,INFO,EXPLORE_EVENT,000000000000000000000000000000000000000000000000000000000000,0.0,0.0
1510162387925,INFO,EXPLORE_EVENT,000000000000000000000000000000000000000000000000000001100000,0.0023054660331065257,1934.9529816091017
1510162395091,INFO,EXPLORE_EVENT,000000000000000000000000000001000000000000100000000000000000,0.005979903275120443,1534.974623265502
1510162403866,INFO,CLICK_EVENT,000000000000000000000000000001000000000000100000000000000000,0.005979903275120443,1534.974623265502
1510162411263,INFO,CLICK_EVENT,000000000000000000000000000000000000000000000000000001100000,0.0023054660331065257,1934.9529816091017
1510162414693,INFO,CLICK_EVENT,000000000000000000000000000001000000000000100000000000000000,0.005979903275120443,1534.974623265502
1510162415879,INFO,CLICK_EVENT,100000000000000000000000000000000000100000000000000000000000,0.05068408969741005,896.2056277765616
1510162417591,INFO,CLICK_EVENT,000000000000000000000000000000000000100000000000000000000000,0.05068408969741005,448.4685696012415
1510162420963,INFO,EXPLORE_EVENT,000000000000000000000000000001000000000000000000000000000000,0.0022939537500000005,669.124948394517
1510162422273,INFO,EXPLORE_EVENT,000000000000000000000000000000000000000000000000000000000000,0.0,0.0
1510162562286,INFO,CLICK_EVENT,000000000000000000000000000000000000000000000000000000000000,0,0
1510162563752,INFO,CLEAR_SCREEN,000000000000000000000000000000000000000000000000000000000000,N/A,N/A
1510162581495,INFO,TREATMENT_1,000000000000000000000000000000000000000000000000000000000000,N/A,N/A
1510162594549,INFO,EXPLORE_EVENT,000000000000000000000000000000000000000000000000100000000000,0.0144620975,250.88035225693346
1510162597483,INFO,EXPLORE_EVENT,000000000000000000000000000000000000100000000000000000000000,0.0,250.8605824203334
1510162600316,INFO,EXPLORE_EVENT,000000000000000000000000100000000000000000000000000000000000,0.0,258.5627292295798
1510162602605,INFO,EXPLORE_EVENT,000000000000100000000000000000000000000000000000000000000000,0.0144620975,259.2800180585232
1510162605370,INFO,EXPLORE_EVENT,100000000000000000000000000000000000000000000000000000000000,0.0144620975,259.2800180585232
1510162607283,INFO,EXPLORE_EVENT,000000000000000000000000000000000000000000000000000000000000,0.0,0.0
1510162608837,INFO,EXPLORE_EVENT,000000000000000000000000000000000000100000000000000000000000,0.0,250.8605824203334
1510162611396,INFO,EXPLORE_EVENT,000000000000100000000000000000000000100000000000000000000000,0.0144620975,510.14060047885664
1510162618493,INFO,EXPLORE_EVENT,000000000000100000000000000000000000100000000000010000000000,0.040800051350000005,768.8917675659799
1510162622487,INFO,EXPLORE_EVENT,000000000000100000000000000000000000000000000000010000000000,0.040800051350000005,518.0311851456465
1510162627626,INFO,EXPLORE_EVENT,000000000000100000000000000000000000100000000000010000000000,0.040800051350000005,768.8917675659799
1510162629206,INFO,EXPLORE_EVENT,000000000000100000000000010000000000100000000000010000000000,0.040800051350000005,1036.7945611907164
1510162633849,INFO,EXPLORE_EVENT,000000000000100000000000000000000000100000000000010000000000,0.040800051350000005,768.8917675659799
1510162637465,INFO,EXPLORE_EVENT,000000000000100000000000000000000000110000000000010000000000,0.040800051350000005,929.4075133834422
1510162640975,INFO,EXPLORE_EVENT,010000000000100000000000000000000000100000000000010000000000,0.042768305,1037.6467897032592
1510162644733,INFO,EXPLORE_EVENT,010000000000000000000000000000000000100000000000010000000000,0.031411155,778.366771644736
1510162647256,INFO,EXPLORE_EVENT,010000000000100000000000000000000000100000000000010000000000,0.042768305,1037.6467897032592
1510162648615,INFO,EXPLORE_EVENT,000000000000100000000000000000000000100000000000010000000000,0.040800051350000005,768.8917675659799
1510162652952,INFO,EXPLORE_EVENT,000000000000100000000000001000000000100000000000010000000000,0.0415647026,1446.738086287588
1510162656114,INFO,EXPLORE_EVENT,000000000000000000000000001000000000100000000000010000000000,0.0302075526,1187.5140596763927
1510162658621,INFO,EXPLORE_EVENT,000000000000100000000000001000000000100000000000010000000000,0.0415647026,1446.738086287588
1510162660420,INFO,EXPLORE_EVENT,000000000000100000000000001000000000100000000000000000000000,0.01675605125,1188.0438093146731
1510162662683,INFO,EXPLORE_EVENT,000000000000100000000000001000000000100000000000010000000000,0.0415647026,1446.738086287588
1510162664853,INFO,EXPLORE_EVENT,000000000000100000000000001000000000100000000000010000000000,0.0415647026,1446.738086287588
1510162669743,INFO,EXPLORE_EVENT,001000000000100000000000001000000000100000000000010000000000,0.0423525251,2130.1078419161086
1510162673827,INFO,EXPLORE_EVENT,000000000000100000000000001000000000100000000000010000000000,0.0415647026,1446.738086287588
1510162680965,INFO,CLICK_EVENT,010000000000100000000000000000000000100000000000010000000000,0.042768305,1037.6467897032592
1510162688567,INFO,EXPLORE_EVENT,010000000000100000000000000000000000100000000000010000000000,0.042768305,1037.6467897032592
1510162694756,INFO,EXPLORE_EVENT,010000000000100000000000000100000000100000000000010000000000,0.042768305,1898.6639986455102
1510162698371,INFO,EXPLORE_EVENT,010000000000100000000000000000000000100100000000010000000000,0.042768305,1855.1225294955084
1510162701066,INFO,EXPLORE_EVENT,010000000000100000000000000000000000100000000000010100000000,0.046210454698362005,1863.0204152375968
1510162704265,INFO,EXPLORE_EVENT,010000000000100100000000000000000000100000000000010000000000,0.03529414094159089,1941.6280858069445
1510162708568,INFO,EXPLORE_EVENT,010100000000100000000000000000000000100000000000010000000000,0.046128714823471625,1952.2179293601848
1510162710725,INFO,EXPLORE_EVENT,010000000000100000000000000000000000100000000000010000000000,0.042768305,1037.6467897032592
1510162713616,INFO,EXPLORE_EVENT,010000000000100000000000000000000000100000000000000100000000,0.04057950795039082,1573.3733596958664
1510162718176,INFO,EXPLORE_EVENT,010000000000100000000000000000000000000100000000010000000000,0.042768305,1581.128946327226
1510162724889,INFO,EXPLORE_EVENT,010000000000100000000000000000000000100000000000010000000000,0.042768305,1037.6467897032592
1510162726871,INFO,EXPLORE_EVENT,010000000000000100000000000000000000100000000000010000000000,0.033444053833087926,1644.4581888226212
1510162730094,INFO,EXPLORE_EVENT,010000000000100000000000000000000000100000000000010000000000,0.042768305,1037.6467897032592
1510162737232,INFO,EXPLORE_EVENT,010000000000100000000000000000000000100000000000000000000000,0.0368039,778.895622616136
1510162738281,INFO,EXPLORE_EVENT,010000000000100000000000000000000000000000000000000000000000,0.0368039,528.0350401958026
1510162739521,INFO,EXPLORE_EVENT,010000000000000000000000000000000000000000000000000000000000,0.02544675,268.75502213727935
1510162740546,INFO,EXPLORE_EVENT,000000000000000000000000000000000000000000000000000000000000,0.0,0.0
1510162743326,INFO,EXPLORE_EVENT,000000000000000000000000000000000000000000000000000100000000,0.0037756079503908245,794.2360138761233
1510162745550,INFO,EXPLORE_EVENT,000000000000000000000000000000000000000100000000000000000000,0.0,794.100741215861
1510162747558,INFO,EXPLORE_EVENT,000000000000000000000000000100000000000000000000000000000000,0.0,860.7660066785807
1510162749498,INFO,EXPLORE_EVENT,000000000000000100000000000000000000000000000000000000000000,0.0020328988330879263,865.8496748709849
1510162750854,INFO,EXPLORE_EVENT,000000000000000000000000000000000000000000000000000000000000,0.0,0.0
1510162758292,INFO,EXPLORE_EVENT,000000000000000000000000000000000000001000000000000000000000,0.0022939537500000005,668.9855772181842
1510162760025,INFO,EXPLORE_EVENT,000000000000000000000000000000000000000000000000000000000000,0.0,0.0
1510162761707,INFO,EXPLORE_EVENT,000000000000000000000000000000000000000000000000000010000000,0.014985427700000003,598.2172932223544
1510162764679,INFO,EXPLORE_EVENT,000000000000000000000000000000000000000010000000000000000000,0.014985427700000003,598.065454921819
1510162772875,INFO,EXPLORE_EVENT,000010000000000000000000000000000000000000000000000000000000,0.0,630.0049883692784
1510162774742,INFO,EXPLORE_EVENT,000000000000000000000000000000000000000000000000000000000000,0.0,0.0
1510162792715,INFO,EXPLORE_EVENT,000000000000000000000000000000000000000000000000000001000000,0.034490330445186075,1018.2153095018691
1510162796805,INFO,EXPLORE_EVENT,000000000000000000000000000000000000000001000000000000000000,0.034490330445186075,1018.0324257883237
1510162801332,INFO,EXPLORE_EVENT,000000000000000000000000000000000000000001000000000001000000,0.03922665077941574,2036.2477352901928
1510162804610,INFO,EXPLORE_EVENT,000000000000000000000000000000000000000001000000000000000000,0.034490330445186075,1018.0324257883237
1510162809525,INFO,EXPLORE_EVENT,000000000000000000000000000001000000000001000000000000000000,0.040925120086303265,1920.1024016028173
1510162812714,INFO,EXPLORE_EVENT,000000000000000001000000000000000000000001000000000000000000,0.04063415162079634,1927.0790559270558
1510162815380,INFO,EXPLORE_EVENT,000001000000000000000000000000000000000001000000000000000000,0.04966267374418941,1927.0790559270558
1510162818106,INFO,EXPLORE_EVENT,000001000000000000000000000000000000000000000000000000000000,0.04294237299334684,1009.3045466820167
1510162826333,INFO,EXPLORE_EVENT,000001000000000000000000000000000000000000000000000000100000,0.05581780620913722,1422.0215219232448
1510162833483,INFO,EXPLORE_EVENT,000000000000000000000000000000000000000000000000000000100000,0.021025948837500003,412.71697524122806
1510162835963,INFO,EXPLORE_EVENT,000001000000000000000000000000000000000000000000000000100000,0.05581780620913722,1422.0215219232448
1510162839368,INFO,EXPLORE_EVENT,000001000000000000000000000000100000000000000000000000100000,0.05713346978413722,1812.2348338873094
1510162842209,INFO,EXPLORE_EVENT,000000000000000000000000000000100000000000000000000000100000,0.022341612412500003,803.1098425846658
1510162846958,INFO,EXPLORE_EVENT,000000000000000000100000000000000000000000000000000000100000,0.022341612412500003,806.9221004258702
1510162848042,INFO,EXPLORE_EVENT,000000000000000000100000000000000000000000000000000000000000,0.021025948837500003,431.63363893128997
1510162851758,INFO,EXPLORE_EVENT,000000000000000000100000000001000000000000000000000000000000,0.04885915569117999,1433.8842524917095
1510162854557,INFO,EXPLORE_EVENT,000000000000000000100000000000000000000000000000000000100000,0.022341612412500003,806.9221004258702
1510162857066,INFO,EXPLORE_EVENT,000000000000000000100000000000000000000000000000000000000000,0.021025948837500003,431.63363893128997
1510162858908,INFO,EXPLORE_EVENT,000001000000000000000000000000000000000000000000000000000000,0.04294237299334684,1009.3045466820167
1510162862993,INFO,CLICK_EVENT,000001000000000000000000000000000000000000000000000000100000,0.05581780620913722,1422.0215219232448
1510162864835,INFO,EXPLORE_EVENT,000000000000000000000000000000000000000000000000000000000000,0.0,0.0
1510162869297,INFO,EXPLORE_EVENT,000001000000000000000000000000000000000000000000000000000000,0.04294237299334684,1009.3045466820167
1510162871659,INFO,EXPLORE_EVENT,000001000000000000000000000000000000000000000000000000100000,0.05581780620913722,1422.0215219232448
1510162876738,INFO,EXPLORE_EVENT,000001000000000000000000000000000000001000000000000000100000,0.058410437371637224,2091.007099141429
1510162879042,INFO,EXPLORE_EVENT,000001000000000000000000000000000000000000000000000000100000,0.05581780620913722,1422.0215219232448
1510162880887,INFO,EXPLORE_EVENT,000001000000001000000000000000000000000000000000000000100000,0.058410437371637224,2105.391277551765
1510162882910,INFO,EXPLORE_EVENT,000001000000000000000000000000000000000000000000000000100000,0.05581780620913722,1422.0215219232448
1510162887067,INFO,EXPLORE_EVENT,000001000000000000000000000000000000010000000000000000100000,0.05581780620913722,1680.692336153605
1510162890834,INFO,EXPLORE_EVENT,000001000000000000000000000000000000000000000000100000100000,0.08461925620913723,1575.8005844349796
1510162897493,INFO,EXPLORE_EVENT,010001000000000000000000000000000000000000000000100000100000,0.0857924267756718,1903.4958958306215
1510162900097,INFO,EXPLORE_EVENT,000001000000000000000000000000000000000000000000100000100000,0.08461925620913723,1575.8005844349796
1510162902236,INFO,EXPLORE_EVENT,000001000000100000000000000000000000000000000000100000100000,0.08461925620913723,1835.0246110461749
1510162905528,INFO,EXPLORE_EVENT,000001000000000000000000000000000000000000000000100000100000,0.08461925620913723,1575.8005844349796
1510162908197,INFO,EXPLORE_EVENT,010001000000000000000000000000000000000000000000100000100000,0.0857924267756718,1903.4958958306215
1510162910845,INFO,EXPLORE_EVENT,000001000000000000000000000000000000000000000000100000100000,0.08461925620913723,1575.8005844349796
1510162914963,INFO,EXPLORE_EVENT,000001000000000000000000000000000000000000000000100000100001,0.13201544719822172,1839.7831077397398
1510162918137,INFO,EXPLORE_EVENT,000001000000000000000000000000000000000000000000000000100001,0.10321399719822172,1682.5745090882542
1510162921395,INFO,EXPLORE_EVENT,000001000000000000000000000000000000000000000000100000100001,0.13201544719822172,1839.7831077397398
1510162924181,INFO,EXPLORE_EVENT,000001000001000000000000000000000000000000000000100000100001,0.1296770545752615,2311.896773829389
1510162928102,INFO,EXPLORE_EVENT,000001000000000000000001000000000000000000000000100000100001,0.13410687219822173,2176.940214299995
1510162933154,INFO,EXPLORE_EVENT,000001000000000000000000000000000001000000000000100000100001,0.13410687219822173,2174.9640558053334
1510162936187,INFO,EXPLORE_EVENT,000001000000000000000000000000000000000000000001100000100001,0.13957468711690726,2210.996650864364
1510162939404,INFO,EXPLORE_EVENT,000001000000000000000000000000000000000000000000100000100001,0.13201544719822172,1839.7831077397398
1510162943668,INFO,EXPLORE_EVENT,000001000000000000000000000000000000000000000010100000100001,0.13201544719822172,2051.1607224785666
1510162947963,INFO,EXPLORE_EVENT,000001000000000000000000000000000010000000000000100000100001,0.13201544719822172,2090.0663859146525
1510162952112,INFO,EXPLORE_EVENT,000001000000000000000010000000000000000000000000100000100001,0.13315209094822172,2093.5033545880024
1510162955664,INFO,EXPLORE_EVENT,000001000000000000000000000000000000000000000000100000100011,0.14414722025577625,2728.7769398274986
1510162959337,INFO,EXPLORE_EVENT,000001000010000000000000000000000000000000000000100000100001,0.12882402604225066,2157.980077204912
1510162962137,INFO,EXPLORE_EVENT,000000000010000000000000000000000000000000000000100000100001,0.1084775113375,1084.1988079059854
1510162965475,INFO,EXPLORE_EVENT,000001000000000000000000000000000000000000000000100000100001,0.13201544719822172,1839.7831077397398
1510162968171,INFO,EXPLORE_EVENT,000001000000000000000000000000000000000000000100100000100001,0.13201544719822172,2279.756153206767
1510162975671,INFO,EXPLORE_EVENT,000001000000000000000000000000000100000000000000100000100001,0.13201544719822172,2287.4585259492924
1510162981269,INFO,EXPLORE_EVENT,000001000000000000000100000000000000000000000000100000100001,0.16743967825217074,2288.1914711053296
1510162987053,INFO,EXPLORE_EVENT,000001000000000000000100000000000000000000000000100000100001,0.16743967825217074,2288.1914711053296
1510162992185,INFO,EXPLORE_EVENT,000001000000000000000100000000000000000000000100100000100001,0.16743967825217074,2728.164516572357
1510162996927,INFO,EXPLORE_EVENT,000001000100000000000100000000000000000000000000100000100001,0.16035243512815067,2550.205774206067
1510163001315,INFO,EXPLORE_EVENT,000001000000000000000100000000000100000000000000100000100001,0.16743967825217074,2735.8668893148824
1510163005276,INFO,EXPLORE_EVENT,000001000000000000000100000000000000000000000000100000100101,0.10700626919977897,3218.481708505983
1510163008243,INFO,EXPLORE_EVENT,000001000000000000000100000000000000000000000000100000100001,0.16743967825217074,2288.1914711053296
1510163011800,INFO,EXPLORE_EVENT,000001000000000000000100000000000000000000000000100000100011,0.1795714513097253,3177.1853031930887
1510163016829,INFO,EXPLORE_EVENT,000001000000000000000100000000000000000000000001100000100001,0.1749989181708563,2659.405014229954
1510163020277,INFO,EXPLORE_EVENT,000001000000000000000100000000000000000000000000100000100001,0.16743967825217074,2288.1914711053296
1510163024176,INFO,EXPLORE_EVENT,000001000000000000000100000000000000000000000000100000100001,0.16743967825217074,2288.1914711053296
1510163029322,INFO,EXPLORE_EVENT,000001000000000000000100000000000000000000000000100000101001,0.13899331886142532,3401.3956471371957
1510163033577,INFO,EXPLORE_EVENT,000001000000000000000100000000000000000000001000100000100001,0.16743967825217074,2929.28563680311
1510163036738,INFO,EXPLORE_EVENT,000001000000000000000100000000001000000000000000100000100001,0.16743967825217074,2955.061847350385
1510163039663,INFO,EXPLORE_EVENT,000001000000000000001100000000000000000000000000100000100001,0.15746706246063302,2765.2793338894235
1510163043019,INFO,EXPLORE_EVENT,000001001000000000000100000000000000000000000000100000100001,0.16159876718439953,2784.8018090112564
1510163046708,INFO,EXPLORE_EVENT,000001000000000000000100000000000000000000001000100000100001,0.16743967825217074,2929.28563680311
1510163049809,INFO,EXPLORE_EVENT,000001000000000000000100000000000000000000000000100000100001,0.16743967825217074,2288.1914711053296
1510163054477,INFO,EXPLORE_EVENT,000001000000000000000100000000000000010000000000100000100001,0.16743967825217074,2546.86228533569
1510163058843,INFO,EXPLORE_EVENT,000001000000000000000100010000000000000000000000100000100001,0.16743967825217074,2556.0427410963366
1510163061694,INFO,EXPLORE_EVENT,000001000000000000000100000000000000000000000000100000100001,0.16743967825217074,2288.1914711053296
1510163067063,INFO,EXPLORE_EVENT,000001000000000000000100000000000000000000000000100000110001,0.20041312267717074,2346.789850783725
1510163072775,INFO,EXPLORE_EVENT,000001000000000000000100000000000000000000000000000000010001,0.15573887448863036,1887.2982419681534
1510163077666,INFO,EXPLORE_EVENT,000001000000000000000100000000000000000000000000100000010001,0.18389612198863034,2033.501538307536
1510163081824,INFO,EXPLORE_EVENT,000001000000000000000100000000000000000000000000100000110001,0.20041312267717074,2346.789850783725
1510163085429,INFO,EXPLORE_EVENT,000001000000000000000100000000000000000000000000100000110000,0.15301693168808625,2082.9689204167544
1510163088871,INFO,EXPLORE_EVENT,000001000000000000000100000000000000000000000000100000110001,0.20041312267717074,2346.789850783725
1510163093642,INFO,EXPLORE_EVENT,000001000000000000000100000000000000000000000000100000110001,0.20041312267717074,2346.789850783725
1510163099331,INFO,EXPLORE_EVENT,000001000000000000010100000000000000000000000000100000110001,0.20484280258706686,2466.0532200839643
1510163105979,INFO,EXPLORE_EVENT,000001010000000000000100000000000000000000000000100000110001,0.2047875316246339,2467.5703945464797
1510163110694,INFO,EXPLORE_EVENT,000001000000000000000100000000010000000000000000100000110001,0.20041312267717074,2513.828698304964
1510163116384,INFO,EXPLORE_EVENT,000001000000000000000100000000000000000000010000100000110001,0.20041312267717074,2511.078197352058
1510163119782,INFO,EXPLORE_EVENT,000001000000000000000100000000000000000000000000100000110001,0.20041312267717074,2346.789850783725
1510163124835,INFO,EXPLORE_EVENT,000001000000000000000100000000000000000001000000100000110001,0.20943874387571412,3264.564360028764
1510163130321,INFO,EXPLORE_EVENT,000001000000000001000100000000000000000000000000100000110001,0.19392664617816477,3169.7003372008885
1510163135295,INFO,EXPLORE_EVENT,000001000000000000000100000000000000000000000000100000110001,0.20041312267717074,2346.789850783725
1510163140697,INFO,EXPLORE_EVENT,000001000000000000000100000000000000000000000000100000110001,0.20041312267717074,2346.789850783725
1510163143411,INFO,EXPLORE_EVENT,000001000000000000000100110000000000000000000000100000110001,0.20041312267717074,2788.6786787837327
1510163148267,INFO,EXPLORE_EVENT,000001000000000000000100000000000000110000000000100000110001,0.20041312267717074,2758.279060583057
1510163154636,INFO,EXPLORE_EVENT,110001000000000000000100000000000000000000000000100000110001,0.1978082935716978,2986.174080912271
1510163158596,INFO,EXPLORE_EVENT,010001000000100000000100000000000000000000000000100000110001,0.19220693858893242,2973.6813022405595
1510163162250,INFO,EXPLORE_EVENT,000001000000000000000100000000000000000000000000100000110001,0.20041312267717074,2346.789850783725
1510163165764,INFO,EXPLORE_EVENT,000001000000000000000100000000000010000000000000100000110001,0.20041312267717074,2597.0731289586374
1510163174013,INFO,EXPLORE_EVENT,000001000000000000000100000000000000000010000000100000110001,0.21438460152717076,2944.8553057055437
1510163182148,INFO,EXPLORE_EVENT,000001000000000000000100000100000000000010000000100000110001,0.21438460152717076,3805.621312384125
1510163187512,INFO,EXPLORE_EVENT,000001000000000000000100000000000000000110000000100000110001,0.2051606240188445,4053.7173907277993
1510163193563,INFO,EXPLORE_EVENT,000001000000000000000100000000000000001010000000100000110001,0.21514541740452003,4479.72573889082
1510163197798,INFO,EXPLORE_EVENT,000001000000000000000100000100000000001010000000100000110001,0.21514541740452003,5340.491745569401
1510163203346,INFO,EXPLORE_EVENT,000001000000000100000100000000000000000010000000100000110001,0.19343695287434473,3610.53851539112
1510163208841,INFO,EXPLORE_EVENT,000001000000001000000100000000000000000010000000100000110001,0.2102067228114887,4007.839375243453
1510163213027,INFO,EXPLORE_EVENT,000101000000001000000100000000000000000010000000100000110001,0.1991785278952723,4707.561313277714
1510163217191,INFO,EXPLORE_EVENT,000001000000000000000100000000000000000010000000100000110001,0.21438460152717076,2944.8553057055437
1510163219494,INFO,EXPLORE_EVENT,000001000000000000000100001000000000000010000000100000110001,0.21618941018967075,3622.875596900243
1510163228857,INFO,EXPLORE_EVENT,000001000000000000000100000000000000000010000000100000110001,0.21438460152717076,2944.8553057055437
1510163234873,INFO,EXPLORE_EVENT,000001000000000000001100000000000000000010000000100000110001,0.20712016370929326,3421.943168489637
1510163240612,INFO,EXPLORE_EVENT,000001000000000000000100000000000000000010000000100000110001,0.21438460152717076,2944.8553057055437
1510163245285,INFO,EXPLORE_EVENT,000001000000000000000100000000000000000010000000100000110001,0.21438460152717076,2944.8553057055437
1510163248153,INFO,EXPLORE_EVENT,000001000000000000000100000000000000000010000000100000110001,0.21438460152717076,2944.8553057055437
1510163253957,INFO,EXPLORE_EVENT,000001000000000000000100000010000000000010000000100000110001,0.22078135700217075,3513.246885690788
1510163262815,INFO,EXPLORE_EVENT,000001000000000010000100000000000000000010000000100000110001,0.21319036015912035,3835.6168073650533
1510163266862,INFO,EXPLORE_EVENT,000011000000000000000100000000000000000010000000100000110001,0.21512826397969428,3876.9916303204973
1510163272220,INFO,EXPLORE_EVENT,000001000000000000000100000000000000000010000000100010110001,0.17700007574082288,4578.910393046741
1510163276153,INFO,EXPLORE_EVENT,000001000000000000000100000000000000000010000000100000110001,0.21438460152717076,2944.8553057055437
1510163284744,INFO,EXPLORE_EVENT,000001000000000000000100000000000000000010000000100000110000,0.16698841053808627,2681.034375338573
1510163289108,INFO,EXPLORE_EVENT,000001000000000000000100000000000000000010000000100000100001,0.18242510595217074,2886.2569260271484
1510163293629,INFO,EXPLORE_EVENT,000001000000000000000100000000000000000010000000100000010001,0.19852696581138035,2631.566993229355
1510163298691,INFO,EXPLORE_EVENT,000001000000000000000000000000000000000010000000100000110001,0.17896037047322175,2496.4469423399537
1510163303441,INFO,EXPLORE_EVENT,000000000000000000000100000000000000000010000000100000110001,0.1950067742273407,1935.550759023527
1510163309181,INFO,EXPLORE_EVENT,000001000000000000000100000000000000000000000000100000110001,0.20041312267717074,2346.789850783725
1510163313666,INFO,EXPLORE_EVENT,000001000000000000000100000000000000000010000000100000110001,0.21438460152717076,2944.8553057055437
1510163352411,INFO,CLICK_EVENT,000000000000000000000100000000000000000010000000100000110001,0.1950067742273407,1935.550759023527
1510163370383,INFO,CLICK_EVENT,000001000000000000000100000010000000000010000000100000110001,0.22078135700217075,3513.246885690788
1510163391672,INFO,EXPLORE_EVENT,000000000000000000000000000000000000000000000000000000000000,0.0,0.0
1510163393543,INFO,CLEAR_SCREEN,000000000000000000000000000000000000000000000000000000000000,N/A,N/A
1510163396264,INFO,CLICK_EVENT,000000000000000000000000000000000000000000000000000000000000,0,0
1510163396469,INFO,CLICK_EVENT,000000000000000000000000000000000000000000000000000000000000,0,0
1510163423509,INFO,EXPLORE_EVENT,000000000000000000000000000000000000000000000000000000100000,0.021025948837500003,412.71697524122806
1510163427387,INFO,EXPLORE_EVENT,000000000000000000000000000000000000000000000000100000100000,0.049827398837499995,566.4960377529628
1510163429642,INFO,EXPLORE_EVENT,000000000000000000000000000000000000000000000000100000100001,0.1079091894625,830.478561057723
1510163431458,INFO,EXPLORE_EVENT,000000000000000000000000000000000000000000000000100000110001,0.1408826338875,889.076940736118
1510163434724,INFO,EXPLORE_EVENT,000000000000000000000100000000000000000000000000100000110001,0.18103529537734067,1337.4853041017082
1510163436794,INFO,EXPLORE_EVENT,000001000000000000000100000000000000000000000000100000110001,0.20041312267717074,2346.789850783725
1510163439124,INFO,EXPLORE_EVENT,000001000000000000000100000010000000000000000000100000110001,0.20139724950217075,2970.9699263016364
1510163453907,INFO,CLICK_EVENT,000001000000000000000100000000000000000000000000100000110001,0.20041312267717074,2346.789850783725
1510163458940,INFO,EXPLORE_EVENT,000001000000000000000100000000000000000000000000100000110001,0.20041312267717074,2346.789850783725
1510163467893,INFO,EXPLORE_EVENT,000000000000000000000000000000000000000000000000000000000000,0.0,0.0
1510163470161,INFO,CLEAR_SCREEN,000000000000000000000000000000000000000000000000000000000000,N/A,N/A
1510163835553,INFO,TREATMENT_2,000000000000000000000000000000000000000000000000000000000000,N/A,N/A
1510163939736,INFO,AGENT_EVENT,000000000000000100110000010010001000100000001000110000010100,0.06404852709771314,5584.623442591561
1510163941096,INFO,AGENT_EVENT,000000000011000000000010000000010000000000100000000000100000,0.10208079312187501,1795.9384637861947
1510163942839,INFO,AGENT_EVENT,000000000001001000000000000000000000000000000010101010011010,0.11112102533340329,4297.63176591455
1510163944419,INFO,AGENT_EVENT,000000000000000100110000010010011000100000001000110000010000,0.09526918518368577,5070.799155014911
1510163945602,INFO,AGENT_EVENT,101000000001000000100000000000000100000001000000000000000000,0.12032920742393793,3936.267244287178
1510163946755,INFO,AGENT_EVENT,000000010000000000000010110000100000000000001000001000000000,0.037378311200000014,2508.9756928413
1510163948176,INFO,AGENT_EVENT,101000000001000000000010010000000000000000000100111000000000,0.10425087278972955,4677.549151026134
1510163949455,INFO,AGENT_EVENT,000000000011000000000010000000010100000000000000000000000001,0.08288418070937498,1711.7546189743393
1510163950656,INFO,AGENT_EVENT,000000000100000000010000000100000000001000000000000000000001,0.11448672064840137,2516.732406023789
1510163951910,INFO,AGENT_EVENT,001000000001000001000001000000000010000000001000100000000000,0.10034088301365496,3612.35908846916
1510163953141,INFO,AGENT_EVENT,001000000000001000000000000000000000000010000100111000000000,0.04906504206712958,4387.4409034861
1510163954773,INFO,AGENT_EVENT,000000010000000010000100000000000000000000000000100111000001,0.07983790061810525,4701.70080109045
1510163956001,INFO,AGENT_EVENT,010000000100000000000010000000000000000000000010000000000001,0.09576089800675025,1602.4077099004946
1510163957513,INFO,AGENT_EVENT,000000000001000000000110110000100000000010000000001000000001,0.14217936694664657,3380.676426146445
1510163958656,INFO,AGENT_EVENT,000000000000010000000011000000000000000000000000000000000001,0.0844743677436256,1643.3994487240295
1510163959504,INFO,AGENT_EVENT,000000000000100000000000000100000000000000000000000010000000,0.029447525200000046,1718.2073265121303
1510163960957,INFO,AGENT_EVENT,010000100000001000011000000000000010000000000010000000000100,0.11204020100973688,3359.008675239662
1510163962252,INFO,AGENT_EVENT,000000000100000000000000000000010010000000000010000000000100,0.056887444236649376,1415.9077768826262
1510163963431,INFO,AGENT_EVENT,101000000001000000000010000000010000000000000000001000000000,0.08589089676064643,3061.379278068888
1510163964603,INFO,AGENT_EVENT,000000000100000000010000000100000000000000001000101000000000,0.08967160032241006,2942.913053552982
1510163965571,INFO,AGENT_EVENT,001100000000001000000000000000000000000000000000000010000000,0.023089674923227776,3216.5400304599766
1510163967177,INFO,AGENT_EVENT,000000000000000000010100000000000101000001000011001000000000,0.09101100103999116,3781.810387519175
1510163968324,INFO,AGENT_EVENT,000001000010000000000010000000000000000000000000000000000000,0.05650497892568329,1581.2217629954512
1510163969460,INFO,AGENT_EVENT,000010000000000000000000000000001000100000001000110000010000,0.08510082374999994,2691.4303445202813
1510163970845,INFO,AGENT_EVENT,010000000011000000000010000000010000000000100000000000100000,0.12062254330589295,2547.600941865684
1510163972565,INFO,AGENT_EVENT,010000000011000000000010000000000101001000000010000001000000,0.12693422206881222,4284.4665105132035
1510163974062,INFO,AGENT_EVENT,001000000010000000000101000000010000000000000000110001000000,0.0928632406754899,3533.7794253208167
1510163977092,INFO,AGENT_EVENT,000001110100010000100010010000000000010001000000110000000011,0.1978799939055682,5726.486503058346
1510163978532,INFO,AGENT_EVENT,010000000011000000000010100000010000000000100000000000100000,0.12062254330589295,2712.079280025163
1510163980417,INFO,AGENT_EVENT,000001110100010000000011000000000000000000001000000000000001,0.11718392560308688,4310.387938439735
1510163982184,INFO,AGENT_EVENT,010000010011000000000010000000000101001000000010000001000000,0.13701083861285612,4407.859044676912
1510163983441,INFO,AGENT_EVENT,010000000100000000000010000000000000100000000010000000000001,0.09576089800675025,1751.8697144752289
1510163984859,INFO,AGENT_EVENT,000001000100001000000010000000000000100000000010000000000001,0.08967879773470844,2876.662214438978
1510163986004,INFO,AGENT_EVENT,000000000000010000000010000000010000000000100010000000100000,0.04835665923749999,1560.728050115977
1510163987478,INFO,AGENT_EVENT,001000001000000000000010000000000101001000000010000001000000,0.06866799362132925,4643.493896150261
1510163988650,INFO,AGENT_EVENT,000000000100000000010000100100000000000000000000000010100000,0.10010637618491003,2703.1169915160262
1510163990131,INFO,AGENT_EVENT,000000010000000000000010110000100000000000000010000000100100,0.08189933238787306,2353.716879109055
1510163991367,INFO,AGENT_EVENT,010000000100000000000010100000000000000000000010000000000001,0.09576089800675025,1860.9130823965763
1510163992693,INFO,AGENT_EVENT,000010000100000000010000100100000000000000000000000010000001,0.11881400336835035,4194.669216836113
1510163995027,INFO,AGENT_EVENT,000001110100011000100010010000100000000010000000001000000001,0.14815166895681797,6677.024677565531
1510163996602,INFO,AGENT_EVENT,000001000001000000000100000000000000000000010010000000000100,0.09553301679226534,2669.6771397009447
1510163998291,INFO,AGENT_EVENT,010000100000010000000011000000000000000000000001000000000001,0.12948273062249183,2705.531395836775
1510163998329,INFO,CLICK_EVENT,000001110100010000100010010000000000010001000000110000000011,0.1978799939055682,5726.486503058346
1510163999265,INFO,AGENT_EVENT,000000000001000000000000000000000000000001000000000000000000,0.08430775848078165,1383.9678637100442
1510164001121,INFO,AGENT_EVENT,010000100011000000000010000000010000000000100000000000100010,0.16030690338033315,3255.809789262595
1510164002514,INFO,AGENT_EVENT,010000000100000000000010100000000000000000000010010000000001,0.11813970276687558,2010.7885877955582
1510164004191,INFO,AGENT_EVENT,000001110001000000100000000000000000000001000001000000000000,0.08334209442637719,4043.169445028157
1510164005465,INFO,AGENT_EVENT,010000000100000001000010000000000000000000000010000000000000,0.06293407250679106,2304.9229467322434
1510164006541,INFO,AGENT_EVENT,000000010100000000000000000000000000000000000000000100000000,0.0618455445878745,1361.907746541953
1510164008971,INFO,AGENT_EVENT,010001110100011000100010010000100000000000010000000000000000,0.08021102346166264,5692.810237521176
1510164009761,INFO,AGENT_EVENT,000000000000100000000000000100000000000000000100000000000000,0.014462097500000048,1560.3383656769577
1510164011565,INFO,AGENT_EVENT,010000000011000000000010000000010000000000100000000000100010,0.15105245822151792,2670.498503036521
1510164011697,INFO,CLICK_EVENT,010000100011000000000010000000010000000000100000000000100010,0.16030690338033315,3255.8097892625947
1510164012969,INFO,AGENT_EVENT,000000000001000000011000000010000010000000000010000000000100,0.1118277343174503,2616.6845568668264
1510164014602,INFO,AGENT_EVENT,000010000001000000000110110000100000000010000000001000000001,0.14857612242164653,3867.68328022849
1510164018856,INFO,AGENT_EVENT,010001110100010000100010010001000000010001000000110000000011,0.1974186396584655,7114.536817011608
1510164019800,INFO,AGENT_EVENT,000000000100001000000000000000010010000000000000000000000000,0.052978043447410084,1447.9062765000385
1510164021222,INFO,AGENT_EVENT,011000000100000000000010100000000000000000000010010000000001,0.11422144419230684,3069.269805487116
1510164022947,INFO,AGENT_EVENT,000000000000010000110010010000000000010001000000110000000001,0.14561491918330582,3682.9932517837897
1510164024554,INFO,AGENT_EVENT,010000000011000000000110000000010000000000100000000000100000,0.1426108673961206,3015.519094258917
1510164026439,INFO,AGENT_EVENT,010000000011000000000010000000000101001000000011000001000000,0.13524035398298107,4510.945829369904
1510164026594,INFO,CLICK_EVENT,010000000011000000000010000000010000000000100000000000100010,0.15105245822151792,2670.498503036521
1510164027551,INFO,AGENT_EVENT,000000000100010000000000000000010010000000000010000000000001,0.11874106805166895,1615.8851791377451
1510164028560,INFO,AGENT_EVENT,010000100000000000000000000000000000000000000000000100000001,0.07244334070155922,1882.497748021721
1510164029825,INFO,AGENT_EVENT,000000000010000000000010000100000000000000000000001000000001,0.07870972508437502,2314.2181000409196
1510164031233,INFO,AGENT_EVENT,000000000000010000100010100001010000000000100000000000100000,0.07480009124279996,2982.15328500044
1510164033394,INFO,AGENT_EVENT,010001110101000100000000000000000000000001000000000000000000,0.0788752638214304,4632.503382869831
1510164034356,INFO,AGENT_EVENT,000000000000010000000010000000000000000000000000000100000000,0.03298011575083282,1239.8236289252595
1510164036362,INFO,AGENT_EVENT,000001110100010000101010010000000000010000000000000000000000,0.060983410141335126,4490.200932615298
1510164038229,INFO,AGENT_EVENT,010000010011100000000010000000000101001000000010000001000000,0.14836798861285605,4588.508572213128
1510164040180,INFO,AGENT_EVENT,000000000100010000100010010000001000010001000000110000000011,0.20522824394901684,4961.936422414989
1510164041905,INFO,AGENT_EVENT,110000000011000000000010000000010000000000100000000000100010,0.1454267131550938,2978.2459931109456
1510164043597,INFO,AGENT_EVENT,000000000011000000011000000010000010000000000010000000000100,0.11914165437657664,2800.5952893860117
1510164045427,INFO,AGENT_EVENT,010100000011000000000010000000010000000000100000000000100010,0.08928066747839047,3375.379884534399
1510164046622,INFO,AGENT_EVENT,010000100000000000000010000100000000000000000010000000000001,0.11781127196249996,2305.650774430296
1510164047379,INFO,CLICK_EVENT,000000000100010000100010010000001000010001000000110000000011,0.20522824394901684,4961.936422414989
1510164047756,INFO,AGENT_EVENT,000000000100010000000000000000010010000000000000000000000001,0.11874106805166895,1404.5075643989178
1510164048925,INFO,AGENT_EVENT,000000000100001000000000000000010000000000100000000000100000,0.07583197219741,2124.150165491137
1510164050568,INFO,AGENT_EVENT,010000100011000000000010000000010000010000100000000000100000,0.1298769884647082,3295.2783121891257
1510164051558,INFO,AGENT_EVENT,000000000001000000000010000000010000000000000000000000000000,0.06254184375000005,786.6945322912217
1510164053411,INFO,AGENT_EVENT,010000000011000000000010010000000000010001001000110000000001,0.13943551746375904,4754.016017443056
1510164055000,INFO,AGENT_EVENT,000000000100000000001000000000000000000001000000110000000011,0.1589987625299577,3562.492260904744
1510164056011,INFO,AGENT_EVENT,010000000100000000000000000000000000000000000000000000000001,0.09462425425675025,1137.3098483134052
1510164057813,INFO,AGENT_EVENT,010000100011010000000010100000000000000000000000000000000001,0.14278031901605537,3007.626131328808
1510164059512,INFO,AGENT_EVENT,000000000011001000011000000010000010010000100000000000100000,0.10486695027179038,4187.587451186765
1510164060465,INFO,AGENT_EVENT,000000000001000000000000000000001000000001000000000000000000,0.08430775848078165,2050.8382399550997
1510164063168,INFO,AGENT_EVENT,000001110100010001000010000000010000000000100000000000100010,0.10456960739220977,4724.824487903694
1510164064340,INFO,CLICK_EVENT,010000100011000000000010000000010000000000100000000000100010,0.16030690338033315,3255.8097892625947
1510164064373,INFO,AGENT_EVENT,000000000100000000000000000000000000000001000000000000000001,0.11994451204938517,1837.7068216210916
1510164065127,INFO,AGENT_EVENT,000000000000000000000000000010000000000000000000000000000000,0.0,624.1800755179117
1510164066602,INFO,AGENT_EVENT,010000000011000000000010000000010010000000000000000000100001,0.12754896271464233,2515.713990751732
1510164068264,INFO,AGENT_EVENT,000000000001010000000110110000100000000010000000001000000001,0.1416684799939263,3714.686382216093
1510164069117,INFO,CLICK_EVENT,010000000011000000000010000000010000000000100000000000100010,0.15105245822151792,2670.498503036521
1510164069983,INFO,AGENT_EVENT,010000000011000000000010010000010000000000100000000000100010,0.15105245822151792,2844.593969563259
1510164071227,INFO,AGENT_EVENT,000000000010000000000010000000010000000000000000000000000001,0.07591210883437505,1045.7453736849411
1510164071324,INFO,CLICK_EVENT,000001110100010000100010010000000000010001000000110000000011,0.1978799939055682,5726.486503058346
1510164072356,INFO,CLICK_EVENT,000000000000000000000000000000000000000000000000000000000000,0,0
1510164073232,INFO,AGENT_EVENT,010000100011001000000010000000010000000000100000000000100010,0.16133278465200707,3875.3272552898175
1510164074510,INFO,AGENT_EVENT,000000000001000000000010000100010010000000000000000000000001,0.06568684375,2253.5694649109014
1510164076621,INFO,CLICK_EVENT,000000000100010000000000000000010010000000000000000000000001,0.11874106805166895,1404.5075643989178
1510164077445,INFO,AGENT_EVENT,010000100111001000000010000001000000010001000000110000000011,0.18466663348745394,6661.5812103927265
1510164078399,INFO,AGENT_EVENT,010000000100000000000000010000001000000000000000000000000000,0.04523548551526668,1748.0028066495574
1510164079596,INFO,AGENT_EVENT,010000000010000000000000000000010010000000000110000000000100,0.06631456564719129,1821.4590138947906
1510164081655,INFO,AGENT_EVENT,000000000100010000100010010000001001010001000010000000000100,0.13400771508456966,4668.031590696826
1510164083567,INFO,AGENT_EVENT,000000000001000000000010010000000000010001000000110000000111,0.16762263723620507,3797.8622779127113
1510164084882,INFO,AGENT_EVENT,000000000001000000000010010001000000000000100000000000100000,0.09798075522270044,2772.300784711633
1510164086587,INFO,AGENT_EVENT,000000000111000000000010000000010000000000100000000000110000,0.12984101795233083,2537.2278259934283
1510164089702,INFO,AGENT_EVENT,000001110100010000100010010000000000010001010000110000100010,0.16830425931966297,5891.8392753855605
1510164090713,INFO,AGENT_EVENT,000000000001000100000100000000000000000000000000000000000000,0.07353781591086372,1480.0270109728867
1510164092540,INFO,AGENT_EVENT,010000100011000000000010000000010000100000100000000000100010,0.16030690338033315,3409.8503128600473
1510164096935,INFO,AGENT_EVENT,010001110100010000100010010001000000010001000000110000000011,0.1974186396584655,7114.536817011608
1510164098022,INFO,AGENT_EVENT,000000000100010000000000000000010010000000000010000000000000,0.06965917397567767,1244.6191466705673
1510164098902,INFO,CLICK_EVENT,000000000000000000000000000000000000000000000000000000000000,0,0
1510164099517,INFO,CLICK_EVENT,000000000100010000100010010000001000010001000000110000000011,0.20522824394901684,4961.936422414989
1510164100084,INFO,AGENT_EVENT,000001110100010000100010010000010010000000000000000000000001,0.133516143527054,3708.972335882769
1510164101472,INFO,AGENT_EVENT,000000000100000000001100000000000000000000010000000000000000,0.05920501381005039,1538.1929360836068
1510164103050,INFO,AGENT_EVENT,000000000100110000000010000000010000000000100000000000100010,0.15066993900983183,2666.1890887639465
1510164104754,INFO,AGENT_EVENT,010000000011000000000010000000010000000000100001000000110000,0.1596963750396424,2838.4406922771927
1510164105749,INFO,AGENT_EVENT,000000000100000001000000000000000000000000000000000000000000,0.06873299836435587,1457.7129100476068
1510164106634,INFO,AGENT_EVENT,000000000000000000000000000010000000000000000000000010000000,0.02236631,1166.6092966724989
1510164108330,INFO,AGENT_EVENT,000000000100000000001000000000000000000001000000110000100011,0.16580686860850236,4132.210328581377
1510164111312,INFO,AGENT_EVENT,000000000001000000000010010000000000010001000000110001000111,0.16341412012164214,4585.071389114569
1510164112431,INFO,AGENT_EVENT,000000000001000000000010000000000010000000000000000000000001,0.06568684375,1211.8297631485298
1510164114410,INFO,AGENT_EVENT,010001000011000000000010100000010000000000100000000000100011,0.15363333716561967,3924.8742568604384
1510164115698,INFO,AGENT_EVENT,000000000001000000000010000000010000000000001000000000000011,0.11331409562500006,1876.2705470804801
1510164117424,INFO,AGENT_EVENT,010001100011000000000010000000010010000000000010000000000001,0.11036303244332024,3972.1564762095136
1510164119301,INFO,AGENT_EVENT,010000100011000000000010000000010000001000100000000000100010,0.16133278465200707,3849.0715372151267
1510164121262,INFO,AGENT_EVENT,100000000001000000000100000001000000010001000000110000000011,0.17924212030222442,4552.446551658511
1510164124180,INFO,AGENT_EVENT,000000010101000000000100000001000000010001000000110000000011,0.1577454754781349,5070.184316936504
1510164125972,INFO,AGENT_EVENT,010000100011000000000010000000010000001000000000000001100001,0.14707045418086984,4986.765646491343
1510164129282,INFO,AGENT_EVENT,000001111100010000100010010000000000010001000000110000000011,0.19441727148061805,6214.597161501944
1510164130318,INFO,AGENT_EVENT,010000000110000000000000000000000000000000000000000000000000,0.04157501228586735,1055.6483553111439
1510164133776,INFO,AGENT_EVENT,000001111100010000100010011000000000010001000000110000100010,0.1667295809920294,6857.55053704371
1510164135631,INFO,AGENT_EVENT,000000000100010000100010010000001000010001000000010000000011,0.20259143901713328,4699.922918764201
1510164137313,INFO,AGENT_EVENT,010000000011000000010010000000010010000000000000000000100001,0.14042134776464232,2582.0812591780305
1510164139513,INFO,AGENT_EVENT,100000000001000000000100000001000000010001000000110000010011,0.19834424139814255,4660.232915819852
1510164141238,INFO,AGENT_EVENT,000000100100010000000010000000010000000000100000000000100010,0.14003876621392508,2533.4370086119343
1510164141568,INFO,CLICK_EVENT,000000000100010000100010010000001000010001000000010000000011,0.20259143901713328,4699.922918764201
1510164143463,INFO,AGENT_EVENT,000001000001000000000010010000000000010001000000110000000111,0.14759900743840526,4843.295224927467
1510164144777,INFO,AGENT_EVENT,010000000100000000000000000000000000000000100000000010100010,0.10076300724831444,2224.4430863218845
1510164147283,INFO,AGENT_EVENT,000000000100110000000010000001000000010001100000110000010011,0.21015344756339682,5874.563298554396
1510164148896,INFO,AGENT_EVENT,000000000100010000100010010000000000100000100000000000100010,0.1436908539256777,2549.020395280425
1510164150715,INFO,AGENT_EVENT,010000100011000000000010000000010000000000110000000000100010,0.16030690338033315,3315.2104017747783
1510164152492,INFO,AGENT_EVENT,010000000001000000000010010000000000010001000000110000000011,0.18290270484299098,3732.812080826206
1510164153903,INFO,AGENT_EVENT,000000000100010000000000000000000000000001000000000000000011,0.15725357703702791,2212.8128236576886
1510164154160,INFO,CLICK_EVENT,100000000001000000000100000001000000010001000000110000010011,0.19834424139814255,4660.232915819852
1510164155314,INFO,AGENT_EVENT,000000001100000000000000000000000000000001000000000000000011,0.1287703249238289,2421.1956753815602
1510164156518,INFO,AGENT_EVENT,000000000100000000000000000000010010000000000010000000010001,0.1302457257256513,1405.4994675308924
1510164157584,INFO,CLICK_EVENT,000000000100010000100010010000001000010001000000010000000011,0.20259143901713328,4699.922918764201
1510164158603,INFO,AGENT_EVENT,010000100011000000000010000000010000000000100000000001100010,0.17492203581676813,4475.894581988572
1510164159781,INFO,AGENT_EVENT,000000000100000000000010000000001000000000000010000000000001,0.10090262752340129,1951.6426336649124
1510164160880,INFO,CLICK_EVENT,100000000001000000000100000001000000010001000000110000010011,0.19834424139814255,4660.232915819852
1510164161088,INFO,AGENT_EVENT,010000000100010000000000000000010010000000000000100000000001,0.12639195536687553,1863.6344953697085
1510164162539,INFO,AGENT_EVENT,000000000100010000000000000001010000000000100000000000100010,0.12452668324115168,2787.479503437073
1510164163887,INFO,AGENT_EVENT,000000000100000000100000000000000000000001000000000000000011,0.1531471137189303,2375.6641727313977
1510164165503,INFO,AGENT_EVENT,000000000001000000000010010100001000010001000000010000000011,0.16269453724712224,4698.095914353333
1510164167513,INFO,CLICK_EVENT,010000000001000000000010010000000000010001000000110000000011,0.18290270484299098,3732.8120808262065
1510164168685,INFO,AGENT_EVENT,000001110100010000100010010000000000000001000000110000000011,0.20470812332604837,5443.672097519407
1510164169928,INFO,AGENT_EVENT,000000000100010000000000000000010010000000000010000000100001,0.1395060281391689,1917.8891090768047
1510164169969,INFO,CLICK_EVENT,000000000100010000100010010000001000010001000000010000000011,0.20259143901713328,4699.922918764201
1510164171301,INFO,AGENT_EVENT,000000000001000000000010000000010000000000000010010001000001,0.09238874444676981,2722.121966918196
1510164175687,INFO,AGENT_EVENT,010000000001000000000010000010010000000000100000000000100010,0.16239258746250007,2429.8211355789063
1510164177340,INFO,AGENT_EVENT,000000000100010000000100000000010010000000000010000000010001,0.1420326387133124,2171.54328337712
1510164178522,INFO,AGENT_EVENT,000000000010000000000010001000000000000000000000000000000000,0.020627934459375052,1185.4607848912244
1510164179785,INFO,AGENT_EVENT,000000000100000000100000000000010010000000000010000000010001,0.15348351328590137,1837.0558276648235
1510164182436,INFO,AGENT_EVENT,010000100001000000000100000001000000010001000001110000010011,0.23389869811766772,5461.029289002039
1510164182913,INFO,CLICK_EVENT,000000000001000000000010000000010000000000000000000000000000,0.06254184375000005,786.6945322912218
1510164185017,INFO,AGENT_EVENT,010000000011000000000010000000010001000000100001110000010011,0.20540317884261228,4108.981713043562
1510164186074,INFO,AGENT_EVENT,000000000100000000100000000000010000000000000000000000100000,0.07302570210991,1422.4264318607327
1510164186266,INFO,CLICK_EVENT,010000000100000000000000000000000000000000000000000000000001,0.09462425425675025,1137.3098483134052
1510164188093,INFO,AGENT_EVENT,011000000100000000001000000000000000000001000000110000100011,0.1584298809001361,5508.326998753573
1510164189017,INFO,CLICK_EVENT,000000000100000000000000000000010010000000000010000000010001,0.1302457257256513,1405.4994675308924
1510164189636,INFO,AGENT_EVENT,010000000011000000000010000000010000000000000010000000000001,0.10708873495329652,2275.536157832358
1510164192972,INFO,AGENT_EVENT,000000100101001000000100000001000000010001000000110000010011,0.17395221863012855,6755.987966670553
1510164193170,INFO,CLICK_EVENT,000000000100000000100000000000010010000000000010000000010001,0.15348351328590137,1837.0558276648235
1510164195222,INFO,AGENT_EVENT,000001000100010000000100000000010010000000000010000000010001,0.1395714490472585,2994.453769794284
1510164196204,INFO,AGENT_EVENT,000000000100000000000000000000000000000000000000010000000000,0.07365532532567776,707.2197366883647
1510164197282,INFO,CLICK_EVENT,010000000011000000000010000000010001000000100001110000010011,0.20540317884261228,4108.981713043562
1510164197400,INFO,AGENT_EVENT,000000000100000000000000000000010010000000000010000000010001,0.1302457257256513,1405.4994675308924
1510164198289,INFO,AGENT_EVENT,000000000000000010000000000010000000000000000000000000000000,0.007380882300000002,1254.1850638871902
1510164201086,INFO,AGENT_EVENT,000000000100000000000010010000000010010001000000110000000111,0.1466378237704964,4090.632786437601
1510164204360,INFO,AGENT_EVENT,000000000101000000000010010000000000010001000000110000000111,0.14743713768602162,4352.4263477527875
1510164206051,INFO,AGENT_EVENT,010000000100000000000010000010010000000000100000100000100010,0.14759824260011234,2801.9252258407414
1510164207138,INFO,CLEAR_SCREEN,000000000000000000000000000000000000000000000000000000000000,N/A,N/A
1510164229274,INFO,EXPLORE_EVENT,000000000000000000000000000000000000000000000000000000000011,0.07591210883437499,477.6670234435528
1510164231868,INFO,EXPLORE_EVENT,000000000000000000000000000000000000000000000000010000000011,0.09275432107337014,1164.8266036014118
1510164238154,INFO,EXPLORE_EVENT,000000000000000000000000000000000000000000000100010000000011,0.09275432107337014,1604.799649068439
1510164241824,INFO,EXPLORE_EVENT,000000000010000000000000000000000000000000000100010000000011,0.10140497659137425,1858.5198959167014
1510164246438,INFO,EXPLORE_EVENT,000000000010000000000000000001000000000000000100010000000011,0.12755756259611553,2860.8477882744796
1510164248756,INFO,EXPLORE_EVENT,000000000010000000000000010001000000000000000100010000000011,0.12094684575903807,3185.831796882563
1510164254730,INFO,EXPLORE_EVENT,000000000010000000000000000001000000010000000100110000000011,0.11831469172208961,3417.329840524254
1510164259808,INFO,EXPLORE_EVENT,000000000010100000000000000001000000010000000100010000000011,0.13891471259611554,3414.5403634846625
1510164261901,INFO,CLICK_EVENT,000000000010100000000000000001000000010000000100010000000011,0.13891471259611554,3414.5403634846625
1510164286575,INFO,CLEAR_SCREEN,000000000000000000000000000000000000000000000000000000000000,N/A,N/A
1510164542954,INFO,TREATMENT_3,000000000000000000000000000000000000000000000000000000000000,N/A,N/A
1510164550572,INFO,EXPLORE_EVENT,000000000000000000000000000000000000000000000000000000000010,0.0,630.0049883692784
1510164550706,INFO,AGENT_EVENT,000000010000000000000000000000000000000000000000000000000010,0.02944290135,898.7099994295002
1510164551762,INFO,AGENT_EVENT,000000000000000000000000100000000000000000000000000000000010,0.021025948837500003,1042.6212121038382
1510164552805,INFO,AGENT_EVENT,000000100000000000000000000000000000000000000000000000000010,0.0144620975,889.2290149804737
1510164553753,INFO,AGENT_EVENT,000000000000000000000000001000000000000000000000000000000010,0.0,1271.0991540670584
1510164554991,INFO,AGENT_EVENT,000000000000000000000000000000000000000100000000000000000010,0.04650257321807113,1069.998629641559
1510164557559,INFO,EXPLORE_EVENT,000000000000000000000000000000000000000000000010000000000000,0.014985427700000003,598.2172932223544
1510164557701,INFO,AGENT_EVENT,000000001000000000000000000000000000000000000010000000000000,0.017279381450000002,1281.587048850875
1510164560014,INFO,EXPLORE_EVENT,000000000000000000000000000000000010000000000000000000000000,0.014985427700000003,598.065454921819
1510164560213,INFO,AGENT_EVENT,000000000000000000000000000000000010000000000100000000000000,0.018761035650390827,1392.301468797942
1510164562408,INFO,EXPLORE_EVENT,000000000000000000000010000000000000000000000000000000000000,0.0,624.1800755179117
1510164562607,INFO,AGENT_EVENT,000000000000000000000010000000000000000010000000000000000000,0.019318107534375004,835.6487265284411
1510164564837,INFO,EXPLORE_EVENT,000000000010000000000000000000000000000000000000000000000000,0.0,630.0049883692784
1510164564995,INFO,AGENT_EVENT,000000000010000000010000000000000000000000000000000000000000,0.0,897.8562583602854
1510164567234,INFO,EXPLORE_EVENT,000000000000000000000000000000000000000000000010000000000000,0.014985427700000003,598.2172932223544
1510164567420,INFO,AGENT_EVENT,000000000000000000000000000000000000000000000010000000100000,0.0294475252,857.4413198335498
1510164569323,INFO,EXPLORE_EVENT,000000000000000000000000000000000000000000000010000000000100,0.01867137722512044,1464.0669680933395
1510164569678,INFO,AGENT_EVENT,000000000000000000000000000001000000000000000010000000000100,0.07624950535012044,1835.2805112179635
1510164570879,INFO,AGENT_EVENT,000000000000000000000000000000000000000000100010000000000100,0.03298914419711561,2242.638346206927
1510164572152,INFO,AGENT_EVENT,000000000000000000000000000000000000000000000010000001000100,0.029351046264915328,1948.7701081901173
1510164574459,INFO,EXPLORE_EVENT,000000000000000000000000001000000000000000000010000000000100,0.01867137722512044,2105.1611337911195
1510164574885,INFO,EXPLORE_EVENT,000000000000000100000000001000000000000000000010000000000100,0.01867137722512044,2552.8365520006723
1510164574889,INFO,AGENT_EVENT,000000000000000100000000001000001000000000000010000000000100,0.01996940923943585,3586.574133099366
1510164577260,INFO,EXPLORE_EVENT,000000000000000100000000001000000000000000000010010000000100,0.02167830552343343,2673.720545694344
1510164577277,INFO,AGENT_EVENT,000000000000000100010000001000000000000000000010010000000100,0.02167830552343343,2989.450399226448
1510164580313,INFO,EXPLORE_EVENT,000000000000000100000000000000000000000000000010010000000100,0.02167830552343343,2032.626379996564
1510164582046,INFO,EXPLORE_EVENT,000000000000000000000000000000000000000000000010010000000100,0.02167830552343343,1584.9509617870112
1510164582868,INFO,EXPLORE_EVENT,000000000000000000000000000000000000000000000000010000000100,0.00570875099843343,986.7336685646567
1510164583079,INFO,AGENT_EVENT,000000000000000000000000000100000000000000000000010000000100,0.00570875099843343,1426.706714031684
1510164584470,INFO,AGENT_EVENT,000000000000000000000000000001000000000000000000010000000100,0.06328687912343342,1357.9472116892807
1510164586915,INFO,EXPLORE_EVENT,000000000000000000000000000000000000000000000010010000000100,0.02167830552343343,1584.9509617870112
1510164587278,INFO,AGENT_EVENT,010000000000000000000000000000000000000000000010010000000100,0.03395653475133589,1752.2573880812674
1510164588972,INFO,CLICK_EVENT,000000000000000000000000000001000000000000000010000000000100,0.07624950535012044,1835.2805112179635
1510164589009,INFO,AGENT_EVENT,001000000000000000000000000000000000000000000010010000000100,0.027033660311721074,2254.1623262856424
1510164590469,INFO,AGENT_EVENT,000000000000000000000000000000000000000000000010010000000110,0.030425659692665502,2507.894409604616
1510164591956,INFO,AGENT_EVENT,000000000000000000000000000000000000000000000010010010000100,0.022509873155999338,1905.1177779078857
1510164594460,INFO,EXPLORE_EVENT,000000000000000000000000000000000000000000000010000000000100,0.01867137722512044,1464.0669680933395
1510164594714,INFO,AGENT_EVENT,000000000000000000000000000000000000010000000010000000000100,0.047308745975120456,1537.6440443339752
1510164597324,INFO,AGENT_EVENT,000000000000000000000000000000000000000000000010000000000101,0.029377674534636737,2307.2437779386323
1510164598600,INFO,AGENT_EVENT,000000000000000000000000000000000000010000000010000000000100,0.047308745975120456,1537.6440443339752
1510164601912,INFO,EXPLORE_EVENT,000000000000000000000000000001000000000000000010000000000100,0.07624950535012044,1835.2805112179635
1510164606378,INFO,AGENT_EVENT,000000000000000000000000000001000000000000000000000000000100,0.061264077650120444,1237.0632179956092
1510164607924,INFO,AGENT_EVENT,000000000000000000000000000001000000000000000010000010000100,0.07717094486609932,2132.571938558467
1510164609430,INFO,AGENT_EVENT,000000000000000000000000000001000000000000100010000000000100,0.0905672723221156,2613.8518893315513
1510164610875,INFO,AGENT_EVENT,000000000000010000000000000001000000000000000010000000000100,0.07624950535012044,2002.3193587392025
1510164612080,INFO,AGENT_EVENT,000000000000000000000000000001000000000000000010000000000000,0.072563555825,969.4308363469786
1510164615934,INFO,EXPLORE_EVENT,000010000000000000000000000001000000000000000010000000000100,0.08036835160012044,2089.000758066226
1510164618666,INFO,EXPLORE_EVENT,000010000000000000000000000000000000000000000010000000000100,0.02279022347512044,1717.7872149416016
1510164619128,INFO,EXPLORE_EVENT,000010000000000000000000000001000000000000000010000000000100,0.08036835160012044,2089.000758066226
1510164619217,INFO,EXPLORE_EVENT,000010000000000000000000000000000000000000000010000000000100,0.02279022347512044,1717.7872149416016
1510164620364,INFO,EXPLORE_EVENT,000010000000000000000000000001000000000000000010000000000100,0.08036835160012044,2089.000758066226
1510164620691,INFO,EXPLORE_EVENT,000000000000000010000000000001000000000000000010000000000100,0.07624950535012044,2085.563789392876
1510164621049,INFO,AGENT_EVENT,000000000000000010000000000001000000000000000010000000010100,0.08226628782018056,2403.214248789188
1510164622437,INFO,AGENT_EVENT,100000000000000010000000000001000000000000000010000000000100,0.09727545418762044,2517.120149526807
1510164625700,INFO,EXPLORE_EVENT,000000000000000010000000000001000000000000000010100000000100,0.08267490366017843,2710.417751185657
1510164625986,INFO,EXPLORE_EVENT,000000000000000010000000000000000000000000000010100000000100,0.025096775535178424,2339.2042080610327
1510164626513,INFO,EXPLORE_EVENT,000000000000000000000000000001000000000000000010100000000100,0.08267490366017843,2460.1344730107444
1510164627433,INFO,EXPLORE_EVENT,000000000000000000000000000000000000000000000010100000000100,0.025096775535178424,2088.92092988612
1510164628224,INFO,EXPLORE_EVENT,000000000000000000000000000001000000000000000010100000000100,0.08267490366017843,2460.1344730107444
1510164629446,INFO,EXPLORE_EVENT,000000000000000000000000000001000000000000000010100010000100,0.08331071825024386,2801.4059946035163
1510164629693,INFO,AGENT_EVENT,000000000000000000000000010001000000000000000010100010000100,0.08331071825024386,2859.7131632660758
1510164634798,INFO,EXPLORE_EVENT,000000000000000000000000000001000000000000000010110010000100,0.08646510397636606,2926.6849108807173
1510164636395,INFO,EXPLORE_EVENT,000000000000000000000000000000000000000000000010110010000100,0.028886975851366063,2555.471367756093
1510164637040,INFO,CLICK_EVENT,100000000000000010000000000001000000000000000010000000000100,0.09727545418762044,2517.120149526807
1510164637231,INFO,EXPLORE_EVENT,000000000000000000000000000001000000000000000010110010000100,0.08646510397636606,2926.6849108807173
1510164640283,INFO,EXPLORE_EVENT,000000000000000000000000000000000000000000000010110010000100,0.028886975851366063,2555.471367756093
1510164640880,INFO,EXPLORE_EVENT,000000000000000000000000000001000000000000000010110010000100,0.08646510397636606,2926.6849108807173
1510164643020,INFO,EXPLORE_EVENT,000000000000000000000000000000000000000000000010110010000100,0.028886975851366063,2555.471367756093
1510164644340,INFO,EXPLORE_EVENT,000000000000000000000000000001000000000000000010010000000100,0.07925643364843343,1956.164504911635
1510164645131,INFO,EXPLORE_EVENT,000000000000000000000000000001000000000000000010110010000100,0.08646510397636606,2926.6849108807173
1510164645364,INFO,EXPLORE_EVENT,000000000000000000000000000000000000000000000010010000000100,0.02167830552343343,1584.9509617870112
1510164646113,INFO,EXPLORE_EVENT,000000000000000000000000000001000000000000000010010000000100,0.07925643364843343,1956.164504911635
1510164647246,INFO,EXPLORE_EVENT,000000000000000010000000000001000000000000000010010000000100,0.07925643364843343,2206.447783086548
1510164647887,INFO,EXPLORE_EVENT,000000000000000010000000000001000000000000000010000000000100,0.07624950535012044,2085.563789392876
1510164648938,INFO,EXPLORE_EVENT,000000000000000010000000000001000000000000010010000000000100,0.096625269843348,2880.201604449471
1510164649184,INFO,AGENT_EVENT,000000000000000010000000000001000000000000010010000000000000,0.09293932031822756,2014.3519295784859
1510164650749,INFO,AGENT_EVENT,000000000100000010000000000001000000000000010010000000000100,0.1000609239588156,3746.0512793204557
1510164653512,INFO,EXPLORE_EVENT,000000000000000010000000000001000000000000000010000000000100,0.07624950535012044,2085.563789392876
1510164653891,INFO,EXPLORE_EVENT,000000000000000010000000000001010000000000000010000000000100,0.07624950535012044,2235.4051469125675
1510164654157,INFO,AGENT_EVENT,000000000000000010000000000001010000000000000010010000000100,0.07925643364843343,2356.289140606239
1510164657126,INFO,EXPLORE_EVENT,000000000000000010000000000001000000000000000010000000000100,0.07624950535012044,2085.563789392876
1510164657523,INFO,EXPLORE_EVENT,000000000000000010000000000001000000000000000010000000010100,0.08226628782018056,2403.214248789188
1510164657802,INFO,AGENT_EVENT,000000000000000010000000000001000000000000000110000000010100,0.0736139390073558,3512.410039204665
1510164661448,INFO,EXPLORE_EVENT,000000000000000010000000000001000000000000000010000000010000,0.099978559475,1488.4191255821129
1510164662535,INFO,EXPLORE_EVENT,100000000000000010000000000001000000000000000010000000010000,0.12023985706250001,1919.9754857160437
1510164662868,INFO,AGENT_EVENT,100000000000000010000010000001000000000000000010000000010000,0.1256524857125,2415.1951205470755
1510164664517,INFO,AGENT_EVENT,100000000000000010000000000001000000001000000010000000010000,0.14092486391460204,2869.6174009380065
1510164666185,INFO,AGENT_EVENT,100000000000000010000000000001000000000000000010010000010000,0.13345216643750002,1993.6520303201823
1510164667668,INFO,AGENT_EVENT,100000000000000010000000000001000000000000000010000000011000,0.121280014475,2525.8715758125886
1510164669270,INFO,AGENT_EVENT,100000000000000010000000000001000000100000000010000000010000,0.12076769813750002,2221.197701605671
1510164670916,INFO,AGENT_EVENT,100000000000000010001000000001000000000000000010000000010000,0.121280014475,2532.255306160129
1510164671547,INFO,CLICK_EVENT,100000000000000010000000000001000000000000000010010000010000,0.13345216643750002,1993.6520303201823
1510164672356,INFO,AGENT_EVENT,100000000000000010000000000001000000000000000000000000010000,0.10328617571250001,1321.7581924936894
1510164673947,INFO,AGENT_EVENT,100000000100000010000000000001000000000000000010000000010000,0.10635401081391206,2979.1227622458787
1510164677318,INFO,EXPLORE_EVENT,100000000000000010000000000001000000000000000010010000010000,0.13345216643750002,1993.6520303201823
1510164677689,INFO,AGENT_EVENT,100000000000000010000000000001000000000000100010010000010000,0.1455422325500827,2772.22340843377
1510164679801,INFO,AGENT_EVENT,100001000000000010000000000001000000000000000010010000010000,0.1360472539375,2241.411641146391
1510164683759,INFO,EXPLORE_EVENT,100000000000000010000000000001000100000000000010010000010000,0.08566736556148558,2896.1444520887217
1510164683820,INFO,AGENT_EVENT,100000000000000010000000000011000100000000000010010000010000,0.08525356300166928,3084.748920186897
1510164685571,INFO,AGENT_EVENT,100000001000000010000000000001000100000000000010010000010000,0.08890190297398556,3507.050873387403
1510164688842,INFO,EXPLORE_EVENT,100000000000000010000000000001000000000000000010010000010000,0.13345216643750002,1993.6520303201823
1510164689293,INFO,AGENT_EVENT,100000000000000010000000000001000000000000000010010000010001,0.1289759077092852,3108.919009233652
1510164692315,INFO,AGENT_EVENT,100000000000000010100000000001000000000000000010010000110000,0.1561664664375,2323.3853530701913
1510164692339,INFO,EXPLORE_EVENT,100000000000000010000000000001000000000000000010010000110000,0.1561664664375,2158.992832879317
1510164694149,INFO,AGENT_EVENT,100000000000000010000000000101000000000000000010010000110000,0.12078654674353392,2702.149624248789
1510164696050,INFO,AGENT_EVENT,100000000000000010000000000001000000000000001010010000110000,0.15923849075410176,3694.352153707985
1510164697834,INFO,AGENT_EVENT,100000000000000010000000000011000000000000000010010000110000,0.1561664664375,2265.277818214841
1510164701102,INFO,EXPLORE_EVENT,100000000000000010000000000001000000000000000010010000111000,0.14303874778192532,3644.369024847375
1510164701409,INFO,AGENT_EVENT,100000000000000010000000010001000000000000000010010000111000,0.14303874778192532,3702.6761935099344
1510164706627,INFO,EXPLORE_EVENT,100000000000000010000000000001000000000000000010010000110000,0.1561664664375,2158.992832879317
1510164707094,INFO,EXPLORE_EVENT,100000000000000010000000000001001000000000000010010000110000,0.15771028635,2733.5665955227864
1510164707782,INFO,AGENT_EVENT,100000000000000010000000000001001000000000100010010000110000,0.1597307727609095,3512.137973636374
1510164712837,INFO,EXPLORE_EVENT,100000000000000010000000000001000000000000000010010000110000,0.1561664664375,2158.992832879317
1510164713065,INFO,EXPLORE_EVENT,100000000000000010000000000001000000000000001010010000110000,0.15923849075410176,3694.352153707985
1510164713516,INFO,AGENT_EVENT,100000000000000010000000000001010000000000001010010000110000,0.15923849075410176,3844.193511227676
1510164718602,INFO,EXPLORE_EVENT,100000000000000010000000000001000000000000000010010000110000,0.1561664664375,2158.992832879317
1510164718943,INFO,EXPLORE_EVENT,100000001000000010000000000001000000000000000010010000110000,0.15940100385,2769.899254177999
1510164719694,INFO,AGENT_EVENT,100000001000000010000000000001000001000000000010010000110000,0.14393279135863646,3880.936531491307
1510164724044,INFO,EXPLORE_EVENT,100000001000000010000000000001000000000000000010010000110000,0.15940100385,2769.899254177999
1510164724683,INFO,EXPLORE_EVENT,100000000000000010000000000001000000000000000010010000110000,0.1561664664375,2158.992832879317
1510164724880,INFO,AGENT_EVENT,100000000000000010000000000001000000000000000010010000100000,0.13360518836250004,1983.8874082985221
1510164729759,INFO,EXPLORE_EVENT,100000000000000010000000000001000000000000000010010000110000,0.1561664664375,2158.992832879317
1510164730035,INFO,EXPLORE_EVENT,100000000000000010000000000001100000000000000010010000110000,0.1561664664375,2300.4550500035907
1510164730846,INFO,AGENT_EVENT,100000001000000010000000000001100000000000000010010000110000,0.15940100385,2911.3614713022725
1510164732846,INFO,AGENT_EVENT,100000000000000010000010000001100000000000000010010000110000,0.1615790950875,2795.674684834623
1510164738250,INFO,EXPLORE_EVENT,100000000000000010000000000001000000000000000010010000110000,0.1561664664375,2158.992832879317
1510164738802,INFO,EXPLORE_EVENT,100000000000000010100000000001000000000000000010010000110000,0.1561664664375,2323.3853530701913
1510164739052,INFO,AGENT_EVENT,100000000000000010100000010001000000000000000010010000110000,0.1561664664375,2381.692521732751
1510164745976,INFO,EXPLORE_EVENT,100000000000000010100000000101000000000000000010010000110000,0.12078654674353392,2866.5421444396634
1510164746368,INFO,EXPLORE_EVENT,100000000000000010100000000001000000000000000010010000110000,0.1561664664375,2323.3853530701913
1510164746529,INFO,AGENT_EVENT,100000000000000000100000000101000000000010000010010000110000,0.13712245177790894,2838.3527541649787
1510164746570,INFO,EXPLORE_EVENT,100000000000000010100000000101000000000010000010010000110000,0.13712245177790894,2994.523180034684
1510164753271,INFO,EXPLORE_EVENT,100000000000000010100000000001000000000010000010010000110000,0.17250237147187503,2451.3663886652116
1510164754197,INFO,EXPLORE_EVENT,100100000000000010100000000001000000000010000010010000110000,0.19460294042657839,3067.2122232597017
1510164754747,INFO,EXPLORE_EVENT,100100000000000010100000000001000000000010000010010000110000,0.19460294042657839,3067.2122232597017
1510164756339,INFO,AGENT_EVENT,110100000000000010100000000001000000000010000010010000110000,0.19750572634577862,3194.315405512126
1510164758303,INFO,CLICK_EVENT,100100000000000010100000000001000000000010000010010000110000,0.19460294042657839,3067.2122232597017
1510164759285,INFO,AGENT_EVENT,100100000000000010100000000001000000000010000010010000010000,0.17188864042657837,2901.871420700567
1510164762411,INFO,AGENT_EVENT,100100000000000010100000000001000000000010000010010010110000,0.1940194011925275,3804.865529504526
1510164765444,INFO,AGENT_EVENT,100100000000000010100000000001000000000010000010110000110000,0.2195196208222847,3410.5657233660368
1510164768539,INFO,AGENT_EVENT,100100000000000010100000000001000000000010000010010000111000,0.18121172112470374,4552.5884152277595
1510164768726,INFO,CLICK_EVENT,100100000000000010100000000001000000000010000010110000110000,0.2195196208222847,3410.5657233660368
1510164771387,INFO,AGENT_EVENT,100100000000000010100000001001000000000010000010010000110000,0.17306724648517108,3799.060111749778
1510164777553,INFO,EXPLORE_EVENT,100100000000000010100000000001000000000010000010000000110000,0.18139063105157838,3003.21451469096
1510164778138,INFO,EXPLORE_EVENT,100100000000000010100000000001000000000010000010000000110000,0.18139063105157838,3003.21451469096
1510164778658,INFO,EXPLORE_EVENT,100100000000000010100000000001000000000010000010010000110000,0.19460294042657839,3067.2122232597017
1510164780842,INFO,EXPLORE_EVENT,000100000000000010100000000001000000000010000010110000110000,0.2195718197399833,2811.571892003207
1510164781441,INFO,AGENT_EVENT,100100000000000010100000000001000000000010000010110000110000,0.2195196208222847,3410.5657233660368
1510164783805,INFO,AGENT_EVENT,000100000000000010100000000001000000000000000010110000110000,0.2032359147056083,2683.5908564081865
1510164786522,INFO,AGENT_EVENT,000100100000000010100000000001000000000010000010110000110000,0.2136056941007976,3110.7680320643985
1510164791716,INFO,AGENT_EVENT,100100000000000010100000000001000000000010000010110000110000,0.2195196208222847,3410.5657233660368
1510164791729,INFO,CLICK_EVENT,000100000000000010100000000001000000000010000010110000110000,0.2195718197399833,2811.571892003207
1510164794424,INFO,AGENT_EVENT,000100000000000010100000000001000010000010000010110000110000,0.22306828328876405,4022.387097871263
1510164797370,INFO,AGENT_EVENT,000100000000000010100000000001000000000010010010110000110000,0.21127565932544434,3671.3980885183014
1510164803225,INFO,AGENT_EVENT,000100001000000010100000000000000000000010000010110000110000,0.16339102430384295,3503.3424184164924
1510164803890,INFO,EXPLORE_EVENT,000100001000000010100000000001000000000010000010110000110000,0.21451572784979273,3874.5559615411157
1510164811215,INFO,EXPLORE_EVENT,000100000000000010101000000001000000000010000010110000110000,0.22059000299745946,4241.907602600617
1510164813650,INFO,EXPLORE_EVENT,100100000000000010101000000001000000000010000010110000110000,0.22000996300476086,4840.901433963447
1510164819399,INFO,EXPLORE_EVENT,100100000000000010101000000001000000000010000010110000110001,0.1767073578170641,6394.493133073149
1510164821390,INFO,EXPLORE_EVENT,100100000000000010100000000001000000000010000010110000110001,0.17292575157623158,4964.15742247574
1510164826418,INFO,EXPLORE_EVENT,100100000000000010100000000001000000000010001010110000110000,0.21328759775052974,5008.597283495007
1510164827055,INFO,EXPLORE_EVENT,100100000000000010100000000001000000000010001010110000110001,0.1677608016372704,6562.188982604708
1510164827708,INFO,EXPLORE_EVENT,100100000000000010100000000001000000000010001010110000110001,0.1677608016372704,6562.188982604708
1510164828022,INFO,EXPLORE_EVENT,100100000000000010100000000001000000000010000010110000110000,0.2195196208222847,3410.5657233660368
1510164831724,INFO,EXPLORE_EVENT,100100000000000010100000000001000001000010000010110000110000,0.20056034894034358,4521.603000679345
1510164832273,INFO,AGENT_EVENT,100100000000000010100000000000000001000010000010110000110000,0.1856040967154574,4057.3846060297374
1510164835790,INFO,AGENT_EVENT,100100000000000010100000010001000001000010000010110000110000,0.20023858972360728,4648.014801679257
1510164842299,INFO,EXPLORE_EVENT,100100000000000010100000000001000000000010000010110000110000,0.2195196208222847,3410.5657233660368
1510164844942,INFO,AGENT_EVENT,100100000000000110100001000001000000000010000010110000110000,0.22602266575765925,4860.065406293904
1510164845277,INFO,EXPLORE_EVENT,100100000000000010100001000001000000000010000010110000110000,0.22933382354895088,4613.284610481602
1510164853262,INFO,AGENT_EVENT,100000000001000010100000000001000000000010000010110000110000,0.20142226798204116,4018.3839771694156
1510164853359,INFO,EXPLORE_EVENT,100100000000000010100000000001000000000010000010110000110000,0.2195196208222847,3410.5657233660368
1510164853643,INFO,EXPLORE_EVENT,100100000001000010100000000001000000000010000010110000110000,0.20405746298095365,4266.407194861884
1510164860110,INFO,EXPLORE_EVENT,000100000001000010100000000001000000000010000010110000110000,0.20370754543942626,3634.482378420371
1510164862867,INFO,EXPLORE_EVENT,000100001001000010100000000001000000000010000010110000110000,0.20240699669874057,4707.414184524705
1510164863022,INFO,AGENT_EVENT,000100001001000010100000000001000000000010000010110000110100,0.1300374879661645,6105.404998241772
1510164871762,INFO,EXPLORE_EVENT,000100001001000010100010000001000000000010000010110000110000,0.2078196253487406,5990.247189935761
1510164872558,INFO,EXPLORE_EVENT,000100000001000010100010000001000000000010000010110000110000,0.2091201740894263,4917.3153838314265
1510164876627,INFO,EXPLORE_EVENT,000100001001000010100010000001000000000010000010110000110000,0.2078196253487406,5990.247189935761
1510164880543,INFO,EXPLORE_EVENT,000100001001000010000010000001000000000010000010110000110000,0.2078196253487406,5038.477249396301
1510164880576,INFO,EXPLORE_EVENT,000100001001000010000010000001100000000010000010110000110000,0.2078196253487406,5179.939466520575
1510164882148,INFO,EXPLORE_EVENT,000100001001000010000010000001000000000010000010110000110000,0.2078196253487406,5038.477249396301
1510164884680,INFO,EXPLORE_EVENT,000100001001000010000010000001000000000010000010110000110000,0.2078196253487406,5038.477249396301
1510164888233,INFO,EXPLORE_EVENT,000100001001000010000000000001000000000010000010110000110000,0.20240699669874057,4543.021664333831
1510164889206,INFO,EXPLORE_EVENT,000100001001000010000000000001000000000010000010110000110000,0.20240699669874057,4543.021664333831
1510164890495,INFO,EXPLORE_EVENT,000100001001000010000000000001000010000010000010110000110000,0.20590346024752135,5753.836870201887
1510164892532,INFO,EXPLORE_EVENT,000100001001000010000000000001000010000010000010110000110000,0.20590346024752135,5753.836870201887
1510164896616,INFO,EXPLORE_EVENT,000100001001000010000000000001000010000010000010110000110000,0.20590346024752135,5753.836870201887
1510164900988,INFO,EXPLORE_EVENT,000100001001000010000000000001000010000010000011110000110000,0.2095206467919608,7045.250252436774
1510164901875,INFO,EXPLORE_EVENT,000100001001000010000000000001000010000010000011110000110000,0.2095206467919608,7045.250252436774
1510164907723,INFO,EXPLORE_EVENT,000100001001000010100000000001000010000010000011110000110000,0.2095206467919608,7209.642772627647
1510164910591,INFO,EXPLORE_EVENT,000100001001000010100000000001000010000010000011110000110000,0.2095206467919608,7209.642772627647
1510164914870,INFO,EXPLORE_EVENT,000100001001000010100000000001000010100010000011010001110000,0.17548171210906166,8306.696515048865
1510164915371,INFO,EXPLORE_EVENT,000100001001000010100000000001000010000010000011110001110000,0.1937456562127417,8363.941587614734
1510164920776,INFO,EXPLORE_EVENT,000100001001000010100000000001000010110010000011000001110000,0.17505389711815428,8309.074617469052
1510164922701,INFO,EXPLORE_EVENT,000100001001000010100000000001000010110000000011000001110000,0.17345009900026068,8086.07271221014
1510164928342,INFO,EXPLORE_EVENT,000100001001000010100000000001000010110011000011100000110100,0.1427999149451063,9602.181487062495
1510164931310,INFO,EXPLORE_EVENT,000100001001000010100000000001000010110010000011100001110100,0.14709570273887212,9578.822673750454
1510164931800,INFO,EXPLORE_EVENT,000100001001000010100000000001000010100000000011100001110100,0.13598640009285856,9238.703822592868
1510164933623,INFO,EXPLORE_EVENT,000100001001000010100000000001000010100000000011100001110100,0.13598640009285856,9238.703822592868
1510164939666,INFO,EXPLORE_EVENT,000100001001000010100000010001000010100000000011100001110100,0.1341134998556061,9345.824967107932
1510164942371,INFO,EXPLORE_EVENT,000100001001000010100000010001000010100000000011100001010100,0.13083297827477905,9037.818549362579
1510164943684,INFO,EXPLORE_EVENT,000100001001000010100000010001000010100000000011100001110100,0.1341134998556061,9345.824967107932
1510164945770,INFO,EXPLORE_EVENT,000100111001000010100000010001000010100000000011100001010100,0.1326371548599884,9686.623773032652
1510164949900,INFO,EXPLORE_EVENT,000100101001000010110000010001000010100000000011100001010100,0.1343104473805502,10009.230595467947
1510164953156,INFO,EXPLORE_EVENT,000100101001000010110000010001000010100000000011100001010100,0.1343104473805502,10009.230595467947
1510164956144,INFO,EXPLORE_EVENT,000100101001000010110000010001000010100000000011100001010100,0.1343104473805502,10009.230595467947
1510164956604,INFO,EXPLORE_EVENT,000100101001000010110000010001000010100000000111100001010000,0.1802798081930481,9173.18719070892
1510164975625,INFO,EXPLORE_EVENT,000100101001000010110000010001000010100000000111100001010100,0.12602442040208942,10592.178125529992
1510164975948,INFO,CLICK_EVENT,000100000000000010100000000001000000000010000010110000110000,0.2195718197399833,2811.571892003207
1510164979403,INFO,EXPLORE_EVENT,000100101001000010110000011001000010100000000111100001010100,0.0820047154200901,11009.89037236214
1510164985613,INFO,CLICK_EVENT,000000000000000000000000000000000000000000000000000000000000,0,0
1510164986303,INFO,EXPLORE_EVENT,000100101001000010110000011001000010100000000111100001010100,0.0820047154200901,11009.89037236214
1510164988870,INFO,EXPLORE_EVENT,000100101001000010110000011001000010100000010111100001000100,0.08355697061391996,10988.979530606066
1510164989648,INFO,EXPLORE_EVENT,000100101001000010110000011001000010100000000011100001010100,0.09306690400695472,10426.942842300097
1510164994792,INFO,EXPLORE_EVENT,000100100001000010110000011001000010100000001011100001010100,0.08783435237608869,10403.864725958589
1510164998424,INFO,CLICK_EVENT,000100000000000010100000000001000000000010000010110000110000,0.2195718197399833,2811.571892003207
1510165003476,INFO,EXPLORE_EVENT,000100101001000010110000011001000010100000001011100001000100,0.08810569644272205,11013.288238608662
1510165003679,INFO,EXPLORE_EVENT,000100101001000010110000011001000010100000001011100001010100,0.08894243973647344,11343.60123700462
1510165007132,INFO,EXPLORE_EVENT,000100101001000010110000011001000010100000001011100001010100,0.08894243973647344,11343.60123700462
1510165008359,INFO,EXPLORE_EVENT,000100101001000010110000011001000010100000001011100001000100,0.08810569644272205,11013.288238608662
1510165012145,INFO,EXPLORE_EVENT,000100101001000010110000011001000010100000000010100001000100,0.10283778944119196,8674.982265626537
1510165015398,INFO,EXPLORE_EVENT,000100101001000010110000011001000010100000000010100001000100,0.10283778944119196,8674.982265626537
1510165015925,INFO,EXPLORE_EVENT,000100101001000010110000011001000010100000000011100001001100,0.09173645059183835,11227.332488812117
1510165016618,INFO,EXPLORE_EVENT,000100100001000010110000011001000010100000000010100001000100,0.10256074230938443,7617.367361751783
1510165020419,INFO,EXPLORE_EVENT,000100101001000010110000011001000010100000000010100001000100,0.10283778944119196,8674.982265626537
1510165022231,INFO,EXPLORE_EVENT,000100101000000010100000011001000010100000000010100001000100,0.1185941415016885,7162.561542256376
1510165023342,INFO,EXPLORE_EVENT,000100001000000010100000011001000010100000000010100001000100,0.11535007977577519,6870.7119965375805
1510165023438,INFO,EXPLORE_EVENT,000100001000000010100000010001000010100000000010100001000100,0.1439543672092736,6452.999749705432
1510165026758,INFO,EXPLORE_EVENT,000100001000000010100000000001000010100000000010100001000100,0.14529471129376553,6345.878605190366
1510165029742,INFO,EXPLORE_EVENT,000100001000000010100000000001000010100000000010110001000100,0.1479552817047846,6479.199664219996
1510165030319,INFO,EXPLORE_EVENT,000100000000000010100000000001000010100000000010110001000000,0.17350116952734065,4067.4615867587886
1510165030932,INFO,EXPLORE_EVENT,000100001000000010100000000001000010100000000010110001000000,0.16727639099244695,5130.445656296698
1510165032705,INFO,EXPLORE_EVENT,000100000000000010100000000001000010100000000000110001000000,0.16670693075238313,3543.2143439727633
1510165036456,INFO,EXPLORE_EVENT,000100000000000010100000000001000010000000000010110001000000,0.17297332845234065,3766.239370869161
1510165036520,INFO,EXPLORE_EVENT,000100000000000010100000000001000010100000000010110001000000,0.17350116952734065,4067.4615867587886
1510165038034,INFO,EXPLORE_EVENT,000100000000000010100000000001000010000010000010110001000000,0.18930923348671563,3894.2204064641815
1510165038730,INFO,EXPLORE_EVENT,000100000000000010100000000001000000000010000010110001000000,0.18291247801171567,2706.630911879607
1510165042073,INFO,EXPLORE_EVENT,000100000000000010100000000001000000000010000010110000000000,0.17389523113671568,2458.3739292841133
1510165042537,INFO,EXPLORE_EVENT,000100000000000010100000000001000000000010000010110000100000,0.20348220738671566,2624.130555752868
1510165044478,INFO,EXPLORE_EVENT,000100000000000010100000000001000000000010000010110000100000,0.20348220738671566,2624.130555752868
1510165044641,INFO,EXPLORE_EVENT,000100000000000010100000000001000000000010000010110000110000,0.2195718197399833,2811.571892003207
1510165048485,INFO,EXPLORE_EVENT,000100000000000010100000000001000000000010000000110000110000,0.20461621406498331,2296.842214196361
1510165048492,INFO,EXPLORE_EVENT,000100000000000010100000000001000000000010000010110000110000,0.2195718197399833,2811.571892003207
1510165051357,INFO,EXPLORE_EVENT,000100000000000010100000000001000000000010000010110000010000,0.19685751973998333,2635.4351635619246
1510165051384,INFO,EXPLORE_EVENT,000100000000000010100000000001000000000010000010110000110000,0.2195718197399833,2811.571892003207
1510165054529,INFO,EXPLORE_EVENT,000100000000000000100000000001000000000010000010110000110000,0.2195718197399833,2655.4014661335013
1510165054839,INFO,EXPLORE_EVENT,000100000000000010100000000001000000000010000010110000110000,0.2195718197399833,2811.571892003207
1510165056629,INFO,EXPLORE_EVENT,000100000000000010100000000001000000000010000000110000110000,0.20461621406498331,2296.842214196361
1510165057933,INFO,EXPLORE_EVENT,000100000000000010100000000001000000000010000010110000110000,0.2195718197399833,2811.571892003207
1510165060358,INFO,EXPLORE_EVENT,000100000000000010100000000001000000000010000010110000100000,0.20348220738671566,2624.130555752868
1510165060501,INFO,EXPLORE_EVENT,000100000000000010100000000001000000000010000010110000110000,0.2195718197399833,2811.571892003207
1510165061885,INFO,EXPLORE_EVENT,000100000000000010100000000001000000000010000010100000100000,0.18928577118671566,2552.8368499479648
1510165062418,INFO,EXPLORE_EVENT,000100000000000010100000000001000000000010000010000000000000,0.12905212234921565,1960.4960336733761
1510165063985,INFO,EXPLORE_EVENT,000100000000000010100000000001000000000000000000000000000000,0.09773078961484066,1234.297704856001
1510165064785,INFO,EXPLORE_EVENT,000100000000000010100000000001000000000010000000000000000000,0.11606477032421567,1445.7663558665304
1510165064886,INFO,EXPLORE_EVENT,000000000000000110100000000001000000000000000000000000000000,0.057578128125,1395.6856836220584
1510165065707,INFO,EXPLORE_EVENT,000000000000000110000000000000000000000001000000000000000000,0.057578128125,1085.1246759133455
1510165066450,INFO,EXPLORE_EVENT,000000000000000100000000000000000000000000000000000000000000,0.0,447.73705817532016
1510165067202,INFO,EXPLORE_EVENT,000000000000000100000000000000000000000000000000000000000000,0.0,447.73705817532016
1510165067425,INFO,EXPLORE_EVENT,000000000000000000000000000000000000000001000000000000000000,0.057578128125,371.2660324671776
1510165067702,INFO,EXPLORE_EVENT,000000000000000000000000000100000000000000000000000000000000,0.0,440.04113867618344
1510165067975,INFO,EXPLORE_EVENT,000000000000000000000000000000000000000000000000000000000000,0.0,0.0
1510165077935,INFO,CLICK_EVENT,100000000000000010000000000001000000000000000000000000010000,0.10328617571250001,1321.7581924936894
1510165081441,INFO,CLICK_EVENT,000100000000000010100000000001000000000010000000000000000000,0.11606477032421567,1445.7663558665304
1510165085804,INFO,CLEAR_SCREEN,000000000000000000000000000000000000000000000000000000000000,N/A,N/A
1510165087940,INFO,CLICK_EVENT,000000000000000000000000000000000000000000000000000000000000,0,0
1510165101367,INFO,EXPLORE_EVENT,000000000000000000000000000000000000000000000000000000100000,0.0144620975,259.2800180585232
1510165103891,INFO,EXPLORE_EVENT,000000000000000000000000000000000000000000000000100000100000,0.0602336488375,592.3408162745889
1510165107744,INFO,EXPLORE_EVENT,000000000000000000000000000000000000000000000000110000110000,0.0950231094625,851.0758583298308
1510165116642,INFO,EXPLORE_EVENT,000100000000000010000000000010000000000000000000110000110000,0.13547375699738867,1761.1451146091606
1510165119586,INFO,EXPLORE_EVENT,000100000000000010100000000010000000000000000000110000110000,0.13547375699738867,1925.537634800035
1510165122384,INFO,EXPLORE_EVENT,000100000000000010100000000011000000000000000000110000110000,0.18628223335560828,2191.658548521356
1510165126842,INFO,EXPLORE_EVENT,000100000010000010100000000001000000000000000000110000110000,0.1812707048189946,3031.9235603780094
1510165129253,INFO,EXPLORE_EVENT,000100000010000010100000000011000000000000000000110000110000,0.1812707048189946,3138.2085457135336
1510165134935,INFO,EXPLORE_EVENT,000100000010000010000000000011000000000000100000110000110000,0.1812707048189946,3224.6353347654294
1510165137823,INFO,CLICK_EVENT,000100000000000010100000000011000000000000000000110000110000,0.18628223335560828,2191.658548521356
1510165151096,INFO,CLEAR_SCREEN,000100000010000010000000000011000000000000100000110000110000,N/A,N/A