1509725450358,INFO,DEMO_TREATMENT,000000000000000000000000000000000000000000000000000000000000,N/A,N/A
1509725476440,INFO,EXPLORE_EVENT,000000000000000000000000000000000000000000000000100000000000,0.046922313256621,448.4685696012415
1509725478299,INFO,EXPLORE_EVENT,000000000000000000000000000000000000000000000000000000000000,0.0,0.0
1509725740261,INFO,EXPLORE_EVENT,000000000000000000000000000000000000000000000000100000000000,0.046922313256621,448.4685696012415
1509725750983,INFO,CLICK_EVENT,000000000000000000000000000000000000000000000000100000000000,0.046922313256621,448.4685696012415
1509725774799,INFO,EXPLORE_EVENT,000000000000000000000000000000000000000000000000000000000000,0.0,0.0
1509725776975,INFO,EXPLORE_EVENT,000000000000000000000000000000000000000000000000100000000000,0.046922313256621,448.4685696012415
1509725780028,INFO,EXPLORE_EVENT,000000000000000000000000000000000000000000000000110000000000,0.04254123249703581,721.6383992414953
1509725785901,INFO,CLICK_EVENT,000000000000000000000000000000000000000000000000100000000000,0.046922313256621,448.4685696012415
1509725789606,INFO,CLICK_EVENT,000000000000000000000000000000000000000000000000110000000000,0.04254123249703581,721.6383992414953
1509725907510,INFO,EXPLORE_EVENT,000000000000000000000000000000000000000000000000000000000000,0.0,0.0
1509725915292,INFO,CLEAR_SCREEN,000000000000000000000000000000000000000000000000000000000000,N/A,N/A
1509725915771,INFO,CLICK_EVENT,000000000000000000000000000000000000000000000000000000000000,0,0
1509725923147,INFO,TREATMENT_2,000000000000000000000000000000000000000000000000000000000000,N/A,N/A
1509725987826,INFO,AGENT_EVENT,000000000000011000001000000000000110010100010010010000000000,0.036470345836696505,4423.44301739504
1509725989077,INFO,AGENT_EVENT,000000100100000000010000000010000001000010000000000000000000,0.1473392440895367,2656.4990523279225
1509725990674,INFO,AGENT_EVENT,000001001001001001010000000000000010010000100001000000000000,0.10880265848187742,5254.536866387724
1509725991786,INFO,AGENT_EVENT,000000000000000000010000000000100100010000000001000100000010,0.08519900257639901,2717.773933989877
1509725992668,INFO,AGENT_EVENT,000000000000011000000000000000000000000000000000000000001000,0.06422622155135316,1515.7582669772082
1509725994144,INFO,AGENT_EVENT,000010000100010011000000000000011000001010000000000100000000,0.08655685204822028,7344.722362095094
1509725995186,INFO,AGENT_EVENT,000000100100000000010000000010000000010000001000000000000000,0.07786496768212103,2769.070222474421
1509725996802,INFO,AGENT_EVENT,000010111000100000010000001010000000001000000100000000000000,0.08052631200218796,6550.416473826195
1509725997805,INFO,AGENT_EVENT,000000000000000000010000000110000001000010000000000000000000,0.041837237641707326,3028.732413228512
1509725998930,INFO,AGENT_EVENT,000000100100000000010000000000010010010000000001000000000000,0.12497293408953669,2051.8916791729202
1509725999818,INFO,AGENT_EVENT,100000000000000000000000000001000000000000000010000000000000,0.04871923751604679,1472.929533707801
1509726000634,INFO,AGENT_EVENT,000000000000000000000001000000000000000000010000000000000000,0.05414406562499996,530.2237844900537
1509726000943,INFO,CLICK_EVENT,000010000100010011000000000000011000001010000000000100000000,0.08655685204822028,7344.722362095094
1509726001808,INFO,AGENT_EVENT,000010000001100000100000000000011000000001000000100000000000,0.1279778294409517,3564.8888892558734
1509726003447,INFO,AGENT_EVENT,000001001001001001011000000000000010010000000000000000000000,0.050966908630558194,5180.135247896749
1509726004392,INFO,AGENT_EVENT,000000000000000000000000000000100000000100000100100100000001,0.03717626155440956,2997.0824279603994
1509726005913,INFO,AGENT_EVENT,000010000100000011000000000010000001000010000000000000000000,0.12229257300944096,4833.97815869265
1509726005935,INFO,CLICK_EVENT,000000100100000000010000000010000001000010000000000000000000,0.1473392440895367,2656.4990523279225
1509726007377,INFO,AGENT_EVENT,000000000000101000110000000010000001011001001000010000000000,0.1547149083132473,5059.367502598814
1509726008618,INFO,AGENT_EVENT,000000000000101000110000000010000001010001001000000000000000,0.12910659095341648,3926.6193017845435
1509726009692,INFO,AGENT_EVENT,100000000000100000100000000010010001011000000000000000000000,0.10471499822714925,3431.3766004025674
1509726010902,INFO,AGENT_EVENT,010000000011100000000000000000000011000010000000000000000000,0.11856924263641755,2682.1720947642116
1509726012287,INFO,AGENT_EVENT,100000010101000000000000110001100000000100000100000000000000,0.08330677070739778,4643.5117890563415
1509726013600,INFO,AGENT_EVENT,000000100100000000010000000010000001000010000001000000000000,0.14891174408953678,3542.2299356502704
1509726014999,INFO,AGENT_EVENT,000000110011001000010000000000000000000000000001000000000000,0.12060793817500004,2065.0194631504182
1509726016910,INFO,AGENT_EVENT,000100100100010011000000000000011000001010000001000000101001,0.1385330324428824,8966.566796439203
1509726018354,INFO,AGENT_EVENT,000001000000000000000000000000000001011001001000010000000000,0.1261727466478646,4272.295428942124
1509726019547,INFO,AGENT_EVENT,000001100000010010000000000000001000000000000001000000000000,0.12050045051678315,4176.703022337174
1509726020509,INFO,AGENT_EVENT,000000001000000000000000000000000000000000000000000010000100,0.04674208312470074,2013.2285603275072
1509726022449,INFO,AGENT_EVENT,000000010000101000110000000010000001001001001000000000100000,0.13654069499736365,5071.299263627558
1509726023522,INFO,AGENT_EVENT,000001000000000000000010000000000001011000010000000000000000,0.0932654989824313,2519.05765866209
1509726025073,INFO,AGENT_EVENT,000000000000101000110000000010000001111001001000010000000000,0.15409869265282428,5334.075622599097
1509726025825,INFO,CLICK_EVENT,000000100100000000010000000000010010010000000001000000000000,0.12497293408953669,2051.8916791729202
1509726025954,INFO,AGENT_EVENT,000000000100000000000000000000100000010000000000000000000000,0.07171003853491009,1135.0177074533442
1509726026970,INFO,AGENT_EVENT,010000100100000000000001000000000000000000010000000000000000,0.10654031982768142,1913.7516298357878
1509726028316,INFO,AGENT_EVENT,000000100100000000010000000010000001000010000001000000000000,0.14891174408953678,3542.2299356502704
1509726029853,INFO,AGENT_EVENT,000000000000101000110000000010000001001101001000010000000000,0.15170423894017504,5352.836783024231
1509726030538,INFO,AGENT_EVENT,000000000000000000000000000000000000010000000000000000100000,0.021025948837499975,671.5406656321791
1509726031330,INFO,AGENT_EVENT,000000000000000000000001000000000000000010010000000000000000,0.06912949332499996,1037.5626420004296
1509726032838,INFO,AGENT_EVENT,000000110011001001010000000000000000000000000001000000000000,0.13071663987312898,3526.4146831119924
1509726033718,INFO,AGENT_EVENT,000000001000000000000000000000000000000000000000000000010000,0.03695587535703593,833.8098936977176
1509726034771,INFO,AGENT_EVENT,000000110000000000000100000000100000010000000000000000000000,0.09130913629412096,1633.0101302644277
1509726035551,INFO,AGENT_EVENT,000000000000000000000000000000100000010000000000000010000000,0.03601137653749997,1284.626128332051
1509726036499,INFO,AGENT_EVENT,000000100100000000000000000010000000010000000000000000000000,0.06428298736535942,1930.2530844766925
1509726037757,INFO,AGENT_EVENT,000000100100001000000000000000000001000000000000001010000000,0.13444876847975173,4107.531377287371
1509726038841,INFO,AGENT_EVENT,000000000000101000010000000000010010010000000001000000000000,0.09890363874999997,1766.517231188839
1509726039033,INFO,CLICK_EVENT,000000100100000000010000000010000001000010000000000000000000,0.1473392440895367,2656.4990523279225
1509726039960,INFO,AGENT_EVENT,010000000011100000000000000000000010000010000000000000000000,0.11013085532766809,2409.081408228322
1509726041562,INFO,AGENT_EVENT,000000000000101000110000000010001010000001000000100010001000,0.12889683838941046,5944.629387505804
1509726043273,INFO,AGENT_EVENT,000000110011001001010000000000010010010000010001000000000000,0.13071663987312898,4055.8100512174497
1509726044386,INFO,AGENT_EVENT,000000001000000000010000000000100100010000000000001010000000,0.04498643448108941,4267.724475647544
1509726045768,INFO,AGENT_EVENT,000000110011001000000000000001000001000000000010000000000000,0.12731541778100186,3366.2505610821318
1509726049204,INFO,AGENT_EVENT,000000100100000010110110100010100000000001000000100010011010,0.1620089847897167,8690.722817016462
1509726050203,INFO,AGENT_EVENT,000000100100000000000000000010000001010000000000000000000000,0.11338902944777507,2205.5864808748747
1509726050998,INFO,AGENT_EVENT,000000000000000000000001001000000000000000010000000000000000,0.05643801937500004,1208.2440756847534
1509726052024,INFO,AGENT_EVENT,000000000000000000010000000010000001000000000001000000000000,0.07100906432499998,1408.6580850109058
1509726053312,INFO,AGENT_EVENT,000000110011001001000000000000100000000000000000000000000000,0.11892647887516739,3489.838492926867
1509726055065,INFO,CLICK_EVENT,000000100100000000010000000010000001000010000000000000000000,0.1473392440895367,2656.4990523279225
1509726055282,INFO,AGENT_EVENT,000000110011001001010000000000100100010000100001000000000010,0.15802478464812897,5208.40860844824
1509726057732,INFO,AGENT_EVENT,000000100101000010110110100010100000000000000000000000100000,0.10481736586407775,6552.648271217753
1509726059016,INFO,AGENT_EVENT,000000110011000000010000000000000000000000100000000000000000,0.11281012058750006,1516.27842579
1509726059808,INFO,AGENT_EVENT,000000000000000000000100000000000000000000010000000000000000,0.046922313256620996,612.756825251803
1509726061398,INFO,AGENT_EVENT,000010000001100000000000000000011000000001000000100011001000,0.13994885673742463,5480.220885041707
1509726062172,INFO,AGENT_EVENT,000000000000000000000001000000000000100010000000000000000000,0.06768475610499469,1742.378451311912
1509726065275,INFO,AGENT_EVENT,000000001000000010110110100010100000010001000000100010011010,0.14859732309593177,8593.916634978983
1509726065944,INFO,AGENT_EVENT,000000000000001000000000000000000000000000000000000000000000,0.0022939537499999663,683.3697556285204
1509726067109,INFO,AGENT_EVENT,000000100100001000000000000000000001000000010000001010000000,0.13444876847975173,4271.819723855704
1509726067554,INFO,CLICK_EVENT,000000100100000000010000000010000001000010000000000000000000,0.1473392440895367,2656.4990523279225
1509726068486,INFO,AGENT_EVENT,000000100100001000000000000000000001000000010000001010010000,0.1630027958703404,4378.463475188909
1509726071101,INFO,AGENT_EVENT,000000100100000010110110100010100000010001000000100010000000,0.12405101193803902,8239.124797589919
1509726071780,INFO,AGENT_EVENT,001000000000000000000000000000000000010000000000000000000000,0.0022939537499999663,942.0405698588805
1509726072867,INFO,AGENT_EVENT,010000000001000001010000000000000000000000100000000000000000,0.12944303742697594,2080.592072148468
1509726073869,INFO,AGENT_EVENT,000000110000000000000000000001000000000000000000010000000000,0.09980209199117995,1758.9000649414306
1509726075170,INFO,AGENT_EVENT,000010110000000000000000000001000001010001001000000000000000,0.09202769265420663,4202.71599088432
1509726076613,INFO,AGENT_EVENT,000000000100000000010000000000010010010000000001000000000100,0.11897929737581237,1892.8914890823708
1509726077953,INFO,AGENT_EVENT,000000100100000000010000000010000001000110000001000000000000,0.14891174408953678,4124.072281884314
1509726078989,INFO,AGENT_EVENT,000000100100000000001000000000000001000000000000000000000000,0.1194726495779529,2080.5728386541095
1509726080983,INFO,AGENT_EVENT,000000110011001001110000000000010010010000010000000000001000,0.1684783913916651,5136.540149887075
1509726082422,INFO,AGENT_EVENT,000000110000000100000000000001000001000010000001000000000000,0.13391656887269743,4390.777681526003
1509726083588,INFO,AGENT_EVENT,000000000000000000000001000000000000000010010000001010010000,0.11108556980216755,3277.4530159697906
1509726085014,INFO,AGENT_EVENT,000000100100000100010000000010000001000010000001000000000000,0.14451345964668771,4361.657177920671
1509726085723,INFO,CLEAR_SCREEN,000000000000000000000000000000000000000000000000000000000000,N/A,N/A
1509726229242,INFO,EXPLORE_EVENT,000000100100000000000000000000000000000000000000000000000000,0.06428298736535941,1047.4021947284205
1509726233407,INFO,EXPLORE_EVENT,000000100100000000010000000000000000000000000000000000000000,0.07586689200712107,1215.007574021438
1509726237477,INFO,EXPLORE_EVENT,000000100100000000010000000010000001000000000000000000000000,0.12697100976453676,2114.222092938771
1509726241067,INFO,EXPLORE_EVENT,000000100100000000010000000010000001000010000000000000000000,0.14733924408953675,2656.4990523279225
1509726248205,INFO,CLEAR_SCREEN,000000100100000000010000000010000001000010000000000000000000,N/A,N/A
1509726791252,INFO,TREATMENT_1,000000000000000000000000000000000000000000000000000000000000,N/A,N/A
1509726798686,INFO,EXPLORE_EVENT,000000000000000000000000000000000000000000000000100000000000,0.0144620975,250.88035225693346
1509726803433,INFO,CLICK_EVENT,000000000000000000000000000000000000000000000000100000000000,0.0144620975,250.88035225693346
1509726806040,INFO,EXPLORE_EVENT,000000000000000000000000000000000000000000000000000000000000,0.0,0.0
1509726807574,INFO,EXPLORE_EVENT,000000000000000000000000000000000000100000000000000000000000,0.0,250.8605824203334
1509726811525,INFO,EXPLORE_EVENT,000000000000000000000000100000000000000000000000000000000000,0.0,258.5627292295798
1509726818856,INFO,EXPLORE_EVENT,000000000000100000000000000000000000000000000000000000000000,0.0144620975,259.2800180585232
1509726822775,INFO,EXPLORE_EVENT,100000000000000000000000000000000000000000000000000000000000,0.0144620975,259.2800180585232
1509726825678,INFO,EXPLORE_EVENT,000000000000000000000000000000000000000000000000000000000000,0.0,0.0
1509726837791,INFO,EXPLORE_EVENT,000000000000000000000000000000000000000000000000000000000001,0.057578128125,371.2660324671776
1509726841755,INFO,EXPLORE_EVENT,000000000000000000000000000000000000000000000001000000000000,0.057578128125,371.2135431246241
1509726844155,INFO,EXPLORE_EVENT,000000000000000000000000000000000001000000000000000000000000,0.054144065624999994,363.9592794270581
1509726845715,INFO,EXPLORE_EVENT,000000000000000000000001000000000000000000000000000000000000,0.054144065624999994,365.9354379217204
1509726847330,INFO,EXPLORE_EVENT,000000000001000000000000000000000000000000000000000000000000,0.06140520000000001,365.9354379217204
1509726848375,INFO,EXPLORE_EVENT,000000000000000000000000000000000000000000000000000000000000,0.0,0.0
1509726849812,INFO,EXPLORE_EVENT,000000000001000000000000000000000000000000000000000000000000,0.06140520000000001,365.9354379217204
1509726850618,INFO,EXPLORE_EVENT,000000000000000000000000000000000000000000000000000000000000,0.0,0.0
1509726855091,INFO,EXPLORE_EVENT,000000000000000000000000000000000000000000000000000000000010,0.018333980709375003,211.46865101052936
1509726857472,INFO,EXPLORE_EVENT,000000000000000000000000000000000000000000000010000000000000,0.0,211.37761473882722
1509726860432,INFO,EXPLORE_EVENT,000000000000000000000000000000000010000000000000000000000000,0.0,250.28327817491257
1509726862950,INFO,EXPLORE_EVENT,000000000000000000000010000000000000000000000000000000000000,0.0011366437500000002,253.72024684826238
1509726864269,INFO,EXPLORE_EVENT,000000000010000000000000000000000000000000000000000000000000,5.683218750000001E-4,253.72024684826238
1509726865954,INFO,EXPLORE_EVENT,000000000000000000000000000000000000000000000000000000000000,0.0,0.0
1509726877715,INFO,EXPLORE_EVENT,000000000011000000000000000000000000000000000000000000000000,0.06197352187500001,549.8461704409058
1509726884436,INFO,EXPLORE_EVENT,000000000011000000000000000000000000000000000000000000000000,0.06197352187500001,549.8461704409058
1509726886574,INFO,EXPLORE_EVENT,000000000011000000000000000000000000000000000000000000000000,0.06197352187500001,549.8461704409058
1509726889341,INFO,EXPLORE_EVENT,000000000011000000000000000000000000000000000000000000000000,0.06197352187500001,549.8461704409058
1509726909932,INFO,EXPLORE_EVENT,000000000011000000000000000000111100000000000000000000000000,0.06791420982353612,2211.7068504355
1509726913867,INFO,EXPLORE_EVENT,000000111111000000000000000000000000000000000000000000000000,0.05039448126953848,2507.3813780973446
1509726930466,INFO,EXPLORE_EVENT,000000000011000000111100000000000000000000000000000000000000,0.09733993259834382,2225.116472499385
1509726937101,INFO,EXPLORE_EVENT,000000000011000000000000000000111100000000000000000000000000,0.06791420982353612,2211.7068504355
1509726945439,INFO,EXPLORE_EVENT,000000000011000000000000000000000000000000111100000000000000,0.06766766012200544,2103.9360486720825
1509726950173,INFO,EXPLORE_EVENT,000000000011000000000000000000000000000000000000000000111100,0.11139587040287985,2104.2849588527906
1509726953163,INFO,EXPLORE_EVENT,000000000011000000000000000000111100000000000000000000000000,0.06791420982353612,2211.7068504355
1509726955554,INFO,EXPLORE_EVENT,000000000000000000000000000000111111000000000000000000000000,0.018369989929844677,2456.612738702631
1509726958251,INFO,EXPLORE_EVENT,000000000011000000000000000000111100000000000000000000000000,0.06791420982353612,2211.7068504355
1509726973279,INFO,EXPLORE_EVENT,000000111111000000000000000000000000000000000000000000000000,0.05039448126953848,2507.3813780973446
1509726976302,INFO,CLICK_EVENT,000000000011000000000000000000000000000000000000000000111100,0.11139587040287985,2104.2849588527906
1509726995311,INFO,EXPLORE_EVENT,000000000011000000000000000000000000000000000000000000000000,0.06197352187500001,549.8461704409058
1509727008563,INFO,EXPLORE_EVENT,000000000011000000000000000000000000000000000000000011000000,0.0856763315909681,2465.4545800644364
1509727010971,INFO,EXPLORE_EVENT,000011000011000000000000000000000000000000000000000000000000,0.04042530880694628,2889.5493300983353
1509727021068,INFO,EXPLORE_EVENT,000000000011000011000000000000000000000000000000000000000000,0.07826216674944804,2547.075537270543
1509727023561,INFO,EXPLORE_EVENT,000000000011000000000000000011000000000000000000000000000000,0.08089128094890181,2525.840734182424
1509727028248,INFO,EXPLORE_EVENT,000000000011000000000000000000000000000011000000000000000000,0.0856763315909681,2464.9068949953307
1509727030203,INFO,EXPLORE_EVENT,000000000011000000000000000000000000000000000000000000000000,0.06197352187500001,549.8461704409058
1509727032350,INFO,EXPLORE_EVENT,000000000000000000000000000000000000000000000000000000000000,0.0,0.0
1509727055266,INFO,EXPLORE_EVENT,000000000000000000000000001100000000000000000000000000000000,4.0445017516340363E-4,1917.2593982300723
1509727063119,INFO,EXPLORE_EVENT,001100000000000000000000000000000000000000000000000000000000,0.00385127614839117,1934.9529816091017
1509727066007,INFO,EXPLORE_EVENT,000000000000000000000000000000000000000000000000000000000000,0.0,0.0
1509727075250,INFO,EXPLORE_EVENT,000000000000000000000000000000000000000000000000000000000010,0.018333980709375003,211.46865101052936
1509727078685,INFO,EXPLORE_EVENT,000000000000000000000000000000000000000000000000000000000000,0.0,0.0
1509727184212,INFO,CLEAR_SCREEN,000000000000000000000000000000000000000000000000000000000000,N/A,N/A
1509727185231,INFO,CLICK_EVENT,000000000000000000000000000000000000000000000000000000000000,0,0
1509727249399,INFO,EXPLORE_EVENT,000000000001000000000000000000000000000000000000000000000000,0.06140520000000001,365.9354379217204
1509727250846,INFO,EXPLORE_EVENT,000000000011000000000000000000000000000000000000000000000000,0.06197352187500001,549.8461704409058
1509727257442,INFO,EXPLORE_EVENT,000000000011000000000000000000000000000000000000000000111100,0.11139587040287985,2104.2849588527906
1509727281301,INFO,CLICK_EVENT,000000000000000000000000000000000000000000000000000000000000,0,0
1509727281942,INFO,CLEAR_SCREEN,000000000011000000000000000000000000000000000000000000111100,N/A,N/A
1509727605500,INFO,TREATMENT_3,000000000000000000000000000000000000000000000000000000000000,N/A,N/A
1509727610094,INFO,EXPLORE_EVENT,000000000000000000000000000000000000000000000000100000000000,0.0314321988375,431.63363893128997
1509727610407,INFO,AGENT_EVENT,000000000000000000000000000000000000000000000000100000000001,0.0497659471816443,1655.2204485317989
1509727611482,INFO,AGENT_EVENT,000000000000000000000010000000000000000000000000100000000000,0.0314321988375,1055.7364356518428
1509727612458,INFO,AGENT_EVENT,000000000000000000000000000000000000000000000000100000000100,0.010111347835178423,1490.7036366637658
1509727613806,INFO,AGENT_EVENT,000000000000000000000000000000000000000000000000101000000000,0.029062344902175095,1286.4152796017934
1509727614975,INFO,EXPLORE_EVENT,000000000000000000000000000000000000000000000000000000000000,0.0,0.0
1509727616506,INFO,EXPLORE_EVENT,000000000000000000000000000000000000100000000000000000000000,0.021025948837500003,412.71697524122806
1509727616750,INFO,AGENT_EVENT,000000000000000000000000000000000000100000000000010000000000,0.0334527319625,580.1158506955315
1509727617807,INFO,AGENT_EVENT,000000000000000000000000000000000000100000000000000000000010,0.021025948837500003,1042.7219636105065
1509727620409,INFO,EXPLORE_EVENT,000000000000000000000000100000000000000000000000000000000000,0.021025948837500003,412.61622373455975
1509727620593,INFO,AGENT_EVENT,000000001000000000000000100000000000000000000000000000000000,0.023618580000000004,1095.98597936308
1509727621822,INFO,AGENT_EVENT,000100000000000000000000100000000000000000000000000000000000,0.067948262094121,861.1808950492991
1509727622992,INFO,AGENT_EVENT,001000000000000000000000100000000000000000000000000000000000,0.027109568967677765,1081.8275882331907
1509727624222,INFO,AGENT_EVENT,000000000000000000000000100000000000000000100000000000000000,0.0354880463375,663.592677704991
1509727626243,INFO,EXPLORE_EVENT,000000000000100000000000000000000000000000000000000000000000,0.021025948837500003,427.82138109008554
1509727626391,INFO,AGENT_EVENT,000000000000100000000000000000000000000000000000000000000010,0.021025948837500003,1057.7430092486147
1509727627322,INFO,AGENT_EVENT,000000000000100010000000000000000000000000000000000000000000,0.021025948837500003,599.9930009706084
1509727629370,INFO,EXPLORE_EVENT,100000000000000000000000000000000000000000000000000000000000,0.021025948837500003,431.63363893128997
1509727629371,INFO,AGENT_EVENT,100000000000000000000000000000000000000000000000000010000000,0.021025948837500003,431.63363893128997
1509727630558,INFO,EXPLORE_EVENT,000000000000000000000000000000000000000000000000000000000000,0.0,0.0
1509727642053,INFO,CLICK_EVENT,000000000000000000000000000000000000000000000000100000000000,0.0314321988375,431.63363893128997
1509727648704,INFO,EXPLORE_EVENT,000000000000000000000000000000000000000000000000000000000001,0.04294237299334684,1009.3045466820167
1509727648743,INFO,AGENT_EVENT,000000000000000000000000000000100000000000000000000000000001,0.04294237299334684,1260.1040381907949
1509727649907,INFO,AGENT_EVENT,000000001000000000000000000000000000000000000000000000000001,0.04523632674334684,1692.674302310537
1509727651110,INFO,AGENT_EVENT,000000000000000000000000000001000000000000000000000000000001,0.08983490148243134,1380.5180898066408
1509727652289,INFO,AGENT_EVENT,000000000000000000000000000000000000000000000000000000010001,0.04429392589616854,1336.9998580776587
1509727653152,INFO,EXPLORE_EVENT,000000000000000000000000000000000000000000000000000000000000,0.0,0.0
1509727656017,INFO,EXPLORE_EVENT,000000000000000000000000000000000000000000000000000000000010,0.0,630.0049883692784
1509727656239,INFO,AGENT_EVENT,000000000000000000000010000000000000000000000000000000000010,0.014985427700000003,1254.1850638871902
1509727657424,INFO,AGENT_EVENT,000100000000000000000000000000000000000000000000000000000010,0.046922313256621,1078.4133517348685
1509727658344,INFO,EXPLORE_EVENT,000000000000000000000000000000000000000000000000000000000000,0.0,0.0
1509727661615,INFO,AGENT_EVENT,000000000000000001000000000000000000000000000000000000000100,0.0036859495251204424,865.8496748709849
1509727661616,INFO,EXPLORE_EVENT,000000000000000000000000000000000000000000000000000000000100,0.0036859495251204424,865.8496748709849
1509727663025,INFO,AGENT_EVENT,000000000000000000000000000000000000000000000000100000000100,0.010111347835178423,1490.7036366637658
1509727663909,INFO,EXPLORE_EVENT,000000000000000000000000000000000000000000000000000000000000,0.0,0.0
1509727666207,INFO,EXPLORE_EVENT,000000000000000000000000000000000000000000000000000000001000,0.0022939537500000005,683.3697556285204
1509727666263,INFO,AGENT_EVENT,000000000000000000000000000000000100000000000000000000001000,0.0022939537500000005,1477.4704968443814
1509727667520,INFO,EXPLORE_EVENT,000000000000000000000000000000000000000000000000000000000000,0.0,0.0
1509727669370,INFO,EXPLORE_EVENT,000000000000000000000000000000000000000000000000000000010000,0.02544675,268.75502213727935
1509727669618,INFO,AGENT_EVENT,000000000000000000000000000000000000000000000000000010010000,0.026015071875,445.5876150491364
1509727671091,INFO,EXPLORE_EVENT,000000000000000000000000000000000000000000000000000000000000,0.0,0.0
1509727677016,INFO,AGENT_EVENT,010000000000000000000000000000000000000000000000000001000000,0.06140520000000001,365.9354379217204
1509727677019,INFO,EXPLORE_EVENT,000000000000000000000000000000000000000000000000000001000000,0.06140520000000001,365.9354379217204
1509727677907,INFO,EXPLORE_EVENT,000000000000000000000000000000000000000000000000000000000000,0.0,0.0
1509727679864,INFO,EXPLORE_EVENT,000000000000000000000000000000000000000000000000000010000000,5.683218750000001E-4,253.72024684826238
1509727680028,INFO,AGENT_EVENT,000000000000000000000000000000000000000000000000000010000100,0.0036232622160993233,1163.1411022114885
1509727681849,INFO,EXPLORE_EVENT,000000000000000000000000000000000000000000000000000000000000,0.0,0.0
1509727685275,INFO,CLICK_EVENT,000000000000000000000000000000000000000000000000000001000000,0.06140520000000001,365.9354379217204
1509727690844,INFO,CLICK_EVENT,000000000000000000000000000001000000000000000000000000000001,0.08983490148243134,1380.5180898066408
1509727701617,INFO,EXPLORE_EVENT,000001000000000000000000000000000000000000000000000000000000,0.08557626446250001,797.4917980556513
1509727701618,INFO,AGENT_EVENT,000001000000000000000000000000000000000000000000100000000000,0.08557626446250001,797.4917980556513
1509727702770,INFO,AGENT_EVENT,000001000000100000000000000000000000000000000000000000000000,0.0751700144625,793.6734588010568
1509727704539,INFO,EXPLORE_EVENT,000000000000000000000000000000000000000000000000000000000000,0.0,0.0
1509727713477,INFO,CLICK_EVENT,000000000000000000000000000000000000000000000000000000000000,0,0
1509727715936,INFO,CLICK_EVENT,000000000000000000000000000001000000000000000000000000000001,0.08983490148243134,1380.5180898066408
1509727740499,INFO,EXPLORE_EVENT,000001000000000000000000000000000000000000000000000000000000,0.054144065624999994,365.9354379217204
1509727740855,INFO,AGENT_EVENT,000001000000000000000000000000000000000100000000000000000000,0.09587340193605934,805.9290791940011
1509727743395,INFO,EXPLORE_EVENT,000001000000000000000001000000000000000000000000000000000000,0.0828762509644741,1368.2633302794989
1509727743523,INFO,AGENT_EVENT,000001000000000010000001000000000000000000000000000000000000,0.07929840780175476,1677.3400110004022
1509727744935,INFO,AGENT_EVENT,000001000000000000000001000000000000000000000000000000000100,0.08656220048959455,2234.113005150484
1509727746260,INFO,AGENT_EVENT,000001000000000010000001000000000000000000000000000000000000,0.07929840780175476,1677.3400110004022
1509727747620,INFO,AGENT_EVENT,000001000100000000000001000000000000000000000000000000000000,0.04555432451231516,2352.880707325541
1509727749006,INFO,AGENT_EVENT,000001000000000000000001000000000000000000100000000000000000,0.0973383484644741,1619.0826395222703
1509727750624,INFO,AGENT_EVENT,000101000000000000000001000000000000000000000000000000000000,0.0844629024247204,1922.8274001195755
1509727753262,INFO,EXPLORE_EVENT,000001000000000000000000000000000000000000000000000000000000,0.054144065624999994,365.9354379217204
1509727753817,INFO,EXPLORE_EVENT,000001000001000000000000000000000000000000000000000000000000,0.044954825685568384,1510.1965441331308
1509727754209,INFO,AGENT_EVENT,000001000001000000000000000000000000000000000000000000000100,0.048640775210688825,2376.0462190041158
1509727755662,INFO,AGENT_EVENT,001001000001000000000000000000000000000000000000000000000000,0.030819841847244525,1983.2365926166176
1509727756908,INFO,AGENT_EVENT,000001000001000000000000000000010000000000000000000000000000,0.044954825685568384,1768.867358363491
1509727758250,INFO,AGENT_EVENT,000001100001000000000000000000000000000000000000000000000000,0.04388180570126961,1803.2423374661107
1509727759699,INFO,AGENT_EVENT,000001000001000000000000000000000000001000000000000000000000,0.08296964598692155,2151.353709953572
1509727761860,INFO,EXPLORE_EVENT,000000000000000000000000000000000000000000000000000000000000,0.0,0.0
1509727771537,INFO,EXPLORE_EVENT,001000000000000000000000000000000000000000000000000000000000,0.006083620130177763,669.211364498631
1509727771538,INFO,AGENT_EVENT,001000000000000000000000000000000000000000000000000000001000,0.006083620130177763,669.211364498631
1509727772746,INFO,AGENT_EVENT,001000000000000000000000000000000000100000000000000000000000,0.027109568967677765,1081.928339739859
1509727774451,INFO,EXPLORE_EVENT,000000000000000000000000000000000000000000000000000000000000,0.0,0.0
1509727788648,INFO,EXPLORE_EVENT,000000000000000000000000000000000100000000000000000000000000,0.0,794.100741215861
1509727789009,INFO,EXPLORE_EVENT,000000000000000000000000000001000100000000000000000000000000,0.009793327248985554,1273.7059648931636
1509727789359,INFO,AGENT_EVENT,000000000000000001000000000001000100000000000000000000000000,0.059150628125,1584.432865555546
1509727790497,INFO,AGENT_EVENT,000000000000000000000000000001000100000000000000000000001000,0.012087280998985555,1957.0757205216842
1509727791866,INFO,EXPLORE_EVENT,000000000000000000000000000001000000000000000000000000000000,0.057578128125,371.2135431246241
1509727792098,INFO,AGENT_EVENT,000000000000000000000000000001000000000000000000000000000100,0.061264077650120444,1237.0632179956092
1509727793185,INFO,AGENT_EVENT,000000000000000000000000000001000000000000001000000000000000,0.059872081875,1040.3384915191411
1509727794278,INFO,AGENT_EVENT,000000000000000000000000100001000000000000000000000000000000,0.07910773946249999,673.089829488739
1509727795972,INFO,AGENT_EVENT,000000000000100000000000000001000000000000000000000000000000,0.07860407696249999,798.9515640039606
1509727797113,INFO,EXPLORE_EVENT,000000000000000000000000000000000000000000000000000000000000,0.0,0.0
1509727806260,INFO,EXPLORE_EVENT,000000000000000000000000010000000000100000000000000000000000,0.021025948837500003,577.1011645207234
1509727806365,INFO,AGENT_EVENT,000000000000000000000000010000000000100000000010000000000000,0.0360113765375,1100.530048409133
1509727808341,INFO,EXPLORE_EVENT,000000000000000000000000010000000000000000000000000000000000,0.0,164.28522499456358
1509727809204,INFO,EXPLORE_EVENT,000000000000000000000000010000000000000000000000000000000000,0.0,164.28522499456358
1509727809307,INFO,EXPLORE_EVENT,000000000000000000000000000000000000000000000000000000000000,0.0,0.0
1509727818378,INFO,EXPLORE_EVENT,000000000000000000000000000001000000000000000000000000000000,0.057578128125,371.2135431246241
1509727818707,INFO,EXPLORE_EVENT,000000000000000000000000000001000000000000000000000000000000,0.057578128125,371.2135431246241
1509727818971,INFO,AGENT_EVENT,000000000000000000000001000001000000000000000000000000000000,0.0828762509644741,1373.5414354824024
1509727820876,INFO,EXPLORE_EVENT,000000000000000000000000000001000000000000000000000000000000,0.057578128125,371.2135431246241
1509727823350,INFO,EXPLORE_EVENT,000000000000000000000000000001000000000000000000000000000000,0.057578128125,371.2135431246241
1509727824159,INFO,EXPLORE_EVENT,000000000000000001000000000001000000000000000000000000000000,0.059150628125,705.7974662276135
1509727824420,INFO,EXPLORE_EVENT,000000000000000000000000000001000000000000000000000000000000,0.057578128125,371.2135431246241
1509727824536,INFO,EXPLORE_EVENT,000000000000000001000000000001000000000000000000000000000000,0.059150628125,705.7974662276135
1509727824766,INFO,EXPLORE_EVENT,000000000000000000000000000001000000000000000000000000000000,0.057578128125,371.2135431246241
1509727824934,INFO,EXPLORE_EVENT,000000000000000000000000000000000000000000000000000000000000,0.0,0.0
1509727834278,INFO,CLEAR_SCREEN,000000000000000000000000000000000000000000000000000000000000,N/A,N/A
1509727859911,INFO,CLICK_EVENT,000000000000000000000000000000000000000000000000000000000000,0,0
1509727868442,INFO,EXPLORE_EVENT,000000000000000000000000000001000000000000000000000000000000,0.057578128125,371.2135431246241
1509727872452,INFO,EXPLORE_EVENT,000000000000000000000000000001000000000000000000000000000001,0.08983490148243134,1380.5180898066408
1509727895793,INFO,CLEAR_SCREEN,000000000000000000000000000001000000000000000000000000000001,N/A,N/A
