1512310015438,INFO,DEMO_TREATMENT,000000000000000000000000000000000000000000000000000000000000,N/A,N/A
1512310507832,INFO,EXPLORE_EVENT,000000000000000000000000000000000000000000000000100000000000,0.046922313256621,448.4685696012415
1512310538264,INFO,EXPLORE_EVENT,000000000000000000000000000000000000000000000000100010000000,0.04219802627736244,766.0438158462275
1512310544800,INFO,EXPLORE_EVENT,000000000000000000000000000000000000000010000000100000000000,0.06589739753488864,717.2235917385208
1512310549723,INFO,EXPLORE_EVENT,000000000000000000000000000001000000000010000000100000000000,0.06666204878488864,1386.238322820329
1512310575225,INFO,CLICK_EVENT,000000000000000000000000000001000000000010000000100000000000,0.06666204878488864,1386.238322820329
1512310578146,INFO,CLICK_EVENT,000000000000000000000000000000000000000010000000100000000000,0.06589739753488864,717.2235917385208
1512310587125,INFO,CLICK_EVENT,000000000000000000000000000001000000000010000000100000000000,0.06666204878488864,1386.238322820329
1512310691569,INFO,EXPLORE_EVENT,000000000000000000000000000001000000000000000000000000000000,0.0022939537500000005,669.124948394517
1512310692860,INFO,EXPLORE_EVENT,000000000000000000000000000000000000000000000000000000000000,0.0,0.0
1512310697852,INFO,CLEAR_SCREEN,000000000000000000000000000000000000000000000000000000000000,N/A,N/A
1512310698540,INFO,CLICK_EVENT,000000000000000000000000000000000000000000000000000000000000,0,0
1512310702100,INFO,TREATMENT_1,000000000000000000000000000000000000000000000000000000000000,N/A,N/A
1512310734453,INFO,CLICK_EVENT,000000000000000000000000000000000000000000000000000000000000,0,0
1512310752910,INFO,EXPLORE_EVENT,000000000000000000000000000000000000100000000000000010000000,0.014985427700000003,849.0167847311325
1512310758558,INFO,EXPLORE_EVENT,000000000000000000000000000000000000000010000000100000000000,0.0294475252,848.8847641645905
1512310762114,INFO,EXPLORE_EVENT,000000000000000000000000000000000000000000000000100000000000,0.0144620975,250.88035225693346
1512310768080,INFO,EXPLORE_EVENT,000000000000000000000000000010000000000000000000100000000000,0.0144620975,874.9993847606831
1512310772547,INFO,EXPLORE_EVENT,000000000000000010000000000000000000000000000000100000000000,0.0144620975,880.8242976120499
1512310778009,INFO,EXPLORE_EVENT,000010000000000000000000000000000000000000000000100000000000,0.0144620975,880.8242976120499
1512310783664,INFO,EXPLORE_EVENT,000010000000000000000000000000000000000000010000100000000000,0.0144620975,1045.112644180383
1512310794810,INFO,EXPLORE_EVENT,000010000000000000000000000000000000000000110000100001000000,0.05137370859378215,2385.806165029745
1512310799892,INFO,EXPLORE_EVENT,000010000000000000000000000000000000000000100000100001000000,0.05137370859378215,2326.540702891143
1512310805003,INFO,EXPLORE_EVENT,000010000000000000000000000000010000000000100000100001000000,0.05137370859378215,2493.5795504123826
1512310808998,INFO,EXPLORE_EVENT,000010000000000000010000000000000000000000100000100001000000,0.06424609364378216,2493.8471291853994
1512310815241,INFO,EXPLORE_EVENT,000010000000000000010000000000000000000000100000100001000000,0.06424609364378216,2493.8471291853994
1512310819083,INFO,EXPLORE_EVENT,000010000000000000010000000000000000000000100000100001000000,0.06424609364378216,2493.8471291853994
1512310822721,INFO,EXPLORE_EVENT,000010010000000000010000000000000000000000100000100001000000,0.06769046864378216,2560.245624231168
1512310827258,INFO,EXPLORE_EVENT,000010010000000000010000000000000000000000101000100001000000,0.06103528407797615,3352.040848351315
1512310831858,INFO,EXPLORE_EVENT,000010010000000000010000000000001000000000100000100001000000,0.06769046864378216,3227.1160004762232
1512310836729,INFO,EXPLORE_EVENT,000010010000000000010000000000001000000000100000100001001000,0.07149438524399514,3669.5872397144512
1512310841154,INFO,EXPLORE_EVENT,000010010000000000010000000000001100000000100000100001001000,0.07149438524399514,3924.7992151763956
1512310847223,INFO,EXPLORE_EVENT,000010010000000000010100000000001100000000100000100001001000,0.11367581751912506,4325.164521547969
1512310852759,INFO,EXPLORE_EVENT,000010010000000000010100000000001100000000100010100001001000,0.11367581751912506,4447.932910117783
1512310858481,INFO,EXPLORE_EVENT,000010010000000000010100000000001100000000100000100001001010,0.1187786959934889,4504.2744028159195
1512310867062,INFO,EXPLORE_EVENT,000010010000000000010110000000001100000000100000100001001010,0.12743028086977692,4796.6919724736945
1512310874090,INFO,EXPLORE_EVENT,000010010000000000010110000000001100000000100001100001001010,0.17771676015921836,5057.165578227874
1512310881480,INFO,EXPLORE_EVENT,000010010000000000010110000000001100000000100001100001001011,0.1784809042560356,5510.298124799907
1512310889529,INFO,EXPLORE_EVENT,000010010000000000010110000001001100000000100001100000001011,0.1904008153774355,5539.3340188923
1512310900687,INFO,EXPLORE_EVENT,000010010000000000010110000001001100000000100001100001001010,0.1805875149225603,5776.656379434099
1512310910294,INFO,EXPLORE_EVENT,000010010000000000010110000001001101000000100001100001001010,0.1826789399225603,6228.862738612126
1512310919681,INFO,EXPLORE_EVENT,000010010000000000010111000001001100000000100001100001001010,0.1753413301936998,6242.537880026383
1512310929292,INFO,EXPLORE_EVENT,000010010001000000010110000001001100000000100001100001001010,0.1895615704842101,6825.30779756267
1512310938506,INFO,EXPLORE_EVENT,000010010000000000010110000001001100000000100001100001001010,0.1805875149225603,5776.656379434099
1512310948177,INFO,EXPLORE_EVENT,000010010000000000010110000001001100000000100001100001001011,0.1812855505434438,6230.922910442412
1512310957668,INFO,EXPLORE_EVENT,000010010000000000010110000001001100000000100001100001001010,0.1805875149225603,5776.656379434099
1512310970784,INFO,EXPLORE_EVENT,000010010000000000010110000001001100000000100001100001001010,0.1805875149225603,5776.656379434099
1512310985838,INFO,EXPLORE_EVENT,000010010000000000010110000001001100000000100001100001101010,0.1866730475238234,6347.0499874698135
1512310997137,INFO,EXPLORE_EVENT,000010010000000000010110000001101100000000100001100001001010,0.1811153559975603,6359.426882419759
1512311009529,INFO,EXPLORE_EVENT,000010010000000000110110000001001100000000100001100001001010,0.1802921172083385,6384.0008818197075
1512311016256,INFO,EXPLORE_EVENT,000010010000000000010110000001001100000000100001100001001010,0.1805875149225603,5776.656379434099
1512311023187,INFO,EXPLORE_EVENT,000010010000000000010110000001001100000000100001100001001010,0.1805875149225603,5776.656379434099
1512311030196,INFO,EXPLORE_EVENT,000010010000000000010110000001001100000000100000100001001010,0.12828638563311887,5516.1827736799205
1512311038606,INFO,EXPLORE_EVENT,000010010000000000010110000001001100000000100001100001001010,0.1805875149225603,5776.656379434099
1512311047676,INFO,EXPLORE_EVENT,000010010000000000010110000001001100000000000001100001001010,0.1599884937288593,5474.780093069985
1512311056535,INFO,EXPLORE_EVENT,000010010000000000010110000001001100000000100001100001001010,0.1805875149225603,5776.656379434099
1512311068034,INFO,EXPLORE_EVENT,000010010000000000010110000001001100000000100001100001101010,0.1866730475238234,6347.0499874698135
1512311077671,INFO,EXPLORE_EVENT,000010010000000000010110000001101100000000100001100001001010,0.1811153559975603,6359.426882419759
1512311096154,INFO,EXPLORE_EVENT,000010010000000000110110000001001100000000100001100001001010,0.1802921172083385,6384.0008818197075
1512311111692,INFO,EXPLORE_EVENT,000000000000000000000010000001000000000000000000100000000000,0.049855881266046835,1506.8674484488122
1512311117950,INFO,EXPLORE_EVENT,000000000000000000000010000001000000000000000100100000000000,0.049855881266046835,1946.8404939158395
1512311122785,INFO,EXPLORE_EVENT,000000000000000000000010000001000100000000000000100000000000,0.03204216845770248,1767.5603277443029
1512311126818,INFO,EXPLORE_EVENT,000000000000000000000110000001000000000000000000100000000000,0.08300558164978686,1974.7856008420451
1512311137230,INFO,EXPLORE_EVENT,000000000010000000000110000001000000000000000000100000000000,0.0936976960332022,2228.5058476903077
1512311144058,INFO,EXPLORE_EVENT,000000000110000000000110000001000000000000000000100000000000,0.0934876739866387,2696.4240000835407
1512311152193,INFO,EXPLORE_EVENT,000000000000000000000110000001000000000000000000100000000110,0.0962540893375865,2631.441530415296
1512311156979,INFO,EXPLORE_EVENT,000000000000000000000110000001000000000000000000000000000110,0.09130533127086896,2343.921495310562
1512311162536,INFO,EXPLORE_EVENT,000000000000000000000110000001000000000000000000100000000000,0.08300558164978686,1974.7856008420451
1512311166998,INFO,EXPLORE_EVENT,000000000000000000000110000001000000000000000000110000000000,0.11489850243892336,2135.504483511282
1512311175229,INFO,EXPLORE_EVENT,000000000000000000000110000001100000000000000000110000000000,0.11795814020810366,2771.513386948985
1512311180760,INFO,EXPLORE_EVENT,000000000000000000000110000001010000000000000000110000000000,0.11440249146231143,2255.311960018141
1512311185143,INFO,EXPLORE_EVENT,000000000000000000000110000001000000000000000000110000010000,0.14587387118892337,2203.6770156486573
1512311190992,INFO,EXPLORE_EVENT,000000000000000000000110000001000000000000001000110000010000,0.14587387118892337,2844.7711813464375
1512311195388,INFO,EXPLORE_EVENT,000000000000000000000110000001000000000000000000110000010000,0.14587387118892337,2203.6770156486573
1512311198277,INFO,EXPLORE_EVENT,000000000000000000000110000001000000000000000001110000010000,0.19276639967800788,2574.8905587732816
1512311208411,INFO,EXPLORE_EVENT,000000000000000000000110000001000000001000000001110000010000,0.19403471342800788,3149.464321416751
1512311215103,INFO,EXPLORE_EVENT,000000000001000000000110000001000000000000000000110000010000,0.19538880782873622,2569.6124535703775
1512311221099,INFO,EXPLORE_EVENT,001000000001000000000110000001000000000000000000110000010000,0.1971607840787362,3163.642806869222
1512311243384,INFO,EXPLORE_EVENT,001000000001000000000110000001000000100000000000110000010000,0.1971607840787362,3414.4422983780005
1512311249282,INFO,EXPLORE_EVENT,001000000001000000000110100001000000000000000000110000010000,0.191851184522705,3468.4285288225374
1512311255167,INFO,EXPLORE_EVENT,001000000001100000000110000001000000000000000000110000010000,0.19381000289872924,3476.6130703522513
1512311261579,INFO,EXPLORE_EVENT,101000000001000000000110000001000000000000000000110000010000,0.1919701759058186,4242.680055804028
1512311268277,INFO,EXPLORE_EVENT,001000000001000000000110000001000000000000000000110000010000,0.1971607840787362,3163.642806869222
1512311276566,INFO,EXPLORE_EVENT,001000000001000000000110000001000000000000000000110000010000,0.1971607840787362,3163.642806869222
1512311284289,INFO,EXPLORE_EVENT,001000000001000000000110000001000000000000000000110000010000,0.1971607840787362,3163.642806869222
1512311287985,INFO,EXPLORE_EVENT,001000000001000000000110000001000000000000000000110000010000,0.1971607840787362,3163.642806869222
1512311292599,INFO,EXPLORE_EVENT,001000000001000000000110000001000000000000000000110000010000,0.1971607840787362,3163.642806869222
1512311299169,INFO,EXPLORE_EVENT,001000000001000000000110000001000000000000000000110000010000,0.1971607840787362,3163.642806869222
1512311302862,INFO,EXPLORE_EVENT,001000000001000000000110000001000000000000000000110000010000,0.1971607840787362,3163.642806869222
1512311314058,INFO,EXPLORE_EVENT,001000000001000000000110000001000000000000000000110000011000,0.17443449101150904,4000.6059136498448
1512311319392,INFO,EXPLORE_EVENT,001000000001000000000110000001000000000000001000110000010000,0.1971607840787362,3804.7369725670023
1512311324833,INFO,EXPLORE_EVENT,001000000001000000000110000001000000000000001000110000010000,0.1971607840787362,3804.7369725670023
1512311331884,INFO,EXPLORE_EVENT,001000000001000000000110000001000000000000000001110000010000,0.2036101153287362,3505.4809936697775
1512311350693,INFO,EXPLORE_EVENT,001000000001000000000110000001000000000000001001110000010000,0.2036101153287362,4213.055914368383
1512311356007,INFO,EXPLORE_EVENT,001000000001000000000110000001000000000000001001110000010000,0.2036101153287362,4213.055914368383
1512311362504,INFO,EXPLORE_EVENT,001000000001000000000110000001000000000000000001110000010000,0.2036101153287362,3505.4809936697775
1512311369993,INFO,EXPLORE_EVENT,001000000001000000000110000001001000000000000001110000010000,0.19466688085650846,3998.365406698851
1512311374858,INFO,EXPLORE_EVENT,001000000001000000000110000001000000000000000001110000010000,0.2036101153287362,3505.4809936697775
1512311378666,INFO,EXPLORE_EVENT,001000000001000000000110000001000000000100000001110000010000,0.2036101153287362,4384.11639299771
1512311385457,INFO,EXPLORE_EVENT,001000000001000000000110000101000000000000000001110000010000,0.18970493971533472,4197.835998059487
1512311392568,INFO,EXPLORE_EVENT,001000000001000100000110000001000000000000000001110000010000,0.18930234519359895,4217.294598017878
1512311398808,INFO,EXPLORE_EVENT,001100000001000000000110000001000000000000000001110000010000,0.2035079971486874,4978.923831833039
1512311407593,INFO,EXPLORE_EVENT,001000000001000000000110000001000000000000000011110000010000,0.2036101153287362,3611.9558351803353
1512311412967,INFO,EXPLORE_EVENT,001000000001000000000110000001000000000000000001110000010000,0.2036101153287362,3505.4809936697775
1512311422981,INFO,EXPLORE_EVENT,001000000001000000000110000001000000000000000001110000000000,0.1726347465787362,3437.3084615324024
1512311429382,INFO,EXPLORE_EVENT,001000000001000000000110000001000000000000000001110000010000,0.2036101153287362,3505.4809936697775
1512311435598,INFO,EXPLORE_EVENT,001000000001000000000110000001000000000000000001110000110000,0.21950131420118713,4477.823053704108
1512311440267,INFO,EXPLORE_EVENT,001000000001000000000110000001000000000000000001110000010000,0.2036101153287362,3505.4809936697775
1512311446801,INFO,EXPLORE_EVENT,001000000001000000000110000001000000000000000001110000011000,0.18088382226150906,4342.4441004504
1512311451916,INFO,EXPLORE_EVENT,001000000001000000000110000001000000000000000001110000010000,0.2036101153287362,3505.4809936697775
1512311460223,INFO,EXPLORE_EVENT,001000000001000000000110000001000000000000000001110010010000,0.18308992692238069,4804.796278460161
1512311468137,INFO,EXPLORE_EVENT,001000000001000000000110000001000000000000000001110100010000,0.1506960157029862,4497.4984249519
1512311475813,INFO,EXPLORE_EVENT,001100000001000000000110000001000000000000000001110000010000,0.2035079971486874,4978.923831833039
1512311482298,INFO,EXPLORE_EVENT,001000000001000000000110000001000000000000000001110000010000,0.2036101153287362,3505.4809936697775
1512311517023,INFO,EXPLORE_EVENT,001000000001000000000110000011000000000000000001110000010000,0.2009074332045464,4479.147665053517
1512311522866,INFO,EXPLORE_EVENT,001000000001000000000110000001000000000010000001110000010000,0.21722655946446942,4693.070488254352
1512311530117,INFO,EXPLORE_EVENT,001000000001000000000110000001000000001010000001110000010000,0.2177719880682345,5578.004371461862
1512311535519,INFO,EXPLORE_EVENT,001000000001000000000110001001000000000010000001110000010000,0.2130408330132503,5758.788198010136
1512311541267,INFO,EXPLORE_EVENT,001000000001001000000110000001000000000010000001110000010000,0.21488154184506397,5788.896376197627
1512311548214,INFO,EXPLORE_EVENT,001000000001000001000110000001000000000010000001110000010000,0.21428230244519508,5548.6385291750985
1512311555375,INFO,EXPLORE_EVENT,001000000001000000000110000001000000000010000001110000010000,0.21722655946446942,4693.070488254352
1512311567308,INFO,EXPLORE_EVENT,001001000001000000000110000001000000000010000001110000010000,0.21575234255429268,6312.2227645151015
1512311664965,INFO,EXPLORE_EVENT,001000000001000000000000000001000000000010000001000000010000,0.13870910561781508,3656.0173503679675
1512311666799,INFO,CLEAR_SCREEN,001000000001000000000000000001000000000010000001000000000000,N/A,N/A
1512311731461,INFO,EXPLORE_EVENT,000000000000000000000000000000000000000000000000100000000000,0.0144620975,250.88035225693346
1512311733604,INFO,EXPLORE_EVENT,000000000000000000000000000000000000000000000000110000000000,0.05215720135,411.53819191200853
1512311736391,INFO,EXPLORE_EVENT,000000000000000000000000000000000000000000000000110000010000,0.08313257010000001,479.71072404938377
1512311738385,INFO,EXPLORE_EVENT,000000000000000000000000000000000100000000000000110000010000,0.08313257010000001,927.3861422589366
1512311741894,INFO,EXPLORE_EVENT,000000000000000000000100000000000000000000000000110000010000,0.12358321763488865,928.1190874149738
1512311744734,INFO,EXPLORE_EVENT,000000000000000000000100000000000000000001000000110000010000,0.146444216420325,1946.1515132032978
1512311748700,INFO,EXPLORE_EVENT,000000000000000000000100000000100000000001000000110000010000,0.16054818613049504,2373.889534082634
1512311755693,INFO,EXPLORE_EVENT,000000000011000000000100000000100000000001000000110000010000,0.2109339360410906,2923.73570452354
1512311765953,INFO,CLICK_EVENT,000000000011000000000100000000100000000001000000110000010000,0.2109339360410906,2923.73570452354
1512311798885,INFO,CLEAR_SCREEN,000000000011000000000100000000100000000001000000110000010000,N/A,N/A
1512312294791,INFO,TREATMENT_3,000000000000000000000000000000000000000000000000000000000000,N/A,N/A
1512312295639,INFO,CLICK_EVENT,000000000000000000000000000000000000000000000000000000000000,0,0
1512312304578,INFO,EXPLORE_EVENT,000000000000000000000000000000000000000000000000100000000000,0.0314321988375,431.63363893128997
1512312305236,INFO,AGENT_EVENT,000000000000000000000000100000000000000000000000100000000000,0.0327478624125,806.8212411837891
1512312306385,INFO,AGENT_EVENT,000000000000000000000000000000000000000000000001100000000000,0.05976520140535611,1449.7716696358002
1512312307306,INFO,AGENT_EVENT,000000000000001000000000000000000000000000000000100000000000,0.0314321988375,1098.4267363789863
1512312308431,INFO,AGENT_EVENT,000000000000000000000000000000000000000001000000100000000000,0.08901032696250001,802.8223926011085
1512312309455,INFO,AGENT_EVENT,000000000000000000001000000000000000000000000000100000000000,0.034024830000000006,1109.5766513286308
1512312310773,INFO,AGENT_EVENT,000000000000000000000000000000000000001000000000100000000000,0.06944701913885316,1072.7135259543722
1512312311063,INFO,CLICK_EVENT,000000000000000000000000000000000000000001000000100000000000,0.08901032696250001,802.8223926011085
1512312311868,INFO,AGENT_EVENT,000000000000000000000000000000000000000001000000100000000000,0.08901032696250001,802.8223926011085
1512312313139,INFO,AGENT_EVENT,000000000000000000000000000000000000000000000001100000000000,0.05976520140535611,1449.7716696358002
1512312314144,INFO,AGENT_EVENT,000000000000010000000000000000000000000000000000100000000000,0.0314321988375,598.669400764911
1512312314472,INFO,CLICK_EVENT,000000000000000000000000000000000000001000000000100000000000,0.06944701913885316,1072.7135259543722
1512312315294,INFO,AGENT_EVENT,000000000000000000000000000000000000000000000000100010000000,0.03200052071250001,608.8216651037712
1512312316383,INFO,AGENT_EVENT,000000000000000000000000000000001000000000000000100000000000,0.034024830000000006,1100.5419373521152
1512312317357,INFO,CLICK_EVENT,000000000000000000000000000000000000000001000000100000000000,0.08901032696250001,802.8223926011085
1512312317465,INFO,AGENT_EVENT,000000000000000000000000001000000000000000000000100000000000,0.0314321988375,1072.650525831711
1512312318696,INFO,AGENT_EVENT,000000000000000000000000000000000000000000000000100000010000,0.059096500087500003,608.5208736974487
1512312319958,INFO,AGENT_EVENT,000000000001000000000000000000000000000000000000100000000000,0.0557599200919083,1440.8609068159476
1512312320894,INFO,AGENT_EVENT,000000000000000000000000010000000000000000000000100000000000,0.0314321988375,595.9218945818515
1512312321989,INFO,AGENT_EVENT,000000000000000000000000000001000000000000000000100000000000,0.08901032696250001,802.7699032585551
1512312324232,INFO,AGENT_EVENT,000000000000000000000000000000000000000001000000000000000000,0.057578128125,371.2660324671776
1512312324407,INFO,EXPLORE_EVENT,000000000000000000000000000000000000000001000000100000000000,0.08901032696250001,802.8223926011085
1512312325644,INFO,AGENT_EVENT,000000000000000000000000000000000000000001000000100000000001,0.0967204942610717,2026.4864809989765
1512312327047,INFO,AGENT_EVENT,000000000000000000000000000000000000000101000000100000000000,0.08994757547162335,1346.0552929354558
1512312328300,INFO,AGENT_EVENT,000000000100000000000000000000000000000001000000100000000000,0.09104322579558793,1668.6720674720937
1512312329808,INFO,AGENT_EVENT,001000000000000000000000000000000000000001000000100000000000,0.09509394709267778,1472.0337570997397
1512312330947,INFO,AGENT_EVENT,000000000000000000000000000000100000000001000000100000000000,0.08901032696250001,1053.6218841098867
1512312332080,INFO,AGENT_EVENT,000000000000000000000000000100000000000001000000100000000000,0.08901032696250001,1242.795438068136
1512312333846,INFO,EXPLORE_EVENT,000000000000000000000000000000100000000001000000100000000000,0.08901032696250001,1053.6218841098867
1512312333915,INFO,AGENT_EVENT,000000000000000010000000000000100000000001000000100000000000,0.08901032696250001,1303.9051622847992
1512312335143,INFO,AGENT_EVENT,000000000000000000000000000000100000000001000000100000000010,0.08901032696250001,1614.1011064951654
1512312336412,INFO,AGENT_EVENT,000000000000000000000000000000100000000001000000100000001000,0.09300951562500001,1664.5283054085685
1512312337564,INFO,AGENT_EVENT,000000000000000100000000000000100000000001000000100000000000,0.08901032696250001,1501.2973023194395
1512312338921,INFO,AGENT_EVENT,000000000000000000000000000000100000000001000000101000000000,0.08664047302717509,1908.4808035777492
1512312340234,INFO,AGENT_EVENT,000000000000000000000010000000100000000001000000100000000000,0.08901032696250001,1677.8019596277986
1512312342975,INFO,EXPLORE_EVENT,000000000000000000000000000000100100000001000000100000000000,0.08901032696250001,1871.3216074522854
1512312343217,INFO,EXPLORE_EVENT,000000000000000000000000000000000100000001000000100000000000,0.08901032696250001,1596.9231338169698
1512312343660,INFO,AGENT_EVENT,000000000000000000000000000000000100000001000001100000000000,0.07354211447113648,2708.2336143058087
1512312345039,INFO,AGENT_EVENT,000000000000000000000000000000000100000001000000110000000000,0.10143711008750002,1663.2446692937763
1512312346302,INFO,AGENT_EVENT,000000000000000000000000000000000100000001000000100000010000,0.11667462821249999,1773.8876473804876
1512312347505,INFO,AGENT_EVENT,000000000000000000000000000100000100000001000000100000000000,0.08901032696250001,1839.0715250121082
1512312350452,INFO,EXPLORE_EVENT,000000000000000000000000000000000000000001000000100000000000,0.08901032696250001,802.8223926011085
1512312350576,INFO,EXPLORE_EVENT,000000000000000000000000000000000010000001000000100000000000,0.10399575466250002,1400.8878475229276
1512312351004,INFO,AGENT_EVENT,001000000000000000000000000000000010000001000000100000000000,0.11007937479267778,2070.0992120215583
1512312352506,INFO,CLICK_EVENT,000000000000000000000000000000000100000001000000100000010000,0.11667462821249999,1773.8876473804876
1512312352534,INFO,AGENT_EVENT,000000000000000000000000000000000010000001010000100000000000,0.13114976956250002,1550.7633529219097
1512312354027,INFO,AGENT_EVENT,000000000000001000000000000000000010000001000000100000000000,0.10399575466250002,2067.7582237679826
1512312354192,INFO,CLICK_EVENT,000000000000000000000000000000000010000001010000100000000000,0.13114976956250002,1550.7633529219097
1512312355387,INFO,AGENT_EVENT,000000000100000000000000000000000010000001000000100000000000,0.10602865349558793,2266.7375223939125
1512312356691,INFO,AGENT_EVENT,000000000100000000000000000000000010000001000000100000000000,0.10602865349558793,2266.7375223939125
1512312358199,INFO,AGENT_EVENT,010000000000000000000000000000000010000001000000100000000000,0.11740666461250002,1568.1942738171838
1512312361231,INFO,EXPLORE_EVENT,000000000000000000000000000000000000000001000000100000000000,0.08901032696250001,802.8223926011085
1512312363055,INFO,EXPLORE_EVENT,000000000000000000000000000000000010000001000000100000000000,0.10399575466250002,1400.8878475229276
1512312363241,INFO,AGENT_EVENT,000000000000000000000000000000000010000000010000100000000000,0.0730679789375,1288.3160920286646
1512312363513,INFO,EXPLORE_EVENT,000000000000000000000000000000000010000001010000100000000000,0.13114976956250002,1550.7633529219097
1512312364683,INFO,AGENT_EVENT,000000000000000000000000000000010010000001010000100000000000,0.12948193901628863,2345.196518231379
1512312366332,INFO,AGENT_EVENT,000000000000000000000000000000000010000001010000100000000001,0.13924643824784513,2774.4274413197772
1512312367974,INFO,AGENT_EVENT,000000000000000000000000000000000010001001010000100000000000,0.11003630114440278,2422.1536161384756
1512312369510,INFO,AGENT_EVENT,100000000000000000000000000000000010000001010000100000000000,0.1316776106375,1982.3197130558406
1512312371137,INFO,AGENT_EVENT,000000000000000000000001000000000010000001010000100000000000,0.15002395923960726,2553.0912452796883
1512312374154,INFO,EXPLORE_EVENT,000000000000000000000000000000000010000001010000110000000000,0.14202407893750002,1617.0848883987164
1512312374208,INFO,AGENT_EVENT,000000000000000100000000000000000010000001010000110000000000,0.14202407893750002,2064.760306608269
1512312375662,INFO,AGENT_EVENT,000000000000000000000000000000000000000001010000110000000000,0.1300506757625,1019.0194334768971
1512312377604,INFO,AGENT_EVENT,000000000000000000000000000000000010000001010000110000000001,0.1439879086855581,2897.4511649275055
1512312379382,INFO,AGENT_EVENT,000000000000010000000000000000000010000001010000110000000000,0.14202407893750002,1784.123735919955
1512312383161,INFO,EXPLORE_EVENT,000000000000000000000000000000000010000001010000111000000000,0.13350711434549453,2527.4684809950268
1512312383270,INFO,AGENT_EVENT,000000000000000000000000000000000110000001010000111000000000,0.12540520755756807,3636.330566017281
1512312384998,INFO,AGENT_EVENT,000000000000000000000000000000000010000000010000111000000000,0.07542532372049453,2265.0212201017816
1512312388882,INFO,EXPLORE_EVENT,000000000000000000000000000000000010000001010000110000000000,0.14202407893750002,1617.0848883987164
1512312389883,INFO,EXPLORE_EVENT,001000000000000000000000000000000010000001010000110000000000,0.1451806185922859,2286.296252897347
1512312390436,INFO,AGENT_EVENT,001000000000000000000000000000000010000001010000110000000100,0.11779054764260809,3402.0668908784355
1512312392843,INFO,AGENT_EVENT,001000000000000000000000000000000010010001010000110000000000,0.1691049342172859,2349.38391108
1512312394885,INFO,AGENT_EVENT,001000000000000000000000010000000010000001010000110000000000,0.1451806185922859,2359.8580020542377
1512312396051,INFO,CLICK_EVENT,001000000000000000000000000000000010010001010000110000000000,0.1691049342172859,2349.38391108
1512312397274,INFO,AGENT_EVENT,001001000000000000000000000000000010000001010000110000000000,0.14664073566132874,2740.71150810368
1512312399273,INFO,AGENT_EVENT,001000000000000010000000000000000010000001010000110000000000,0.1451806185922859,2536.5795310722597
1512312401278,INFO,AGENT_EVENT,001000000000000000000000000000000010000001010100110000000000,0.07988465834925954,3314.221177917527
1512312403711,INFO,AGENT_EVENT,001000000000000000000000000000000010010001010000110000000000,0.1691049342172859,2349.38391108
1512312407383,INFO,CLICK_EVENT,000000000000000000000000000000000000000000000000000000000000,0,0
1512312408085,INFO,EXPLORE_EVENT,000000000000001000000000000000000010000001010000110000000000,0.14202407893750002,2283.9552646437714
1512312408185,INFO,EXPLORE_EVENT,000000000000000000000000000000000010000001010000110000000000,0.14202407893750002,1617.0848883987164
1512312408592,INFO,AGENT_EVENT,000000000000000000000001000000000010000001010000110000000000,0.16089826861460726,2619.4127807564946
1512312410519,INFO,AGENT_EVENT,000000000000000000000000000001000010000001010000110000000000,0.14379029124823323,2601.0481824695776
1512312412489,INFO,AGENT_EVENT,000000000000000000000000000000000010010001010000110000000000,0.1659483945625,1680.1725465813688
1512312415244,INFO,EXPLORE_EVENT,000000000000000000000000000000000010000001010000110000000100,0.11243069099772225,2732.8555263798053
1512312415507,INFO,AGENT_EVENT,100000000000000000000000000000000010000001010000110000000100,0.12992702483013857,3164.411886513736
1512312417643,INFO,AGENT_EVENT,000000000000000000000000000000000010000101010000110000000100,0.08280637023328213,3407.1335831732376
1512312419636,INFO,AGENT_EVENT,000000000000000000000000000000000010000001010000110000010100,0.112291313972113,3071.597443243243
1512312420456,INFO,CLICK_EVENT,000000000000000000000000000000000010010001010000110000000000,0.1659483945625,1680.1725465813688
1512312421560,INFO,AGENT_EVENT,000000000000000000000000001000000010000001010000110000000100,0.10673731117274349,3682.264917003705
1512312423438,INFO,AGENT_EVENT,000000000000000000001000000000000010000001010000110000000100,0.11388762796766372,3410.875817574505
1512312425522,INFO,AGENT_EVENT,000000000000000000000000000000000010001001010000110000000100,0.0909869980656265,3604.245789596371
1512312427532,INFO,AGENT_EVENT,000000000000000000000000000000000010100001010000110000000100,0.1329092273301386,3014.1441753403365
1512312433567,INFO,CLICK_EVENT,001000000000000000000000000000000010010001010000110000000000,0.1691049342172859,2349.38391108
1512312434007,INFO,EXPLORE_EVENT,000000000000000000000000000000000010010001010000110000000000,0.1659483945625,1680.1725465813688
1512312434103,INFO,EXPLORE_EVENT,000000000000000000000000000000000010010001010000110000000100,0.14520147416055298,2795.9431845624576
1512312434254,INFO,AGENT_EVENT,000000000000000000000000000000000010010001011000110000000000,0.14091857175292527,3194.3989403107744
1512312436417,INFO,AGENT_EVENT,000000000000000000000000000000100010010001010000110000000000,0.16508155762412488,2458.5501050497414
1512312436805,INFO,CLICK_EVENT,000000000000000000000000000000000000000000000000000000000000,0,0
1512312437369,INFO,CLICK_EVENT,000000000000000000000000000000000010010001010000110000000000,0.1659483945625,1680.1725465813688
1512312438783,INFO,AGENT_EVENT,000000000000000000000000000000000010010001010000110000000010,0.1713610232125,2186.866882205486
1512312441071,INFO,AGENT_EVENT,000000000000000000000000000000000011010001010000110000000000,0.17183463054712733,2997.167816213975
1512312443335,INFO,AGENT_EVENT,000100000000000000000000000000000010010001010000110000000000,0.19962939033060828,2128.580909946959
1512312445723,INFO,AGENT_EVENT,001000000000000000000000000000000010010001010000110000000000,0.1691049342172859,2349.38391108
1512312452052,INFO,EXPLORE_EVENT,000000000000100000000000000000000010010001010000010000000000,0.1555421445625,1777.339098144224
1512312452495,INFO,AGENT_EVENT,000000000000100000000000000000000010010001010000010000000000,0.1555421445625,1777.339098144224
1512312452497,INFO,EXPLORE_EVENT,000000000000100000000000000000000010010001010000110000000000,0.1664762356375,2107.9105674607054
1512312453716,INFO,CLICK_EVENT,000100000000000000000000000000000010010001010000110000000000,0.19962939033060828,2128.580909946959
1512312455030,INFO,AGENT_EVENT,000000000000100000000000000000000110010001010000110000000000,0.15892936629345553,3216.7726524829604
1512312457439,INFO,AGENT_EVENT,000000000000100000000000000000000010010001011000110000000000,0.14091857175292527,3622.136961190111
1512312459706,INFO,AGENT_EVENT,000000000000100000000000001000000010010001010000110000000000,0.16181802895536662,3057.3199580846053
1512312462255,INFO,AGENT_EVENT,000000000000100000000001000000000010010001010000110000000000,0.18492785719490062,3318.50934237685
1512312464347,INFO,AGENT_EVENT,000000000000100000000000000000000010010001010000010000000000,0.1555421445625,1777.339098144224
1512312465687,INFO,CLICK_EVENT,000000000000100000000000000000000010010001010000110000000000,0.1664762356375,2107.9105674607054
1512312467594,INFO,AGENT_EVENT,010000000000100000000000000000000010010001010000110000000000,0.1664762356375,2275.2169937549615
1512312467653,INFO,CLICK_EVENT,000100000000000000000000000000000010010001010000110000000000,0.19962939033060828,2128.580909946959
1512312469477,INFO,AGENT_EVENT,000000000000100000000000000000000010010001010000100000000000,0.1626529793875,2041.5890319838986
1512312473035,INFO,EXPLORE_EVENT,000000000000000000000000000000000010010001010000110000000000,0.1659483945625,1680.1725465813688
1512312473037,INFO,AGENT_EVENT,000000000000000000000000000000000110010001010000110000000000,0.15840152521845557,2789.034631603624
1512312475248,INFO,AGENT_EVENT,000000000000000000000000000000000010010001110000110000000000,0.15532304751697906,2444.784854710882
1512312479012,INFO,EXPLORE_EVENT,000000100000000000000000000000000010010001010000110000000000,0.1773055445625,1939.3965731925641
1512312479320,INFO,AGENT_EVENT,000000100000000000000000000000000010010001010000110000100000,0.19164489706249999,2105.153199661319
1512312481271,INFO,CLICK_EVENT,000000100000000000000000000000000010010001010000110000100000,0.19164489706249999,2105.153199661319
1512312481849,INFO,AGENT_EVENT,000100100000000000000000000000000010010001010000110000000000,0.1981127422064819,2427.7770500081515
1512312484147,INFO,AGENT_EVENT,000000100000000100000000000000000010010001010000110000000000,0.1773055445625,2387.071991402117
1512312486838,INFO,AGENT_EVENT,000000100000000000000000000000000010010011010000110000000000,0.17593437139454282,2628.4268458572683
1512312489408,INFO,AGENT_EVENT,000000100000000000000001000000000010010001010000110000000000,0.19617973423960727,2941.7244655503428
1512312489873,INFO,CLICK_EVENT,000000100000000000000000000000000010010001010000110000000000,0.1773055445625,1939.3965731925641
1512312492023,INFO,AGENT_EVENT,000010100000000000000000000000000010010001010000110000000000,0.17942631513750001,2114.5423209658475
1512312492688,INFO,CLICK_EVENT,000000100000000000000000000000000010010001010000110000100000,0.19164489706249999,2105.153199661319
1512312494568,INFO,CLICK_EVENT,000000100000000000000000000000000010010001010000110000000000,0.1773055445625,1939.3965731925641
1512312494840,INFO,AGENT_EVENT,001000100000000000000000000000000010010001010000110000000000,0.17496515138655772,2647.4310005513744
1512312497704,INFO,AGENT_EVENT,000000100000000000000000000000000010011001010000110000000000,0.13539795597640036,2873.8019070664195
1512312497872,INFO,CLICK_EVENT,000100000000000000000000000000000010010001010000110000000000,0.19962939033060828,2128.580909946959
1512312500156,INFO,AGENT_EVENT,000000100000000000000000000000000010010001010000110000000010,0.1827181732125,2446.0909088166813
1512312502624,INFO,AGENT_EVENT,000000100000000000000000000000000010010001010000110001000000,0.18581912893750002,2188.005390964464
1512312504894,INFO,AGENT_EVENT,000000100000000000010000000000000010010001010000110000000000,0.1773055445625,2207.247843183571
1512312511872,INFO,EXPLORE_EVENT,000000000000000000100000000000000010010001010000110000000000,0.1659483945625,1938.6779190774505
1512312512946,INFO,EXPLORE_EVENT,000100000000000000100000000000000010010001010000110000000000,0.19962939033060828,2387.0862824430405
1512312513093,INFO,EXPLORE_EVENT,000100000000000000000000000000000010010001010000110000000000,0.19962939033060828,2128.580909946959
1512312514925,INFO,AGENT_EVENT,000100000000000000000000000000000010010001010000110100000000,0.19094113497461873,2805.208391317066
1512312517566,INFO,AGENT_EVENT,000100000000000000000000000000000010010001010001110000000000,0.14590232302256498,3426.6750499639493
1512312522374,INFO,EXPLORE_EVENT,000100000000000000000010000000000010010001010000110000000000,0.20504201898060828,2696.972489932203
1512312522801,INFO,AGENT_EVENT,000100000000000000000010000000000010010001010010110000000000,0.16784392559552352,3986.679510697005
1512312525555,INFO,AGENT_EVENT,000100000000000100000010000000000010010001010000110000000000,0.20504201898060828,3455.551892265523
1512312528522,INFO,AGENT_EVENT,000100000000000000000010000000000010010001010000110000000001,0.20775037443461117,3977.3387664609927
1512312532974,INFO,AGENT_EVENT,000100000000000000000000000000000000010001010000110000000000,0.18765598715560827,1530.51545502514
1512312533094,INFO,EXPLORE_EVENT,000100000000000000000000000000000010010001010000110000000000,0.19962939033060828,2128.580909946959
1512312535395,INFO,AGENT_EVENT,000100000000000000000000000000000110010001010000110000000000,0.19208252098656384,3237.442994969214
1512312539935,INFO,EXPLORE_EVENT,000100000010000000000000000000000010010001010000110000000000,0.1960343390939946,3019.342411606469
1512312540273,INFO,AGENT_EVENT,000110000010000000000000000000000010010001010000110000000000,0.19403138554932997,3350.4463979910597
1512312546009,INFO,EXPLORE_EVENT,000100000000000000000000000000000010010001010000110000000000,0.19962939033060828,2128.580909946959
1512312546141,INFO,AGENT_EVENT,000100001000000000000000000000000010010001010000110000000000,0.19457329844041776,3191.5649794848687
1512312549428,INFO,AGENT_EVENT,000100000000000000000000000000000010010101010000110000000000,0.14227371146577875,2861.327499342397
1512312552090,INFO,AGENT_EVENT,000100000000000000000000000000000010110001010000110000000000,0.2031394339056083,2405.479052169731
1512312555716,INFO,EXPLORE_EVENT,000100000000000000000000000000000011010001010000110000000000,0.20454873108474197,3445.576179579565
1512312555747,INFO,AGENT_EVENT,000100000000000000000000000010000011010001010000110000000000,0.20340940500143262,3643.5144627518093
1512312564244,INFO,EXPLORE_EVENT,000100000000000000000000000000000010010001010000110000000000,0.19962939033060828,2128.580909946959
1512312564819,INFO,EXPLORE_EVENT,000100000000000000000001000000000010010001010000110000000000,0.21377514957182397,3130.908802304737
1512312565338,INFO,AGENT_EVENT,000100000000000000000001000000000010010011010000110000000000,0.21339634190534937,3819.939074969441
1512312568325,INFO,AGENT_EVENT,000100000000000000000001000000000010110001010000110000000000,0.21728519314682396,3407.8069445275096
1512312571574,INFO,AGENT_EVENT,000100000000000000000001000000000010010001010001110000000000,0.15386545784288252,4332.154681844799
1512312576428,INFO,EXPLORE_EVENT,000100000000000000000000000000000010010001010000110000000000,0.19962939033060828,2128.580909946959
1512312576580,INFO,AGENT_EVENT,000100000000000000000000000000000010010001010100110000000000,0.13436243626171185,3219.8989008083336
1512312579378,INFO,AGENT_EVENT,000100000001000000000000000000000010010001010000110000000000,0.1837651160300513,2951.491396364123
1512312585052,INFO,EXPLORE_EVENT,000100000000000000100000000000000010010001010000110000000000,0.19962939033060828,2387.0862824430405
1512312585078,INFO,AGENT_EVENT,000100000000000000100000000000010010010001010000110000000000,0.19796155978439692,3181.51944775251
1512312587735,INFO,AGENT_EVENT,000100000000000000100000000000000010010001010000110001000000,0.20814297470560833,2635.6951002149403
1512312589988,INFO,AGENT_EVENT,000100000000000000100000000000000000010001010000110000000000,0.18765598715560827,1789.0208275212217
1512312595979,INFO,EXPLORE_EVENT,000100000000000000000000000000000010010001010000110000000000,0.19962939033060828,2128.580909946959
1512312596720,INFO,EXPLORE_EVENT,000100000000000000000000000000000010010001010000110000100000,0.22532589283060833,2294.3375364157137
1512312598399,INFO,AGENT_EVENT,000100000000000000000000000000000010010001010000110100100000,0.19802837839437581,3114.9423334578705
1512312601365,INFO,AGENT_EVENT,000100000001000000000000000000000010010001010000110000100000,0.20946161853005127,3117.2480228328777
1512312603701,INFO,AGENT_EVENT,000100000000000000000000000000000010010001010000010000100000,0.19167614274310832,1963.3199479789214
1512312606570,INFO,AGENT_EVENT,000101000000000000000000000000000010010001010000110000100000,0.22231296589486055,2737.4051596642576
1512312613803,INFO,EXPLORE_EVENT,000100000000000000000000000000000010010001010000110000000000,0.19962939033060828,2128.580909946959
1512312614259,INFO,EXPLORE_EVENT,000100000000000000000000000000000010010001010000110000010000,0.2026115928306083,2305.64214422477
1512312615077,INFO,AGENT_EVENT,000100001000000000000000000000000010010001010000110000010000,0.19755550094041777,3368.626213762679
1512312617600,INFO,AGENT_EVENT,000100000000000000000000000000000010010001010000110000000000,0.19962939033060828,2128.580909946959
1512312626632,INFO,EXPLORE_EVENT,000100000000000000000000000000000010010001010000110000100000,0.22532589283060833,2294.3375364157137
1512312626734,INFO,EXPLORE_EVENT,000100000000000000000000000000000010010001010000110000110000,0.22532589283060833,2481.778872666052
1512312627235,INFO,AGENT_EVENT,000100000000000000000000000000000010010001010100110000100000,0.16125172265164928,3385.6555272770884
1512312629839,INFO,AGENT_EVENT,000100000000000000000000000100000010010001010000110000100000,0.21939327615057297,3039.971925158488
1512312632703,INFO,AGENT_EVENT,000100000000000000000000000001000010010001010000110000100000,0.22822534576634151,3278.3008304865743
1512312635541,INFO,AGENT_EVENT,000100000000000000000000000000000010010001010000110000100010,0.22504289632261315,3802.158965454314
1512312638118,INFO,AGENT_EVENT,000100000100000000000000000000000010010001010000110000100000,0.20190792065375218,2960.0207461012897
1512312645648,INFO,EXPLORE_EVENT,000100000000000000000000000000000010010001010000110000010000,0.2026115928306083,2305.64214422477
1512312645657,INFO,EXPLORE_EVENT,000100000000000000000000000000000010010001010000110000110000,0.22532589283060833,2481.778872666052
1512312646065,INFO,AGENT_EVENT,000100100000000000000000000000000010010001010000110000010000,0.20109494470648193,2604.838284285963
1512312648711,INFO,AGENT_EVENT,000100000000000000000000000000000110010001010000110000010000,0.1950647234865638,3414.5042292470253
1512312651680,INFO,AGENT_EVENT,000100000000000000000000000001000010010001010000110000010000,0.2055110457663415,3289.605438295631
1512312654679,INFO,AGENT_EVENT,100100000000000000000000000000000010010001010000110000010000,0.20255939391290972,2904.6359755876
1512312657360,INFO,AGENT_EVENT,000100000000000000000000000000010010010001010000110000010000,0.20094376228439692,3100.0753095342398
1512312659559,INFO,AGENT_EVENT,000100000000000000000000000000000010000001010000110000010000,0.1810252772056083,2242.5544860421173
1512312666120,INFO,EXPLORE_EVENT,000100000000000000000000000000000010010001010000110000000000,0.19962939033060828,2128.580909946959
1512312666568,INFO,EXPLORE_EVENT,000100000000000000000000000000000010010001010000110000100000,0.22532589283060833,2294.3375364157137
1512312667262,INFO,AGENT_EVENT,000100000001000000000000000000000010010001010000110000100000,0.20946161853005127,3117.2480228328777
1512312669367,INFO,AGENT_EVENT,000100000000000000000000000000000010010001010000100000100000,0.22150263658060831,2223.04383061081
1512312672234,INFO,AGENT_EVENT,000100000000000000000000000000000010010011010000110000100000,0.2248142713059141,2983.367809080418
1512312674897,INFO,AGENT_EVENT,000100000000000000000000000000000010010001011000110000100000,0.20172496499971698,3808.5639301451192
1512312680442,INFO,EXPLORE_EVENT,000100000000000000001000000000000010010001010000110000100000,0.2263660502431083,2972.3578276104136
1512312680602,INFO,AGENT_EVENT,000100000000000000101000000000000010010001010000110000100000,0.2263660502431083,3150.635673922082
1512312688800,INFO,EXPLORE_EVENT,000100000000000000000000000000000010010001010000110000100000,0.22532589283060833,2294.3375364157137
1512312689408,INFO,EXPLORE_EVENT,000100001000000000000000000000000010010001010000110000100000,0.22026980094041776,3357.321605953623
1512312689885,INFO,AGENT_EVENT,000100001000000000000000000000000011010001010000110000100000,0.22483322369197262,4674.31687558623
1512312697779,INFO,EXPLORE_EVENT,000100000000000000001000000000000010010001010000110000100000,0.2263660502431083,2972.3578276104136
1512312697791,INFO,EXPLORE_EVENT,000100000000000000000000000000000010010001010000110000100000,0.22532589283060833,2294.3375364157137
1512312698143,INFO,AGENT_EVENT,000100000000000000000000000000000010010001010100110000100000,0.16125172265164928,3385.6555272770884
1512312700891,INFO,AGENT_EVENT,000100000000000000000000000000000010010001010000110010100000,0.22687834153060832,2491.939294828572
1512312703489,INFO,AGENT_EVENT,000100000000000000000000000000001010010001010000110000100000,0.22562524584475396,3829.2079696009905
1512312706064,INFO,AGENT_EVENT,000100000000000000100000000000000010010001010000110000100000,0.22532589283060833,2552.8429089117953
1512312708603,INFO,AGENT_EVENT,000100000000000000000000000010000010010001010000110000100000,0.22532589283060833,2422.179565931778
1512312714684,INFO,EXPLORE_EVENT,000110000000000000000000000000000010010001010000110000100000,0.22282269824828307,2567.567572291619
1512312715132,INFO,AGENT_EVENT,000110000000000001000000000000000010010001010000110000100000,0.22491412324828308,2902.503330571014
1512312723691,INFO,EXPLORE_EVENT,000100000000000000000000000000000010010001010000110000100000,0.22532589283060833,2294.3375364157137
1512312723866,INFO,EXPLORE_EVENT,000100000000000010000000000000000010010001010000110000100000,0.22532589283060833,2544.620814590626
1512312724023,INFO,AGENT_EVENT,000100000000000010000000000000000010010001010000100000100000,0.22150263658060831,2473.327108785723
1512312733217,INFO,EXPLORE_EVENT,000100000000000000000000000000000010010001010000110000100000,0.22532589283060833,2294.3375364157137
1512312734401,INFO,EXPLORE_EVENT,000100000000000000000000000000000010010001010000110000000000,0.19962939033060828,2128.580909946959
1512312735115,INFO,EXPLORE_EVENT,000100000000000000000000000000000010010001010000110000100000,0.22532589283060833,2294.3375364157137
1512312736706,INFO,EXPLORE_EVENT,000100000000000000000000000000000010010001010000110010100000,0.22687834153060832,2491.939294828572
1512312737728,INFO,AGENT_EVENT,000100000000000000000000010000000010010001010000110010100000,0.22687834153060832,2565.5010439854627
1512312740459,INFO,AGENT_EVENT,000100000000000000000000000000000010010001010000010010100000,0.19322859144310833,2131.3476354652908
1512312743601,INFO,AGENT_EVENT,000101000000000000000000000000000010010001010000110010100000,0.22386541459486053,2935.006918077116
1512312746783,INFO,AGENT_EVENT,000110000000000000000000000000000010010001010000110010100000,0.23151673695669842,2765.169330704478
1512312749782,INFO,AGENT_EVENT,000100000000100000000000000000000010010001010000110010100000,0.2274061826056083,2919.677315707909
1512312752703,INFO,AGENT_EVENT,000100000000000000001000000000000010010001010000110010100000,0.2279184989431083,3169.959586023272
1512312758443,INFO,AGENT_EVENT,000100000000001000000000000000000000010001010000110010100000,0.21392081153060832,2560.744216151809
1512312758674,INFO,EXPLORE_EVENT,000100000000001000000000000000000010010001010000110010100000,0.22687834153060832,3158.809671073628
1512312761759,INFO,AGENT_EVENT,000100000000001000000000000000000010010001010000110010100001,0.20459880684245785,4716.6689091041335
1512312764125,INFO,AGENT_EVENT,000100000000001000000000000000000010000001010000110010100000,0.2052920259056083,3095.7220128909757
1512312767254,INFO,AGENT_EVENT,000100000000001000000000000000000010010001110000110010100000,0.20064570030413542,3923.421979203141
1512312776893,INFO,EXPLORE_EVENT,000100000000000000000000001000000010010001010000110010100000,0.2232553079913203,3441.3486854524726
1512312777002,INFO,EXPLORE_EVENT,000100000000000000000000000000000010010001010000110010100000,0.22687834153060832,2491.939294828572
1512312777153,INFO,EXPLORE_EVENT,000100000000000000000000001000000010010001010000110010100000,0.2232553079913203,3441.3486854524726
1512312777616,INFO,AGENT_EVENT,000110000000000000000000001000000010010001010000110010100000,0.2278937034174104,3714.5787213283784
1512312786851,INFO,EXPLORE_EVENT,000100000000000000000000000000000010010001010000110010100000,0.22687834153060832,2491.939294828572
1512312787816,INFO,EXPLORE_EVENT,000100000000000000000000000000000010011001010000110010100000,0.19078130885723776,3426.344628702428
1512312787924,INFO,AGENT_EVENT,000100000000000100000000000000000010011001010000110010100000,0.19078130885723776,3874.020046911981
1512312797615,INFO,EXPLORE_EVENT,000100000000000000000000000000000010010001010000110010100000,0.22687834153060832,2491.939294828572
1512312798897,INFO,EXPLORE_EVENT,000100000000000000000000000000000010010001010000111010100000,0.20003791597704523,3680.100555405355
1512312799231,INFO,AGENT_EVENT,000100000000001000000000000000000010010001010000111010100000,0.20003791597704523,4346.97093165041
1512312802534,INFO,AGENT_EVENT,000100000000000000000000000000000010010001010000111010000000,0.19163361473746188,3369.8962452040796
1512312808559,INFO,AGENT_EVENT,000100000000000000000000000000000010010001000000110010100000,0.21078872917734065,2337.2954307003074
1512312808745,INFO,EXPLORE_EVENT,000100000000000000000000000000000010010001010000110010100000,0.22687834153060832,2491.939294828572
1512312811145,INFO,AGENT_EVENT,000100000000000000000000000000000010010000010000110010100000,0.17556620267238865,2225.278564604847
1512312813688,INFO,AGENT_EVENT,000100000000000000000000000000000010010001010000010010100000,0.19322859144310833,2131.3476354652908
1512312819328,INFO,EXPLORE_EVENT,000100000000000000000100000000000010010001010000110010100000,0.22687834153060832,3352.7053015071533
1512312819521,INFO,AGENT_EVENT,000100000000000000000100010000000010010001010000110010100000,0.22687834153060832,3426.2670506640434
1512312821411,INFO,CLICK_EVENT,000110000000000000000000000000000010010001010000110010100000,0.23151673695669842,2765.169330704478
1512312826321,INFO,EXPLORE_EVENT,000100000000000000000100000000000010010001010000010010100000,0.19322859144310833,2992.1136421438714
1512312833425,INFO,EXPLORE_EVENT,000100000000000000000100000000000010010001010000110010100000,0.22687834153060832,3352.7053015071533
1512312834282,INFO,EXPLORE_EVENT,000110000000000000000100000000000010010001010000110000100000,0.22282269824828307,3428.3335789701996
1512312835972,INFO,EXPLORE_EVENT,000110000000000000000100000000000010010001010000110010100000,0.23151673695669842,3625.935337383059
1512312836127,INFO,CLICK_EVENT,000000000000000000000000000000000000000000000000000000000000,0,0
1512312837549,INFO,CLICK_EVENT,000110000000000000000000000000000010010001010000110010100000,0.23151673695669842,2765.169330704478
1512312839366,INFO,EXPLORE_EVENT,000110000000000000000000000000000010010001010000110010100000,0.23151673695669842,2765.169330704478
1512312841080,INFO,EXPLORE_EVENT,000110000000000000000000000000000010010001010000010010100000,0.1978669868691984,2404.577671341196
1512312841973,INFO,EXPLORE_EVENT,000110000000000000000000000000000010010001010000110010100000,0.23151673695669842,2765.169330704478
1512312842258,INFO,AGENT_EVENT,000110000000000000000000000000000010010001010000110010000000,0.20582023445669842,2600.700439350942
1512312845169,INFO,CLICK_EVENT,000000000000000000000000000000000000000000000000000000000000,0,0
1512312846800,INFO,AGENT_EVENT,000110000000000000000000000000000010010101010000110010100000,0.1729493489339954,3497.9159200999156
1512312850339,INFO,AGENT_EVENT,000110000000000000000000000000000010010001010000110010110000,0.21983310547924262,3791.800740392324
1512312853970,INFO,AGENT_EVENT,001110000000000000000000000000000010010001010000110010100000,0.220556378722917,3270.330873551952
1512312857350,INFO,AGENT_EVENT,000110000000000000000000100000000010010001010000110010100000,0.23204457803169842,3066.238858057771
1512312861123,INFO,AGENT_EVENT,000110000000000000000000000000000010010001010000111010100000,0.2028750164771152,3953.3305912812602
1512312864979,INFO,AGENT_EVENT,000110000000000000000000000000000010010001010000110010100010,0.21984302124893823,4455.4802945241045
1512312869516,INFO,AGENT_EVENT,000110000000000000000000000000000010010001010000110110100000,0.19902012541314018,3718.6425461068675
1512312878551,INFO,EXPLORE_EVENT,000110000000000000000000000000000010010000010000110010100000,0.17998032140708767,2498.5086004807526
1512312879717,INFO,EXPLORE_EVENT,000110000000000001000000000000000010010000010000110010100000,0.23101307445669841,2862.4678799078106
1512312881873,INFO,EXPLORE_EVENT,000110000000000001000000000000000010000000000000110010100000,0.19266766381756187,2544.8994140827235
1512312882330,INFO,EXPLORE_EVENT,000110000000000001000000000000000010010000000000110010100000,0.21425397944256186,2709.195399487218
1512312886216,INFO,EXPLORE_EVENT,000110000000000000000000000000000010000000000000110010100000,0.14163491076795115,2180.940134655665
1512312888264,INFO,EXPLORE_EVENT,000110000000000000000000000000000010000001000000110010100000,0.19266766381756187,2552.206167122843
1512312892144,INFO,EXPLORE_EVENT,000110000000000000000000000000000010010001000000100010100000,0.20859638569256186,2542.429393068158
1512312892911,INFO,EXPLORE_EVENT,000110000000000000000000000000000010000001000000110010100000,0.19266766381756187,2552.206167122843
1512312893391,INFO,EXPLORE_EVENT,000110000000000000000000000000000010010001000000100010100000,0.20859638569256186,2542.429393068158
1512312895352,INFO,EXPLORE_EVENT,000110000000000000000000000000000010010001000000110010100000,0.21475764194256186,2610.5254665762122
1512312897574,INFO,EXPLORE_EVENT,000110000000000000000000000000000010010001010000110010100000,0.23151673695669842,2765.169330704478
1512312898134,INFO,AGENT_EVENT,000110100000000000000000000000000010010001010000110010100000,0.22664255473688621,3078.139594187506
1512312902708,INFO,AGENT_EVENT,000110000000000000000000000000000010010001010000110110100000,0.19902012541314018,3718.6425461068675
1512312906643,INFO,AGENT_EVENT,000110000001000000000000000000000010010001010000110010100000,0.21834377164082078,3620.737371625224
1512312909528,INFO,AGENT_EVENT,000110000000000000000000000000000010010001010000100010100000,0.22769348070669843,2697.073257196423
1512312912627,INFO,AGENT_EVENT,000110000000001000000000000000000010010001010000110010100000,0.23151673695669842,3432.039706949534
1512312916471,INFO,AGENT_EVENT,000110000000000000000000000000000010010001010000111010100000,0.2028750164771152,3953.3305912812602
1512312921919,INFO,CLEAR_SCREEN,000110000000000000000000000000000010010001000000010010100000,N/A,N/A
1512312952819,INFO,EXPLORE_EVENT,000000000000000000000000000000000000000000000000010000000000,0.010874309375,167.30294182536957
1512312954665,INFO,EXPLORE_EVENT,000000000000000000000000000000000000000000000000110000000000,0.0438589819625,497.8778956107376
1512312957068,INFO,EXPLORE_EVENT,000000000000000000000000000000000000000001000000110000000000,0.10143711008750002,869.1439280779152
1512312968574,INFO,EXPLORE_EVENT,000100000000000000000000000000000000010001010000110000100000,0.21335248965560832,1696.2720814938948
1512312984360,INFO,CLICK_EVENT,000100000000000000000000000000000000010001010000110000100000,0.21335248965560832,1696.2720814938948
1512312991051,INFO,EXPLORE_EVENT,000100000000000000000000000000000000010001010000110000100000,0.21335248965560832,1696.2720814938948
1512312997372,INFO,CLEAR_SCREEN,000100000000000000000000000000000000010001010000110000100000,N/A,N/A
1512313323480,INFO,TREATMENT_2,000000000000000000000000000000000000000000000000000000000000,N/A,N/A
1512313398241,INFO,AGENT_EVENT,000000100000010000000010000000000000001000000010000000010000,0.08991066999999997,1836.837800632968
1512313399321,INFO,AGENT_EVENT,001000000000000001000001100100000000000000000000000000000010,0.06558276014494335,3556.1954507875607
1512313400364,INFO,AGENT_EVENT,000000000000000000000001001000000000110001000000001000000000,0.07649710907386276,3218.259825216871
1512313401430,INFO,AGENT_EVENT,000000000000010000000000001000000000100000000000000001001000,0.06211152763765293,2646.9485554533744
1512313402273,INFO,AGENT_EVENT,000000000000000000000010000000000000000000000000000000000001,0.05871477187499996,624.98627931544
1512313403479,INFO,AGENT_EVENT,000000000000000000000100000000010000001001000010000000010000,0.09582132513880515,3015.552174790468
1512313404531,INFO,AGENT_EVENT,000000000100000000000000000001000000000000000000101000000000,0.10035168521362758,2276.074347240143
1512313406073,INFO,AGENT_EVENT,100000000000000000010001000000000101100000001000011000001000,0.12013138340070939,4467.955637319836
1512313407284,INFO,AGENT_EVENT,000000001000000001000000000000010010001000000010000000010000,0.07155395727381109,2954.3378941364767
1512313408294,INFO,AGENT_EVENT,000000010000000000000001000001001000000000000000000000000000,0.08106785546912143,2028.4541696028282
1512313409169,INFO,AGENT_EVENT,000000000000010000000000000000000010001000000001000000000000,0.08429319187500006,1464.7755950032279
1512313411349,INFO,CLICK_EVENT,000000100000010000000010000000000000001000000010000000010000,0.08991066999999997,1836.837800632968
1512313411531,INFO,AGENT_EVENT,001110100100000000000000000000000011001000000000100010000000,0.11538627065250362,6313.28706419818
1512313412603,INFO,AGENT_EVENT,000000010000000000000001000000100000000000000010100000000000,0.10050642133749998,1423.1768090769117
1512313413895,INFO,AGENT_EVENT,001000100000100000101100000000000000000000000000000000000000,0.07363809705141233,2889.626802066602
1512313415181,INFO,AGENT_EVENT,100000000000000000001100000010000000100000000100000000000001,0.09746119754925475,2899.577915763245
1512313416318,INFO,AGENT_EVENT,010000000001010000000000000000000000010000001001000000000000,0.09603827635000006,2145.912148884763
1512313417303,INFO,AGENT_EVENT,000000000000010000000000000000000000000001010000000000000010,0.07783404363863555,1605.8981913918306
1512313422096,INFO,AGENT_EVENT,001110100100000000000100001000000011001000000000100010000000,0.1554902430430426,7374.083959899987
1512313423551,INFO,AGENT_EVENT,000000010000000000000001000000100000000010000010000000010000,0.1251526677375,1851.183354937691
1512313425244,INFO,AGENT_EVENT,000000000000000000000101000000010010011000100100010000010000,0.12181396619731721,3879.667070269601
1512313425909,INFO,CLICK_EVENT,001110100100000000000100001000000011001000000000100010000000,0.1554902430430426,7374.083959899986
1512313426322,INFO,AGENT_EVENT,000000000000000000000000000000010000000010100100010000010000,0.07289358328670781,2401.6515841293685
1512313427530,INFO,AGENT_EVENT,010000000001010000000000000000000000010000011001000000000000,0.09603827635000006,2272.2109680515596
1512313428578,INFO,AGENT_EVENT,000000000000000000000010000000000000100000010000000000000010,0.04876389562500005,774.7364652782626
1512313432735,INFO,AGENT_EVENT,001110100100001000000100001000000011001000000000100000000010,0.14543111169866796,7523.221701476726
1512313434673,INFO,AGENT_EVENT,001110100100000000000000000000000011001000000000100100000000,0.0856393981310909,6107.168757955309
1512313435709,INFO,AGENT_EVENT,001000000000000000000010000010000000100000000100000000000001,0.06300680130000003,2651.947665479149
1512313436638,INFO,AGENT_EVENT,000000000000000000000001000000001000000000000000000000000001,0.05915062812500005,1374.69661437041
1512313437873,INFO,AGENT_EVENT,000000100000010000000010000000000000100000010000000010000010,0.11983379888750001,1912.889871419913
1512313439398,INFO,AGENT_EVENT,000000000000000000000101010000010010011000100100010000010000,0.12181396619731721,4070.039005148102
1512313441569,INFO,AGENT_EVENT,000100001010001000000011010001000011000000000000100010001000,0.1481065867756428,6738.1807051617525
1512313443082,INFO,AGENT_EVENT,001011010000010000000000001000010000000000000000000000000100,0.09541175673046376,4694.502127216269
1512313444375,INFO,AGENT_EVENT,100000000000000000010001000000000101100000000010000000100000,0.10653557133750002,2378.705956906504
1512313445724,INFO,AGENT_EVENT,000000010010000000000001000001001000000000000010100000000000,0.09609827484412148,2643.432182564731
1512313447656,INFO,AGENT_EVENT,001000100001000000000101000000011010001000100100010000010000,0.1902801964323606,5678.803477147165
1512313450454,INFO,CLICK_EVENT,000000000000000000000000000000000000000000000000000000000000,0,0
1512313452774,INFO,CLICK_EVENT,000000010000000000000001000000100000000010000010000000010000,0.1251526677375,1851.183354937691
1512313464567,INFO,CLICK_EVENT,000000000000000000000000000000000000000000000000000000000000,0,0
1512313465936,INFO,CLICK_EVENT,001110100100000000000100001000000011001000000000100010000000,0.1554902430430426,7374.083959899986
1512313471183,INFO,CLICK_EVENT,001000100001000000000101000000011010001000100100010000010000,0.1902801964323606,5678.803477147165
1512313500144,INFO,CLICK_EVENT,000000010000000000000001000000100000000010000010000000010000,0.1251526677375,1851.183354937691
1512313510618,INFO,CLICK_EVENT,000100001010001000000011010001000011000000000000100010001000,0.1481065867756428,6738.1807051617525
1512313525250,INFO,CLICK_EVENT,001000100001000000000101000000011010001000100100010000010000,0.1902801964323606,5678.803477147165
1512313527727,INFO,AGENT_EVENT,011110100100001000000000100000010001001000100000000010000000,0.1235889229811653,6978.506755024991
1512313529150,INFO,AGENT_EVENT,000000010000000000010001000000000000000000000000000000000001,0.07583061070224995,939.4980966411391
1512313530324,INFO,AGENT_EVENT,000000000001010100000000000000000000010000001001000000000000,0.0707776235832136,2888.751952044422
1512313531752,INFO,AGENT_EVENT,000000000000000000000000000000000101100000001000011000011000,0.0672767277396571,3884.097225596964
1512313532890,INFO,AGENT_EVENT,001000100000000000000001000000001000000000000100000000000001,0.09458201562500002,2857.13244127005
1512313534040,INFO,AGENT_EVENT,000000010000000010000001000000000000000000000010100000000000,0.081478548175,1538.2341378122878
1512313535640,INFO,AGENT_EVENT,000000010000000000001001000000100000000010000010000000010000,0.1062009832498163,2637.977641668899
1512313537165,INFO,AGENT_EVENT,000000100000010000000010000000000000100000010000000011000010,0.13457993836423232,3300.5255777214384
1512313538759,INFO,AGENT_EVENT,000100100000010000000010000000000000100000010000000011000010,0.11387946056342546,4359.672854251273
1512313540027,INFO,AGENT_EVENT,000000000000010000000000000000000000000001010000000001000010,0.07203007672236539,2617.8878887231026
1512313540984,INFO,AGENT_EVENT,000000100000000000000010000000000010000000000000000000000000,0.032568842587500035,935.5598851571059
1512313543204,INFO,AGENT_EVENT,001011010000010000000000001000010001001001010000100000000010,0.15230963670807207,6838.330695168543
1512313544460,INFO,AGENT_EVENT,000000000000000000000001001000000001000000000010000100010000,0.0731684427500161,2442.1162840072507
1512313545700,INFO,AGENT_EVENT,000000100000010000000010000000000000000001000000000000000001,0.13263347955746985,2266.442433438569
1512313546856,INFO,AGENT_EVENT,001000100000000000000000000000000000000001010000000000000010,0.08173937107380425,2379.6559617642215
1512313548226,INFO,AGENT_EVENT,000000000100000000010001000000000101100000000010000000000000,0.11323538064840133,2155.173318419671
1512313549642,INFO,AGENT_EVENT,000000101000010000000010000000000000001000000010000000010000,0.09279075881582832,2691.69672010083
1512313551105,INFO,AGENT_EVENT,010000000001010000000000000000000000010100001001000000000001,0.10437923260000004,3071.791543943575
1512313552453,INFO,AGENT_EVENT,000000000010000000000010000000000001100000001000010000100000,0.12516444777187496,2361.283615322376
1512313554539,INFO,CLICK_EVENT,000000100000010000000010000000000000000001000000000000000001,0.13263347955746985,2266.442433438569
1512313555132,INFO,AGENT_EVENT,001011010000010000000000001001010001001001010000010000100000,0.10767002989472885,8718.998129329811
1512313556226,INFO,AGENT_EVENT,000000100000000000010001000000000000000000000010100000000000,0.11141633383750005,1324.0541542587782
1512313557691,INFO,AGENT_EVENT,000000100000010000000110000000000000001000000010000000010000,0.10536413137677536,2446.8985408949757
1512313559118,INFO,AGENT_EVENT,000000000000001000000010000000011010001000100100010000010000,0.07163228814652756,4368.317774905589
1512313561343,INFO,AGENT_EVENT,001110100100000000000100000001000101100000000010000000000000,0.07954890904745338,6464.813844492807
1512313562613,INFO,AGENT_EVENT,000000100000010000000010000100000000000001000000000000000001,0.13263347955746985,3127.208440117149
1512313563527,INFO,AGENT_EVENT,000000100000000000000000000000000000000000000000000001000000,0.05976520140535613,1449.7716696358002
1512313564758,INFO,AGENT_EVENT,000000010100000000000001000000000000000000000010100000000000,0.11864110281237583,1395.8040945691487
1512313565745,INFO,AGENT_EVENT,000000000000000100000010000000000010000000000000000000000000,0.002146583926261547,1413.424380386401
1512313567356,INFO,CLICK_EVENT,001000100001000000000101000000011010001000100100010000010000,0.1902801964323606,5678.803477147165
1512313568035,INFO,AGENT_EVENT,000100100001000000000101000000011010001000100101010000010000,0.1317199116928477,6674.750537700532
1512313570464,INFO,AGENT_EVENT,100100001010001000000011010001000011000000000000100010001000,0.14795120574892318,7045.353551281293
1512313571836,INFO,AGENT_EVENT,000000000100000000010001100000000101100000000010000000000000,0.11323538064840133,2462.0416644813113
1512313573802,INFO,AGENT_EVENT,000100100001000000000101000000010010101000100100010000010000,0.1315942788152421,5788.113226973089
1512313574584,INFO,AGENT_EVENT,000100000000000000000000000000000010100000000000000000000000,0.003685949525120469,1366.9324445546758
1512313575802,INFO,AGENT_EVENT,000000010000000000000001000000000000000000000010100000000100,0.10549325736177262,1464.0944671078555
1512313577068,INFO,AGENT_EVENT,000000000010010000000000000000000010001000000001000000000000,0.08486151374999995,1718.4958418514902
1512313577892,INFO,CLICK_EVENT,001011010000010000000000001001010001001001010000010000100000,0.10767002989472885,8718.998129329811
1512313578272,INFO,AGENT_EVENT,000000000000000000000010000000000000100000010000000000100010,0.06978984446250003,1098.882350679798
1512313580395,INFO,AGENT_EVENT,010000010001000000000101000000011010001000100100010000010000,0.17019346736821594,4966.396972363665
1512313582511,INFO,AGENT_EVENT,010000010001000000000101000000010010001000100100010000010000,0.17019346736821594,4213.807658227627
1512313584978,INFO,AGENT_EVENT,001011010000010000000000001000010001001001010000000000010001,0.16042412566425668,6877.698176845043
1512313586047,INFO,AGENT_EVENT,000000010000000000000000000000000000000000000010100000000100,0.05556050828165271,1098.1590291861348
1512313587341,INFO,AGENT_EVENT,100000000000010000000000000000000000001000100100010000010000,0.08255534228585537,2887.360695827951
1512313589082,INFO,AGENT_EVENT,010000010001000000000101000001000100000000000000000000100000,0.16081639712743367,3213.9855894596617
1512313590344,INFO,AGENT_EVENT,000000100000000000000001000000000000000000000010100100000100,0.1044115691111841,2311.0096101352533
1512313591110,INFO,CLICK_EVENT,001110100100000000000100000001000101100000000010000000000000,0.07954890904745338,6464.813844492807
1512313591822,INFO,AGENT_EVENT,000000000000010000000001000000000101100000001000011000100000,0.11508020562499999,3525.190478490194
1512313594248,INFO,AGENT_EVENT,010000010011000000000101000000011010001000100100010000010000,0.1640866736408474,5773.5498202444005
1512313595454,INFO,AGENT_EVENT,000000000000000000000010000000100000100000010000010000010000,0.08181621143750006,1308.5743009721568
1512313596891,INFO,AGENT_EVENT,010000000000000000000010000000010010001000100100010000010000,0.07233483603585533,3197.985073570947
1512313598104,INFO,AGENT_EVENT,000000000010000000000010000000000010000000000000000000000001,0.07591210883437505,1128.989804338615
1512313599460,INFO,AGENT_EVENT,000000010000000000000001000000000001000000000010100000000100,0.1070657573617726,1828.0537465349137
1512313600979,INFO,AGENT_EVENT,000100100001001000000101000000000000000000000000000000100000,0.08492213322882258,4356.820827749454
1512313603169,INFO,AGENT_EVENT,010000010001001000000000001000010001001001010000000000000010,0.14546912575325488,4575.247232522754
1512313603422,INFO,CLICK_EVENT,010000010001000000000101000001000100000000000000000000100000,0.16081639712743367,3213.985589459662
1512313604621,INFO,CLICK_EVENT,010000010001000000000101000000010010001000100100010000010000,0.17019346736821594,4213.807658227627
1512313604842,INFO,AGENT_EVENT,000000000010000100000010000000001010001000100100010000010000,0.08233687817774626,4723.126056020608
1512313606640,INFO,AGENT_EVENT,000000010000000000000101000000011000001000100100010000010000,0.12809630458879406,4242.203142626344
1512313607925,INFO,AGENT_EVENT,000000010000000000000001000000100000000010001010000000000010,0.11574673351275644,2902.5430917228555
1512313609740,INFO,AGENT_EVENT,010000010011000000000101000000101000000000000010100000000000,0.1498644782810088,4083.1594354133117
1512313611391,INFO,AGENT_EVENT,100000000000000000010001000000000101100000001000010000100001,0.1360752032625,3330.539559289596
1512313612779,INFO,AGENT_EVENT,001000010000000000000101000000101000000000000010100000000000,0.10495479968612254,3407.5587680234376
1512313614079,INFO,AGENT_EVENT,000000010000000000010010000000001000000000000000000000000001,0.07437216695225002,1525.5303502810498
1512313615412,INFO,AGENT_EVENT,000000010000000000000010000000000000100000010010000000000010,0.059638205000000055,1052.345358962681
1512313617027,INFO,AGENT_EVENT,010000010001000000000010000001000010000000000000000000000001,0.1272961924774021,2524.763954933946
1512313618656,INFO,AGENT_EVENT,100000010000000000000001000000001000000000000000010000010000,0.1420840188,1682.9912136345629
1512313620206,INFO,AGENT_EVENT,100000010000000000000001000000001000000000100100010100010000,0.11657517091653824,3569.913211425895
1512313621345,INFO,AGENT_EVENT,000000000000000000000001000000100001000000000010100000000000,0.09566126196250002,1529.8973717925505
1512313622602,INFO,AGENT_EVENT,000000010000000000000001000000000000000001000010000000000001,0.0940430148914404,2098.1726938873294
1512313624554,INFO,AGENT_EVENT,000000010001000000000101000000010000001000100100010000010000,0.1692093405432159,3877.2708835828184
1512313625452,INFO,AGENT_EVENT,011000000000010000000000000000000000000000000000000000000000,0.030207552599999965,1143.3061122169888
1512313627525,INFO,AGENT_EVENT,011000010001000000000101000000010010000000010000000011000010,0.14262633799286384,5707.817410074668
1512313628908,INFO,AGENT_EVENT,100000010100000000000001000000100000000000000010100000000000,0.14367548169502875,2131.7913134675537
1512313630353,INFO,AGENT_EVENT,000000010000000000000001100000100000000010000010000000100010,0.12141422504687505,2344.6917787243265
1512313631192,INFO,AGENT_EVENT,000000000000010000000000000000000000000000000000101000000000,0.04892570124999995,1094.0431025769967
1512313632888,INFO,AGENT_EVENT,100000010100000000000001100000000101100000001000010000100000,0.15547515578804383,3954.233022464323
1512313634088,INFO,AGENT_EVENT,100000100000000000010001000000000000000000000010100000000000,0.1257556863375,1484.8386103994362
1512313636372,INFO,AGENT_EVENT,010000010011000000000111000000011010001000100010100000000000,0.1656100546343846,5089.734276276941
1512313637702,INFO,AGENT_EVENT,000000010000000000000010000001100100000000000000000000100000,0.04935525163806187,2680.9786525614727
1512313639125,INFO,AGENT_EVENT,100000010000000000000001000000001000000000000000011000010000,0.14284867005000002,2257.69356914614
1512313640166,INFO,AGENT_EVENT,000000010000000000000001000000000010000000000010100000000000,0.07948047250000001,1245.722066372488
1512313642877,INFO,AGENT_EVENT,000000010100000000000101000000011010001000100100010001010000,0.11083517346162264,6020.161916836104
1512313644449,INFO,AGENT_EVENT,000000010001000000000001000000001000000000100100010000010000,0.1406975937606909,2793.165004021316
1512313645709,INFO,AGENT_EVENT,011000100001000000000001000000001000000000000000100000000000,0.12302953939717554,3996.2032086731247
1512313647435,INFO,AGENT_EVENT,010000010001000000000010000000100000000000010000010000010000,0.1500202463375,1781.0634149243865
1512313649128,INFO,CLICK_EVENT,000000000000000000000000000000000000000000000000000000000000,0,0
1512313649764,INFO,AGENT_EVENT,001000100001000000000101000001010000000000000010100000000100,0.16297918126674982,4303.803323373243
1512313650887,INFO,AGENT_EVENT,000000000010000000000001000000000000000000000010100010000000,0.08519234242420526,2207.8219708447523
1512313650905,INFO,CLICK_EVENT,010000010001000000000010000000100000000000010000010000010000,0.1500202463375,1781.0634149243865
1512313652267,INFO,AGENT_EVENT,000000000000110000000010000000100000000000010000010000010000,0.10320520795675314,2012.1059510032496
1512313654838,INFO,AGENT_EVENT,010000010011000000000111000000011010001001100010100000000000,0.1585542540847653,6809.638825143718
1512313656082,INFO,AGENT_EVENT,000000000000000000000010000000000000101000110100010000010000,0.06911449595876207,2986.233269213976
1512313656993,INFO,AGENT_EVENT,000000000000000000100010000000000010000000000000000000000000,0.022162592587499974,859.1049432786838
1512313658397,INFO,AGENT_EVENT,100000100000000000010101000000000000000000000010100000000000,0.12382504236262992,2099.464154648178
1512313660688,INFO,AGENT_EVENT,010000010011000000000101000000011010001000100100000000010000,0.15807121799596435,5620.277339823808
1512313661922,INFO,AGENT_EVENT,100000010000000000000000000000001000000000000000010000010000,0.08793995317500003,1317.0557757128422
1512313662640,INFO,CLICK_EVENT,010000010001000000000101000000010010001000100100010000010000,0.17019346736821594,4213.807658227627
1512313663912,INFO,AGENT_EVENT,001000100001000000000101000000100000100000110000010000010000,0.1902801964323606,3584.092698747765
1512313665514,INFO,AGENT_EVENT,001000100001000100000101000000100000000000000010100000000000,0.1288930168827419,3836.819014777985
1512313666439,INFO,AGENT_EVENT,000000000010000000000000000000000010000000000000000000000001,0.05814644999999996,875.2695574903526
1512313667716,INFO,AGENT_EVENT,100000010000000000000000000000001000000100000100010000010000,0.08793995317500003,2353.304908123842
1512313669770,INFO,AGENT_EVENT,001000100001000000000101000010011010001000100100010000010000,0.19421670373236055,6669.258446620061
1512313671297,INFO,AGENT_EVENT,000001000000000000000001000000100001000000000010110000010000,0.18767334104822175,2768.093333281179
1512313673015,INFO,AGENT_EVENT,010000010001000000000001000000000001000000000000000000000001,0.11359539062500001,1689.5338523557805
1512313674713,INFO,CLICK_EVENT,001011010000010000000000001000010001001001010000000000010001,0.16042412566425668,6877.698176845043
1512313674909,INFO,AGENT_EVENT,001000100001000000000101000001011010001000000010100000000000,0.15883419011646527,5150.6883321719815
1512313676149,INFO,AGENT_EVENT,000000010000000000000000000000001000000000000000010000010001,0.12330744380000003,1418.405998588124
1512313677196,INFO,AGENT_EVENT,000000001000000000000010000000000000000000000000000000100000,0.032201957110923884,1335.6485865881214
1512313679620,INFO,AGENT_EVENT,010000010011000000000101000001000100000000000000000000110001,0.18609363355762065,4326.484322146323
1512313680718,INFO,AGENT_EVENT,000000000000010000000000000000000000000000000000100001000010,0.06227613121849884,1754.158279289316
1512313682133,INFO,AGENT_EVENT,000000010000000000000000000000001000001000100101010000010000,0.09230726770598174,3645.8995844404417
1512313683539,INFO,AGENT_EVENT,000000010000000000000001100000000001000000000010100000000100,0.1070657573617726,1988.1738014241407
1512313685876,INFO,AGENT_EVENT,010000010011000000000101000000011010001000100100010000010000,0.1640866736408474,5773.5498202444005
1512313688111,INFO,AGENT_EVENT,001000100001000000001101000000011010001000100100010000010000,0.18366110557711712,6155.695343328362
1512313689103,INFO,AGENT_EVENT,000000100000000000000010000000000010000000000000100000000000,0.04703094008749997,1186.3791943998774
1512313689733,INFO,AGENT_EVENT,000000000000000000000000000000000000000000000010000000000000,0.0,211.37761473882722
1512313691187,INFO,AGENT_EVENT,000000110000000000000001000000001000000000000000011000010000,0.1510774238,2422.9545311141774
1512313693279,INFO,AGENT_EVENT,000000010001000000000101000000111010001000100100010000010000,0.17495231316946525,5361.002211523377
1512313694661,INFO,AGENT_EVENT,000000000000000000000010000000100000100000010000010000010001,0.13989800206250003,1575.2350311958821
1512313695258,INFO,CLICK_EVENT,001000100001000000000101000010011010001000100100010000010000,0.19421670373236055,6669.258446620061
1512313696060,INFO,AGENT_EVENT,000000000000000000000010000000000000000000010000010001010001,0.060006299025483045,2300.3319294823987
1512313697088,INFO,AGENT_EVENT,000000000000000000000001000000000000000000000010100000000001,0.07463531312499994,1060.9547627112538
1512313698336,INFO,AGENT_EVENT,000000010100000000000001000000000100000000000010100000000000,0.11864110281237583,1843.4795127787017
1512313700275,INFO,AGENT_EVENT,001000100011000000000101000000100000100000010000010000010000,0.1908485183073605,3527.8808824926155
1512313701217,INFO,AGENT_EVENT,000000000000010000000000000000000100000000100000000000100000,0.04722001548749999,1542.017314630819
1512313702215,INFO,AGENT_EVENT,100000010000000000000000000000000000000000001010100000000000,0.03903155687500004,1412.7670475154273
1512313703333,INFO,AGENT_EVENT,000000010000000000000000000000000100000000000000000000100100,0.06656400661839512,1628.0714265774996
1512313705292,INFO,AGENT_EVENT,000001000001000000000101000000100000100000110000110000010000,0.1794147703172717,3926.1156572502623
1512313706644,INFO,AGENT_EVENT,000000110100000000000001000000000100000000000010100000000000,0.1316954812954202,2450.313157093716
1512313708082,INFO,AGENT_EVENT,001000000000000000000101000000100000100000010000010000010000,0.13577870797793867,2658.7233175142114
1512313709697,INFO,CLICK_EVENT,001000100011000000000101000000100000100000010000010000010000,0.19084851830736052,3527.8808824926155
1512313709890,INFO,AGENT_EVENT,100000100000000000010001000000000000110000110000010000010000,0.17676527246249996,2724.169851926761
1512313711123,INFO,CLICK_EVENT,001000100001000000000101000000100000100000110000010000010000,0.1902801964323606,3584.092698747765
1512313711244,INFO,AGENT_EVENT,000000110000000000010001000000000000000000000010100000000000,0.11685878451249998,1390.3756897355847
1512313712711,INFO,AGENT_EVENT,000001000000000000000001000000100001000000000010100000000010,0.13810150040759672,2649.3454356864822
1512313713983,INFO,AGENT_EVENT,000000010000000000001001000000100000000000000010000000000000,0.06864511309981636,1959.1517865653486
1512313714091,INFO,CLICK_EVENT,000001000000000000000001000000100001000000000010110000010000,0.18767334104822175,2768.093333281179
1512313715339,INFO,CLICK_EVENT,001000100011000000000101000000100000100000010000010000010000,0.19084851830736052,3527.8808824926155
1512313715907,INFO,AGENT_EVENT,100000100000000100010001000000000000110000110000010000010000,0.13367586962654765,3765.422575074629
1512313716996,INFO,AGENT_EVENT,000000000000000100000001000000001000000000000000010000010000,0.07193957177040267,2334.9916570379055
1512313718690,INFO,AGENT_EVENT,000001000000000000000011000000100001000000000010110000010000,0.18880998479822175,2952.004065800365
1512313719991,INFO,AGENT_EVENT,100000100000000010010001000000000000000000000010100000000000,0.12447139242916294,2828.5058875798877
1512313720770,INFO,AGENT_EVENT,000000000000011000000000000000000000000000000000000000000000,0.026211401249999988,874.6011011567668
1512313722045,INFO,AGENT_EVENT,100000100000000000010001000000000000010000110000000000000000,0.12726765423749997,1619.2146096951458
1512313723528,INFO,AGENT_EVENT,000000010000000000010001000000000010000000000000000000010000,0.08910642879999997,1012.1865600169118
1512313725379,INFO,AGENT_EVENT,000010110000000000010001000000000000000000000010110000010000,0.17423935571249993,2181.7499356989815
1512313726519,INFO,AGENT_EVENT,000000010000000000000001000000000000000000010000101000000000,0.09313157625000001,1522.8683023010847
1512313727846,INFO,AGENT_EVENT,001000100000000000110001000000000000000000000010100000000000,0.11620334499999996,2280.1699399445115
1512313729507,INFO,AGENT_EVENT,001000100011000100010001000000000000000000000000000000000001,0.10997129279919737,3365.9717141016754
1512313730407,INFO,AGENT_EVENT,000000000100010000000000000000000000000000000000000000000000,0.06965917397567767,717.2235917385208
1512313732326,INFO,AGENT_EVENT,100000100000000000010001000000000100000000000001000000110001,0.16155533616249995,2493.1893073258198
1512313733942,INFO,AGENT_EVENT,000000100000000000010001000000000000000000000011110000010000,0.17878071638749993,1789.8809826376769
1512313735335,INFO,AGENT_EVENT,000000010000000010010001000000000000000000000000000000000001,0.07645081150191091,2283.165373821591
1512313737552,INFO,AGENT_EVENT,001000100001000000000101000000011010001000100101010000010000,0.1902801964323606,6080.44461498549
1512313738777,INFO,AGENT_EVENT,000000010000000000000001000000000000000000010000000000100010,0.10593077829687503,1233.1447471963747
1512313739758,INFO,AGENT_EVENT,000000000000000000000010000000000000000000000010100010000000,0.0316165986742053,1841.8865329230316
1512313741058,INFO,AGENT_EVENT,000010000000000000000010000000100000100000010000010000010000,0.08578254076250003,1938.579289341435
1512313742097,INFO,AGENT_EVENT,000000000100000000000000000000000000000000010000000000100010,0.09004401924428507,1148.3112463459881
1512313743543,INFO,AGENT_EVENT,000000010000000010000010000000000000100000010010000000100010,0.08421470326250002,1945.306777205954
1512313745123,INFO,AGENT_EVENT,100000100000000000010001000000000000000000000010100010010000,0.16053805651820896,2717.9965048187955
1512313746383,INFO,AGENT_EVENT,000000010000000000000001000000000010000000000010101000000001,0.09560614471883433,2909.2690035546
1512313747522,INFO,AGENT_EVENT,000000010100010010000000000000000000000000000000000000000000,0.07453856668448411,2051.0703871015253
1512313748790,INFO,AGENT_EVENT,000001000100010000000000000000000000000000000000000000000001,0.10832968405940768,1911.2898933101535
1512313750412,INFO,AGENT_EVENT,000000010000000000010001000000000010010000000000000000010000,0.08910642879999997,1270.857374247272
1512313750485,INFO,CLICK_EVENT,001000100001000000000101000010011010001000100100010000010000,0.19421670373236055,6669.258446620061
1512313752371,INFO,AGENT_EVENT,100000100000000000010011000000000001000000000010110000010000,0.18289956263750007,2264.0733475951247
1512313753839,INFO,AGENT_EVENT,000000010000000000010001000000000000000000000000000001000001,0.09538317673207841,2027.4177291055316
1512313756084,INFO,AGENT_EVENT,110000100001000000000101000010011010001000100100010000010000,0.1894893881792017,7198.090879007949
1512313756948,INFO,AGENT_EVENT,001001000000000000000000000000000000000000000010000000000000,0.03721158656218382,2299.5973257307232
1512313757686,INFO,AGENT_EVENT,000000000000100000000000000000000000000000000010000000000000,0.014462097500000048,470.60164135002253
1512313759444,INFO,AGENT_EVENT,000000100010000000010001000000000000000000000011110000000001,0.14964976540582842,2676.3529146416217
1512313761405,INFO,AGENT_EVENT,001000100001000000000101000000011000001000100100010000010000,0.1902801964323606,5405.051555918957
1512313762919,INFO,AGENT_EVENT,000000000100000000000010100000100000100000010000010000010001,0.17561419198916894,2183.130690879573
1512313763927,INFO,AGENT_EVENT,000000010000010000000000000000000000000000000001000000000000,0.09589726317500002,807.4499988626906
1512313765932,INFO,AGENT_EVENT,000000010001000000000111000000010000001000100000000000000001,0.13512224381371962,3176.18266505978
1512313768176,INFO,AGENT_EVENT,001000100011000000000101000000100000000000000010110001010000,0.17324196940762537,4811.1830927953515
1512313769387,INFO,AGENT_EVENT,001000100000000000000010000100000000100000010000000000000010,0.08419528312500002,2677.9652533894564
1512313770548,INFO,AGENT_EVENT,000000000000000000000010000000000000000000010000010100010000,0.01712906446381013,1610.00920314681
1512313772465,INFO,AGENT_EVENT,000000110000000000010001000000000000000000000010110000010000,0.1732552288875,1619.267104542197
1512313773398,INFO,CLICK_EVENT,000001000000000000000011000000100001000000000010110000010000,0.18880998479822175,2952.004065800365
1512313774007,INFO,AGENT_EVENT,000000010100000000000001000000000000000000000000100000010000,0.16180720871013898,1243.1846822707328
1512313774494,INFO,CLICK_EVENT,000000110000000000010001000000000000000000000010110000010000,0.1732552288875,1619.267104542197
1512313775350,INFO,CLICK_EVENT,000000010100000000000001000000000000000000000000100000010000,0.16180720871013898,1243.1846822707328
1512313776237,INFO,AGENT_EVENT,000000010000000000010011000100000001000000000010110000010000,0.14924981255000003,2815.2586495996447
1512313777477,INFO,AGENT_EVENT,000000000100000000000000000000000000000000010000000001100010,0.07936394668403735,2398.059945645988
1512313782677,INFO,CLICK_EVENT,001110100100001000000100001000000011001000000000100000000010,0.14543111169866796,7523.221701476726
1512313782716,INFO,AGENT_EVENT,000000011000000000000001000000000000000000000001000000110001,0.126469192707783,2223.923362629717
1512313783919,INFO,AGENT_EVENT,000000000100100000000001000000000000000000000010100000000000,0.11473174377340134,1437.793936461187
1512313784697,INFO,AGENT_EVENT,100000000000010000000000000000000000000000000000000000000000,0.0368039,528.0350401958026
1512313786178,INFO,AGENT_EVENT,000000000000000000000010100000000000100000010000010000010001,0.11963670447499997,1406.0023828126273
1512313788085,INFO,AGENT_EVENT,000000100000000000010011000000000001001000000010110000010000,0.18095751755,2687.309116761045
1512313789785,INFO,AGENT_EVENT,000000100000000000010001000000000000000010000011110000010000,0.1886957092760866,3056.146516571914
1512313791148,INFO,AGENT_EVENT,000000000000000000000010000000000000000000010001010000010001,0.121728129475,1267.4701546842584
1512313792922,INFO,AGENT_EVENT,001000100001000000000010100000000000100000010000010000011001,0.16126315202230335,3617.9856738327594
1512313793977,INFO,AGENT_EVENT,100000100000000000000001000000000000000000000010100000000000,0.1143777144625,1420.4731781779078
1512313795902,INFO,AGENT_EVENT,000001000000000000010011000000000001000000000010110100010000,0.1277205724396958,3673.0545092846746
1512313796736,INFO,AGENT_EVENT,100000000000010000000000000000000000100000000000000000000000,0.0368039,778.8956226161359
1512313797717,INFO,AGENT_EVENT,000000000000000000100010000000000010000000000000010000000000,0.0508408426875,1117.7992202515984
1512313799705,INFO,AGENT_EVENT,100000010000000000010101000000000000000000000010110000010000,0.1416500975789543,2068.6316868229014
1512313800699,INFO,AGENT_EVENT,000000000000100000000000000000000000000000000010000000010001,0.10251996757725002,900.1869732705694
1512313802644,INFO,AGENT_EVENT,100000100000000000010011010000000001000000000010110000010000,0.18289956263750007,2434.707948097838
1512313803614,INFO,AGENT_EVENT,100000100000000000010000000000000000000000000100000000000000,0.07110795821250004,1204.8784958543918
1512313805380,INFO,AGENT_EVENT,000000110000000000010001000000000000000000000010110000010000,0.1732552288875,1619.267104542197
1512313806769,INFO,AGENT_EVENT,000000000100000000000010100000100000100000010000010000010000,0.12602863541317766,1916.469960655848
1512313807770,INFO,AGENT_EVENT,000000010000010000000000000000000000000000000000000000000010,0.05665311575937504,647.7202723533188
1512313808672,INFO,AGENT_EVENT,000000000000000000000010000000000010000000000000010000000000,0.03057954510000005,762.6978019960897
1512313809734,INFO,AGENT_EVENT,000000000100010000000000000000000000000000000000000000010000,0.1012787452256777,881.5194741039389
1512313811827,INFO,AGENT_EVENT,000000010000000000010001000000000000000000010011010000010001,0.130576671925,1660.088004162239
1512313812911,INFO,AGENT_EVENT,100000000000010000000000000000000000000000000001000000010000,0.126001599375,1063.7229574612622
1512313814293,INFO,AGENT_EVENT,000000100000000000000001000000000000000000000011110000010000,0.17295074581250003,1725.5155504161487
1512313815993,INFO,CLICK_EVENT,000000010100000000000001000000000000000000000000100000010000,0.16180720871013898,1243.1846822707328
1512313816591,INFO,AGENT_EVENT,100000100000100000010011000000000001000000000010110000010000,0.182895690422179,3050.39573654217
1512313818102,INFO,AGENT_EVENT,001000100001000000000001000000000000000000000000100000010100,0.1583431203521637,2524.2007506483274
1512313819039,INFO,AGENT_EVENT,100000000000010000000000000000001000000000000001000000000000,0.09438202812500007,1566.0129570410966
1512313820972,INFO,AGENT_EVENT,001000100011000000000101000000101000100000010000010000010000,0.1908485183073605,4375.704682599092
1512313822857,INFO,AGENT_EVENT,001001100011000000000101000000000010000000000000000000010000,0.11818273753624531,5010.068345048197
1512313823933,INFO,AGENT_EVENT,100000100000000000010000000000000000000000000000000000000001,0.1286860863375,1130.9132750360227
1512313825514,INFO,AGENT_EVENT,000000000000000000000101000000100000100000110000010010010000,0.135432811712614,3436.3212844545783
1512313826563,INFO,AGENT_EVENT,000000000000000000000010100000000000000000000000010000010000,0.061554913850000004,829.7940851694309
1512313827397,INFO,AGENT_EVENT,000000000000010000000000000000000000000000000000000000000001,0.08302487812500003,639.9710435273994
1512313828540,INFO,AGENT_EVENT,000000000100010000000000000000000000000000000000001000000001,0.12000938180166898,1663.1249740916262
1512313829371,INFO,AGENT_EVENT,000000000000000000000010000000000000000000000000000000000000,0.0011366437499999993,253.72024684826238
1512313829393,INFO,CLICK_EVENT,000000100000000000010001000000000000000000000011110000010000,0.17878071638749993,1789.8809826376769
1512313831194,INFO,AGENT_EVENT,001000100011000000000101000000000000000000000000000000010010,0.19576425177869528,2744.2098695406944
1512313833189,INFO,AGENT_EVENT,000000010000000000010001000000000000000000000001000000110001,0.12337226883749997,1657.5083432852148
1512313834475,INFO,AGENT_EVENT,010000010001000000000010000000100000000000000010000000000000,0.12246952571250003,1510.5842172697935
1512313836162,INFO,AGENT_EVENT,000000000100010000000001000100100001000000000010110000010000,0.1845646159134139,3647.3601142265625
1512313837474,INFO,AGENT_EVENT,100000000000010000000000000000000000000000000000000000010011,0.14483924258437497,1064.4815531685338
1512313837707,INFO,CLEAR_SCREEN,000000000000000000000000000000000000000000000000000000000000,N/A,N/A
1512313874888,INFO,EXPLORE_EVENT,000000000000000000000000000000000000000000000000110000000000,0.05215720135,411.53819191200853
1512313877894,INFO,EXPLORE_EVENT,000000000000000000000001000000000000000000000000110000010000,0.137276635725,845.6461619711042
1512313889079,INFO,EXPLORE_EVENT,000000000100000000000001000000000000000001000000110000010000,0.1944697667394812,2312.086951125018
1512313901452,INFO,EXPLORE_EVENT,000000000100000000000001000000000000000001000000110000110000,0.21026538604351647,3284.4290111593473
1512313904248,INFO,CLICK_EVENT,000000000100000000000001000000000000000001000000110000010000,0.1944697667394812,2312.086951125018
1512314066756,INFO,CLEAR_SCREEN,000000000100000000000001000000000000000001000000110000110000,N/A,N/A
